----FunPlus: Generate Function func_0g6z1t_4------------------------------------------------
------GraphPlus::Generate----------------------------------------------
Randomly generating a graph with 15 nodes
------CfgSketch: Unflattened CFG Sketch----------------------------------------------
Bimpo: type=0, id=0, size=1, start=0
Bimpo: type=0, id=1, size=1, start=1
Bimpo: type=0, id=2, size=1, start=2
Bimpo: type=0, id=3, size=1, start=3
Bimpo: type=0, id=4, size=1, start=4
Bimpo: type=0, id=5, size=1, start=5
Bimpo: type=0, id=6, size=1, start=6
Bimpo: type=0, id=7, size=1, start=7
Bimpo: type=0, id=8, size=1, start=8
Bimpo: type=0, id=9, size=1, start=9
Bimpo: type=0, id=10, size=1, start=10
Bimpo: type=0, id=11, size=1, start=11
Bimpo: type=0, id=12, size=1, start=12
Bimpo: type=0, id=13, size=1, start=13
Bimpo: type=0, id=14, size=1, start=14
------CfgSketch: Flattened CFG Sketch----------------------------------------------
Block: 0 -> [1]
Block: 1 -> [2, 14]
Block: 2 -> [3, 7]
Block: 3 -> [6, 12]
Block: 4 -> [11, 12]
Block: 5 -> [4, 10]
Block: 6 -> [8, 11]
Block: 7 -> [9, 12]
Block: 8 -> [5, 14]
Block: 9 -> [1, 12]
Block: 10 -> [6, 12]
Block: 11 -> [1, 2]
Block: 12 -> [4, 13]
Block: 13 -> [3]
Block: 14 -> []
------FunPlus: Generate Block #0----------------------------------------------
Generate assignment: 7 <- 6, 4
Generate assignment: 0 <- 0, 4
------FunPlus: Generate Block #1----------------------------------------------
Generate assignment: 4 <- 3, 4
Generate assignment: 1 <- 5, 3
Generate conditional: 4, 1, 5
------FunPlus: Generate Block #2----------------------------------------------
Generate assignment: 2 <- 6, 3
Generate assignment: 6 <- 6, 5
Generate conditional: 2, 6, 1
------FunPlus: Generate Block #3----------------------------------------------
Generate assignment: 3 <- 1, 7
Generate assignment: 2 <- 2, 7
Generate conditional: 3, 2, 4
------FunPlus: Generate Block #4----------------------------------------------
Generate assignment: 5 <- 4, 2
Generate assignment: 4 <- 1, 7
Generate conditional: 5, 4, 6
------FunPlus: Generate Block #5----------------------------------------------
Generate assignment: 1 <- 1, 4
Generate assignment: 0 <- 4, 6
Generate conditional: 1, 0, 6
------FunPlus: Generate Block #6----------------------------------------------
Generate assignment: 4 <- 0, 4
Generate assignment: 3 <- 0, 6
Generate conditional: 4, 3, 0
------FunPlus: Generate Block #7----------------------------------------------
Generate assignment: 5 <- 3, 7
Generate assignment: 1 <- 1, 6
Generate conditional: 5, 1, 7
------FunPlus: Generate Block #8----------------------------------------------
Generate assignment: 6 <- 6, 5
Generate assignment: 5 <- 4, 7
Generate conditional: 6, 5, 1
------FunPlus: Generate Block #9----------------------------------------------
Generate assignment: 4 <- 4, 3
Generate assignment: 3 <- 3, 2
Generate conditional: 4, 3, 7
------FunPlus: Generate Block #10----------------------------------------------
Generate assignment: 1 <- 3, 4
Generate assignment: 2 <- 6, 4
Generate conditional: 1, 2, 6
------FunPlus: Generate Block #11----------------------------------------------
Generate assignment: 5 <- 1, 5
Generate assignment: 0 <- 1, 0
Generate conditional: 5, 0, 6
------FunPlus: Generate Block #12----------------------------------------------
Generate assignment: 2 <- 5, 7
Generate assignment: 4 <- 6, 5
Generate conditional: 2, 4, 6
------FunPlus: Generate Block #13----------------------------------------------
Generate assignment: 4 <- 7, 0
Generate assignment: 3 <- 7, 5
------FunPlus: Generate Block #14----------------------------------------------
Generate assignment: 7 <- 5, 1
Generate assignment: 6 <- 4, 1
----SymExec: Solve------------------------------------------------
Execution Path: 0->1->14
------SymExec: Iteration 0----------------------------------------------
Generating or re-generating UB-free constraints
Initial constraints: 
```
(bvsle (bvadd (bvadd (bvadd (bvadd (bvadd (ite (= v0_v0 #b00000000000000000000000000000000) #b00000000000000000000000000000001 #b00000000000000000000000000000000) (ite (= v1_v0 #b00000000000000000000000000000000) #b00000000000000000000000000000001 #b00000000000000000000000000000000)) (ite (= v2_v0 #b00000000000000000000000000000000) #b00000000000000000000000000000001 #b00000000000000000000000000000000)) (ite (= v3_v0 #b00000000000000000000000000000000) #b00000000000000000000000000000001 #b00000000000000000000000000000000)) (ite (= v4_v0 #b00000000000000000000000000000000) #b00000000000000000000000000000001 #b00000000000000000000000000000000)) (ite (= v5_f0_v0 #b00000000000000000000000000000000) #b00000000000000000000000000000001 #b00000000000000000000000000000000)) #b00000000000000000000000000000011)
```
Final constraints: 
```
(bvsle (bvadd (bvadd (bvadd (bvadd (bvadd (ite (= v0_v0 #b00000000000000000000000000000000) #b00000000000000000000000000000001 #b00000000000000000000000000000000) (ite (= v1_v0 #b00000000000000000000000000000000) #b00000000000000000000000000000001 #b00000000000000000000000000000000)) (ite (= v2_v0 #b00000000000000000000000000000000) #b00000000000000000000000000000001 #b00000000000000000000000000000000)) (ite (= v3_v0 #b00000000000000000000000000000000) #b00000000000000000000000000000001 #b00000000000000000000000000000000)) (ite (= v4_v0 #b00000000000000000000000000000000) #b00000000000000000000000000000001 #b00000000000000000000000000000000)) (ite (= v5_f0_v0 #b00000000000000000000000000000000) #b00000000000000000000000000000001 #b00000000000000000000000000000000)) #b00000000000000000000000000000011)
(= v6_v0 init_var6)
(= v7_f0_v0 init_var7_f0)
(bvsle (ite (= init_var7_f0 #b00000000000000000000000000000000) #b00000000000000000000000000000001 #b00000000000000000000000000000000) #b00000000000000000000000000000000)
(not (bvsaddo a0_0_1 v6_v0))
(distinct v4_v0 #b00000000000000000000000000000000)
(not (bvsdivo a0_0_2 v4_v0))
(not (bvsaddo (bvadd a0_0_1 v6_v0) (bvsrem a0_0_2 v4_v0)))
(not (bvsaddo (bvadd (bvadd a0_0_1 v6_v0) (bvsrem a0_0_2 v4_v0)) a0_0))
(bvsle (bvadd (bvadd (ite (= a0_0_1 #b00000000000000000000000000000000) #b00000000000000000000000000000001 #b00000000000000000000000000000000) (ite (= a0_0_2 #b00000000000000000000000000000000) #b00000000000000000000000000000001 #b00000000000000000000000000000000)) (ite (= a0_0 #b00000000000000000000000000000000) #b00000000000000000000000000000001 #b00000000000000000000000000000000)) #b00000000000000000000000000000001)
(= v7_f0_v1 (bvadd (bvadd (bvadd a0_0_1 v6_v0) (bvsrem a0_0_2 v4_v0)) a0_0))
(distinct v0_v0 #b00000000000000000000000000000000)
(not (bvsdivo a0_1_1 v0_v0))
(not (bvsdivo a0_1_2 v4_v0))
(not (bvssubo (bvsrem a0_1_1 v0_v0) (bvsrem a0_1_2 v4_v0)))
(not (bvssubo (bvsub (bvsrem a0_1_1 v0_v0) (bvsrem a0_1_2 v4_v0)) a0_1))
(bvsle (bvadd (bvadd (ite (= a0_1_1 #b00000000000000000000000000000000) #b00000000000000000000000000000001 #b00000000000000000000000000000000) (ite (= a0_1_2 #b00000000000000000000000000000000) #b00000000000000000000000000000001 #b00000000000000000000000000000000)) (ite (= a0_1 #b00000000000000000000000000000000) #b00000000000000000000000000000001 #b00000000000000000000000000000000)) #b00000000000000000000000000000001)
(= v0_v1 (bvsub (bvsub (bvsrem a0_1_1 v0_v0) (bvsrem a0_1_2 v4_v0)) a0_1))
(distinct v3_v0 #b00000000000000000000000000000000)
(not (bvsdivo a1_0_1 v3_v0))
(not (bvsaddo a1_0_2 v4_v0))
(not (bvsaddo (bvsdiv a1_0_1 v3_v0) (bvadd a1_0_2 v4_v0)))
(not (bvsaddo (bvadd (bvsdiv a1_0_1 v3_v0) (bvadd a1_0_2 v4_v0)) a1_0))
(bvsle (bvadd (bvadd (ite (= a1_0_1 #b00000000000000000000000000000000) #b00000000000000000000000000000001 #b00000000000000000000000000000000) (ite (= a1_0_2 #b00000000000000000000000000000000) #b00000000000000000000000000000001 #b00000000000000000000000000000000)) (ite (= a1_0 #b00000000000000000000000000000000) #b00000000000000000000000000000001 #b00000000000000000000000000000000)) #b00000000000000000000000000000001)
(= v4_v1 (bvadd (bvadd (bvsdiv a1_0_1 v3_v0) (bvadd a1_0_2 v4_v0)) a1_0))
(not (bvsaddo a1_1_1 v5_f0_v0))
(not (bvsaddo a1_1_2 v3_v0))
(not (bvsaddo (bvadd a1_1_1 v5_f0_v0) (bvadd a1_1_2 v3_v0)))
(not (bvsaddo (bvadd (bvadd a1_1_1 v5_f0_v0) (bvadd a1_1_2 v3_v0)) a1_1))
(bvsle (bvadd (bvadd (ite (= a1_1_1 #b00000000000000000000000000000000) #b00000000000000000000000000000001 #b00000000000000000000000000000000) (ite (= a1_1_2 #b00000000000000000000000000000000) #b00000000000000000000000000000001 #b00000000000000000000000000000000)) (ite (= a1_1 #b00000000000000000000000000000000) #b00000000000000000000000000000001 #b00000000000000000000000000000000)) #b00000000000000000000000000000001)
(= v1_v1 (bvadd (bvadd (bvadd a1_1_1 v5_f0_v0) (bvadd a1_1_2 v3_v0)) a1_1))
(not (bvsmulo b1_2_1 v4_v1))
(distinct v1_v1 #b00000000000000000000000000000000)
(not (bvsdivo b1_2_2 v1_v1))
(not (bvsaddo (bvmul b1_2_1 v4_v1) (bvsdiv b1_2_2 v1_v1)))
(not (bvsaddo b1_2_3 v5_f0_v0))
(not (bvsaddo (bvadd (bvmul b1_2_1 v4_v1) (bvsdiv b1_2_2 v1_v1)) (bvadd b1_2_3 v5_f0_v0)))
(not (bvsaddo (bvadd (bvadd (bvmul b1_2_1 v4_v1) (bvsdiv b1_2_2 v1_v1)) (bvadd b1_2_3 v5_f0_v0)) b1_2))
(bvsle (bvadd (bvadd (bvadd (ite (= b1_2_1 #b00000000000000000000000000000000) #b00000000000000000000000000000001 #b00000000000000000000000000000000) (ite (= b1_2_2 #b00000000000000000000000000000000) #b00000000000000000000000000000001 #b00000000000000000000000000000000)) (ite (= b1_2_3 #b00000000000000000000000000000000) #b00000000000000000000000000000001 #b00000000000000000000000000000000)) (ite (= b1_2 #b00000000000000000000000000000000) #b00000000000000000000000000000001 #b00000000000000000000000000000000)) #b00000000000000000000000000000010)
(not (bvsgt (bvadd (bvadd (bvadd (bvmul b1_2_1 v4_v1) (bvsdiv b1_2_2 v1_v1)) (bvadd b1_2_3 v5_f0_v0)) b1_2) #b00000000000000000000000000000000))
(distinct v5_f0_v0 #b00000000000000000000000000000000)
(not (bvsdivo a14_0_1 v5_f0_v0))
(not (bvsaddo a14_0_2 v1_v1))
(not (bvsaddo (bvsrem a14_0_1 v5_f0_v0) (bvadd a14_0_2 v1_v1)))
(not (bvsaddo (bvadd (bvsrem a14_0_1 v5_f0_v0) (bvadd a14_0_2 v1_v1)) a14_0))
(bvsle (bvadd (bvadd (ite (= a14_0_1 #b00000000000000000000000000000000) #b00000000000000000000000000000001 #b00000000000000000000000000000000) (ite (= a14_0_2 #b00000000000000000000000000000000) #b00000000000000000000000000000001 #b00000000000000000000000000000000)) (ite (= a14_0 #b00000000000000000000000000000000) #b00000000000000000000000000000001 #b00000000000000000000000000000000)) #b00000000000000000000000000000001)
(= v7_f0_v2 (bvadd (bvadd (bvsrem a14_0_1 v5_f0_v0) (bvadd a14_0_2 v1_v1)) a14_0))
(distinct v4_v1 #b00000000000000000000000000000000)
(not (bvsdivo a14_1_1 v4_v1))
(not (bvsdivo a14_1_2 v1_v1))
(not (bvssubo (bvsdiv a14_1_1 v4_v1) (bvsrem a14_1_2 v1_v1)))
(not (bvssubo (bvsub (bvsdiv a14_1_1 v4_v1) (bvsrem a14_1_2 v1_v1)) a14_1))
(bvsle (bvadd (bvadd (ite (= a14_1_1 #b00000000000000000000000000000000) #b00000000000000000000000000000001 #b00000000000000000000000000000000) (ite (= a14_1_2 #b00000000000000000000000000000000) #b00000000000000000000000000000001 #b00000000000000000000000000000000)) (ite (= a14_1 #b00000000000000000000000000000000) #b00000000000000000000000000000001 #b00000000000000000000000000000000)) #b00000000000000000000000000000001)
(= v6_v1 (bvsub (bvsub (bvsdiv a14_1_1 v4_v1) (bvsrem a14_1_2 v1_v1)) a14_1))
```
Optimized constraints: 
```
(bvsle (bvadd (bvadd (bvadd (bvadd (bvadd (ite (= v0_v0 #b00000000000000000000000000000000) #b00000000000000000000000000000001 #b00000000000000000000000000000000) (ite (= v1_v0 #b00000000000000000000000000000000) #b00000000000000000000000000000001 #b00000000000000000000000000000000)) (ite (= v2_v0 #b00000000000000000000000000000000) #b00000000000000000000000000000001 #b00000000000000000000000000000000)) (ite (= v3_v0 #b00000000000000000000000000000000) #b00000000000000000000000000000001 #b00000000000000000000000000000000)) (ite (= v4_v0 #b00000000000000000000000000000000) #b00000000000000000000000000000001 #b00000000000000000000000000000000)) (ite (= v5_f0_v0 #b00000000000000000000000000000000) #b00000000000000000000000000000001 #b00000000000000000000000000000000)) #b00000000000000000000000000000011)
(= v6_v0 init_var6)
(= v7_f0_v0 init_var7_f0)
(bvsle (ite (= init_var7_f0 #b00000000000000000000000000000000) #b00000000000000000000000000000001 #b00000000000000000000000000000000) #b00000000000000000000000000000000)
(not (bvsaddo a0_0_1 v6_v0))
(distinct v4_v0 #b00000000000000000000000000000000)
(not (bvsdivo a0_0_2 v4_v0))
(not (bvsaddo (bvadd a0_0_1 v6_v0) (bvsrem a0_0_2 v4_v0)))
(not (bvsaddo (bvadd (bvadd a0_0_1 v6_v0) (bvsrem a0_0_2 v4_v0)) a0_0))
(bvsle (bvadd (bvadd (ite (= a0_0_1 #b00000000000000000000000000000000) #b00000000000000000000000000000001 #b00000000000000000000000000000000) (ite (= a0_0_2 #b00000000000000000000000000000000) #b00000000000000000000000000000001 #b00000000000000000000000000000000)) (ite (= a0_0 #b00000000000000000000000000000000) #b00000000000000000000000000000001 #b00000000000000000000000000000000)) #b00000000000000000000000000000001)
(= v7_f0_v1 (bvadd (bvadd (bvadd a0_0_1 v6_v0) (bvsrem a0_0_2 v4_v0)) a0_0))
(distinct v0_v0 #b00000000000000000000000000000000)
(not (bvsdivo a0_1_1 v0_v0))
(not (bvsdivo a0_1_2 v4_v0))
(not (bvssubo (bvsrem a0_1_1 v0_v0) (bvsrem a0_1_2 v4_v0)))
(not (bvssubo (bvsub (bvsrem a0_1_1 v0_v0) (bvsrem a0_1_2 v4_v0)) a0_1))
(bvsle (bvadd (bvadd (ite (= a0_1_1 #b00000000000000000000000000000000) #b00000000000000000000000000000001 #b00000000000000000000000000000000) (ite (= a0_1_2 #b00000000000000000000000000000000) #b00000000000000000000000000000001 #b00000000000000000000000000000000)) (ite (= a0_1 #b00000000000000000000000000000000) #b00000000000000000000000000000001 #b00000000000000000000000000000000)) #b00000000000000000000000000000001)
(= v0_v1 (bvsub (bvsub (bvsrem a0_1_1 v0_v0) (bvsrem a0_1_2 v4_v0)) a0_1))
(distinct v3_v0 #b00000000000000000000000000000000)
(not (bvsdivo a1_0_1 v3_v0))
(not (bvsaddo a1_0_2 v4_v0))
(not (bvsaddo (bvsdiv a1_0_1 v3_v0) (bvadd a1_0_2 v4_v0)))
(not (bvsaddo (bvadd (bvsdiv a1_0_1 v3_v0) (bvadd a1_0_2 v4_v0)) a1_0))
(bvsle (bvadd (bvadd (ite (= a1_0_1 #b00000000000000000000000000000000) #b00000000000000000000000000000001 #b00000000000000000000000000000000) (ite (= a1_0_2 #b00000000000000000000000000000000) #b00000000000000000000000000000001 #b00000000000000000000000000000000)) (ite (= a1_0 #b00000000000000000000000000000000) #b00000000000000000000000000000001 #b00000000000000000000000000000000)) #b00000000000000000000000000000001)
(= v4_v1 (bvadd (bvadd (bvsdiv a1_0_1 v3_v0) (bvadd a1_0_2 v4_v0)) a1_0))
(not (bvsaddo a1_1_1 v5_f0_v0))
(not (bvsaddo a1_1_2 v3_v0))
(not (bvsaddo (bvadd a1_1_1 v5_f0_v0) (bvadd a1_1_2 v3_v0)))
(not (bvsaddo (bvadd (bvadd a1_1_1 v5_f0_v0) (bvadd a1_1_2 v3_v0)) a1_1))
(bvsle (bvadd (bvadd (ite (= a1_1_1 #b00000000000000000000000000000000) #b00000000000000000000000000000001 #b00000000000000000000000000000000) (ite (= a1_1_2 #b00000000000000000000000000000000) #b00000000000000000000000000000001 #b00000000000000000000000000000000)) (ite (= a1_1 #b00000000000000000000000000000000) #b00000000000000000000000000000001 #b00000000000000000000000000000000)) #b00000000000000000000000000000001)
(= v1_v1 (bvadd (bvadd (bvadd a1_1_1 v5_f0_v0) (bvadd a1_1_2 v3_v0)) a1_1))
(not (bvsmulo b1_2_1 v4_v1))
(distinct v1_v1 #b00000000000000000000000000000000)
(not (bvsdivo b1_2_2 v1_v1))
(not (bvsaddo (bvmul b1_2_1 v4_v1) (bvsdiv b1_2_2 v1_v1)))
(not (bvsaddo b1_2_3 v5_f0_v0))
(not (bvsaddo (bvadd (bvmul b1_2_1 v4_v1) (bvsdiv b1_2_2 v1_v1)) (bvadd b1_2_3 v5_f0_v0)))
(not (bvsaddo (bvadd (bvadd (bvmul b1_2_1 v4_v1) (bvsdiv b1_2_2 v1_v1)) (bvadd b1_2_3 v5_f0_v0)) b1_2))
(bvsle (bvadd (bvadd (bvadd (ite (= b1_2_1 #b00000000000000000000000000000000) #b00000000000000000000000000000001 #b00000000000000000000000000000000) (ite (= b1_2_2 #b00000000000000000000000000000000) #b00000000000000000000000000000001 #b00000000000000000000000000000000)) (ite (= b1_2_3 #b00000000000000000000000000000000) #b00000000000000000000000000000001 #b00000000000000000000000000000000)) (ite (= b1_2 #b00000000000000000000000000000000) #b00000000000000000000000000000001 #b00000000000000000000000000000000)) #b00000000000000000000000000000010)
(not (bvsgt (bvadd (bvadd (bvadd (bvmul b1_2_1 v4_v1) (bvsdiv b1_2_2 v1_v1)) (bvadd b1_2_3 v5_f0_v0)) b1_2) #b00000000000000000000000000000000))
(distinct v5_f0_v0 #b00000000000000000000000000000000)
(not (bvsdivo a14_0_1 v5_f0_v0))
(not (bvsaddo a14_0_2 v1_v1))
(not (bvsaddo (bvsrem a14_0_1 v5_f0_v0) (bvadd a14_0_2 v1_v1)))
(not (bvsaddo (bvadd (bvsrem a14_0_1 v5_f0_v0) (bvadd a14_0_2 v1_v1)) a14_0))
(bvsle (bvadd (bvadd (ite (= a14_0_1 #b00000000000000000000000000000000) #b00000000000000000000000000000001 #b00000000000000000000000000000000) (ite (= a14_0_2 #b00000000000000000000000000000000) #b00000000000000000000000000000001 #b00000000000000000000000000000000)) (ite (= a14_0 #b00000000000000000000000000000000) #b00000000000000000000000000000001 #b00000000000000000000000000000000)) #b00000000000000000000000000000001)
(= v7_f0_v2 (bvadd (bvadd (bvsrem a14_0_1 v5_f0_v0) (bvadd a14_0_2 v1_v1)) a14_0))
(distinct v4_v1 #b00000000000000000000000000000000)
(not (bvsdivo a14_1_1 v4_v1))
(not (bvsdivo a14_1_2 v1_v1))
(not (bvssubo (bvsdiv a14_1_1 v4_v1) (bvsrem a14_1_2 v1_v1)))
(not (bvssubo (bvsub (bvsdiv a14_1_1 v4_v1) (bvsrem a14_1_2 v1_v1)) a14_1))
(bvsle (bvadd (bvadd (ite (= a14_1_1 #b00000000000000000000000000000000) #b00000000000000000000000000000001 #b00000000000000000000000000000000) (ite (= a14_1_2 #b00000000000000000000000000000000) #b00000000000000000000000000000001 #b00000000000000000000000000000000)) (ite (= a14_1 #b00000000000000000000000000000000) #b00000000000000000000000000000001 #b00000000000000000000000000000000)) #b00000000000000000000000000000001)
(= v6_v1 (bvsub (bvsub (bvsdiv a14_1_1 v4_v1) (bvsrem a14_1_2 v1_v1)) a14_1))
```
Constraint stats: asserted=54 addCalls=56 skippedTrue=0 deduped=2 ensureInRangeCalls=58 boundedAlready=0 uniqueConstraintIds=54 uniqueBoundedIds=0 (solverAsserted=0)
Bitwuzla check_sat time: 135ms
Bitwuzla statistics: preprocess::contradicting_ands::num_substs=0 preprocess::contradicting_ands::time_apply=0ms preprocess::elim_extract::num_elim=0 preprocess::elim_extract::time_apply=0ms preprocess::elim_lambda::time_apply=0ms preprocess::elim_udiv::num_eliminated=0 preprocess::elim_udiv::time_apply=0ms preprocess::embedded_constraints::num_substs=4 preprocess::embedded_constraints::time_apply=0ms preprocess::flatten_and::num_assertions=73 preprocess::flatten_and::num_flattened=51 preprocess::flatten_and::time_apply=0ms preprocess::lambda::num_elim=0 preprocess::normalize::num_common_normalizations=4 preprocess::normalize::num_normalizations=70 preprocess::normalize::num_normalized_assertions=0 preprocess::normalize::num_pass1=0 preprocess::normalize::num_pass2=0 preprocess::normalize::time_adder_chains=1ms preprocess::normalize::time_apply=37ms preprocess::normalize::time_compute_occs=0ms preprocess::normalize::time_normalize_add=0ms preprocess::normalize::time_normalize_mul=0ms preprocess::normalize::time_score=32ms preprocess::rewrite::time_apply=1ms preprocess::skeleton_preproc::cnf::clauses=375 preprocess::skeleton_preproc::cnf::lits=743 preprocess::skeleton_preproc::new_assertions=0 preprocess::skeleton_preproc::resets=1 preprocess::skeleton_preproc::time_apply=0ms preprocess::skeleton_preproc::time_encode=0ms preprocess::skeleton_preproc::time_fixed=0ms preprocess::skeleton_preproc::time_sat=0ms preprocess::uninterpreted::num_substs=0 preprocess::uninterpreted::time_apply=0ms preprocess::varsubst::normalize_bv_ineq::num_slt=0 preprocess::varsubst::normalize_bv_ineq::num_ult=0 preprocess::varsubst::normalize_eq::num_bv_concat=0 preprocess::varsubst::normalize_eq::num_gauss_elim=4 preprocess::varsubst::normalize_eq::num_linear_eq=4 preprocess::varsubst::num_substs=8 preprocess::varsubst::time_apply=1ms preprocess::varsubst::time_direct_cycle_check=0ms preprocess::varsubst::time_find_substitution=0ms preprocess::varsubst::time_find_vars=0ms preprocess::varsubst::time_register=0ms preprocess::varsubst::time_remove_cycles=0ms preprocess::varsubst::time_substitute=0ms preprocessor::num_iterations=2 preprocessor::time_preprocess=40ms preprocessor::time_process=0ms rewriter::(normalize)::num_evals=0 rewriter::(normalize)::num_rewrites=245 rewriter::(normalize)::rewrite::BV_ADD_CONST=1 rewriter::(normalize)::rewrite::BV_ADD_EVAL=1 rewriter::(normalize)::rewrite::BV_ADD_SPECIAL_CONST=29 rewriter::(normalize)::rewrite::BV_MUL_ONES=4 rewriter::(normalize)::rewrite::BV_NEG_ELIM=4 rewriter::(normalize)::rewrite::BV_NOT_BV_NOT=40 rewriter::(normalize)::rewrite::NORMALIZE_COMM=166 rewriter::eval::BV_MUL_EVAL=1 rewriter::eval::BV_NEG_EVAL=1 rewriter::eval::BV_SHL_EVAL=1 rewriter::eval::EQUAL_EVAL=2 rewriter::eval::IMPLIES_EVAL=1 rewriter::num_evals=6 rewriter::num_rewrites=928 rewriter::rewrite::BV_ADD_EVAL=2 rewriter::rewrite::BV_ADD_ITE2=28 rewriter::rewrite::BV_ADD_SPECIAL_CONST=26 rewriter::rewrite::BV_EXTRACT_ADD_MUL=9 rewriter::rewrite::BV_EXTRACT_EVAL=1 rewriter::rewrite::BV_EXTRACT_FULL=2 rewriter::rewrite::BV_MUL_ONE=4 rewriter::rewrite::BV_MUL_POW2=9 rewriter::rewrite::BV_NEG_ELIM=37 rewriter::rewrite::BV_NOT_BV_NOT=149 rewriter::rewrite::BV_NOT_EVAL=2 rewriter::rewrite::BV_OR_ELIM=59 rewriter::rewrite::BV_SADDO_ELIM=17 rewriter::rewrite::BV_SDIVO_ELIM=8 rewriter::rewrite::BV_SDIV_ELIM=3 rewriter::rewrite::BV_SGT_ELIM=1 rewriter::rewrite::BV_SHL_CONST=9 rewriter::rewrite::BV_SHL_SPECIAL_CONST=1 rewriter::rewrite::BV_SIGN_EXTEND_ELIM=4 rewriter::rewrite::BV_SLE_ELIM=9 rewriter::rewrite::BV_SMULO_ELIM=1 rewriter::rewrite::BV_SREM_ELIM=5 rewriter::rewrite::BV_SSUBO_ELIM=4 rewriter::rewrite::BV_SUB_ELIM=8 rewriter::rewrite::DISTINCT_ELIM=6 rewriter::rewrite::EQUAL_BV_SUB=6 rewriter::rewrite::EQUAL_CONST_BV_NOT=31 rewriter::rewrite::EQUAL_SPECIAL_CONST=2 rewriter::rewrite::EQUAL_TRUE=6 rewriter::rewrite::IMPLIES_ELIM=1 rewriter::rewrite::ITE_EVAL=2 rewriter::rewrite::NORMALIZE_COMM=391 rewriter::rewrite::NOT_EQUAL_BV1_BOOL=43 rewriter::rewrite::NOT_NOT=21 rewriter::rewrite::OR_ELIM=21 solver::abstract::lemmas::MUL_NEG_POW2=1 solver::abstract::num_checks=2 solver::abstract::terms::BV_MUL=1 solver::abstract::terms::total=1 solver::abstract::time_check=1ms solver::array::equalities=0 solver::array::num_checks=0 solver::array::propagations=0 solver::array::propagations_down=0 solver::array::propagations_up=0 solver::array::selects=0 solver::array::time_check=0ms solver::bv::bitblast::aig::num_ands=86993 solver::bv::bitblast::aig::num_consts=993 solver::bv::bitblast::aig::num_shared=15747 solver::bv::bitblast::aig::time_bitblast=11ms solver::bv::bitblast::cnf::num_clauses=216933 solver::bv::bitblast::cnf::num_literals=528462 solver::bv::bitblast::cnf::num_vars=70303 solver::bv::bitblast::cnf::time_encode=68ms solver::bv::bitblast::sat::time_solve=12ms solver::bv::num_assertions=101 solver::bv::num_checks=2 solver::bv::time_check=81ms solver::engine::lemmas::abstr=1 solver::engine::lemmas::array=0 solver::engine::lemmas::fp=0 solver::engine::lemmas::fun=0 solver::engine::lemmas::quant=0 solver::engine::lemmas::total=1 solver::engine::time_register_term=0ms solver::engine::time_solve=95ms solver::fun::num_checks=1 solver::fun::time_check=0ms solver::quant::mbqi_checks=0 solver::quant::num_lemma_iterations=0 solver::quant::num_lemmas=0 solver::quant::time_check=0ms solver::quant::time_mbqi=0ms solver::quant::time_process=0ms solving_context::max_memory=64188416 solving_context::time_ensure_model=0ms solving_context::time_solve=135ms
SAT
Extract symbols: sym=init_var6, value=-1
Extract symbols: sym=init_var7_f0, value=-1
Extract symbols: sym=a0_0_1, value=-1
Extract symbols: sym=a0_0_2, value=-1
Extract symbols: sym=a0_0, value=-1
Extract symbols: sym=a0_1_1, value=-1
Extract symbols: sym=a0_1_2, value=-1
Extract symbols: sym=a0_1, value=1
Extract symbols: sym=a1_0_1, value=-1
Extract symbols: sym=a1_0_2, value=-1
Extract symbols: sym=a1_0, value=-1
Extract symbols: sym=a1_1_1, value=-1
Extract symbols: sym=a1_1_2, value=-1
Extract symbols: sym=a1_1, value=-1
Extract symbols: sym=b1_2_1, value=-1
Extract symbols: sym=b1_2_2, value=-1
Extract symbols: sym=b1_2_3, value=-1
Extract symbols: sym=b1_2, value=-1
Extract symbols: sym=a2_0_1, value=<unresolved>
Extract symbols: sym=a2_0_2, value=<unresolved>
Extract symbols: sym=a2_0, value=<unresolved>
Extract symbols: sym=a2_1_1, value=<unresolved>
Extract symbols: sym=a2_1_2, value=<unresolved>
Extract symbols: sym=a2_1, value=<unresolved>
Extract symbols: sym=b2_2_1, value=<unresolved>
Extract symbols: sym=b2_2_2, value=<unresolved>
Extract symbols: sym=b2_2_3, value=<unresolved>
Extract symbols: sym=b2_2, value=<unresolved>
Extract symbols: sym=a3_0_1, value=<unresolved>
Extract symbols: sym=a3_0_2, value=<unresolved>
Extract symbols: sym=a3_0, value=<unresolved>
Extract symbols: sym=a3_1_1, value=<unresolved>
Extract symbols: sym=a3_1_2, value=<unresolved>
Extract symbols: sym=a3_1, value=<unresolved>
Extract symbols: sym=b3_2_1, value=<unresolved>
Extract symbols: sym=b3_2_2, value=<unresolved>
Extract symbols: sym=b3_2_3, value=<unresolved>
Extract symbols: sym=b3_2, value=<unresolved>
Extract symbols: sym=a4_0_1, value=<unresolved>
Extract symbols: sym=a4_0_2, value=<unresolved>
Extract symbols: sym=a4_0, value=<unresolved>
Extract symbols: sym=a4_1_1, value=<unresolved>
Extract symbols: sym=a4_1_2, value=<unresolved>
Extract symbols: sym=a4_1, value=<unresolved>
Extract symbols: sym=b4_2_1, value=<unresolved>
Extract symbols: sym=b4_2_2, value=<unresolved>
Extract symbols: sym=b4_2_3, value=<unresolved>
Extract symbols: sym=b4_2, value=<unresolved>
Extract symbols: sym=a5_0_1, value=<unresolved>
Extract symbols: sym=a5_0_2, value=<unresolved>
Extract symbols: sym=a5_0, value=<unresolved>
Extract symbols: sym=a5_1_1, value=<unresolved>
Extract symbols: sym=a5_1_2, value=<unresolved>
Extract symbols: sym=a5_1, value=<unresolved>
Extract symbols: sym=b5_2_1, value=<unresolved>
Extract symbols: sym=b5_2_2, value=<unresolved>
Extract symbols: sym=b5_2_3, value=<unresolved>
Extract symbols: sym=b5_2, value=<unresolved>
Extract symbols: sym=a6_0_1, value=<unresolved>
Extract symbols: sym=a6_0_2, value=<unresolved>
Extract symbols: sym=a6_0, value=<unresolved>
Extract symbols: sym=a6_1_1, value=<unresolved>
Extract symbols: sym=a6_1_2, value=<unresolved>
Extract symbols: sym=a6_1, value=<unresolved>
Extract symbols: sym=b6_2_1, value=<unresolved>
Extract symbols: sym=b6_2_2, value=<unresolved>
Extract symbols: sym=b6_2_3, value=<unresolved>
Extract symbols: sym=b6_2, value=<unresolved>
Extract symbols: sym=a7_0_1, value=<unresolved>
Extract symbols: sym=a7_0_2, value=<unresolved>
Extract symbols: sym=a7_0, value=<unresolved>
Extract symbols: sym=a7_1_1, value=<unresolved>
Extract symbols: sym=a7_1_2, value=<unresolved>
Extract symbols: sym=a7_1, value=<unresolved>
Extract symbols: sym=b7_2_1, value=<unresolved>
Extract symbols: sym=b7_2_2, value=<unresolved>
Extract symbols: sym=b7_2_3, value=<unresolved>
Extract symbols: sym=b7_2, value=<unresolved>
Extract symbols: sym=a8_0_1, value=<unresolved>
Extract symbols: sym=a8_0_2, value=<unresolved>
Extract symbols: sym=a8_0, value=<unresolved>
Extract symbols: sym=a8_1_1, value=<unresolved>
Extract symbols: sym=a8_1_2, value=<unresolved>
Extract symbols: sym=a8_1, value=<unresolved>
Extract symbols: sym=b8_2_1, value=<unresolved>
Extract symbols: sym=b8_2_2, value=<unresolved>
Extract symbols: sym=b8_2_3, value=<unresolved>
Extract symbols: sym=b8_2, value=<unresolved>
Extract symbols: sym=a9_0_1, value=<unresolved>
Extract symbols: sym=a9_0_2, value=<unresolved>
Extract symbols: sym=a9_0, value=<unresolved>
Extract symbols: sym=a9_1_1, value=<unresolved>
Extract symbols: sym=a9_1_2, value=<unresolved>
Extract symbols: sym=a9_1, value=<unresolved>
Extract symbols: sym=b9_2_1, value=<unresolved>
Extract symbols: sym=b9_2_2, value=<unresolved>
Extract symbols: sym=b9_2_3, value=<unresolved>
Extract symbols: sym=b9_2, value=<unresolved>
Extract symbols: sym=a10_0_1, value=<unresolved>
Extract symbols: sym=a10_0_2, value=<unresolved>
Extract symbols: sym=a10_0, value=<unresolved>
Extract symbols: sym=a10_1_1, value=<unresolved>
Extract symbols: sym=a10_1_2, value=<unresolved>
Extract symbols: sym=a10_1, value=<unresolved>
Extract symbols: sym=b10_2_1, value=<unresolved>
Extract symbols: sym=b10_2_2, value=<unresolved>
Extract symbols: sym=b10_2_3, value=<unresolved>
Extract symbols: sym=b10_2, value=<unresolved>
Extract symbols: sym=a11_0_1, value=<unresolved>
Extract symbols: sym=a11_0_2, value=<unresolved>
Extract symbols: sym=a11_0, value=<unresolved>
Extract symbols: sym=a11_1_1, value=<unresolved>
Extract symbols: sym=a11_1_2, value=<unresolved>
Extract symbols: sym=a11_1, value=<unresolved>
Extract symbols: sym=b11_2_1, value=<unresolved>
Extract symbols: sym=b11_2_2, value=<unresolved>
Extract symbols: sym=b11_2_3, value=<unresolved>
Extract symbols: sym=b11_2, value=<unresolved>
Extract symbols: sym=a12_0_1, value=<unresolved>
Extract symbols: sym=a12_0_2, value=<unresolved>
Extract symbols: sym=a12_0, value=<unresolved>
Extract symbols: sym=a12_1_1, value=<unresolved>
Extract symbols: sym=a12_1_2, value=<unresolved>
Extract symbols: sym=a12_1, value=<unresolved>
Extract symbols: sym=b12_2_1, value=<unresolved>
Extract symbols: sym=b12_2_2, value=<unresolved>
Extract symbols: sym=b12_2_3, value=<unresolved>
Extract symbols: sym=b12_2, value=<unresolved>
Extract symbols: sym=a13_0_1, value=<unresolved>
Extract symbols: sym=a13_0_2, value=<unresolved>
Extract symbols: sym=a13_0, value=<unresolved>
Extract symbols: sym=a13_1_1, value=<unresolved>
Extract symbols: sym=a13_1_2, value=<unresolved>
Extract symbols: sym=a13_1, value=<unresolved>
Extract symbols: sym=a14_0_1, value=-1
Extract symbols: sym=a14_0_2, value=-1
Extract symbols: sym=a14_0, value=-1
Extract symbols: sym=a14_1_1, value=-1
Extract symbols: sym=a14_1_2, value=-1
Extract symbols: sym=a14_1, value=2
--------IntUBInject: Inject Int UBs to Block BB3--------------------------------------------
Collected constraints:
(bvsle v1_v0 #b001111111111111111111111111111111)
(bvsge v1_v0 #b110000000000000000000000000000000)
(bvsge v7_f0_v0 #b110000000000000000000000000000000)
(bvsle v7_f0_v0 #b001111111111111111111111111111111)
(bvsle v2_v0 #b001111111111111111111111111111111)
(bvsge v2_v0 #b110000000000000000000000000000000)
(bvsge v7_f0_v0 #b110000000000000000000000000000000)
(bvsle v7_f0_v0 #b001111111111111111111111111111111)
(bvsge a3_0_1 #b110000000000000000000000000000000)
(bvsle a3_0_1 #b001111111111111111111111111111111)
(distinct v1_v0 #b000000000000000000000000000000000)
(bvsge a3_0_2 #b110000000000000000000000000000000)
(bvsle a3_0_2 #b001111111111111111111111111111111)
(distinct v7_f0_v0 #b000000000000000000000000000000000)
(bvsge a3_0 #b110000000000000000000000000000000)
(bvsle a3_0 #b001111111111111111111111111111111)
(bvsle (bvadd (bvadd (ite (= a3_0_1 #b000000000000000000000000000000000) #b000000000000000000000000000000001 #b000000000000000000000000000000000) (ite (= a3_0_2 #b000000000000000000000000000000000) #b000000000000000000000000000000001 #b000000000000000000000000000000000)) (ite (= a3_0 #b000000000000000000000000000000000) #b000000000000000000000000000000001 #b000000000000000000000000000000000)) #b000000000000000000000000000000001)
(= v3_v1 (bvadd (bvadd a3_0 (bvsrem a3_0_2 v7_f0_v0)) (bvsdiv a3_0_1 v1_v0)))
(bvsge a3_1_1 #b110000000000000000000000000000000)
(bvsle a3_1_1 #b001111111111111111111111111111111)
(bvsge a3_1_2 #b110000000000000000000000000000000)
(bvsle a3_1_2 #b001111111111111111111111111111111)
(bvsge a3_1 #b110000000000000000000000000000000)
(bvsle a3_1 #b001111111111111111111111111111111)
(bvsle (bvadd (bvadd (ite (= a3_1_1 #b000000000000000000000000000000000) #b000000000000000000000000000000001 #b000000000000000000000000000000000) (ite (= a3_1_2 #b000000000000000000000000000000000) #b000000000000000000000000000000001 #b000000000000000000000000000000000)) (ite (= a3_1 #b000000000000000000000000000000000) #b000000000000000000000000000000001 #b000000000000000000000000000000000)) #b000000000000000000000000000000001)
(= v2_v1 (bvadd (bvadd a3_1 (bvmul a3_1_2 v7_f0_v0)) (bvmul a3_1_1 v2_v0)))
(bvsge b3_2_1 #b110000000000000000000000000000000)
(bvsle b3_2_1 #b001111111111111111111111111111111)
(bvsge b3_2_2 #b110000000000000000000000000000000)
(bvsle b3_2_2 #b001111111111111111111111111111111)
(bvsge b3_2_3 #b110000000000000000000000000000000)
(bvsle b3_2_3 #b001111111111111111111111111111111)
(bvsge b3_2 #b110000000000000000000000000000000)
(bvsle b3_2 #b001111111111111111111111111111111)
(bvsle (bvadd (bvadd (bvadd (ite (= b3_2_1 #b000000000000000000000000000000000) #b000000000000000000000000000000001 #b000000000000000000000000000000000) (ite (= b3_2_2 #b000000000000000000000000000000000) #b000000000000000000000000000000001 #b000000000000000000000000000000000)) (ite (= b3_2_3 #b000000000000000000000000000000000) #b000000000000000000000000000000001 #b000000000000000000000000000000000)) (ite (= b3_2 #b000000000000000000000000000000000) #b000000000000000000000000000000001 #b000000000000000000000000000000000)) #b000000000000000000000000000000010)
(let ((_let0 (bvadd (bvadd a3_0 (bvsrem a3_0_2 v7_f0_v0)) (bvsdiv a3_0_1 v1_v0)))) (let ((_let1 (bvadd (bvadd a3_1 (bvmul a3_1_2 v7_f0_v0)) (bvmul a3_1_1 v2_v0)))) (let ((_let2 (bvadd (bvadd (bvadd b3_2 (bvsub b3_2_3 v4_v0)) (bvmul b3_2_2 v2_v1)) (bvmul b3_2_1 v3_v1)))) (or (or (or false (or (bvsgt _let0 #b001111111111111111111111111111111) (bvslt _let0 #b110000000000000000000000000000000))) (or (bvsgt _let1 #b001111111111111111111111111111111) (bvslt _let1 #b110000000000000000000000000000000))) (or (bvsgt _let2 #b001111111111111111111111111111111) (bvslt _let2 #b110000000000000000000000000000000))))))
SAT
Adding initializations to ensure undefined behaviors
Let variable: var=v1, value=1
Let variable: var=v7_f0, value=1
Let variable: var=v2, value=-2147483648
Let variable: var=v7_f0, value=1
Let symbol: sym=a3_0_1, value=1
Let symbol: sym=a3_0_2, value=-1
Let symbol: sym=a3_0, value=0
Let symbol: sym=a3_1_1, value=0
Let symbol: sym=a3_1_2, value=-4
Let symbol: sym=a3_1, value=6
Let symbol: sym=b3_2_1, value=-1
Let symbol: sym=b3_2_2, value=-1
Let symbol: sym=b3_2_3, value=0
Let symbol: sym=b3_2, value=0
--------IntUBInject: Inject Int UBs to Block BB5--------------------------------------------
Collected constraints:
(bvsle v1_v0 #b001111111111111111111111111111111)
(bvsge v1_v0 #b110000000000000000000000000000000)
(bvsle v4_v0 #b001111111111111111111111111111111)
(bvsge v4_v0 #b110000000000000000000000000000000)
(bvsle v4_v0 #b001111111111111111111111111111111)
(bvsge v4_v0 #b110000000000000000000000000000000)
(bvsle v6_v0 #b001111111111111111111111111111111)
(bvsge v6_v0 #b110000000000000000000000000000000)
(bvsge a5_0_1 #b110000000000000000000000000000000)
(bvsle a5_0_1 #b001111111111111111111111111111111)
(distinct v1_v0 #b000000000000000000000000000000000)
(bvsge a5_0_2 #b110000000000000000000000000000000)
(bvsle a5_0_2 #b001111111111111111111111111111111)
(distinct v4_v0 #b000000000000000000000000000000000)
(bvsge a5_0 #b110000000000000000000000000000000)
(bvsle a5_0 #b001111111111111111111111111111111)
(bvsle (bvadd (bvadd (ite (= a5_0_1 #b000000000000000000000000000000000) #b000000000000000000000000000000001 #b000000000000000000000000000000000) (ite (= a5_0_2 #b000000000000000000000000000000000) #b000000000000000000000000000000001 #b000000000000000000000000000000000)) (ite (= a5_0 #b000000000000000000000000000000000) #b000000000000000000000000000000001 #b000000000000000000000000000000000)) #b000000000000000000000000000000001)
(= v1_v1 (bvadd (bvadd a5_0 (bvsdiv a5_0_2 v4_v0)) (bvsdiv a5_0_1 v1_v0)))
(bvsge a5_1_1 #b110000000000000000000000000000000)
(bvsle a5_1_1 #b001111111111111111111111111111111)
(bvsge a5_1_2 #b110000000000000000000000000000000)
(bvsle a5_1_2 #b001111111111111111111111111111111)
(bvsge a5_1 #b110000000000000000000000000000000)
(bvsle a5_1 #b001111111111111111111111111111111)
(bvsle (bvadd (bvadd (ite (= a5_1_1 #b000000000000000000000000000000000) #b000000000000000000000000000000001 #b000000000000000000000000000000000) (ite (= a5_1_2 #b000000000000000000000000000000000) #b000000000000000000000000000000001 #b000000000000000000000000000000000)) (ite (= a5_1 #b000000000000000000000000000000000) #b000000000000000000000000000000001 #b000000000000000000000000000000000)) #b000000000000000000000000000000001)
(= v0_v1 (bvadd (bvadd a5_1 (bvadd a5_1_2 v6_v0)) (bvadd a5_1_1 v4_v0)))
(bvsge b5_2_1 #b110000000000000000000000000000000)
(bvsle b5_2_1 #b001111111111111111111111111111111)
(distinct v1_v1 #b000000000000000000000000000000000)
(bvsge b5_2_2 #b110000000000000000000000000000000)
(bvsle b5_2_2 #b001111111111111111111111111111111)
(bvsge b5_2_3 #b110000000000000000000000000000000)
(bvsle b5_2_3 #b001111111111111111111111111111111)
(bvsge b5_2 #b110000000000000000000000000000000)
(bvsle b5_2 #b001111111111111111111111111111111)
(bvsle (bvadd (bvadd (bvadd (ite (= b5_2_1 #b000000000000000000000000000000000) #b000000000000000000000000000000001 #b000000000000000000000000000000000) (ite (= b5_2_2 #b000000000000000000000000000000000) #b000000000000000000000000000000001 #b000000000000000000000000000000000)) (ite (= b5_2_3 #b000000000000000000000000000000000) #b000000000000000000000000000000001 #b000000000000000000000000000000000)) (ite (= b5_2 #b000000000000000000000000000000000) #b000000000000000000000000000000001 #b000000000000000000000000000000000)) #b000000000000000000000000000000010)
(let ((_let0 (bvadd (bvadd a5_0 (bvsdiv a5_0_2 v4_v0)) (bvsdiv a5_0_1 v1_v0)))) (let ((_let1 (bvadd (bvadd a5_1 (bvadd a5_1_2 v6_v0)) (bvadd a5_1_1 v4_v0)))) (let ((_let2 (bvadd (bvadd (bvadd b5_2 (bvsub b5_2_3 v6_v0)) (bvsub b5_2_2 v0_v1)) (bvsrem b5_2_1 v1_v1)))) (or (or (or false (or (bvsgt _let0 #b001111111111111111111111111111111) (bvslt _let0 #b110000000000000000000000000000000))) (or (bvsgt _let1 #b001111111111111111111111111111111) (bvslt _let1 #b110000000000000000000000000000000))) (or (bvsgt _let2 #b001111111111111111111111111111111) (bvslt _let2 #b110000000000000000000000000000000))))))
SAT
Adding initializations to ensure undefined behaviors
Let variable: var=v1, value=1
Let variable: var=v4, value=-2147483648
Let variable: var=v4, value=-2147483648
Let variable: var=v6, value=2
Let symbol: sym=a5_0_1, value=1
Let symbol: sym=a5_0_2, value=1073741824
Let symbol: sym=a5_0, value=-2
Let symbol: sym=a5_1_1, value=-1610612736
Let symbol: sym=a5_1_2, value=2147483647
Let symbol: sym=a5_1, value=-536870914
Let symbol: sym=b5_2_1, value=-2147483648
Let symbol: sym=b5_2_2, value=-2147483648
Let symbol: sym=b5_2_3, value=-2147483648
Let symbol: sym=b5_2, value=0
--------IntUBInject: Inject Int UBs to Block BB10--------------------------------------------
Collected constraints:
(bvsle v3_v0 #b001111111111111111111111111111111)
(bvsge v3_v0 #b110000000000000000000000000000000)
(bvsle v4_v0 #b001111111111111111111111111111111)
(bvsge v4_v0 #b110000000000000000000000000000000)
(bvsle v6_v0 #b001111111111111111111111111111111)
(bvsge v6_v0 #b110000000000000000000000000000000)
(bvsle v4_v0 #b001111111111111111111111111111111)
(bvsge v4_v0 #b110000000000000000000000000000000)
(bvsge a10_0_1 #b110000000000000000000000000000000)
(bvsle a10_0_1 #b001111111111111111111111111111111)
(distinct v3_v0 #b000000000000000000000000000000000)
(bvsge a10_0_2 #b110000000000000000000000000000000)
(bvsle a10_0_2 #b001111111111111111111111111111111)
(distinct v4_v0 #b000000000000000000000000000000000)
(bvsge a10_0 #b110000000000000000000000000000000)
(bvsle a10_0 #b001111111111111111111111111111111)
(bvsle (bvadd (bvadd (ite (= a10_0_1 #b000000000000000000000000000000000) #b000000000000000000000000000000001 #b000000000000000000000000000000000) (ite (= a10_0_2 #b000000000000000000000000000000000) #b000000000000000000000000000000001 #b000000000000000000000000000000000)) (ite (= a10_0 #b000000000000000000000000000000000) #b000000000000000000000000000000001 #b000000000000000000000000000000000)) #b000000000000000000000000000000001)
(= v1_v1 (bvadd (bvadd a10_0 (bvsrem a10_0_2 v4_v0)) (bvsrem a10_0_1 v3_v0)))
(bvsge a10_1_1 #b110000000000000000000000000000000)
(bvsle a10_1_1 #b001111111111111111111111111111111)
(distinct v6_v0 #b000000000000000000000000000000000)
(bvsge a10_1_2 #b110000000000000000000000000000000)
(bvsle a10_1_2 #b001111111111111111111111111111111)
(distinct v4_v0 #b000000000000000000000000000000000)
(bvsge a10_1 #b110000000000000000000000000000000)
(bvsle a10_1 #b001111111111111111111111111111111)
(bvsle (bvadd (bvadd (ite (= a10_1_1 #b000000000000000000000000000000000) #b000000000000000000000000000000001 #b000000000000000000000000000000000) (ite (= a10_1_2 #b000000000000000000000000000000000) #b000000000000000000000000000000001 #b000000000000000000000000000000000)) (ite (= a10_1 #b000000000000000000000000000000000) #b000000000000000000000000000000001 #b000000000000000000000000000000000)) #b000000000000000000000000000000001)
(= v2_v1 (bvadd (bvadd a10_1 (bvsrem a10_1_2 v4_v0)) (bvsdiv a10_1_1 v6_v0)))
(bvsge b10_2_1 #b110000000000000000000000000000000)
(bvsle b10_2_1 #b001111111111111111111111111111111)
(bvsge b10_2_2 #b110000000000000000000000000000000)
(bvsle b10_2_2 #b001111111111111111111111111111111)
(distinct v2_v1 #b000000000000000000000000000000000)
(bvsge b10_2_3 #b110000000000000000000000000000000)
(bvsle b10_2_3 #b001111111111111111111111111111111)
(distinct v6_v0 #b000000000000000000000000000000000)
(bvsge b10_2 #b110000000000000000000000000000000)
(bvsle b10_2 #b001111111111111111111111111111111)
(bvsle (bvadd (bvadd (bvadd (ite (= b10_2_1 #b000000000000000000000000000000000) #b000000000000000000000000000000001 #b000000000000000000000000000000000) (ite (= b10_2_2 #b000000000000000000000000000000000) #b000000000000000000000000000000001 #b000000000000000000000000000000000)) (ite (= b10_2_3 #b000000000000000000000000000000000) #b000000000000000000000000000000001 #b000000000000000000000000000000000)) (ite (= b10_2 #b000000000000000000000000000000000) #b000000000000000000000000000000001 #b000000000000000000000000000000000)) #b000000000000000000000000000000010)
(let ((_let0 (bvadd (bvadd a10_0 (bvsrem a10_0_2 v4_v0)) (bvsrem a10_0_1 v3_v0)))) (let ((_let1 (bvadd (bvadd a10_1 (bvsrem a10_1_2 v4_v0)) (bvsdiv a10_1_1 v6_v0)))) (let ((_let2 (bvadd (bvadd (bvadd b10_2 (bvsrem b10_2_3 v6_v0)) (bvsdiv b10_2_2 v2_v1)) (bvmul b10_2_1 v1_v1)))) (or (or (or false (or (bvsgt _let0 #b001111111111111111111111111111111) (bvslt _let0 #b110000000000000000000000000000000))) (or (bvsgt _let1 #b001111111111111111111111111111111) (bvslt _let1 #b110000000000000000000000000000000))) (or (bvsgt _let2 #b001111111111111111111111111111111) (bvslt _let2 #b110000000000000000000000000000000))))))
SAT
Adding initializations to ensure undefined behaviors
Let variable: var=v3, value=1
Let variable: var=v4, value=1
Let variable: var=v6, value=1
Let variable: var=v4, value=1
Let symbol: sym=a10_0_1, value=-1
Let symbol: sym=a10_0_2, value=0
Let symbol: sym=a10_0, value=1
Let symbol: sym=a10_1_1, value=1
Let symbol: sym=a10_1_2, value=-1
Let symbol: sym=a10_1, value=0
Let symbol: sym=b10_2_1, value=-1073741825
Let symbol: sym=b10_2_2, value=1
Let symbol: sym=b10_2_3, value=1
Let symbol: sym=b10_2, value=-1073741825
--------IntUBInject: Inject Int UBs to Block BB11--------------------------------------------
Collected constraints:
(bvsle v1_v0 #b001111111111111111111111111111111)
(bvsge v1_v0 #b110000000000000000000000000000000)
(bvsge v5_f0_v0 #b110000000000000000000000000000000)
(bvsle v5_f0_v0 #b001111111111111111111111111111111)
(bvsle v1_v0 #b001111111111111111111111111111111)
(bvsge v1_v0 #b110000000000000000000000000000000)
(bvsle v0_v0 #b001111111111111111111111111111111)
(bvsge v0_v0 #b110000000000000000000000000000000)
(bvsge a11_0_1 #b110000000000000000000000000000000)
(bvsle a11_0_1 #b001111111111111111111111111111111)
(distinct v1_v0 #b000000000000000000000000000000000)
(bvsge a11_0_2 #b110000000000000000000000000000000)
(bvsle a11_0_2 #b001111111111111111111111111111111)
(distinct v5_f0_v0 #b000000000000000000000000000000000)
(bvsge a11_0 #b110000000000000000000000000000000)
(bvsle a11_0 #b001111111111111111111111111111111)
(bvsle (bvadd (bvadd (ite (= a11_0_1 #b000000000000000000000000000000000) #b000000000000000000000000000000001 #b000000000000000000000000000000000) (ite (= a11_0_2 #b000000000000000000000000000000000) #b000000000000000000000000000000001 #b000000000000000000000000000000000)) (ite (= a11_0 #b000000000000000000000000000000000) #b000000000000000000000000000000001 #b000000000000000000000000000000000)) #b000000000000000000000000000000001)
(= v5_f0_v1 (bvadd (bvadd a11_0 (bvsdiv a11_0_2 v5_f0_v0)) (bvsdiv a11_0_1 v1_v0)))
(bvsge a11_1_1 #b110000000000000000000000000000000)
(bvsle a11_1_1 #b001111111111111111111111111111111)
(distinct v1_v0 #b000000000000000000000000000000000)
(bvsge a11_1_2 #b110000000000000000000000000000000)
(bvsle a11_1_2 #b001111111111111111111111111111111)
(bvsge a11_1 #b110000000000000000000000000000000)
(bvsle a11_1 #b001111111111111111111111111111111)
(bvsle (bvadd (bvadd (ite (= a11_1_1 #b000000000000000000000000000000000) #b000000000000000000000000000000001 #b000000000000000000000000000000000) (ite (= a11_1_2 #b000000000000000000000000000000000) #b000000000000000000000000000000001 #b000000000000000000000000000000000)) (ite (= a11_1 #b000000000000000000000000000000000) #b000000000000000000000000000000001 #b000000000000000000000000000000000)) #b000000000000000000000000000000001)
(= v0_v1 (bvadd (bvadd a11_1 (bvsub a11_1_2 v0_v0)) (bvsdiv a11_1_1 v1_v0)))
(bvsge b11_2_1 #b110000000000000000000000000000000)
(bvsle b11_2_1 #b001111111111111111111111111111111)
(distinct v5_f0_v1 #b000000000000000000000000000000000)
(bvsge b11_2_2 #b110000000000000000000000000000000)
(bvsle b11_2_2 #b001111111111111111111111111111111)
(bvsge b11_2_3 #b110000000000000000000000000000000)
(bvsle b11_2_3 #b001111111111111111111111111111111)
(bvsge b11_2 #b110000000000000000000000000000000)
(bvsle b11_2 #b001111111111111111111111111111111)
(bvsle (bvadd (bvadd (bvadd (ite (= b11_2_1 #b000000000000000000000000000000000) #b000000000000000000000000000000001 #b000000000000000000000000000000000) (ite (= b11_2_2 #b000000000000000000000000000000000) #b000000000000000000000000000000001 #b000000000000000000000000000000000)) (ite (= b11_2_3 #b000000000000000000000000000000000) #b000000000000000000000000000000001 #b000000000000000000000000000000000)) (ite (= b11_2 #b000000000000000000000000000000000) #b000000000000000000000000000000001 #b000000000000000000000000000000000)) #b000000000000000000000000000000010)
(let ((_let0 (bvadd (bvadd a11_0 (bvsdiv a11_0_2 v5_f0_v0)) (bvsdiv a11_0_1 v1_v0)))) (let ((_let1 (bvadd (bvadd a11_1 (bvsub a11_1_2 v0_v0)) (bvsdiv a11_1_1 v1_v0)))) (let ((_let2 (bvadd (bvadd (bvadd b11_2 (bvsub b11_2_3 v6_v0)) (bvsub b11_2_2 v0_v1)) (bvsrem b11_2_1 v5_f0_v1)))) (or (or (or false (or (bvsgt _let0 #b001111111111111111111111111111111) (bvslt _let0 #b110000000000000000000000000000000))) (or (bvsgt _let1 #b001111111111111111111111111111111) (bvslt _let1 #b110000000000000000000000000000000))) (or (bvsgt _let2 #b001111111111111111111111111111111) (bvslt _let2 #b110000000000000000000000000000000))))))
SAT
Adding initializations to ensure undefined behaviors
Let variable: var=v1, value=1
Let variable: var=v5_f0, value=1
Let variable: var=v1, value=1
Let variable: var=v0, value=0
Let symbol: sym=a11_0_1, value=1
Let symbol: sym=a11_0_2, value=1
Let symbol: sym=a11_0, value=-3
Let symbol: sym=a11_1_1, value=1
Let symbol: sym=a11_1_2, value=-1073741825
Let symbol: sym=a11_1, value=-1073741825
Let symbol: sym=b11_2_1, value=-2147483648
Let symbol: sym=b11_2_2, value=-2147483648
Let symbol: sym=b11_2_3, value=2147483646
Let symbol: sym=b11_2, value=0
--------IntUBInject: Inject Int UBs to Block BB12--------------------------------------------
Collected constraints:
(bvsge v5_f0_v0 #b110000000000000000000000000000000)
(bvsle v5_f0_v0 #b001111111111111111111111111111111)
(bvsge v7_f0_v0 #b110000000000000000000000000000000)
(bvsle v7_f0_v0 #b001111111111111111111111111111111)
(bvsle v6_v0 #b001111111111111111111111111111111)
(bvsge v6_v0 #b110000000000000000000000000000000)
(bvsge v5_f0_v0 #b110000000000000000000000000000000)
(bvsle v5_f0_v0 #b001111111111111111111111111111111)
(bvsge a12_0_1 #b110000000000000000000000000000000)
(bvsle a12_0_1 #b001111111111111111111111111111111)
(bvsge a12_0_2 #b110000000000000000000000000000000)
(bvsle a12_0_2 #b001111111111111111111111111111111)
(distinct v7_f0_v0 #b000000000000000000000000000000000)
(bvsge a12_0 #b110000000000000000000000000000000)
(bvsle a12_0 #b001111111111111111111111111111111)
(bvsle (bvadd (bvadd (ite (= a12_0_1 #b000000000000000000000000000000000) #b000000000000000000000000000000001 #b000000000000000000000000000000000) (ite (= a12_0_2 #b000000000000000000000000000000000) #b000000000000000000000000000000001 #b000000000000000000000000000000000)) (ite (= a12_0 #b000000000000000000000000000000000) #b000000000000000000000000000000001 #b000000000000000000000000000000000)) #b000000000000000000000000000000001)
(= v2_v1 (bvsub (bvsub a12_0 (bvsdiv a12_0_2 v7_f0_v0)) (bvsub a12_0_1 v5_f0_v0)))
(bvsge a12_1_1 #b110000000000000000000000000000000)
(bvsle a12_1_1 #b001111111111111111111111111111111)
(bvsge a12_1_2 #b110000000000000000000000000000000)
(bvsle a12_1_2 #b001111111111111111111111111111111)
(bvsge a12_1 #b110000000000000000000000000000000)
(bvsle a12_1 #b001111111111111111111111111111111)
(bvsle (bvadd (bvadd (ite (= a12_1_1 #b000000000000000000000000000000000) #b000000000000000000000000000000001 #b000000000000000000000000000000000) (ite (= a12_1_2 #b000000000000000000000000000000000) #b000000000000000000000000000000001 #b000000000000000000000000000000000)) (ite (= a12_1 #b000000000000000000000000000000000) #b000000000000000000000000000000001 #b000000000000000000000000000000000)) #b000000000000000000000000000000001)
(= v4_v1 (bvsub (bvsub a12_1 (bvadd a12_1_2 v5_f0_v0)) (bvadd a12_1_1 v6_v0)))
(bvsge b12_2_1 #b110000000000000000000000000000000)
(bvsle b12_2_1 #b001111111111111111111111111111111)
(bvsge b12_2_2 #b110000000000000000000000000000000)
(bvsle b12_2_2 #b001111111111111111111111111111111)
(distinct v4_v1 #b000000000000000000000000000000000)
(bvsge b12_2_3 #b110000000000000000000000000000000)
(bvsle b12_2_3 #b001111111111111111111111111111111)
(bvsge b12_2 #b110000000000000000000000000000000)
(bvsle b12_2 #b001111111111111111111111111111111)
(bvsle (bvadd (bvadd (bvadd (ite (= b12_2_1 #b000000000000000000000000000000000) #b000000000000000000000000000000001 #b000000000000000000000000000000000) (ite (= b12_2_2 #b000000000000000000000000000000000) #b000000000000000000000000000000001 #b000000000000000000000000000000000)) (ite (= b12_2_3 #b000000000000000000000000000000000) #b000000000000000000000000000000001 #b000000000000000000000000000000000)) (ite (= b12_2 #b000000000000000000000000000000000) #b000000000000000000000000000000001 #b000000000000000000000000000000000)) #b000000000000000000000000000000010)
(let ((_let0 (bvsub (bvsub a12_0 (bvsdiv a12_0_2 v7_f0_v0)) (bvsub a12_0_1 v5_f0_v0)))) (let ((_let1 (bvsub (bvsub a12_1 (bvadd a12_1_2 v5_f0_v0)) (bvadd a12_1_1 v6_v0)))) (let ((_let2 (bvsub (bvsub (bvsub b12_2 (bvadd b12_2_3 v6_v0)) (bvsrem b12_2_2 v4_v1)) (bvadd b12_2_1 v2_v1)))) (or (or (or false (or (bvsgt _let0 #b001111111111111111111111111111111) (bvslt _let0 #b110000000000000000000000000000000))) (or (bvsgt _let1 #b001111111111111111111111111111111) (bvslt _let1 #b110000000000000000000000000000000))) (or (bvsgt _let2 #b001111111111111111111111111111111) (bvslt _let2 #b110000000000000000000000000000000))))))
SAT
Adding initializations to ensure undefined behaviors
Let variable: var=v5_f0, value=-2147483647
Let variable: var=v7_f0, value=1
Let variable: var=v6, value=2147483646
Let variable: var=v5_f0, value=-2147483647
Let symbol: sym=a12_0_1, value=2147483646
Let symbol: sym=a12_0_2, value=1073741825
Let symbol: sym=a12_0, value=-2147483647
Let symbol: sym=a12_1_1, value=-1
Let symbol: sym=a12_1_2, value=1
Let symbol: sym=a12_1, value=0
Let symbol: sym=b12_2_1, value=-2
Let symbol: sym=b12_2_2, value=-1
Let symbol: sym=b12_2_3, value=-1
Let symbol: sym=b12_2, value=1
--------IntUBInject: Inject Int UBs to Block BB13--------------------------------------------
Collected constraints:
(bvsge v7_f0_v0 #b110000000000000000000000000000000)
(bvsle v7_f0_v0 #b001111111111111111111111111111111)
(bvsle v0_v0 #b001111111111111111111111111111111)
(bvsge v0_v0 #b110000000000000000000000000000000)
(bvsge v7_f0_v0 #b110000000000000000000000000000000)
(bvsle v7_f0_v0 #b001111111111111111111111111111111)
(bvsge v5_f0_v0 #b110000000000000000000000000000000)
(bvsle v5_f0_v0 #b001111111111111111111111111111111)
(bvsge a13_0_1 #b110000000000000000000000000000000)
(bvsle a13_0_1 #b001111111111111111111111111111111)
(distinct v7_f0_v0 #b000000000000000000000000000000000)
(bvsge a13_0_2 #b110000000000000000000000000000000)
(bvsle a13_0_2 #b001111111111111111111111111111111)
(bvsge a13_0 #b110000000000000000000000000000000)
(bvsle a13_0 #b001111111111111111111111111111111)
(bvsle (bvadd (bvadd (ite (= a13_0_1 #b000000000000000000000000000000000) #b000000000000000000000000000000001 #b000000000000000000000000000000000) (ite (= a13_0_2 #b000000000000000000000000000000000) #b000000000000000000000000000000001 #b000000000000000000000000000000000)) (ite (= a13_0 #b000000000000000000000000000000000) #b000000000000000000000000000000001 #b000000000000000000000000000000000)) #b000000000000000000000000000000001)
(= v4_v1 (bvadd (bvadd a13_0 (bvsub a13_0_2 v0_v0)) (bvsrem a13_0_1 v7_f0_v0)))
(bvsge a13_1_1 #b110000000000000000000000000000000)
(bvsle a13_1_1 #b001111111111111111111111111111111)
(bvsge a13_1_2 #b110000000000000000000000000000000)
(bvsle a13_1_2 #b001111111111111111111111111111111)
(distinct v5_f0_v0 #b000000000000000000000000000000000)
(bvsge a13_1 #b110000000000000000000000000000000)
(bvsle a13_1 #b001111111111111111111111111111111)
(bvsle (bvadd (bvadd (ite (= a13_1_1 #b000000000000000000000000000000000) #b000000000000000000000000000000001 #b000000000000000000000000000000000) (ite (= a13_1_2 #b000000000000000000000000000000000) #b000000000000000000000000000000001 #b000000000000000000000000000000000)) (ite (= a13_1 #b000000000000000000000000000000000) #b000000000000000000000000000000001 #b000000000000000000000000000000000)) #b000000000000000000000000000000001)
(= v3_v1 (bvadd (bvadd a13_1 (bvsrem a13_1_2 v5_f0_v0)) (bvadd a13_1_1 v7_f0_v0)))
(let ((_let0 (bvadd (bvadd a13_0 (bvsub a13_0_2 v0_v0)) (bvsrem a13_0_1 v7_f0_v0)))) (let ((_let1 (bvadd (bvadd a13_1 (bvsrem a13_1_2 v5_f0_v0)) (bvadd a13_1_1 v7_f0_v0)))) (or (or false (or (bvsgt _let0 #b001111111111111111111111111111111) (bvslt _let0 #b110000000000000000000000000000000))) (or (bvsgt _let1 #b001111111111111111111111111111111) (bvslt _let1 #b110000000000000000000000000000000)))))
SAT
Adding initializations to ensure undefined behaviors
Let variable: var=v7_f0, value=-2147483648
Let variable: var=v0, value=4
Let variable: var=v7_f0, value=-2147483648
Let variable: var=v5_f0, value=1
Let symbol: sym=a13_0_1, value=1
Let symbol: sym=a13_0_2, value=2
Let symbol: sym=a13_0, value=0
Let symbol: sym=a13_1_1, value=-1
Let symbol: sym=a13_1_2, value=1073741824
Let symbol: sym=a13_1, value=0
Define symbols: sym=a2_0_1, val=839639759 (for unexecuted basic blocks)
Define symbols: sym=a2_0_2, val=-1397344703 (for unexecuted basic blocks)
Define symbols: sym=a2_0, val=114673107 (for unexecuted basic blocks)
Define symbols: sym=a2_1_1, val=34537004 (for unexecuted basic blocks)
Define symbols: sym=a2_1_2, val=-226229700 (for unexecuted basic blocks)
Define symbols: sym=a2_1, val=719493559 (for unexecuted basic blocks)
Define symbols: sym=b2_2_1, val=1030822556 (for unexecuted basic blocks)
Define symbols: sym=b2_2_2, val=-571222011 (for unexecuted basic blocks)
Define symbols: sym=b2_2_3, val=599792541 (for unexecuted basic blocks)
Define symbols: sym=b2_2, val=484010866 (for unexecuted basic blocks)
Define symbols: sym=a4_0_1, val=-1622351741 (for unexecuted basic blocks)
Define symbols: sym=a4_0_2, val=-676221937 (for unexecuted basic blocks)
Define symbols: sym=a4_0, val=162430307 (for unexecuted basic blocks)
Define symbols: sym=a4_1_1, val=1918241996 (for unexecuted basic blocks)
Define symbols: sym=a4_1_2, val=1373257845 (for unexecuted basic blocks)
Define symbols: sym=a4_1, val=189747431 (for unexecuted basic blocks)
Define symbols: sym=b4_2_1, val=1327985214 (for unexecuted basic blocks)
Define symbols: sym=b4_2_2, val=-131755991 (for unexecuted basic blocks)
Define symbols: sym=b4_2_3, val=-1376062263 (for unexecuted basic blocks)
Define symbols: sym=b4_2, val=1580785636 (for unexecuted basic blocks)
Define symbols: sym=a6_0_1, val=-341674172 (for unexecuted basic blocks)
Define symbols: sym=a6_0_2, val=412248395 (for unexecuted basic blocks)
Define symbols: sym=a6_0, val=845539208 (for unexecuted basic blocks)
Define symbols: sym=a6_1_1, val=1075817014 (for unexecuted basic blocks)
Define symbols: sym=a6_1_2, val=470912251 (for unexecuted basic blocks)
Define symbols: sym=a6_1, val=1383553117 (for unexecuted basic blocks)
Define symbols: sym=b6_2_1, val=1290385128 (for unexecuted basic blocks)
Define symbols: sym=b6_2_2, val=-119516352 (for unexecuted basic blocks)
Define symbols: sym=b6_2_3, val=510930731 (for unexecuted basic blocks)
Define symbols: sym=b6_2, val=1937160217 (for unexecuted basic blocks)
Define symbols: sym=a7_0_1, val=1921052719 (for unexecuted basic blocks)
Define symbols: sym=a7_0_2, val=-1093339408 (for unexecuted basic blocks)
Define symbols: sym=a7_0, val=-2074698234 (for unexecuted basic blocks)
Define symbols: sym=a7_1_1, val=-485143372 (for unexecuted basic blocks)
Define symbols: sym=a7_1_2, val=1075275273 (for unexecuted basic blocks)
Define symbols: sym=a7_1, val=1125665842 (for unexecuted basic blocks)
Define symbols: sym=b7_2_1, val=-265510476 (for unexecuted basic blocks)
Define symbols: sym=b7_2_2, val=1936058585 (for unexecuted basic blocks)
Define symbols: sym=b7_2_3, val=1061062508 (for unexecuted basic blocks)
Define symbols: sym=b7_2, val=-306140368 (for unexecuted basic blocks)
Define symbols: sym=a8_0_1, val=1101554134 (for unexecuted basic blocks)
Define symbols: sym=a8_0_2, val=402974741 (for unexecuted basic blocks)
Define symbols: sym=a8_0, val=-379030654 (for unexecuted basic blocks)
Define symbols: sym=a8_1_1, val=-825383151 (for unexecuted basic blocks)
Define symbols: sym=a8_1_2, val=-889340860 (for unexecuted basic blocks)
Define symbols: sym=a8_1, val=-22281729 (for unexecuted basic blocks)
Define symbols: sym=b8_2_1, val=-175189151 (for unexecuted basic blocks)
Define symbols: sym=b8_2_2, val=1645248715 (for unexecuted basic blocks)
Define symbols: sym=b8_2_3, val=-1948575665 (for unexecuted basic blocks)
Define symbols: sym=b8_2, val=-1533503588 (for unexecuted basic blocks)
Define symbols: sym=a9_0_1, val=-1660020858 (for unexecuted basic blocks)
Define symbols: sym=a9_0_2, val=-1596080079 (for unexecuted basic blocks)
Define symbols: sym=a9_0, val=894128980 (for unexecuted basic blocks)
Define symbols: sym=a9_1_1, val=1339781704 (for unexecuted basic blocks)
Define symbols: sym=a9_1_2, val=-773871238 (for unexecuted basic blocks)
Define symbols: sym=a9_1, val=1227974845 (for unexecuted basic blocks)
Define symbols: sym=b9_2_1, val=-580921180 (for unexecuted basic blocks)
Define symbols: sym=b9_2_2, val=1214935983 (for unexecuted basic blocks)
Define symbols: sym=b9_2_3, val=169129997 (for unexecuted basic blocks)
Define symbols: sym=b9_2, val=-476743682 (for unexecuted basic blocks)
Extract initialization: param=v0, value=-1
Extract initialization: param=v1, value=0
Extract initialization: param=v2, value=0
Extract initialization: param=v3, value=-1
Extract initialization: param=v4, value=-1
Extract initialization: param=v5, value=-1
Extract finalization: param=v0, value=-1
Extract finalization: param=v1, value=-5
Extract finalization: param=v2, value=0
Extract finalization: param=v3, value=-1
Extract finalization: param=v4, value=-2
Extract finalization: param=v5, value=-1
------SymExec: Iteration 1----------------------------------------------
Generating or re-generating UB-free constraints
Initial constraints: 
```
(bvsle (bvadd (bvadd (bvadd (bvadd (bvadd (ite (= v0_v0 #b00000000000000000000000000000000) #b00000000000000000000000000000001 #b00000000000000000000000000000000) (ite (= v1_v0 #b00000000000000000000000000000000) #b00000000000000000000000000000001 #b00000000000000000000000000000000)) (ite (= v2_v0 #b00000000000000000000000000000000) #b00000000000000000000000000000001 #b00000000000000000000000000000000)) (ite (= v3_v0 #b00000000000000000000000000000000) #b00000000000000000000000000000001 #b00000000000000000000000000000000)) (ite (= v4_v0 #b00000000000000000000000000000000) #b00000000000000000000000000000001 #b00000000000000000000000000000000)) (ite (= v5_f0_v0 #b00000000000000000000000000000000) #b00000000000000000000000000000001 #b00000000000000000000000000000000)) #b00000000000000000000000000000011)
```
Final constraints: 
```
(bvsle (bvadd (bvadd (bvadd (bvadd (bvadd (ite (= v0_v0 #b00000000000000000000000000000000) #b00000000000000000000000000000001 #b00000000000000000000000000000000) (ite (= v1_v0 #b00000000000000000000000000000000) #b00000000000000000000000000000001 #b00000000000000000000000000000000)) (ite (= v2_v0 #b00000000000000000000000000000000) #b00000000000000000000000000000001 #b00000000000000000000000000000000)) (ite (= v3_v0 #b00000000000000000000000000000000) #b00000000000000000000000000000001 #b00000000000000000000000000000000)) (ite (= v4_v0 #b00000000000000000000000000000000) #b00000000000000000000000000000001 #b00000000000000000000000000000000)) (ite (= v5_f0_v0 #b00000000000000000000000000000000) #b00000000000000000000000000000001 #b00000000000000000000000000000000)) #b00000000000000000000000000000011)
(= v6_v0 #b11111111111111111111111111111111)
(= v7_f0_v0 #b11111111111111111111111111111111)
(bvsle (ite (= #b11111111111111111111111111111111 #b00000000000000000000000000000000) #b00000000000000000000000000000001 #b00000000000000000000000000000000) #b00000000000000000000000000000000)
(not (bvsaddo #b11111111111111111111111111111111 v6_v0))
(distinct v4_v0 #b00000000000000000000000000000000)
(not (bvsdivo #b11111111111111111111111111111111 v4_v0))
(not (bvsaddo (bvadd #b11111111111111111111111111111111 v6_v0) (bvsrem #b11111111111111111111111111111111 v4_v0)))
(not (bvsaddo (bvadd (bvadd #b11111111111111111111111111111111 v6_v0) (bvsrem #b11111111111111111111111111111111 v4_v0)) #b11111111111111111111111111111111))
(let ((_let0 (ite (= #b11111111111111111111111111111111 #b00000000000000000000000000000000) #b00000000000000000000000000000001 #b00000000000000000000000000000000))) (bvsle (bvadd (bvadd _let0 _let0) _let0) #b00000000000000000000000000000001))
(= v7_f0_v1 (bvadd (bvadd (bvadd #b11111111111111111111111111111111 v6_v0) (bvsrem #b11111111111111111111111111111111 v4_v0)) #b11111111111111111111111111111111))
(distinct v0_v0 #b00000000000000000000000000000000)
(not (bvsdivo #b11111111111111111111111111111111 v0_v0))
(not (bvssubo (bvsrem #b11111111111111111111111111111111 v0_v0) (bvsrem #b11111111111111111111111111111111 v4_v0)))
(not (bvssubo (bvsub (bvsrem #b11111111111111111111111111111111 v0_v0) (bvsrem #b11111111111111111111111111111111 v4_v0)) #b00000000000000000000000000000001))
(let ((_let0 (ite (= #b11111111111111111111111111111111 #b00000000000000000000000000000000) #b00000000000000000000000000000001 #b00000000000000000000000000000000))) (bvsle (bvadd (bvadd _let0 _let0) (ite (= #b00000000000000000000000000000001 #b00000000000000000000000000000000) #b00000000000000000000000000000001 #b00000000000000000000000000000000)) #b00000000000000000000000000000001))
(= v0_v1 (bvsub (bvsub (bvsrem #b11111111111111111111111111111111 v0_v0) (bvsrem #b11111111111111111111111111111111 v4_v0)) #b00000000000000000000000000000001))
(distinct v3_v0 #b00000000000000000000000000000000)
(not (bvsdivo #b11111111111111111111111111111111 v3_v0))
(not (bvsaddo #b11111111111111111111111111111111 v4_v0))
(not (bvsaddo (bvsdiv #b11111111111111111111111111111111 v3_v0) (bvadd #b11111111111111111111111111111111 v4_v0)))
(not (bvsaddo (bvadd (bvsdiv #b11111111111111111111111111111111 v3_v0) (bvadd #b11111111111111111111111111111111 v4_v0)) #b11111111111111111111111111111111))
(= v4_v1 (bvadd (bvadd (bvsdiv #b11111111111111111111111111111111 v3_v0) (bvadd #b11111111111111111111111111111111 v4_v0)) #b11111111111111111111111111111111))
(not (bvsaddo #b11111111111111111111111111111111 v5_f0_v0))
(not (bvsaddo #b11111111111111111111111111111111 v3_v0))
(not (bvsaddo (bvadd #b11111111111111111111111111111111 v5_f0_v0) (bvadd #b11111111111111111111111111111111 v3_v0)))
(not (bvsaddo (bvadd (bvadd #b11111111111111111111111111111111 v5_f0_v0) (bvadd #b11111111111111111111111111111111 v3_v0)) #b11111111111111111111111111111111))
(= v1_v1 (bvadd (bvadd (bvadd #b11111111111111111111111111111111 v5_f0_v0) (bvadd #b11111111111111111111111111111111 v3_v0)) #b11111111111111111111111111111111))
(not (bvsmulo #b11111111111111111111111111111111 v4_v1))
(distinct v1_v1 #b00000000000000000000000000000000)
(not (bvsdivo #b11111111111111111111111111111111 v1_v1))
(not (bvsaddo (bvmul #b11111111111111111111111111111111 v4_v1) (bvsdiv #b11111111111111111111111111111111 v1_v1)))
(not (bvsaddo (bvadd (bvmul #b11111111111111111111111111111111 v4_v1) (bvsdiv #b11111111111111111111111111111111 v1_v1)) (bvadd #b11111111111111111111111111111111 v5_f0_v0)))
(not (bvsaddo (bvadd (bvadd (bvmul #b11111111111111111111111111111111 v4_v1) (bvsdiv #b11111111111111111111111111111111 v1_v1)) (bvadd #b11111111111111111111111111111111 v5_f0_v0)) #b11111111111111111111111111111111))
(let ((_let0 (ite (= #b11111111111111111111111111111111 #b00000000000000000000000000000000) #b00000000000000000000000000000001 #b00000000000000000000000000000000))) (bvsle (bvadd (bvadd (bvadd _let0 _let0) _let0) _let0) #b00000000000000000000000000000010))
(not (bvsgt (bvadd (bvadd (bvadd (bvmul #b11111111111111111111111111111111 v4_v1) (bvsdiv #b11111111111111111111111111111111 v1_v1)) (bvadd #b11111111111111111111111111111111 v5_f0_v0)) #b11111111111111111111111111111111) #b00000000000000000000000000000000))
(distinct v5_f0_v0 #b00000000000000000000000000000000)
(not (bvsdivo #b11111111111111111111111111111111 v5_f0_v0))
(not (bvsaddo #b11111111111111111111111111111111 v1_v1))
(not (bvsaddo (bvsrem #b11111111111111111111111111111111 v5_f0_v0) (bvadd #b11111111111111111111111111111111 v1_v1)))
(not (bvsaddo (bvadd (bvsrem #b11111111111111111111111111111111 v5_f0_v0) (bvadd #b11111111111111111111111111111111 v1_v1)) #b11111111111111111111111111111111))
(= v7_f0_v2 (bvadd (bvadd (bvsrem #b11111111111111111111111111111111 v5_f0_v0) (bvadd #b11111111111111111111111111111111 v1_v1)) #b11111111111111111111111111111111))
(distinct v4_v1 #b00000000000000000000000000000000)
(not (bvsdivo #b11111111111111111111111111111111 v4_v1))
(not (bvssubo (bvsdiv #b11111111111111111111111111111111 v4_v1) (bvsrem #b11111111111111111111111111111111 v1_v1)))
(not (bvssubo (bvsub (bvsdiv #b11111111111111111111111111111111 v4_v1) (bvsrem #b11111111111111111111111111111111 v1_v1)) #b00000000000000000000000000000010))
(let ((_let0 (ite (= #b11111111111111111111111111111111 #b00000000000000000000000000000000) #b00000000000000000000000000000001 #b00000000000000000000000000000000))) (bvsle (bvadd (bvadd _let0 _let0) (ite (= #b00000000000000000000000000000010 #b00000000000000000000000000000000) #b00000000000000000000000000000001 #b00000000000000000000000000000000)) #b00000000000000000000000000000001))
(= v6_v1 (bvsub (bvsub (bvsdiv #b11111111111111111111111111111111 v4_v1) (bvsrem #b11111111111111111111111111111111 v1_v1)) #b00000000000000000000000000000010))
(bvsle (bvadd (bvadd (bvadd (bvadd (bvadd (ite (= (ite (distinct v0_v0 #b11111111111111111111111111111111) #b00000000000000000000000000000001 #b00000000000000000000000000000000) #b00000000000000000000000000000000) #b00000000000000000000000000000001 #b00000000000000000000000000000000) (ite (= (ite (distinct v1_v0 #b00000000000000000000000000000000) #b00000000000000000000000000000001 #b00000000000000000000000000000000) #b00000000000000000000000000000000) #b00000000000000000000000000000001 #b00000000000000000000000000000000)) (ite (= (ite (distinct v2_v0 #b00000000000000000000000000000000) #b00000000000000000000000000000001 #b00000000000000000000000000000000) #b00000000000000000000000000000000) #b00000000000000000000000000000001 #b00000000000000000000000000000000)) (ite (= (ite (distinct v3_v0 #b11111111111111111111111111111111) #b00000000000000000000000000000001 #b00000000000000000000000000000000) #b00000000000000000000000000000000) #b00000000000000000000000000000001 #b00000000000000000000000000000000)) (ite (= (ite (distinct v4_v0 #b11111111111111111111111111111111) #b00000000000000000000000000000001 #b00000000000000000000000000000000) #b00000000000000000000000000000000) #b00000000000000000000000000000001 #b00000000000000000000000000000000)) (ite (= (ite (distinct v5_f0_v0 #b11111111111111111111111111111111) #b00000000000000000000000000000001 #b00000000000000000000000000000000) #b00000000000000000000000000000000) #b00000000000000000000000000000001 #b00000000000000000000000000000000)) #b00000000000000000000000000000011)
```
Constraint stats: asserted=49 addCalls=57 skippedTrue=0 deduped=8 ensureInRangeCalls=58 boundedAlready=0 uniqueConstraintIds=49 uniqueBoundedIds=0 (solverAsserted=0)
Bitwuzla check_sat time: 56ms
Bitwuzla statistics: preprocess::contradicting_ands::num_substs=0 preprocess::contradicting_ands::time_apply=0ms preprocess::elim_extract::num_elim=0 preprocess::elim_extract::time_apply=0ms preprocess::elim_lambda::time_apply=0ms preprocess::elim_udiv::num_eliminated=0 preprocess::elim_udiv::time_apply=0ms preprocess::embedded_constraints::num_substs=4 preprocess::embedded_constraints::time_apply=0ms preprocess::flatten_and::num_assertions=16 preprocess::flatten_and::num_flattened=8 preprocess::flatten_and::time_apply=0ms preprocess::lambda::num_elim=0 preprocess::normalize::num_common_normalizations=0 preprocess::normalize::num_normalizations=46 preprocess::normalize::num_normalized_assertions=0 preprocess::normalize::num_pass1=0 preprocess::normalize::num_pass2=0 preprocess::normalize::time_adder_chains=0ms preprocess::normalize::time_apply=8ms preprocess::normalize::time_compute_occs=0ms preprocess::normalize::time_normalize_add=0ms preprocess::normalize::time_normalize_mul=0ms preprocess::normalize::time_score=6ms preprocess::rewrite::time_apply=0ms preprocess::skeleton_preproc::cnf::clauses=156 preprocess::skeleton_preproc::cnf::lits=316 preprocess::skeleton_preproc::new_assertions=0 preprocess::skeleton_preproc::resets=1 preprocess::skeleton_preproc::time_apply=0ms preprocess::skeleton_preproc::time_encode=0ms preprocess::skeleton_preproc::time_fixed=0ms preprocess::skeleton_preproc::time_sat=0ms preprocess::uninterpreted::num_substs=0 preprocess::uninterpreted::time_apply=0ms preprocess::varsubst::normalize_bv_ineq::num_slt=0 preprocess::varsubst::normalize_bv_ineq::num_ult=0 preprocess::varsubst::normalize_eq::num_bv_concat=0 preprocess::varsubst::normalize_eq::num_gauss_elim=0 preprocess::varsubst::normalize_eq::num_linear_eq=0 preprocess::varsubst::num_substs=8 preprocess::varsubst::time_apply=0ms preprocess::varsubst::time_direct_cycle_check=0ms preprocess::varsubst::time_find_substitution=0ms preprocess::varsubst::time_find_vars=0ms preprocess::varsubst::time_register=0ms preprocess::varsubst::time_remove_cycles=0ms preprocess::varsubst::time_substitute=0ms preprocessor::num_iterations=2 preprocessor::time_preprocess=10ms preprocessor::time_process=0ms rewriter::(normalize)::num_evals=0 rewriter::(normalize)::num_rewrites=165 rewriter::(normalize)::rewrite::BV_ADD_CONST=6 rewriter::(normalize)::rewrite::BV_ADD_EVAL=6 rewriter::(normalize)::rewrite::BV_ADD_SPECIAL_CONST=11 rewriter::(normalize)::rewrite::BV_MUL_EVAL=4 rewriter::(normalize)::rewrite::BV_MUL_ONES=7 rewriter::(normalize)::rewrite::BV_NEG_ELIM=7 rewriter::(normalize)::rewrite::BV_NOT_BV_NOT=23 rewriter::(normalize)::rewrite::NORMALIZE_COMM=101 rewriter::num_evals=0 rewriter::num_rewrites=686 rewriter::rewrite::AND_EVAL=1 rewriter::rewrite::AND_SPECIAL_CONST=63 rewriter::rewrite::BV_ADD_CONST=5 rewriter::rewrite::BV_ADD_EVAL=7 rewriter::rewrite::BV_ADD_ITE2=12 rewriter::rewrite::BV_ADD_SPECIAL_CONST=12 rewriter::rewrite::BV_AND_EVAL=1 rewriter::rewrite::BV_AND_SPECIAL_CONST=31 rewriter::rewrite::BV_CONCAT_EVAL=2 rewriter::rewrite::BV_EXTRACT_ADD_MUL=4 rewriter::rewrite::BV_EXTRACT_EVAL=36 rewriter::rewrite::BV_EXTRACT_FULL=1 rewriter::rewrite::BV_MUL_ONES=2 rewriter::rewrite::BV_MUL_POW2=4 rewriter::rewrite::BV_NEG_ELIM=20 rewriter::rewrite::BV_NOT_BV_NEG=2 rewriter::rewrite::BV_NOT_BV_NOT=48 rewriter::rewrite::BV_NOT_EVAL=5 rewriter::rewrite::BV_OR_ELIM=2 rewriter::rewrite::BV_SADDO_ELIM=16 rewriter::rewrite::BV_SDIVO_ELIM=6 rewriter::rewrite::BV_SDIV_ELIM=3 rewriter::rewrite::BV_SGT_ELIM=1 rewriter::rewrite::BV_SHL_CONST=4 rewriter::rewrite::BV_SIGN_EXTEND_ELIM=4 rewriter::rewrite::BV_SLE_ELIM=5 rewriter::rewrite::BV_SLT_EVAL=3 rewriter::rewrite::BV_SMULO_ELIM=1 rewriter::rewrite::BV_SREM_ELIM=4 rewriter::rewrite::BV_SSUBO_ELIM=4 rewriter::rewrite::BV_SUB_ELIM=4 rewriter::rewrite::BV_XOR_EVAL=1 rewriter::rewrite::BV_XOR_SPECIAL_CONST=3 rewriter::rewrite::DISTINCT_ELIM=12 rewriter::rewrite::EQUAL_CONST_BV_ADD=2 rewriter::rewrite::EQUAL_CONST_BV_NOT=3 rewriter::rewrite::EQUAL_EVAL=10 rewriter::rewrite::EQUAL_ITE_SAME=6 rewriter::rewrite::EQUAL_SPECIAL_CONST=1 rewriter::rewrite::EQUAL_TRUE=6 rewriter::rewrite::ITE_EVAL=10 rewriter::rewrite::NORMALIZE_COMM=249 rewriter::rewrite::NOT_EQUAL_BV1_BOOL=17 rewriter::rewrite::NOT_EVAL=1 rewriter::rewrite::NOT_NOT=26 rewriter::rewrite::OR_ELIM=26 solver::abstract::num_checks=1 solver::abstract::terms::total=0 solver::abstract::time_check=0ms solver::array::equalities=0 solver::array::num_checks=0 solver::array::propagations=0 solver::array::propagations_down=0 solver::array::propagations_up=0 solver::array::selects=0 solver::array::time_check=0ms solver::bv::bitblast::aig::num_ands=56454 solver::bv::bitblast::aig::num_consts=192 solver::bv::bitblast::aig::num_shared=22902 solver::bv::bitblast::aig::time_bitblast=6ms solver::bv::bitblast::cnf::num_clauses=137425 solver::bv::bitblast::cnf::num_literals=336677 solver::bv::bitblast::cnf::num_vars=43971 solver::bv::bitblast::cnf::time_encode=33ms solver::bv::bitblast::sat::time_solve=5ms solver::bv::num_assertions=37 solver::bv::num_checks=1 solver::bv::time_check=38ms solver::engine::lemmas::abstr=0 solver::engine::lemmas::array=0 solver::engine::lemmas::fp=0 solver::engine::lemmas::fun=0 solver::engine::lemmas::quant=0 solver::engine::lemmas::total=0 solver::engine::time_register_term=0ms solver::engine::time_solve=45ms solver::fun::num_checks=1 solver::fun::time_check=0ms solver::quant::mbqi_checks=0 solver::quant::num_lemma_iterations=0 solver::quant::num_lemmas=0 solver::quant::time_check=0ms solver::quant::time_mbqi=0ms solver::quant::time_process=0ms solving_context::max_memory=74805248 solving_context::time_ensure_model=0ms solving_context::time_solve=56ms
SAT
Extract initialization: param=v0, value=-1
Extract initialization: param=v1, value=-1
Extract initialization: param=v2, value=-1
Extract initialization: param=v3, value=-1
Extract initialization: param=v4, value=-1
Extract initialization: param=v5, value=-2
Extract finalization: param=v0, value=-1
Extract finalization: param=v1, value=-6
Extract finalization: param=v2, value=-1
Extract finalization: param=v3, value=-1
Extract finalization: param=v4, value=-2
Extract finalization: param=v5, value=-2
------SymExec: Iteration 2----------------------------------------------
Final constraints: 
```
(bvsle (bvadd (bvadd (bvadd (bvadd (bvadd (ite (= v0_v0 #b00000000000000000000000000000000) #b00000000000000000000000000000001 #b00000000000000000000000000000000) (ite (= v1_v0 #b00000000000000000000000000000000) #b00000000000000000000000000000001 #b00000000000000000000000000000000)) (ite (= v2_v0 #b00000000000000000000000000000000) #b00000000000000000000000000000001 #b00000000000000000000000000000000)) (ite (= v3_v0 #b00000000000000000000000000000000) #b00000000000000000000000000000001 #b00000000000000000000000000000000)) (ite (= v4_v0 #b00000000000000000000000000000000) #b00000000000000000000000000000001 #b00000000000000000000000000000000)) (ite (= v5_f0_v0 #b00000000000000000000000000000000) #b00000000000000000000000000000001 #b00000000000000000000000000000000)) #b00000000000000000000000000000011)
(= v6_v0 #b11111111111111111111111111111111)
(= v7_f0_v0 #b11111111111111111111111111111111)
(bvsle (ite (= #b11111111111111111111111111111111 #b00000000000000000000000000000000) #b00000000000000000000000000000001 #b00000000000000000000000000000000) #b00000000000000000000000000000000)
(not (bvsaddo #b11111111111111111111111111111111 v6_v0))
(distinct v4_v0 #b00000000000000000000000000000000)
(not (bvsdivo #b11111111111111111111111111111111 v4_v0))
(not (bvsaddo (bvadd #b11111111111111111111111111111111 v6_v0) (bvsrem #b11111111111111111111111111111111 v4_v0)))
(not (bvsaddo (bvadd (bvadd #b11111111111111111111111111111111 v6_v0) (bvsrem #b11111111111111111111111111111111 v4_v0)) #b11111111111111111111111111111111))
(let ((_let0 (ite (= #b11111111111111111111111111111111 #b00000000000000000000000000000000) #b00000000000000000000000000000001 #b00000000000000000000000000000000))) (bvsle (bvadd (bvadd _let0 _let0) _let0) #b00000000000000000000000000000001))
(= v7_f0_v1 (bvadd (bvadd (bvadd #b11111111111111111111111111111111 v6_v0) (bvsrem #b11111111111111111111111111111111 v4_v0)) #b11111111111111111111111111111111))
(distinct v0_v0 #b00000000000000000000000000000000)
(not (bvsdivo #b11111111111111111111111111111111 v0_v0))
(not (bvssubo (bvsrem #b11111111111111111111111111111111 v0_v0) (bvsrem #b11111111111111111111111111111111 v4_v0)))
(not (bvssubo (bvsub (bvsrem #b11111111111111111111111111111111 v0_v0) (bvsrem #b11111111111111111111111111111111 v4_v0)) #b00000000000000000000000000000001))
(let ((_let0 (ite (= #b11111111111111111111111111111111 #b00000000000000000000000000000000) #b00000000000000000000000000000001 #b00000000000000000000000000000000))) (bvsle (bvadd (bvadd _let0 _let0) (ite (= #b00000000000000000000000000000001 #b00000000000000000000000000000000) #b00000000000000000000000000000001 #b00000000000000000000000000000000)) #b00000000000000000000000000000001))
(= v0_v1 (bvsub (bvsub (bvsrem #b11111111111111111111111111111111 v0_v0) (bvsrem #b11111111111111111111111111111111 v4_v0)) #b00000000000000000000000000000001))
(distinct v3_v0 #b00000000000000000000000000000000)
(not (bvsdivo #b11111111111111111111111111111111 v3_v0))
(not (bvsaddo #b11111111111111111111111111111111 v4_v0))
(not (bvsaddo (bvsdiv #b11111111111111111111111111111111 v3_v0) (bvadd #b11111111111111111111111111111111 v4_v0)))
(not (bvsaddo (bvadd (bvsdiv #b11111111111111111111111111111111 v3_v0) (bvadd #b11111111111111111111111111111111 v4_v0)) #b11111111111111111111111111111111))
(= v4_v1 (bvadd (bvadd (bvsdiv #b11111111111111111111111111111111 v3_v0) (bvadd #b11111111111111111111111111111111 v4_v0)) #b11111111111111111111111111111111))
(not (bvsaddo #b11111111111111111111111111111111 v5_f0_v0))
(not (bvsaddo #b11111111111111111111111111111111 v3_v0))
(not (bvsaddo (bvadd #b11111111111111111111111111111111 v5_f0_v0) (bvadd #b11111111111111111111111111111111 v3_v0)))
(not (bvsaddo (bvadd (bvadd #b11111111111111111111111111111111 v5_f0_v0) (bvadd #b11111111111111111111111111111111 v3_v0)) #b11111111111111111111111111111111))
(= v1_v1 (bvadd (bvadd (bvadd #b11111111111111111111111111111111 v5_f0_v0) (bvadd #b11111111111111111111111111111111 v3_v0)) #b11111111111111111111111111111111))
(not (bvsmulo #b11111111111111111111111111111111 v4_v1))
(distinct v1_v1 #b00000000000000000000000000000000)
(not (bvsdivo #b11111111111111111111111111111111 v1_v1))
(not (bvsaddo (bvmul #b11111111111111111111111111111111 v4_v1) (bvsdiv #b11111111111111111111111111111111 v1_v1)))
(not (bvsaddo (bvadd (bvmul #b11111111111111111111111111111111 v4_v1) (bvsdiv #b11111111111111111111111111111111 v1_v1)) (bvadd #b11111111111111111111111111111111 v5_f0_v0)))
(not (bvsaddo (bvadd (bvadd (bvmul #b11111111111111111111111111111111 v4_v1) (bvsdiv #b11111111111111111111111111111111 v1_v1)) (bvadd #b11111111111111111111111111111111 v5_f0_v0)) #b11111111111111111111111111111111))
(let ((_let0 (ite (= #b11111111111111111111111111111111 #b00000000000000000000000000000000) #b00000000000000000000000000000001 #b00000000000000000000000000000000))) (bvsle (bvadd (bvadd (bvadd _let0 _let0) _let0) _let0) #b00000000000000000000000000000010))
(not (bvsgt (bvadd (bvadd (bvadd (bvmul #b11111111111111111111111111111111 v4_v1) (bvsdiv #b11111111111111111111111111111111 v1_v1)) (bvadd #b11111111111111111111111111111111 v5_f0_v0)) #b11111111111111111111111111111111) #b00000000000000000000000000000000))
(distinct v5_f0_v0 #b00000000000000000000000000000000)
(not (bvsdivo #b11111111111111111111111111111111 v5_f0_v0))
(not (bvsaddo #b11111111111111111111111111111111 v1_v1))
(not (bvsaddo (bvsrem #b11111111111111111111111111111111 v5_f0_v0) (bvadd #b11111111111111111111111111111111 v1_v1)))
(not (bvsaddo (bvadd (bvsrem #b11111111111111111111111111111111 v5_f0_v0) (bvadd #b11111111111111111111111111111111 v1_v1)) #b11111111111111111111111111111111))
(= v7_f0_v2 (bvadd (bvadd (bvsrem #b11111111111111111111111111111111 v5_f0_v0) (bvadd #b11111111111111111111111111111111 v1_v1)) #b11111111111111111111111111111111))
(distinct v4_v1 #b00000000000000000000000000000000)
(not (bvsdivo #b11111111111111111111111111111111 v4_v1))
(not (bvssubo (bvsdiv #b11111111111111111111111111111111 v4_v1) (bvsrem #b11111111111111111111111111111111 v1_v1)))
(not (bvssubo (bvsub (bvsdiv #b11111111111111111111111111111111 v4_v1) (bvsrem #b11111111111111111111111111111111 v1_v1)) #b00000000000000000000000000000010))
(let ((_let0 (ite (= #b11111111111111111111111111111111 #b00000000000000000000000000000000) #b00000000000000000000000000000001 #b00000000000000000000000000000000))) (bvsle (bvadd (bvadd _let0 _let0) (ite (= #b00000000000000000000000000000010 #b00000000000000000000000000000000) #b00000000000000000000000000000001 #b00000000000000000000000000000000)) #b00000000000000000000000000000001))
(= v6_v1 (bvsub (bvsub (bvsdiv #b11111111111111111111111111111111 v4_v1) (bvsrem #b11111111111111111111111111111111 v1_v1)) #b00000000000000000000000000000010))
(bvsle (bvadd (bvadd (bvadd (bvadd (bvadd (ite (= (ite (distinct v0_v0 #b11111111111111111111111111111111) #b00000000000000000000000000000001 #b00000000000000000000000000000000) #b00000000000000000000000000000000) #b00000000000000000000000000000001 #b00000000000000000000000000000000) (ite (= (ite (distinct v1_v0 #b00000000000000000000000000000000) #b00000000000000000000000000000001 #b00000000000000000000000000000000) #b00000000000000000000000000000000) #b00000000000000000000000000000001 #b00000000000000000000000000000000)) (ite (= (ite (distinct v2_v0 #b00000000000000000000000000000000) #b00000000000000000000000000000001 #b00000000000000000000000000000000) #b00000000000000000000000000000000) #b00000000000000000000000000000001 #b00000000000000000000000000000000)) (ite (= (ite (distinct v3_v0 #b11111111111111111111111111111111) #b00000000000000000000000000000001 #b00000000000000000000000000000000) #b00000000000000000000000000000000) #b00000000000000000000000000000001 #b00000000000000000000000000000000)) (ite (= (ite (distinct v4_v0 #b11111111111111111111111111111111) #b00000000000000000000000000000001 #b00000000000000000000000000000000) #b00000000000000000000000000000000) #b00000000000000000000000000000001 #b00000000000000000000000000000000)) (ite (= (ite (distinct v5_f0_v0 #b11111111111111111111111111111111) #b00000000000000000000000000000001 #b00000000000000000000000000000000) #b00000000000000000000000000000000) #b00000000000000000000000000000001 #b00000000000000000000000000000000)) #b00000000000000000000000000000011)
(bvsle (bvadd (bvadd (bvadd (bvadd (bvadd (ite (= (ite (distinct v0_v0 #b11111111111111111111111111111111) #b00000000000000000000000000000001 #b00000000000000000000000000000000) #b00000000000000000000000000000000) #b00000000000000000000000000000001 #b00000000000000000000000000000000) (ite (= (ite (distinct v1_v0 #b11111111111111111111111111111111) #b00000000000000000000000000000001 #b00000000000000000000000000000000) #b00000000000000000000000000000000) #b00000000000000000000000000000001 #b00000000000000000000000000000000)) (ite (= (ite (distinct v2_v0 #b11111111111111111111111111111111) #b00000000000000000000000000000001 #b00000000000000000000000000000000) #b00000000000000000000000000000000) #b00000000000000000000000000000001 #b00000000000000000000000000000000)) (ite (= (ite (distinct v3_v0 #b11111111111111111111111111111111) #b00000000000000000000000000000001 #b00000000000000000000000000000000) #b00000000000000000000000000000000) #b00000000000000000000000000000001 #b00000000000000000000000000000000)) (ite (= (ite (distinct v4_v0 #b11111111111111111111111111111111) #b00000000000000000000000000000001 #b00000000000000000000000000000000) #b00000000000000000000000000000000) #b00000000000000000000000000000001 #b00000000000000000000000000000000)) (ite (= (ite (distinct v5_f0_v0 #b11111111111111111111111111111110) #b00000000000000000000000000000001 #b00000000000000000000000000000000) #b00000000000000000000000000000000) #b00000000000000000000000000000001 #b00000000000000000000000000000000)) #b00000000000000000000000000000011)
```
Constraint stats: asserted=50 addCalls=58 skippedTrue=0 deduped=8 ensureInRangeCalls=58 boundedAlready=0 uniqueConstraintIds=50 uniqueBoundedIds=0 (solverAsserted=49)
Bitwuzla check_sat time: 50ms
Bitwuzla statistics: preprocess::contradicting_ands::num_substs=0 preprocess::contradicting_ands::time_apply=0ms preprocess::elim_extract::num_elim=0 preprocess::elim_extract::time_apply=0ms preprocess::elim_lambda::time_apply=0ms preprocess::elim_udiv::num_eliminated=0 preprocess::elim_udiv::time_apply=0ms preprocess::embedded_constraints::num_substs=4 preprocess::embedded_constraints::time_apply=0ms preprocess::flatten_and::num_assertions=16 preprocess::flatten_and::num_flattened=8 preprocess::flatten_and::time_apply=0ms preprocess::lambda::num_elim=0 preprocess::normalize::num_common_normalizations=0 preprocess::normalize::num_normalizations=46 preprocess::normalize::num_normalized_assertions=0 preprocess::normalize::num_pass1=0 preprocess::normalize::num_pass2=0 preprocess::normalize::time_adder_chains=0ms preprocess::normalize::time_apply=8ms preprocess::normalize::time_compute_occs=0ms preprocess::normalize::time_normalize_add=0ms preprocess::normalize::time_normalize_mul=0ms preprocess::normalize::time_score=6ms preprocess::rewrite::time_apply=0ms preprocess::skeleton_preproc::cnf::clauses=156 preprocess::skeleton_preproc::cnf::lits=316 preprocess::skeleton_preproc::new_assertions=0 preprocess::skeleton_preproc::resets=1 preprocess::skeleton_preproc::time_apply=0ms preprocess::skeleton_preproc::time_encode=0ms preprocess::skeleton_preproc::time_fixed=0ms preprocess::skeleton_preproc::time_sat=0ms preprocess::uninterpreted::num_substs=0 preprocess::uninterpreted::time_apply=0ms preprocess::varsubst::normalize_bv_ineq::num_slt=0 preprocess::varsubst::normalize_bv_ineq::num_ult=0 preprocess::varsubst::normalize_eq::num_bv_concat=0 preprocess::varsubst::normalize_eq::num_gauss_elim=0 preprocess::varsubst::normalize_eq::num_linear_eq=0 preprocess::varsubst::num_substs=8 preprocess::varsubst::time_apply=0ms preprocess::varsubst::time_direct_cycle_check=0ms preprocess::varsubst::time_find_substitution=0ms preprocess::varsubst::time_find_vars=0ms preprocess::varsubst::time_register=0ms preprocess::varsubst::time_remove_cycles=0ms preprocess::varsubst::time_substitute=0ms preprocessor::num_iterations=3 preprocessor::time_preprocess=10ms preprocessor::time_process=0ms rewriter::(normalize)::num_evals=0 rewriter::(normalize)::num_rewrites=165 rewriter::(normalize)::rewrite::BV_ADD_CONST=6 rewriter::(normalize)::rewrite::BV_ADD_EVAL=6 rewriter::(normalize)::rewrite::BV_ADD_SPECIAL_CONST=11 rewriter::(normalize)::rewrite::BV_MUL_EVAL=4 rewriter::(normalize)::rewrite::BV_MUL_ONES=7 rewriter::(normalize)::rewrite::BV_NEG_ELIM=7 rewriter::(normalize)::rewrite::BV_NOT_BV_NOT=23 rewriter::(normalize)::rewrite::NORMALIZE_COMM=101 rewriter::num_evals=0 rewriter::num_rewrites=748 rewriter::rewrite::AND_EVAL=1 rewriter::rewrite::AND_SPECIAL_CONST=69 rewriter::rewrite::BV_ADD_CONST=5 rewriter::rewrite::BV_ADD_EVAL=9 rewriter::rewrite::BV_ADD_ITE2=18 rewriter::rewrite::BV_ADD_SPECIAL_CONST=17 rewriter::rewrite::BV_AND_EVAL=1 rewriter::rewrite::BV_AND_SPECIAL_CONST=31 rewriter::rewrite::BV_CONCAT_EVAL=2 rewriter::rewrite::BV_EXTRACT_ADD_MUL=4 rewriter::rewrite::BV_EXTRACT_EVAL=36 rewriter::rewrite::BV_EXTRACT_FULL=1 rewriter::rewrite::BV_MUL_ONES=2 rewriter::rewrite::BV_MUL_POW2=4 rewriter::rewrite::BV_NEG_ELIM=20 rewriter::rewrite::BV_NOT_BV_NEG=2 rewriter::rewrite::BV_NOT_BV_NOT=48 rewriter::rewrite::BV_NOT_EVAL=5 rewriter::rewrite::BV_OR_ELIM=2 rewriter::rewrite::BV_SADDO_ELIM=16 rewriter::rewrite::BV_SDIVO_ELIM=6 rewriter::rewrite::BV_SDIV_ELIM=3 rewriter::rewrite::BV_SGT_ELIM=1 rewriter::rewrite::BV_SHL_CONST=4 rewriter::rewrite::BV_SIGN_EXTEND_ELIM=4 rewriter::rewrite::BV_SLE_ELIM=6 rewriter::rewrite::BV_SLT_EVAL=3 rewriter::rewrite::BV_SMULO_ELIM=1 rewriter::rewrite::BV_SREM_ELIM=4 rewriter::rewrite::BV_SSUBO_ELIM=4 rewriter::rewrite::BV_SUB_ELIM=4 rewriter::rewrite::BV_XOR_EVAL=1 rewriter::rewrite::BV_XOR_SPECIAL_CONST=3 rewriter::rewrite::DISTINCT_ELIM=18 rewriter::rewrite::EQUAL_CONST_BV_ADD=2 rewriter::rewrite::EQUAL_CONST_BV_NOT=3 rewriter::rewrite::EQUAL_EVAL=11 rewriter::rewrite::EQUAL_ITE_SAME=12 rewriter::rewrite::EQUAL_SPECIAL_CONST=1 rewriter::rewrite::EQUAL_TRUE=6 rewriter::rewrite::ITE_EVAL=10 rewriter::rewrite::NORMALIZE_COMM=265 rewriter::rewrite::NOT_EQUAL_BV1_BOOL=17 rewriter::rewrite::NOT_EVAL=2 rewriter::rewrite::NOT_NOT=32 rewriter::rewrite::OR_ELIM=32 solver::abstract::num_checks=2 solver::abstract::terms::total=0 solver::abstract::time_check=0ms solver::array::equalities=0 solver::array::num_checks=0 solver::array::propagations=0 solver::array::propagations_down=0 solver::array::propagations_up=0 solver::array::selects=0 solver::array::time_check=0ms solver::bv::bitblast::aig::num_ands=56600 solver::bv::bitblast::aig::num_consts=192 solver::bv::bitblast::aig::num_shared=22932 solver::bv::bitblast::aig::time_bitblast=6ms solver::bv::bitblast::cnf::num_clauses=137778 solver::bv::bitblast::cnf::num_literals=337511 solver::bv::bitblast::cnf::num_vars=44083 solver::bv::bitblast::cnf::time_encode=34ms solver::bv::bitblast::sat::time_solve=54ms solver::bv::num_assertions=38 solver::bv::num_checks=2 solver::bv::time_check=88ms solver::engine::lemmas::abstr=0 solver::engine::lemmas::array=0 solver::engine::lemmas::fp=0 solver::engine::lemmas::fun=0 solver::engine::lemmas::quant=0 solver::engine::lemmas::total=0 solver::engine::time_register_term=0ms solver::engine::time_solve=95ms solver::fun::num_checks=2 solver::fun::time_check=0ms solver::quant::mbqi_checks=0 solver::quant::num_lemma_iterations=0 solver::quant::num_lemmas=0 solver::quant::time_check=0ms solver::quant::time_mbqi=0ms solver::quant::time_process=0ms solving_context::max_memory=74805248 solving_context::time_ensure_model=0ms solving_context::time_solve=106ms
SAT
Extract initialization: param=v0, value=1
Extract initialization: param=v1, value=-2
Extract initialization: param=v2, value=-2
Extract initialization: param=v3, value=566231048
Extract initialization: param=v4, value=67108864
Extract initialization: param=v5, value=-2
Extract finalization: param=v0, value=0
Extract finalization: param=v1, value=566231043
Extract finalization: param=v2, value=-2
Extract finalization: param=v3, value=566231048
Extract finalization: param=v4, value=67108862
Extract finalization: param=v5, value=-2
