----FunPlus: Generate Function func_0g6z1t_45------------------------------------------------
------GraphPlus::Generate----------------------------------------------
Randomly generating a graph with 15 nodes
------CfgSketch: Unflattened CFG Sketch----------------------------------------------
Bimpo: type=0, id=0, size=1, start=0
Bimpo: type=0, id=1, size=1, start=1
Bimpo: type=0, id=2, size=1, start=2
Bimpo: type=0, id=3, size=1, start=3
Bimpo: type=0, id=4, size=1, start=4
Bimpo: type=0, id=5, size=1, start=5
Bimpo: type=0, id=6, size=1, start=6
Bimpo: type=0, id=7, size=1, start=7
Bimpo: type=0, id=8, size=1, start=8
Bimpo: type=0, id=9, size=1, start=9
Bimpo: type=0, id=10, size=1, start=10
Bimpo: type=0, id=11, size=1, start=11
Bimpo: type=0, id=12, size=1, start=12
Bimpo: type=0, id=13, size=1, start=13
Bimpo: type=0, id=14, size=1, start=14
------CfgSketch: Flattened CFG Sketch----------------------------------------------
Block: 0 -> [6]
Block: 1 -> [5]
Block: 2 -> [9, 12]
Block: 3 -> [9, 13]
Block: 4 -> [7]
Block: 5 -> [3, 8]
Block: 6 -> [7, 14]
Block: 7 -> [8, 9]
Block: 8 -> [10, 14]
Block: 9 -> [7, 14]
Block: 10 -> [2, 8]
Block: 11 -> [6]
Block: 12 -> [3, 6]
Block: 13 -> [6]
Block: 14 -> []
------FunPlus: Generate Block #0----------------------------------------------
Generate assignment: 6 <- 2, 3
Generate assignment: 7 <- 6, 3
------FunPlus: Generate Block #1----------------------------------------------
Generate assignment: 5 <- 3, 7
Generate assignment: 2 <- 6, 7
------FunPlus: Generate Block #2----------------------------------------------
Generate assignment: 7 <- 1, 5
Generate assignment: 5 <- 5, 6
Generate conditional: 7, 5, 4
------FunPlus: Generate Block #3----------------------------------------------
Generate assignment: 2 <- 3, 4
Generate assignment: 5 <- 2, 6
Generate conditional: 2, 5, 1
------FunPlus: Generate Block #4----------------------------------------------
Generate assignment: 6 <- 0, 1
Generate assignment: 5 <- 3, 6
------FunPlus: Generate Block #5----------------------------------------------
Generate assignment: 0 <- 3, 1
Generate assignment: 6 <- 1, 0
Generate conditional: 0, 6, 1
------FunPlus: Generate Block #6----------------------------------------------
Generate assignment: 1 <- 5, 1
Generate assignment: 5 <- 0, 5
Generate conditional: 1, 5, 4
------FunPlus: Generate Block #7----------------------------------------------
Generate assignment: 5 <- 0, 3
Generate assignment: 2 <- 1, 6
Generate conditional: 5, 2, 4
------FunPlus: Generate Block #8----------------------------------------------
Generate assignment: 1 <- 1, 5
Generate assignment: 2 <- 0, 5
Generate conditional: 1, 2, 4
------FunPlus: Generate Block #9----------------------------------------------
Generate assignment: 6 <- 0, 5
Generate assignment: 4 <- 2, 3
Generate conditional: 6, 4, 3
------FunPlus: Generate Block #10----------------------------------------------
Generate assignment: 2 <- 1, 2
Generate assignment: 1 <- 3, 0
Generate conditional: 2, 1, 6
------FunPlus: Generate Block #11----------------------------------------------
Generate assignment: 6 <- 5, 4
Generate assignment: 4 <- 2, 7
------FunPlus: Generate Block #12----------------------------------------------
Generate assignment: 7 <- 2, 3
Generate assignment: 2 <- 3, 5
Generate conditional: 7, 2, 1
------FunPlus: Generate Block #13----------------------------------------------
Generate assignment: 4 <- 0, 4
Generate assignment: 2 <- 5, 7
------FunPlus: Generate Block #14----------------------------------------------
Generate assignment: 4 <- 7, 2
Generate assignment: 5 <- 7, 3
----SymExec: Solve------------------------------------------------
Execution Path: 0->6->14
------SymExec: Iteration 0----------------------------------------------
Generating or re-generating UB-free constraints
Initial constraints: 
```
(bvsle (bvadd (bvadd (bvadd (bvadd (bvadd (ite (= v0_v0 #b00000000000000000000000000000000) #b00000000000000000000000000000001 #b00000000000000000000000000000000) (ite (= v1_v0 #b00000000000000000000000000000000) #b00000000000000000000000000000001 #b00000000000000000000000000000000)) (ite (= v2_v0 #b00000000000000000000000000000000) #b00000000000000000000000000000001 #b00000000000000000000000000000000)) (ite (= v3_v0 #b00000000000000000000000000000000) #b00000000000000000000000000000001 #b00000000000000000000000000000000)) (ite (= v4_v0 #b00000000000000000000000000000000) #b00000000000000000000000000000001 #b00000000000000000000000000000000)) (ite (= v5_v0 #b00000000000000000000000000000000) #b00000000000000000000000000000001 #b00000000000000000000000000000000)) #b00000000000000000000000000000011)
```
Final constraints: 
```
(bvsle (bvadd (bvadd (bvadd (bvadd (bvadd (ite (= v0_v0 #b00000000000000000000000000000000) #b00000000000000000000000000000001 #b00000000000000000000000000000000) (ite (= v1_v0 #b00000000000000000000000000000000) #b00000000000000000000000000000001 #b00000000000000000000000000000000)) (ite (= v2_v0 #b00000000000000000000000000000000) #b00000000000000000000000000000001 #b00000000000000000000000000000000)) (ite (= v3_v0 #b00000000000000000000000000000000) #b00000000000000000000000000000001 #b00000000000000000000000000000000)) (ite (= v4_v0 #b00000000000000000000000000000000) #b00000000000000000000000000000001 #b00000000000000000000000000000000)) (ite (= v5_v0 #b00000000000000000000000000000000) #b00000000000000000000000000000001 #b00000000000000000000000000000000)) #b00000000000000000000000000000011)
(= v6_v0 init_var6)
(= v7_f0_f0_el0_v0 init_var7_f0_f0_el0)
(= v7_f0_f0_el1_v0 init_var7_f0_f0_el1)
(= v7_f1_v0 init_var7_f1)
(= v7_f2_v0 init_var7_f2)
(bvsle (bvadd (bvadd (bvadd (ite (= init_var7_f0_f0_el0 #b00000000000000000000000000000000) #b00000000000000000000000000000001 #b00000000000000000000000000000000) (ite (= init_var7_f0_f0_el1 #b00000000000000000000000000000000) #b00000000000000000000000000000001 #b00000000000000000000000000000000)) (ite (= init_var7_f1 #b00000000000000000000000000000000) #b00000000000000000000000000000001 #b00000000000000000000000000000000)) (ite (= init_var7_f2 #b00000000000000000000000000000000) #b00000000000000000000000000000001 #b00000000000000000000000000000000)) #b00000000000000000000000000000010)
(distinct v2_v0 #b00000000000000000000000000000000)
(not (bvsdivo a0_0_1 v2_v0))
(distinct v3_v0 #b00000000000000000000000000000000)
(not (bvsdivo a0_0_2 v3_v0))
(not (bvsaddo (bvsdiv a0_0_1 v2_v0) (bvsrem a0_0_2 v3_v0)))
(not (bvsaddo (bvadd (bvsdiv a0_0_1 v2_v0) (bvsrem a0_0_2 v3_v0)) a0_0))
(bvsle (bvadd (bvadd (ite (= a0_0_1 #b00000000000000000000000000000000) #b00000000000000000000000000000001 #b00000000000000000000000000000000) (ite (= a0_0_2 #b00000000000000000000000000000000) #b00000000000000000000000000000001 #b00000000000000000000000000000000)) (ite (= a0_0 #b00000000000000000000000000000000) #b00000000000000000000000000000001 #b00000000000000000000000000000000)) #b00000000000000000000000000000001)
(= v6_v1 (bvadd (bvadd (bvsdiv a0_0_1 v2_v0) (bvsrem a0_0_2 v3_v0)) a0_0))
(distinct v6_v1 #b00000000000000000000000000000000)
(not (bvsdivo a0_1_1 v6_v1))
(not (bvsdivo a0_1_2 v3_v0))
(not (bvssubo (bvsrem a0_1_1 v6_v1) (bvsrem a0_1_2 v3_v0)))
(not (bvssubo (bvsub (bvsrem a0_1_1 v6_v1) (bvsrem a0_1_2 v3_v0)) a0_1))
(bvsle (bvadd (bvadd (ite (= a0_1_1 #b00000000000000000000000000000000) #b00000000000000000000000000000001 #b00000000000000000000000000000000) (ite (= a0_1_2 #b00000000000000000000000000000000) #b00000000000000000000000000000001 #b00000000000000000000000000000000)) (ite (= a0_1 #b00000000000000000000000000000000) #b00000000000000000000000000000001 #b00000000000000000000000000000000)) #b00000000000000000000000000000001)
(= v7_f0_f0_el1_v1 (bvsub (bvsub (bvsrem a0_1_1 v6_v1) (bvsrem a0_1_2 v3_v0)) a0_1))
(not (bvsaddo a6_0_1 v5_v0))
(not (bvsmulo a6_0_2 v1_v0))
(not (bvssubo (bvadd a6_0_1 v5_v0) (bvmul a6_0_2 v1_v0)))
(not (bvssubo (bvsub (bvadd a6_0_1 v5_v0) (bvmul a6_0_2 v1_v0)) a6_0))
(bvsle (bvadd (bvadd (ite (= a6_0_1 #b00000000000000000000000000000000) #b00000000000000000000000000000001 #b00000000000000000000000000000000) (ite (= a6_0_2 #b00000000000000000000000000000000) #b00000000000000000000000000000001 #b00000000000000000000000000000000)) (ite (= a6_0 #b00000000000000000000000000000000) #b00000000000000000000000000000001 #b00000000000000000000000000000000)) #b00000000000000000000000000000001)
(= v1_v1 (bvsub (bvsub (bvadd a6_0_1 v5_v0) (bvmul a6_0_2 v1_v0)) a6_0))
(distinct v0_v0 #b00000000000000000000000000000000)
(not (bvsdivo a6_1_1 v0_v0))
(distinct v5_v0 #b00000000000000000000000000000000)
(not (bvsdivo a6_1_2 v5_v0))
(not (bvsaddo (bvsdiv a6_1_1 v0_v0) (bvsrem a6_1_2 v5_v0)))
(not (bvsaddo (bvadd (bvsdiv a6_1_1 v0_v0) (bvsrem a6_1_2 v5_v0)) a6_1))
(bvsle (bvadd (bvadd (ite (= a6_1_1 #b00000000000000000000000000000000) #b00000000000000000000000000000001 #b00000000000000000000000000000000) (ite (= a6_1_2 #b00000000000000000000000000000000) #b00000000000000000000000000000001 #b00000000000000000000000000000000)) (ite (= a6_1 #b00000000000000000000000000000000) #b00000000000000000000000000000001 #b00000000000000000000000000000000)) #b00000000000000000000000000000001)
(= v5_v1 (bvadd (bvadd (bvsdiv a6_1_1 v0_v0) (bvsrem a6_1_2 v5_v0)) a6_1))
(not (bvsmulo b6_2_1 v1_v1))
(not (bvsaddo b6_2_2 v5_v1))
(not (bvsaddo (bvmul b6_2_1 v1_v1) (bvadd b6_2_2 v5_v1)))
(distinct v4_v0 #b00000000000000000000000000000000)
(not (bvsdivo b6_2_3 v4_v0))
(not (bvsaddo (bvadd (bvmul b6_2_1 v1_v1) (bvadd b6_2_2 v5_v1)) (bvsrem b6_2_3 v4_v0)))
(not (bvsaddo (bvadd (bvadd (bvmul b6_2_1 v1_v1) (bvadd b6_2_2 v5_v1)) (bvsrem b6_2_3 v4_v0)) b6_2))
(bvsle (bvadd (bvadd (bvadd (ite (= b6_2_1 #b00000000000000000000000000000000) #b00000000000000000000000000000001 #b00000000000000000000000000000000) (ite (= b6_2_2 #b00000000000000000000000000000000) #b00000000000000000000000000000001 #b00000000000000000000000000000000)) (ite (= b6_2_3 #b00000000000000000000000000000000) #b00000000000000000000000000000001 #b00000000000000000000000000000000)) (ite (= b6_2 #b00000000000000000000000000000000) #b00000000000000000000000000000001 #b00000000000000000000000000000000)) #b00000000000000000000000000000010)
(not (bvsgt (bvadd (bvadd (bvadd (bvmul b6_2_1 v1_v1) (bvadd b6_2_2 v5_v1)) (bvsrem b6_2_3 v4_v0)) b6_2) #b00000000000000000000000000000000))
(not (bvsmulo a14_0_1 v7_f0_f0_el1_v1))
(not (bvsmulo a14_0_2 v2_v0))
(not (bvsaddo (bvmul a14_0_1 v7_f0_f0_el1_v1) (bvmul a14_0_2 v2_v0)))
(not (bvsaddo (bvadd (bvmul a14_0_1 v7_f0_f0_el1_v1) (bvmul a14_0_2 v2_v0)) a14_0))
(bvsle (bvadd (bvadd (ite (= a14_0_1 #b00000000000000000000000000000000) #b00000000000000000000000000000001 #b00000000000000000000000000000000) (ite (= a14_0_2 #b00000000000000000000000000000000) #b00000000000000000000000000000001 #b00000000000000000000000000000000)) (ite (= a14_0 #b00000000000000000000000000000000) #b00000000000000000000000000000001 #b00000000000000000000000000000000)) #b00000000000000000000000000000001)
(= v4_v1 (bvadd (bvadd (bvmul a14_0_1 v7_f0_f0_el1_v1) (bvmul a14_0_2 v2_v0)) a14_0))
(not (bvsaddo a14_1_1 v7_f0_f0_el1_v1))
(not (bvsdivo a14_1_2 v3_v0))
(not (bvssubo (bvadd a14_1_1 v7_f0_f0_el1_v1) (bvsrem a14_1_2 v3_v0)))
(not (bvssubo (bvsub (bvadd a14_1_1 v7_f0_f0_el1_v1) (bvsrem a14_1_2 v3_v0)) a14_1))
(bvsle (bvadd (bvadd (ite (= a14_1_1 #b00000000000000000000000000000000) #b00000000000000000000000000000001 #b00000000000000000000000000000000) (ite (= a14_1_2 #b00000000000000000000000000000000) #b00000000000000000000000000000001 #b00000000000000000000000000000000)) (ite (= a14_1 #b00000000000000000000000000000000) #b00000000000000000000000000000001 #b00000000000000000000000000000000)) #b00000000000000000000000000000001)
(= v5_v2 (bvsub (bvsub (bvadd a14_1_1 v7_f0_f0_el1_v1) (bvsrem a14_1_2 v3_v0)) a14_1))
```
Optimized constraints: 
```
(bvsle (bvadd (bvadd (bvadd (bvadd (bvadd (ite (= v0_v0 #b00000000000000000000000000000000) #b00000000000000000000000000000001 #b00000000000000000000000000000000) (ite (= v1_v0 #b00000000000000000000000000000000) #b00000000000000000000000000000001 #b00000000000000000000000000000000)) (ite (= v2_v0 #b00000000000000000000000000000000) #b00000000000000000000000000000001 #b00000000000000000000000000000000)) (ite (= v3_v0 #b00000000000000000000000000000000) #b00000000000000000000000000000001 #b00000000000000000000000000000000)) (ite (= v4_v0 #b00000000000000000000000000000000) #b00000000000000000000000000000001 #b00000000000000000000000000000000)) (ite (= v5_v0 #b00000000000000000000000000000000) #b00000000000000000000000000000001 #b00000000000000000000000000000000)) #b00000000000000000000000000000011)
(= v6_v0 init_var6)
(= v7_f0_f0_el0_v0 init_var7_f0_f0_el0)
(= v7_f0_f0_el1_v0 init_var7_f0_f0_el1)
(= v7_f1_v0 init_var7_f1)
(= v7_f2_v0 init_var7_f2)
(bvsle (bvadd (bvadd (bvadd (ite (= init_var7_f0_f0_el0 #b00000000000000000000000000000000) #b00000000000000000000000000000001 #b00000000000000000000000000000000) (ite (= init_var7_f0_f0_el1 #b00000000000000000000000000000000) #b00000000000000000000000000000001 #b00000000000000000000000000000000)) (ite (= init_var7_f1 #b00000000000000000000000000000000) #b00000000000000000000000000000001 #b00000000000000000000000000000000)) (ite (= init_var7_f2 #b00000000000000000000000000000000) #b00000000000000000000000000000001 #b00000000000000000000000000000000)) #b00000000000000000000000000000010)
(distinct v2_v0 #b00000000000000000000000000000000)
(not (bvsdivo a0_0_1 v2_v0))
(distinct v3_v0 #b00000000000000000000000000000000)
(not (bvsdivo a0_0_2 v3_v0))
(not (bvsaddo (bvsdiv a0_0_1 v2_v0) (bvsrem a0_0_2 v3_v0)))
(not (bvsaddo (bvadd (bvsdiv a0_0_1 v2_v0) (bvsrem a0_0_2 v3_v0)) a0_0))
(bvsle (bvadd (bvadd (ite (= a0_0_1 #b00000000000000000000000000000000) #b00000000000000000000000000000001 #b00000000000000000000000000000000) (ite (= a0_0_2 #b00000000000000000000000000000000) #b00000000000000000000000000000001 #b00000000000000000000000000000000)) (ite (= a0_0 #b00000000000000000000000000000000) #b00000000000000000000000000000001 #b00000000000000000000000000000000)) #b00000000000000000000000000000001)
(= v6_v1 (bvadd (bvadd (bvsdiv a0_0_1 v2_v0) (bvsrem a0_0_2 v3_v0)) a0_0))
(distinct v6_v1 #b00000000000000000000000000000000)
(not (bvsdivo a0_1_1 v6_v1))
(not (bvsdivo a0_1_2 v3_v0))
(not (bvssubo (bvsrem a0_1_1 v6_v1) (bvsrem a0_1_2 v3_v0)))
(not (bvssubo (bvsub (bvsrem a0_1_1 v6_v1) (bvsrem a0_1_2 v3_v0)) a0_1))
(bvsle (bvadd (bvadd (ite (= a0_1_1 #b00000000000000000000000000000000) #b00000000000000000000000000000001 #b00000000000000000000000000000000) (ite (= a0_1_2 #b00000000000000000000000000000000) #b00000000000000000000000000000001 #b00000000000000000000000000000000)) (ite (= a0_1 #b00000000000000000000000000000000) #b00000000000000000000000000000001 #b00000000000000000000000000000000)) #b00000000000000000000000000000001)
(= v7_f0_f0_el1_v1 (bvsub (bvsub (bvsrem a0_1_1 v6_v1) (bvsrem a0_1_2 v3_v0)) a0_1))
(not (bvsaddo a6_0_1 v5_v0))
(not (bvsmulo a6_0_2 v1_v0))
(not (bvssubo (bvadd a6_0_1 v5_v0) (bvmul a6_0_2 v1_v0)))
(not (bvssubo (bvsub (bvadd a6_0_1 v5_v0) (bvmul a6_0_2 v1_v0)) a6_0))
(bvsle (bvadd (bvadd (ite (= a6_0_1 #b00000000000000000000000000000000) #b00000000000000000000000000000001 #b00000000000000000000000000000000) (ite (= a6_0_2 #b00000000000000000000000000000000) #b00000000000000000000000000000001 #b00000000000000000000000000000000)) (ite (= a6_0 #b00000000000000000000000000000000) #b00000000000000000000000000000001 #b00000000000000000000000000000000)) #b00000000000000000000000000000001)
(= v1_v1 (bvsub (bvsub (bvadd a6_0_1 v5_v0) (bvmul a6_0_2 v1_v0)) a6_0))
(distinct v0_v0 #b00000000000000000000000000000000)
(not (bvsdivo a6_1_1 v0_v0))
(distinct v5_v0 #b00000000000000000000000000000000)
(not (bvsdivo a6_1_2 v5_v0))
(not (bvsaddo (bvsdiv a6_1_1 v0_v0) (bvsrem a6_1_2 v5_v0)))
(not (bvsaddo (bvadd (bvsdiv a6_1_1 v0_v0) (bvsrem a6_1_2 v5_v0)) a6_1))
(bvsle (bvadd (bvadd (ite (= a6_1_1 #b00000000000000000000000000000000) #b00000000000000000000000000000001 #b00000000000000000000000000000000) (ite (= a6_1_2 #b00000000000000000000000000000000) #b00000000000000000000000000000001 #b00000000000000000000000000000000)) (ite (= a6_1 #b00000000000000000000000000000000) #b00000000000000000000000000000001 #b00000000000000000000000000000000)) #b00000000000000000000000000000001)
(= v5_v1 (bvadd (bvadd (bvsdiv a6_1_1 v0_v0) (bvsrem a6_1_2 v5_v0)) a6_1))
(not (bvsmulo b6_2_1 v1_v1))
(not (bvsaddo b6_2_2 v5_v1))
(not (bvsaddo (bvmul b6_2_1 v1_v1) (bvadd b6_2_2 v5_v1)))
(distinct v4_v0 #b00000000000000000000000000000000)
(not (bvsdivo b6_2_3 v4_v0))
(not (bvsaddo (bvadd (bvmul b6_2_1 v1_v1) (bvadd b6_2_2 v5_v1)) (bvsrem b6_2_3 v4_v0)))
(not (bvsaddo (bvadd (bvadd (bvmul b6_2_1 v1_v1) (bvadd b6_2_2 v5_v1)) (bvsrem b6_2_3 v4_v0)) b6_2))
(bvsle (bvadd (bvadd (bvadd (ite (= b6_2_1 #b00000000000000000000000000000000) #b00000000000000000000000000000001 #b00000000000000000000000000000000) (ite (= b6_2_2 #b00000000000000000000000000000000) #b00000000000000000000000000000001 #b00000000000000000000000000000000)) (ite (= b6_2_3 #b00000000000000000000000000000000) #b00000000000000000000000000000001 #b00000000000000000000000000000000)) (ite (= b6_2 #b00000000000000000000000000000000) #b00000000000000000000000000000001 #b00000000000000000000000000000000)) #b00000000000000000000000000000010)
(not (bvsgt (bvadd (bvadd (bvadd (bvmul b6_2_1 v1_v1) (bvadd b6_2_2 v5_v1)) (bvsrem b6_2_3 v4_v0)) b6_2) #b00000000000000000000000000000000))
(not (bvsmulo a14_0_1 v7_f0_f0_el1_v1))
(not (bvsmulo a14_0_2 v2_v0))
(not (bvsaddo (bvmul a14_0_1 v7_f0_f0_el1_v1) (bvmul a14_0_2 v2_v0)))
(not (bvsaddo (bvadd (bvmul a14_0_1 v7_f0_f0_el1_v1) (bvmul a14_0_2 v2_v0)) a14_0))
(bvsle (bvadd (bvadd (ite (= a14_0_1 #b00000000000000000000000000000000) #b00000000000000000000000000000001 #b00000000000000000000000000000000) (ite (= a14_0_2 #b00000000000000000000000000000000) #b00000000000000000000000000000001 #b00000000000000000000000000000000)) (ite (= a14_0 #b00000000000000000000000000000000) #b00000000000000000000000000000001 #b00000000000000000000000000000000)) #b00000000000000000000000000000001)
(= v4_v1 (bvadd (bvadd (bvmul a14_0_1 v7_f0_f0_el1_v1) (bvmul a14_0_2 v2_v0)) a14_0))
(not (bvsaddo a14_1_1 v7_f0_f0_el1_v1))
(not (bvsdivo a14_1_2 v3_v0))
(not (bvssubo (bvadd a14_1_1 v7_f0_f0_el1_v1) (bvsrem a14_1_2 v3_v0)))
(not (bvssubo (bvsub (bvadd a14_1_1 v7_f0_f0_el1_v1) (bvsrem a14_1_2 v3_v0)) a14_1))
(bvsle (bvadd (bvadd (ite (= a14_1_1 #b00000000000000000000000000000000) #b00000000000000000000000000000001 #b00000000000000000000000000000000) (ite (= a14_1_2 #b00000000000000000000000000000000) #b00000000000000000000000000000001 #b00000000000000000000000000000000)) (ite (= a14_1 #b00000000000000000000000000000000) #b00000000000000000000000000000001 #b00000000000000000000000000000000)) #b00000000000000000000000000000001)
(= v5_v2 (bvsub (bvsub (bvadd a14_1_1 v7_f0_f0_el1_v1) (bvsrem a14_1_2 v3_v0)) a14_1))
```
Constraint stats: asserted=57 addCalls=59 skippedTrue=0 deduped=2 ensureInRangeCalls=74 boundedAlready=0 uniqueConstraintIds=57 uniqueBoundedIds=0 (solverAsserted=0)
Bitwuzla check_sat time: 263ms
Bitwuzla statistics: preprocess::contradicting_ands::num_substs=0 preprocess::contradicting_ands::time_apply=0ms preprocess::elim_extract::num_elim=0 preprocess::elim_extract::time_apply=0ms preprocess::elim_lambda::time_apply=0ms preprocess::elim_udiv::num_eliminated=0 preprocess::elim_udiv::time_apply=0ms preprocess::embedded_constraints::num_substs=5 preprocess::embedded_constraints::time_apply=1ms preprocess::flatten_and::num_assertions=160 preprocess::flatten_and::num_flattened=138 preprocess::flatten_and::time_apply=0ms preprocess::lambda::num_elim=0 preprocess::normalize::num_common_normalizations=14 preprocess::normalize::num_normalizations=86 preprocess::normalize::num_normalized_assertions=0 preprocess::normalize::num_pass1=0 preprocess::normalize::num_pass2=0 preprocess::normalize::time_adder_chains=2ms preprocess::normalize::time_apply=50ms preprocess::normalize::time_compute_occs=0ms preprocess::normalize::time_normalize_add=0ms preprocess::normalize::time_normalize_mul=0ms preprocess::normalize::time_score=44ms preprocess::rewrite::time_apply=2ms preprocess::skeleton_preproc::cnf::clauses=427 preprocess::skeleton_preproc::cnf::lits=747 preprocess::skeleton_preproc::new_assertions=0 preprocess::skeleton_preproc::resets=1 preprocess::skeleton_preproc::time_apply=1ms preprocess::skeleton_preproc::time_encode=0ms preprocess::skeleton_preproc::time_fixed=0ms preprocess::skeleton_preproc::time_sat=0ms preprocess::uninterpreted::num_substs=0 preprocess::uninterpreted::time_apply=0ms preprocess::varsubst::normalize_bv_ineq::num_slt=0 preprocess::varsubst::normalize_bv_ineq::num_ult=0 preprocess::varsubst::normalize_eq::num_bv_concat=0 preprocess::varsubst::normalize_eq::num_gauss_elim=6 preprocess::varsubst::normalize_eq::num_linear_eq=6 preprocess::varsubst::num_substs=11 preprocess::varsubst::time_apply=1ms preprocess::varsubst::time_direct_cycle_check=0ms preprocess::varsubst::time_find_substitution=0ms preprocess::varsubst::time_find_vars=0ms preprocess::varsubst::time_register=0ms preprocess::varsubst::time_remove_cycles=0ms preprocess::varsubst::time_substitute=0ms preprocessor::num_iterations=2 preprocessor::time_preprocess=57ms preprocessor::time_process=0ms rewriter::(normalize)::num_evals=0 rewriter::(normalize)::num_rewrites=271 rewriter::(normalize)::rewrite::BV_ADD_EVAL=1 rewriter::(normalize)::rewrite::BV_ADD_SPECIAL_CONST=24 rewriter::(normalize)::rewrite::BV_MUL_EVAL=1 rewriter::(normalize)::rewrite::BV_MUL_NEG=1 rewriter::(normalize)::rewrite::BV_MUL_ONES=7 rewriter::(normalize)::rewrite::BV_NEG_ELIM=7 rewriter::(normalize)::rewrite::BV_NOT_BV_NOT=38 rewriter::(normalize)::rewrite::NORMALIZE_COMM=192 rewriter::eval::BV_MUL_EVAL=2 rewriter::eval::BV_NEG_EVAL=2 rewriter::eval::BV_SHL_EVAL=2 rewriter::eval::EQUAL_EVAL=3 rewriter::eval::IMPLIES_EVAL=1 rewriter::num_evals=10 rewriter::num_rewrites=1734 rewriter::rewrite::BV_ADD_EVAL=2 rewriter::rewrite::BV_ADD_ITE2=32 rewriter::rewrite::BV_ADD_SPECIAL_CONST=29 rewriter::rewrite::BV_EXTRACT_ADD_MUL=7 rewriter::rewrite::BV_EXTRACT_EVAL=1 rewriter::rewrite::BV_EXTRACT_FULL=8 rewriter::rewrite::BV_MUL_ONE=6 rewriter::rewrite::BV_MUL_POW2=7 rewriter::rewrite::BV_NEG_ELIM=43 rewriter::rewrite::BV_NOT_BV_NOT=318 rewriter::rewrite::BV_NOT_EVAL=2 rewriter::rewrite::BV_OR_ELIM=236 rewriter::rewrite::BV_SADDO_ELIM=12 rewriter::rewrite::BV_SDIVO_ELIM=8 rewriter::rewrite::BV_SDIV_ELIM=2 rewriter::rewrite::BV_SGT_ELIM=1 rewriter::rewrite::BV_SHL_CONST=7 rewriter::rewrite::BV_SHL_SPECIAL_CONST=4 rewriter::rewrite::BV_SIGN_EXTEND_ELIM=16 rewriter::rewrite::BV_SLE_ELIM=9 rewriter::rewrite::BV_SMULO_ELIM=4 rewriter::rewrite::BV_SREM_ELIM=6 rewriter::rewrite::BV_SSUBO_ELIM=6 rewriter::rewrite::BV_SUB_ELIM=12 rewriter::rewrite::DISTINCT_ELIM=6 rewriter::rewrite::EQUAL_BV_SUB=9 rewriter::rewrite::EQUAL_CONST_BV_NOT=124 rewriter::rewrite::EQUAL_SPECIAL_CONST=8 rewriter::rewrite::EQUAL_TRUE=8 rewriter::rewrite::IMPLIES_ELIM=4 rewriter::rewrite::ITE_EVAL=1 rewriter::rewrite::NORMALIZE_COMM=720 rewriter::rewrite::NOT_EQUAL_BV1_BOOL=40 rewriter::rewrite::NOT_NOT=18 rewriter::rewrite::OR_ELIM=18 solver::abstract::lemmas::MUL_NEG_POW2=4 solver::abstract::num_checks=2 solver::abstract::terms::BV_MUL=4 solver::abstract::terms::total=4 solver::abstract::time_check=1ms solver::array::equalities=0 solver::array::num_checks=0 solver::array::propagations=0 solver::array::propagations_down=0 solver::array::propagations_up=0 solver::array::selects=0 solver::array::time_check=0ms solver::bv::bitblast::aig::num_ands=100654 solver::bv::bitblast::aig::num_consts=1156 solver::bv::bitblast::aig::num_shared=15778 solver::bv::bitblast::aig::time_bitblast=11ms solver::bv::bitblast::cnf::num_clauses=255103 solver::bv::bitblast::cnf::num_literals=618656 solver::bv::bitblast::cnf::num_vars=83012 solver::bv::bitblast::cnf::time_encode=80ms solver::bv::bitblast::sat::time_solve=110ms solver::bv::num_assertions=192 solver::bv::num_checks=2 solver::bv::time_check=190ms solver::engine::lemmas::abstr=4 solver::engine::lemmas::array=0 solver::engine::lemmas::fp=0 solver::engine::lemmas::fun=0 solver::engine::lemmas::quant=0 solver::engine::lemmas::total=4 solver::engine::time_register_term=0ms solver::engine::time_solve=205ms solver::fun::num_checks=1 solver::fun::time_check=0ms solver::quant::mbqi_checks=0 solver::quant::num_lemma_iterations=0 solver::quant::num_lemmas=0 solver::quant::time_check=0ms solver::quant::time_mbqi=0ms solver::quant::time_process=0ms solving_context::max_memory=70733824 solving_context::time_ensure_model=0ms solving_context::time_solve=263ms
SAT
Extract symbols: sym=init_var6, value=0
Extract symbols: sym=init_var7_f0_f0_el0, value=-1
Extract symbols: sym=init_var7_f0_f0_el1, value=-1
Extract symbols: sym=init_var7_f1, value=-1
Extract symbols: sym=init_var7_f2, value=-1
Extract symbols: sym=a0_0_1, value=-1
Extract symbols: sym=a0_0_2, value=-1
Extract symbols: sym=a0_0, value=-2
Extract symbols: sym=a0_1_1, value=-1
Extract symbols: sym=a0_1_2, value=-1
Extract symbols: sym=a0_1, value=1
Extract symbols: sym=a1_0_1, value=<unresolved>
Extract symbols: sym=a1_0_2, value=<unresolved>
Extract symbols: sym=a1_0, value=<unresolved>
Extract symbols: sym=a1_1_1, value=<unresolved>
Extract symbols: sym=a1_1_2, value=<unresolved>
Extract symbols: sym=a1_1, value=<unresolved>
Extract symbols: sym=a2_0_1, value=<unresolved>
Extract symbols: sym=a2_0_2, value=<unresolved>
Extract symbols: sym=a2_0, value=<unresolved>
Extract symbols: sym=a2_1_1, value=<unresolved>
Extract symbols: sym=a2_1_2, value=<unresolved>
Extract symbols: sym=a2_1, value=<unresolved>
Extract symbols: sym=b2_2_1, value=<unresolved>
Extract symbols: sym=b2_2_2, value=<unresolved>
Extract symbols: sym=b2_2_3, value=<unresolved>
Extract symbols: sym=b2_2, value=<unresolved>
Extract symbols: sym=a3_0_1, value=<unresolved>
Extract symbols: sym=a3_0_2, value=<unresolved>
Extract symbols: sym=a3_0, value=<unresolved>
Extract symbols: sym=a3_1_1, value=<unresolved>
Extract symbols: sym=a3_1_2, value=<unresolved>
Extract symbols: sym=a3_1, value=<unresolved>
Extract symbols: sym=b3_2_1, value=<unresolved>
Extract symbols: sym=b3_2_2, value=<unresolved>
Extract symbols: sym=b3_2_3, value=<unresolved>
Extract symbols: sym=b3_2, value=<unresolved>
Extract symbols: sym=a4_0_1, value=<unresolved>
Extract symbols: sym=a4_0_2, value=<unresolved>
Extract symbols: sym=a4_0, value=<unresolved>
Extract symbols: sym=a4_1_1, value=<unresolved>
Extract symbols: sym=a4_1_2, value=<unresolved>
Extract symbols: sym=a4_1, value=<unresolved>
Extract symbols: sym=a5_0_1, value=<unresolved>
Extract symbols: sym=a5_0_2, value=<unresolved>
Extract symbols: sym=a5_0, value=<unresolved>
Extract symbols: sym=a5_1_1, value=<unresolved>
Extract symbols: sym=a5_1_2, value=<unresolved>
Extract symbols: sym=a5_1, value=<unresolved>
Extract symbols: sym=b5_2_1, value=<unresolved>
Extract symbols: sym=b5_2_2, value=<unresolved>
Extract symbols: sym=b5_2_3, value=<unresolved>
Extract symbols: sym=b5_2, value=<unresolved>
Extract symbols: sym=a6_0_1, value=-1
Extract symbols: sym=a6_0_2, value=-1
Extract symbols: sym=a6_0, value=-1
Extract symbols: sym=a6_1_1, value=-1
Extract symbols: sym=a6_1_2, value=-1
Extract symbols: sym=a6_1, value=-1
Extract symbols: sym=b6_2_1, value=-1
Extract symbols: sym=b6_2_2, value=-1
Extract symbols: sym=b6_2_3, value=-1
Extract symbols: sym=b6_2, value=-1
Extract symbols: sym=a7_0_1, value=<unresolved>
Extract symbols: sym=a7_0_2, value=<unresolved>
Extract symbols: sym=a7_0, value=<unresolved>
Extract symbols: sym=a7_1_1, value=<unresolved>
Extract symbols: sym=a7_1_2, value=<unresolved>
Extract symbols: sym=a7_1, value=<unresolved>
Extract symbols: sym=b7_2_1, value=<unresolved>
Extract symbols: sym=b7_2_2, value=<unresolved>
Extract symbols: sym=b7_2_3, value=<unresolved>
Extract symbols: sym=b7_2, value=<unresolved>
Extract symbols: sym=a8_0_1, value=<unresolved>
Extract symbols: sym=a8_0_2, value=<unresolved>
Extract symbols: sym=a8_0, value=<unresolved>
Extract symbols: sym=a8_1_1, value=<unresolved>
Extract symbols: sym=a8_1_2, value=<unresolved>
Extract symbols: sym=a8_1, value=<unresolved>
Extract symbols: sym=b8_2_1, value=<unresolved>
Extract symbols: sym=b8_2_2, value=<unresolved>
Extract symbols: sym=b8_2_3, value=<unresolved>
Extract symbols: sym=b8_2, value=<unresolved>
Extract symbols: sym=a9_0_1, value=<unresolved>
Extract symbols: sym=a9_0_2, value=<unresolved>
Extract symbols: sym=a9_0, value=<unresolved>
Extract symbols: sym=a9_1_1, value=<unresolved>
Extract symbols: sym=a9_1_2, value=<unresolved>
Extract symbols: sym=a9_1, value=<unresolved>
Extract symbols: sym=b9_2_1, value=<unresolved>
Extract symbols: sym=b9_2_2, value=<unresolved>
Extract symbols: sym=b9_2_3, value=<unresolved>
Extract symbols: sym=b9_2, value=<unresolved>
Extract symbols: sym=a10_0_1, value=<unresolved>
Extract symbols: sym=a10_0_2, value=<unresolved>
Extract symbols: sym=a10_0, value=<unresolved>
Extract symbols: sym=a10_1_1, value=<unresolved>
Extract symbols: sym=a10_1_2, value=<unresolved>
Extract symbols: sym=a10_1, value=<unresolved>
Extract symbols: sym=b10_2_1, value=<unresolved>
Extract symbols: sym=b10_2_2, value=<unresolved>
Extract symbols: sym=b10_2_3, value=<unresolved>
Extract symbols: sym=b10_2, value=<unresolved>
Extract symbols: sym=a11_0_1, value=<unresolved>
Extract symbols: sym=a11_0_2, value=<unresolved>
Extract symbols: sym=a11_0, value=<unresolved>
Extract symbols: sym=a11_1_1, value=<unresolved>
Extract symbols: sym=a11_1_2, value=<unresolved>
Extract symbols: sym=a11_1, value=<unresolved>
Extract symbols: sym=a12_0_1, value=<unresolved>
Extract symbols: sym=a12_0_2, value=<unresolved>
Extract symbols: sym=a12_0, value=<unresolved>
Extract symbols: sym=a12_1_1, value=<unresolved>
Extract symbols: sym=a12_1_2, value=<unresolved>
Extract symbols: sym=a12_1, value=<unresolved>
Extract symbols: sym=b12_2_1, value=<unresolved>
Extract symbols: sym=b12_2_2, value=<unresolved>
Extract symbols: sym=b12_2_3, value=<unresolved>
Extract symbols: sym=b12_2, value=<unresolved>
Extract symbols: sym=a13_0_1, value=<unresolved>
Extract symbols: sym=a13_0_2, value=<unresolved>
Extract symbols: sym=a13_0, value=<unresolved>
Extract symbols: sym=a13_1_1, value=<unresolved>
Extract symbols: sym=a13_1_2, value=<unresolved>
Extract symbols: sym=a13_1, value=<unresolved>
Extract symbols: sym=a14_0_1, value=-1
Extract symbols: sym=a14_0_2, value=-1
Extract symbols: sym=a14_0, value=-1
Extract symbols: sym=a14_1_1, value=-1
Extract symbols: sym=a14_1_2, value=-1
Extract symbols: sym=a14_1, value=-1
--------IntUBInject: Inject Int UBs to Block BB3--------------------------------------------
Collected constraints:
(bvsle v3_v0 #b001111111111111111111111111111111)
(bvsge v3_v0 #b110000000000000000000000000000000)
(bvsle v4_v0 #b001111111111111111111111111111111)
(bvsge v4_v0 #b110000000000000000000000000000000)
(bvsle v6_v0 #b001111111111111111111111111111111)
(bvsge v6_v0 #b110000000000000000000000000000000)
(bvsge a3_0_1 #b110000000000000000000000000000000)
(bvsle a3_0_1 #b001111111111111111111111111111111)
(bvsge a3_0_2 #b110000000000000000000000000000000)
(bvsle a3_0_2 #b001111111111111111111111111111111)
(distinct v4_v0 #b000000000000000000000000000000000)
(bvsge a3_0 #b110000000000000000000000000000000)
(bvsle a3_0 #b001111111111111111111111111111111)
(bvsle (bvadd (bvadd (ite (= a3_0_1 #b000000000000000000000000000000000) #b000000000000000000000000000000001 #b000000000000000000000000000000000) (ite (= a3_0_2 #b000000000000000000000000000000000) #b000000000000000000000000000000001 #b000000000000000000000000000000000)) (ite (= a3_0 #b000000000000000000000000000000000) #b000000000000000000000000000000001 #b000000000000000000000000000000000)) #b000000000000000000000000000000001)
(= v2_v1 (bvadd (bvadd a3_0 (bvsrem a3_0_2 v4_v0)) (bvsub a3_0_1 v3_v0)))
(bvsge a3_1_1 #b110000000000000000000000000000000)
(bvsle a3_1_1 #b001111111111111111111111111111111)
(distinct v2_v1 #b000000000000000000000000000000000)
(bvsge a3_1_2 #b110000000000000000000000000000000)
(bvsle a3_1_2 #b001111111111111111111111111111111)
(distinct v6_v0 #b000000000000000000000000000000000)
(bvsge a3_1 #b110000000000000000000000000000000)
(bvsle a3_1 #b001111111111111111111111111111111)
(bvsle (bvadd (bvadd (ite (= a3_1_1 #b000000000000000000000000000000000) #b000000000000000000000000000000001 #b000000000000000000000000000000000) (ite (= a3_1_2 #b000000000000000000000000000000000) #b000000000000000000000000000000001 #b000000000000000000000000000000000)) (ite (= a3_1 #b000000000000000000000000000000000) #b000000000000000000000000000000001 #b000000000000000000000000000000000)) #b000000000000000000000000000000001)
(= v5_v1 (bvadd (bvadd a3_1 (bvsdiv a3_1_2 v6_v0)) (bvsdiv a3_1_1 v2_v1)))
(bvsge b3_2_1 #b110000000000000000000000000000000)
(bvsle b3_2_1 #b001111111111111111111111111111111)
(bvsge b3_2_2 #b110000000000000000000000000000000)
(bvsle b3_2_2 #b001111111111111111111111111111111)
(distinct v5_v1 #b000000000000000000000000000000000)
(bvsge b3_2_3 #b110000000000000000000000000000000)
(bvsle b3_2_3 #b001111111111111111111111111111111)
(bvsge b3_2 #b110000000000000000000000000000000)
(bvsle b3_2 #b001111111111111111111111111111111)
(bvsle (bvadd (bvadd (bvadd (ite (= b3_2_1 #b000000000000000000000000000000000) #b000000000000000000000000000000001 #b000000000000000000000000000000000) (ite (= b3_2_2 #b000000000000000000000000000000000) #b000000000000000000000000000000001 #b000000000000000000000000000000000)) (ite (= b3_2_3 #b000000000000000000000000000000000) #b000000000000000000000000000000001 #b000000000000000000000000000000000)) (ite (= b3_2 #b000000000000000000000000000000000) #b000000000000000000000000000000001 #b000000000000000000000000000000000)) #b000000000000000000000000000000010)
(let ((_let0 (bvadd (bvadd a3_0 (bvsrem a3_0_2 v4_v0)) (bvsub a3_0_1 v3_v0)))) (let ((_let1 (bvadd (bvadd a3_1 (bvsdiv a3_1_2 v6_v0)) (bvsdiv a3_1_1 v2_v1)))) (let ((_let2 (bvadd (bvadd (bvadd b3_2 (bvmul b3_2_3 v1_v0)) (bvsrem b3_2_2 v5_v1)) (bvadd b3_2_1 v2_v1)))) (or (or (or false (or (bvsgt _let0 #b001111111111111111111111111111111) (bvslt _let0 #b110000000000000000000000000000000))) (or (bvsgt _let1 #b001111111111111111111111111111111) (bvslt _let1 #b110000000000000000000000000000000))) (or (bvsgt _let2 #b001111111111111111111111111111111) (bvslt _let2 #b110000000000000000000000000000000))))))
SAT
Adding initializations to ensure undefined behaviors
Let variable: var=v3, value=2
Let variable: var=v4, value=1
Let variable: var=v6, value=1
Let symbol: sym=a3_0_1, value=0
Let symbol: sym=a3_0_2, value=-2147483647
Let symbol: sym=a3_0, value=1
Let symbol: sym=a3_1_1, value=-2147483648
Let symbol: sym=a3_1_2, value=1
Let symbol: sym=a3_1, value=-2147483648
Let symbol: sym=b3_2_1, value=0
Let symbol: sym=b3_2_2, value=-2147483648
Let symbol: sym=b3_2_3, value=1
Let symbol: sym=b3_2, value=-2147483648
--------IntUBInject: Inject Int UBs to Block BB7--------------------------------------------
Collected constraints:
(bvsle v0_v0 #b001111111111111111111111111111111)
(bvsge v0_v0 #b110000000000000000000000000000000)
(bvsle v3_v0 #b001111111111111111111111111111111)
(bvsge v3_v0 #b110000000000000000000000000000000)
(bvsle v1_v0 #b001111111111111111111111111111111)
(bvsge v1_v0 #b110000000000000000000000000000000)
(bvsle v6_v0 #b001111111111111111111111111111111)
(bvsge v6_v0 #b110000000000000000000000000000000)
(bvsge a7_0_1 #b110000000000000000000000000000000)
(bvsle a7_0_1 #b001111111111111111111111111111111)
(bvsge a7_0_2 #b110000000000000000000000000000000)
(bvsle a7_0_2 #b001111111111111111111111111111111)
(bvsge a7_0 #b110000000000000000000000000000000)
(bvsle a7_0 #b001111111111111111111111111111111)
(bvsle (bvadd (bvadd (ite (= a7_0_1 #b000000000000000000000000000000000) #b000000000000000000000000000000001 #b000000000000000000000000000000000) (ite (= a7_0_2 #b000000000000000000000000000000000) #b000000000000000000000000000000001 #b000000000000000000000000000000000)) (ite (= a7_0 #b000000000000000000000000000000000) #b000000000000000000000000000000001 #b000000000000000000000000000000000)) #b000000000000000000000000000000001)
(= v5_v1 (bvsub (bvsub a7_0 (bvsub a7_0_2 v3_v0)) (bvadd a7_0_1 v0_v0)))
(bvsge a7_1_1 #b110000000000000000000000000000000)
(bvsle a7_1_1 #b001111111111111111111111111111111)
(distinct v1_v0 #b000000000000000000000000000000000)
(bvsge a7_1_2 #b110000000000000000000000000000000)
(bvsle a7_1_2 #b001111111111111111111111111111111)
(bvsge a7_1 #b110000000000000000000000000000000)
(bvsle a7_1 #b001111111111111111111111111111111)
(bvsle (bvadd (bvadd (ite (= a7_1_1 #b000000000000000000000000000000000) #b000000000000000000000000000000001 #b000000000000000000000000000000000) (ite (= a7_1_2 #b000000000000000000000000000000000) #b000000000000000000000000000000001 #b000000000000000000000000000000000)) (ite (= a7_1 #b000000000000000000000000000000000) #b000000000000000000000000000000001 #b000000000000000000000000000000000)) #b000000000000000000000000000000001)
(= v2_v1 (bvsub (bvsub a7_1 (bvsub a7_1_2 v6_v0)) (bvsrem a7_1_1 v1_v0)))
(bvsge b7_2_1 #b110000000000000000000000000000000)
(bvsle b7_2_1 #b001111111111111111111111111111111)
(distinct v5_v1 #b000000000000000000000000000000000)
(bvsge b7_2_2 #b110000000000000000000000000000000)
(bvsle b7_2_2 #b001111111111111111111111111111111)
(bvsge b7_2_3 #b110000000000000000000000000000000)
(bvsle b7_2_3 #b001111111111111111111111111111111)
(distinct v4_v0 #b000000000000000000000000000000000)
(bvsge b7_2 #b110000000000000000000000000000000)
(bvsle b7_2 #b001111111111111111111111111111111)
(bvsle (bvadd (bvadd (bvadd (ite (= b7_2_1 #b000000000000000000000000000000000) #b000000000000000000000000000000001 #b000000000000000000000000000000000) (ite (= b7_2_2 #b000000000000000000000000000000000) #b000000000000000000000000000000001 #b000000000000000000000000000000000)) (ite (= b7_2_3 #b000000000000000000000000000000000) #b000000000000000000000000000000001 #b000000000000000000000000000000000)) (ite (= b7_2 #b000000000000000000000000000000000) #b000000000000000000000000000000001 #b000000000000000000000000000000000)) #b000000000000000000000000000000010)
(let ((_let0 (bvsub (bvsub a7_0 (bvsub a7_0_2 v3_v0)) (bvadd a7_0_1 v0_v0)))) (let ((_let1 (bvsub (bvsub a7_1 (bvsub a7_1_2 v6_v0)) (bvsrem a7_1_1 v1_v0)))) (let ((_let2 (bvadd (bvadd (bvadd b7_2 (bvsrem b7_2_3 v4_v0)) (bvsub b7_2_2 v2_v1)) (bvsdiv b7_2_1 v5_v1)))) (or (or (or false (or (bvsgt _let0 #b001111111111111111111111111111111) (bvslt _let0 #b110000000000000000000000000000000))) (or (bvsgt _let1 #b001111111111111111111111111111111) (bvslt _let1 #b110000000000000000000000000000000))) (or (bvsgt _let2 #b001111111111111111111111111111111) (bvslt _let2 #b110000000000000000000000000000000))))))
SAT
Adding initializations to ensure undefined behaviors
Let variable: var=v0, value=-1
Let variable: var=v3, value=2147483647
Let variable: var=v1, value=-2
Let variable: var=v6, value=1610612742
Let symbol: sym=a7_0_1, value=0
Let symbol: sym=a7_0_2, value=-2
Let symbol: sym=a7_0, value=-2147483648
Let symbol: sym=a7_1_1, value=1073741825
Let symbol: sym=a7_1_2, value=-1073741817
Let symbol: sym=a7_1, value=-5
Let symbol: sym=b7_2_1, value=0
Let symbol: sym=b7_2_2, value=-1879048199
Let symbol: sym=b7_2_3, value=-1
Let symbol: sym=b7_2, value=-2147483648
--------IntUBInject: Inject Int UBs to Block BB13--------------------------------------------
Collected constraints:
(bvsle v0_v0 #b001111111111111111111111111111111)
(bvsge v0_v0 #b110000000000000000000000000000000)
(bvsle v4_v0 #b001111111111111111111111111111111)
(bvsge v4_v0 #b110000000000000000000000000000000)
(bvsle v5_v0 #b001111111111111111111111111111111)
(bvsge v5_v0 #b110000000000000000000000000000000)
(bvsge v7_f0_v0 #b110000000000000000000000000000000)
(bvsle v7_f0_v0 #b001111111111111111111111111111111)
(bvsge v7_f1_v0 #b110000000000000000000000000000000)
(bvsle v7_f1_v0 #b001111111111111111111111111111111)
(bvsge v7_f2_v0 #b110000000000000000000000000000000)
(bvsle v7_f2_v0 #b001111111111111111111111111111111)
(bvsge a13_0_1 #b110000000000000000000000000000000)
(bvsle a13_0_1 #b001111111111111111111111111111111)
(distinct v0_v0 #b000000000000000000000000000000000)
(bvsge a13_0_2 #b110000000000000000000000000000000)
(bvsle a13_0_2 #b001111111111111111111111111111111)
(bvsge a13_0 #b110000000000000000000000000000000)
(bvsle a13_0 #b001111111111111111111111111111111)
(bvsle (bvadd (bvadd (ite (= a13_0_1 #b000000000000000000000000000000000) #b000000000000000000000000000000001 #b000000000000000000000000000000000) (ite (= a13_0_2 #b000000000000000000000000000000000) #b000000000000000000000000000000001 #b000000000000000000000000000000000)) (ite (= a13_0 #b000000000000000000000000000000000) #b000000000000000000000000000000001 #b000000000000000000000000000000000)) #b000000000000000000000000000000001)
(= v4_v1 (bvsub (bvsub a13_0 (bvsub a13_0_2 v4_v0)) (bvsrem a13_0_1 v0_v0)))
(bvsge a13_1_1 #b110000000000000000000000000000000)
(bvsle a13_1_1 #b001111111111111111111111111111111)
(bvsge a13_1_2 #b110000000000000000000000000000000)
(bvsle a13_1_2 #b001111111111111111111111111111111)
(distinct v7_f1_v0 #b000000000000000000000000000000000)
(bvsge a13_1 #b110000000000000000000000000000000)
(bvsle a13_1 #b001111111111111111111111111111111)
(bvsle (bvadd (bvadd (ite (= a13_1_1 #b000000000000000000000000000000000) #b000000000000000000000000000000001 #b000000000000000000000000000000000) (ite (= a13_1_2 #b000000000000000000000000000000000) #b000000000000000000000000000000001 #b000000000000000000000000000000000)) (ite (= a13_1 #b000000000000000000000000000000000) #b000000000000000000000000000000001 #b000000000000000000000000000000000)) #b000000000000000000000000000000001)
(= v2_v1 (bvadd (bvadd a13_1 (bvsdiv a13_1_2 v7_f1_v0)) (bvadd a13_1_1 v5_v0)))
(let ((_let0 (bvsub (bvsub a13_0 (bvsub a13_0_2 v4_v0)) (bvsrem a13_0_1 v0_v0)))) (let ((_let1 (bvadd (bvadd a13_1 (bvsdiv a13_1_2 v7_f1_v0)) (bvadd a13_1_1 v5_v0)))) (or (or false (or (bvsgt _let0 #b001111111111111111111111111111111) (bvslt _let0 #b110000000000000000000000000000000))) (or (bvsgt _let1 #b001111111111111111111111111111111) (bvslt _let1 #b110000000000000000000000000000000)))))
SAT
Adding initializations to ensure undefined behaviors
Let variable: var=v0, value=1
Let variable: var=v4, value=2147483647
Let variable: var=v5, value=-2147483648
Let variable: var=v7_f1, value=1
Let symbol: sym=a13_0_1, value=1
Let symbol: sym=a13_0_2, value=1
Let symbol: sym=a13_0, value=0
Let symbol: sym=a13_1_1, value=-2
Let symbol: sym=a13_1_2, value=1
Let symbol: sym=a13_1, value=0
Define symbols: sym=a1_0_1, val=634542094 (for unexecuted basic blocks)
Define symbols: sym=a1_0_2, val=-689383582 (for unexecuted basic blocks)
Define symbols: sym=a1_0, val=1059591263 (for unexecuted basic blocks)
Define symbols: sym=a1_1_1, val=-615492474 (for unexecuted basic blocks)
Define symbols: sym=a1_1_2, val=1195427215 (for unexecuted basic blocks)
Define symbols: sym=a1_1, val=723583562 (for unexecuted basic blocks)
Define symbols: sym=a2_0_1, val=2098669024 (for unexecuted basic blocks)
Define symbols: sym=a2_0_2, val=-2136642439 (for unexecuted basic blocks)
Define symbols: sym=a2_0, val=351055595 (for unexecuted basic blocks)
Define symbols: sym=a2_1_1, val=611323618 (for unexecuted basic blocks)
Define symbols: sym=a2_1_2, val=-1205653491 (for unexecuted basic blocks)
Define symbols: sym=a2_1, val=728530767 (for unexecuted basic blocks)
Define symbols: sym=b2_2_1, val=1231634052 (for unexecuted basic blocks)
Define symbols: sym=b2_2_2, val=1492445555 (for unexecuted basic blocks)
Define symbols: sym=b2_2_3, val=-2111928257 (for unexecuted basic blocks)
Define symbols: sym=b2_2, val=3383697 (for unexecuted basic blocks)
Define symbols: sym=a4_0_1, val=1769908420 (for unexecuted basic blocks)
Define symbols: sym=a4_0_2, val=-950238393 (for unexecuted basic blocks)
Define symbols: sym=a4_0, val=1528887173 (for unexecuted basic blocks)
Define symbols: sym=a4_1_1, val=896122002 (for unexecuted basic blocks)
Define symbols: sym=a4_1_2, val=646414103 (for unexecuted basic blocks)
Define symbols: sym=a4_1, val=1487221552 (for unexecuted basic blocks)
Define symbols: sym=a5_0_1, val=-907231519 (for unexecuted basic blocks)
Define symbols: sym=a5_0_2, val=-1044081360 (for unexecuted basic blocks)
Define symbols: sym=a5_0, val=-1766466001 (for unexecuted basic blocks)
Define symbols: sym=a5_1_1, val=-256372440 (for unexecuted basic blocks)
Define symbols: sym=a5_1_2, val=-594061592 (for unexecuted basic blocks)
Define symbols: sym=a5_1, val=176655888 (for unexecuted basic blocks)
Define symbols: sym=b5_2_1, val=2055421195 (for unexecuted basic blocks)
Define symbols: sym=b5_2_2, val=2039894735 (for unexecuted basic blocks)
Define symbols: sym=b5_2_3, val=705498900 (for unexecuted basic blocks)
Define symbols: sym=b5_2, val=1286815919 (for unexecuted basic blocks)
Define symbols: sym=a8_0_1, val=82232253 (for unexecuted basic blocks)
Define symbols: sym=a8_0_2, val=-33359182 (for unexecuted basic blocks)
Define symbols: sym=a8_0, val=-533654859 (for unexecuted basic blocks)
Define symbols: sym=a8_1_1, val=-1522519742 (for unexecuted basic blocks)
Define symbols: sym=a8_1_2, val=1716921135 (for unexecuted basic blocks)
Define symbols: sym=a8_1, val=-855158361 (for unexecuted basic blocks)
Define symbols: sym=b8_2_1, val=929528848 (for unexecuted basic blocks)
Define symbols: sym=b8_2_2, val=-653851408 (for unexecuted basic blocks)
Define symbols: sym=b8_2_3, val=-613969509 (for unexecuted basic blocks)
Define symbols: sym=b8_2, val=1174496933 (for unexecuted basic blocks)
Define symbols: sym=a9_0_1, val=424345265 (for unexecuted basic blocks)
Define symbols: sym=a9_0_2, val=2101659403 (for unexecuted basic blocks)
Define symbols: sym=a9_0, val=-1662329139 (for unexecuted basic blocks)
Define symbols: sym=a9_1_1, val=1020249122 (for unexecuted basic blocks)
Define symbols: sym=a9_1_2, val=68698553 (for unexecuted basic blocks)
Define symbols: sym=a9_1, val=-1547797436 (for unexecuted basic blocks)
Define symbols: sym=b9_2_1, val=-70040080 (for unexecuted basic blocks)
Define symbols: sym=b9_2_2, val=1648679695 (for unexecuted basic blocks)
Define symbols: sym=b9_2_3, val=1359722430 (for unexecuted basic blocks)
Define symbols: sym=b9_2, val=-138759177 (for unexecuted basic blocks)
Define symbols: sym=a10_0_1, val=-1076389988 (for unexecuted basic blocks)
Define symbols: sym=a10_0_2, val=-617345620 (for unexecuted basic blocks)
Define symbols: sym=a10_0, val=-1350869022 (for unexecuted basic blocks)
Define symbols: sym=a10_1_1, val=1342879874 (for unexecuted basic blocks)
Define symbols: sym=a10_1_2, val=-1826835343 (for unexecuted basic blocks)
Define symbols: sym=a10_1, val=-1757900752 (for unexecuted basic blocks)
Define symbols: sym=b10_2_1, val=1900170705 (for unexecuted basic blocks)
Define symbols: sym=b10_2_2, val=585496845 (for unexecuted basic blocks)
Define symbols: sym=b10_2_3, val=-2097432444 (for unexecuted basic blocks)
Define symbols: sym=b10_2, val=978622780 (for unexecuted basic blocks)
Define symbols: sym=a11_0_1, val=422924119 (for unexecuted basic blocks)
Define symbols: sym=a11_0_2, val=-2039617490 (for unexecuted basic blocks)
Define symbols: sym=a11_0, val=678232588 (for unexecuted basic blocks)
Define symbols: sym=a11_1_1, val=-1846255703 (for unexecuted basic blocks)
Define symbols: sym=a11_1_2, val=-359077046 (for unexecuted basic blocks)
Define symbols: sym=a11_1, val=858632814 (for unexecuted basic blocks)
Define symbols: sym=a12_0_1, val=-753775614 (for unexecuted basic blocks)
Define symbols: sym=a12_0_2, val=-54758184 (for unexecuted basic blocks)
Define symbols: sym=a12_0, val=-1853695063 (for unexecuted basic blocks)
Define symbols: sym=a12_1_1, val=1096051890 (for unexecuted basic blocks)
Define symbols: sym=a12_1_2, val=670630695 (for unexecuted basic blocks)
Define symbols: sym=a12_1, val=-1113903908 (for unexecuted basic blocks)
Define symbols: sym=b12_2_1, val=-1474147124 (for unexecuted basic blocks)
Define symbols: sym=b12_2_2, val=2986260 (for unexecuted basic blocks)
Define symbols: sym=b12_2_3, val=1243632431 (for unexecuted basic blocks)
Define symbols: sym=b12_2, val=1000086364 (for unexecuted basic blocks)
Extract initialization: param=v0, value=-1
Extract initialization: param=v1, value=-1
Extract initialization: param=v2, value=-1
Extract initialization: param=v3, value=-1
Extract initialization: param=v4, value=-1
Extract initialization: param=v5, value=-1
Extract finalization: param=v0, value=-1
Extract finalization: param=v1, value=-2
Extract finalization: param=v2, value=-1
Extract finalization: param=v3, value=-1
Extract finalization: param=v4, value=1
Extract finalization: param=v5, value=-1
------SymExec: Iteration 1----------------------------------------------
Generating or re-generating UB-free constraints
Initial constraints: 
```
(bvsle (bvadd (bvadd (bvadd (bvadd (bvadd (ite (= v0_v0 #b00000000000000000000000000000000) #b00000000000000000000000000000001 #b00000000000000000000000000000000) (ite (= v1_v0 #b00000000000000000000000000000000) #b00000000000000000000000000000001 #b00000000000000000000000000000000)) (ite (= v2_v0 #b00000000000000000000000000000000) #b00000000000000000000000000000001 #b00000000000000000000000000000000)) (ite (= v3_v0 #b00000000000000000000000000000000) #b00000000000000000000000000000001 #b00000000000000000000000000000000)) (ite (= v4_v0 #b00000000000000000000000000000000) #b00000000000000000000000000000001 #b00000000000000000000000000000000)) (ite (= v5_v0 #b00000000000000000000000000000000) #b00000000000000000000000000000001 #b00000000000000000000000000000000)) #b00000000000000000000000000000011)
```
Final constraints: 
```
(bvsle (bvadd (bvadd (bvadd (bvadd (bvadd (ite (= v0_v0 #b00000000000000000000000000000000) #b00000000000000000000000000000001 #b00000000000000000000000000000000) (ite (= v1_v0 #b00000000000000000000000000000000) #b00000000000000000000000000000001 #b00000000000000000000000000000000)) (ite (= v2_v0 #b00000000000000000000000000000000) #b00000000000000000000000000000001 #b00000000000000000000000000000000)) (ite (= v3_v0 #b00000000000000000000000000000000) #b00000000000000000000000000000001 #b00000000000000000000000000000000)) (ite (= v4_v0 #b00000000000000000000000000000000) #b00000000000000000000000000000001 #b00000000000000000000000000000000)) (ite (= v5_v0 #b00000000000000000000000000000000) #b00000000000000000000000000000001 #b00000000000000000000000000000000)) #b00000000000000000000000000000011)
(= v6_v0 #b00000000000000000000000000000000)
(= v7_f0_f0_el0_v0 #b11111111111111111111111111111111)
(= v7_f0_f0_el1_v0 #b11111111111111111111111111111111)
(= v7_f1_v0 #b11111111111111111111111111111111)
(= v7_f2_v0 #b11111111111111111111111111111111)
(let ((_let0 (ite (= #b11111111111111111111111111111111 #b00000000000000000000000000000000) #b00000000000000000000000000000001 #b00000000000000000000000000000000))) (bvsle (bvadd (bvadd (bvadd _let0 _let0) _let0) _let0) #b00000000000000000000000000000010))
(distinct v2_v0 #b00000000000000000000000000000000)
(not (bvsdivo #b11111111111111111111111111111111 v2_v0))
(distinct v3_v0 #b00000000000000000000000000000000)
(not (bvsdivo #b11111111111111111111111111111111 v3_v0))
(not (bvsaddo (bvsdiv #b11111111111111111111111111111111 v2_v0) (bvsrem #b11111111111111111111111111111111 v3_v0)))
(not (bvsaddo (bvadd (bvsdiv #b11111111111111111111111111111111 v2_v0) (bvsrem #b11111111111111111111111111111111 v3_v0)) #b11111111111111111111111111111110))
(let ((_let0 (ite (= #b11111111111111111111111111111111 #b00000000000000000000000000000000) #b00000000000000000000000000000001 #b00000000000000000000000000000000))) (bvsle (bvadd (bvadd _let0 _let0) (ite (= #b11111111111111111111111111111110 #b00000000000000000000000000000000) #b00000000000000000000000000000001 #b00000000000000000000000000000000)) #b00000000000000000000000000000001))
(= v6_v1 (bvadd (bvadd (bvsdiv #b11111111111111111111111111111111 v2_v0) (bvsrem #b11111111111111111111111111111111 v3_v0)) #b11111111111111111111111111111110))
(distinct v6_v1 #b00000000000000000000000000000000)
(not (bvsdivo #b11111111111111111111111111111111 v6_v1))
(not (bvssubo (bvsrem #b11111111111111111111111111111111 v6_v1) (bvsrem #b11111111111111111111111111111111 v3_v0)))
(not (bvssubo (bvsub (bvsrem #b11111111111111111111111111111111 v6_v1) (bvsrem #b11111111111111111111111111111111 v3_v0)) #b00000000000000000000000000000001))
(let ((_let0 (ite (= #b11111111111111111111111111111111 #b00000000000000000000000000000000) #b00000000000000000000000000000001 #b00000000000000000000000000000000))) (bvsle (bvadd (bvadd _let0 _let0) (ite (= #b00000000000000000000000000000001 #b00000000000000000000000000000000) #b00000000000000000000000000000001 #b00000000000000000000000000000000)) #b00000000000000000000000000000001))
(= v7_f0_f0_el1_v1 (bvsub (bvsub (bvsrem #b11111111111111111111111111111111 v6_v1) (bvsrem #b11111111111111111111111111111111 v3_v0)) #b00000000000000000000000000000001))
(not (bvsaddo #b11111111111111111111111111111111 v5_v0))
(not (bvsmulo #b11111111111111111111111111111111 v1_v0))
(not (bvssubo (bvadd #b11111111111111111111111111111111 v5_v0) (bvmul #b11111111111111111111111111111111 v1_v0)))
(not (bvssubo (bvsub (bvadd #b11111111111111111111111111111111 v5_v0) (bvmul #b11111111111111111111111111111111 v1_v0)) #b11111111111111111111111111111111))
(let ((_let0 (ite (= #b11111111111111111111111111111111 #b00000000000000000000000000000000) #b00000000000000000000000000000001 #b00000000000000000000000000000000))) (bvsle (bvadd (bvadd _let0 _let0) _let0) #b00000000000000000000000000000001))
(= v1_v1 (bvsub (bvsub (bvadd #b11111111111111111111111111111111 v5_v0) (bvmul #b11111111111111111111111111111111 v1_v0)) #b11111111111111111111111111111111))
(distinct v0_v0 #b00000000000000000000000000000000)
(not (bvsdivo #b11111111111111111111111111111111 v0_v0))
(distinct v5_v0 #b00000000000000000000000000000000)
(not (bvsdivo #b11111111111111111111111111111111 v5_v0))
(not (bvsaddo (bvsdiv #b11111111111111111111111111111111 v0_v0) (bvsrem #b11111111111111111111111111111111 v5_v0)))
(not (bvsaddo (bvadd (bvsdiv #b11111111111111111111111111111111 v0_v0) (bvsrem #b11111111111111111111111111111111 v5_v0)) #b11111111111111111111111111111111))
(= v5_v1 (bvadd (bvadd (bvsdiv #b11111111111111111111111111111111 v0_v0) (bvsrem #b11111111111111111111111111111111 v5_v0)) #b11111111111111111111111111111111))
(not (bvsmulo #b11111111111111111111111111111111 v1_v1))
(not (bvsaddo #b11111111111111111111111111111111 v5_v1))
(not (bvsaddo (bvmul #b11111111111111111111111111111111 v1_v1) (bvadd #b11111111111111111111111111111111 v5_v1)))
(distinct v4_v0 #b00000000000000000000000000000000)
(not (bvsdivo #b11111111111111111111111111111111 v4_v0))
(not (bvsaddo (bvadd (bvmul #b11111111111111111111111111111111 v1_v1) (bvadd #b11111111111111111111111111111111 v5_v1)) (bvsrem #b11111111111111111111111111111111 v4_v0)))
(not (bvsaddo (bvadd (bvadd (bvmul #b11111111111111111111111111111111 v1_v1) (bvadd #b11111111111111111111111111111111 v5_v1)) (bvsrem #b11111111111111111111111111111111 v4_v0)) #b11111111111111111111111111111111))
(not (bvsgt (bvadd (bvadd (bvadd (bvmul #b11111111111111111111111111111111 v1_v1) (bvadd #b11111111111111111111111111111111 v5_v1)) (bvsrem #b11111111111111111111111111111111 v4_v0)) #b11111111111111111111111111111111) #b00000000000000000000000000000000))
(not (bvsmulo #b11111111111111111111111111111111 v7_f0_f0_el1_v1))
(not (bvsmulo #b11111111111111111111111111111111 v2_v0))
(not (bvsaddo (bvmul #b11111111111111111111111111111111 v7_f0_f0_el1_v1) (bvmul #b11111111111111111111111111111111 v2_v0)))
(not (bvsaddo (bvadd (bvmul #b11111111111111111111111111111111 v7_f0_f0_el1_v1) (bvmul #b11111111111111111111111111111111 v2_v0)) #b11111111111111111111111111111111))
(= v4_v1 (bvadd (bvadd (bvmul #b11111111111111111111111111111111 v7_f0_f0_el1_v1) (bvmul #b11111111111111111111111111111111 v2_v0)) #b11111111111111111111111111111111))
(not (bvsaddo #b11111111111111111111111111111111 v7_f0_f0_el1_v1))
(not (bvssubo (bvadd #b11111111111111111111111111111111 v7_f0_f0_el1_v1) (bvsrem #b11111111111111111111111111111111 v3_v0)))
(not (bvssubo (bvsub (bvadd #b11111111111111111111111111111111 v7_f0_f0_el1_v1) (bvsrem #b11111111111111111111111111111111 v3_v0)) #b11111111111111111111111111111111))
(= v5_v2 (bvsub (bvsub (bvadd #b11111111111111111111111111111111 v7_f0_f0_el1_v1) (bvsrem #b11111111111111111111111111111111 v3_v0)) #b11111111111111111111111111111111))
(bvsle (bvadd (bvadd (bvadd (bvadd (bvadd (ite (= (ite (distinct v0_v0 #b11111111111111111111111111111111) #b00000000000000000000000000000001 #b00000000000000000000000000000000) #b00000000000000000000000000000000) #b00000000000000000000000000000001 #b00000000000000000000000000000000) (ite (= (ite (distinct v1_v0 #b11111111111111111111111111111111) #b00000000000000000000000000000001 #b00000000000000000000000000000000) #b00000000000000000000000000000000) #b00000000000000000000000000000001 #b00000000000000000000000000000000)) (ite (= (ite (distinct v2_v0 #b11111111111111111111111111111111) #b00000000000000000000000000000001 #b00000000000000000000000000000000) #b00000000000000000000000000000000) #b00000000000000000000000000000001 #b00000000000000000000000000000000)) (ite (= (ite (distinct v3_v0 #b11111111111111111111111111111111) #b00000000000000000000000000000001 #b00000000000000000000000000000000) #b00000000000000000000000000000000) #b00000000000000000000000000000001 #b00000000000000000000000000000000)) (ite (= (ite (distinct v4_v0 #b11111111111111111111111111111111) #b00000000000000000000000000000001 #b00000000000000000000000000000000) #b00000000000000000000000000000000) #b00000000000000000000000000000001 #b00000000000000000000000000000000)) (ite (= (ite (distinct v5_v0 #b11111111111111111111111111111111) #b00000000000000000000000000000001 #b00000000000000000000000000000000) #b00000000000000000000000000000000) #b00000000000000000000000000000001 #b00000000000000000000000000000000)) #b00000000000000000000000000000011)
```
Constraint stats: asserted=52 addCalls=60 skippedTrue=0 deduped=8 ensureInRangeCalls=74 boundedAlready=0 uniqueConstraintIds=52 uniqueBoundedIds=0 (solverAsserted=0)
Bitwuzla check_sat time: 66ms
Bitwuzla statistics: preprocess::contradicting_ands::num_substs=0 preprocess::contradicting_ands::time_apply=0ms preprocess::elim_extract::num_elim=0 preprocess::elim_extract::time_apply=0ms preprocess::elim_lambda::time_apply=0ms preprocess::elim_udiv::num_eliminated=0 preprocess::elim_udiv::time_apply=0ms preprocess::embedded_constraints::num_substs=5 preprocess::embedded_constraints::time_apply=0ms preprocess::flatten_and::num_assertions=16 preprocess::flatten_and::num_flattened=8 preprocess::flatten_and::time_apply=0ms preprocess::lambda::num_elim=0 preprocess::normalize::num_common_normalizations=0 preprocess::normalize::num_normalizations=38 preprocess::normalize::num_normalized_assertions=0 preprocess::normalize::num_pass1=0 preprocess::normalize::num_pass2=0 preprocess::normalize::time_adder_chains=0ms preprocess::normalize::time_apply=7ms preprocess::normalize::time_compute_occs=0ms preprocess::normalize::time_normalize_add=0ms preprocess::normalize::time_normalize_mul=0ms preprocess::normalize::time_score=5ms preprocess::rewrite::time_apply=0ms preprocess::skeleton_preproc::cnf::clauses=165 preprocess::skeleton_preproc::cnf::lits=333 preprocess::skeleton_preproc::new_assertions=0 preprocess::skeleton_preproc::resets=1 preprocess::skeleton_preproc::time_apply=0ms preprocess::skeleton_preproc::time_encode=0ms preprocess::skeleton_preproc::time_fixed=0ms preprocess::skeleton_preproc::time_sat=0ms preprocess::uninterpreted::num_substs=0 preprocess::uninterpreted::time_apply=0ms preprocess::varsubst::normalize_bv_ineq::num_slt=0 preprocess::varsubst::normalize_bv_ineq::num_ult=0 preprocess::varsubst::normalize_eq::num_bv_concat=0 preprocess::varsubst::normalize_eq::num_gauss_elim=0 preprocess::varsubst::normalize_eq::num_linear_eq=0 preprocess::varsubst::num_substs=11 preprocess::varsubst::time_apply=0ms preprocess::varsubst::time_direct_cycle_check=0ms preprocess::varsubst::time_find_substitution=0ms preprocess::varsubst::time_find_vars=0ms preprocess::varsubst::time_register=0ms preprocess::varsubst::time_remove_cycles=0ms preprocess::varsubst::time_substitute=0ms preprocessor::num_iterations=2 preprocessor::time_preprocess=10ms preprocessor::time_process=0ms rewriter::(normalize)::num_evals=0 rewriter::(normalize)::num_rewrites=179 rewriter::(normalize)::rewrite::BV_ADD_CONST=3 rewriter::(normalize)::rewrite::BV_ADD_EVAL=6 rewriter::(normalize)::rewrite::BV_ADD_SPECIAL_CONST=21 rewriter::(normalize)::rewrite::BV_MUL_EVAL=3 rewriter::(normalize)::rewrite::BV_MUL_ONES=11 rewriter::(normalize)::rewrite::BV_NEG_ELIM=11 rewriter::(normalize)::rewrite::BV_NOT_BV_NOT=22 rewriter::(normalize)::rewrite::NORMALIZE_COMM=102 rewriter::num_evals=0 rewriter::num_rewrites=882 rewriter::rewrite::AND_SPECIAL_CONST=52 rewriter::rewrite::BV_ADD_CONST=5 rewriter::rewrite::BV_ADD_EVAL=6 rewriter::rewrite::BV_ADD_ITE2=12 rewriter::rewrite::BV_ADD_SPECIAL_CONST=13 rewriter::rewrite::BV_AND_EVAL=1 rewriter::rewrite::BV_AND_SPECIAL_CONST=124 rewriter::rewrite::BV_CONCAT_EVAL=2 rewriter::rewrite::BV_EXTRACT_ADD_MUL=2 rewriter::rewrite::BV_EXTRACT_EVAL=35 rewriter::rewrite::BV_EXTRACT_FULL=4 rewriter::rewrite::BV_MUL_ONES=8 rewriter::rewrite::BV_MUL_POW2=3 rewriter::rewrite::BV_NEG_ELIM=25 rewriter::rewrite::BV_NOT_BV_NEG=3 rewriter::rewrite::BV_NOT_BV_NOT=52 rewriter::rewrite::BV_NOT_EVAL=4 rewriter::rewrite::BV_OR_ELIM=5 rewriter::rewrite::BV_SADDO_ELIM=12 rewriter::rewrite::BV_SDIVO_ELIM=6 rewriter::rewrite::BV_SDIV_ELIM=2 rewriter::rewrite::BV_SGT_ELIM=1 rewriter::rewrite::BV_SHL_CONST=3 rewriter::rewrite::BV_SIGN_EXTEND_ELIM=10 rewriter::rewrite::BV_SLE_ELIM=4 rewriter::rewrite::BV_SLT_EVAL=2 rewriter::rewrite::BV_SMULO_ELIM=4 rewriter::rewrite::BV_SREM_ELIM=4 rewriter::rewrite::BV_SSUBO_ELIM=6 rewriter::rewrite::BV_SUB_ELIM=6 rewriter::rewrite::BV_XOR_EVAL=1 rewriter::rewrite::BV_XOR_SPECIAL_CONST=2 rewriter::rewrite::DISTINCT_ELIM=12 rewriter::rewrite::EQUAL_BV_SUB=1 rewriter::rewrite::EQUAL_CONST_BV_ADD=1 rewriter::rewrite::EQUAL_CONST_BV_NOT=2 rewriter::rewrite::EQUAL_EVAL=11 rewriter::rewrite::EQUAL_ITE_SAME=6 rewriter::rewrite::EQUAL_SPECIAL_CONST=4 rewriter::rewrite::EQUAL_TRUE=6 rewriter::rewrite::ITE_EVAL=9 rewriter::rewrite::NORMALIZE_COMM=342 rewriter::rewrite::NOT_EQUAL_BV1_BOOL=20 rewriter::rewrite::NOT_EVAL=1 rewriter::rewrite::NOT_NOT=24 rewriter::rewrite::OR_ELIM=24 solver::abstract::num_checks=1 solver::abstract::terms::total=0 solver::abstract::time_check=0ms solver::array::equalities=0 solver::array::num_checks=0 solver::array::propagations=0 solver::array::propagations_down=0 solver::array::propagations_up=0 solver::array::selects=0 solver::array::time_check=0ms solver::bv::bitblast::aig::num_ands=56748 solver::bv::bitblast::aig::num_consts=192 solver::bv::bitblast::aig::num_shared=12559 solver::bv::bitblast::aig::time_bitblast=6ms solver::bv::bitblast::cnf::num_clauses=138978 solver::bv::bitblast::cnf::num_literals=340212 solver::bv::bitblast::cnf::num_vars=44496 solver::bv::bitblast::cnf::time_encode=41ms solver::bv::bitblast::sat::time_solve=8ms solver::bv::num_assertions=40 solver::bv::num_checks=1 solver::bv::time_check=49ms solver::engine::lemmas::abstr=0 solver::engine::lemmas::array=0 solver::engine::lemmas::fp=0 solver::engine::lemmas::fun=0 solver::engine::lemmas::quant=0 solver::engine::lemmas::total=0 solver::engine::time_register_term=0ms solver::engine::time_solve=56ms solver::fun::num_checks=1 solver::fun::time_check=0ms solver::quant::mbqi_checks=0 solver::quant::num_lemma_iterations=0 solver::quant::num_lemmas=0 solver::quant::time_check=0ms solver::quant::time_mbqi=0ms solver::quant::time_process=0ms solving_context::max_memory=74534912 solving_context::time_ensure_model=0ms solving_context::time_solve=66ms
SAT
Extract initialization: param=v0, value=1
Extract initialization: param=v1, value=0
Extract initialization: param=v2, value=1
Extract initialization: param=v3, value=1
Extract initialization: param=v4, value=1
Extract initialization: param=v5, value=1
Extract finalization: param=v0, value=1
Extract finalization: param=v1, value=1
Extract finalization: param=v2, value=1
Extract finalization: param=v3, value=1
Extract finalization: param=v4, value=0
Extract finalization: param=v5, value=-2
------SymExec: Iteration 2----------------------------------------------
Final constraints: 
```
(bvsle (bvadd (bvadd (bvadd (bvadd (bvadd (ite (= v0_v0 #b00000000000000000000000000000000) #b00000000000000000000000000000001 #b00000000000000000000000000000000) (ite (= v1_v0 #b00000000000000000000000000000000) #b00000000000000000000000000000001 #b00000000000000000000000000000000)) (ite (= v2_v0 #b00000000000000000000000000000000) #b00000000000000000000000000000001 #b00000000000000000000000000000000)) (ite (= v3_v0 #b00000000000000000000000000000000) #b00000000000000000000000000000001 #b00000000000000000000000000000000)) (ite (= v4_v0 #b00000000000000000000000000000000) #b00000000000000000000000000000001 #b00000000000000000000000000000000)) (ite (= v5_v0 #b00000000000000000000000000000000) #b00000000000000000000000000000001 #b00000000000000000000000000000000)) #b00000000000000000000000000000011)
(= v6_v0 #b00000000000000000000000000000000)
(= v7_f0_f0_el0_v0 #b11111111111111111111111111111111)
(= v7_f0_f0_el1_v0 #b11111111111111111111111111111111)
(= v7_f1_v0 #b11111111111111111111111111111111)
(= v7_f2_v0 #b11111111111111111111111111111111)
(let ((_let0 (ite (= #b11111111111111111111111111111111 #b00000000000000000000000000000000) #b00000000000000000000000000000001 #b00000000000000000000000000000000))) (bvsle (bvadd (bvadd (bvadd _let0 _let0) _let0) _let0) #b00000000000000000000000000000010))
(distinct v2_v0 #b00000000000000000000000000000000)
(not (bvsdivo #b11111111111111111111111111111111 v2_v0))
(distinct v3_v0 #b00000000000000000000000000000000)
(not (bvsdivo #b11111111111111111111111111111111 v3_v0))
(not (bvsaddo (bvsdiv #b11111111111111111111111111111111 v2_v0) (bvsrem #b11111111111111111111111111111111 v3_v0)))
(not (bvsaddo (bvadd (bvsdiv #b11111111111111111111111111111111 v2_v0) (bvsrem #b11111111111111111111111111111111 v3_v0)) #b11111111111111111111111111111110))
(let ((_let0 (ite (= #b11111111111111111111111111111111 #b00000000000000000000000000000000) #b00000000000000000000000000000001 #b00000000000000000000000000000000))) (bvsle (bvadd (bvadd _let0 _let0) (ite (= #b11111111111111111111111111111110 #b00000000000000000000000000000000) #b00000000000000000000000000000001 #b00000000000000000000000000000000)) #b00000000000000000000000000000001))
(= v6_v1 (bvadd (bvadd (bvsdiv #b11111111111111111111111111111111 v2_v0) (bvsrem #b11111111111111111111111111111111 v3_v0)) #b11111111111111111111111111111110))
(distinct v6_v1 #b00000000000000000000000000000000)
(not (bvsdivo #b11111111111111111111111111111111 v6_v1))
(not (bvssubo (bvsrem #b11111111111111111111111111111111 v6_v1) (bvsrem #b11111111111111111111111111111111 v3_v0)))
(not (bvssubo (bvsub (bvsrem #b11111111111111111111111111111111 v6_v1) (bvsrem #b11111111111111111111111111111111 v3_v0)) #b00000000000000000000000000000001))
(let ((_let0 (ite (= #b11111111111111111111111111111111 #b00000000000000000000000000000000) #b00000000000000000000000000000001 #b00000000000000000000000000000000))) (bvsle (bvadd (bvadd _let0 _let0) (ite (= #b00000000000000000000000000000001 #b00000000000000000000000000000000) #b00000000000000000000000000000001 #b00000000000000000000000000000000)) #b00000000000000000000000000000001))
(= v7_f0_f0_el1_v1 (bvsub (bvsub (bvsrem #b11111111111111111111111111111111 v6_v1) (bvsrem #b11111111111111111111111111111111 v3_v0)) #b00000000000000000000000000000001))
(not (bvsaddo #b11111111111111111111111111111111 v5_v0))
(not (bvsmulo #b11111111111111111111111111111111 v1_v0))
(not (bvssubo (bvadd #b11111111111111111111111111111111 v5_v0) (bvmul #b11111111111111111111111111111111 v1_v0)))
(not (bvssubo (bvsub (bvadd #b11111111111111111111111111111111 v5_v0) (bvmul #b11111111111111111111111111111111 v1_v0)) #b11111111111111111111111111111111))
(let ((_let0 (ite (= #b11111111111111111111111111111111 #b00000000000000000000000000000000) #b00000000000000000000000000000001 #b00000000000000000000000000000000))) (bvsle (bvadd (bvadd _let0 _let0) _let0) #b00000000000000000000000000000001))
(= v1_v1 (bvsub (bvsub (bvadd #b11111111111111111111111111111111 v5_v0) (bvmul #b11111111111111111111111111111111 v1_v0)) #b11111111111111111111111111111111))
(distinct v0_v0 #b00000000000000000000000000000000)
(not (bvsdivo #b11111111111111111111111111111111 v0_v0))
(distinct v5_v0 #b00000000000000000000000000000000)
(not (bvsdivo #b11111111111111111111111111111111 v5_v0))
(not (bvsaddo (bvsdiv #b11111111111111111111111111111111 v0_v0) (bvsrem #b11111111111111111111111111111111 v5_v0)))
(not (bvsaddo (bvadd (bvsdiv #b11111111111111111111111111111111 v0_v0) (bvsrem #b11111111111111111111111111111111 v5_v0)) #b11111111111111111111111111111111))
(= v5_v1 (bvadd (bvadd (bvsdiv #b11111111111111111111111111111111 v0_v0) (bvsrem #b11111111111111111111111111111111 v5_v0)) #b11111111111111111111111111111111))
(not (bvsmulo #b11111111111111111111111111111111 v1_v1))
(not (bvsaddo #b11111111111111111111111111111111 v5_v1))
(not (bvsaddo (bvmul #b11111111111111111111111111111111 v1_v1) (bvadd #b11111111111111111111111111111111 v5_v1)))
(distinct v4_v0 #b00000000000000000000000000000000)
(not (bvsdivo #b11111111111111111111111111111111 v4_v0))
(not (bvsaddo (bvadd (bvmul #b11111111111111111111111111111111 v1_v1) (bvadd #b11111111111111111111111111111111 v5_v1)) (bvsrem #b11111111111111111111111111111111 v4_v0)))
(not (bvsaddo (bvadd (bvadd (bvmul #b11111111111111111111111111111111 v1_v1) (bvadd #b11111111111111111111111111111111 v5_v1)) (bvsrem #b11111111111111111111111111111111 v4_v0)) #b11111111111111111111111111111111))
(not (bvsgt (bvadd (bvadd (bvadd (bvmul #b11111111111111111111111111111111 v1_v1) (bvadd #b11111111111111111111111111111111 v5_v1)) (bvsrem #b11111111111111111111111111111111 v4_v0)) #b11111111111111111111111111111111) #b00000000000000000000000000000000))
(not (bvsmulo #b11111111111111111111111111111111 v7_f0_f0_el1_v1))
(not (bvsmulo #b11111111111111111111111111111111 v2_v0))
(not (bvsaddo (bvmul #b11111111111111111111111111111111 v7_f0_f0_el1_v1) (bvmul #b11111111111111111111111111111111 v2_v0)))
(not (bvsaddo (bvadd (bvmul #b11111111111111111111111111111111 v7_f0_f0_el1_v1) (bvmul #b11111111111111111111111111111111 v2_v0)) #b11111111111111111111111111111111))
(= v4_v1 (bvadd (bvadd (bvmul #b11111111111111111111111111111111 v7_f0_f0_el1_v1) (bvmul #b11111111111111111111111111111111 v2_v0)) #b11111111111111111111111111111111))
(not (bvsaddo #b11111111111111111111111111111111 v7_f0_f0_el1_v1))
(not (bvssubo (bvadd #b11111111111111111111111111111111 v7_f0_f0_el1_v1) (bvsrem #b11111111111111111111111111111111 v3_v0)))
(not (bvssubo (bvsub (bvadd #b11111111111111111111111111111111 v7_f0_f0_el1_v1) (bvsrem #b11111111111111111111111111111111 v3_v0)) #b11111111111111111111111111111111))
(= v5_v2 (bvsub (bvsub (bvadd #b11111111111111111111111111111111 v7_f0_f0_el1_v1) (bvsrem #b11111111111111111111111111111111 v3_v0)) #b11111111111111111111111111111111))
(bvsle (bvadd (bvadd (bvadd (bvadd (bvadd (ite (= (ite (distinct v0_v0 #b11111111111111111111111111111111) #b00000000000000000000000000000001 #b00000000000000000000000000000000) #b00000000000000000000000000000000) #b00000000000000000000000000000001 #b00000000000000000000000000000000) (ite (= (ite (distinct v1_v0 #b11111111111111111111111111111111) #b00000000000000000000000000000001 #b00000000000000000000000000000000) #b00000000000000000000000000000000) #b00000000000000000000000000000001 #b00000000000000000000000000000000)) (ite (= (ite (distinct v2_v0 #b11111111111111111111111111111111) #b00000000000000000000000000000001 #b00000000000000000000000000000000) #b00000000000000000000000000000000) #b00000000000000000000000000000001 #b00000000000000000000000000000000)) (ite (= (ite (distinct v3_v0 #b11111111111111111111111111111111) #b00000000000000000000000000000001 #b00000000000000000000000000000000) #b00000000000000000000000000000000) #b00000000000000000000000000000001 #b00000000000000000000000000000000)) (ite (= (ite (distinct v4_v0 #b11111111111111111111111111111111) #b00000000000000000000000000000001 #b00000000000000000000000000000000) #b00000000000000000000000000000000) #b00000000000000000000000000000001 #b00000000000000000000000000000000)) (ite (= (ite (distinct v5_v0 #b11111111111111111111111111111111) #b00000000000000000000000000000001 #b00000000000000000000000000000000) #b00000000000000000000000000000000) #b00000000000000000000000000000001 #b00000000000000000000000000000000)) #b00000000000000000000000000000011)
(bvsle (bvadd (bvadd (bvadd (bvadd (bvadd (ite (= (ite (distinct v0_v0 #b00000000000000000000000000000001) #b00000000000000000000000000000001 #b00000000000000000000000000000000) #b00000000000000000000000000000000) #b00000000000000000000000000000001 #b00000000000000000000000000000000) (ite (= (ite (distinct v1_v0 #b00000000000000000000000000000000) #b00000000000000000000000000000001 #b00000000000000000000000000000000) #b00000000000000000000000000000000) #b00000000000000000000000000000001 #b00000000000000000000000000000000)) (ite (= (ite (distinct v2_v0 #b00000000000000000000000000000001) #b00000000000000000000000000000001 #b00000000000000000000000000000000) #b00000000000000000000000000000000) #b00000000000000000000000000000001 #b00000000000000000000000000000000)) (ite (= (ite (distinct v3_v0 #b00000000000000000000000000000001) #b00000000000000000000000000000001 #b00000000000000000000000000000000) #b00000000000000000000000000000000) #b00000000000000000000000000000001 #b00000000000000000000000000000000)) (ite (= (ite (distinct v4_v0 #b00000000000000000000000000000001) #b00000000000000000000000000000001 #b00000000000000000000000000000000) #b00000000000000000000000000000000) #b00000000000000000000000000000001 #b00000000000000000000000000000000)) (ite (= (ite (distinct v5_v0 #b00000000000000000000000000000001) #b00000000000000000000000000000001 #b00000000000000000000000000000000) #b00000000000000000000000000000000) #b00000000000000000000000000000001 #b00000000000000000000000000000000)) #b00000000000000000000000000000011)
```
Constraint stats: asserted=53 addCalls=61 skippedTrue=0 deduped=8 ensureInRangeCalls=74 boundedAlready=0 uniqueConstraintIds=53 uniqueBoundedIds=0 (solverAsserted=52)
Bitwuzla check_sat time: 29ms
Bitwuzla statistics: preprocess::contradicting_ands::num_substs=0 preprocess::contradicting_ands::time_apply=0ms preprocess::elim_extract::num_elim=0 preprocess::elim_extract::time_apply=0ms preprocess::elim_lambda::time_apply=0ms preprocess::elim_udiv::num_eliminated=0 preprocess::elim_udiv::time_apply=0ms preprocess::embedded_constraints::num_substs=5 preprocess::embedded_constraints::time_apply=0ms preprocess::flatten_and::num_assertions=16 preprocess::flatten_and::num_flattened=8 preprocess::flatten_and::time_apply=0ms preprocess::lambda::num_elim=0 preprocess::normalize::num_common_normalizations=0 preprocess::normalize::num_normalizations=38 preprocess::normalize::num_normalized_assertions=0 preprocess::normalize::num_pass1=0 preprocess::normalize::num_pass2=0 preprocess::normalize::time_adder_chains=0ms preprocess::normalize::time_apply=7ms preprocess::normalize::time_compute_occs=0ms preprocess::normalize::time_normalize_add=0ms preprocess::normalize::time_normalize_mul=0ms preprocess::normalize::time_score=5ms preprocess::rewrite::time_apply=0ms preprocess::skeleton_preproc::cnf::clauses=165 preprocess::skeleton_preproc::cnf::lits=333 preprocess::skeleton_preproc::new_assertions=0 preprocess::skeleton_preproc::resets=1 preprocess::skeleton_preproc::time_apply=0ms preprocess::skeleton_preproc::time_encode=0ms preprocess::skeleton_preproc::time_fixed=0ms preprocess::skeleton_preproc::time_sat=0ms preprocess::uninterpreted::num_substs=0 preprocess::uninterpreted::time_apply=0ms preprocess::varsubst::normalize_bv_ineq::num_slt=0 preprocess::varsubst::normalize_bv_ineq::num_ult=0 preprocess::varsubst::normalize_eq::num_bv_concat=0 preprocess::varsubst::normalize_eq::num_gauss_elim=0 preprocess::varsubst::normalize_eq::num_linear_eq=0 preprocess::varsubst::num_substs=11 preprocess::varsubst::time_apply=0ms preprocess::varsubst::time_direct_cycle_check=0ms preprocess::varsubst::time_find_substitution=0ms preprocess::varsubst::time_find_vars=0ms preprocess::varsubst::time_register=0ms preprocess::varsubst::time_remove_cycles=0ms preprocess::varsubst::time_substitute=0ms preprocessor::num_iterations=3 preprocessor::time_preprocess=10ms preprocessor::time_process=0ms rewriter::(normalize)::num_evals=0 rewriter::(normalize)::num_rewrites=179 rewriter::(normalize)::rewrite::BV_ADD_CONST=3 rewriter::(normalize)::rewrite::BV_ADD_EVAL=6 rewriter::(normalize)::rewrite::BV_ADD_SPECIAL_CONST=21 rewriter::(normalize)::rewrite::BV_MUL_EVAL=3 rewriter::(normalize)::rewrite::BV_MUL_ONES=11 rewriter::(normalize)::rewrite::BV_NEG_ELIM=11 rewriter::(normalize)::rewrite::BV_NOT_BV_NOT=22 rewriter::(normalize)::rewrite::NORMALIZE_COMM=102 rewriter::num_evals=0 rewriter::num_rewrites=948 rewriter::rewrite::AND_SPECIAL_CONST=58 rewriter::rewrite::BV_ADD_CONST=6 rewriter::rewrite::BV_ADD_EVAL=9 rewriter::rewrite::BV_ADD_ITE2=18 rewriter::rewrite::BV_ADD_SPECIAL_CONST=18 rewriter::rewrite::BV_AND_EVAL=1 rewriter::rewrite::BV_AND_SPECIAL_CONST=124 rewriter::rewrite::BV_CONCAT_EVAL=2 rewriter::rewrite::BV_EXTRACT_ADD_MUL=2 rewriter::rewrite::BV_EXTRACT_EVAL=35 rewriter::rewrite::BV_EXTRACT_FULL=4 rewriter::rewrite::BV_MUL_ONES=8 rewriter::rewrite::BV_MUL_POW2=3 rewriter::rewrite::BV_NEG_ELIM=25 rewriter::rewrite::BV_NOT_BV_NEG=3 rewriter::rewrite::BV_NOT_BV_NOT=52 rewriter::rewrite::BV_NOT_EVAL=4 rewriter::rewrite::BV_OR_ELIM=5 rewriter::rewrite::BV_SADDO_ELIM=12 rewriter::rewrite::BV_SDIVO_ELIM=6 rewriter::rewrite::BV_SDIV_ELIM=2 rewriter::rewrite::BV_SGT_ELIM=1 rewriter::rewrite::BV_SHL_CONST=3 rewriter::rewrite::BV_SIGN_EXTEND_ELIM=10 rewriter::rewrite::BV_SLE_ELIM=5 rewriter::rewrite::BV_SLT_EVAL=2 rewriter::rewrite::BV_SMULO_ELIM=4 rewriter::rewrite::BV_SREM_ELIM=4 rewriter::rewrite::BV_SSUBO_ELIM=6 rewriter::rewrite::BV_SUB_ELIM=6 rewriter::rewrite::BV_XOR_EVAL=1 rewriter::rewrite::BV_XOR_SPECIAL_CONST=2 rewriter::rewrite::DISTINCT_ELIM=18 rewriter::rewrite::EQUAL_BV_SUB=1 rewriter::rewrite::EQUAL_CONST_BV_ADD=1 rewriter::rewrite::EQUAL_CONST_BV_NOT=2 rewriter::rewrite::EQUAL_EVAL=12 rewriter::rewrite::EQUAL_ITE_SAME=12 rewriter::rewrite::EQUAL_SPECIAL_CONST=4 rewriter::rewrite::EQUAL_TRUE=6 rewriter::rewrite::ITE_EVAL=9 rewriter::rewrite::NORMALIZE_COMM=360 rewriter::rewrite::NOT_EQUAL_BV1_BOOL=20 rewriter::rewrite::NOT_EVAL=2 rewriter::rewrite::NOT_NOT=30 rewriter::rewrite::OR_ELIM=30 solver::abstract::num_checks=2 solver::abstract::terms::total=0 solver::abstract::time_check=0ms solver::array::equalities=0 solver::array::num_checks=0 solver::array::propagations=0 solver::array::propagations_down=0 solver::array::propagations_up=0 solver::array::selects=0 solver::array::time_check=0ms solver::bv::bitblast::aig::num_ands=56836 solver::bv::bitblast::aig::num_consts=192 solver::bv::bitblast::aig::num_shared=12709 solver::bv::bitblast::aig::time_bitblast=6ms solver::bv::bitblast::cnf::num_clauses=139250 solver::bv::bitblast::cnf::num_literals=340857 solver::bv::bitblast::cnf::num_vars=44581 solver::bv::bitblast::cnf::time_encode=41ms solver::bv::bitblast::sat::time_solve=37ms solver::bv::num_assertions=41 solver::bv::num_checks=2 solver::bv::time_check=78ms solver::engine::lemmas::abstr=0 solver::engine::lemmas::array=0 solver::engine::lemmas::fp=0 solver::engine::lemmas::fun=0 solver::engine::lemmas::quant=0 solver::engine::lemmas::total=0 solver::engine::time_register_term=0ms solver::engine::time_solve=85ms solver::fun::num_checks=2 solver::fun::time_check=0ms solver::quant::mbqi_checks=0 solver::quant::num_lemma_iterations=0 solver::quant::num_lemmas=0 solver::quant::time_check=0ms solver::quant::time_mbqi=0ms solver::quant::time_process=0ms solving_context::max_memory=74534912 solving_context::time_ensure_model=0ms solving_context::time_solve=96ms
SAT
Extract initialization: param=v0, value=-1
Extract initialization: param=v1, value=2147483645
Extract initialization: param=v2, value=1879048192
Extract initialization: param=v3, value=-1
Extract initialization: param=v4, value=-1
Extract initialization: param=v5, value=1
Extract finalization: param=v0, value=-1
Extract finalization: param=v1, value=2147483646
Extract finalization: param=v2, value=1879048192
Extract finalization: param=v3, value=-1
Extract finalization: param=v4, value=-1879048191
Extract finalization: param=v5, value=-2
