----FunPlus: Generate Function func_xb1v6r_55------------------------------------------------
------GraphPlus::Generate----------------------------------------------
Randomly generating a graph with 15 nodes
------CfgSketch: Unflattened CFG Sketch----------------------------------------------
Bimpo: type=0, id=0, size=1, start=0
Bimpo: type=0, id=1, size=1, start=1
Bimpo: type=0, id=2, size=1, start=2
Bimpo: type=0, id=3, size=1, start=3
Bimpo: type=0, id=4, size=1, start=4
Bimpo: type=0, id=5, size=1, start=5
Bimpo: type=0, id=6, size=1, start=6
Bimpo: type=0, id=7, size=1, start=7
Bimpo: type=0, id=8, size=1, start=8
Bimpo: type=0, id=9, size=1, start=9
Bimpo: type=0, id=10, size=1, start=10
Bimpo: type=0, id=11, size=1, start=11
Bimpo: type=0, id=12, size=1, start=12
Bimpo: type=0, id=13, size=1, start=13
Bimpo: type=0, id=14, size=1, start=14
------CfgSketch: Flattened CFG Sketch----------------------------------------------
Block: 0 -> [5]
Block: 1 -> [11]
Block: 2 -> [10, 13]
Block: 3 -> [2, 9]
Block: 4 -> [3, 12]
Block: 5 -> [7, 10]
Block: 6 -> [5, 10]
Block: 7 -> [6, 14]
Block: 8 -> [12]
Block: 9 -> [7, 11]
Block: 10 -> [9, 11]
Block: 11 -> [10, 12]
Block: 12 -> [2, 7]
Block: 13 -> [11]
Block: 14 -> []
------FunPlus: Generate Block #0----------------------------------------------
Generate assignment: 4 <- 7, 2
Generate assignment: 5 <- 1, 6
------FunPlus: Generate Block #1----------------------------------------------
Generate assignment: 7 <- 6, 1
Generate assignment: 1 <- 1, 2
------FunPlus: Generate Block #2----------------------------------------------
Generate assignment: 6 <- 4, 3
Generate assignment: 7 <- 0, 2
Generate conditional: 6, 7, 0
------FunPlus: Generate Block #3----------------------------------------------
Generate assignment: 7 <- 5, 7
Generate assignment: 3 <- 3, 4
Generate conditional: 7, 3, 0
------FunPlus: Generate Block #4----------------------------------------------
Generate assignment: 1 <- 0, 7
Generate assignment: 3 <- 1, 5
Generate conditional: 1, 3, 2
------FunPlus: Generate Block #5----------------------------------------------
Generate assignment: 0 <- 1, 3
Generate assignment: 6 <- 3, 0
Generate conditional: 0, 6, 4
------FunPlus: Generate Block #6----------------------------------------------
Generate assignment: 4 <- 0, 4
Generate assignment: 3 <- 7, 4
Generate conditional: 4, 3, 5
------FunPlus: Generate Block #7----------------------------------------------
Generate assignment: 3 <- 6, 0
Generate assignment: 2 <- 6, 4
Generate conditional: 3, 2, 7
------FunPlus: Generate Block #8----------------------------------------------
Generate assignment: 5 <- 5, 6
Generate assignment: 2 <- 2, 5
------FunPlus: Generate Block #9----------------------------------------------
Generate assignment: 2 <- 0, 1
Generate assignment: 4 <- 1, 4
Generate conditional: 2, 4, 5
------FunPlus: Generate Block #10----------------------------------------------
Generate assignment: 2 <- 6, 4
Generate assignment: 1 <- 2, 7
Generate conditional: 2, 1, 6
------FunPlus: Generate Block #11----------------------------------------------
Generate assignment: 1 <- 4, 2
Generate assignment: 6 <- 7, 5
Generate conditional: 1, 6, 4
------FunPlus: Generate Block #12----------------------------------------------
Generate assignment: 7 <- 1, 7
Generate assignment: 5 <- 0, 1
Generate conditional: 7, 5, 2
------FunPlus: Generate Block #13----------------------------------------------
Generate assignment: 0 <- 4, 7
Generate assignment: 2 <- 5, 0
------FunPlus: Generate Block #14----------------------------------------------
Generate assignment: 5 <- 2, 4
Generate assignment: 6 <- 3, 2
----SymExec: Solve------------------------------------------------
Execution Path: 0->5->7->14
------SymExec: Iteration 0----------------------------------------------
Generating or re-generating UB-free constraints
Initial constraints: 
```
(bvsle (bvadd (bvadd (bvadd (bvadd (bvadd (bvadd (bvadd (bvadd (bvadd (ite (= v0_v0 #b00000000000000000000000000000000) #b00000000000000000000000000000001 #b00000000000000000000000000000000) (ite (= v1_f0_v0 #b00000000000000000000000000000000) #b00000000000000000000000000000001 #b00000000000000000000000000000000)) (ite (= v1_f1_v0 #b00000000000000000000000000000000) #b00000000000000000000000000000001 #b00000000000000000000000000000000)) (ite (= v2_f0_v0 #b00000000000000000000000000000000) #b00000000000000000000000000000001 #b00000000000000000000000000000000)) (ite (= v2_f1_v0 #b00000000000000000000000000000000) #b00000000000000000000000000000001 #b00000000000000000000000000000000)) (ite (= v3_v0 #b00000000000000000000000000000000) #b00000000000000000000000000000001 #b00000000000000000000000000000000)) (ite (= v4_el0_v0 #b00000000000000000000000000000000) #b00000000000000000000000000000001 #b00000000000000000000000000000000)) (ite (= v4_el1_v0 #b00000000000000000000000000000000) #b00000000000000000000000000000001 #b00000000000000000000000000000000)) (ite (= v4_el2_v0 #b00000000000000000000000000000000) #b00000000000000000000000000000001 #b00000000000000000000000000000000)) (ite (= v5_v0 #b00000000000000000000000000000000) #b00000000000000000000000000000001 #b00000000000000000000000000000000)) #b00000000000000000000000000000101)
```
Final constraints: 
```
(bvsle (bvadd (bvadd (bvadd (bvadd (bvadd (bvadd (bvadd (bvadd (bvadd (ite (= v0_v0 #b00000000000000000000000000000000) #b00000000000000000000000000000001 #b00000000000000000000000000000000) (ite (= v1_f0_v0 #b00000000000000000000000000000000) #b00000000000000000000000000000001 #b00000000000000000000000000000000)) (ite (= v1_f1_v0 #b00000000000000000000000000000000) #b00000000000000000000000000000001 #b00000000000000000000000000000000)) (ite (= v2_f0_v0 #b00000000000000000000000000000000) #b00000000000000000000000000000001 #b00000000000000000000000000000000)) (ite (= v2_f1_v0 #b00000000000000000000000000000000) #b00000000000000000000000000000001 #b00000000000000000000000000000000)) (ite (= v3_v0 #b00000000000000000000000000000000) #b00000000000000000000000000000001 #b00000000000000000000000000000000)) (ite (= v4_el0_v0 #b00000000000000000000000000000000) #b00000000000000000000000000000001 #b00000000000000000000000000000000)) (ite (= v4_el1_v0 #b00000000000000000000000000000000) #b00000000000000000000000000000001 #b00000000000000000000000000000000)) (ite (= v4_el2_v0 #b00000000000000000000000000000000) #b00000000000000000000000000000001 #b00000000000000000000000000000000)) (ite (= v5_v0 #b00000000000000000000000000000000) #b00000000000000000000000000000001 #b00000000000000000000000000000000)) #b00000000000000000000000000000101)
(= v6_v0 init_var6)
(= v7_el0_v0 init_var7_el0)
(= v7_el1_v0 init_var7_el1)
(= v7_el2_v0 init_var7_el2)
(= v7_el3_v0 init_var7_el3)
(= v7_el4_v0 init_var7_el4)
(= v7_el5_v0 init_var7_el5)
(bvsle (bvadd (bvadd (bvadd (bvadd (bvadd (ite (= init_var7_el0 #b00000000000000000000000000000000) #b00000000000000000000000000000001 #b00000000000000000000000000000000) (ite (= init_var7_el1 #b00000000000000000000000000000000) #b00000000000000000000000000000001 #b00000000000000000000000000000000)) (ite (= init_var7_el2 #b00000000000000000000000000000000) #b00000000000000000000000000000001 #b00000000000000000000000000000000)) (ite (= init_var7_el3 #b00000000000000000000000000000000) #b00000000000000000000000000000001 #b00000000000000000000000000000000)) (ite (= init_var7_el4 #b00000000000000000000000000000000) #b00000000000000000000000000000001 #b00000000000000000000000000000000)) (ite (= init_var7_el5 #b00000000000000000000000000000000) #b00000000000000000000000000000001 #b00000000000000000000000000000000)) #b00000000000000000000000000000001)
(not (bvssubo a0_0_1 v7_el5_v0))
(not (bvssubo a0_0_2 v2_f1_v0))
(not (bvssubo (bvsub a0_0_1 v7_el5_v0) (bvsub a0_0_2 v2_f1_v0)))
(not (bvssubo (bvsub (bvsub a0_0_1 v7_el5_v0) (bvsub a0_0_2 v2_f1_v0)) a0_0))
(bvsle (bvadd (bvadd (ite (= a0_0_1 #b00000000000000000000000000000000) #b00000000000000000000000000000001 #b00000000000000000000000000000000) (ite (= a0_0_2 #b00000000000000000000000000000000) #b00000000000000000000000000000001 #b00000000000000000000000000000000)) (ite (= a0_0 #b00000000000000000000000000000000) #b00000000000000000000000000000001 #b00000000000000000000000000000000)) #b00000000000000000000000000000001)
(= v4_el2_v1 (bvsub (bvsub (bvsub a0_0_1 v7_el5_v0) (bvsub a0_0_2 v2_f1_v0)) a0_0))
(not (bvssubo a0_1_1 v1_f1_v0))
(distinct v6_v0 #b00000000000000000000000000000000)
(not (bvsdivo a0_1_2 v6_v0))
(not (bvssubo (bvsub a0_1_1 v1_f1_v0) (bvsrem a0_1_2 v6_v0)))
(not (bvssubo (bvsub (bvsub a0_1_1 v1_f1_v0) (bvsrem a0_1_2 v6_v0)) a0_1))
(bvsle (bvadd (bvadd (ite (= a0_1_1 #b00000000000000000000000000000000) #b00000000000000000000000000000001 #b00000000000000000000000000000000) (ite (= a0_1_2 #b00000000000000000000000000000000) #b00000000000000000000000000000001 #b00000000000000000000000000000000)) (ite (= a0_1 #b00000000000000000000000000000000) #b00000000000000000000000000000001 #b00000000000000000000000000000000)) #b00000000000000000000000000000001)
(= v5_v1 (bvsub (bvsub (bvsub a0_1_1 v1_f1_v0) (bvsrem a0_1_2 v6_v0)) a0_1))
(not (bvsmulo a5_0_1 v1_f0_v0))
(not (bvsmulo a5_0_2 v3_v0))
(not (bvsaddo (bvmul a5_0_1 v1_f0_v0) (bvmul a5_0_2 v3_v0)))
(not (bvsaddo (bvadd (bvmul a5_0_1 v1_f0_v0) (bvmul a5_0_2 v3_v0)) a5_0))
(bvsle (bvadd (bvadd (ite (= a5_0_1 #b00000000000000000000000000000000) #b00000000000000000000000000000001 #b00000000000000000000000000000000) (ite (= a5_0_2 #b00000000000000000000000000000000) #b00000000000000000000000000000001 #b00000000000000000000000000000000)) (ite (= a5_0 #b00000000000000000000000000000000) #b00000000000000000000000000000001 #b00000000000000000000000000000000)) #b00000000000000000000000000000001)
(= v0_v1 (bvadd (bvadd (bvmul a5_0_1 v1_f0_v0) (bvmul a5_0_2 v3_v0)) a5_0))
(not (bvsaddo a5_1_1 v3_v0))
(distinct v0_v1 #b00000000000000000000000000000000)
(not (bvsdivo a5_1_2 v0_v1))
(not (bvssubo (bvadd a5_1_1 v3_v0) (bvsdiv a5_1_2 v0_v1)))
(not (bvssubo (bvsub (bvadd a5_1_1 v3_v0) (bvsdiv a5_1_2 v0_v1)) a5_1))
(bvsle (bvadd (bvadd (ite (= a5_1_1 #b00000000000000000000000000000000) #b00000000000000000000000000000001 #b00000000000000000000000000000000) (ite (= a5_1_2 #b00000000000000000000000000000000) #b00000000000000000000000000000001 #b00000000000000000000000000000000)) (ite (= a5_1 #b00000000000000000000000000000000) #b00000000000000000000000000000001 #b00000000000000000000000000000000)) #b00000000000000000000000000000001)
(= v6_v1 (bvsub (bvsub (bvadd a5_1_1 v3_v0) (bvsdiv a5_1_2 v0_v1)) a5_1))
(not (bvsaddo b5_2_1 v0_v1))
(not (bvsmulo b5_2_2 v6_v1))
(not (bvssubo (bvadd b5_2_1 v0_v1) (bvmul b5_2_2 v6_v1)))
(not (bvsaddo b5_2_3 v4_el2_v1))
(not (bvssubo (bvsub (bvadd b5_2_1 v0_v1) (bvmul b5_2_2 v6_v1)) (bvadd b5_2_3 v4_el2_v1)))
(not (bvssubo (bvsub (bvsub (bvadd b5_2_1 v0_v1) (bvmul b5_2_2 v6_v1)) (bvadd b5_2_3 v4_el2_v1)) b5_2))
(bvsle (bvadd (bvadd (bvadd (ite (= b5_2_1 #b00000000000000000000000000000000) #b00000000000000000000000000000001 #b00000000000000000000000000000000) (ite (= b5_2_2 #b00000000000000000000000000000000) #b00000000000000000000000000000001 #b00000000000000000000000000000000)) (ite (= b5_2_3 #b00000000000000000000000000000000) #b00000000000000000000000000000001 #b00000000000000000000000000000000)) (ite (= b5_2 #b00000000000000000000000000000000) #b00000000000000000000000000000001 #b00000000000000000000000000000000)) #b00000000000000000000000000000001)
(bvsgt (bvsub (bvsub (bvsub (bvadd b5_2_1 v0_v1) (bvmul b5_2_2 v6_v1)) (bvadd b5_2_3 v4_el2_v1)) b5_2) #b00000000000000000000000000000000)
(distinct v6_v1 #b00000000000000000000000000000000)
(not (bvsdivo a7_0_1 v6_v1))
(not (bvssubo a7_0_2 v0_v1))
(not (bvssubo (bvsrem a7_0_1 v6_v1) (bvsub a7_0_2 v0_v1)))
(not (bvssubo (bvsub (bvsrem a7_0_1 v6_v1) (bvsub a7_0_2 v0_v1)) a7_0))
(bvsle (bvadd (bvadd (ite (= a7_0_1 #b00000000000000000000000000000000) #b00000000000000000000000000000001 #b00000000000000000000000000000000) (ite (= a7_0_2 #b00000000000000000000000000000000) #b00000000000000000000000000000001 #b00000000000000000000000000000000)) (ite (= a7_0 #b00000000000000000000000000000000) #b00000000000000000000000000000001 #b00000000000000000000000000000000)) #b00000000000000000000000000000001)
(= v3_v1 (bvsub (bvsub (bvsrem a7_0_1 v6_v1) (bvsub a7_0_2 v0_v1)) a7_0))
(not (bvsdivo a7_1_1 v6_v1))
(not (bvsaddo a7_1_2 v4_el2_v1))
(not (bvsaddo (bvsdiv a7_1_1 v6_v1) (bvadd a7_1_2 v4_el2_v1)))
(not (bvsaddo (bvadd (bvsdiv a7_1_1 v6_v1) (bvadd a7_1_2 v4_el2_v1)) a7_1))
(bvsle (bvadd (bvadd (ite (= a7_1_1 #b00000000000000000000000000000000) #b00000000000000000000000000000001 #b00000000000000000000000000000000) (ite (= a7_1_2 #b00000000000000000000000000000000) #b00000000000000000000000000000001 #b00000000000000000000000000000000)) (ite (= a7_1 #b00000000000000000000000000000000) #b00000000000000000000000000000001 #b00000000000000000000000000000000)) #b00000000000000000000000000000001)
(= v2_f0_v1 (bvadd (bvadd (bvsdiv a7_1_1 v6_v1) (bvadd a7_1_2 v4_el2_v1)) a7_1))
(distinct v3_v1 #b00000000000000000000000000000000)
(not (bvsdivo b7_2_1 v3_v1))
(distinct v2_f0_v1 #b00000000000000000000000000000000)
(not (bvsdivo b7_2_2 v2_f0_v1))
(not (bvsaddo (bvsrem b7_2_1 v3_v1) (bvsdiv b7_2_2 v2_f0_v1)))
(distinct v7_el5_v0 #b00000000000000000000000000000000)
(not (bvsdivo b7_2_3 v7_el5_v0))
(not (bvsaddo (bvadd (bvsrem b7_2_1 v3_v1) (bvsdiv b7_2_2 v2_f0_v1)) (bvsrem b7_2_3 v7_el5_v0)))
(not (bvsaddo (bvadd (bvadd (bvsrem b7_2_1 v3_v1) (bvsdiv b7_2_2 v2_f0_v1)) (bvsrem b7_2_3 v7_el5_v0)) b7_2))
(bvsle (bvadd (bvadd (bvadd (ite (= b7_2_1 #b00000000000000000000000000000000) #b00000000000000000000000000000001 #b00000000000000000000000000000000) (ite (= b7_2_2 #b00000000000000000000000000000000) #b00000000000000000000000000000001 #b00000000000000000000000000000000)) (ite (= b7_2_3 #b00000000000000000000000000000000) #b00000000000000000000000000000001 #b00000000000000000000000000000000)) (ite (= b7_2 #b00000000000000000000000000000000) #b00000000000000000000000000000001 #b00000000000000000000000000000000)) #b00000000000000000000000000000001)
(not (bvslt (bvadd (bvadd (bvadd (bvsrem b7_2_1 v3_v1) (bvsdiv b7_2_2 v2_f0_v1)) (bvsrem b7_2_3 v7_el5_v0)) b7_2) #b00000000000000000000000000000000))
(not (bvssubo a14_0_1 v2_f1_v0))
(not (bvssubo a14_0_2 v4_el2_v1))
(not (bvsaddo (bvsub a14_0_1 v2_f1_v0) (bvsub a14_0_2 v4_el2_v1)))
(not (bvsaddo (bvadd (bvsub a14_0_1 v2_f1_v0) (bvsub a14_0_2 v4_el2_v1)) a14_0))
(bvsle (bvadd (bvadd (ite (= a14_0_1 #b00000000000000000000000000000000) #b00000000000000000000000000000001 #b00000000000000000000000000000000) (ite (= a14_0_2 #b00000000000000000000000000000000) #b00000000000000000000000000000001 #b00000000000000000000000000000000)) (ite (= a14_0 #b00000000000000000000000000000000) #b00000000000000000000000000000001 #b00000000000000000000000000000000)) #b00000000000000000000000000000001)
(= v5_v2 (bvadd (bvadd (bvsub a14_0_1 v2_f1_v0) (bvsub a14_0_2 v4_el2_v1)) a14_0))
(not (bvsdivo a14_1_1 v3_v1))
(distinct v2_f1_v0 #b00000000000000000000000000000000)
(not (bvsdivo a14_1_2 v2_f1_v0))
(not (bvssubo (bvsrem a14_1_1 v3_v1) (bvsdiv a14_1_2 v2_f1_v0)))
(not (bvssubo (bvsub (bvsrem a14_1_1 v3_v1) (bvsdiv a14_1_2 v2_f1_v0)) a14_1))
(bvsle (bvadd (bvadd (ite (= a14_1_1 #b00000000000000000000000000000000) #b00000000000000000000000000000001 #b00000000000000000000000000000000) (ite (= a14_1_2 #b00000000000000000000000000000000) #b00000000000000000000000000000001 #b00000000000000000000000000000000)) (ite (= a14_1 #b00000000000000000000000000000000) #b00000000000000000000000000000001 #b00000000000000000000000000000000)) #b00000000000000000000000000000001)
(= v6_v2 (bvsub (bvsub (bvsrem a14_1_1 v3_v1) (bvsdiv a14_1_2 v2_f1_v0)) a14_1))
```
Optimized constraints: 
```
(bvsle (bvadd (bvadd (bvadd (bvadd (bvadd (bvadd (bvadd (bvadd (bvadd (ite (= v0_v0 #b00000000000000000000000000000000) #b00000000000000000000000000000001 #b00000000000000000000000000000000) (ite (= v1_f0_v0 #b00000000000000000000000000000000) #b00000000000000000000000000000001 #b00000000000000000000000000000000)) (ite (= v1_f1_v0 #b00000000000000000000000000000000) #b00000000000000000000000000000001 #b00000000000000000000000000000000)) (ite (= v2_f0_v0 #b00000000000000000000000000000000) #b00000000000000000000000000000001 #b00000000000000000000000000000000)) (ite (= v2_f1_v0 #b00000000000000000000000000000000) #b00000000000000000000000000000001 #b00000000000000000000000000000000)) (ite (= v3_v0 #b00000000000000000000000000000000) #b00000000000000000000000000000001 #b00000000000000000000000000000000)) (ite (= v4_el0_v0 #b00000000000000000000000000000000) #b00000000000000000000000000000001 #b00000000000000000000000000000000)) (ite (= v4_el1_v0 #b00000000000000000000000000000000) #b00000000000000000000000000000001 #b00000000000000000000000000000000)) (ite (= v4_el2_v0 #b00000000000000000000000000000000) #b00000000000000000000000000000001 #b00000000000000000000000000000000)) (ite (= v5_v0 #b00000000000000000000000000000000) #b00000000000000000000000000000001 #b00000000000000000000000000000000)) #b00000000000000000000000000000101)
(= v6_v0 init_var6)
(= v7_el0_v0 init_var7_el0)
(= v7_el1_v0 init_var7_el1)
(= v7_el2_v0 init_var7_el2)
(= v7_el3_v0 init_var7_el3)
(= v7_el4_v0 init_var7_el4)
(= v7_el5_v0 init_var7_el5)
(bvsle (bvadd (bvadd (bvadd (bvadd (bvadd (ite (= init_var7_el0 #b00000000000000000000000000000000) #b00000000000000000000000000000001 #b00000000000000000000000000000000) (ite (= init_var7_el1 #b00000000000000000000000000000000) #b00000000000000000000000000000001 #b00000000000000000000000000000000)) (ite (= init_var7_el2 #b00000000000000000000000000000000) #b00000000000000000000000000000001 #b00000000000000000000000000000000)) (ite (= init_var7_el3 #b00000000000000000000000000000000) #b00000000000000000000000000000001 #b00000000000000000000000000000000)) (ite (= init_var7_el4 #b00000000000000000000000000000000) #b00000000000000000000000000000001 #b00000000000000000000000000000000)) (ite (= init_var7_el5 #b00000000000000000000000000000000) #b00000000000000000000000000000001 #b00000000000000000000000000000000)) #b00000000000000000000000000000001)
(not (bvssubo a0_0_1 v7_el5_v0))
(not (bvssubo a0_0_2 v2_f1_v0))
(not (bvssubo (bvsub a0_0_1 v7_el5_v0) (bvsub a0_0_2 v2_f1_v0)))
(not (bvssubo (bvsub (bvsub a0_0_1 v7_el5_v0) (bvsub a0_0_2 v2_f1_v0)) a0_0))
(bvsle (bvadd (bvadd (ite (= a0_0_1 #b00000000000000000000000000000000) #b00000000000000000000000000000001 #b00000000000000000000000000000000) (ite (= a0_0_2 #b00000000000000000000000000000000) #b00000000000000000000000000000001 #b00000000000000000000000000000000)) (ite (= a0_0 #b00000000000000000000000000000000) #b00000000000000000000000000000001 #b00000000000000000000000000000000)) #b00000000000000000000000000000001)
(= v4_el2_v1 (bvsub (bvsub (bvsub a0_0_1 v7_el5_v0) (bvsub a0_0_2 v2_f1_v0)) a0_0))
(not (bvssubo a0_1_1 v1_f1_v0))
(distinct v6_v0 #b00000000000000000000000000000000)
(not (bvsdivo a0_1_2 v6_v0))
(not (bvssubo (bvsub a0_1_1 v1_f1_v0) (bvsrem a0_1_2 v6_v0)))
(not (bvssubo (bvsub (bvsub a0_1_1 v1_f1_v0) (bvsrem a0_1_2 v6_v0)) a0_1))
(bvsle (bvadd (bvadd (ite (= a0_1_1 #b00000000000000000000000000000000) #b00000000000000000000000000000001 #b00000000000000000000000000000000) (ite (= a0_1_2 #b00000000000000000000000000000000) #b00000000000000000000000000000001 #b00000000000000000000000000000000)) (ite (= a0_1 #b00000000000000000000000000000000) #b00000000000000000000000000000001 #b00000000000000000000000000000000)) #b00000000000000000000000000000001)
(= v5_v1 (bvsub (bvsub (bvsub a0_1_1 v1_f1_v0) (bvsrem a0_1_2 v6_v0)) a0_1))
(not (bvsmulo a5_0_1 v1_f0_v0))
(not (bvsmulo a5_0_2 v3_v0))
(not (bvsaddo (bvmul a5_0_1 v1_f0_v0) (bvmul a5_0_2 v3_v0)))
(not (bvsaddo (bvadd (bvmul a5_0_1 v1_f0_v0) (bvmul a5_0_2 v3_v0)) a5_0))
(bvsle (bvadd (bvadd (ite (= a5_0_1 #b00000000000000000000000000000000) #b00000000000000000000000000000001 #b00000000000000000000000000000000) (ite (= a5_0_2 #b00000000000000000000000000000000) #b00000000000000000000000000000001 #b00000000000000000000000000000000)) (ite (= a5_0 #b00000000000000000000000000000000) #b00000000000000000000000000000001 #b00000000000000000000000000000000)) #b00000000000000000000000000000001)
(= v0_v1 (bvadd (bvadd (bvmul a5_0_1 v1_f0_v0) (bvmul a5_0_2 v3_v0)) a5_0))
(not (bvsaddo a5_1_1 v3_v0))
(distinct v0_v1 #b00000000000000000000000000000000)
(not (bvsdivo a5_1_2 v0_v1))
(not (bvssubo (bvadd a5_1_1 v3_v0) (bvsdiv a5_1_2 v0_v1)))
(not (bvssubo (bvsub (bvadd a5_1_1 v3_v0) (bvsdiv a5_1_2 v0_v1)) a5_1))
(bvsle (bvadd (bvadd (ite (= a5_1_1 #b00000000000000000000000000000000) #b00000000000000000000000000000001 #b00000000000000000000000000000000) (ite (= a5_1_2 #b00000000000000000000000000000000) #b00000000000000000000000000000001 #b00000000000000000000000000000000)) (ite (= a5_1 #b00000000000000000000000000000000) #b00000000000000000000000000000001 #b00000000000000000000000000000000)) #b00000000000000000000000000000001)
(= v6_v1 (bvsub (bvsub (bvadd a5_1_1 v3_v0) (bvsdiv a5_1_2 v0_v1)) a5_1))
(not (bvsaddo b5_2_1 v0_v1))
(not (bvsmulo b5_2_2 v6_v1))
(not (bvssubo (bvadd b5_2_1 v0_v1) (bvmul b5_2_2 v6_v1)))
(not (bvsaddo b5_2_3 v4_el2_v1))
(not (bvssubo (bvsub (bvadd b5_2_1 v0_v1) (bvmul b5_2_2 v6_v1)) (bvadd b5_2_3 v4_el2_v1)))
(not (bvssubo (bvsub (bvsub (bvadd b5_2_1 v0_v1) (bvmul b5_2_2 v6_v1)) (bvadd b5_2_3 v4_el2_v1)) b5_2))
(bvsle (bvadd (bvadd (bvadd (ite (= b5_2_1 #b00000000000000000000000000000000) #b00000000000000000000000000000001 #b00000000000000000000000000000000) (ite (= b5_2_2 #b00000000000000000000000000000000) #b00000000000000000000000000000001 #b00000000000000000000000000000000)) (ite (= b5_2_3 #b00000000000000000000000000000000) #b00000000000000000000000000000001 #b00000000000000000000000000000000)) (ite (= b5_2 #b00000000000000000000000000000000) #b00000000000000000000000000000001 #b00000000000000000000000000000000)) #b00000000000000000000000000000001)
(bvsgt (bvsub (bvsub (bvsub (bvadd b5_2_1 v0_v1) (bvmul b5_2_2 v6_v1)) (bvadd b5_2_3 v4_el2_v1)) b5_2) #b00000000000000000000000000000000)
(distinct v6_v1 #b00000000000000000000000000000000)
(not (bvsdivo a7_0_1 v6_v1))
(not (bvssubo a7_0_2 v0_v1))
(not (bvssubo (bvsrem a7_0_1 v6_v1) (bvsub a7_0_2 v0_v1)))
(not (bvssubo (bvsub (bvsrem a7_0_1 v6_v1) (bvsub a7_0_2 v0_v1)) a7_0))
(bvsle (bvadd (bvadd (ite (= a7_0_1 #b00000000000000000000000000000000) #b00000000000000000000000000000001 #b00000000000000000000000000000000) (ite (= a7_0_2 #b00000000000000000000000000000000) #b00000000000000000000000000000001 #b00000000000000000000000000000000)) (ite (= a7_0 #b00000000000000000000000000000000) #b00000000000000000000000000000001 #b00000000000000000000000000000000)) #b00000000000000000000000000000001)
(= v3_v1 (bvsub (bvsub (bvsrem a7_0_1 v6_v1) (bvsub a7_0_2 v0_v1)) a7_0))
(not (bvsdivo a7_1_1 v6_v1))
(not (bvsaddo a7_1_2 v4_el2_v1))
(not (bvsaddo (bvsdiv a7_1_1 v6_v1) (bvadd a7_1_2 v4_el2_v1)))
(not (bvsaddo (bvadd (bvsdiv a7_1_1 v6_v1) (bvadd a7_1_2 v4_el2_v1)) a7_1))
(bvsle (bvadd (bvadd (ite (= a7_1_1 #b00000000000000000000000000000000) #b00000000000000000000000000000001 #b00000000000000000000000000000000) (ite (= a7_1_2 #b00000000000000000000000000000000) #b00000000000000000000000000000001 #b00000000000000000000000000000000)) (ite (= a7_1 #b00000000000000000000000000000000) #b00000000000000000000000000000001 #b00000000000000000000000000000000)) #b00000000000000000000000000000001)
(= v2_f0_v1 (bvadd (bvadd (bvsdiv a7_1_1 v6_v1) (bvadd a7_1_2 v4_el2_v1)) a7_1))
(distinct v3_v1 #b00000000000000000000000000000000)
(not (bvsdivo b7_2_1 v3_v1))
(distinct v2_f0_v1 #b00000000000000000000000000000000)
(not (bvsdivo b7_2_2 v2_f0_v1))
(not (bvsaddo (bvsrem b7_2_1 v3_v1) (bvsdiv b7_2_2 v2_f0_v1)))
(distinct v7_el5_v0 #b00000000000000000000000000000000)
(not (bvsdivo b7_2_3 v7_el5_v0))
(not (bvsaddo (bvadd (bvsrem b7_2_1 v3_v1) (bvsdiv b7_2_2 v2_f0_v1)) (bvsrem b7_2_3 v7_el5_v0)))
(not (bvsaddo (bvadd (bvadd (bvsrem b7_2_1 v3_v1) (bvsdiv b7_2_2 v2_f0_v1)) (bvsrem b7_2_3 v7_el5_v0)) b7_2))
(bvsle (bvadd (bvadd (bvadd (ite (= b7_2_1 #b00000000000000000000000000000000) #b00000000000000000000000000000001 #b00000000000000000000000000000000) (ite (= b7_2_2 #b00000000000000000000000000000000) #b00000000000000000000000000000001 #b00000000000000000000000000000000)) (ite (= b7_2_3 #b00000000000000000000000000000000) #b00000000000000000000000000000001 #b00000000000000000000000000000000)) (ite (= b7_2 #b00000000000000000000000000000000) #b00000000000000000000000000000001 #b00000000000000000000000000000000)) #b00000000000000000000000000000001)
(not (bvslt (bvadd (bvadd (bvadd (bvsrem b7_2_1 v3_v1) (bvsdiv b7_2_2 v2_f0_v1)) (bvsrem b7_2_3 v7_el5_v0)) b7_2) #b00000000000000000000000000000000))
(not (bvssubo a14_0_1 v2_f1_v0))
(not (bvssubo a14_0_2 v4_el2_v1))
(not (bvsaddo (bvsub a14_0_1 v2_f1_v0) (bvsub a14_0_2 v4_el2_v1)))
(not (bvsaddo (bvadd (bvsub a14_0_1 v2_f1_v0) (bvsub a14_0_2 v4_el2_v1)) a14_0))
(bvsle (bvadd (bvadd (ite (= a14_0_1 #b00000000000000000000000000000000) #b00000000000000000000000000000001 #b00000000000000000000000000000000) (ite (= a14_0_2 #b00000000000000000000000000000000) #b00000000000000000000000000000001 #b00000000000000000000000000000000)) (ite (= a14_0 #b00000000000000000000000000000000) #b00000000000000000000000000000001 #b00000000000000000000000000000000)) #b00000000000000000000000000000001)
(= v5_v2 (bvadd (bvadd (bvsub a14_0_1 v2_f1_v0) (bvsub a14_0_2 v4_el2_v1)) a14_0))
(not (bvsdivo a14_1_1 v3_v1))
(distinct v2_f1_v0 #b00000000000000000000000000000000)
(not (bvsdivo a14_1_2 v2_f1_v0))
(not (bvssubo (bvsrem a14_1_1 v3_v1) (bvsdiv a14_1_2 v2_f1_v0)))
(not (bvssubo (bvsub (bvsrem a14_1_1 v3_v1) (bvsdiv a14_1_2 v2_f1_v0)) a14_1))
(bvsle (bvadd (bvadd (ite (= a14_1_1 #b00000000000000000000000000000000) #b00000000000000000000000000000001 #b00000000000000000000000000000000) (ite (= a14_1_2 #b00000000000000000000000000000000) #b00000000000000000000000000000001 #b00000000000000000000000000000000)) (ite (= a14_1 #b00000000000000000000000000000000) #b00000000000000000000000000000001 #b00000000000000000000000000000000)) #b00000000000000000000000000000001)
(= v6_v2 (bvsub (bvsub (bvsrem a14_1_1 v3_v1) (bvsdiv a14_1_2 v2_f1_v0)) a14_1))
```
Constraint stats: asserted=80 addCalls=82 skippedTrue=0 deduped=2 ensureInRangeCalls=105 boundedAlready=0 uniqueConstraintIds=80 uniqueBoundedIds=0 (solverAsserted=0)
Bitwuzla check_sat time: 162ms
Bitwuzla statistics: preprocess::contradicting_ands::num_substs=0 preprocess::contradicting_ands::time_apply=0ms preprocess::elim_extract::num_elim=0 preprocess::elim_extract::time_apply=0ms preprocess::elim_lambda::time_apply=0ms preprocess::elim_udiv::num_eliminated=0 preprocess::elim_udiv::time_apply=0ms preprocess::embedded_constraints::num_substs=2 preprocess::embedded_constraints::time_apply=1ms preprocess::flatten_and::num_assertions=157 preprocess::flatten_and::num_flattened=122 preprocess::flatten_and::time_apply=0ms preprocess::lambda::num_elim=0 preprocess::normalize::num_common_normalizations=4 preprocess::normalize::num_normalizations=122 preprocess::normalize::num_normalized_assertions=0 preprocess::normalize::num_pass1=0 preprocess::normalize::num_pass2=0 preprocess::normalize::time_adder_chains=2ms preprocess::normalize::time_apply=38ms preprocess::normalize::time_compute_occs=0ms preprocess::normalize::time_normalize_add=0ms preprocess::normalize::time_normalize_mul=0ms preprocess::normalize::time_score=31ms preprocess::rewrite::time_apply=2ms preprocess::skeleton_preproc::cnf::clauses=601 preprocess::skeleton_preproc::cnf::lits=1149 preprocess::skeleton_preproc::new_assertions=0 preprocess::skeleton_preproc::resets=1 preprocess::skeleton_preproc::time_apply=1ms preprocess::skeleton_preproc::time_encode=0ms preprocess::skeleton_preproc::time_fixed=0ms preprocess::skeleton_preproc::time_sat=0ms preprocess::uninterpreted::num_substs=0 preprocess::uninterpreted::time_apply=0ms preprocess::varsubst::normalize_bv_ineq::num_slt=0 preprocess::varsubst::normalize_bv_ineq::num_ult=0 preprocess::varsubst::normalize_eq::num_bv_concat=0 preprocess::varsubst::normalize_eq::num_gauss_elim=6 preprocess::varsubst::normalize_eq::num_linear_eq=6 preprocess::varsubst::num_substs=14 preprocess::varsubst::time_apply=1ms preprocess::varsubst::time_direct_cycle_check=0ms preprocess::varsubst::time_find_substitution=0ms preprocess::varsubst::time_find_vars=0ms preprocess::varsubst::time_register=0ms preprocess::varsubst::time_remove_cycles=0ms preprocess::varsubst::time_substitute=0ms preprocessor::num_iterations=2 preprocessor::time_preprocess=45ms preprocessor::time_process=0ms rewriter::(normalize)::num_evals=0 rewriter::(normalize)::num_rewrites=369 rewriter::(normalize)::rewrite::BV_ADD_CONST=1 rewriter::(normalize)::rewrite::BV_ADD_EVAL=1 rewriter::(normalize)::rewrite::BV_ADD_SPECIAL_CONST=43 rewriter::(normalize)::rewrite::BV_MUL_EVAL=2 rewriter::(normalize)::rewrite::BV_MUL_ONES=11 rewriter::(normalize)::rewrite::BV_NEG_ELIM=11 rewriter::(normalize)::rewrite::BV_NOT_BV_NOT=50 rewriter::(normalize)::rewrite::NORMALIZE_COMM=250 rewriter::eval::BV_MUL_EVAL=2 rewriter::eval::BV_NEG_EVAL=1 rewriter::eval::BV_SHL_EVAL=2 rewriter::eval::EQUAL_EVAL=4 rewriter::eval::IMPLIES_EVAL=1 rewriter::num_evals=10 rewriter::num_rewrites=1760 rewriter::rewrite::BV_ADD_EVAL=2 rewriter::rewrite::BV_ADD_ITE2=48 rewriter::rewrite::BV_ADD_SPECIAL_CONST=43 rewriter::rewrite::BV_EXTRACT_ADD_MUL=7 rewriter::rewrite::BV_EXTRACT_EVAL=1 rewriter::rewrite::BV_EXTRACT_FULL=6 rewriter::rewrite::BV_MUL_ONE=5 rewriter::rewrite::BV_MUL_POW2=7 rewriter::rewrite::BV_NEG_ELIM=53 rewriter::rewrite::BV_NOT_BV_NOT=288 rewriter::rewrite::BV_NOT_EVAL=2 rewriter::rewrite::BV_OR_ELIM=177 rewriter::rewrite::BV_SADDO_ELIM=13 rewriter::rewrite::BV_SDIVO_ELIM=9 rewriter::rewrite::BV_SDIV_ELIM=4 rewriter::rewrite::BV_SGT_ELIM=1 rewriter::rewrite::BV_SHL_CONST=7 rewriter::rewrite::BV_SHL_SPECIAL_CONST=3 rewriter::rewrite::BV_SIGN_EXTEND_ELIM=12 rewriter::rewrite::BV_SLE_ELIM=12 rewriter::rewrite::BV_SMULO_ELIM=3 rewriter::rewrite::BV_SREM_ELIM=5 rewriter::rewrite::BV_SSUBO_ELIM=19 rewriter::rewrite::BV_SUB_ELIM=24 rewriter::rewrite::DISTINCT_ELIM=7 rewriter::rewrite::EQUAL_BV_SUB=15 rewriter::rewrite::EQUAL_CONST_BV_NOT=93 rewriter::rewrite::EQUAL_SPECIAL_CONST=6 rewriter::rewrite::EQUAL_TRUE=12 rewriter::rewrite::IMPLIES_ELIM=3 rewriter::rewrite::ITE_EVAL=2 rewriter::rewrite::NORMALIZE_COMM=740 rewriter::rewrite::NOT_EQUAL_BV1_BOOL=67 rewriter::rewrite::NOT_NOT=32 rewriter::rewrite::OR_ELIM=32 solver::abstract::lemmas::MUL_NEG_POW2=2 solver::abstract::lemmas::MUL_POW2=1 solver::abstract::num_checks=2 solver::abstract::terms::BV_MUL=3 solver::abstract::terms::total=3 solver::abstract::time_check=2ms solver::array::equalities=0 solver::array::num_checks=0 solver::array::propagations=0 solver::array::propagations_down=0 solver::array::propagations_up=0 solver::array::selects=0 solver::array::time_check=0ms solver::bv::bitblast::aig::num_ands=111477 solver::bv::bitblast::aig::num_consts=1699 solver::bv::bitblast::aig::num_shared=17633 solver::bv::bitblast::aig::time_bitblast=11ms solver::bv::bitblast::cnf::num_clauses=282714 solver::bv::bitblast::cnf::num_literals=685322 solver::bv::bitblast::cnf::num_vars=92463 solver::bv::bitblast::cnf::time_encode=86ms solver::bv::bitblast::sat::time_solve=15ms solver::bv::num_assertions=194 solver::bv::num_checks=2 solver::bv::time_check=101ms solver::engine::lemmas::abstr=3 solver::engine::lemmas::array=0 solver::engine::lemmas::fp=0 solver::engine::lemmas::fun=0 solver::engine::lemmas::quant=0 solver::engine::lemmas::total=3 solver::engine::time_register_term=0ms solver::engine::time_solve=117ms solver::fun::num_checks=1 solver::fun::time_check=0ms solver::quant::mbqi_checks=0 solver::quant::num_lemma_iterations=0 solver::quant::num_lemmas=0 solver::quant::time_check=0ms solver::quant::time_mbqi=0ms solver::quant::time_process=0ms solving_context::max_memory=80941056 solving_context::time_ensure_model=0ms solving_context::time_solve=162ms
SAT
Extract symbols: sym=init_var6, value=-1
Extract symbols: sym=init_var7_el0, value=-1
Extract symbols: sym=init_var7_el1, value=-1
Extract symbols: sym=init_var7_el2, value=-1
Extract symbols: sym=init_var7_el3, value=-1
Extract symbols: sym=init_var7_el4, value=-1
Extract symbols: sym=init_var7_el5, value=-1
Extract symbols: sym=a0_0_1, value=-3
Extract symbols: sym=a0_0_2, value=-1
Extract symbols: sym=a0_0, value=-1
Extract symbols: sym=a0_1_1, value=-3
Extract symbols: sym=a0_1_2, value=-1
Extract symbols: sym=a0_1, value=-1
Extract symbols: sym=a1_0_1, value=0
Extract symbols: sym=a1_0_2, value=0
Extract symbols: sym=a1_0, value=0
Extract symbols: sym=a1_1_1, value=0
Extract symbols: sym=a1_1_2, value=0
Extract symbols: sym=a1_1, value=0
Extract symbols: sym=a2_0_1, value=0
Extract symbols: sym=a2_0_2, value=0
Extract symbols: sym=a2_0, value=0
Extract symbols: sym=a2_1_1, value=0
Extract symbols: sym=a2_1_2, value=0
Extract symbols: sym=a2_1, value=0
Extract symbols: sym=b2_2_1, value=0
Extract symbols: sym=b2_2_2, value=0
Extract symbols: sym=b2_2_3, value=0
Extract symbols: sym=b2_2, value=0
Extract symbols: sym=a3_0_1, value=0
Extract symbols: sym=a3_0_2, value=0
Extract symbols: sym=a3_0, value=0
Extract symbols: sym=a3_1_1, value=0
Extract symbols: sym=a3_1_2, value=0
Extract symbols: sym=a3_1, value=0
Extract symbols: sym=b3_2_1, value=0
Extract symbols: sym=b3_2_2, value=0
Extract symbols: sym=b3_2_3, value=0
Extract symbols: sym=b3_2, value=0
Extract symbols: sym=a4_0_1, value=0
Extract symbols: sym=a4_0_2, value=0
Extract symbols: sym=a4_0, value=0
Extract symbols: sym=a4_1_1, value=0
Extract symbols: sym=a4_1_2, value=0
Extract symbols: sym=a4_1, value=0
Extract symbols: sym=b4_2_1, value=0
Extract symbols: sym=b4_2_2, value=0
Extract symbols: sym=b4_2_3, value=0
Extract symbols: sym=b4_2, value=0
Extract symbols: sym=a5_0_1, value=-1
Extract symbols: sym=a5_0_2, value=-1
Extract symbols: sym=a5_0, value=-1
Extract symbols: sym=a5_1_1, value=-1
Extract symbols: sym=a5_1_2, value=-1
Extract symbols: sym=a5_1, value=-2
Extract symbols: sym=b5_2_1, value=-1
Extract symbols: sym=b5_2_2, value=-1
Extract symbols: sym=b5_2_3, value=-1
Extract symbols: sym=b5_2, value=-1
Extract symbols: sym=a6_0_1, value=0
Extract symbols: sym=a6_0_2, value=0
Extract symbols: sym=a6_0, value=0
Extract symbols: sym=a6_1_1, value=0
Extract symbols: sym=a6_1_2, value=0
Extract symbols: sym=a6_1, value=0
Extract symbols: sym=b6_2_1, value=0
Extract symbols: sym=b6_2_2, value=0
Extract symbols: sym=b6_2_3, value=0
Extract symbols: sym=b6_2, value=0
Extract symbols: sym=a7_0_1, value=-1
Extract symbols: sym=a7_0_2, value=3
Extract symbols: sym=a7_0, value=-1
Extract symbols: sym=a7_1_1, value=-1
Extract symbols: sym=a7_1_2, value=-1
Extract symbols: sym=a7_1, value=-1
Extract symbols: sym=b7_2_1, value=-1
Extract symbols: sym=b7_2_2, value=-1
Extract symbols: sym=b7_2_3, value=-1
Extract symbols: sym=b7_2, value=2147483647
Extract symbols: sym=a8_0_1, value=0
Extract symbols: sym=a8_0_2, value=0
Extract symbols: sym=a8_0, value=0
Extract symbols: sym=a8_1_1, value=0
Extract symbols: sym=a8_1_2, value=0
Extract symbols: sym=a8_1, value=0
Extract symbols: sym=a9_0_1, value=0
Extract symbols: sym=a9_0_2, value=0
Extract symbols: sym=a9_0, value=0
Extract symbols: sym=a9_1_1, value=0
Extract symbols: sym=a9_1_2, value=0
Extract symbols: sym=a9_1, value=0
Extract symbols: sym=b9_2_1, value=0
Extract symbols: sym=b9_2_2, value=0
Extract symbols: sym=b9_2_3, value=0
Extract symbols: sym=b9_2, value=0
Extract symbols: sym=a10_0_1, value=0
Extract symbols: sym=a10_0_2, value=0
Extract symbols: sym=a10_0, value=0
Extract symbols: sym=a10_1_1, value=0
Extract symbols: sym=a10_1_2, value=0
Extract symbols: sym=a10_1, value=0
Extract symbols: sym=b10_2_1, value=0
Extract symbols: sym=b10_2_2, value=0
Extract symbols: sym=b10_2_3, value=0
Extract symbols: sym=b10_2, value=0
Extract symbols: sym=a11_0_1, value=0
Extract symbols: sym=a11_0_2, value=0
Extract symbols: sym=a11_0, value=0
Extract symbols: sym=a11_1_1, value=0
Extract symbols: sym=a11_1_2, value=0
Extract symbols: sym=a11_1, value=0
Extract symbols: sym=b11_2_1, value=0
Extract symbols: sym=b11_2_2, value=0
Extract symbols: sym=b11_2_3, value=0
Extract symbols: sym=b11_2, value=0
Extract symbols: sym=a12_0_1, value=0
Extract symbols: sym=a12_0_2, value=0
Extract symbols: sym=a12_0, value=0
Extract symbols: sym=a12_1_1, value=0
Extract symbols: sym=a12_1_2, value=0
Extract symbols: sym=a12_1, value=0
Extract symbols: sym=b12_2_1, value=0
Extract symbols: sym=b12_2_2, value=0
Extract symbols: sym=b12_2_3, value=0
Extract symbols: sym=b12_2, value=0
Extract symbols: sym=a13_0_1, value=0
Extract symbols: sym=a13_0_2, value=0
Extract symbols: sym=a13_0, value=0
Extract symbols: sym=a13_1_1, value=0
Extract symbols: sym=a13_1_2, value=0
Extract symbols: sym=a13_1, value=0
Extract symbols: sym=a14_0_1, value=-1
Extract symbols: sym=a14_0_2, value=-1
Extract symbols: sym=a14_0, value=-1
Extract symbols: sym=a14_1_1, value=-1
Extract symbols: sym=a14_1_2, value=-1
Extract symbols: sym=a14_1, value=0
--------IntUBInject: Inject Int UBs to Block BB3--------------------------------------------
Collected constraints:
(bvsle v5_v0 #b001111111111111111111111111111111)
(bvsge v5_v0 #b110000000000000000000000000000000)
(bvsle v7_el5_v0 #b001111111111111111111111111111111)
(bvsge v7_el5_v0 #b110000000000000000000000000000000)
(bvsle v3_v0 #b001111111111111111111111111111111)
(bvsge v3_v0 #b110000000000000000000000000000000)
(bvsle v4_el2_v0 #b001111111111111111111111111111111)
(bvsge v4_el2_v0 #b110000000000000000000000000000000)
(distinct v5_v0 #b000000000000000000000000000000000)
(= #b000000000000000000000000000000010 #b000000000000000000000000000000010)
(= #b000000000000000000000000000000001 #b000000000000000000000000000000001)
(distinct v7_el5_v0 #b000000000000000000000000000000000)
(= v7_el5_v1 (bvsub (bvsub #b000000000000000000000000000000000 (bvsdiv #b000000000000000000000000000000000 v7_el5_v0)) (bvsrem #b000000000000000000000000000000000 v5_v0)))
(= #b000000000000000000000000000000000 #b000000000000000000000000000000000)
(= #b000000000000000000000000000000010 #b000000000000000000000000000000010)
(= v3_v1 (bvadd (bvadd #b000000000000000000000000000000000 (bvadd #b000000000000000000000000000000000 v4_el2_v0)) (bvmul #b000000000000000000000000000000000 v3_v0)))
(= #b000000000000000000000000000000010 #b000000000000000000000000000000010)
(= #b000000000000000000000000000000001 #b000000000000000000000000000000001)
(distinct v7_el5_v1 #b000000000000000000000000000000000)
(let ((_let0 (bvsub (bvsub #b000000000000000000000000000000000 (bvsdiv #b000000000000000000000000000000000 v7_el5_v0)) (bvsrem #b000000000000000000000000000000000 v5_v0)))) (let ((_let1 (bvadd (bvadd #b000000000000000000000000000000000 (bvadd #b000000000000000000000000000000000 v4_el2_v0)) (bvmul #b000000000000000000000000000000000 v3_v0)))) (let ((_let2 (bvadd (bvadd (bvadd #b000000000000000000000000000000000 (bvadd #b000000000000000000000000000000000 v0_v0)) (bvadd #b000000000000000000000000000000000 v3_v1)) (bvsdiv #b000000000000000000000000000000000 v7_el5_v1)))) (or (or (or false (or (bvsgt _let0 #b001111111111111111111111111111111) (bvslt _let0 #b110000000000000000000000000000000))) (or (bvsgt _let1 #b001111111111111111111111111111111) (bvslt _let1 #b110000000000000000000000000000000))) (or (bvsgt _let2 #b001111111111111111111111111111111) (bvslt _let2 #b110000000000000000000000000000000))))))
UNSAT
----------IntUBInject: Inject Int UBs to Block BB4------------------------------------------
Collected constraints:
(bvsle v0_v0 #b001111111111111111111111111111111)
(bvsge v0_v0 #b110000000000000000000000000000000)
(bvsle v7_el5_v0 #b001111111111111111111111111111111)
(bvsge v7_el5_v0 #b110000000000000000000000000000000)
(bvsle v5_v0 #b001111111111111111111111111111111)
(bvsge v5_v0 #b110000000000000000000000000000000)
(= #b000000000000000000000000000000010 #b000000000000000000000000000000010)
(= #b000000000000000000000000000000001 #b000000000000000000000000000000001)
(distinct v7_el5_v0 #b000000000000000000000000000000000)
(= v1_f1_v1 (bvsub (bvsub #b000000000000000000000000000000000 (bvsrem #b000000000000000000000000000000000 v7_el5_v0)) (bvsub #b000000000000000000000000000000000 v0_v0)))
(= v3_v1 (bvsub (bvsub #b000000000000000000000000000000000 (bvmul #b000000000000000000000000000000000 v5_v0)) (bvmul #b000000000000000000000000000000000 v1_f0_v0)))
(distinct v2_f1_v0 #b000000000000000000000000000000000)
(let ((_let0 (bvsub (bvsub #b000000000000000000000000000000000 (bvsrem #b000000000000000000000000000000000 v7_el5_v0)) (bvsub #b000000000000000000000000000000000 v0_v0)))) (let ((_let1 (bvsub (bvsub #b000000000000000000000000000000000 (bvmul #b000000000000000000000000000000000 v5_v0)) (bvmul #b000000000000000000000000000000000 v1_f0_v0)))) (let ((_let2 (bvadd (bvadd (bvadd #b000000000000000000000000000000000 (bvsrem #b000000000000000000000000000000000 v2_f1_v0)) (bvmul #b000000000000000000000000000000000 v3_v1)) (bvadd #b000000000000000000000000000000000 v1_f0_v0)))) (or (or (or false (or (bvsgt _let0 #b001111111111111111111111111111111) (bvslt _let0 #b110000000000000000000000000000000))) (or (bvsgt _let1 #b001111111111111111111111111111111) (bvslt _let1 #b110000000000000000000000000000000))) (or (bvsgt _let2 #b001111111111111111111111111111111) (bvslt _let2 #b110000000000000000000000000000000))))))
SAT
Adding initializations to ensure undefined behaviors
Let variable: var=v0, value=-2147483648
Let variable: var=v7_el5, value=-1
Let variable: var=v5, value=-2147483648
----------IntUBInject: Inject Int UBs to Block BB9------------------------------------------
Collected constraints:
(bvsle v0_v0 #b001111111111111111111111111111111)
(bvsge v0_v0 #b110000000000000000000000000000000)
(bvsge v1_f0_v0 #b110000000000000000000000000000000)
(bvsle v1_f0_v0 #b001111111111111111111111111111111)
(bvsge v1_f1_v0 #b110000000000000000000000000000000)
(bvsle v1_f1_v0 #b001111111111111111111111111111111)
(bvsge v1_f0_v0 #b110000000000000000000000000000000)
(bvsle v1_f0_v0 #b001111111111111111111111111111111)
(bvsge v1_f1_v0 #b110000000000000000000000000000000)
(bvsle v1_f1_v0 #b001111111111111111111111111111111)
(bvsle v4_el2_v0 #b001111111111111111111111111111111)
(bvsge v4_el2_v0 #b110000000000000000000000000000000)
(distinct v0_v0 #b000000000000000000000000000000000)
(distinct v1_f0_v0 #b000000000000000000000000000000000)
(= v2_f1_v1 (bvadd (bvadd #b000000000000000000000000000000000 (bvsrem #b000000000000000000000000000000000 v1_f0_v0)) (bvsdiv #b000000000000000000000000000000000 v0_v0)))
(distinct v1_f0_v0 #b000000000000000000000000000000000)
(= #b000000000000000000000000000000000 #b000000000000000000000000000000000)
(= #b000000000000000000000000000000010 #b000000000000000000000000000000010)
(= v4_el2_v1 (bvsub (bvsub #b000000000000000000000000000000000 (bvmul #b000000000000000000000000000000000 v4_el2_v0)) (bvsdiv #b000000000000000000000000000000000 v1_f0_v0)))
(distinct v2_f0_v0 #b000000000000000000000000000000000)
(= #b000000000000000000000000000000000 #b000000000000000000000000000000000)
(= #b000000000000000000000000000000010 #b000000000000000000000000000000010)
(let ((_let0 (bvadd (bvadd #b000000000000000000000000000000000 (bvsrem #b000000000000000000000000000000000 v1_f0_v0)) (bvsdiv #b000000000000000000000000000000000 v0_v0)))) (let ((_let1 (bvsub (bvsub #b000000000000000000000000000000000 (bvmul #b000000000000000000000000000000000 v4_el2_v0)) (bvsdiv #b000000000000000000000000000000000 v1_f0_v0)))) (let ((_let2 (bvsub (bvsub (bvsub #b000000000000000000000000000000000 (bvadd #b000000000000000000000000000000000 v5_v0)) (bvsub #b000000000000000000000000000000000 v4_el2_v1)) (bvsdiv #b000000000000000000000000000000000 v2_f0_v0)))) (or (or (or false (or (bvsgt _let0 #b001111111111111111111111111111111) (bvslt _let0 #b110000000000000000000000000000000))) (or (bvsgt _let1 #b001111111111111111111111111111111) (bvslt _let1 #b110000000000000000000000000000000))) (or (bvsgt _let2 #b001111111111111111111111111111111) (bvslt _let2 #b110000000000000000000000000000000))))))
SAT
Adding initializations to ensure undefined behaviors
Let variable: var=v0, value=1
Let variable: var=v1_f0, value=1
Let variable: var=v1_f0, value=1
Let variable: var=v4_el2, value=-2147483648
----------IntUBInject: Inject Int UBs to Block BB10------------------------------------------
Collected constraints:
(bvsle v6_v0 #b001111111111111111111111111111111)
(bvsge v6_v0 #b110000000000000000000000000000000)
(bvsle v4_el2_v0 #b001111111111111111111111111111111)
(bvsge v4_el2_v0 #b110000000000000000000000000000000)
(bvsle v7_el5_v0 #b001111111111111111111111111111111)
(bvsge v7_el5_v0 #b110000000000000000000000000000000)
(= #b000000000000000000000000000000000 #b000000000000000000000000000000000)
(= #b000000000000000000000000000000010 #b000000000000000000000000000000010)
(= v2_f1_v1 (bvsub (bvsub #b000000000000000000000000000000000 (bvmul #b000000000000000000000000000000000 v4_el2_v0)) (bvsub #b000000000000000000000000000000000 v6_v0)))
(= #b000000000000000000000000000000010 #b000000000000000000000000000000010)
(= #b000000000000000000000000000000001 #b000000000000000000000000000000001)
(= v1_f1_v1 (bvsub (bvsub #b000000000000000000000000000000000 (bvmul #b000000000000000000000000000000000 v7_el5_v0)) (bvadd #b000000000000000000000000000000000 v2_f0_v0)))
(distinct v2_f1_v1 #b000000000000000000000000000000000)
(distinct v1_f1_v1 #b000000000000000000000000000000000)
(let ((_let0 (bvsub (bvsub #b000000000000000000000000000000000 (bvmul #b000000000000000000000000000000000 v4_el2_v0)) (bvsub #b000000000000000000000000000000000 v6_v0)))) (let ((_let1 (bvsub (bvsub #b000000000000000000000000000000000 (bvmul #b000000000000000000000000000000000 v7_el5_v0)) (bvadd #b000000000000000000000000000000000 v2_f0_v0)))) (let ((_let2 (bvsub (bvsub (bvsub #b000000000000000000000000000000000 (bvadd #b000000000000000000000000000000000 v6_v0)) (bvsdiv #b000000000000000000000000000000000 v1_f1_v1)) (bvsdiv #b000000000000000000000000000000000 v2_f1_v1)))) (or (or (or false (or (bvsgt _let0 #b001111111111111111111111111111111) (bvslt _let0 #b110000000000000000000000000000000))) (or (bvsgt _let1 #b001111111111111111111111111111111) (bvslt _let1 #b110000000000000000000000000000000))) (or (bvsgt _let2 #b001111111111111111111111111111111) (bvslt _let2 #b110000000000000000000000000000000))))))
SAT
Adding initializations to ensure undefined behaviors
Let variable: var=v6, value=-1
Let variable: var=v4_el2, value=-2147483648
Let variable: var=v7_el5, value=-2147483648
Extract initialization: param=v0, value=-1
Extract initialization: param=v1, value=-1
Extract initialization: param=v1, value=-1
Extract initialization: param=v2, value=-1
Extract initialization: param=v2, value=-1
Extract initialization: param=v3, value=-1
Extract initialization: param=v4, value=-1
Extract initialization: param=v4, value=-1
Extract initialization: param=v4, value=-1
Extract initialization: param=v5, value=-1
Extract finalization: param=v0, value=1
Extract finalization: param=v1, value=-1
Extract finalization: param=v1, value=-1
Extract finalization: param=v2, value=-4
Extract finalization: param=v2, value=-1
Extract finalization: param=v3, value=-1
Extract finalization: param=v4, value=-1
Extract finalization: param=v4, value=-1
Extract finalization: param=v4, value=-1
Extract finalization: param=v5, value=-1
--------SymExec: Iteration 1--------------------------------------------
Generating or re-generating UB-free constraints
Initial constraints: 
```
(bvsle (bvadd (bvadd (bvadd (bvadd (bvadd (bvadd (bvadd (bvadd (bvadd (ite (= v0_v0 #b00000000000000000000000000000000) #b00000000000000000000000000000001 #b00000000000000000000000000000000) (ite (= v1_f0_v0 #b00000000000000000000000000000000) #b00000000000000000000000000000001 #b00000000000000000000000000000000)) (ite (= v1_f1_v0 #b00000000000000000000000000000000) #b00000000000000000000000000000001 #b00000000000000000000000000000000)) (ite (= v2_f0_v0 #b00000000000000000000000000000000) #b00000000000000000000000000000001 #b00000000000000000000000000000000)) (ite (= v2_f1_v0 #b00000000000000000000000000000000) #b00000000000000000000000000000001 #b00000000000000000000000000000000)) (ite (= v3_v0 #b00000000000000000000000000000000) #b00000000000000000000000000000001 #b00000000000000000000000000000000)) (ite (= v4_el0_v0 #b00000000000000000000000000000000) #b00000000000000000000000000000001 #b00000000000000000000000000000000)) (ite (= v4_el1_v0 #b00000000000000000000000000000000) #b00000000000000000000000000000001 #b00000000000000000000000000000000)) (ite (= v4_el2_v0 #b00000000000000000000000000000000) #b00000000000000000000000000000001 #b00000000000000000000000000000000)) (ite (= v5_v0 #b00000000000000000000000000000000) #b00000000000000000000000000000001 #b00000000000000000000000000000000)) #b00000000000000000000000000000101)
```
Final constraints: 
```
(bvsle (bvadd (bvadd (bvadd (bvadd (bvadd (bvadd (bvadd (bvadd (bvadd (ite (= v0_v0 #b00000000000000000000000000000000) #b00000000000000000000000000000001 #b00000000000000000000000000000000) (ite (= v1_f0_v0 #b00000000000000000000000000000000) #b00000000000000000000000000000001 #b00000000000000000000000000000000)) (ite (= v1_f1_v0 #b00000000000000000000000000000000) #b00000000000000000000000000000001 #b00000000000000000000000000000000)) (ite (= v2_f0_v0 #b00000000000000000000000000000000) #b00000000000000000000000000000001 #b00000000000000000000000000000000)) (ite (= v2_f1_v0 #b00000000000000000000000000000000) #b00000000000000000000000000000001 #b00000000000000000000000000000000)) (ite (= v3_v0 #b00000000000000000000000000000000) #b00000000000000000000000000000001 #b00000000000000000000000000000000)) (ite (= v4_el0_v0 #b00000000000000000000000000000000) #b00000000000000000000000000000001 #b00000000000000000000000000000000)) (ite (= v4_el1_v0 #b00000000000000000000000000000000) #b00000000000000000000000000000001 #b00000000000000000000000000000000)) (ite (= v4_el2_v0 #b00000000000000000000000000000000) #b00000000000000000000000000000001 #b00000000000000000000000000000000)) (ite (= v5_v0 #b00000000000000000000000000000000) #b00000000000000000000000000000001 #b00000000000000000000000000000000)) #b00000000000000000000000000000101)
(= v6_v0 #b11111111111111111111111111111111)
(= v7_el0_v0 #b11111111111111111111111111111111)
(= v7_el1_v0 #b11111111111111111111111111111111)
(= v7_el2_v0 #b11111111111111111111111111111111)
(= v7_el3_v0 #b11111111111111111111111111111111)
(= v7_el4_v0 #b11111111111111111111111111111111)
(= v7_el5_v0 #b11111111111111111111111111111111)
(let ((_let0 (ite (= #b11111111111111111111111111111111 #b00000000000000000000000000000000) #b00000000000000000000000000000001 #b00000000000000000000000000000000))) (bvsle (bvadd (bvadd (bvadd (bvadd (bvadd _let0 _let0) _let0) _let0) _let0) _let0) #b00000000000000000000000000000001))
(not (bvssubo #b11111111111111111111111111111101 v7_el5_v0))
(not (bvssubo #b11111111111111111111111111111111 v2_f1_v0))
(not (bvssubo (bvsub #b11111111111111111111111111111101 v7_el5_v0) (bvsub #b11111111111111111111111111111111 v2_f1_v0)))
(not (bvssubo (bvsub (bvsub #b11111111111111111111111111111101 v7_el5_v0) (bvsub #b11111111111111111111111111111111 v2_f1_v0)) #b11111111111111111111111111111111))
(let ((_let0 (ite (= #b11111111111111111111111111111111 #b00000000000000000000000000000000) #b00000000000000000000000000000001 #b00000000000000000000000000000000))) (bvsle (bvadd (bvadd (ite (= #b11111111111111111111111111111101 #b00000000000000000000000000000000) #b00000000000000000000000000000001 #b00000000000000000000000000000000) _let0) _let0) #b00000000000000000000000000000001))
(= v4_el2_v1 (bvsub (bvsub (bvsub #b11111111111111111111111111111101 v7_el5_v0) (bvsub #b11111111111111111111111111111111 v2_f1_v0)) #b11111111111111111111111111111111))
(not (bvssubo #b11111111111111111111111111111101 v1_f1_v0))
(distinct v6_v0 #b00000000000000000000000000000000)
(not (bvsdivo #b11111111111111111111111111111111 v6_v0))
(not (bvssubo (bvsub #b11111111111111111111111111111101 v1_f1_v0) (bvsrem #b11111111111111111111111111111111 v6_v0)))
(not (bvssubo (bvsub (bvsub #b11111111111111111111111111111101 v1_f1_v0) (bvsrem #b11111111111111111111111111111111 v6_v0)) #b11111111111111111111111111111111))
(= v5_v1 (bvsub (bvsub (bvsub #b11111111111111111111111111111101 v1_f1_v0) (bvsrem #b11111111111111111111111111111111 v6_v0)) #b11111111111111111111111111111111))
(not (bvsmulo #b11111111111111111111111111111111 v1_f0_v0))
(not (bvsmulo #b11111111111111111111111111111111 v3_v0))
(not (bvsaddo (bvmul #b11111111111111111111111111111111 v1_f0_v0) (bvmul #b11111111111111111111111111111111 v3_v0)))
(not (bvsaddo (bvadd (bvmul #b11111111111111111111111111111111 v1_f0_v0) (bvmul #b11111111111111111111111111111111 v3_v0)) #b11111111111111111111111111111111))
(let ((_let0 (ite (= #b11111111111111111111111111111111 #b00000000000000000000000000000000) #b00000000000000000000000000000001 #b00000000000000000000000000000000))) (bvsle (bvadd (bvadd _let0 _let0) _let0) #b00000000000000000000000000000001))
(= v0_v1 (bvadd (bvadd (bvmul #b11111111111111111111111111111111 v1_f0_v0) (bvmul #b11111111111111111111111111111111 v3_v0)) #b11111111111111111111111111111111))
(not (bvsaddo #b11111111111111111111111111111111 v3_v0))
(distinct v0_v1 #b00000000000000000000000000000000)
(not (bvsdivo #b11111111111111111111111111111111 v0_v1))
(not (bvssubo (bvadd #b11111111111111111111111111111111 v3_v0) (bvsdiv #b11111111111111111111111111111111 v0_v1)))
(not (bvssubo (bvsub (bvadd #b11111111111111111111111111111111 v3_v0) (bvsdiv #b11111111111111111111111111111111 v0_v1)) #b11111111111111111111111111111110))
(let ((_let0 (ite (= #b11111111111111111111111111111111 #b00000000000000000000000000000000) #b00000000000000000000000000000001 #b00000000000000000000000000000000))) (bvsle (bvadd (bvadd _let0 _let0) (ite (= #b11111111111111111111111111111110 #b00000000000000000000000000000000) #b00000000000000000000000000000001 #b00000000000000000000000000000000)) #b00000000000000000000000000000001))
(= v6_v1 (bvsub (bvsub (bvadd #b11111111111111111111111111111111 v3_v0) (bvsdiv #b11111111111111111111111111111111 v0_v1)) #b11111111111111111111111111111110))
(not (bvsaddo #b11111111111111111111111111111111 v0_v1))
(not (bvsmulo #b11111111111111111111111111111111 v6_v1))
(not (bvssubo (bvadd #b11111111111111111111111111111111 v0_v1) (bvmul #b11111111111111111111111111111111 v6_v1)))
(not (bvsaddo #b11111111111111111111111111111111 v4_el2_v1))
(not (bvssubo (bvsub (bvadd #b11111111111111111111111111111111 v0_v1) (bvmul #b11111111111111111111111111111111 v6_v1)) (bvadd #b11111111111111111111111111111111 v4_el2_v1)))
(not (bvssubo (bvsub (bvsub (bvadd #b11111111111111111111111111111111 v0_v1) (bvmul #b11111111111111111111111111111111 v6_v1)) (bvadd #b11111111111111111111111111111111 v4_el2_v1)) #b11111111111111111111111111111111))
(let ((_let0 (ite (= #b11111111111111111111111111111111 #b00000000000000000000000000000000) #b00000000000000000000000000000001 #b00000000000000000000000000000000))) (bvsle (bvadd (bvadd (bvadd _let0 _let0) _let0) _let0) #b00000000000000000000000000000001))
(bvsgt (bvsub (bvsub (bvsub (bvadd #b11111111111111111111111111111111 v0_v1) (bvmul #b11111111111111111111111111111111 v6_v1)) (bvadd #b11111111111111111111111111111111 v4_el2_v1)) #b11111111111111111111111111111111) #b00000000000000000000000000000000)
(distinct v6_v1 #b00000000000000000000000000000000)
(not (bvsdivo #b11111111111111111111111111111111 v6_v1))
(not (bvssubo #b00000000000000000000000000000011 v0_v1))
(not (bvssubo (bvsrem #b11111111111111111111111111111111 v6_v1) (bvsub #b00000000000000000000000000000011 v0_v1)))
(not (bvssubo (bvsub (bvsrem #b11111111111111111111111111111111 v6_v1) (bvsub #b00000000000000000000000000000011 v0_v1)) #b11111111111111111111111111111111))
(let ((_let0 (ite (= #b11111111111111111111111111111111 #b00000000000000000000000000000000) #b00000000000000000000000000000001 #b00000000000000000000000000000000))) (bvsle (bvadd (bvadd _let0 (ite (= #b00000000000000000000000000000011 #b00000000000000000000000000000000) #b00000000000000000000000000000001 #b00000000000000000000000000000000)) _let0) #b00000000000000000000000000000001))
(= v3_v1 (bvsub (bvsub (bvsrem #b11111111111111111111111111111111 v6_v1) (bvsub #b00000000000000000000000000000011 v0_v1)) #b11111111111111111111111111111111))
(not (bvsaddo (bvsdiv #b11111111111111111111111111111111 v6_v1) (bvadd #b11111111111111111111111111111111 v4_el2_v1)))
(not (bvsaddo (bvadd (bvsdiv #b11111111111111111111111111111111 v6_v1) (bvadd #b11111111111111111111111111111111 v4_el2_v1)) #b11111111111111111111111111111111))
(= v2_f0_v1 (bvadd (bvadd (bvsdiv #b11111111111111111111111111111111 v6_v1) (bvadd #b11111111111111111111111111111111 v4_el2_v1)) #b11111111111111111111111111111111))
(distinct v3_v1 #b00000000000000000000000000000000)
(not (bvsdivo #b11111111111111111111111111111111 v3_v1))
(distinct v2_f0_v1 #b00000000000000000000000000000000)
(not (bvsdivo #b11111111111111111111111111111111 v2_f0_v1))
(not (bvsaddo (bvsrem #b11111111111111111111111111111111 v3_v1) (bvsdiv #b11111111111111111111111111111111 v2_f0_v1)))
(distinct v7_el5_v0 #b00000000000000000000000000000000)
(not (bvsdivo #b11111111111111111111111111111111 v7_el5_v0))
(not (bvsaddo (bvadd (bvsrem #b11111111111111111111111111111111 v3_v1) (bvsdiv #b11111111111111111111111111111111 v2_f0_v1)) (bvsrem #b11111111111111111111111111111111 v7_el5_v0)))
(not (bvsaddo (bvadd (bvadd (bvsrem #b11111111111111111111111111111111 v3_v1) (bvsdiv #b11111111111111111111111111111111 v2_f0_v1)) (bvsrem #b11111111111111111111111111111111 v7_el5_v0)) #b01111111111111111111111111111111))
(let ((_let0 (ite (= #b11111111111111111111111111111111 #b00000000000000000000000000000000) #b00000000000000000000000000000001 #b00000000000000000000000000000000))) (bvsle (bvadd (bvadd (bvadd _let0 _let0) _let0) (ite (= #b01111111111111111111111111111111 #b00000000000000000000000000000000) #b00000000000000000000000000000001 #b00000000000000000000000000000000)) #b00000000000000000000000000000001))
(not (bvslt (bvadd (bvadd (bvadd (bvsrem #b11111111111111111111111111111111 v3_v1) (bvsdiv #b11111111111111111111111111111111 v2_f0_v1)) (bvsrem #b11111111111111111111111111111111 v7_el5_v0)) #b01111111111111111111111111111111) #b00000000000000000000000000000000))
(not (bvssubo #b11111111111111111111111111111111 v4_el2_v1))
(not (bvsaddo (bvsub #b11111111111111111111111111111111 v2_f1_v0) (bvsub #b11111111111111111111111111111111 v4_el2_v1)))
(not (bvsaddo (bvadd (bvsub #b11111111111111111111111111111111 v2_f1_v0) (bvsub #b11111111111111111111111111111111 v4_el2_v1)) #b11111111111111111111111111111111))
(= v5_v2 (bvadd (bvadd (bvsub #b11111111111111111111111111111111 v2_f1_v0) (bvsub #b11111111111111111111111111111111 v4_el2_v1)) #b11111111111111111111111111111111))
(distinct v2_f1_v0 #b00000000000000000000000000000000)
(not (bvsdivo #b11111111111111111111111111111111 v2_f1_v0))
(not (bvssubo (bvsrem #b11111111111111111111111111111111 v3_v1) (bvsdiv #b11111111111111111111111111111111 v2_f1_v0)))
(not (bvssubo (bvsub (bvsrem #b11111111111111111111111111111111 v3_v1) (bvsdiv #b11111111111111111111111111111111 v2_f1_v0)) #b00000000000000000000000000000000))
(let ((_let0 (ite (= #b11111111111111111111111111111111 #b00000000000000000000000000000000) #b00000000000000000000000000000001 #b00000000000000000000000000000000))) (bvsle (bvadd (bvadd _let0 _let0) (ite (= #b00000000000000000000000000000000 #b00000000000000000000000000000000) #b00000000000000000000000000000001 #b00000000000000000000000000000000)) #b00000000000000000000000000000001))
(= v6_v2 (bvsub (bvsub (bvsrem #b11111111111111111111111111111111 v3_v1) (bvsdiv #b11111111111111111111111111111111 v2_f1_v0)) #b00000000000000000000000000000000))
(bvsle (bvadd (bvadd (bvadd (bvadd (bvadd (bvadd (bvadd (bvadd (bvadd (ite (= (ite (distinct v0_v0 #b11111111111111111111111111111111) #b00000000000000000000000000000001 #b00000000000000000000000000000000) #b00000000000000000000000000000000) #b00000000000000000000000000000001 #b00000000000000000000000000000000) (ite (= (ite (distinct v1_f0_v0 #b11111111111111111111111111111111) #b00000000000000000000000000000001 #b00000000000000000000000000000000) #b00000000000000000000000000000000) #b00000000000000000000000000000001 #b00000000000000000000000000000000)) (ite (= (ite (distinct v1_f1_v0 #b11111111111111111111111111111111) #b00000000000000000000000000000001 #b00000000000000000000000000000000) #b00000000000000000000000000000000) #b00000000000000000000000000000001 #b00000000000000000000000000000000)) (ite (= (ite (distinct v2_f0_v0 #b11111111111111111111111111111111) #b00000000000000000000000000000001 #b00000000000000000000000000000000) #b00000000000000000000000000000000) #b00000000000000000000000000000001 #b00000000000000000000000000000000)) (ite (= (ite (distinct v2_f1_v0 #b11111111111111111111111111111111) #b00000000000000000000000000000001 #b00000000000000000000000000000000) #b00000000000000000000000000000000) #b00000000000000000000000000000001 #b00000000000000000000000000000000)) (ite (= (ite (distinct v3_v0 #b11111111111111111111111111111111) #b00000000000000000000000000000001 #b00000000000000000000000000000000) #b00000000000000000000000000000000) #b00000000000000000000000000000001 #b00000000000000000000000000000000)) (ite (= (ite (distinct v4_el0_v0 #b11111111111111111111111111111111) #b00000000000000000000000000000001 #b00000000000000000000000000000000) #b00000000000000000000000000000000) #b00000000000000000000000000000001 #b00000000000000000000000000000000)) (ite (= (ite (distinct v4_el1_v0 #b11111111111111111111111111111111) #b00000000000000000000000000000001 #b00000000000000000000000000000000) #b00000000000000000000000000000000) #b00000000000000000000000000000001 #b00000000000000000000000000000000)) (ite (= (ite (distinct v4_el2_v0 #b11111111111111111111111111111111) #b00000000000000000000000000000001 #b00000000000000000000000000000000) #b00000000000000000000000000000000) #b00000000000000000000000000000001 #b00000000000000000000000000000000)) (ite (= (ite (distinct v5_v0 #b11111111111111111111111111111111) #b00000000000000000000000000000001 #b00000000000000000000000000000000) #b00000000000000000000000000000000) #b00000000000000000000000000000001 #b00000000000000000000000000000000)) #b00000000000000000000000000000011)
```
Constraint stats: asserted=74 addCalls=83 skippedTrue=0 deduped=9 ensureInRangeCalls=105 boundedAlready=0 uniqueConstraintIds=74 uniqueBoundedIds=0 (solverAsserted=0)
Bitwuzla check_sat time: 80ms
Bitwuzla statistics: preprocess::contradicting_ands::num_substs=0 preprocess::contradicting_ands::time_apply=0ms preprocess::elim_extract::num_elim=0 preprocess::elim_extract::time_apply=0ms preprocess::elim_lambda::time_apply=0ms preprocess::elim_udiv::num_eliminated=0 preprocess::elim_udiv::time_apply=0ms preprocess::embedded_constraints::num_substs=1 preprocess::embedded_constraints::time_apply=0ms preprocess::flatten_and::num_assertions=24 preprocess::flatten_and::num_flattened=12 preprocess::flatten_and::time_apply=0ms preprocess::lambda::num_elim=0 preprocess::normalize::num_common_normalizations=0 preprocess::normalize::num_normalizations=52 preprocess::normalize::num_normalized_assertions=0 preprocess::normalize::num_pass1=0 preprocess::normalize::num_pass2=0 preprocess::normalize::time_adder_chains=1ms preprocess::normalize::time_apply=10ms preprocess::normalize::time_compute_occs=0ms preprocess::normalize::time_normalize_add=0ms preprocess::normalize::time_normalize_mul=0ms preprocess::normalize::time_score=7ms preprocess::rewrite::time_apply=1ms preprocess::skeleton_preproc::cnf::clauses=205 preprocess::skeleton_preproc::cnf::lits=413 preprocess::skeleton_preproc::new_assertions=0 preprocess::skeleton_preproc::resets=1 preprocess::skeleton_preproc::time_apply=0ms preprocess::skeleton_preproc::time_encode=0ms preprocess::skeleton_preproc::time_fixed=0ms preprocess::skeleton_preproc::time_sat=0ms preprocess::uninterpreted::num_substs=0 preprocess::uninterpreted::time_apply=0ms preprocess::varsubst::normalize_bv_ineq::num_slt=0 preprocess::varsubst::normalize_bv_ineq::num_ult=0 preprocess::varsubst::normalize_eq::num_bv_concat=0 preprocess::varsubst::normalize_eq::num_gauss_elim=1 preprocess::varsubst::normalize_eq::num_linear_eq=1 preprocess::varsubst::num_substs=15 preprocess::varsubst::time_apply=0ms preprocess::varsubst::time_direct_cycle_check=0ms preprocess::varsubst::time_find_substitution=0ms preprocess::varsubst::time_find_vars=0ms preprocess::varsubst::time_register=0ms preprocess::varsubst::time_remove_cycles=0ms preprocess::varsubst::time_substitute=0ms preprocessor::num_iterations=2 preprocessor::time_preprocess=13ms preprocessor::time_process=0ms rewriter::(normalize)::num_evals=0 rewriter::(normalize)::num_rewrites=250 rewriter::(normalize)::rewrite::BV_ADD_CONST=11 rewriter::(normalize)::rewrite::BV_ADD_EVAL=10 rewriter::(normalize)::rewrite::BV_ADD_SPECIAL_CONST=19 rewriter::(normalize)::rewrite::BV_MUL_EVAL=7 rewriter::(normalize)::rewrite::BV_MUL_ONES=11 rewriter::(normalize)::rewrite::BV_NEG_ELIM=11 rewriter::(normalize)::rewrite::BV_NOT_BV_NOT=32 rewriter::(normalize)::rewrite::NORMALIZE_COMM=148 rewriter::(normalize)::rewrite::NORM_BV_MUL_POW2_REV=1 rewriter::num_evals=0 rewriter::num_rewrites=1158 rewriter::rewrite::AND_EVAL=1 rewriter::rewrite::AND_IDEM1=2 rewriter::rewrite::AND_SPECIAL_CONST=96 rewriter::rewrite::BV_ADD_CONST=12 rewriter::rewrite::BV_ADD_EVAL=12 rewriter::rewrite::BV_ADD_ITE2=20 rewriter::rewrite::BV_ADD_SAME=1 rewriter::rewrite::BV_ADD_SPECIAL_CONST=28 rewriter::rewrite::BV_AND_EVAL=1 rewriter::rewrite::BV_AND_SPECIAL_CONST=93 rewriter::rewrite::BV_CONCAT_EVAL=2 rewriter::rewrite::BV_EXTRACT_ADD_MUL=6 rewriter::rewrite::BV_EXTRACT_CONCAT_LHS_RHS=1 rewriter::rewrite::BV_EXTRACT_EVAL=38 rewriter::rewrite::BV_EXTRACT_EXTRACT=1 rewriter::rewrite::BV_EXTRACT_FULL=3 rewriter::rewrite::BV_MUL_ONE=1 rewriter::rewrite::BV_MUL_ONES=6 rewriter::rewrite::BV_MUL_POW2=7 rewriter::rewrite::BV_NEG_ELIM=37 rewriter::rewrite::BV_NOT_BV_NEG=3 rewriter::rewrite::BV_NOT_BV_NOT=77 rewriter::rewrite::BV_NOT_EVAL=5 rewriter::rewrite::BV_OR_ELIM=4 rewriter::rewrite::BV_SADDO_ELIM=12 rewriter::rewrite::BV_SDIVO_ELIM=7 rewriter::rewrite::BV_SDIV_ELIM=4 rewriter::rewrite::BV_SGT_ELIM=1 rewriter::rewrite::BV_SHL_CONST=7 rewriter::rewrite::BV_SIGN_EXTEND_ELIM=8 rewriter::rewrite::BV_SLE_ELIM=4 rewriter::rewrite::BV_SLT_EVAL=2 rewriter::rewrite::BV_SMULO_ELIM=3 rewriter::rewrite::BV_SREM_ELIM=4 rewriter::rewrite::BV_SSUBO_ELIM=18 rewriter::rewrite::BV_SUB_ELIM=19 rewriter::rewrite::BV_UREM_EVAL=1 rewriter::rewrite::BV_XOR_EVAL=1 rewriter::rewrite::BV_XOR_SPECIAL_CONST=4 rewriter::rewrite::DISTINCT_ELIM=17 rewriter::rewrite::EQUAL_BV_ADD_ADD=1 rewriter::rewrite::EQUAL_BV_SUB=4 rewriter::rewrite::EQUAL_CONST_BV_ADD=4 rewriter::rewrite::EQUAL_CONST_BV_NOT=4 rewriter::rewrite::EQUAL_EVAL=14 rewriter::rewrite::EQUAL_ITE_SAME=10 rewriter::rewrite::EQUAL_SPECIAL_CONST=3 rewriter::rewrite::EQUAL_TRUE=7 rewriter::rewrite::ITE_EVAL=10 rewriter::rewrite::NORMALIZE_COMM=424 rewriter::rewrite::NOT_EQUAL_BV1_BOOL=27 rewriter::rewrite::NOT_EVAL=1 rewriter::rewrite::NOT_NOT=40 rewriter::rewrite::OR_ELIM=40 solver::abstract::num_checks=1 solver::abstract::terms::total=0 solver::abstract::time_check=0ms solver::array::equalities=0 solver::array::num_checks=0 solver::array::propagations=0 solver::array::propagations_down=0 solver::array::propagations_up=0 solver::array::selects=0 solver::array::time_check=0ms solver::bv::bitblast::aig::num_ands=49878 solver::bv::bitblast::aig::num_consts=320 solver::bv::bitblast::aig::num_shared=21212 solver::bv::bitblast::aig::time_bitblast=5ms solver::bv::bitblast::cnf::num_clauses=122183 solver::bv::bitblast::cnf::num_literals=298753 solver::bv::bitblast::cnf::num_vars=39252 solver::bv::bitblast::cnf::time_encode=28ms solver::bv::bitblast::sat::time_solve=32ms solver::bv::num_assertions=50 solver::bv::num_checks=1 solver::bv::time_check=60ms solver::engine::lemmas::abstr=0 solver::engine::lemmas::array=0 solver::engine::lemmas::fp=0 solver::engine::lemmas::fun=0 solver::engine::lemmas::quant=0 solver::engine::lemmas::total=0 solver::engine::time_register_term=0ms solver::engine::time_solve=67ms solver::fun::num_checks=1 solver::fun::time_check=0ms solver::quant::mbqi_checks=0 solver::quant::num_lemma_iterations=0 solver::quant::num_lemmas=0 solver::quant::time_check=0ms solver::quant::time_mbqi=0ms solver::quant::time_process=0ms solving_context::max_memory=81989632 solving_context::time_ensure_model=0ms solving_context::time_solve=80ms
SAT
Extract initialization: param=v0, value=-2
Extract initialization: param=v1, value=-1610612740
Extract initialization: param=v1, value=-2
Extract initialization: param=v2, value=-2
Extract initialization: param=v2, value=1
Extract initialization: param=v3, value=-536870905
Extract initialization: param=v4, value=-2
Extract initialization: param=v4, value=-2
Extract initialization: param=v4, value=-2
Extract initialization: param=v5, value=-1
Extract finalization: param=v0, value=2147483644
Extract finalization: param=v1, value=-1610612740
Extract finalization: param=v1, value=-2
Extract finalization: param=v2, value=-1
Extract finalization: param=v2, value=1
Extract finalization: param=v3, value=2147483641
Extract finalization: param=v4, value=-2
Extract finalization: param=v4, value=-2
Extract finalization: param=v4, value=1
Extract finalization: param=v5, value=-5
--------SymExec: Iteration 2--------------------------------------------
Final constraints: 
```
(bvsle (bvadd (bvadd (bvadd (bvadd (bvadd (bvadd (bvadd (bvadd (bvadd (ite (= v0_v0 #b00000000000000000000000000000000) #b00000000000000000000000000000001 #b00000000000000000000000000000000) (ite (= v1_f0_v0 #b00000000000000000000000000000000) #b00000000000000000000000000000001 #b00000000000000000000000000000000)) (ite (= v1_f1_v0 #b00000000000000000000000000000000) #b00000000000000000000000000000001 #b00000000000000000000000000000000)) (ite (= v2_f0_v0 #b00000000000000000000000000000000) #b00000000000000000000000000000001 #b00000000000000000000000000000000)) (ite (= v2_f1_v0 #b00000000000000000000000000000000) #b00000000000000000000000000000001 #b00000000000000000000000000000000)) (ite (= v3_v0 #b00000000000000000000000000000000) #b00000000000000000000000000000001 #b00000000000000000000000000000000)) (ite (= v4_el0_v0 #b00000000000000000000000000000000) #b00000000000000000000000000000001 #b00000000000000000000000000000000)) (ite (= v4_el1_v0 #b00000000000000000000000000000000) #b00000000000000000000000000000001 #b00000000000000000000000000000000)) (ite (= v4_el2_v0 #b00000000000000000000000000000000) #b00000000000000000000000000000001 #b00000000000000000000000000000000)) (ite (= v5_v0 #b00000000000000000000000000000000) #b00000000000000000000000000000001 #b00000000000000000000000000000000)) #b00000000000000000000000000000101)
(= v6_v0 #b11111111111111111111111111111111)
(= v7_el0_v0 #b11111111111111111111111111111111)
(= v7_el1_v0 #b11111111111111111111111111111111)
(= v7_el2_v0 #b11111111111111111111111111111111)
(= v7_el3_v0 #b11111111111111111111111111111111)
(= v7_el4_v0 #b11111111111111111111111111111111)
(= v7_el5_v0 #b11111111111111111111111111111111)
(let ((_let0 (ite (= #b11111111111111111111111111111111 #b00000000000000000000000000000000) #b00000000000000000000000000000001 #b00000000000000000000000000000000))) (bvsle (bvadd (bvadd (bvadd (bvadd (bvadd _let0 _let0) _let0) _let0) _let0) _let0) #b00000000000000000000000000000001))
(not (bvssubo #b11111111111111111111111111111101 v7_el5_v0))
(not (bvssubo #b11111111111111111111111111111111 v2_f1_v0))
(not (bvssubo (bvsub #b11111111111111111111111111111101 v7_el5_v0) (bvsub #b11111111111111111111111111111111 v2_f1_v0)))
(not (bvssubo (bvsub (bvsub #b11111111111111111111111111111101 v7_el5_v0) (bvsub #b11111111111111111111111111111111 v2_f1_v0)) #b11111111111111111111111111111111))
(let ((_let0 (ite (= #b11111111111111111111111111111111 #b00000000000000000000000000000000) #b00000000000000000000000000000001 #b00000000000000000000000000000000))) (bvsle (bvadd (bvadd (ite (= #b11111111111111111111111111111101 #b00000000000000000000000000000000) #b00000000000000000000000000000001 #b00000000000000000000000000000000) _let0) _let0) #b00000000000000000000000000000001))
(= v4_el2_v1 (bvsub (bvsub (bvsub #b11111111111111111111111111111101 v7_el5_v0) (bvsub #b11111111111111111111111111111111 v2_f1_v0)) #b11111111111111111111111111111111))
(not (bvssubo #b11111111111111111111111111111101 v1_f1_v0))
(distinct v6_v0 #b00000000000000000000000000000000)
(not (bvsdivo #b11111111111111111111111111111111 v6_v0))
(not (bvssubo (bvsub #b11111111111111111111111111111101 v1_f1_v0) (bvsrem #b11111111111111111111111111111111 v6_v0)))
(not (bvssubo (bvsub (bvsub #b11111111111111111111111111111101 v1_f1_v0) (bvsrem #b11111111111111111111111111111111 v6_v0)) #b11111111111111111111111111111111))
(= v5_v1 (bvsub (bvsub (bvsub #b11111111111111111111111111111101 v1_f1_v0) (bvsrem #b11111111111111111111111111111111 v6_v0)) #b11111111111111111111111111111111))
(not (bvsmulo #b11111111111111111111111111111111 v1_f0_v0))
(not (bvsmulo #b11111111111111111111111111111111 v3_v0))
(not (bvsaddo (bvmul #b11111111111111111111111111111111 v1_f0_v0) (bvmul #b11111111111111111111111111111111 v3_v0)))
(not (bvsaddo (bvadd (bvmul #b11111111111111111111111111111111 v1_f0_v0) (bvmul #b11111111111111111111111111111111 v3_v0)) #b11111111111111111111111111111111))
(let ((_let0 (ite (= #b11111111111111111111111111111111 #b00000000000000000000000000000000) #b00000000000000000000000000000001 #b00000000000000000000000000000000))) (bvsle (bvadd (bvadd _let0 _let0) _let0) #b00000000000000000000000000000001))
(= v0_v1 (bvadd (bvadd (bvmul #b11111111111111111111111111111111 v1_f0_v0) (bvmul #b11111111111111111111111111111111 v3_v0)) #b11111111111111111111111111111111))
(not (bvsaddo #b11111111111111111111111111111111 v3_v0))
(distinct v0_v1 #b00000000000000000000000000000000)
(not (bvsdivo #b11111111111111111111111111111111 v0_v1))
(not (bvssubo (bvadd #b11111111111111111111111111111111 v3_v0) (bvsdiv #b11111111111111111111111111111111 v0_v1)))
(not (bvssubo (bvsub (bvadd #b11111111111111111111111111111111 v3_v0) (bvsdiv #b11111111111111111111111111111111 v0_v1)) #b11111111111111111111111111111110))
(let ((_let0 (ite (= #b11111111111111111111111111111111 #b00000000000000000000000000000000) #b00000000000000000000000000000001 #b00000000000000000000000000000000))) (bvsle (bvadd (bvadd _let0 _let0) (ite (= #b11111111111111111111111111111110 #b00000000000000000000000000000000) #b00000000000000000000000000000001 #b00000000000000000000000000000000)) #b00000000000000000000000000000001))
(= v6_v1 (bvsub (bvsub (bvadd #b11111111111111111111111111111111 v3_v0) (bvsdiv #b11111111111111111111111111111111 v0_v1)) #b11111111111111111111111111111110))
(not (bvsaddo #b11111111111111111111111111111111 v0_v1))
(not (bvsmulo #b11111111111111111111111111111111 v6_v1))
(not (bvssubo (bvadd #b11111111111111111111111111111111 v0_v1) (bvmul #b11111111111111111111111111111111 v6_v1)))
(not (bvsaddo #b11111111111111111111111111111111 v4_el2_v1))
(not (bvssubo (bvsub (bvadd #b11111111111111111111111111111111 v0_v1) (bvmul #b11111111111111111111111111111111 v6_v1)) (bvadd #b11111111111111111111111111111111 v4_el2_v1)))
(not (bvssubo (bvsub (bvsub (bvadd #b11111111111111111111111111111111 v0_v1) (bvmul #b11111111111111111111111111111111 v6_v1)) (bvadd #b11111111111111111111111111111111 v4_el2_v1)) #b11111111111111111111111111111111))
(let ((_let0 (ite (= #b11111111111111111111111111111111 #b00000000000000000000000000000000) #b00000000000000000000000000000001 #b00000000000000000000000000000000))) (bvsle (bvadd (bvadd (bvadd _let0 _let0) _let0) _let0) #b00000000000000000000000000000001))
(bvsgt (bvsub (bvsub (bvsub (bvadd #b11111111111111111111111111111111 v0_v1) (bvmul #b11111111111111111111111111111111 v6_v1)) (bvadd #b11111111111111111111111111111111 v4_el2_v1)) #b11111111111111111111111111111111) #b00000000000000000000000000000000)
(distinct v6_v1 #b00000000000000000000000000000000)
(not (bvsdivo #b11111111111111111111111111111111 v6_v1))
(not (bvssubo #b00000000000000000000000000000011 v0_v1))
(not (bvssubo (bvsrem #b11111111111111111111111111111111 v6_v1) (bvsub #b00000000000000000000000000000011 v0_v1)))
(not (bvssubo (bvsub (bvsrem #b11111111111111111111111111111111 v6_v1) (bvsub #b00000000000000000000000000000011 v0_v1)) #b11111111111111111111111111111111))
(let ((_let0 (ite (= #b11111111111111111111111111111111 #b00000000000000000000000000000000) #b00000000000000000000000000000001 #b00000000000000000000000000000000))) (bvsle (bvadd (bvadd _let0 (ite (= #b00000000000000000000000000000011 #b00000000000000000000000000000000) #b00000000000000000000000000000001 #b00000000000000000000000000000000)) _let0) #b00000000000000000000000000000001))
(= v3_v1 (bvsub (bvsub (bvsrem #b11111111111111111111111111111111 v6_v1) (bvsub #b00000000000000000000000000000011 v0_v1)) #b11111111111111111111111111111111))
(not (bvsaddo (bvsdiv #b11111111111111111111111111111111 v6_v1) (bvadd #b11111111111111111111111111111111 v4_el2_v1)))
(not (bvsaddo (bvadd (bvsdiv #b11111111111111111111111111111111 v6_v1) (bvadd #b11111111111111111111111111111111 v4_el2_v1)) #b11111111111111111111111111111111))
(= v2_f0_v1 (bvadd (bvadd (bvsdiv #b11111111111111111111111111111111 v6_v1) (bvadd #b11111111111111111111111111111111 v4_el2_v1)) #b11111111111111111111111111111111))
(distinct v3_v1 #b00000000000000000000000000000000)
(not (bvsdivo #b11111111111111111111111111111111 v3_v1))
(distinct v2_f0_v1 #b00000000000000000000000000000000)
(not (bvsdivo #b11111111111111111111111111111111 v2_f0_v1))
(not (bvsaddo (bvsrem #b11111111111111111111111111111111 v3_v1) (bvsdiv #b11111111111111111111111111111111 v2_f0_v1)))
(distinct v7_el5_v0 #b00000000000000000000000000000000)
(not (bvsdivo #b11111111111111111111111111111111 v7_el5_v0))
(not (bvsaddo (bvadd (bvsrem #b11111111111111111111111111111111 v3_v1) (bvsdiv #b11111111111111111111111111111111 v2_f0_v1)) (bvsrem #b11111111111111111111111111111111 v7_el5_v0)))
(not (bvsaddo (bvadd (bvadd (bvsrem #b11111111111111111111111111111111 v3_v1) (bvsdiv #b11111111111111111111111111111111 v2_f0_v1)) (bvsrem #b11111111111111111111111111111111 v7_el5_v0)) #b01111111111111111111111111111111))
(let ((_let0 (ite (= #b11111111111111111111111111111111 #b00000000000000000000000000000000) #b00000000000000000000000000000001 #b00000000000000000000000000000000))) (bvsle (bvadd (bvadd (bvadd _let0 _let0) _let0) (ite (= #b01111111111111111111111111111111 #b00000000000000000000000000000000) #b00000000000000000000000000000001 #b00000000000000000000000000000000)) #b00000000000000000000000000000001))
(not (bvslt (bvadd (bvadd (bvadd (bvsrem #b11111111111111111111111111111111 v3_v1) (bvsdiv #b11111111111111111111111111111111 v2_f0_v1)) (bvsrem #b11111111111111111111111111111111 v7_el5_v0)) #b01111111111111111111111111111111) #b00000000000000000000000000000000))
(not (bvssubo #b11111111111111111111111111111111 v4_el2_v1))
(not (bvsaddo (bvsub #b11111111111111111111111111111111 v2_f1_v0) (bvsub #b11111111111111111111111111111111 v4_el2_v1)))
(not (bvsaddo (bvadd (bvsub #b11111111111111111111111111111111 v2_f1_v0) (bvsub #b11111111111111111111111111111111 v4_el2_v1)) #b11111111111111111111111111111111))
(= v5_v2 (bvadd (bvadd (bvsub #b11111111111111111111111111111111 v2_f1_v0) (bvsub #b11111111111111111111111111111111 v4_el2_v1)) #b11111111111111111111111111111111))
(distinct v2_f1_v0 #b00000000000000000000000000000000)
(not (bvsdivo #b11111111111111111111111111111111 v2_f1_v0))
(not (bvssubo (bvsrem #b11111111111111111111111111111111 v3_v1) (bvsdiv #b11111111111111111111111111111111 v2_f1_v0)))
(not (bvssubo (bvsub (bvsrem #b11111111111111111111111111111111 v3_v1) (bvsdiv #b11111111111111111111111111111111 v2_f1_v0)) #b00000000000000000000000000000000))
(let ((_let0 (ite (= #b11111111111111111111111111111111 #b00000000000000000000000000000000) #b00000000000000000000000000000001 #b00000000000000000000000000000000))) (bvsle (bvadd (bvadd _let0 _let0) (ite (= #b00000000000000000000000000000000 #b00000000000000000000000000000000) #b00000000000000000000000000000001 #b00000000000000000000000000000000)) #b00000000000000000000000000000001))
(= v6_v2 (bvsub (bvsub (bvsrem #b11111111111111111111111111111111 v3_v1) (bvsdiv #b11111111111111111111111111111111 v2_f1_v0)) #b00000000000000000000000000000000))
(bvsle (bvadd (bvadd (bvadd (bvadd (bvadd (bvadd (bvadd (bvadd (bvadd (ite (= (ite (distinct v0_v0 #b11111111111111111111111111111111) #b00000000000000000000000000000001 #b00000000000000000000000000000000) #b00000000000000000000000000000000) #b00000000000000000000000000000001 #b00000000000000000000000000000000) (ite (= (ite (distinct v1_f0_v0 #b11111111111111111111111111111111) #b00000000000000000000000000000001 #b00000000000000000000000000000000) #b00000000000000000000000000000000) #b00000000000000000000000000000001 #b00000000000000000000000000000000)) (ite (= (ite (distinct v1_f1_v0 #b11111111111111111111111111111111) #b00000000000000000000000000000001 #b00000000000000000000000000000000) #b00000000000000000000000000000000) #b00000000000000000000000000000001 #b00000000000000000000000000000000)) (ite (= (ite (distinct v2_f0_v0 #b11111111111111111111111111111111) #b00000000000000000000000000000001 #b00000000000000000000000000000000) #b00000000000000000000000000000000) #b00000000000000000000000000000001 #b00000000000000000000000000000000)) (ite (= (ite (distinct v2_f1_v0 #b11111111111111111111111111111111) #b00000000000000000000000000000001 #b00000000000000000000000000000000) #b00000000000000000000000000000000) #b00000000000000000000000000000001 #b00000000000000000000000000000000)) (ite (= (ite (distinct v3_v0 #b11111111111111111111111111111111) #b00000000000000000000000000000001 #b00000000000000000000000000000000) #b00000000000000000000000000000000) #b00000000000000000000000000000001 #b00000000000000000000000000000000)) (ite (= (ite (distinct v4_el0_v0 #b11111111111111111111111111111111) #b00000000000000000000000000000001 #b00000000000000000000000000000000) #b00000000000000000000000000000000) #b00000000000000000000000000000001 #b00000000000000000000000000000000)) (ite (= (ite (distinct v4_el1_v0 #b11111111111111111111111111111111) #b00000000000000000000000000000001 #b00000000000000000000000000000000) #b00000000000000000000000000000000) #b00000000000000000000000000000001 #b00000000000000000000000000000000)) (ite (= (ite (distinct v4_el2_v0 #b11111111111111111111111111111111) #b00000000000000000000000000000001 #b00000000000000000000000000000000) #b00000000000000000000000000000000) #b00000000000000000000000000000001 #b00000000000000000000000000000000)) (ite (= (ite (distinct v5_v0 #b11111111111111111111111111111111) #b00000000000000000000000000000001 #b00000000000000000000000000000000) #b00000000000000000000000000000000) #b00000000000000000000000000000001 #b00000000000000000000000000000000)) #b00000000000000000000000000000011)
(bvsle (bvadd (bvadd (bvadd (bvadd (bvadd (bvadd (bvadd (bvadd (bvadd (ite (= (ite (distinct v0_v0 #b11111111111111111111111111111110) #b00000000000000000000000000000001 #b00000000000000000000000000000000) #b00000000000000000000000000000000) #b00000000000000000000000000000001 #b00000000000000000000000000000000) (ite (= (ite (distinct v1_f0_v0 #b10011111111111111111111111111100) #b00000000000000000000000000000001 #b00000000000000000000000000000000) #b00000000000000000000000000000000) #b00000000000000000000000000000001 #b00000000000000000000000000000000)) (ite (= (ite (distinct v1_f1_v0 #b11111111111111111111111111111110) #b00000000000000000000000000000001 #b00000000000000000000000000000000) #b00000000000000000000000000000000) #b00000000000000000000000000000001 #b00000000000000000000000000000000)) (ite (= (ite (distinct v2_f0_v0 #b11111111111111111111111111111110) #b00000000000000000000000000000001 #b00000000000000000000000000000000) #b00000000000000000000000000000000) #b00000000000000000000000000000001 #b00000000000000000000000000000000)) (ite (= (ite (distinct v2_f1_v0 #b00000000000000000000000000000001) #b00000000000000000000000000000001 #b00000000000000000000000000000000) #b00000000000000000000000000000000) #b00000000000000000000000000000001 #b00000000000000000000000000000000)) (ite (= (ite (distinct v3_v0 #b11100000000000000000000000000111) #b00000000000000000000000000000001 #b00000000000000000000000000000000) #b00000000000000000000000000000000) #b00000000000000000000000000000001 #b00000000000000000000000000000000)) (ite (= (ite (distinct v4_el0_v0 #b11111111111111111111111111111110) #b00000000000000000000000000000001 #b00000000000000000000000000000000) #b00000000000000000000000000000000) #b00000000000000000000000000000001 #b00000000000000000000000000000000)) (ite (= (ite (distinct v4_el1_v0 #b11111111111111111111111111111110) #b00000000000000000000000000000001 #b00000000000000000000000000000000) #b00000000000000000000000000000000) #b00000000000000000000000000000001 #b00000000000000000000000000000000)) (ite (= (ite (distinct v4_el2_v0 #b11111111111111111111111111111110) #b00000000000000000000000000000001 #b00000000000000000000000000000000) #b00000000000000000000000000000000) #b00000000000000000000000000000001 #b00000000000000000000000000000000)) (ite (= (ite (distinct v5_v0 #b11111111111111111111111111111111) #b00000000000000000000000000000001 #b00000000000000000000000000000000) #b00000000000000000000000000000000) #b00000000000000000000000000000001 #b00000000000000000000000000000000)) #b00000000000000000000000000000011)
```
Constraint stats: asserted=75 addCalls=84 skippedTrue=0 deduped=9 ensureInRangeCalls=105 boundedAlready=0 uniqueConstraintIds=75 uniqueBoundedIds=0 (solverAsserted=74)
Bitwuzla check_sat time: 5ms
Bitwuzla statistics: preprocess::contradicting_ands::num_substs=0 preprocess::contradicting_ands::time_apply=0ms preprocess::elim_extract::num_elim=0 preprocess::elim_extract::time_apply=0ms preprocess::elim_lambda::time_apply=0ms preprocess::elim_udiv::num_eliminated=0 preprocess::elim_udiv::time_apply=0ms preprocess::embedded_constraints::num_substs=1 preprocess::embedded_constraints::time_apply=0ms preprocess::flatten_and::num_assertions=24 preprocess::flatten_and::num_flattened=12 preprocess::flatten_and::time_apply=0ms preprocess::lambda::num_elim=0 preprocess::normalize::num_common_normalizations=0 preprocess::normalize::num_normalizations=52 preprocess::normalize::num_normalized_assertions=0 preprocess::normalize::num_pass1=0 preprocess::normalize::num_pass2=0 preprocess::normalize::time_adder_chains=1ms preprocess::normalize::time_apply=10ms preprocess::normalize::time_compute_occs=0ms preprocess::normalize::time_normalize_add=0ms preprocess::normalize::time_normalize_mul=0ms preprocess::normalize::time_score=7ms preprocess::rewrite::time_apply=1ms preprocess::skeleton_preproc::cnf::clauses=205 preprocess::skeleton_preproc::cnf::lits=413 preprocess::skeleton_preproc::new_assertions=0 preprocess::skeleton_preproc::resets=1 preprocess::skeleton_preproc::time_apply=0ms preprocess::skeleton_preproc::time_encode=0ms preprocess::skeleton_preproc::time_fixed=0ms preprocess::skeleton_preproc::time_sat=0ms preprocess::uninterpreted::num_substs=0 preprocess::uninterpreted::time_apply=0ms preprocess::varsubst::normalize_bv_ineq::num_slt=0 preprocess::varsubst::normalize_bv_ineq::num_ult=0 preprocess::varsubst::normalize_eq::num_bv_concat=0 preprocess::varsubst::normalize_eq::num_gauss_elim=1 preprocess::varsubst::normalize_eq::num_linear_eq=1 preprocess::varsubst::num_substs=15 preprocess::varsubst::time_apply=0ms preprocess::varsubst::time_direct_cycle_check=0ms preprocess::varsubst::time_find_substitution=0ms preprocess::varsubst::time_find_vars=0ms preprocess::varsubst::time_register=0ms preprocess::varsubst::time_remove_cycles=0ms preprocess::varsubst::time_substitute=0ms preprocessor::num_iterations=3 preprocessor::time_preprocess=13ms preprocessor::time_process=0ms rewriter::(normalize)::num_evals=0 rewriter::(normalize)::num_rewrites=250 rewriter::(normalize)::rewrite::BV_ADD_CONST=11 rewriter::(normalize)::rewrite::BV_ADD_EVAL=10 rewriter::(normalize)::rewrite::BV_ADD_SPECIAL_CONST=19 rewriter::(normalize)::rewrite::BV_MUL_EVAL=7 rewriter::(normalize)::rewrite::BV_MUL_ONES=11 rewriter::(normalize)::rewrite::BV_NEG_ELIM=11 rewriter::(normalize)::rewrite::BV_NOT_BV_NOT=32 rewriter::(normalize)::rewrite::NORMALIZE_COMM=148 rewriter::(normalize)::rewrite::NORM_BV_MUL_POW2_REV=1 rewriter::num_evals=0 rewriter::num_rewrites=1277 rewriter::rewrite::AND_EVAL=1 rewriter::rewrite::AND_IDEM1=2 rewriter::rewrite::AND_SPECIAL_CONST=106 rewriter::rewrite::BV_ADD_CONST=14 rewriter::rewrite::BV_ADD_EVAL=17 rewriter::rewrite::BV_ADD_ITE2=30 rewriter::rewrite::BV_ADD_SAME=2 rewriter::rewrite::BV_ADD_SPECIAL_CONST=38 rewriter::rewrite::BV_AND_EVAL=1 rewriter::rewrite::BV_AND_SPECIAL_CONST=93 rewriter::rewrite::BV_CONCAT_EVAL=2 rewriter::rewrite::BV_EXTRACT_ADD_MUL=6 rewriter::rewrite::BV_EXTRACT_CONCAT_LHS_RHS=1 rewriter::rewrite::BV_EXTRACT_EVAL=38 rewriter::rewrite::BV_EXTRACT_EXTRACT=1 rewriter::rewrite::BV_EXTRACT_FULL=3 rewriter::rewrite::BV_MUL_ONE=1 rewriter::rewrite::BV_MUL_ONES=6 rewriter::rewrite::BV_MUL_POW2=8 rewriter::rewrite::BV_NEG_ELIM=37 rewriter::rewrite::BV_NOT_BV_NEG=3 rewriter::rewrite::BV_NOT_BV_NOT=77 rewriter::rewrite::BV_NOT_EVAL=6 rewriter::rewrite::BV_OR_ELIM=4 rewriter::rewrite::BV_SADDO_ELIM=12 rewriter::rewrite::BV_SDIVO_ELIM=7 rewriter::rewrite::BV_SDIV_ELIM=4 rewriter::rewrite::BV_SGT_ELIM=1 rewriter::rewrite::BV_SHL_CONST=8 rewriter::rewrite::BV_SIGN_EXTEND_ELIM=8 rewriter::rewrite::BV_SLE_ELIM=5 rewriter::rewrite::BV_SLT_EVAL=2 rewriter::rewrite::BV_SMULO_ELIM=3 rewriter::rewrite::BV_SREM_ELIM=4 rewriter::rewrite::BV_SSUBO_ELIM=18 rewriter::rewrite::BV_SUB_ELIM=19 rewriter::rewrite::BV_UREM_EVAL=1 rewriter::rewrite::BV_XOR_EVAL=1 rewriter::rewrite::BV_XOR_SPECIAL_CONST=4 rewriter::rewrite::DISTINCT_ELIM=27 rewriter::rewrite::EQUAL_BV_ADD_ADD=1 rewriter::rewrite::EQUAL_BV_SUB=4 rewriter::rewrite::EQUAL_CONST_BV_ADD=4 rewriter::rewrite::EQUAL_CONST_BV_NOT=4 rewriter::rewrite::EQUAL_EVAL=15 rewriter::rewrite::EQUAL_ITE_SAME=20 rewriter::rewrite::EQUAL_SPECIAL_CONST=3 rewriter::rewrite::EQUAL_TRUE=7 rewriter::rewrite::ITE_EVAL=10 rewriter::rewrite::NORMALIZE_COMM=459 rewriter::rewrite::NOT_EQUAL_BV1_BOOL=27 rewriter::rewrite::NOT_EVAL=2 rewriter::rewrite::NOT_NOT=50 rewriter::rewrite::OR_ELIM=50 solver::abstract::num_checks=2 solver::abstract::terms::total=0 solver::abstract::time_check=0ms solver::array::equalities=0 solver::array::num_checks=0 solver::array::propagations=0 solver::array::propagations_down=0 solver::array::propagations_up=0 solver::array::selects=0 solver::array::time_check=0ms solver::bv::bitblast::aig::num_ands=50204 solver::bv::bitblast::aig::num_consts=320 solver::bv::bitblast::aig::num_shared=21424 solver::bv::bitblast::aig::time_bitblast=5ms solver::bv::bitblast::cnf::num_clauses=122930 solver::bv::bitblast::cnf::num_literals=300557 solver::bv::bitblast::cnf::num_vars=39484 solver::bv::bitblast::cnf::time_encode=29ms solver::bv::bitblast::sat::time_solve=36ms solver::bv::num_assertions=51 solver::bv::num_checks=2 solver::bv::time_check=66ms solver::engine::lemmas::abstr=0 solver::engine::lemmas::array=0 solver::engine::lemmas::fp=0 solver::engine::lemmas::fun=0 solver::engine::lemmas::quant=0 solver::engine::lemmas::total=0 solver::engine::time_register_term=0ms solver::engine::time_solve=72ms solver::fun::num_checks=2 solver::fun::time_check=0ms solver::quant::mbqi_checks=0 solver::quant::num_lemma_iterations=0 solver::quant::num_lemmas=0 solver::quant::time_check=0ms solver::quant::time_mbqi=0ms solver::quant::time_process=0ms solving_context::max_memory=81989632 solving_context::time_ensure_model=0ms solving_context::time_solve=86ms
SAT
Extract initialization: param=v0, value=-3
Extract initialization: param=v1, value=-1610612739
Extract initialization: param=v1, value=-3
Extract initialization: param=v2, value=-3
Extract initialization: param=v2, value=536870913
Extract initialization: param=v3, value=-536870906
Extract initialization: param=v4, value=-2
Extract initialization: param=v4, value=-2
Extract initialization: param=v4, value=-2
Extract initialization: param=v5, value=-2
Extract finalization: param=v0, value=2147483644
Extract finalization: param=v1, value=-1610612739
Extract finalization: param=v1, value=-3
Extract finalization: param=v2, value=536870911
Extract finalization: param=v2, value=536870913
Extract finalization: param=v3, value=2147483641
Extract finalization: param=v4, value=-2
Extract finalization: param=v4, value=-2
Extract finalization: param=v4, value=536870913
Extract finalization: param=v5, value=-1073741829
