----FunPlus: Generate Function func_xb1v6r_63------------------------------------------------
------GraphPlus::Generate----------------------------------------------
Randomly generating a graph with 15 nodes
------CfgSketch: Unflattened CFG Sketch----------------------------------------------
Bimpo: type=0, id=0, size=1, start=0
Bimpo: type=0, id=1, size=1, start=1
Bimpo: type=0, id=2, size=1, start=2
Bimpo: type=0, id=3, size=1, start=3
Bimpo: type=0, id=4, size=1, start=4
Bimpo: type=0, id=5, size=1, start=5
Bimpo: type=0, id=6, size=1, start=6
Bimpo: type=0, id=7, size=1, start=7
Bimpo: type=0, id=8, size=1, start=8
Bimpo: type=0, id=9, size=1, start=9
Bimpo: type=0, id=10, size=1, start=10
Bimpo: type=0, id=11, size=1, start=11
Bimpo: type=0, id=12, size=1, start=12
Bimpo: type=0, id=13, size=1, start=13
Bimpo: type=0, id=14, size=1, start=14
------CfgSketch: Flattened CFG Sketch----------------------------------------------
Block: 0 -> [4]
Block: 1 -> [2, 6]
Block: 2 -> [6, 9]
Block: 3 -> [6]
Block: 4 -> [5, 14]
Block: 5 -> [6, 13]
Block: 6 -> [4, 7]
Block: 7 -> [4, 10]
Block: 8 -> [2, 10]
Block: 9 -> [4, 13]
Block: 10 -> [11]
Block: 11 -> [6]
Block: 12 -> [1, 8]
Block: 13 -> [12]
Block: 14 -> []
------FunPlus: Generate Block #0----------------------------------------------
Generate assignment: 3 <- 1, 6
Generate assignment: 4 <- 6, 2
------FunPlus: Generate Block #1----------------------------------------------
Generate assignment: 7 <- 1, 0
Generate assignment: 2 <- 0, 4
Generate conditional: 7, 2, 1
------FunPlus: Generate Block #2----------------------------------------------
Generate assignment: 4 <- 5, 6
Generate assignment: 6 <- 2, 4
Generate conditional: 4, 6, 5
------FunPlus: Generate Block #3----------------------------------------------
Generate assignment: 1 <- 2, 5
Generate assignment: 2 <- 2, 7
------FunPlus: Generate Block #4----------------------------------------------
Generate assignment: 3 <- 4, 0
Generate assignment: 1 <- 5, 0
Generate conditional: 3, 1, 2
------FunPlus: Generate Block #5----------------------------------------------
Generate assignment: 1 <- 6, 3
Generate assignment: 3 <- 7, 2
Generate conditional: 1, 3, 7
------FunPlus: Generate Block #6----------------------------------------------
Generate assignment: 6 <- 5, 2
Generate assignment: 2 <- 5, 7
Generate conditional: 6, 2, 5
------FunPlus: Generate Block #7----------------------------------------------
Generate assignment: 1 <- 1, 3
Generate assignment: 3 <- 7, 3
Generate conditional: 1, 3, 2
------FunPlus: Generate Block #8----------------------------------------------
Generate assignment: 3 <- 2, 1
Generate assignment: 7 <- 4, 3
Generate conditional: 3, 7, 2
------FunPlus: Generate Block #9----------------------------------------------
Generate assignment: 7 <- 1, 0
Generate assignment: 4 <- 1, 6
Generate conditional: 7, 4, 3
------FunPlus: Generate Block #10----------------------------------------------
Generate assignment: 1 <- 7, 3
Generate assignment: 2 <- 2, 1
------FunPlus: Generate Block #11----------------------------------------------
Generate assignment: 1 <- 5, 6
Generate assignment: 2 <- 4, 3
------FunPlus: Generate Block #12----------------------------------------------
Generate assignment: 3 <- 3, 1
Generate assignment: 7 <- 6, 0
Generate conditional: 3, 7, 1
------FunPlus: Generate Block #13----------------------------------------------
Generate assignment: 2 <- 7, 3
Generate assignment: 1 <- 3, 2
------FunPlus: Generate Block #14----------------------------------------------
Generate assignment: 5 <- 2, 4
Generate assignment: 7 <- 0, 4
----SymExec: Solve------------------------------------------------
Execution Path: 0->4->14
------SymExec: Iteration 0----------------------------------------------
Generating or re-generating UB-free constraints
Initial constraints: 
```
(bvsle (bvadd (bvadd (bvadd (bvadd (bvadd (bvadd (ite (= v0_v0 #b00000000000000000000000000000000) #b00000000000000000000000000000001 #b00000000000000000000000000000000) (ite (= v1_v0 #b00000000000000000000000000000000) #b00000000000000000000000000000001 #b00000000000000000000000000000000)) (ite (= v2_v0 #b00000000000000000000000000000000) #b00000000000000000000000000000001 #b00000000000000000000000000000000)) (ite (= v3_v0 #b00000000000000000000000000000000) #b00000000000000000000000000000001 #b00000000000000000000000000000000)) (ite (= v4_el0_v0 #b00000000000000000000000000000000) #b00000000000000000000000000000001 #b00000000000000000000000000000000)) (ite (= v4_el1_v0 #b00000000000000000000000000000000) #b00000000000000000000000000000001 #b00000000000000000000000000000000)) (ite (= v5_v0 #b00000000000000000000000000000000) #b00000000000000000000000000000001 #b00000000000000000000000000000000)) #b00000000000000000000000000000011)
```
Final constraints: 
```
(bvsle (bvadd (bvadd (bvadd (bvadd (bvadd (bvadd (ite (= v0_v0 #b00000000000000000000000000000000) #b00000000000000000000000000000001 #b00000000000000000000000000000000) (ite (= v1_v0 #b00000000000000000000000000000000) #b00000000000000000000000000000001 #b00000000000000000000000000000000)) (ite (= v2_v0 #b00000000000000000000000000000000) #b00000000000000000000000000000001 #b00000000000000000000000000000000)) (ite (= v3_v0 #b00000000000000000000000000000000) #b00000000000000000000000000000001 #b00000000000000000000000000000000)) (ite (= v4_el0_v0 #b00000000000000000000000000000000) #b00000000000000000000000000000001 #b00000000000000000000000000000000)) (ite (= v4_el1_v0 #b00000000000000000000000000000000) #b00000000000000000000000000000001 #b00000000000000000000000000000000)) (ite (= v5_v0 #b00000000000000000000000000000000) #b00000000000000000000000000000001 #b00000000000000000000000000000000)) #b00000000000000000000000000000011)
(= v6_el0_v0 init_var6_el0)
(= v6_el1_v0 init_var6_el1)
(= v6_el2_v0 init_var6_el2)
(= v6_el3_v0 init_var6_el3)
(= v6_el4_v0 init_var6_el4)
(= v6_el5_v0 init_var6_el5)
(bvsle (bvadd (bvadd (bvadd (bvadd (bvadd (ite (= init_var6_el0 #b00000000000000000000000000000000) #b00000000000000000000000000000001 #b00000000000000000000000000000000) (ite (= init_var6_el1 #b00000000000000000000000000000000) #b00000000000000000000000000000001 #b00000000000000000000000000000000)) (ite (= init_var6_el2 #b00000000000000000000000000000000) #b00000000000000000000000000000001 #b00000000000000000000000000000000)) (ite (= init_var6_el3 #b00000000000000000000000000000000) #b00000000000000000000000000000001 #b00000000000000000000000000000000)) (ite (= init_var6_el4 #b00000000000000000000000000000000) #b00000000000000000000000000000001 #b00000000000000000000000000000000)) (ite (= init_var6_el5 #b00000000000000000000000000000000) #b00000000000000000000000000000001 #b00000000000000000000000000000000)) #b00000000000000000000000000000001)
(= v7_v0 init_var7)
(not (bvsmulo a0_0_1 v1_v0))
(not (bvsmulo a0_0_2 v6_el5_v0))
(not (bvssubo (bvmul a0_0_1 v1_v0) (bvmul a0_0_2 v6_el5_v0)))
(not (bvssubo (bvsub (bvmul a0_0_1 v1_v0) (bvmul a0_0_2 v6_el5_v0)) a0_0))
(bvsle (bvadd (bvadd (ite (= a0_0_1 #b00000000000000000000000000000000) #b00000000000000000000000000000001 #b00000000000000000000000000000000) (ite (= a0_0_2 #b00000000000000000000000000000000) #b00000000000000000000000000000001 #b00000000000000000000000000000000)) (ite (= a0_0 #b00000000000000000000000000000000) #b00000000000000000000000000000001 #b00000000000000000000000000000000)) #b00000000000000000000000000000001)
(= v3_v1 (bvsub (bvsub (bvmul a0_0_1 v1_v0) (bvmul a0_0_2 v6_el5_v0)) a0_0))
(distinct v6_el5_v0 #b00000000000000000000000000000000)
(not (bvsdivo a0_1_1 v6_el5_v0))
(not (bvssubo a0_1_2 v2_v0))
(not (bvsaddo (bvsrem a0_1_1 v6_el5_v0) (bvsub a0_1_2 v2_v0)))
(not (bvsaddo (bvadd (bvsrem a0_1_1 v6_el5_v0) (bvsub a0_1_2 v2_v0)) a0_1))
(bvsle (bvadd (bvadd (ite (= a0_1_1 #b00000000000000000000000000000000) #b00000000000000000000000000000001 #b00000000000000000000000000000000) (ite (= a0_1_2 #b00000000000000000000000000000000) #b00000000000000000000000000000001 #b00000000000000000000000000000000)) (ite (= a0_1 #b00000000000000000000000000000000) #b00000000000000000000000000000001 #b00000000000000000000000000000000)) #b00000000000000000000000000000001)
(= v4_el1_v1 (bvadd (bvadd (bvsrem a0_1_1 v6_el5_v0) (bvsub a0_1_2 v2_v0)) a0_1))
(distinct v4_el1_v1 #b00000000000000000000000000000000)
(not (bvsdivo a4_0_1 v4_el1_v1))
(not (bvsmulo a4_0_2 v0_v0))
(not (bvsaddo (bvsrem a4_0_1 v4_el1_v1) (bvmul a4_0_2 v0_v0)))
(not (bvsaddo (bvadd (bvsrem a4_0_1 v4_el1_v1) (bvmul a4_0_2 v0_v0)) a4_0))
(bvsle (bvadd (bvadd (ite (= a4_0_1 #b00000000000000000000000000000000) #b00000000000000000000000000000001 #b00000000000000000000000000000000) (ite (= a4_0_2 #b00000000000000000000000000000000) #b00000000000000000000000000000001 #b00000000000000000000000000000000)) (ite (= a4_0 #b00000000000000000000000000000000) #b00000000000000000000000000000001 #b00000000000000000000000000000000)) #b00000000000000000000000000000001)
(= v3_v2 (bvadd (bvadd (bvsrem a4_0_1 v4_el1_v1) (bvmul a4_0_2 v0_v0)) a4_0))
(not (bvsaddo a4_1_1 v5_v0))
(distinct v0_v0 #b00000000000000000000000000000000)
(not (bvsdivo a4_1_2 v0_v0))
(not (bvssubo (bvadd a4_1_1 v5_v0) (bvsdiv a4_1_2 v0_v0)))
(not (bvssubo (bvsub (bvadd a4_1_1 v5_v0) (bvsdiv a4_1_2 v0_v0)) a4_1))
(bvsle (bvadd (bvadd (ite (= a4_1_1 #b00000000000000000000000000000000) #b00000000000000000000000000000001 #b00000000000000000000000000000000) (ite (= a4_1_2 #b00000000000000000000000000000000) #b00000000000000000000000000000001 #b00000000000000000000000000000000)) (ite (= a4_1 #b00000000000000000000000000000000) #b00000000000000000000000000000001 #b00000000000000000000000000000000)) #b00000000000000000000000000000001)
(= v1_v1 (bvsub (bvsub (bvadd a4_1_1 v5_v0) (bvsdiv a4_1_2 v0_v0)) a4_1))
(not (bvsaddo b4_2_1 v3_v2))
(not (bvsaddo b4_2_2 v1_v1))
(not (bvsaddo (bvadd b4_2_1 v3_v2) (bvadd b4_2_2 v1_v1)))
(not (bvssubo b4_2_3 v2_v0))
(not (bvsaddo (bvadd (bvadd b4_2_1 v3_v2) (bvadd b4_2_2 v1_v1)) (bvsub b4_2_3 v2_v0)))
(not (bvsaddo (bvadd (bvadd (bvadd b4_2_1 v3_v2) (bvadd b4_2_2 v1_v1)) (bvsub b4_2_3 v2_v0)) b4_2))
(bvsle (bvadd (bvadd (bvadd (ite (= b4_2_1 #b00000000000000000000000000000000) #b00000000000000000000000000000001 #b00000000000000000000000000000000) (ite (= b4_2_2 #b00000000000000000000000000000000) #b00000000000000000000000000000001 #b00000000000000000000000000000000)) (ite (= b4_2_3 #b00000000000000000000000000000000) #b00000000000000000000000000000001 #b00000000000000000000000000000000)) (ite (= b4_2 #b00000000000000000000000000000000) #b00000000000000000000000000000001 #b00000000000000000000000000000000)) #b00000000000000000000000000000001)
(not (= (bvadd (bvadd (bvadd (bvadd b4_2_1 v3_v2) (bvadd b4_2_2 v1_v1)) (bvsub b4_2_3 v2_v0)) b4_2) #b00000000000000000000000000000000))
(not (bvsaddo a14_0_1 v2_v0))
(not (bvsdivo a14_0_2 v4_el1_v1))
(not (bvssubo (bvadd a14_0_1 v2_v0) (bvsrem a14_0_2 v4_el1_v1)))
(not (bvssubo (bvsub (bvadd a14_0_1 v2_v0) (bvsrem a14_0_2 v4_el1_v1)) a14_0))
(bvsle (bvadd (bvadd (ite (= a14_0_1 #b00000000000000000000000000000000) #b00000000000000000000000000000001 #b00000000000000000000000000000000) (ite (= a14_0_2 #b00000000000000000000000000000000) #b00000000000000000000000000000001 #b00000000000000000000000000000000)) (ite (= a14_0 #b00000000000000000000000000000000) #b00000000000000000000000000000001 #b00000000000000000000000000000000)) #b00000000000000000000000000000001)
(= v5_v1 (bvsub (bvsub (bvadd a14_0_1 v2_v0) (bvsrem a14_0_2 v4_el1_v1)) a14_0))
(not (bvsdivo a14_1_1 v0_v0))
(not (bvsdivo a14_1_2 v4_el1_v1))
(not (bvsaddo (bvsrem a14_1_1 v0_v0) (bvsdiv a14_1_2 v4_el1_v1)))
(not (bvsaddo (bvadd (bvsrem a14_1_1 v0_v0) (bvsdiv a14_1_2 v4_el1_v1)) a14_1))
(bvsle (bvadd (bvadd (ite (= a14_1_1 #b00000000000000000000000000000000) #b00000000000000000000000000000001 #b00000000000000000000000000000000) (ite (= a14_1_2 #b00000000000000000000000000000000) #b00000000000000000000000000000001 #b00000000000000000000000000000000)) (ite (= a14_1 #b00000000000000000000000000000000) #b00000000000000000000000000000001 #b00000000000000000000000000000000)) #b00000000000000000000000000000001)
(= v7_v1 (bvadd (bvadd (bvsrem a14_1_1 v0_v0) (bvsdiv a14_1_2 v4_el1_v1)) a14_1))
```
Optimized constraints: 
```
(bvsle (bvadd (bvadd (bvadd (bvadd (bvadd (bvadd (ite (= v0_v0 #b00000000000000000000000000000000) #b00000000000000000000000000000001 #b00000000000000000000000000000000) (ite (= v1_v0 #b00000000000000000000000000000000) #b00000000000000000000000000000001 #b00000000000000000000000000000000)) (ite (= v2_v0 #b00000000000000000000000000000000) #b00000000000000000000000000000001 #b00000000000000000000000000000000)) (ite (= v3_v0 #b00000000000000000000000000000000) #b00000000000000000000000000000001 #b00000000000000000000000000000000)) (ite (= v4_el0_v0 #b00000000000000000000000000000000) #b00000000000000000000000000000001 #b00000000000000000000000000000000)) (ite (= v4_el1_v0 #b00000000000000000000000000000000) #b00000000000000000000000000000001 #b00000000000000000000000000000000)) (ite (= v5_v0 #b00000000000000000000000000000000) #b00000000000000000000000000000001 #b00000000000000000000000000000000)) #b00000000000000000000000000000011)
(= v6_el0_v0 init_var6_el0)
(= v6_el1_v0 init_var6_el1)
(= v6_el2_v0 init_var6_el2)
(= v6_el3_v0 init_var6_el3)
(= v6_el4_v0 init_var6_el4)
(= v6_el5_v0 init_var6_el5)
(bvsle (bvadd (bvadd (bvadd (bvadd (bvadd (ite (= init_var6_el0 #b00000000000000000000000000000000) #b00000000000000000000000000000001 #b00000000000000000000000000000000) (ite (= init_var6_el1 #b00000000000000000000000000000000) #b00000000000000000000000000000001 #b00000000000000000000000000000000)) (ite (= init_var6_el2 #b00000000000000000000000000000000) #b00000000000000000000000000000001 #b00000000000000000000000000000000)) (ite (= init_var6_el3 #b00000000000000000000000000000000) #b00000000000000000000000000000001 #b00000000000000000000000000000000)) (ite (= init_var6_el4 #b00000000000000000000000000000000) #b00000000000000000000000000000001 #b00000000000000000000000000000000)) (ite (= init_var6_el5 #b00000000000000000000000000000000) #b00000000000000000000000000000001 #b00000000000000000000000000000000)) #b00000000000000000000000000000001)
(= v7_v0 init_var7)
(not (bvsmulo a0_0_1 v1_v0))
(not (bvsmulo a0_0_2 v6_el5_v0))
(not (bvssubo (bvmul a0_0_1 v1_v0) (bvmul a0_0_2 v6_el5_v0)))
(not (bvssubo (bvsub (bvmul a0_0_1 v1_v0) (bvmul a0_0_2 v6_el5_v0)) a0_0))
(bvsle (bvadd (bvadd (ite (= a0_0_1 #b00000000000000000000000000000000) #b00000000000000000000000000000001 #b00000000000000000000000000000000) (ite (= a0_0_2 #b00000000000000000000000000000000) #b00000000000000000000000000000001 #b00000000000000000000000000000000)) (ite (= a0_0 #b00000000000000000000000000000000) #b00000000000000000000000000000001 #b00000000000000000000000000000000)) #b00000000000000000000000000000001)
(= v3_v1 (bvsub (bvsub (bvmul a0_0_1 v1_v0) (bvmul a0_0_2 v6_el5_v0)) a0_0))
(distinct v6_el5_v0 #b00000000000000000000000000000000)
(not (bvsdivo a0_1_1 v6_el5_v0))
(not (bvssubo a0_1_2 v2_v0))
(not (bvsaddo (bvsrem a0_1_1 v6_el5_v0) (bvsub a0_1_2 v2_v0)))
(not (bvsaddo (bvadd (bvsrem a0_1_1 v6_el5_v0) (bvsub a0_1_2 v2_v0)) a0_1))
(bvsle (bvadd (bvadd (ite (= a0_1_1 #b00000000000000000000000000000000) #b00000000000000000000000000000001 #b00000000000000000000000000000000) (ite (= a0_1_2 #b00000000000000000000000000000000) #b00000000000000000000000000000001 #b00000000000000000000000000000000)) (ite (= a0_1 #b00000000000000000000000000000000) #b00000000000000000000000000000001 #b00000000000000000000000000000000)) #b00000000000000000000000000000001)
(= v4_el1_v1 (bvadd (bvadd (bvsrem a0_1_1 v6_el5_v0) (bvsub a0_1_2 v2_v0)) a0_1))
(distinct v4_el1_v1 #b00000000000000000000000000000000)
(not (bvsdivo a4_0_1 v4_el1_v1))
(not (bvsmulo a4_0_2 v0_v0))
(not (bvsaddo (bvsrem a4_0_1 v4_el1_v1) (bvmul a4_0_2 v0_v0)))
(not (bvsaddo (bvadd (bvsrem a4_0_1 v4_el1_v1) (bvmul a4_0_2 v0_v0)) a4_0))
(bvsle (bvadd (bvadd (ite (= a4_0_1 #b00000000000000000000000000000000) #b00000000000000000000000000000001 #b00000000000000000000000000000000) (ite (= a4_0_2 #b00000000000000000000000000000000) #b00000000000000000000000000000001 #b00000000000000000000000000000000)) (ite (= a4_0 #b00000000000000000000000000000000) #b00000000000000000000000000000001 #b00000000000000000000000000000000)) #b00000000000000000000000000000001)
(= v3_v2 (bvadd (bvadd (bvsrem a4_0_1 v4_el1_v1) (bvmul a4_0_2 v0_v0)) a4_0))
(not (bvsaddo a4_1_1 v5_v0))
(distinct v0_v0 #b00000000000000000000000000000000)
(not (bvsdivo a4_1_2 v0_v0))
(not (bvssubo (bvadd a4_1_1 v5_v0) (bvsdiv a4_1_2 v0_v0)))
(not (bvssubo (bvsub (bvadd a4_1_1 v5_v0) (bvsdiv a4_1_2 v0_v0)) a4_1))
(bvsle (bvadd (bvadd (ite (= a4_1_1 #b00000000000000000000000000000000) #b00000000000000000000000000000001 #b00000000000000000000000000000000) (ite (= a4_1_2 #b00000000000000000000000000000000) #b00000000000000000000000000000001 #b00000000000000000000000000000000)) (ite (= a4_1 #b00000000000000000000000000000000) #b00000000000000000000000000000001 #b00000000000000000000000000000000)) #b00000000000000000000000000000001)
(= v1_v1 (bvsub (bvsub (bvadd a4_1_1 v5_v0) (bvsdiv a4_1_2 v0_v0)) a4_1))
(not (bvsaddo b4_2_1 v3_v2))
(not (bvsaddo b4_2_2 v1_v1))
(not (bvsaddo (bvadd b4_2_1 v3_v2) (bvadd b4_2_2 v1_v1)))
(not (bvssubo b4_2_3 v2_v0))
(not (bvsaddo (bvadd (bvadd b4_2_1 v3_v2) (bvadd b4_2_2 v1_v1)) (bvsub b4_2_3 v2_v0)))
(not (bvsaddo (bvadd (bvadd (bvadd b4_2_1 v3_v2) (bvadd b4_2_2 v1_v1)) (bvsub b4_2_3 v2_v0)) b4_2))
(bvsle (bvadd (bvadd (bvadd (ite (= b4_2_1 #b00000000000000000000000000000000) #b00000000000000000000000000000001 #b00000000000000000000000000000000) (ite (= b4_2_2 #b00000000000000000000000000000000) #b00000000000000000000000000000001 #b00000000000000000000000000000000)) (ite (= b4_2_3 #b00000000000000000000000000000000) #b00000000000000000000000000000001 #b00000000000000000000000000000000)) (ite (= b4_2 #b00000000000000000000000000000000) #b00000000000000000000000000000001 #b00000000000000000000000000000000)) #b00000000000000000000000000000001)
(not (= (bvadd (bvadd (bvadd (bvadd b4_2_1 v3_v2) (bvadd b4_2_2 v1_v1)) (bvsub b4_2_3 v2_v0)) b4_2) #b00000000000000000000000000000000))
(not (bvsaddo a14_0_1 v2_v0))
(not (bvsdivo a14_0_2 v4_el1_v1))
(not (bvssubo (bvadd a14_0_1 v2_v0) (bvsrem a14_0_2 v4_el1_v1)))
(not (bvssubo (bvsub (bvadd a14_0_1 v2_v0) (bvsrem a14_0_2 v4_el1_v1)) a14_0))
(bvsle (bvadd (bvadd (ite (= a14_0_1 #b00000000000000000000000000000000) #b00000000000000000000000000000001 #b00000000000000000000000000000000) (ite (= a14_0_2 #b00000000000000000000000000000000) #b00000000000000000000000000000001 #b00000000000000000000000000000000)) (ite (= a14_0 #b00000000000000000000000000000000) #b00000000000000000000000000000001 #b00000000000000000000000000000000)) #b00000000000000000000000000000001)
(= v5_v1 (bvsub (bvsub (bvadd a14_0_1 v2_v0) (bvsrem a14_0_2 v4_el1_v1)) a14_0))
(not (bvsdivo a14_1_1 v0_v0))
(not (bvsdivo a14_1_2 v4_el1_v1))
(not (bvsaddo (bvsrem a14_1_1 v0_v0) (bvsdiv a14_1_2 v4_el1_v1)))
(not (bvsaddo (bvadd (bvsrem a14_1_1 v0_v0) (bvsdiv a14_1_2 v4_el1_v1)) a14_1))
(bvsle (bvadd (bvadd (ite (= a14_1_1 #b00000000000000000000000000000000) #b00000000000000000000000000000001 #b00000000000000000000000000000000) (ite (= a14_1_2 #b00000000000000000000000000000000) #b00000000000000000000000000000001 #b00000000000000000000000000000000)) (ite (= a14_1 #b00000000000000000000000000000000) #b00000000000000000000000000000001 #b00000000000000000000000000000000)) #b00000000000000000000000000000001)
(= v7_v1 (bvadd (bvadd (bvsrem a14_1_1 v0_v0) (bvsdiv a14_1_2 v4_el1_v1)) a14_1))
```
Constraint stats: asserted=56 addCalls=59 skippedTrue=0 deduped=3 ensureInRangeCalls=76 boundedAlready=0 uniqueConstraintIds=56 uniqueBoundedIds=0 (solverAsserted=0)
Bitwuzla check_sat time: 126ms
Bitwuzla statistics: preprocess::contradicting_ands::num_substs=0 preprocess::contradicting_ands::time_apply=0ms preprocess::elim_extract::num_elim=0 preprocess::elim_extract::time_apply=0ms preprocess::elim_lambda::time_apply=0ms preprocess::elim_udiv::num_eliminated=0 preprocess::elim_udiv::time_apply=0ms preprocess::embedded_constraints::num_substs=2 preprocess::embedded_constraints::time_apply=0ms preprocess::flatten_and::num_assertions=135 preprocess::flatten_and::num_flattened=111 preprocess::flatten_and::time_apply=0ms preprocess::lambda::num_elim=0 preprocess::normalize::num_common_normalizations=8 preprocess::normalize::num_normalizations=66 preprocess::normalize::num_normalized_assertions=0 preprocess::normalize::num_pass1=0 preprocess::normalize::num_pass2=0 preprocess::normalize::time_adder_chains=1ms preprocess::normalize::time_apply=28ms preprocess::normalize::time_compute_occs=0ms preprocess::normalize::time_normalize_add=0ms preprocess::normalize::time_normalize_mul=0ms preprocess::normalize::time_score=22ms preprocess::rewrite::time_apply=2ms preprocess::skeleton_preproc::cnf::clauses=427 preprocess::skeleton_preproc::cnf::lits=787 preprocess::skeleton_preproc::new_assertions=0 preprocess::skeleton_preproc::resets=1 preprocess::skeleton_preproc::time_apply=1ms preprocess::skeleton_preproc::time_encode=0ms preprocess::skeleton_preproc::time_fixed=0ms preprocess::skeleton_preproc::time_sat=0ms preprocess::uninterpreted::num_substs=0 preprocess::uninterpreted::time_apply=0ms preprocess::varsubst::normalize_bv_ineq::num_slt=0 preprocess::varsubst::normalize_bv_ineq::num_ult=0 preprocess::varsubst::normalize_eq::num_bv_concat=0 preprocess::varsubst::normalize_eq::num_gauss_elim=6 preprocess::varsubst::normalize_eq::num_linear_eq=6 preprocess::varsubst::num_substs=12 preprocess::varsubst::time_apply=1ms preprocess::varsubst::time_direct_cycle_check=0ms preprocess::varsubst::time_find_substitution=0ms preprocess::varsubst::time_find_vars=0ms preprocess::varsubst::time_register=0ms preprocess::varsubst::time_remove_cycles=0ms preprocess::varsubst::time_substitute=0ms preprocessor::num_iterations=2 preprocessor::time_preprocess=34ms preprocessor::time_process=0ms rewriter::(normalize)::num_evals=0 rewriter::(normalize)::num_rewrites=253 rewriter::(normalize)::rewrite::BV_ADD_SPECIAL_CONST=30 rewriter::(normalize)::rewrite::BV_MUL_ONES=6 rewriter::(normalize)::rewrite::BV_NEG_ELIM=6 rewriter::(normalize)::rewrite::BV_NOT_BV_NOT=32 rewriter::(normalize)::rewrite::NORMALIZE_COMM=179 rewriter::eval::BV_MUL_EVAL=1 rewriter::eval::BV_NEG_EVAL=1 rewriter::eval::BV_SHL_EVAL=1 rewriter::eval::EQUAL_EVAL=2 rewriter::eval::IMPLIES_EVAL=1 rewriter::num_evals=6 rewriter::num_rewrites=1463 rewriter::rewrite::BV_ADD_EVAL=2 rewriter::rewrite::BV_ADD_ITE2=35 rewriter::rewrite::BV_ADD_SPECIAL_CONST=32 rewriter::rewrite::BV_EXTRACT_ADD_MUL=4 rewriter::rewrite::BV_EXTRACT_EVAL=1 rewriter::rewrite::BV_EXTRACT_FULL=6 rewriter::rewrite::BV_MUL_ONE=5 rewriter::rewrite::BV_MUL_POW2=4 rewriter::rewrite::BV_NEG_ELIM=34 rewriter::rewrite::BV_NOT_BV_NOT=245 rewriter::rewrite::BV_NOT_EVAL=2 rewriter::rewrite::BV_OR_ELIM=177 rewriter::rewrite::BV_SADDO_ELIM=13 rewriter::rewrite::BV_SDIVO_ELIM=6 rewriter::rewrite::BV_SDIV_ELIM=2 rewriter::rewrite::BV_SHL_CONST=4 rewriter::rewrite::BV_SHL_SPECIAL_CONST=3 rewriter::rewrite::BV_SIGN_EXTEND_ELIM=12 rewriter::rewrite::BV_SLE_ELIM=9 rewriter::rewrite::BV_SMULO_ELIM=3 rewriter::rewrite::BV_SREM_ELIM=4 rewriter::rewrite::BV_SSUBO_ELIM=8 rewriter::rewrite::BV_SUB_ELIM=13 rewriter::rewrite::DISTINCT_ELIM=3 rewriter::rewrite::EQUAL_BV_SUB=8 rewriter::rewrite::EQUAL_CONST_BV_NOT=93 rewriter::rewrite::EQUAL_SPECIAL_CONST=6 rewriter::rewrite::EQUAL_TRUE=10 rewriter::rewrite::IMPLIES_ELIM=3 rewriter::rewrite::ITE_EVAL=2 rewriter::rewrite::NORMALIZE_COMM=627 rewriter::rewrite::NOT_EQUAL_BV1_BOOL=45 rewriter::rewrite::NOT_NOT=21 rewriter::rewrite::OR_ELIM=21 solver::abstract::lemmas::MUL_NEG_POW2=3 solver::abstract::num_checks=2 solver::abstract::terms::BV_MUL=3 solver::abstract::terms::total=3 solver::abstract::time_check=1ms solver::array::equalities=0 solver::array::num_checks=0 solver::array::propagations=0 solver::array::propagations_down=0 solver::array::propagations_up=0 solver::array::selects=0 solver::array::time_check=0ms solver::bv::bitblast::aig::num_ands=77678 solver::bv::bitblast::aig::num_consts=1251 solver::bv::bitblast::aig::num_shared=11935 solver::bv::bitblast::aig::time_bitblast=9ms solver::bv::bitblast::cnf::num_clauses=197937 solver::bv::bitblast::cnf::num_literals=479056 solver::bv::bitblast::cnf::num_vars=64842 solver::bv::bitblast::cnf::time_encode=67ms solver::bv::bitblast::sat::time_solve=12ms solver::bv::num_assertions=161 solver::bv::num_checks=2 solver::bv::time_check=79ms solver::engine::lemmas::abstr=3 solver::engine::lemmas::array=0 solver::engine::lemmas::fp=0 solver::engine::lemmas::fun=0 solver::engine::lemmas::quant=0 solver::engine::lemmas::total=3 solver::engine::time_register_term=0ms solver::engine::time_solve=92ms solver::fun::num_checks=1 solver::fun::time_check=0ms solver::quant::mbqi_checks=0 solver::quant::num_lemma_iterations=0 solver::quant::num_lemmas=0 solver::quant::time_check=0ms solver::quant::time_mbqi=0ms solver::quant::time_process=0ms solving_context::max_memory=63827968 solving_context::time_ensure_model=0ms solving_context::time_solve=126ms
SAT
Extract symbols: sym=init_var6_el0, value=-1
Extract symbols: sym=init_var6_el1, value=-1
Extract symbols: sym=init_var6_el2, value=-1
Extract symbols: sym=init_var6_el3, value=-1
Extract symbols: sym=init_var6_el4, value=-1
Extract symbols: sym=init_var6_el5, value=-1
Extract symbols: sym=init_var7, value=0
Extract symbols: sym=a0_0_1, value=-1
Extract symbols: sym=a0_0_2, value=-1
Extract symbols: sym=a0_0, value=1
Extract symbols: sym=a0_1_1, value=-1
Extract symbols: sym=a0_1_2, value=-1
Extract symbols: sym=a0_1, value=-1
Extract symbols: sym=a1_0_1, value=0
Extract symbols: sym=a1_0_2, value=0
Extract symbols: sym=a1_0, value=0
Extract symbols: sym=a1_1_1, value=0
Extract symbols: sym=a1_1_2, value=0
Extract symbols: sym=a1_1, value=0
Extract symbols: sym=b1_2_1, value=0
Extract symbols: sym=b1_2_2, value=0
Extract symbols: sym=b1_2_3, value=0
Extract symbols: sym=b1_2, value=0
Extract symbols: sym=a2_0_1, value=0
Extract symbols: sym=a2_0_2, value=0
Extract symbols: sym=a2_0, value=0
Extract symbols: sym=a2_1_1, value=0
Extract symbols: sym=a2_1_2, value=0
Extract symbols: sym=a2_1, value=0
Extract symbols: sym=b2_2_1, value=0
Extract symbols: sym=b2_2_2, value=0
Extract symbols: sym=b2_2_3, value=0
Extract symbols: sym=b2_2, value=0
Extract symbols: sym=a3_0_1, value=0
Extract symbols: sym=a3_0_2, value=0
Extract symbols: sym=a3_0, value=0
Extract symbols: sym=a3_1_1, value=0
Extract symbols: sym=a3_1_2, value=0
Extract symbols: sym=a3_1, value=0
Extract symbols: sym=a4_0_1, value=-1
Extract symbols: sym=a4_0_2, value=-1
Extract symbols: sym=a4_0, value=-1
Extract symbols: sym=a4_1_1, value=-1
Extract symbols: sym=a4_1_2, value=-1
Extract symbols: sym=a4_1, value=-1
Extract symbols: sym=b4_2_1, value=-1
Extract symbols: sym=b4_2_2, value=-1
Extract symbols: sym=b4_2_3, value=-1
Extract symbols: sym=b4_2, value=-1
Extract symbols: sym=a5_0_1, value=0
Extract symbols: sym=a5_0_2, value=0
Extract symbols: sym=a5_0, value=0
Extract symbols: sym=a5_1_1, value=0
Extract symbols: sym=a5_1_2, value=0
Extract symbols: sym=a5_1, value=0
Extract symbols: sym=b5_2_1, value=0
Extract symbols: sym=b5_2_2, value=0
Extract symbols: sym=b5_2_3, value=0
Extract symbols: sym=b5_2, value=0
Extract symbols: sym=a6_0_1, value=0
Extract symbols: sym=a6_0_2, value=0
Extract symbols: sym=a6_0, value=0
Extract symbols: sym=a6_1_1, value=0
Extract symbols: sym=a6_1_2, value=0
Extract symbols: sym=a6_1, value=0
Extract symbols: sym=b6_2_1, value=0
Extract symbols: sym=b6_2_2, value=0
Extract symbols: sym=b6_2_3, value=0
Extract symbols: sym=b6_2, value=0
Extract symbols: sym=a7_0_1, value=0
Extract symbols: sym=a7_0_2, value=0
Extract symbols: sym=a7_0, value=0
Extract symbols: sym=a7_1_1, value=0
Extract symbols: sym=a7_1_2, value=0
Extract symbols: sym=a7_1, value=0
Extract symbols: sym=b7_2_1, value=0
Extract symbols: sym=b7_2_2, value=0
Extract symbols: sym=b7_2_3, value=0
Extract symbols: sym=b7_2, value=0
Extract symbols: sym=a8_0_1, value=0
Extract symbols: sym=a8_0_2, value=0
Extract symbols: sym=a8_0, value=0
Extract symbols: sym=a8_1_1, value=0
Extract symbols: sym=a8_1_2, value=0
Extract symbols: sym=a8_1, value=0
Extract symbols: sym=b8_2_1, value=0
Extract symbols: sym=b8_2_2, value=0
Extract symbols: sym=b8_2_3, value=0
Extract symbols: sym=b8_2, value=0
Extract symbols: sym=a9_0_1, value=0
Extract symbols: sym=a9_0_2, value=0
Extract symbols: sym=a9_0, value=0
Extract symbols: sym=a9_1_1, value=0
Extract symbols: sym=a9_1_2, value=0
Extract symbols: sym=a9_1, value=0
Extract symbols: sym=b9_2_1, value=0
Extract symbols: sym=b9_2_2, value=0
Extract symbols: sym=b9_2_3, value=0
Extract symbols: sym=b9_2, value=0
Extract symbols: sym=a10_0_1, value=0
Extract symbols: sym=a10_0_2, value=0
Extract symbols: sym=a10_0, value=0
Extract symbols: sym=a10_1_1, value=0
Extract symbols: sym=a10_1_2, value=0
Extract symbols: sym=a10_1, value=0
Extract symbols: sym=a11_0_1, value=0
Extract symbols: sym=a11_0_2, value=0
Extract symbols: sym=a11_0, value=0
Extract symbols: sym=a11_1_1, value=0
Extract symbols: sym=a11_1_2, value=0
Extract symbols: sym=a11_1, value=0
Extract symbols: sym=a12_0_1, value=0
Extract symbols: sym=a12_0_2, value=0
Extract symbols: sym=a12_0, value=0
Extract symbols: sym=a12_1_1, value=0
Extract symbols: sym=a12_1_2, value=0
Extract symbols: sym=a12_1, value=0
Extract symbols: sym=b12_2_1, value=0
Extract symbols: sym=b12_2_2, value=0
Extract symbols: sym=b12_2_3, value=0
Extract symbols: sym=b12_2, value=0
Extract symbols: sym=a13_0_1, value=0
Extract symbols: sym=a13_0_2, value=0
Extract symbols: sym=a13_0, value=0
Extract symbols: sym=a13_1_1, value=0
Extract symbols: sym=a13_1_2, value=0
Extract symbols: sym=a13_1, value=0
Extract symbols: sym=a14_0_1, value=-1
Extract symbols: sym=a14_0_2, value=-1
Extract symbols: sym=a14_0, value=-1
Extract symbols: sym=a14_1_1, value=-1
Extract symbols: sym=a14_1_2, value=-1
Extract symbols: sym=a14_1, value=-1
--------IntUBInject: Inject Int UBs to Block BB2--------------------------------------------
Collected constraints:
(bvsle v5_v0 #b001111111111111111111111111111111)
(bvsge v5_v0 #b110000000000000000000000000000000)
(bvsle v6_el5_v0 #b001111111111111111111111111111111)
(bvsge v6_el5_v0 #b110000000000000000000000000000000)
(bvsle v2_v0 #b001111111111111111111111111111111)
(bvsge v2_v0 #b110000000000000000000000000000000)
(distinct v5_v0 #b000000000000000000000000000000000)
(= #b000000000000000000000000000000001 #b000000000000000000000000000000001)
(= #b000000000000000000000000000000010 #b000000000000000000000000000000010)
(= v4_el1_v1 (bvadd (bvadd #b000000000000000000000000000000000 (bvsub #b000000000000000000000000000000000 v6_el5_v0)) (bvsrem #b000000000000000000000000000000000 v5_v0)))
(= #b000000000000000000000000000000000 #b000000000000000000000000000000000)
(= #b000000000000000000000000000000001 #b000000000000000000000000000000001)
(distinct v4_el1_v1 #b000000000000000000000000000000000)
(= v6_el5_v1 (bvsub (bvsub #b000000000000000000000000000000000 (bvsrem #b000000000000000000000000000000000 v4_el1_v1)) (bvadd #b000000000000000000000000000000000 v2_v0)))
(= #b000000000000000000000000000000000 #b000000000000000000000000000000000)
(= #b000000000000000000000000000000001 #b000000000000000000000000000000001)
(= #b000000000000000000000000000000001 #b000000000000000000000000000000001)
(= #b000000000000000000000000000000010 #b000000000000000000000000000000010)
(distinct v6_el5_v1 #b000000000000000000000000000000000)
(distinct v5_v0 #b000000000000000000000000000000000)
(let ((_let0 (bvsrem #b000000000000000000000000000000000 v5_v0))) (let ((_let1 (bvadd (bvadd #b000000000000000000000000000000000 (bvsub #b000000000000000000000000000000000 v6_el5_v0)) _let0))) (let ((_let2 (bvsub (bvsub #b000000000000000000000000000000000 (bvsrem #b000000000000000000000000000000000 v4_el1_v1)) (bvadd #b000000000000000000000000000000000 v2_v0)))) (let ((_let3 (bvsub (bvsub (bvsub #b000000000000000000000000000000000 _let0) (bvsrem #b000000000000000000000000000000000 v6_el5_v1)) (bvsub #b000000000000000000000000000000000 v4_el1_v1)))) (or (or (or false (or (bvsgt _let1 #b001111111111111111111111111111111) (bvslt _let1 #b110000000000000000000000000000000))) (or (bvsgt _let2 #b001111111111111111111111111111111) (bvslt _let2 #b110000000000000000000000000000000))) (or (bvsgt _let3 #b001111111111111111111111111111111) (bvslt _let3 #b110000000000000000000000000000000)))))))
SAT
Adding initializations to ensure undefined behaviors
Let variable: var=v5, value=-1
Let variable: var=v6_el5, value=-1
Let variable: var=v2, value=-2147483648
--------IntUBInject: Inject Int UBs to Block BB3--------------------------------------------
Collected constraints:
(bvsle v2_v0 #b001111111111111111111111111111111)
(bvsge v2_v0 #b110000000000000000000000000000000)
(bvsle v5_v0 #b001111111111111111111111111111111)
(bvsge v5_v0 #b110000000000000000000000000000000)
(bvsle v2_v0 #b001111111111111111111111111111111)
(bvsge v2_v0 #b110000000000000000000000000000000)
(bvsle v7_v0 #b001111111111111111111111111111111)
(bvsge v7_v0 #b110000000000000000000000000000000)
(= v1_v1 (bvadd (bvadd #b000000000000000000000000000000000 (bvmul #b000000000000000000000000000000000 v5_v0)) (bvmul #b000000000000000000000000000000000 v2_v0)))
(= v2_v1 (bvadd (bvadd #b000000000000000000000000000000000 (bvadd #b000000000000000000000000000000000 v7_v0)) (bvsub #b000000000000000000000000000000000 v2_v0)))
(let ((_let0 (bvadd (bvadd #b000000000000000000000000000000000 (bvmul #b000000000000000000000000000000000 v5_v0)) (bvmul #b000000000000000000000000000000000 v2_v0)))) (let ((_let1 (bvadd (bvadd #b000000000000000000000000000000000 (bvadd #b000000000000000000000000000000000 v7_v0)) (bvsub #b000000000000000000000000000000000 v2_v0)))) (or (or false (or (bvsgt _let0 #b001111111111111111111111111111111) (bvslt _let0 #b110000000000000000000000000000000))) (or (bvsgt _let1 #b001111111111111111111111111111111) (bvslt _let1 #b110000000000000000000000000000000)))))
SAT
Adding initializations to ensure undefined behaviors
Let variable: var=v2, value=1073741824
Let variable: var=v5, value=-2147483648
Let variable: var=v2, value=1073741824
Let variable: var=v7, value=-1073741825
--------IntUBInject: Inject Int UBs to Block BB5--------------------------------------------
Collected constraints:
(bvsle v6_el5_v0 #b001111111111111111111111111111111)
(bvsge v6_el5_v0 #b110000000000000000000000000000000)
(bvsle v3_v0 #b001111111111111111111111111111111)
(bvsge v3_v0 #b110000000000000000000000000000000)
(bvsle v7_v0 #b001111111111111111111111111111111)
(bvsge v7_v0 #b110000000000000000000000000000000)
(bvsle v2_v0 #b001111111111111111111111111111111)
(bvsge v2_v0 #b110000000000000000000000000000000)
(= #b000000000000000000000000000000001 #b000000000000000000000000000000001)
(= #b000000000000000000000000000000010 #b000000000000000000000000000000010)
(distinct v3_v0 #b000000000000000000000000000000000)
(= v1_v1 (bvadd (bvadd #b000000000000000000000000000000000 (bvsrem #b000000000000000000000000000000000 v3_v0)) (bvmul #b000000000000000000000000000000000 v6_el5_v0)))
(distinct v2_v0 #b000000000000000000000000000000000)
(= v3_v1 (bvsub (bvsub #b000000000000000000000000000000000 (bvsdiv #b000000000000000000000000000000000 v2_v0)) (bvadd #b000000000000000000000000000000000 v7_v0)))
(distinct v1_v1 #b000000000000000000000000000000000)
(distinct v3_v1 #b000000000000000000000000000000000)
(let ((_let0 (bvadd (bvadd #b000000000000000000000000000000000 (bvsrem #b000000000000000000000000000000000 v3_v0)) (bvmul #b000000000000000000000000000000000 v6_el5_v0)))) (let ((_let1 (bvsub (bvsub #b000000000000000000000000000000000 (bvsdiv #b000000000000000000000000000000000 v2_v0)) (bvadd #b000000000000000000000000000000000 v7_v0)))) (let ((_let2 (bvsub (bvsub (bvsub #b000000000000000000000000000000000 (bvmul #b000000000000000000000000000000000 v7_v0)) (bvsrem #b000000000000000000000000000000000 v3_v1)) (bvsdiv #b000000000000000000000000000000000 v1_v1)))) (or (or (or false (or (bvsgt _let0 #b001111111111111111111111111111111) (bvslt _let0 #b110000000000000000000000000000000))) (or (bvsgt _let1 #b001111111111111111111111111111111) (bvslt _let1 #b110000000000000000000000000000000))) (or (bvsgt _let2 #b001111111111111111111111111111111) (bvslt _let2 #b110000000000000000000000000000000))))))
UNSAT
----------IntUBInject: Inject Int UBs to Block BB13------------------------------------------
Collected constraints:
(bvsle v7_v0 #b001111111111111111111111111111111)
(bvsge v7_v0 #b110000000000000000000000000000000)
(bvsle v3_v0 #b001111111111111111111111111111111)
(bvsge v3_v0 #b110000000000000000000000000000000)
(bvsle v3_v0 #b001111111111111111111111111111111)
(bvsge v3_v0 #b110000000000000000000000000000000)
(distinct v7_v0 #b000000000000000000000000000000000)
(= v2_v1 (bvsub (bvsub #b000000000000000000000000000000000 (bvmul #b000000000000000000000000000000000 v3_v0)) (bvsdiv #b000000000000000000000000000000000 v7_v0)))
(distinct v2_v1 #b000000000000000000000000000000000)
(= v1_v1 (bvadd (bvadd #b000000000000000000000000000000000 (bvsdiv #b000000000000000000000000000000000 v2_v1)) (bvmul #b000000000000000000000000000000000 v3_v0)))
(let ((_let0 (bvmul #b000000000000000000000000000000000 v3_v0))) (let ((_let1 (bvsub (bvsub #b000000000000000000000000000000000 _let0) (bvsdiv #b000000000000000000000000000000000 v7_v0)))) (let ((_let2 (bvadd (bvadd #b000000000000000000000000000000000 (bvsdiv #b000000000000000000000000000000000 v2_v1)) _let0))) (or (or false (or (bvsgt _let1 #b001111111111111111111111111111111) (bvslt _let1 #b110000000000000000000000000000000))) (or (bvsgt _let2 #b001111111111111111111111111111111) (bvslt _let2 #b110000000000000000000000000000000))))))
UNSAT
Extract initialization: param=v0, value=-1
Extract initialization: param=v1, value=-1
Extract initialization: param=v2, value=-1
Extract initialization: param=v3, value=-1
Extract initialization: param=v4, value=-1
Extract initialization: param=v4, value=-1
Extract initialization: param=v5, value=0
Extract finalization: param=v0, value=-1
Extract finalization: param=v1, value=-1
Extract finalization: param=v2, value=-1
Extract finalization: param=v3, value=0
Extract finalization: param=v4, value=-1
Extract finalization: param=v4, value=-1
Extract finalization: param=v5, value=-1
----------SymExec: Iteration 1------------------------------------------
Generating or re-generating UB-free constraints
Initial constraints: 
```
(bvsle (bvadd (bvadd (bvadd (bvadd (bvadd (bvadd (ite (= v0_v0 #b00000000000000000000000000000000) #b00000000000000000000000000000001 #b00000000000000000000000000000000) (ite (= v1_v0 #b00000000000000000000000000000000) #b00000000000000000000000000000001 #b00000000000000000000000000000000)) (ite (= v2_v0 #b00000000000000000000000000000000) #b00000000000000000000000000000001 #b00000000000000000000000000000000)) (ite (= v3_v0 #b00000000000000000000000000000000) #b00000000000000000000000000000001 #b00000000000000000000000000000000)) (ite (= v4_el0_v0 #b00000000000000000000000000000000) #b00000000000000000000000000000001 #b00000000000000000000000000000000)) (ite (= v4_el1_v0 #b00000000000000000000000000000000) #b00000000000000000000000000000001 #b00000000000000000000000000000000)) (ite (= v5_v0 #b00000000000000000000000000000000) #b00000000000000000000000000000001 #b00000000000000000000000000000000)) #b00000000000000000000000000000011)
```
Final constraints: 
```
(bvsle (bvadd (bvadd (bvadd (bvadd (bvadd (bvadd (ite (= v0_v0 #b00000000000000000000000000000000) #b00000000000000000000000000000001 #b00000000000000000000000000000000) (ite (= v1_v0 #b00000000000000000000000000000000) #b00000000000000000000000000000001 #b00000000000000000000000000000000)) (ite (= v2_v0 #b00000000000000000000000000000000) #b00000000000000000000000000000001 #b00000000000000000000000000000000)) (ite (= v3_v0 #b00000000000000000000000000000000) #b00000000000000000000000000000001 #b00000000000000000000000000000000)) (ite (= v4_el0_v0 #b00000000000000000000000000000000) #b00000000000000000000000000000001 #b00000000000000000000000000000000)) (ite (= v4_el1_v0 #b00000000000000000000000000000000) #b00000000000000000000000000000001 #b00000000000000000000000000000000)) (ite (= v5_v0 #b00000000000000000000000000000000) #b00000000000000000000000000000001 #b00000000000000000000000000000000)) #b00000000000000000000000000000011)
(= v6_el0_v0 #b11111111111111111111111111111111)
(= v6_el1_v0 #b11111111111111111111111111111111)
(= v6_el2_v0 #b11111111111111111111111111111111)
(= v6_el3_v0 #b11111111111111111111111111111111)
(= v6_el4_v0 #b11111111111111111111111111111111)
(= v6_el5_v0 #b11111111111111111111111111111111)
(let ((_let0 (ite (= #b11111111111111111111111111111111 #b00000000000000000000000000000000) #b00000000000000000000000000000001 #b00000000000000000000000000000000))) (bvsle (bvadd (bvadd (bvadd (bvadd (bvadd _let0 _let0) _let0) _let0) _let0) _let0) #b00000000000000000000000000000001))
(= v7_v0 #b00000000000000000000000000000000)
(not (bvsmulo #b11111111111111111111111111111111 v1_v0))
(not (bvsmulo #b11111111111111111111111111111111 v6_el5_v0))
(not (bvssubo (bvmul #b11111111111111111111111111111111 v1_v0) (bvmul #b11111111111111111111111111111111 v6_el5_v0)))
(not (bvssubo (bvsub (bvmul #b11111111111111111111111111111111 v1_v0) (bvmul #b11111111111111111111111111111111 v6_el5_v0)) #b00000000000000000000000000000001))
(let ((_let0 (ite (= #b11111111111111111111111111111111 #b00000000000000000000000000000000) #b00000000000000000000000000000001 #b00000000000000000000000000000000))) (bvsle (bvadd (bvadd _let0 _let0) (ite (= #b00000000000000000000000000000001 #b00000000000000000000000000000000) #b00000000000000000000000000000001 #b00000000000000000000000000000000)) #b00000000000000000000000000000001))
(= v3_v1 (bvsub (bvsub (bvmul #b11111111111111111111111111111111 v1_v0) (bvmul #b11111111111111111111111111111111 v6_el5_v0)) #b00000000000000000000000000000001))
(distinct v6_el5_v0 #b00000000000000000000000000000000)
(not (bvsdivo #b11111111111111111111111111111111 v6_el5_v0))
(not (bvssubo #b11111111111111111111111111111111 v2_v0))
(not (bvsaddo (bvsrem #b11111111111111111111111111111111 v6_el5_v0) (bvsub #b11111111111111111111111111111111 v2_v0)))
(not (bvsaddo (bvadd (bvsrem #b11111111111111111111111111111111 v6_el5_v0) (bvsub #b11111111111111111111111111111111 v2_v0)) #b11111111111111111111111111111111))
(let ((_let0 (ite (= #b11111111111111111111111111111111 #b00000000000000000000000000000000) #b00000000000000000000000000000001 #b00000000000000000000000000000000))) (bvsle (bvadd (bvadd _let0 _let0) _let0) #b00000000000000000000000000000001))
(= v4_el1_v1 (bvadd (bvadd (bvsrem #b11111111111111111111111111111111 v6_el5_v0) (bvsub #b11111111111111111111111111111111 v2_v0)) #b11111111111111111111111111111111))
(distinct v4_el1_v1 #b00000000000000000000000000000000)
(not (bvsdivo #b11111111111111111111111111111111 v4_el1_v1))
(not (bvsmulo #b11111111111111111111111111111111 v0_v0))
(not (bvsaddo (bvsrem #b11111111111111111111111111111111 v4_el1_v1) (bvmul #b11111111111111111111111111111111 v0_v0)))
(not (bvsaddo (bvadd (bvsrem #b11111111111111111111111111111111 v4_el1_v1) (bvmul #b11111111111111111111111111111111 v0_v0)) #b11111111111111111111111111111111))
(= v3_v2 (bvadd (bvadd (bvsrem #b11111111111111111111111111111111 v4_el1_v1) (bvmul #b11111111111111111111111111111111 v0_v0)) #b11111111111111111111111111111111))
(not (bvsaddo #b11111111111111111111111111111111 v5_v0))
(distinct v0_v0 #b00000000000000000000000000000000)
(not (bvsdivo #b11111111111111111111111111111111 v0_v0))
(not (bvssubo (bvadd #b11111111111111111111111111111111 v5_v0) (bvsdiv #b11111111111111111111111111111111 v0_v0)))
(not (bvssubo (bvsub (bvadd #b11111111111111111111111111111111 v5_v0) (bvsdiv #b11111111111111111111111111111111 v0_v0)) #b11111111111111111111111111111111))
(= v1_v1 (bvsub (bvsub (bvadd #b11111111111111111111111111111111 v5_v0) (bvsdiv #b11111111111111111111111111111111 v0_v0)) #b11111111111111111111111111111111))
(not (bvsaddo #b11111111111111111111111111111111 v3_v2))
(not (bvsaddo #b11111111111111111111111111111111 v1_v1))
(not (bvsaddo (bvadd #b11111111111111111111111111111111 v3_v2) (bvadd #b11111111111111111111111111111111 v1_v1)))
(not (bvsaddo (bvadd (bvadd #b11111111111111111111111111111111 v3_v2) (bvadd #b11111111111111111111111111111111 v1_v1)) (bvsub #b11111111111111111111111111111111 v2_v0)))
(not (bvsaddo (bvadd (bvadd (bvadd #b11111111111111111111111111111111 v3_v2) (bvadd #b11111111111111111111111111111111 v1_v1)) (bvsub #b11111111111111111111111111111111 v2_v0)) #b11111111111111111111111111111111))
(let ((_let0 (ite (= #b11111111111111111111111111111111 #b00000000000000000000000000000000) #b00000000000000000000000000000001 #b00000000000000000000000000000000))) (bvsle (bvadd (bvadd (bvadd _let0 _let0) _let0) _let0) #b00000000000000000000000000000001))
(not (= (bvadd (bvadd (bvadd (bvadd #b11111111111111111111111111111111 v3_v2) (bvadd #b11111111111111111111111111111111 v1_v1)) (bvsub #b11111111111111111111111111111111 v2_v0)) #b11111111111111111111111111111111) #b00000000000000000000000000000000))
(not (bvsaddo #b11111111111111111111111111111111 v2_v0))
(not (bvssubo (bvadd #b11111111111111111111111111111111 v2_v0) (bvsrem #b11111111111111111111111111111111 v4_el1_v1)))
(not (bvssubo (bvsub (bvadd #b11111111111111111111111111111111 v2_v0) (bvsrem #b11111111111111111111111111111111 v4_el1_v1)) #b11111111111111111111111111111111))
(= v5_v1 (bvsub (bvsub (bvadd #b11111111111111111111111111111111 v2_v0) (bvsrem #b11111111111111111111111111111111 v4_el1_v1)) #b11111111111111111111111111111111))
(not (bvsaddo (bvsrem #b11111111111111111111111111111111 v0_v0) (bvsdiv #b11111111111111111111111111111111 v4_el1_v1)))
(not (bvsaddo (bvadd (bvsrem #b11111111111111111111111111111111 v0_v0) (bvsdiv #b11111111111111111111111111111111 v4_el1_v1)) #b11111111111111111111111111111111))
(= v7_v1 (bvadd (bvadd (bvsrem #b11111111111111111111111111111111 v0_v0) (bvsdiv #b11111111111111111111111111111111 v4_el1_v1)) #b11111111111111111111111111111111))
(bvsle (bvadd (bvadd (bvadd (bvadd (bvadd (bvadd (ite (= (ite (distinct v0_v0 #b11111111111111111111111111111111) #b00000000000000000000000000000001 #b00000000000000000000000000000000) #b00000000000000000000000000000000) #b00000000000000000000000000000001 #b00000000000000000000000000000000) (ite (= (ite (distinct v1_v0 #b11111111111111111111111111111111) #b00000000000000000000000000000001 #b00000000000000000000000000000000) #b00000000000000000000000000000000) #b00000000000000000000000000000001 #b00000000000000000000000000000000)) (ite (= (ite (distinct v2_v0 #b11111111111111111111111111111111) #b00000000000000000000000000000001 #b00000000000000000000000000000000) #b00000000000000000000000000000000) #b00000000000000000000000000000001 #b00000000000000000000000000000000)) (ite (= (ite (distinct v3_v0 #b11111111111111111111111111111111) #b00000000000000000000000000000001 #b00000000000000000000000000000000) #b00000000000000000000000000000000) #b00000000000000000000000000000001 #b00000000000000000000000000000000)) (ite (= (ite (distinct v4_el0_v0 #b11111111111111111111111111111111) #b00000000000000000000000000000001 #b00000000000000000000000000000000) #b00000000000000000000000000000000) #b00000000000000000000000000000001 #b00000000000000000000000000000000)) (ite (= (ite (distinct v4_el1_v0 #b11111111111111111111111111111111) #b00000000000000000000000000000001 #b00000000000000000000000000000000) #b00000000000000000000000000000000) #b00000000000000000000000000000001 #b00000000000000000000000000000000)) (ite (= (ite (distinct v5_v0 #b00000000000000000000000000000000) #b00000000000000000000000000000001 #b00000000000000000000000000000000) #b00000000000000000000000000000000) #b00000000000000000000000000000001 #b00000000000000000000000000000000)) #b00000000000000000000000000000011)
```
Constraint stats: asserted=49 addCalls=60 skippedTrue=0 deduped=11 ensureInRangeCalls=76 boundedAlready=0 uniqueConstraintIds=49 uniqueBoundedIds=0 (solverAsserted=0)
Bitwuzla check_sat time: 28ms
Bitwuzla statistics: preprocess::contradicting_ands::num_substs=0 preprocess::contradicting_ands::time_apply=0ms preprocess::elim_extract::num_elim=0 preprocess::elim_extract::time_apply=0ms preprocess::elim_lambda::time_apply=0ms preprocess::elim_udiv::num_eliminated=0 preprocess::elim_udiv::time_apply=0ms preprocess::embedded_constraints::num_substs=1 preprocess::embedded_constraints::time_apply=0ms preprocess::flatten_and::num_assertions=16 preprocess::flatten_and::num_flattened=8 preprocess::flatten_and::time_apply=0ms preprocess::lambda::num_elim=0 preprocess::normalize::num_common_normalizations=0 preprocess::normalize::num_normalizations=24 preprocess::normalize::num_normalized_assertions=0 preprocess::normalize::num_pass1=0 preprocess::normalize::num_pass2=0 preprocess::normalize::time_adder_chains=0ms preprocess::normalize::time_apply=6ms preprocess::normalize::time_compute_occs=0ms preprocess::normalize::time_normalize_add=0ms preprocess::normalize::time_normalize_mul=0ms preprocess::normalize::time_score=4ms preprocess::rewrite::time_apply=0ms preprocess::skeleton_preproc::cnf::clauses=143 preprocess::skeleton_preproc::cnf::lits=291 preprocess::skeleton_preproc::new_assertions=0 preprocess::skeleton_preproc::resets=1 preprocess::skeleton_preproc::time_apply=0ms preprocess::skeleton_preproc::time_encode=0ms preprocess::skeleton_preproc::time_fixed=0ms preprocess::skeleton_preproc::time_sat=0ms preprocess::uninterpreted::num_substs=0 preprocess::uninterpreted::time_apply=0ms preprocess::varsubst::normalize_bv_ineq::num_slt=0 preprocess::varsubst::normalize_bv_ineq::num_ult=0 preprocess::varsubst::normalize_eq::num_bv_concat=0 preprocess::varsubst::normalize_eq::num_gauss_elim=0 preprocess::varsubst::normalize_eq::num_linear_eq=0 preprocess::varsubst::num_substs=13 preprocess::varsubst::time_apply=0ms preprocess::varsubst::time_direct_cycle_check=0ms preprocess::varsubst::time_find_substitution=0ms preprocess::varsubst::time_find_vars=0ms preprocess::varsubst::time_register=0ms preprocess::varsubst::time_remove_cycles=0ms preprocess::varsubst::time_substitute=0ms preprocessor::num_iterations=2 preprocessor::time_preprocess=8ms preprocessor::time_process=0ms rewriter::(normalize)::num_evals=0 rewriter::(normalize)::num_rewrites=146 rewriter::(normalize)::rewrite::BV_ADD_CONST=9 rewriter::(normalize)::rewrite::BV_ADD_EVAL=7 rewriter::(normalize)::rewrite::BV_ADD_SPECIAL_CONST=13 rewriter::(normalize)::rewrite::BV_MUL_EVAL=2 rewriter::(normalize)::rewrite::BV_MUL_ONES=8 rewriter::(normalize)::rewrite::BV_NEG_ELIM=8 rewriter::(normalize)::rewrite::BV_NOT_BV_NOT=13 rewriter::(normalize)::rewrite::NORMALIZE_COMM=86 rewriter::num_evals=0 rewriter::num_rewrites=819 rewriter::rewrite::AND_SPECIAL_CONST=64 rewriter::rewrite::BV_ADD_CONST=6 rewriter::rewrite::BV_ADD_EVAL=9 rewriter::rewrite::BV_ADD_ITE2=14 rewriter::rewrite::BV_ADD_SPECIAL_CONST=18 rewriter::rewrite::BV_AND_EVAL=1 rewriter::rewrite::BV_AND_SPECIAL_CONST=93 rewriter::rewrite::BV_CONCAT_EVAL=2 rewriter::rewrite::BV_EXTRACT_ADD_MUL=1 rewriter::rewrite::BV_EXTRACT_EVAL=37 rewriter::rewrite::BV_EXTRACT_FULL=3 rewriter::rewrite::BV_MUL_ONES=6 rewriter::rewrite::BV_MUL_POW2=1 rewriter::rewrite::BV_NEG_ELIM=19 rewriter::rewrite::BV_NOT_BV_NEG=2 rewriter::rewrite::BV_NOT_BV_NOT=32 rewriter::rewrite::BV_NOT_EVAL=6 rewriter::rewrite::BV_OR_ELIM=4 rewriter::rewrite::BV_SADDO_ELIM=13 rewriter::rewrite::BV_SDIVO_ELIM=3 rewriter::rewrite::BV_SDIV_ELIM=2 rewriter::rewrite::BV_SHL_CONST=1 rewriter::rewrite::BV_SIGN_EXTEND_ELIM=8 rewriter::rewrite::BV_SLE_ELIM=3 rewriter::rewrite::BV_SLT_EVAL=1 rewriter::rewrite::BV_SMULO_ELIM=3 rewriter::rewrite::BV_SREM_ELIM=3 rewriter::rewrite::BV_SSUBO_ELIM=7 rewriter::rewrite::BV_SUB_ELIM=7 rewriter::rewrite::BV_UREM_EVAL=1 rewriter::rewrite::BV_XOR_EVAL=1 rewriter::rewrite::BV_XOR_SPECIAL_CONST=2 rewriter::rewrite::DISTINCT_ELIM=10 rewriter::rewrite::EQUAL_CONST_BV_ADD=2 rewriter::rewrite::EQUAL_CONST_BV_NOT=3 rewriter::rewrite::EQUAL_EVAL=11 rewriter::rewrite::EQUAL_ITE_SAME=7 rewriter::rewrite::EQUAL_SPECIAL_CONST=3 rewriter::rewrite::EQUAL_TRUE=6 rewriter::rewrite::ITE_EVAL=8 rewriter::rewrite::NORMALIZE_COMM=322 rewriter::rewrite::NOT_EQUAL_BV1_BOOL=19 rewriter::rewrite::NOT_EVAL=1 rewriter::rewrite::NOT_NOT=27 rewriter::rewrite::OR_ELIM=27 solver::abstract::num_checks=1 solver::abstract::terms::total=0 solver::abstract::time_check=0ms solver::array::equalities=0 solver::array::num_checks=0 solver::array::propagations=0 solver::array::propagations_down=0 solver::array::propagations_up=0 solver::array::selects=0 solver::array::time_check=0ms solver::bv::bitblast::aig::num_ands=21355 solver::bv::bitblast::aig::num_consts=224 solver::bv::bitblast::aig::num_shared=25392 solver::bv::bitblast::aig::time_bitblast=4ms solver::bv::bitblast::cnf::num_clauses=51647 solver::bv::bitblast::cnf::num_literals=126130 solver::bv::bitblast::cnf::num_vars=16707 solver::bv::bitblast::cnf::time_encode=11ms solver::bv::bitblast::sat::time_solve=3ms solver::bv::num_assertions=33 solver::bv::num_checks=1 solver::bv::time_check=15ms solver::engine::lemmas::abstr=0 solver::engine::lemmas::array=0 solver::engine::lemmas::fp=0 solver::engine::lemmas::fun=0 solver::engine::lemmas::quant=0 solver::engine::lemmas::total=0 solver::engine::time_register_term=0ms solver::engine::time_solve=20ms solver::fun::num_checks=1 solver::fun::time_check=0ms solver::quant::mbqi_checks=0 solver::quant::num_lemma_iterations=0 solver::quant::num_lemmas=0 solver::quant::time_check=0ms solver::quant::time_mbqi=0ms solver::quant::time_process=0ms solving_context::max_memory=64352256 solving_context::time_ensure_model=0ms solving_context::time_solve=28ms
SAT
Extract initialization: param=v0, value=1
Extract initialization: param=v1, value=-2
Extract initialization: param=v2, value=1073741823
Extract initialization: param=v3, value=-1
Extract initialization: param=v4, value=-1
Extract initialization: param=v4, value=-1
Extract initialization: param=v5, value=1073741828
Extract finalization: param=v0, value=1
Extract finalization: param=v1, value=1073741829
Extract finalization: param=v2, value=1073741823
Extract finalization: param=v3, value=-3
Extract finalization: param=v4, value=-1
Extract finalization: param=v4, value=-1073741825
Extract finalization: param=v5, value=1073741824
----------SymExec: Iteration 2------------------------------------------
Final constraints: 
```
(bvsle (bvadd (bvadd (bvadd (bvadd (bvadd (bvadd (ite (= v0_v0 #b00000000000000000000000000000000) #b00000000000000000000000000000001 #b00000000000000000000000000000000) (ite (= v1_v0 #b00000000000000000000000000000000) #b00000000000000000000000000000001 #b00000000000000000000000000000000)) (ite (= v2_v0 #b00000000000000000000000000000000) #b00000000000000000000000000000001 #b00000000000000000000000000000000)) (ite (= v3_v0 #b00000000000000000000000000000000) #b00000000000000000000000000000001 #b00000000000000000000000000000000)) (ite (= v4_el0_v0 #b00000000000000000000000000000000) #b00000000000000000000000000000001 #b00000000000000000000000000000000)) (ite (= v4_el1_v0 #b00000000000000000000000000000000) #b00000000000000000000000000000001 #b00000000000000000000000000000000)) (ite (= v5_v0 #b00000000000000000000000000000000) #b00000000000000000000000000000001 #b00000000000000000000000000000000)) #b00000000000000000000000000000011)
(= v6_el0_v0 #b11111111111111111111111111111111)
(= v6_el1_v0 #b11111111111111111111111111111111)
(= v6_el2_v0 #b11111111111111111111111111111111)
(= v6_el3_v0 #b11111111111111111111111111111111)
(= v6_el4_v0 #b11111111111111111111111111111111)
(= v6_el5_v0 #b11111111111111111111111111111111)
(let ((_let0 (ite (= #b11111111111111111111111111111111 #b00000000000000000000000000000000) #b00000000000000000000000000000001 #b00000000000000000000000000000000))) (bvsle (bvadd (bvadd (bvadd (bvadd (bvadd _let0 _let0) _let0) _let0) _let0) _let0) #b00000000000000000000000000000001))
(= v7_v0 #b00000000000000000000000000000000)
(not (bvsmulo #b11111111111111111111111111111111 v1_v0))
(not (bvsmulo #b11111111111111111111111111111111 v6_el5_v0))
(not (bvssubo (bvmul #b11111111111111111111111111111111 v1_v0) (bvmul #b11111111111111111111111111111111 v6_el5_v0)))
(not (bvssubo (bvsub (bvmul #b11111111111111111111111111111111 v1_v0) (bvmul #b11111111111111111111111111111111 v6_el5_v0)) #b00000000000000000000000000000001))
(let ((_let0 (ite (= #b11111111111111111111111111111111 #b00000000000000000000000000000000) #b00000000000000000000000000000001 #b00000000000000000000000000000000))) (bvsle (bvadd (bvadd _let0 _let0) (ite (= #b00000000000000000000000000000001 #b00000000000000000000000000000000) #b00000000000000000000000000000001 #b00000000000000000000000000000000)) #b00000000000000000000000000000001))
(= v3_v1 (bvsub (bvsub (bvmul #b11111111111111111111111111111111 v1_v0) (bvmul #b11111111111111111111111111111111 v6_el5_v0)) #b00000000000000000000000000000001))
(distinct v6_el5_v0 #b00000000000000000000000000000000)
(not (bvsdivo #b11111111111111111111111111111111 v6_el5_v0))
(not (bvssubo #b11111111111111111111111111111111 v2_v0))
(not (bvsaddo (bvsrem #b11111111111111111111111111111111 v6_el5_v0) (bvsub #b11111111111111111111111111111111 v2_v0)))
(not (bvsaddo (bvadd (bvsrem #b11111111111111111111111111111111 v6_el5_v0) (bvsub #b11111111111111111111111111111111 v2_v0)) #b11111111111111111111111111111111))
(let ((_let0 (ite (= #b11111111111111111111111111111111 #b00000000000000000000000000000000) #b00000000000000000000000000000001 #b00000000000000000000000000000000))) (bvsle (bvadd (bvadd _let0 _let0) _let0) #b00000000000000000000000000000001))
(= v4_el1_v1 (bvadd (bvadd (bvsrem #b11111111111111111111111111111111 v6_el5_v0) (bvsub #b11111111111111111111111111111111 v2_v0)) #b11111111111111111111111111111111))
(distinct v4_el1_v1 #b00000000000000000000000000000000)
(not (bvsdivo #b11111111111111111111111111111111 v4_el1_v1))
(not (bvsmulo #b11111111111111111111111111111111 v0_v0))
(not (bvsaddo (bvsrem #b11111111111111111111111111111111 v4_el1_v1) (bvmul #b11111111111111111111111111111111 v0_v0)))
(not (bvsaddo (bvadd (bvsrem #b11111111111111111111111111111111 v4_el1_v1) (bvmul #b11111111111111111111111111111111 v0_v0)) #b11111111111111111111111111111111))
(= v3_v2 (bvadd (bvadd (bvsrem #b11111111111111111111111111111111 v4_el1_v1) (bvmul #b11111111111111111111111111111111 v0_v0)) #b11111111111111111111111111111111))
(not (bvsaddo #b11111111111111111111111111111111 v5_v0))
(distinct v0_v0 #b00000000000000000000000000000000)
(not (bvsdivo #b11111111111111111111111111111111 v0_v0))
(not (bvssubo (bvadd #b11111111111111111111111111111111 v5_v0) (bvsdiv #b11111111111111111111111111111111 v0_v0)))
(not (bvssubo (bvsub (bvadd #b11111111111111111111111111111111 v5_v0) (bvsdiv #b11111111111111111111111111111111 v0_v0)) #b11111111111111111111111111111111))
(= v1_v1 (bvsub (bvsub (bvadd #b11111111111111111111111111111111 v5_v0) (bvsdiv #b11111111111111111111111111111111 v0_v0)) #b11111111111111111111111111111111))
(not (bvsaddo #b11111111111111111111111111111111 v3_v2))
(not (bvsaddo #b11111111111111111111111111111111 v1_v1))
(not (bvsaddo (bvadd #b11111111111111111111111111111111 v3_v2) (bvadd #b11111111111111111111111111111111 v1_v1)))
(not (bvsaddo (bvadd (bvadd #b11111111111111111111111111111111 v3_v2) (bvadd #b11111111111111111111111111111111 v1_v1)) (bvsub #b11111111111111111111111111111111 v2_v0)))
(not (bvsaddo (bvadd (bvadd (bvadd #b11111111111111111111111111111111 v3_v2) (bvadd #b11111111111111111111111111111111 v1_v1)) (bvsub #b11111111111111111111111111111111 v2_v0)) #b11111111111111111111111111111111))
(let ((_let0 (ite (= #b11111111111111111111111111111111 #b00000000000000000000000000000000) #b00000000000000000000000000000001 #b00000000000000000000000000000000))) (bvsle (bvadd (bvadd (bvadd _let0 _let0) _let0) _let0) #b00000000000000000000000000000001))
(not (= (bvadd (bvadd (bvadd (bvadd #b11111111111111111111111111111111 v3_v2) (bvadd #b11111111111111111111111111111111 v1_v1)) (bvsub #b11111111111111111111111111111111 v2_v0)) #b11111111111111111111111111111111) #b00000000000000000000000000000000))
(not (bvsaddo #b11111111111111111111111111111111 v2_v0))
(not (bvssubo (bvadd #b11111111111111111111111111111111 v2_v0) (bvsrem #b11111111111111111111111111111111 v4_el1_v1)))
(not (bvssubo (bvsub (bvadd #b11111111111111111111111111111111 v2_v0) (bvsrem #b11111111111111111111111111111111 v4_el1_v1)) #b11111111111111111111111111111111))
(= v5_v1 (bvsub (bvsub (bvadd #b11111111111111111111111111111111 v2_v0) (bvsrem #b11111111111111111111111111111111 v4_el1_v1)) #b11111111111111111111111111111111))
(not (bvsaddo (bvsrem #b11111111111111111111111111111111 v0_v0) (bvsdiv #b11111111111111111111111111111111 v4_el1_v1)))
(not (bvsaddo (bvadd (bvsrem #b11111111111111111111111111111111 v0_v0) (bvsdiv #b11111111111111111111111111111111 v4_el1_v1)) #b11111111111111111111111111111111))
(= v7_v1 (bvadd (bvadd (bvsrem #b11111111111111111111111111111111 v0_v0) (bvsdiv #b11111111111111111111111111111111 v4_el1_v1)) #b11111111111111111111111111111111))
(bvsle (bvadd (bvadd (bvadd (bvadd (bvadd (bvadd (ite (= (ite (distinct v0_v0 #b11111111111111111111111111111111) #b00000000000000000000000000000001 #b00000000000000000000000000000000) #b00000000000000000000000000000000) #b00000000000000000000000000000001 #b00000000000000000000000000000000) (ite (= (ite (distinct v1_v0 #b11111111111111111111111111111111) #b00000000000000000000000000000001 #b00000000000000000000000000000000) #b00000000000000000000000000000000) #b00000000000000000000000000000001 #b00000000000000000000000000000000)) (ite (= (ite (distinct v2_v0 #b11111111111111111111111111111111) #b00000000000000000000000000000001 #b00000000000000000000000000000000) #b00000000000000000000000000000000) #b00000000000000000000000000000001 #b00000000000000000000000000000000)) (ite (= (ite (distinct v3_v0 #b11111111111111111111111111111111) #b00000000000000000000000000000001 #b00000000000000000000000000000000) #b00000000000000000000000000000000) #b00000000000000000000000000000001 #b00000000000000000000000000000000)) (ite (= (ite (distinct v4_el0_v0 #b11111111111111111111111111111111) #b00000000000000000000000000000001 #b00000000000000000000000000000000) #b00000000000000000000000000000000) #b00000000000000000000000000000001 #b00000000000000000000000000000000)) (ite (= (ite (distinct v4_el1_v0 #b11111111111111111111111111111111) #b00000000000000000000000000000001 #b00000000000000000000000000000000) #b00000000000000000000000000000000) #b00000000000000000000000000000001 #b00000000000000000000000000000000)) (ite (= (ite (distinct v5_v0 #b00000000000000000000000000000000) #b00000000000000000000000000000001 #b00000000000000000000000000000000) #b00000000000000000000000000000000) #b00000000000000000000000000000001 #b00000000000000000000000000000000)) #b00000000000000000000000000000011)
(bvsle (bvadd (bvadd (bvadd (bvadd (bvadd (bvadd (ite (= (ite (distinct v0_v0 #b00000000000000000000000000000001) #b00000000000000000000000000000001 #b00000000000000000000000000000000) #b00000000000000000000000000000000) #b00000000000000000000000000000001 #b00000000000000000000000000000000) (ite (= (ite (distinct v1_v0 #b11111111111111111111111111111110) #b00000000000000000000000000000001 #b00000000000000000000000000000000) #b00000000000000000000000000000000) #b00000000000000000000000000000001 #b00000000000000000000000000000000)) (ite (= (ite (distinct v2_v0 #b00111111111111111111111111111111) #b00000000000000000000000000000001 #b00000000000000000000000000000000) #b00000000000000000000000000000000) #b00000000000000000000000000000001 #b00000000000000000000000000000000)) (ite (= (ite (distinct v3_v0 #b11111111111111111111111111111111) #b00000000000000000000000000000001 #b00000000000000000000000000000000) #b00000000000000000000000000000000) #b00000000000000000000000000000001 #b00000000000000000000000000000000)) (ite (= (ite (distinct v4_el0_v0 #b11111111111111111111111111111111) #b00000000000000000000000000000001 #b00000000000000000000000000000000) #b00000000000000000000000000000000) #b00000000000000000000000000000001 #b00000000000000000000000000000000)) (ite (= (ite (distinct v4_el1_v0 #b11111111111111111111111111111111) #b00000000000000000000000000000001 #b00000000000000000000000000000000) #b00000000000000000000000000000000) #b00000000000000000000000000000001 #b00000000000000000000000000000000)) (ite (= (ite (distinct v5_v0 #b01000000000000000000000000000100) #b00000000000000000000000000000001 #b00000000000000000000000000000000) #b00000000000000000000000000000000) #b00000000000000000000000000000001 #b00000000000000000000000000000000)) #b00000000000000000000000000000011)
```
Constraint stats: asserted=50 addCalls=61 skippedTrue=0 deduped=11 ensureInRangeCalls=76 boundedAlready=0 uniqueConstraintIds=50 uniqueBoundedIds=0 (solverAsserted=49)
Bitwuzla check_sat time: 4ms
Bitwuzla statistics: preprocess::contradicting_ands::num_substs=0 preprocess::contradicting_ands::time_apply=0ms preprocess::elim_extract::num_elim=0 preprocess::elim_extract::time_apply=0ms preprocess::elim_lambda::time_apply=0ms preprocess::elim_udiv::num_eliminated=0 preprocess::elim_udiv::time_apply=0ms preprocess::embedded_constraints::num_substs=1 preprocess::embedded_constraints::time_apply=0ms preprocess::flatten_and::num_assertions=16 preprocess::flatten_and::num_flattened=8 preprocess::flatten_and::time_apply=0ms preprocess::lambda::num_elim=0 preprocess::normalize::num_common_normalizations=0 preprocess::normalize::num_normalizations=24 preprocess::normalize::num_normalized_assertions=0 preprocess::normalize::num_pass1=0 preprocess::normalize::num_pass2=0 preprocess::normalize::time_adder_chains=0ms preprocess::normalize::time_apply=6ms preprocess::normalize::time_compute_occs=0ms preprocess::normalize::time_normalize_add=0ms preprocess::normalize::time_normalize_mul=0ms preprocess::normalize::time_score=4ms preprocess::rewrite::time_apply=0ms preprocess::skeleton_preproc::cnf::clauses=143 preprocess::skeleton_preproc::cnf::lits=291 preprocess::skeleton_preproc::new_assertions=0 preprocess::skeleton_preproc::resets=1 preprocess::skeleton_preproc::time_apply=0ms preprocess::skeleton_preproc::time_encode=0ms preprocess::skeleton_preproc::time_fixed=0ms preprocess::skeleton_preproc::time_sat=0ms preprocess::uninterpreted::num_substs=0 preprocess::uninterpreted::time_apply=0ms preprocess::varsubst::normalize_bv_ineq::num_slt=0 preprocess::varsubst::normalize_bv_ineq::num_ult=0 preprocess::varsubst::normalize_eq::num_bv_concat=0 preprocess::varsubst::normalize_eq::num_gauss_elim=0 preprocess::varsubst::normalize_eq::num_linear_eq=0 preprocess::varsubst::num_substs=13 preprocess::varsubst::time_apply=0ms preprocess::varsubst::time_direct_cycle_check=0ms preprocess::varsubst::time_find_substitution=0ms preprocess::varsubst::time_find_vars=0ms preprocess::varsubst::time_register=0ms preprocess::varsubst::time_remove_cycles=0ms preprocess::varsubst::time_substitute=0ms preprocessor::num_iterations=3 preprocessor::time_preprocess=8ms preprocessor::time_process=0ms rewriter::(normalize)::num_evals=0 rewriter::(normalize)::num_rewrites=146 rewriter::(normalize)::rewrite::BV_ADD_CONST=9 rewriter::(normalize)::rewrite::BV_ADD_EVAL=7 rewriter::(normalize)::rewrite::BV_ADD_SPECIAL_CONST=13 rewriter::(normalize)::rewrite::BV_MUL_EVAL=2 rewriter::(normalize)::rewrite::BV_MUL_ONES=8 rewriter::(normalize)::rewrite::BV_NEG_ELIM=8 rewriter::(normalize)::rewrite::BV_NOT_BV_NOT=13 rewriter::(normalize)::rewrite::NORMALIZE_COMM=86 rewriter::num_evals=0 rewriter::num_rewrites=904 rewriter::rewrite::AND_SPECIAL_CONST=71 rewriter::rewrite::BV_ADD_CONST=6 rewriter::rewrite::BV_ADD_EVAL=13 rewriter::rewrite::BV_ADD_ITE2=21 rewriter::rewrite::BV_ADD_SPECIAL_CONST=25 rewriter::rewrite::BV_AND_EVAL=1 rewriter::rewrite::BV_AND_SPECIAL_CONST=93 rewriter::rewrite::BV_CONCAT_EVAL=2 rewriter::rewrite::BV_EXTRACT_ADD_MUL=1 rewriter::rewrite::BV_EXTRACT_EVAL=38 rewriter::rewrite::BV_EXTRACT_FULL=3 rewriter::rewrite::BV_MUL_ONES=6 rewriter::rewrite::BV_MUL_POW2=1 rewriter::rewrite::BV_NEG_ELIM=19 rewriter::rewrite::BV_NOT_BV_NEG=2 rewriter::rewrite::BV_NOT_BV_NOT=32 rewriter::rewrite::BV_NOT_EVAL=8 rewriter::rewrite::BV_OR_ELIM=4 rewriter::rewrite::BV_SADDO_ELIM=13 rewriter::rewrite::BV_SDIVO_ELIM=3 rewriter::rewrite::BV_SDIV_ELIM=2 rewriter::rewrite::BV_SHL_CONST=1 rewriter::rewrite::BV_SIGN_EXTEND_ELIM=8 rewriter::rewrite::BV_SLE_ELIM=4 rewriter::rewrite::BV_SLT_EVAL=1 rewriter::rewrite::BV_SMULO_ELIM=3 rewriter::rewrite::BV_SREM_ELIM=3 rewriter::rewrite::BV_SSUBO_ELIM=7 rewriter::rewrite::BV_SUB_ELIM=7 rewriter::rewrite::BV_UREM_EVAL=2 rewriter::rewrite::BV_XOR_EVAL=1 rewriter::rewrite::BV_XOR_SPECIAL_CONST=2 rewriter::rewrite::DISTINCT_ELIM=17 rewriter::rewrite::EQUAL_CONST_BV_ADD=2 rewriter::rewrite::EQUAL_CONST_BV_NOT=3 rewriter::rewrite::EQUAL_EVAL=13 rewriter::rewrite::EQUAL_ITE_SAME=14 rewriter::rewrite::EQUAL_SPECIAL_CONST=3 rewriter::rewrite::EQUAL_TRUE=6 rewriter::rewrite::ITE_EVAL=9 rewriter::rewrite::NORMALIZE_COMM=345 rewriter::rewrite::NOT_EQUAL_BV1_BOOL=19 rewriter::rewrite::NOT_EVAL=2 rewriter::rewrite::NOT_NOT=34 rewriter::rewrite::OR_ELIM=34 solver::abstract::num_checks=2 solver::abstract::terms::total=0 solver::abstract::time_check=0ms solver::array::equalities=0 solver::array::num_checks=0 solver::array::propagations=0 solver::array::propagations_down=0 solver::array::propagations_up=0 solver::array::selects=0 solver::array::time_check=0ms solver::bv::bitblast::aig::num_ands=21536 solver::bv::bitblast::aig::num_consts=224 solver::bv::bitblast::aig::num_shared=25453 solver::bv::bitblast::aig::time_bitblast=4ms solver::bv::bitblast::cnf::num_clauses=52076 solver::bv::bitblast::cnf::num_literals=127150 solver::bv::bitblast::cnf::num_vars=16842 solver::bv::bitblast::cnf::time_encode=11ms solver::bv::bitblast::sat::time_solve=7ms solver::bv::num_assertions=34 solver::bv::num_checks=2 solver::bv::time_check=19ms solver::engine::lemmas::abstr=0 solver::engine::lemmas::array=0 solver::engine::lemmas::fp=0 solver::engine::lemmas::fun=0 solver::engine::lemmas::quant=0 solver::engine::lemmas::total=0 solver::engine::time_register_term=0ms solver::engine::time_solve=24ms solver::fun::num_checks=2 solver::fun::time_check=0ms solver::quant::mbqi_checks=0 solver::quant::num_lemma_iterations=0 solver::quant::num_lemmas=0 solver::quant::time_check=0ms solver::quant::time_mbqi=0ms solver::quant::time_process=0ms solving_context::max_memory=64352256 solving_context::time_ensure_model=0ms solving_context::time_solve=32ms
SAT
Extract initialization: param=v0, value=-1073741824
Extract initialization: param=v1, value=-3
Extract initialization: param=v2, value=1073741822
Extract initialization: param=v3, value=-2
Extract initialization: param=v4, value=-2
Extract initialization: param=v4, value=-2
Extract initialization: param=v5, value=1073741827
Extract finalization: param=v0, value=-1073741824
Extract finalization: param=v1, value=1073741827
Extract finalization: param=v2, value=1073741822
Extract finalization: param=v3, value=1073741822
Extract finalization: param=v4, value=-2
Extract finalization: param=v4, value=-1073741824
Extract finalization: param=v5, value=1073741823
