----FunPlus: Generate Function func_0g6z1t_2------------------------------------------------
------GraphPlus::Generate----------------------------------------------
Randomly generating a graph with 15 nodes
------CfgSketch::GenerateReduLoop----------------------------------------------
--------GraphPlus::Generate--------------------------------------------
Randomly generating a graph with 4 nodes
Removing cycles from the generated graph
Removed edge 2 -> 1
Started replacing bimpo #9 (successors=[5, 10]) with a reducible loop of size=5
Updated 5 bimpos' indices by +4 if it is behind #9 in our unflattened CFG
Updated 6 bimpos' successors by +4 if it is behind #9 in our flattened CFG
Updated the successors of the loop's latch to [9, 13]
Updated the successors of the loop's exit to [5, 14]
Constructed the basic blocks of the newly inserted loop
Inserted all the loop's basic blocks into the flattened CFG
------CfgSketch: Unflattened CFG Sketch----------------------------------------------
Bimpo: type=0, id=0, size=1, start=0
Bimpo: type=0, id=1, size=1, start=1
Bimpo: type=0, id=2, size=1, start=2
Bimpo: type=0, id=3, size=1, start=3
Bimpo: type=0, id=4, size=1, start=4
Bimpo: type=0, id=5, size=1, start=5
Bimpo: type=0, id=6, size=1, start=6
Bimpo: type=0, id=7, size=1, start=7
Bimpo: type=0, id=8, size=1, start=8
Bimpo: type=1, id=9, size=5, start=9
Bimpo: type=0, id=10, size=1, start=14
Bimpo: type=0, id=11, size=1, start=15
Bimpo: type=0, id=12, size=1, start=16
Bimpo: type=0, id=13, size=1, start=17
Bimpo: type=0, id=14, size=1, start=18
------CfgSketch: Flattened CFG Sketch----------------------------------------------
Block: 0 -> [16]
Block: 1 -> [2, 6]
Block: 2 -> [3, 7]
Block: 3 -> [5, 6]
Block: 4 -> [5, 8]
Block: 5 -> [6, 8]
Block: 6 -> [5, 7]
Block: 7 -> [1, 9]
Block: 8 -> [5, 14]
Block: 9 -> [12]
Block: 10 -> [11]
Block: 11 -> [12]
Block: 12 -> [9, 13]
Block: 13 -> [5, 14]
Block: 14 -> [9, 15]
Block: 15 -> [1, 8]
Block: 16 -> [4, 17]
Block: 17 -> [1, 18]
Block: 18 -> []
------FunPlus: Generate Block #0----------------------------------------------
Generate assignment: 5 <- 2, 6
Generate assignment: 7 <- 3, 6
------FunPlus: Generate Block #1----------------------------------------------
Generate assignment: 5 <- 5, 6
Generate assignment: 2 <- 5, 2
Generate conditional: 5, 2, 7
------FunPlus: Generate Block #2----------------------------------------------
Generate assignment: 7 <- 5, 0
Generate assignment: 3 <- 6, 2
Generate conditional: 7, 3, 5
------FunPlus: Generate Block #3----------------------------------------------
Generate assignment: 5 <- 5, 2
Generate assignment: 7 <- 3, 1
Generate conditional: 5, 7, 0
------FunPlus: Generate Block #4----------------------------------------------
Generate assignment: 3 <- 1, 5
Generate assignment: 5 <- 7, 4
Generate conditional: 3, 5, 4
------FunPlus: Generate Block #5----------------------------------------------
Generate assignment: 7 <- 4, 7
Generate assignment: 1 <- 4, 7
Generate conditional: 7, 1, 4
------FunPlus: Generate Block #6----------------------------------------------
Generate assignment: 6 <- 6, 7
Generate assignment: 2 <- 6, 4
Generate conditional: 6, 2, 0
------FunPlus: Generate Block #7----------------------------------------------
Generate assignment: 7 <- 5, 3
Generate assignment: 0 <- 0, 7
Generate conditional: 7, 0, 6
------FunPlus: Generate Block #8----------------------------------------------
Generate assignment: 0 <- 4, 7
Generate assignment: 7 <- 7, 2
Generate conditional: 0, 7, 6
------FunPlus: Generate Block #9----------------------------------------------
Generate assignment: 0 <- 7, 3
Generate assignment: 6 <- 4, 2
------FunPlus: Generate Block #10----------------------------------------------
Generate assignment: 1 <- 6, 4
Generate assignment: 3 <- 1, 5
------FunPlus: Generate Block #11----------------------------------------------
Generate assignment: 2 <- 3, 5
Generate assignment: 7 <- 1, 6
------FunPlus: Generate Block #12----------------------------------------------
Generate assignment: 5 <- 5, 7
Generate assignment: 6 <- 1, 4
Generate conditional: 5, 6, 2
------FunPlus: Generate Block #13----------------------------------------------
Generate assignment: 5 <- 2, 1
Generate assignment: 4 <- 1, 7
Generate conditional: 5, 4, 1
------FunPlus: Generate Block #14----------------------------------------------
Generate assignment: 7 <- 2, 1
Generate assignment: 5 <- 6, 3
Generate conditional: 7, 5, 6
------FunPlus: Generate Block #15----------------------------------------------
Generate assignment: 6 <- 0, 5
Generate assignment: 5 <- 7, 4
Generate conditional: 6, 5, 7
------FunPlus: Generate Block #16----------------------------------------------
Generate assignment: 7 <- 2, 4
Generate assignment: 5 <- 7, 0
Generate conditional: 7, 5, 0
------FunPlus: Generate Block #17----------------------------------------------
Generate assignment: 6 <- 2, 3
Generate assignment: 1 <- 0, 2
Generate conditional: 6, 1, 4
------FunPlus: Generate Block #18----------------------------------------------
Generate assignment: 5 <- 4, 3
Generate assignment: 4 <- 4, 5
----SymExec: Solve------------------------------------------------
Execution Path: 0->16->17->18
------SymExec: Iteration 0----------------------------------------------
Generating or re-generating UB-free constraints
Initial constraints: 
```
(bvsle (bvadd (bvadd (bvadd (bvadd (bvadd (ite (= v0_v0 #b00000000000000000000000000000000) #b00000000000000000000000000000001 #b00000000000000000000000000000000) (ite (= v1_f0_v0 #b00000000000000000000000000000000) #b00000000000000000000000000000001 #b00000000000000000000000000000000)) (ite (= v2_v0 #b00000000000000000000000000000000) #b00000000000000000000000000000001 #b00000000000000000000000000000000)) (ite (= v3_v0 #b00000000000000000000000000000000) #b00000000000000000000000000000001 #b00000000000000000000000000000000)) (ite (= v4_f0_v0 #b00000000000000000000000000000000) #b00000000000000000000000000000001 #b00000000000000000000000000000000)) (ite (= v5_v0 #b00000000000000000000000000000000) #b00000000000000000000000000000001 #b00000000000000000000000000000000)) #b00000000000000000000000000000011)
```
Final constraints: 
```
(bvsle (bvadd (bvadd (bvadd (bvadd (bvadd (ite (= v0_v0 #b00000000000000000000000000000000) #b00000000000000000000000000000001 #b00000000000000000000000000000000) (ite (= v1_f0_v0 #b00000000000000000000000000000000) #b00000000000000000000000000000001 #b00000000000000000000000000000000)) (ite (= v2_v0 #b00000000000000000000000000000000) #b00000000000000000000000000000001 #b00000000000000000000000000000000)) (ite (= v3_v0 #b00000000000000000000000000000000) #b00000000000000000000000000000001 #b00000000000000000000000000000000)) (ite (= v4_f0_v0 #b00000000000000000000000000000000) #b00000000000000000000000000000001 #b00000000000000000000000000000000)) (ite (= v5_v0 #b00000000000000000000000000000000) #b00000000000000000000000000000001 #b00000000000000000000000000000000)) #b00000000000000000000000000000011)
(= v6_v0 init_var6)
(= v7_v0 init_var7)
(distinct v2_v0 #b00000000000000000000000000000000)
(not (bvsdivo a0_0_1 v2_v0))
(not (bvssubo a0_0_2 v6_v0))
(not (bvssubo (bvsrem a0_0_1 v2_v0) (bvsub a0_0_2 v6_v0)))
(not (bvssubo (bvsub (bvsrem a0_0_1 v2_v0) (bvsub a0_0_2 v6_v0)) a0_0))
(bvsle (bvadd (bvadd (ite (= a0_0_1 #b00000000000000000000000000000000) #b00000000000000000000000000000001 #b00000000000000000000000000000000) (ite (= a0_0_2 #b00000000000000000000000000000000) #b00000000000000000000000000000001 #b00000000000000000000000000000000)) (ite (= a0_0 #b00000000000000000000000000000000) #b00000000000000000000000000000001 #b00000000000000000000000000000000)) #b00000000000000000000000000000001)
(= v5_v1 (bvsub (bvsub (bvsrem a0_0_1 v2_v0) (bvsub a0_0_2 v6_v0)) a0_0))
(not (bvsaddo a0_1_1 v3_v0))
(distinct v6_v0 #b00000000000000000000000000000000)
(not (bvsdivo a0_1_2 v6_v0))
(not (bvssubo (bvadd a0_1_1 v3_v0) (bvsrem a0_1_2 v6_v0)))
(not (bvssubo (bvsub (bvadd a0_1_1 v3_v0) (bvsrem a0_1_2 v6_v0)) a0_1))
(bvsle (bvadd (bvadd (ite (= a0_1_1 #b00000000000000000000000000000000) #b00000000000000000000000000000001 #b00000000000000000000000000000000) (ite (= a0_1_2 #b00000000000000000000000000000000) #b00000000000000000000000000000001 #b00000000000000000000000000000000)) (ite (= a0_1 #b00000000000000000000000000000000) #b00000000000000000000000000000001 #b00000000000000000000000000000000)) #b00000000000000000000000000000001)
(= v7_v1 (bvsub (bvsub (bvadd a0_1_1 v3_v0) (bvsrem a0_1_2 v6_v0)) a0_1))
(not (bvssubo a16_0_1 v2_v0))
(not (bvssubo a16_0_2 v4_f0_v0))
(not (bvsaddo (bvsub a16_0_1 v2_v0) (bvsub a16_0_2 v4_f0_v0)))
(not (bvsaddo (bvadd (bvsub a16_0_1 v2_v0) (bvsub a16_0_2 v4_f0_v0)) a16_0))
(bvsle (bvadd (bvadd (ite (= a16_0_1 #b00000000000000000000000000000000) #b00000000000000000000000000000001 #b00000000000000000000000000000000) (ite (= a16_0_2 #b00000000000000000000000000000000) #b00000000000000000000000000000001 #b00000000000000000000000000000000)) (ite (= a16_0 #b00000000000000000000000000000000) #b00000000000000000000000000000001 #b00000000000000000000000000000000)) #b00000000000000000000000000000001)
(= v7_v2 (bvadd (bvadd (bvsub a16_0_1 v2_v0) (bvsub a16_0_2 v4_f0_v0)) a16_0))
(not (bvssubo a16_1_1 v7_v2))
(not (bvsaddo a16_1_2 v0_v0))
(not (bvssubo (bvsub a16_1_1 v7_v2) (bvadd a16_1_2 v0_v0)))
(not (bvssubo (bvsub (bvsub a16_1_1 v7_v2) (bvadd a16_1_2 v0_v0)) a16_1))
(bvsle (bvadd (bvadd (ite (= a16_1_1 #b00000000000000000000000000000000) #b00000000000000000000000000000001 #b00000000000000000000000000000000) (ite (= a16_1_2 #b00000000000000000000000000000000) #b00000000000000000000000000000001 #b00000000000000000000000000000000)) (ite (= a16_1 #b00000000000000000000000000000000) #b00000000000000000000000000000001 #b00000000000000000000000000000000)) #b00000000000000000000000000000001)
(= v5_v2 (bvsub (bvsub (bvsub a16_1_1 v7_v2) (bvadd a16_1_2 v0_v0)) a16_1))
(distinct v7_v2 #b00000000000000000000000000000000)
(not (bvsdivo b16_2_1 v7_v2))
(not (bvsaddo b16_2_2 v5_v2))
(not (bvssubo (bvsrem b16_2_1 v7_v2) (bvadd b16_2_2 v5_v2)))
(not (bvssubo b16_2_3 v0_v0))
(not (bvssubo (bvsub (bvsrem b16_2_1 v7_v2) (bvadd b16_2_2 v5_v2)) (bvsub b16_2_3 v0_v0)))
(not (bvssubo (bvsub (bvsub (bvsrem b16_2_1 v7_v2) (bvadd b16_2_2 v5_v2)) (bvsub b16_2_3 v0_v0)) b16_2))
(bvsle (bvadd (bvadd (bvadd (ite (= b16_2_1 #b00000000000000000000000000000000) #b00000000000000000000000000000001 #b00000000000000000000000000000000) (ite (= b16_2_2 #b00000000000000000000000000000000) #b00000000000000000000000000000001 #b00000000000000000000000000000000)) (ite (= b16_2_3 #b00000000000000000000000000000000) #b00000000000000000000000000000001 #b00000000000000000000000000000000)) (ite (= b16_2 #b00000000000000000000000000000000) #b00000000000000000000000000000001 #b00000000000000000000000000000000)) #b00000000000000000000000000000010)
(not (bvslt (bvsub (bvsub (bvsub (bvsrem b16_2_1 v7_v2) (bvadd b16_2_2 v5_v2)) (bvsub b16_2_3 v0_v0)) b16_2) #b00000000000000000000000000000000))
(not (bvsdivo a17_0_1 v2_v0))
(distinct v3_v0 #b00000000000000000000000000000000)
(not (bvsdivo a17_0_2 v3_v0))
(not (bvsaddo (bvsdiv a17_0_1 v2_v0) (bvsdiv a17_0_2 v3_v0)))
(not (bvsaddo (bvadd (bvsdiv a17_0_1 v2_v0) (bvsdiv a17_0_2 v3_v0)) a17_0))
(bvsle (bvadd (bvadd (ite (= a17_0_1 #b00000000000000000000000000000000) #b00000000000000000000000000000001 #b00000000000000000000000000000000) (ite (= a17_0_2 #b00000000000000000000000000000000) #b00000000000000000000000000000001 #b00000000000000000000000000000000)) (ite (= a17_0 #b00000000000000000000000000000000) #b00000000000000000000000000000001 #b00000000000000000000000000000000)) #b00000000000000000000000000000001)
(= v6_v1 (bvadd (bvadd (bvsdiv a17_0_1 v2_v0) (bvsdiv a17_0_2 v3_v0)) a17_0))
(not (bvssubo a17_1_1 v0_v0))
(not (bvssubo a17_1_2 v2_v0))
(not (bvssubo (bvsub a17_1_1 v0_v0) (bvsub a17_1_2 v2_v0)))
(not (bvssubo (bvsub (bvsub a17_1_1 v0_v0) (bvsub a17_1_2 v2_v0)) a17_1))
(bvsle (bvadd (bvadd (ite (= a17_1_1 #b00000000000000000000000000000000) #b00000000000000000000000000000001 #b00000000000000000000000000000000) (ite (= a17_1_2 #b00000000000000000000000000000000) #b00000000000000000000000000000001 #b00000000000000000000000000000000)) (ite (= a17_1 #b00000000000000000000000000000000) #b00000000000000000000000000000001 #b00000000000000000000000000000000)) #b00000000000000000000000000000001)
(= v1_f0_v1 (bvsub (bvsub (bvsub a17_1_1 v0_v0) (bvsub a17_1_2 v2_v0)) a17_1))
(distinct v6_v1 #b00000000000000000000000000000000)
(not (bvsdivo b17_2_1 v6_v1))
(not (bvsmulo b17_2_2 v1_f0_v1))
(not (bvssubo (bvsrem b17_2_1 v6_v1) (bvmul b17_2_2 v1_f0_v1)))
(not (bvssubo b17_2_3 v4_f0_v0))
(not (bvssubo (bvsub (bvsrem b17_2_1 v6_v1) (bvmul b17_2_2 v1_f0_v1)) (bvsub b17_2_3 v4_f0_v0)))
(not (bvssubo (bvsub (bvsub (bvsrem b17_2_1 v6_v1) (bvmul b17_2_2 v1_f0_v1)) (bvsub b17_2_3 v4_f0_v0)) b17_2))
(bvsle (bvadd (bvadd (bvadd (ite (= b17_2_1 #b00000000000000000000000000000000) #b00000000000000000000000000000001 #b00000000000000000000000000000000) (ite (= b17_2_2 #b00000000000000000000000000000000) #b00000000000000000000000000000001 #b00000000000000000000000000000000)) (ite (= b17_2_3 #b00000000000000000000000000000000) #b00000000000000000000000000000001 #b00000000000000000000000000000000)) (ite (= b17_2 #b00000000000000000000000000000000) #b00000000000000000000000000000001 #b00000000000000000000000000000000)) #b00000000000000000000000000000010)
(not (bvslt (bvsub (bvsub (bvsub (bvsrem b17_2_1 v6_v1) (bvmul b17_2_2 v1_f0_v1)) (bvsub b17_2_3 v4_f0_v0)) b17_2) #b00000000000000000000000000000000))
(distinct v4_f0_v0 #b00000000000000000000000000000000)
(not (bvsdivo a18_0_1 v4_f0_v0))
(not (bvsdivo a18_0_2 v3_v0))
(not (bvssubo (bvsrem a18_0_1 v4_f0_v0) (bvsdiv a18_0_2 v3_v0)))
(not (bvssubo (bvsub (bvsrem a18_0_1 v4_f0_v0) (bvsdiv a18_0_2 v3_v0)) a18_0))
(bvsle (bvadd (bvadd (ite (= a18_0_1 #b00000000000000000000000000000000) #b00000000000000000000000000000001 #b00000000000000000000000000000000) (ite (= a18_0_2 #b00000000000000000000000000000000) #b00000000000000000000000000000001 #b00000000000000000000000000000000)) (ite (= a18_0 #b00000000000000000000000000000000) #b00000000000000000000000000000001 #b00000000000000000000000000000000)) #b00000000000000000000000000000001)
(= v5_v3 (bvsub (bvsub (bvsrem a18_0_1 v4_f0_v0) (bvsdiv a18_0_2 v3_v0)) a18_0))
(not (bvsaddo a18_1_1 v4_f0_v0))
(distinct v5_v3 #b00000000000000000000000000000000)
(not (bvsdivo a18_1_2 v5_v3))
(not (bvssubo (bvadd a18_1_1 v4_f0_v0) (bvsrem a18_1_2 v5_v3)))
(not (bvssubo (bvsub (bvadd a18_1_1 v4_f0_v0) (bvsrem a18_1_2 v5_v3)) a18_1))
(bvsle (bvadd (bvadd (ite (= a18_1_1 #b00000000000000000000000000000000) #b00000000000000000000000000000001 #b00000000000000000000000000000000) (ite (= a18_1_2 #b00000000000000000000000000000000) #b00000000000000000000000000000001 #b00000000000000000000000000000000)) (ite (= a18_1 #b00000000000000000000000000000000) #b00000000000000000000000000000001 #b00000000000000000000000000000000)) #b00000000000000000000000000000001)
(= v4_f0_v1 (bvsub (bvsub (bvadd a18_1_1 v4_f0_v0) (bvsrem a18_1_2 v5_v3)) a18_1))
```
Optimized constraints: 
```
(bvsle (bvadd (bvadd (bvadd (bvadd (bvadd (ite (= v0_v0 #b00000000000000000000000000000000) #b00000000000000000000000000000001 #b00000000000000000000000000000000) (ite (= v1_f0_v0 #b00000000000000000000000000000000) #b00000000000000000000000000000001 #b00000000000000000000000000000000)) (ite (= v2_v0 #b00000000000000000000000000000000) #b00000000000000000000000000000001 #b00000000000000000000000000000000)) (ite (= v3_v0 #b00000000000000000000000000000000) #b00000000000000000000000000000001 #b00000000000000000000000000000000)) (ite (= v4_f0_v0 #b00000000000000000000000000000000) #b00000000000000000000000000000001 #b00000000000000000000000000000000)) (ite (= v5_v0 #b00000000000000000000000000000000) #b00000000000000000000000000000001 #b00000000000000000000000000000000)) #b00000000000000000000000000000011)
(= v6_v0 init_var6)
(= v7_v0 init_var7)
(distinct v2_v0 #b00000000000000000000000000000000)
(not (bvsdivo a0_0_1 v2_v0))
(not (bvssubo a0_0_2 v6_v0))
(not (bvssubo (bvsrem a0_0_1 v2_v0) (bvsub a0_0_2 v6_v0)))
(not (bvssubo (bvsub (bvsrem a0_0_1 v2_v0) (bvsub a0_0_2 v6_v0)) a0_0))
(bvsle (bvadd (bvadd (ite (= a0_0_1 #b00000000000000000000000000000000) #b00000000000000000000000000000001 #b00000000000000000000000000000000) (ite (= a0_0_2 #b00000000000000000000000000000000) #b00000000000000000000000000000001 #b00000000000000000000000000000000)) (ite (= a0_0 #b00000000000000000000000000000000) #b00000000000000000000000000000001 #b00000000000000000000000000000000)) #b00000000000000000000000000000001)
(= v5_v1 (bvsub (bvsub (bvsrem a0_0_1 v2_v0) (bvsub a0_0_2 v6_v0)) a0_0))
(not (bvsaddo a0_1_1 v3_v0))
(distinct v6_v0 #b00000000000000000000000000000000)
(not (bvsdivo a0_1_2 v6_v0))
(not (bvssubo (bvadd a0_1_1 v3_v0) (bvsrem a0_1_2 v6_v0)))
(not (bvssubo (bvsub (bvadd a0_1_1 v3_v0) (bvsrem a0_1_2 v6_v0)) a0_1))
(bvsle (bvadd (bvadd (ite (= a0_1_1 #b00000000000000000000000000000000) #b00000000000000000000000000000001 #b00000000000000000000000000000000) (ite (= a0_1_2 #b00000000000000000000000000000000) #b00000000000000000000000000000001 #b00000000000000000000000000000000)) (ite (= a0_1 #b00000000000000000000000000000000) #b00000000000000000000000000000001 #b00000000000000000000000000000000)) #b00000000000000000000000000000001)
(= v7_v1 (bvsub (bvsub (bvadd a0_1_1 v3_v0) (bvsrem a0_1_2 v6_v0)) a0_1))
(not (bvssubo a16_0_1 v2_v0))
(not (bvssubo a16_0_2 v4_f0_v0))
(not (bvsaddo (bvsub a16_0_1 v2_v0) (bvsub a16_0_2 v4_f0_v0)))
(not (bvsaddo (bvadd (bvsub a16_0_1 v2_v0) (bvsub a16_0_2 v4_f0_v0)) a16_0))
(bvsle (bvadd (bvadd (ite (= a16_0_1 #b00000000000000000000000000000000) #b00000000000000000000000000000001 #b00000000000000000000000000000000) (ite (= a16_0_2 #b00000000000000000000000000000000) #b00000000000000000000000000000001 #b00000000000000000000000000000000)) (ite (= a16_0 #b00000000000000000000000000000000) #b00000000000000000000000000000001 #b00000000000000000000000000000000)) #b00000000000000000000000000000001)
(= v7_v2 (bvadd (bvadd (bvsub a16_0_1 v2_v0) (bvsub a16_0_2 v4_f0_v0)) a16_0))
(not (bvssubo a16_1_1 v7_v2))
(not (bvsaddo a16_1_2 v0_v0))
(not (bvssubo (bvsub a16_1_1 v7_v2) (bvadd a16_1_2 v0_v0)))
(not (bvssubo (bvsub (bvsub a16_1_1 v7_v2) (bvadd a16_1_2 v0_v0)) a16_1))
(bvsle (bvadd (bvadd (ite (= a16_1_1 #b00000000000000000000000000000000) #b00000000000000000000000000000001 #b00000000000000000000000000000000) (ite (= a16_1_2 #b00000000000000000000000000000000) #b00000000000000000000000000000001 #b00000000000000000000000000000000)) (ite (= a16_1 #b00000000000000000000000000000000) #b00000000000000000000000000000001 #b00000000000000000000000000000000)) #b00000000000000000000000000000001)
(= v5_v2 (bvsub (bvsub (bvsub a16_1_1 v7_v2) (bvadd a16_1_2 v0_v0)) a16_1))
(distinct v7_v2 #b00000000000000000000000000000000)
(not (bvsdivo b16_2_1 v7_v2))
(not (bvsaddo b16_2_2 v5_v2))
(not (bvssubo (bvsrem b16_2_1 v7_v2) (bvadd b16_2_2 v5_v2)))
(not (bvssubo b16_2_3 v0_v0))
(not (bvssubo (bvsub (bvsrem b16_2_1 v7_v2) (bvadd b16_2_2 v5_v2)) (bvsub b16_2_3 v0_v0)))
(not (bvssubo (bvsub (bvsub (bvsrem b16_2_1 v7_v2) (bvadd b16_2_2 v5_v2)) (bvsub b16_2_3 v0_v0)) b16_2))
(bvsle (bvadd (bvadd (bvadd (ite (= b16_2_1 #b00000000000000000000000000000000) #b00000000000000000000000000000001 #b00000000000000000000000000000000) (ite (= b16_2_2 #b00000000000000000000000000000000) #b00000000000000000000000000000001 #b00000000000000000000000000000000)) (ite (= b16_2_3 #b00000000000000000000000000000000) #b00000000000000000000000000000001 #b00000000000000000000000000000000)) (ite (= b16_2 #b00000000000000000000000000000000) #b00000000000000000000000000000001 #b00000000000000000000000000000000)) #b00000000000000000000000000000010)
(not (bvslt (bvsub (bvsub (bvsub (bvsrem b16_2_1 v7_v2) (bvadd b16_2_2 v5_v2)) (bvsub b16_2_3 v0_v0)) b16_2) #b00000000000000000000000000000000))
(not (bvsdivo a17_0_1 v2_v0))
(distinct v3_v0 #b00000000000000000000000000000000)
(not (bvsdivo a17_0_2 v3_v0))
(not (bvsaddo (bvsdiv a17_0_1 v2_v0) (bvsdiv a17_0_2 v3_v0)))
(not (bvsaddo (bvadd (bvsdiv a17_0_1 v2_v0) (bvsdiv a17_0_2 v3_v0)) a17_0))
(bvsle (bvadd (bvadd (ite (= a17_0_1 #b00000000000000000000000000000000) #b00000000000000000000000000000001 #b00000000000000000000000000000000) (ite (= a17_0_2 #b00000000000000000000000000000000) #b00000000000000000000000000000001 #b00000000000000000000000000000000)) (ite (= a17_0 #b00000000000000000000000000000000) #b00000000000000000000000000000001 #b00000000000000000000000000000000)) #b00000000000000000000000000000001)
(= v6_v1 (bvadd (bvadd (bvsdiv a17_0_1 v2_v0) (bvsdiv a17_0_2 v3_v0)) a17_0))
(not (bvssubo a17_1_1 v0_v0))
(not (bvssubo a17_1_2 v2_v0))
(not (bvssubo (bvsub a17_1_1 v0_v0) (bvsub a17_1_2 v2_v0)))
(not (bvssubo (bvsub (bvsub a17_1_1 v0_v0) (bvsub a17_1_2 v2_v0)) a17_1))
(bvsle (bvadd (bvadd (ite (= a17_1_1 #b00000000000000000000000000000000) #b00000000000000000000000000000001 #b00000000000000000000000000000000) (ite (= a17_1_2 #b00000000000000000000000000000000) #b00000000000000000000000000000001 #b00000000000000000000000000000000)) (ite (= a17_1 #b00000000000000000000000000000000) #b00000000000000000000000000000001 #b00000000000000000000000000000000)) #b00000000000000000000000000000001)
(= v1_f0_v1 (bvsub (bvsub (bvsub a17_1_1 v0_v0) (bvsub a17_1_2 v2_v0)) a17_1))
(distinct v6_v1 #b00000000000000000000000000000000)
(not (bvsdivo b17_2_1 v6_v1))
(not (bvsmulo b17_2_2 v1_f0_v1))
(not (bvssubo (bvsrem b17_2_1 v6_v1) (bvmul b17_2_2 v1_f0_v1)))
(not (bvssubo b17_2_3 v4_f0_v0))
(not (bvssubo (bvsub (bvsrem b17_2_1 v6_v1) (bvmul b17_2_2 v1_f0_v1)) (bvsub b17_2_3 v4_f0_v0)))
(not (bvssubo (bvsub (bvsub (bvsrem b17_2_1 v6_v1) (bvmul b17_2_2 v1_f0_v1)) (bvsub b17_2_3 v4_f0_v0)) b17_2))
(bvsle (bvadd (bvadd (bvadd (ite (= b17_2_1 #b00000000000000000000000000000000) #b00000000000000000000000000000001 #b00000000000000000000000000000000) (ite (= b17_2_2 #b00000000000000000000000000000000) #b00000000000000000000000000000001 #b00000000000000000000000000000000)) (ite (= b17_2_3 #b00000000000000000000000000000000) #b00000000000000000000000000000001 #b00000000000000000000000000000000)) (ite (= b17_2 #b00000000000000000000000000000000) #b00000000000000000000000000000001 #b00000000000000000000000000000000)) #b00000000000000000000000000000010)
(not (bvslt (bvsub (bvsub (bvsub (bvsrem b17_2_1 v6_v1) (bvmul b17_2_2 v1_f0_v1)) (bvsub b17_2_3 v4_f0_v0)) b17_2) #b00000000000000000000000000000000))
(distinct v4_f0_v0 #b00000000000000000000000000000000)
(not (bvsdivo a18_0_1 v4_f0_v0))
(not (bvsdivo a18_0_2 v3_v0))
(not (bvssubo (bvsrem a18_0_1 v4_f0_v0) (bvsdiv a18_0_2 v3_v0)))
(not (bvssubo (bvsub (bvsrem a18_0_1 v4_f0_v0) (bvsdiv a18_0_2 v3_v0)) a18_0))
(bvsle (bvadd (bvadd (ite (= a18_0_1 #b00000000000000000000000000000000) #b00000000000000000000000000000001 #b00000000000000000000000000000000) (ite (= a18_0_2 #b00000000000000000000000000000000) #b00000000000000000000000000000001 #b00000000000000000000000000000000)) (ite (= a18_0 #b00000000000000000000000000000000) #b00000000000000000000000000000001 #b00000000000000000000000000000000)) #b00000000000000000000000000000001)
(= v5_v3 (bvsub (bvsub (bvsrem a18_0_1 v4_f0_v0) (bvsdiv a18_0_2 v3_v0)) a18_0))
(not (bvsaddo a18_1_1 v4_f0_v0))
(distinct v5_v3 #b00000000000000000000000000000000)
(not (bvsdivo a18_1_2 v5_v3))
(not (bvssubo (bvadd a18_1_1 v4_f0_v0) (bvsrem a18_1_2 v5_v3)))
(not (bvssubo (bvsub (bvadd a18_1_1 v4_f0_v0) (bvsrem a18_1_2 v5_v3)) a18_1))
(bvsle (bvadd (bvadd (ite (= a18_1_1 #b00000000000000000000000000000000) #b00000000000000000000000000000001 #b00000000000000000000000000000000) (ite (= a18_1_2 #b00000000000000000000000000000000) #b00000000000000000000000000000001 #b00000000000000000000000000000000)) (ite (= a18_1 #b00000000000000000000000000000000) #b00000000000000000000000000000001 #b00000000000000000000000000000000)) #b00000000000000000000000000000001)
(= v4_f0_v1 (bvsub (bvsub (bvadd a18_1_1 v4_f0_v0) (bvsrem a18_1_2 v5_v3)) a18_1))
```
Constraint stats: asserted=74 addCalls=76 skippedTrue=0 deduped=2 ensureInRangeCalls=79 boundedAlready=0 uniqueConstraintIds=74 uniqueBoundedIds=0 (solverAsserted=0)
Bitwuzla check_sat time: 164ms
Bitwuzla statistics: preprocess::contradicting_ands::num_substs=0 preprocess::contradicting_ands::time_apply=0ms preprocess::elim_extract::num_elim=0 preprocess::elim_extract::time_apply=0ms preprocess::elim_lambda::time_apply=0ms preprocess::elim_udiv::num_eliminated=0 preprocess::elim_udiv::time_apply=0ms preprocess::embedded_constraints::num_substs=3 preprocess::embedded_constraints::time_apply=0ms preprocess::flatten_and::num_assertions=99 preprocess::flatten_and::num_flattened=64 preprocess::flatten_and::time_apply=0ms preprocess::lambda::num_elim=0 preprocess::normalize::num_common_normalizations=16 preprocess::normalize::num_normalizations=152 preprocess::normalize::num_normalized_assertions=0 preprocess::normalize::num_pass1=0 preprocess::normalize::num_pass2=0 preprocess::normalize::time_adder_chains=2ms preprocess::normalize::time_apply=43ms preprocess::normalize::time_compute_occs=1ms preprocess::normalize::time_normalize_add=0ms preprocess::normalize::time_normalize_mul=0ms preprocess::normalize::time_score=36ms preprocess::rewrite::time_apply=2ms preprocess::skeleton_preproc::cnf::clauses=567 preprocess::skeleton_preproc::cnf::lits=1147 preprocess::skeleton_preproc::new_assertions=0 preprocess::skeleton_preproc::resets=1 preprocess::skeleton_preproc::time_apply=0ms preprocess::skeleton_preproc::time_encode=0ms preprocess::skeleton_preproc::time_fixed=0ms preprocess::skeleton_preproc::time_sat=0ms preprocess::uninterpreted::num_substs=0 preprocess::uninterpreted::time_apply=0ms preprocess::varsubst::normalize_bv_ineq::num_slt=0 preprocess::varsubst::normalize_bv_ineq::num_ult=0 preprocess::varsubst::normalize_eq::num_bv_concat=0 preprocess::varsubst::normalize_eq::num_gauss_elim=8 preprocess::varsubst::normalize_eq::num_linear_eq=8 preprocess::varsubst::num_substs=10 preprocess::varsubst::time_apply=1ms preprocess::varsubst::time_direct_cycle_check=0ms preprocess::varsubst::time_find_substitution=0ms preprocess::varsubst::time_find_vars=0ms preprocess::varsubst::time_register=0ms preprocess::varsubst::time_remove_cycles=0ms preprocess::varsubst::time_substitute=0ms preprocessor::num_iterations=2 preprocessor::time_preprocess=51ms preprocessor::time_process=0ms rewriter::(normalize)::num_evals=0 rewriter::(normalize)::num_rewrites=505 rewriter::(normalize)::rewrite::BV_ADD_EVAL=1 rewriter::(normalize)::rewrite::BV_ADD_SPECIAL_CONST=51 rewriter::(normalize)::rewrite::BV_MUL_EVAL=2 rewriter::(normalize)::rewrite::BV_MUL_ONES=18 rewriter::(normalize)::rewrite::BV_NEG_ELIM=18 rewriter::(normalize)::rewrite::BV_NOT_BV_NOT=69 rewriter::(normalize)::rewrite::NORMALIZE_COMM=346 rewriter::eval::BV_MUL_EVAL=1 rewriter::eval::BV_NEG_EVAL=1 rewriter::eval::BV_SHL_EVAL=1 rewriter::eval::EQUAL_EVAL=2 rewriter::eval::IMPLIES_EVAL=1 rewriter::num_evals=6 rewriter::num_rewrites=1390 rewriter::rewrite::BV_ADD_EVAL=2 rewriter::rewrite::BV_ADD_ITE2=38 rewriter::rewrite::BV_ADD_SPECIAL_CONST=37 rewriter::rewrite::BV_EXTRACT_ADD_MUL=15 rewriter::rewrite::BV_EXTRACT_EVAL=1 rewriter::rewrite::BV_EXTRACT_FULL=2 rewriter::rewrite::BV_MUL_ONE=8 rewriter::rewrite::BV_MUL_POW2=15 rewriter::rewrite::BV_NEG_ELIM=64 rewriter::rewrite::BV_NOT_BV_NOT=209 rewriter::rewrite::BV_NOT_EVAL=2 rewriter::rewrite::BV_OR_ELIM=59 rewriter::rewrite::BV_SADDO_ELIM=8 rewriter::rewrite::BV_SDIVO_ELIM=9 rewriter::rewrite::BV_SDIV_ELIM=3 rewriter::rewrite::BV_SHL_CONST=15 rewriter::rewrite::BV_SHL_SPECIAL_CONST=1 rewriter::rewrite::BV_SIGN_EXTEND_ELIM=4 rewriter::rewrite::BV_SLE_ELIM=11 rewriter::rewrite::BV_SMULO_ELIM=1 rewriter::rewrite::BV_SREM_ELIM=6 rewriter::rewrite::BV_SSUBO_ELIM=26 rewriter::rewrite::BV_SUB_ELIM=34 rewriter::rewrite::DISTINCT_ELIM=7 rewriter::rewrite::EQUAL_BV_SUB=21 rewriter::rewrite::EQUAL_CONST_BV_NOT=31 rewriter::rewrite::EQUAL_SPECIAL_CONST=2 rewriter::rewrite::EQUAL_TRUE=6 rewriter::rewrite::IMPLIES_ELIM=1 rewriter::rewrite::ITE_EVAL=1 rewriter::rewrite::NORMALIZE_COMM=614 rewriter::rewrite::NOT_EQUAL_BV1_BOOL=69 rewriter::rewrite::NOT_NOT=34 rewriter::rewrite::OR_ELIM=34 solver::abstract::lemmas::MUL_NEG_POW2=1 solver::abstract::num_checks=2 solver::abstract::terms::BV_MUL=1 solver::abstract::terms::total=1 solver::abstract::time_check=1ms solver::array::equalities=0 solver::array::num_checks=0 solver::array::propagations=0 solver::array::propagations_down=0 solver::array::propagations_up=0 solver::array::selects=0 solver::array::time_check=0ms solver::bv::bitblast::aig::num_ands=105022 solver::bv::bitblast::aig::num_consts=1281 solver::bv::bitblast::aig::num_shared=17654 solver::bv::bitblast::aig::time_bitblast=12ms solver::bv::bitblast::cnf::num_clauses=263539 solver::bv::bitblast::cnf::num_literals=640374 solver::bv::bitblast::cnf::num_vars=85691 solver::bv::bitblast::cnf::time_encode=83ms solver::bv::bitblast::sat::time_solve=14ms solver::bv::num_assertions=134 solver::bv::num_checks=2 solver::bv::time_check=98ms solver::engine::lemmas::abstr=1 solver::engine::lemmas::array=0 solver::engine::lemmas::fp=0 solver::engine::lemmas::fun=0 solver::engine::lemmas::quant=0 solver::engine::lemmas::total=1 solver::engine::time_register_term=0ms solver::engine::time_solve=113ms solver::fun::num_checks=1 solver::fun::time_check=0ms solver::quant::mbqi_checks=0 solver::quant::num_lemma_iterations=0 solver::quant::num_lemmas=0 solver::quant::time_check=0ms solver::quant::time_mbqi=0ms solver::quant::time_process=0ms solving_context::max_memory=76771328 solving_context::time_ensure_model=0ms solving_context::time_solve=164ms
SAT
Extract symbols: sym=init_var6, value=-1
Extract symbols: sym=init_var7, value=0
Extract symbols: sym=a0_0_1, value=-1
Extract symbols: sym=a0_0_2, value=1
Extract symbols: sym=a0_0, value=-1
Extract symbols: sym=a0_1_1, value=-1
Extract symbols: sym=a0_1_2, value=-1
Extract symbols: sym=a0_1, value=-1
Extract symbols: sym=a1_0_1, value=<unresolved>
Extract symbols: sym=a1_0_2, value=<unresolved>
Extract symbols: sym=a1_0, value=<unresolved>
Extract symbols: sym=a1_1_1, value=<unresolved>
Extract symbols: sym=a1_1_2, value=<unresolved>
Extract symbols: sym=a1_1, value=<unresolved>
Extract symbols: sym=b1_2_1, value=<unresolved>
Extract symbols: sym=b1_2_2, value=<unresolved>
Extract symbols: sym=b1_2_3, value=<unresolved>
Extract symbols: sym=b1_2, value=<unresolved>
Extract symbols: sym=a2_0_1, value=<unresolved>
Extract symbols: sym=a2_0_2, value=<unresolved>
Extract symbols: sym=a2_0, value=<unresolved>
Extract symbols: sym=a2_1_1, value=<unresolved>
Extract symbols: sym=a2_1_2, value=<unresolved>
Extract symbols: sym=a2_1, value=<unresolved>
Extract symbols: sym=b2_2_1, value=<unresolved>
Extract symbols: sym=b2_2_2, value=<unresolved>
Extract symbols: sym=b2_2_3, value=<unresolved>
Extract symbols: sym=b2_2, value=<unresolved>
Extract symbols: sym=a3_0_1, value=<unresolved>
Extract symbols: sym=a3_0_2, value=<unresolved>
Extract symbols: sym=a3_0, value=<unresolved>
Extract symbols: sym=a3_1_1, value=<unresolved>
Extract symbols: sym=a3_1_2, value=<unresolved>
Extract symbols: sym=a3_1, value=<unresolved>
Extract symbols: sym=b3_2_1, value=<unresolved>
Extract symbols: sym=b3_2_2, value=<unresolved>
Extract symbols: sym=b3_2_3, value=<unresolved>
Extract symbols: sym=b3_2, value=<unresolved>
Extract symbols: sym=a4_0_1, value=<unresolved>
Extract symbols: sym=a4_0_2, value=<unresolved>
Extract symbols: sym=a4_0, value=<unresolved>
Extract symbols: sym=a4_1_1, value=<unresolved>
Extract symbols: sym=a4_1_2, value=<unresolved>
Extract symbols: sym=a4_1, value=<unresolved>
Extract symbols: sym=b4_2_1, value=<unresolved>
Extract symbols: sym=b4_2_2, value=<unresolved>
Extract symbols: sym=b4_2_3, value=<unresolved>
Extract symbols: sym=b4_2, value=<unresolved>
Extract symbols: sym=a5_0_1, value=<unresolved>
Extract symbols: sym=a5_0_2, value=<unresolved>
Extract symbols: sym=a5_0, value=<unresolved>
Extract symbols: sym=a5_1_1, value=<unresolved>
Extract symbols: sym=a5_1_2, value=<unresolved>
Extract symbols: sym=a5_1, value=<unresolved>
Extract symbols: sym=b5_2_1, value=<unresolved>
Extract symbols: sym=b5_2_2, value=<unresolved>
Extract symbols: sym=b5_2_3, value=<unresolved>
Extract symbols: sym=b5_2, value=<unresolved>
Extract symbols: sym=a6_0_1, value=<unresolved>
Extract symbols: sym=a6_0_2, value=<unresolved>
Extract symbols: sym=a6_0, value=<unresolved>
Extract symbols: sym=a6_1_1, value=<unresolved>
Extract symbols: sym=a6_1_2, value=<unresolved>
Extract symbols: sym=a6_1, value=<unresolved>
Extract symbols: sym=b6_2_1, value=<unresolved>
Extract symbols: sym=b6_2_2, value=<unresolved>
Extract symbols: sym=b6_2_3, value=<unresolved>
Extract symbols: sym=b6_2, value=<unresolved>
Extract symbols: sym=a7_0_1, value=<unresolved>
Extract symbols: sym=a7_0_2, value=<unresolved>
Extract symbols: sym=a7_0, value=<unresolved>
Extract symbols: sym=a7_1_1, value=<unresolved>
Extract symbols: sym=a7_1_2, value=<unresolved>
Extract symbols: sym=a7_1, value=<unresolved>
Extract symbols: sym=b7_2_1, value=<unresolved>
Extract symbols: sym=b7_2_2, value=<unresolved>
Extract symbols: sym=b7_2_3, value=<unresolved>
Extract symbols: sym=b7_2, value=<unresolved>
Extract symbols: sym=a8_0_1, value=<unresolved>
Extract symbols: sym=a8_0_2, value=<unresolved>
Extract symbols: sym=a8_0, value=<unresolved>
Extract symbols: sym=a8_1_1, value=<unresolved>
Extract symbols: sym=a8_1_2, value=<unresolved>
Extract symbols: sym=a8_1, value=<unresolved>
Extract symbols: sym=b8_2_1, value=<unresolved>
Extract symbols: sym=b8_2_2, value=<unresolved>
Extract symbols: sym=b8_2_3, value=<unresolved>
Extract symbols: sym=b8_2, value=<unresolved>
Extract symbols: sym=a9_0_1, value=<unresolved>
Extract symbols: sym=a9_0_2, value=<unresolved>
Extract symbols: sym=a9_0, value=<unresolved>
Extract symbols: sym=a9_1_1, value=<unresolved>
Extract symbols: sym=a9_1_2, value=<unresolved>
Extract symbols: sym=a9_1, value=<unresolved>
Extract symbols: sym=a10_0_1, value=<unresolved>
Extract symbols: sym=a10_0_2, value=<unresolved>
Extract symbols: sym=a10_0, value=<unresolved>
Extract symbols: sym=a10_1_1, value=<unresolved>
Extract symbols: sym=a10_1_2, value=<unresolved>
Extract symbols: sym=a10_1, value=<unresolved>
Extract symbols: sym=a11_0_1, value=<unresolved>
Extract symbols: sym=a11_0_2, value=<unresolved>
Extract symbols: sym=a11_0, value=<unresolved>
Extract symbols: sym=a11_1_1, value=<unresolved>
Extract symbols: sym=a11_1_2, value=<unresolved>
Extract symbols: sym=a11_1, value=<unresolved>
Extract symbols: sym=a12_0_1, value=<unresolved>
Extract symbols: sym=a12_0_2, value=<unresolved>
Extract symbols: sym=a12_0, value=<unresolved>
Extract symbols: sym=a12_1_1, value=<unresolved>
Extract symbols: sym=a12_1_2, value=<unresolved>
Extract symbols: sym=a12_1, value=<unresolved>
Extract symbols: sym=b12_2_1, value=<unresolved>
Extract symbols: sym=b12_2_2, value=<unresolved>
Extract symbols: sym=b12_2_3, value=<unresolved>
Extract symbols: sym=b12_2, value=<unresolved>
Extract symbols: sym=a13_0_1, value=<unresolved>
Extract symbols: sym=a13_0_2, value=<unresolved>
Extract symbols: sym=a13_0, value=<unresolved>
Extract symbols: sym=a13_1_1, value=<unresolved>
Extract symbols: sym=a13_1_2, value=<unresolved>
Extract symbols: sym=a13_1, value=<unresolved>
Extract symbols: sym=b13_2_1, value=<unresolved>
Extract symbols: sym=b13_2_2, value=<unresolved>
Extract symbols: sym=b13_2_3, value=<unresolved>
Extract symbols: sym=b13_2, value=<unresolved>
Extract symbols: sym=a14_0_1, value=<unresolved>
Extract symbols: sym=a14_0_2, value=<unresolved>
Extract symbols: sym=a14_0, value=<unresolved>
Extract symbols: sym=a14_1_1, value=<unresolved>
Extract symbols: sym=a14_1_2, value=<unresolved>
Extract symbols: sym=a14_1, value=<unresolved>
Extract symbols: sym=b14_2_1, value=<unresolved>
Extract symbols: sym=b14_2_2, value=<unresolved>
Extract symbols: sym=b14_2_3, value=<unresolved>
Extract symbols: sym=b14_2, value=<unresolved>
Extract symbols: sym=a15_0_1, value=<unresolved>
Extract symbols: sym=a15_0_2, value=<unresolved>
Extract symbols: sym=a15_0, value=<unresolved>
Extract symbols: sym=a15_1_1, value=<unresolved>
Extract symbols: sym=a15_1_2, value=<unresolved>
Extract symbols: sym=a15_1, value=<unresolved>
Extract symbols: sym=b15_2_1, value=<unresolved>
Extract symbols: sym=b15_2_2, value=<unresolved>
Extract symbols: sym=b15_2_3, value=<unresolved>
Extract symbols: sym=b15_2, value=<unresolved>
Extract symbols: sym=a16_0_1, value=-1
Extract symbols: sym=a16_0_2, value=-1
Extract symbols: sym=a16_0, value=-1
Extract symbols: sym=a16_1_1, value=-5
Extract symbols: sym=a16_1_2, value=-1
Extract symbols: sym=a16_1, value=-1
Extract symbols: sym=b16_2_1, value=-1
Extract symbols: sym=b16_2_2, value=-1
Extract symbols: sym=b16_2_3, value=-1
Extract symbols: sym=b16_2, value=-1
Extract symbols: sym=a17_0_1, value=-1
Extract symbols: sym=a17_0_2, value=-1
Extract symbols: sym=a17_0, value=-1
Extract symbols: sym=a17_1_1, value=-3
Extract symbols: sym=a17_1_2, value=-1
Extract symbols: sym=a17_1, value=-1
Extract symbols: sym=b17_2_1, value=-1
Extract symbols: sym=b17_2_2, value=-1
Extract symbols: sym=b17_2_3, value=-1
Extract symbols: sym=b17_2, value=-1
Extract symbols: sym=a18_0_1, value=-1
Extract symbols: sym=a18_0_2, value=-1
Extract symbols: sym=a18_0, value=0
Extract symbols: sym=a18_1_1, value=-1
Extract symbols: sym=a18_1_2, value=-1
Extract symbols: sym=a18_1, value=-1
--------IntUBInject: Inject Int UBs to Block BB7--------------------------------------------
Collected constraints:
(bvsle v5_v0 #b001111111111111111111111111111111)
(bvsge v5_v0 #b110000000000000000000000000000000)
(bvsle v3_v0 #b001111111111111111111111111111111)
(bvsge v3_v0 #b110000000000000000000000000000000)
(bvsle v0_v0 #b001111111111111111111111111111111)
(bvsge v0_v0 #b110000000000000000000000000000000)
(bvsge a7_0_1 #b110000000000000000000000000000000)
(bvsle a7_0_1 #b001111111111111111111111111111111)
(distinct v5_v0 #b000000000000000000000000000000000)
(bvsge a7_0_2 #b110000000000000000000000000000000)
(bvsle a7_0_2 #b001111111111111111111111111111111)
(bvsge a7_0 #b110000000000000000000000000000000)
(bvsle a7_0 #b001111111111111111111111111111111)
(bvsle (bvadd (bvadd (ite (= a7_0_1 #b000000000000000000000000000000000) #b000000000000000000000000000000001 #b000000000000000000000000000000000) (ite (= a7_0_2 #b000000000000000000000000000000000) #b000000000000000000000000000000001 #b000000000000000000000000000000000)) (ite (= a7_0 #b000000000000000000000000000000000) #b000000000000000000000000000000001 #b000000000000000000000000000000000)) #b000000000000000000000000000000001)
(= v7_v1 (bvsub (bvsub a7_0 (bvadd a7_0_2 v3_v0)) (bvsrem a7_0_1 v5_v0)))
(bvsge a7_1_1 #b110000000000000000000000000000000)
(bvsle a7_1_1 #b001111111111111111111111111111111)
(bvsge a7_1_2 #b110000000000000000000000000000000)
(bvsle a7_1_2 #b001111111111111111111111111111111)
(bvsge a7_1 #b110000000000000000000000000000000)
(bvsle a7_1 #b001111111111111111111111111111111)
(bvsle (bvadd (bvadd (ite (= a7_1_1 #b000000000000000000000000000000000) #b000000000000000000000000000000001 #b000000000000000000000000000000000) (ite (= a7_1_2 #b000000000000000000000000000000000) #b000000000000000000000000000000001 #b000000000000000000000000000000000)) (ite (= a7_1 #b000000000000000000000000000000000) #b000000000000000000000000000000001 #b000000000000000000000000000000000)) #b000000000000000000000000000000001)
(= v0_v1 (bvadd (bvadd a7_1 (bvmul a7_1_2 v7_v1)) (bvmul a7_1_1 v0_v0)))
(bvsge b7_2_1 #b110000000000000000000000000000000)
(bvsle b7_2_1 #b001111111111111111111111111111111)
(bvsge b7_2_2 #b110000000000000000000000000000000)
(bvsle b7_2_2 #b001111111111111111111111111111111)
(distinct v0_v1 #b000000000000000000000000000000000)
(bvsge b7_2_3 #b110000000000000000000000000000000)
(bvsle b7_2_3 #b001111111111111111111111111111111)
(distinct v6_v0 #b000000000000000000000000000000000)
(bvsge b7_2 #b110000000000000000000000000000000)
(bvsle b7_2 #b001111111111111111111111111111111)
(bvsle (bvadd (bvadd (bvadd (ite (= b7_2_1 #b000000000000000000000000000000000) #b000000000000000000000000000000001 #b000000000000000000000000000000000) (ite (= b7_2_2 #b000000000000000000000000000000000) #b000000000000000000000000000000001 #b000000000000000000000000000000000)) (ite (= b7_2_3 #b000000000000000000000000000000000) #b000000000000000000000000000000001 #b000000000000000000000000000000000)) (ite (= b7_2 #b000000000000000000000000000000000) #b000000000000000000000000000000001 #b000000000000000000000000000000000)) #b000000000000000000000000000000010)
(let ((_let0 (bvsub (bvsub a7_0 (bvadd a7_0_2 v3_v0)) (bvsrem a7_0_1 v5_v0)))) (let ((_let1 (bvadd (bvadd a7_1 (bvmul a7_1_2 v7_v1)) (bvmul a7_1_1 v0_v0)))) (let ((_let2 (bvsub (bvsub (bvsub b7_2 (bvsrem b7_2_3 v6_v0)) (bvsrem b7_2_2 v0_v1)) (bvadd b7_2_1 v7_v1)))) (or (or (or false (or (bvsgt _let0 #b001111111111111111111111111111111) (bvslt _let0 #b110000000000000000000000000000000))) (or (bvsgt _let1 #b001111111111111111111111111111111) (bvslt _let1 #b110000000000000000000000000000000))) (or (bvsgt _let2 #b001111111111111111111111111111111) (bvslt _let2 #b110000000000000000000000000000000))))))
SAT
Adding initializations to ensure undefined behaviors
Let variable: var=v5, value=1
Let variable: var=v3, value=-33554432
Let variable: var=v0, value=-1090519039
Let symbol: sym=a7_0_1, value=1
Let symbol: sym=a7_0_2, value=1
Let symbol: sym=a7_0, value=0
Let symbol: sym=a7_1_1, value=1
Let symbol: sym=a7_1_2, value=1
Let symbol: sym=a7_1, value=1056964609
Let symbol: sym=b7_2_1, value=2113929218
Let symbol: sym=b7_2_2, value=1
Let symbol: sym=b7_2_3, value=0
Let symbol: sym=b7_2, value=0
--------IntUBInject: Inject Int UBs to Block BB15--------------------------------------------
Collected constraints:
(bvsle v0_v0 #b001111111111111111111111111111111)
(bvsge v0_v0 #b110000000000000000000000000000000)
(bvsle v5_v0 #b001111111111111111111111111111111)
(bvsge v5_v0 #b110000000000000000000000000000000)
(bvsle v7_v0 #b001111111111111111111111111111111)
(bvsge v7_v0 #b110000000000000000000000000000000)
(bvsge v4_f0_v0 #b110000000000000000000000000000000)
(bvsle v4_f0_v0 #b001111111111111111111111111111111)
(bvsge a15_0_1 #b110000000000000000000000000000000)
(bvsle a15_0_1 #b001111111111111111111111111111111)
(bvsge a15_0_2 #b110000000000000000000000000000000)
(bvsle a15_0_2 #b001111111111111111111111111111111)
(bvsge a15_0 #b110000000000000000000000000000000)
(bvsle a15_0 #b001111111111111111111111111111111)
(bvsle (bvadd (bvadd (ite (= a15_0_1 #b000000000000000000000000000000000) #b000000000000000000000000000000001 #b000000000000000000000000000000000) (ite (= a15_0_2 #b000000000000000000000000000000000) #b000000000000000000000000000000001 #b000000000000000000000000000000000)) (ite (= a15_0 #b000000000000000000000000000000000) #b000000000000000000000000000000001 #b000000000000000000000000000000000)) #b000000000000000000000000000000001)
(= v6_v1 (bvsub (bvsub a15_0 (bvadd a15_0_2 v5_v0)) (bvmul a15_0_1 v0_v0)))
(bvsge a15_1_1 #b110000000000000000000000000000000)
(bvsle a15_1_1 #b001111111111111111111111111111111)
(distinct v7_v0 #b000000000000000000000000000000000)
(bvsge a15_1_2 #b110000000000000000000000000000000)
(bvsle a15_1_2 #b001111111111111111111111111111111)
(bvsge a15_1 #b110000000000000000000000000000000)
(bvsle a15_1 #b001111111111111111111111111111111)
(bvsle (bvadd (bvadd (ite (= a15_1_1 #b000000000000000000000000000000000) #b000000000000000000000000000000001 #b000000000000000000000000000000000) (ite (= a15_1_2 #b000000000000000000000000000000000) #b000000000000000000000000000000001 #b000000000000000000000000000000000)) (ite (= a15_1 #b000000000000000000000000000000000) #b000000000000000000000000000000001 #b000000000000000000000000000000000)) #b000000000000000000000000000000001)
(= v5_v1 (bvadd (bvadd a15_1 (bvmul a15_1_2 v4_f0_v0)) (bvsdiv a15_1_1 v7_v0)))
(bvsge b15_2_1 #b110000000000000000000000000000000)
(bvsle b15_2_1 #b001111111111111111111111111111111)
(bvsge b15_2_2 #b110000000000000000000000000000000)
(bvsle b15_2_2 #b001111111111111111111111111111111)
(bvsge b15_2_3 #b110000000000000000000000000000000)
(bvsle b15_2_3 #b001111111111111111111111111111111)
(bvsge b15_2 #b110000000000000000000000000000000)
(bvsle b15_2 #b001111111111111111111111111111111)
(bvsle (bvadd (bvadd (bvadd (ite (= b15_2_1 #b000000000000000000000000000000000) #b000000000000000000000000000000001 #b000000000000000000000000000000000) (ite (= b15_2_2 #b000000000000000000000000000000000) #b000000000000000000000000000000001 #b000000000000000000000000000000000)) (ite (= b15_2_3 #b000000000000000000000000000000000) #b000000000000000000000000000000001 #b000000000000000000000000000000000)) (ite (= b15_2 #b000000000000000000000000000000000) #b000000000000000000000000000000001 #b000000000000000000000000000000000)) #b000000000000000000000000000000010)
(let ((_let0 (bvsub (bvsub a15_0 (bvadd a15_0_2 v5_v0)) (bvmul a15_0_1 v0_v0)))) (let ((_let1 (bvadd (bvadd a15_1 (bvmul a15_1_2 v4_f0_v0)) (bvsdiv a15_1_1 v7_v0)))) (let ((_let2 (bvsub (bvsub (bvsub b15_2 (bvadd b15_2_3 v7_v0)) (bvmul b15_2_2 v5_v1)) (bvsub b15_2_1 v6_v1)))) (or (or (or false (or (bvsgt _let0 #b001111111111111111111111111111111) (bvslt _let0 #b110000000000000000000000000000000))) (or (bvsgt _let1 #b001111111111111111111111111111111) (bvslt _let1 #b110000000000000000000000000000000))) (or (bvsgt _let2 #b001111111111111111111111111111111) (bvslt _let2 #b110000000000000000000000000000000))))))
SAT
Adding initializations to ensure undefined behaviors
Let variable: var=v0, value=-2147483648
Let variable: var=v5, value=-2113395329
Let variable: var=v7, value=2147483646
Let variable: var=v4_f0, value=-1073741823
Let symbol: sym=a15_0_1, value=1
Let symbol: sym=a15_0_2, value=-1073741823
Let symbol: sym=a15_0, value=-502782592
Let symbol: sym=a15_1_1, value=-1
Let symbol: sym=a15_1_2, value=1
Let symbol: sym=a15_1, value=-2147483648
Let symbol: sym=b15_2_1, value=-2147483648
Let symbol: sym=b15_2_2, value=1
Let symbol: sym=b15_2_3, value=1
Let symbol: sym=b15_2, value=536870910
Define symbols: sym=a1_0_1, val=1237462501 (for unexecuted basic blocks)
Define symbols: sym=a1_0_2, val=-1472242654 (for unexecuted basic blocks)
Define symbols: sym=a1_0, val=-1953108123 (for unexecuted basic blocks)
Define symbols: sym=a1_1_1, val=2076952501 (for unexecuted basic blocks)
Define symbols: sym=a1_1_2, val=-950159521 (for unexecuted basic blocks)
Define symbols: sym=a1_1, val=-905012564 (for unexecuted basic blocks)
Define symbols: sym=b1_2_1, val=1059123889 (for unexecuted basic blocks)
Define symbols: sym=b1_2_2, val=-420308839 (for unexecuted basic blocks)
Define symbols: sym=b1_2_3, val=-743118391 (for unexecuted basic blocks)
Define symbols: sym=b1_2, val=-1932131638 (for unexecuted basic blocks)
Define symbols: sym=a2_0_1, val=-818419395 (for unexecuted basic blocks)
Define symbols: sym=a2_0_2, val=759008200 (for unexecuted basic blocks)
Define symbols: sym=a2_0, val=-289419130 (for unexecuted basic blocks)
Define symbols: sym=a2_1_1, val=-1306816776 (for unexecuted basic blocks)
Define symbols: sym=a2_1_2, val=1802621175 (for unexecuted basic blocks)
Define symbols: sym=a2_1, val=914524818 (for unexecuted basic blocks)
Define symbols: sym=b2_2_1, val=1728305536 (for unexecuted basic blocks)
Define symbols: sym=b2_2_2, val=-1275137508 (for unexecuted basic blocks)
Define symbols: sym=b2_2_3, val=-745011535 (for unexecuted basic blocks)
Define symbols: sym=b2_2, val=1530250905 (for unexecuted basic blocks)
Define symbols: sym=a3_0_1, val=-206932460 (for unexecuted basic blocks)
Define symbols: sym=a3_0_2, val=-1003078794 (for unexecuted basic blocks)
Define symbols: sym=a3_0, val=-1931117497 (for unexecuted basic blocks)
Define symbols: sym=a3_1_1, val=1920354707 (for unexecuted basic blocks)
Define symbols: sym=a3_1_2, val=796096759 (for unexecuted basic blocks)
Define symbols: sym=a3_1, val=-536230060 (for unexecuted basic blocks)
Define symbols: sym=b3_2_1, val=-606105036 (for unexecuted basic blocks)
Define symbols: sym=b3_2_2, val=736302633 (for unexecuted basic blocks)
Define symbols: sym=b3_2_3, val=1705940351 (for unexecuted basic blocks)
Define symbols: sym=b3_2, val=-115032751 (for unexecuted basic blocks)
Define symbols: sym=a4_0_1, val=1734720911 (for unexecuted basic blocks)
Define symbols: sym=a4_0_2, val=1638136572 (for unexecuted basic blocks)
Define symbols: sym=a4_0, val=-1695264905 (for unexecuted basic blocks)
Define symbols: sym=a4_1_1, val=-1853710800 (for unexecuted basic blocks)
Define symbols: sym=a4_1_2, val=-385325189 (for unexecuted basic blocks)
Define symbols: sym=a4_1, val=2105625893 (for unexecuted basic blocks)
Define symbols: sym=b4_2_1, val=-409927241 (for unexecuted basic blocks)
Define symbols: sym=b4_2_2, val=883032260 (for unexecuted basic blocks)
Define symbols: sym=b4_2_3, val=-1298438484 (for unexecuted basic blocks)
Define symbols: sym=b4_2, val=-1229279163 (for unexecuted basic blocks)
Define symbols: sym=a5_0_1, val=1561472657 (for unexecuted basic blocks)
Define symbols: sym=a5_0_2, val=1557988159 (for unexecuted basic blocks)
Define symbols: sym=a5_0, val=1294681403 (for unexecuted basic blocks)
Define symbols: sym=a5_1_1, val=-899510657 (for unexecuted basic blocks)
Define symbols: sym=a5_1_2, val=-2099932455 (for unexecuted basic blocks)
Define symbols: sym=a5_1, val=-1351439203 (for unexecuted basic blocks)
Define symbols: sym=b5_2_1, val=-1215476726 (for unexecuted basic blocks)
Define symbols: sym=b5_2_2, val=-636330629 (for unexecuted basic blocks)
Define symbols: sym=b5_2_3, val=1954807132 (for unexecuted basic blocks)
Define symbols: sym=b5_2, val=595619142 (for unexecuted basic blocks)
Define symbols: sym=a6_0_1, val=-311438305 (for unexecuted basic blocks)
Define symbols: sym=a6_0_2, val=1903027276 (for unexecuted basic blocks)
Define symbols: sym=a6_0, val=-328134524 (for unexecuted basic blocks)
Define symbols: sym=a6_1_1, val=136013700 (for unexecuted basic blocks)
Define symbols: sym=a6_1_2, val=-1370026456 (for unexecuted basic blocks)
Define symbols: sym=a6_1, val=-1554141180 (for unexecuted basic blocks)
Define symbols: sym=b6_2_1, val=-1292745966 (for unexecuted basic blocks)
Define symbols: sym=b6_2_2, val=676355735 (for unexecuted basic blocks)
Define symbols: sym=b6_2_3, val=-2003657675 (for unexecuted basic blocks)
Define symbols: sym=b6_2, val=-131330338 (for unexecuted basic blocks)
Define symbols: sym=a8_0_1, val=-14583513 (for unexecuted basic blocks)
Define symbols: sym=a8_0_2, val=1851209006 (for unexecuted basic blocks)
Define symbols: sym=a8_0, val=-130371982 (for unexecuted basic blocks)
Define symbols: sym=a8_1_1, val=651945271 (for unexecuted basic blocks)
Define symbols: sym=a8_1_2, val=315797476 (for unexecuted basic blocks)
Define symbols: sym=a8_1, val=-816220088 (for unexecuted basic blocks)
Define symbols: sym=b8_2_1, val=937793381 (for unexecuted basic blocks)
Define symbols: sym=b8_2_2, val=2104489527 (for unexecuted basic blocks)
Define symbols: sym=b8_2_3, val=1741473373 (for unexecuted basic blocks)
Define symbols: sym=b8_2, val=660223798 (for unexecuted basic blocks)
Define symbols: sym=a9_0_1, val=-383781513 (for unexecuted basic blocks)
Define symbols: sym=a9_0_2, val=1342470886 (for unexecuted basic blocks)
Define symbols: sym=a9_0, val=1335161790 (for unexecuted basic blocks)
Define symbols: sym=a9_1_1, val=-1718379893 (for unexecuted basic blocks)
Define symbols: sym=a9_1_2, val=660929503 (for unexecuted basic blocks)
Define symbols: sym=a9_1, val=-970341463 (for unexecuted basic blocks)
Define symbols: sym=a10_0_1, val=1186954278 (for unexecuted basic blocks)
Define symbols: sym=a10_0_2, val=1052188923 (for unexecuted basic blocks)
Define symbols: sym=a10_0, val=658263050 (for unexecuted basic blocks)
Define symbols: sym=a10_1_1, val=-1136366185 (for unexecuted basic blocks)
Define symbols: sym=a10_1_2, val=1781723444 (for unexecuted basic blocks)
Define symbols: sym=a10_1, val=-547653897 (for unexecuted basic blocks)
Define symbols: sym=a11_0_1, val=2144262118 (for unexecuted basic blocks)
Define symbols: sym=a11_0_2, val=-49993148 (for unexecuted basic blocks)
Define symbols: sym=a11_0, val=535190846 (for unexecuted basic blocks)
Define symbols: sym=a11_1_1, val=-1795318012 (for unexecuted basic blocks)
Define symbols: sym=a11_1_2, val=-494583176 (for unexecuted basic blocks)
Define symbols: sym=a11_1, val=904846186 (for unexecuted basic blocks)
Define symbols: sym=a12_0_1, val=-863253625 (for unexecuted basic blocks)
Define symbols: sym=a12_0_2, val=-2047906896 (for unexecuted basic blocks)
Define symbols: sym=a12_0, val=-586080049 (for unexecuted basic blocks)
Define symbols: sym=a12_1_1, val=-314657482 (for unexecuted basic blocks)
Define symbols: sym=a12_1_2, val=763769346 (for unexecuted basic blocks)
Define symbols: sym=a12_1, val=1970116671 (for unexecuted basic blocks)
Define symbols: sym=b12_2_1, val=-472354563 (for unexecuted basic blocks)
Define symbols: sym=b12_2_2, val=845058567 (for unexecuted basic blocks)
Define symbols: sym=b12_2_3, val=-1442446060 (for unexecuted basic blocks)
Define symbols: sym=b12_2, val=-144402546 (for unexecuted basic blocks)
Define symbols: sym=a13_0_1, val=-754149755 (for unexecuted basic blocks)
Define symbols: sym=a13_0_2, val=-2114387083 (for unexecuted basic blocks)
Define symbols: sym=a13_0, val=1609171386 (for unexecuted basic blocks)
Define symbols: sym=a13_1_1, val=-2098263740 (for unexecuted basic blocks)
Define symbols: sym=a13_1_2, val=-105709447 (for unexecuted basic blocks)
Define symbols: sym=a13_1, val=-733413580 (for unexecuted basic blocks)
Define symbols: sym=b13_2_1, val=2024022488 (for unexecuted basic blocks)
Define symbols: sym=b13_2_2, val=848753562 (for unexecuted basic blocks)
Define symbols: sym=b13_2_3, val=993405509 (for unexecuted basic blocks)
Define symbols: sym=b13_2, val=-1857569249 (for unexecuted basic blocks)
Define symbols: sym=a14_0_1, val=184527125 (for unexecuted basic blocks)
Define symbols: sym=a14_0_2, val=-1959544002 (for unexecuted basic blocks)
Define symbols: sym=a14_0, val=1746419724 (for unexecuted basic blocks)
Define symbols: sym=a14_1_1, val=-1860099730 (for unexecuted basic blocks)
Define symbols: sym=a14_1_2, val=626886301 (for unexecuted basic blocks)
Define symbols: sym=a14_1, val=-293867016 (for unexecuted basic blocks)
Define symbols: sym=b14_2_1, val=-1885100265 (for unexecuted basic blocks)
Define symbols: sym=b14_2_2, val=-1873368553 (for unexecuted basic blocks)
Define symbols: sym=b14_2_3, val=702140773 (for unexecuted basic blocks)
Define symbols: sym=b14_2, val=-566759059 (for unexecuted basic blocks)
Extract initialization: param=v0, value=-1
Extract initialization: param=v1, value=-1
Extract initialization: param=v2, value=-1
Extract initialization: param=v3, value=-1
Extract initialization: param=v4, value=-1
Extract initialization: param=v5, value=-1
Extract finalization: param=v0, value=-1
Extract finalization: param=v1, value=-1
Extract finalization: param=v2, value=-1
Extract finalization: param=v3, value=-1
Extract finalization: param=v4, value=-1
Extract finalization: param=v5, value=-1
------SymExec: Iteration 1----------------------------------------------
Generating or re-generating UB-free constraints
Initial constraints: 
```
(bvsle (bvadd (bvadd (bvadd (bvadd (bvadd (ite (= v0_v0 #b00000000000000000000000000000000) #b00000000000000000000000000000001 #b00000000000000000000000000000000) (ite (= v1_f0_v0 #b00000000000000000000000000000000) #b00000000000000000000000000000001 #b00000000000000000000000000000000)) (ite (= v2_v0 #b00000000000000000000000000000000) #b00000000000000000000000000000001 #b00000000000000000000000000000000)) (ite (= v3_v0 #b00000000000000000000000000000000) #b00000000000000000000000000000001 #b00000000000000000000000000000000)) (ite (= v4_f0_v0 #b00000000000000000000000000000000) #b00000000000000000000000000000001 #b00000000000000000000000000000000)) (ite (= v5_v0 #b00000000000000000000000000000000) #b00000000000000000000000000000001 #b00000000000000000000000000000000)) #b00000000000000000000000000000011)
```
Final constraints: 
```
(bvsle (bvadd (bvadd (bvadd (bvadd (bvadd (ite (= v0_v0 #b00000000000000000000000000000000) #b00000000000000000000000000000001 #b00000000000000000000000000000000) (ite (= v1_f0_v0 #b00000000000000000000000000000000) #b00000000000000000000000000000001 #b00000000000000000000000000000000)) (ite (= v2_v0 #b00000000000000000000000000000000) #b00000000000000000000000000000001 #b00000000000000000000000000000000)) (ite (= v3_v0 #b00000000000000000000000000000000) #b00000000000000000000000000000001 #b00000000000000000000000000000000)) (ite (= v4_f0_v0 #b00000000000000000000000000000000) #b00000000000000000000000000000001 #b00000000000000000000000000000000)) (ite (= v5_v0 #b00000000000000000000000000000000) #b00000000000000000000000000000001 #b00000000000000000000000000000000)) #b00000000000000000000000000000011)
(= v6_v0 #b11111111111111111111111111111111)
(= v7_v0 #b00000000000000000000000000000000)
(distinct v2_v0 #b00000000000000000000000000000000)
(not (bvsdivo #b11111111111111111111111111111111 v2_v0))
(not (bvssubo #b00000000000000000000000000000001 v6_v0))
(not (bvssubo (bvsrem #b11111111111111111111111111111111 v2_v0) (bvsub #b00000000000000000000000000000001 v6_v0)))
(not (bvssubo (bvsub (bvsrem #b11111111111111111111111111111111 v2_v0) (bvsub #b00000000000000000000000000000001 v6_v0)) #b11111111111111111111111111111111))
(let ((_let0 (ite (= #b11111111111111111111111111111111 #b00000000000000000000000000000000) #b00000000000000000000000000000001 #b00000000000000000000000000000000))) (bvsle (bvadd (bvadd _let0 (ite (= #b00000000000000000000000000000001 #b00000000000000000000000000000000) #b00000000000000000000000000000001 #b00000000000000000000000000000000)) _let0) #b00000000000000000000000000000001))
(= v5_v1 (bvsub (bvsub (bvsrem #b11111111111111111111111111111111 v2_v0) (bvsub #b00000000000000000000000000000001 v6_v0)) #b11111111111111111111111111111111))
(not (bvsaddo #b11111111111111111111111111111111 v3_v0))
(distinct v6_v0 #b00000000000000000000000000000000)
(not (bvsdivo #b11111111111111111111111111111111 v6_v0))
(not (bvssubo (bvadd #b11111111111111111111111111111111 v3_v0) (bvsrem #b11111111111111111111111111111111 v6_v0)))
(not (bvssubo (bvsub (bvadd #b11111111111111111111111111111111 v3_v0) (bvsrem #b11111111111111111111111111111111 v6_v0)) #b11111111111111111111111111111111))
(let ((_let0 (ite (= #b11111111111111111111111111111111 #b00000000000000000000000000000000) #b00000000000000000000000000000001 #b00000000000000000000000000000000))) (bvsle (bvadd (bvadd _let0 _let0) _let0) #b00000000000000000000000000000001))
(= v7_v1 (bvsub (bvsub (bvadd #b11111111111111111111111111111111 v3_v0) (bvsrem #b11111111111111111111111111111111 v6_v0)) #b11111111111111111111111111111111))
(not (bvssubo #b11111111111111111111111111111111 v2_v0))
(not (bvssubo #b11111111111111111111111111111111 v4_f0_v0))
(not (bvsaddo (bvsub #b11111111111111111111111111111111 v2_v0) (bvsub #b11111111111111111111111111111111 v4_f0_v0)))
(not (bvsaddo (bvadd (bvsub #b11111111111111111111111111111111 v2_v0) (bvsub #b11111111111111111111111111111111 v4_f0_v0)) #b11111111111111111111111111111111))
(= v7_v2 (bvadd (bvadd (bvsub #b11111111111111111111111111111111 v2_v0) (bvsub #b11111111111111111111111111111111 v4_f0_v0)) #b11111111111111111111111111111111))
(not (bvssubo #b11111111111111111111111111111011 v7_v2))
(not (bvsaddo #b11111111111111111111111111111111 v0_v0))
(not (bvssubo (bvsub #b11111111111111111111111111111011 v7_v2) (bvadd #b11111111111111111111111111111111 v0_v0)))
(not (bvssubo (bvsub (bvsub #b11111111111111111111111111111011 v7_v2) (bvadd #b11111111111111111111111111111111 v0_v0)) #b11111111111111111111111111111111))
(let ((_let0 (ite (= #b11111111111111111111111111111111 #b00000000000000000000000000000000) #b00000000000000000000000000000001 #b00000000000000000000000000000000))) (bvsle (bvadd (bvadd (ite (= #b11111111111111111111111111111011 #b00000000000000000000000000000000) #b00000000000000000000000000000001 #b00000000000000000000000000000000) _let0) _let0) #b00000000000000000000000000000001))
(= v5_v2 (bvsub (bvsub (bvsub #b11111111111111111111111111111011 v7_v2) (bvadd #b11111111111111111111111111111111 v0_v0)) #b11111111111111111111111111111111))
(distinct v7_v2 #b00000000000000000000000000000000)
(not (bvsdivo #b11111111111111111111111111111111 v7_v2))
(not (bvsaddo #b11111111111111111111111111111111 v5_v2))
(not (bvssubo (bvsrem #b11111111111111111111111111111111 v7_v2) (bvadd #b11111111111111111111111111111111 v5_v2)))
(not (bvssubo #b11111111111111111111111111111111 v0_v0))
(not (bvssubo (bvsub (bvsrem #b11111111111111111111111111111111 v7_v2) (bvadd #b11111111111111111111111111111111 v5_v2)) (bvsub #b11111111111111111111111111111111 v0_v0)))
(not (bvssubo (bvsub (bvsub (bvsrem #b11111111111111111111111111111111 v7_v2) (bvadd #b11111111111111111111111111111111 v5_v2)) (bvsub #b11111111111111111111111111111111 v0_v0)) #b11111111111111111111111111111111))
(let ((_let0 (ite (= #b11111111111111111111111111111111 #b00000000000000000000000000000000) #b00000000000000000000000000000001 #b00000000000000000000000000000000))) (bvsle (bvadd (bvadd (bvadd _let0 _let0) _let0) _let0) #b00000000000000000000000000000010))
(not (bvslt (bvsub (bvsub (bvsub (bvsrem #b11111111111111111111111111111111 v7_v2) (bvadd #b11111111111111111111111111111111 v5_v2)) (bvsub #b11111111111111111111111111111111 v0_v0)) #b11111111111111111111111111111111) #b00000000000000000000000000000000))
(distinct v3_v0 #b00000000000000000000000000000000)
(not (bvsdivo #b11111111111111111111111111111111 v3_v0))
(not (bvsaddo (bvsdiv #b11111111111111111111111111111111 v2_v0) (bvsdiv #b11111111111111111111111111111111 v3_v0)))
(not (bvsaddo (bvadd (bvsdiv #b11111111111111111111111111111111 v2_v0) (bvsdiv #b11111111111111111111111111111111 v3_v0)) #b11111111111111111111111111111111))
(= v6_v1 (bvadd (bvadd (bvsdiv #b11111111111111111111111111111111 v2_v0) (bvsdiv #b11111111111111111111111111111111 v3_v0)) #b11111111111111111111111111111111))
(not (bvssubo #b11111111111111111111111111111101 v0_v0))
(not (bvssubo (bvsub #b11111111111111111111111111111101 v0_v0) (bvsub #b11111111111111111111111111111111 v2_v0)))
(not (bvssubo (bvsub (bvsub #b11111111111111111111111111111101 v0_v0) (bvsub #b11111111111111111111111111111111 v2_v0)) #b11111111111111111111111111111111))
(let ((_let0 (ite (= #b11111111111111111111111111111111 #b00000000000000000000000000000000) #b00000000000000000000000000000001 #b00000000000000000000000000000000))) (bvsle (bvadd (bvadd (ite (= #b11111111111111111111111111111101 #b00000000000000000000000000000000) #b00000000000000000000000000000001 #b00000000000000000000000000000000) _let0) _let0) #b00000000000000000000000000000001))
(= v1_f0_v1 (bvsub (bvsub (bvsub #b11111111111111111111111111111101 v0_v0) (bvsub #b11111111111111111111111111111111 v2_v0)) #b11111111111111111111111111111111))
(distinct v6_v1 #b00000000000000000000000000000000)
(not (bvsdivo #b11111111111111111111111111111111 v6_v1))
(not (bvsmulo #b11111111111111111111111111111111 v1_f0_v1))
(not (bvssubo (bvsrem #b11111111111111111111111111111111 v6_v1) (bvmul #b11111111111111111111111111111111 v1_f0_v1)))
(not (bvssubo (bvsub (bvsrem #b11111111111111111111111111111111 v6_v1) (bvmul #b11111111111111111111111111111111 v1_f0_v1)) (bvsub #b11111111111111111111111111111111 v4_f0_v0)))
(not (bvssubo (bvsub (bvsub (bvsrem #b11111111111111111111111111111111 v6_v1) (bvmul #b11111111111111111111111111111111 v1_f0_v1)) (bvsub #b11111111111111111111111111111111 v4_f0_v0)) #b11111111111111111111111111111111))
(not (bvslt (bvsub (bvsub (bvsub (bvsrem #b11111111111111111111111111111111 v6_v1) (bvmul #b11111111111111111111111111111111 v1_f0_v1)) (bvsub #b11111111111111111111111111111111 v4_f0_v0)) #b11111111111111111111111111111111) #b00000000000000000000000000000000))
(distinct v4_f0_v0 #b00000000000000000000000000000000)
(not (bvsdivo #b11111111111111111111111111111111 v4_f0_v0))
(not (bvssubo (bvsrem #b11111111111111111111111111111111 v4_f0_v0) (bvsdiv #b11111111111111111111111111111111 v3_v0)))
(not (bvssubo (bvsub (bvsrem #b11111111111111111111111111111111 v4_f0_v0) (bvsdiv #b11111111111111111111111111111111 v3_v0)) #b00000000000000000000000000000000))
(let ((_let0 (ite (= #b11111111111111111111111111111111 #b00000000000000000000000000000000) #b00000000000000000000000000000001 #b00000000000000000000000000000000))) (bvsle (bvadd (bvadd _let0 _let0) (ite (= #b00000000000000000000000000000000 #b00000000000000000000000000000000) #b00000000000000000000000000000001 #b00000000000000000000000000000000)) #b00000000000000000000000000000001))
(= v5_v3 (bvsub (bvsub (bvsrem #b11111111111111111111111111111111 v4_f0_v0) (bvsdiv #b11111111111111111111111111111111 v3_v0)) #b00000000000000000000000000000000))
(not (bvsaddo #b11111111111111111111111111111111 v4_f0_v0))
(distinct v5_v3 #b00000000000000000000000000000000)
(not (bvsdivo #b11111111111111111111111111111111 v5_v3))
(not (bvssubo (bvadd #b11111111111111111111111111111111 v4_f0_v0) (bvsrem #b11111111111111111111111111111111 v5_v3)))
(not (bvssubo (bvsub (bvadd #b11111111111111111111111111111111 v4_f0_v0) (bvsrem #b11111111111111111111111111111111 v5_v3)) #b11111111111111111111111111111111))
(= v4_f0_v1 (bvsub (bvsub (bvadd #b11111111111111111111111111111111 v4_f0_v0) (bvsrem #b11111111111111111111111111111111 v5_v3)) #b11111111111111111111111111111111))
(bvsle (bvadd (bvadd (bvadd (bvadd (bvadd (ite (= (ite (distinct v0_v0 #b11111111111111111111111111111111) #b00000000000000000000000000000001 #b00000000000000000000000000000000) #b00000000000000000000000000000000) #b00000000000000000000000000000001 #b00000000000000000000000000000000) (ite (= (ite (distinct v1_f0_v0 #b11111111111111111111111111111111) #b00000000000000000000000000000001 #b00000000000000000000000000000000) #b00000000000000000000000000000000) #b00000000000000000000000000000001 #b00000000000000000000000000000000)) (ite (= (ite (distinct v2_v0 #b11111111111111111111111111111111) #b00000000000000000000000000000001 #b00000000000000000000000000000000) #b00000000000000000000000000000000) #b00000000000000000000000000000001 #b00000000000000000000000000000000)) (ite (= (ite (distinct v3_v0 #b11111111111111111111111111111111) #b00000000000000000000000000000001 #b00000000000000000000000000000000) #b00000000000000000000000000000000) #b00000000000000000000000000000001 #b00000000000000000000000000000000)) (ite (= (ite (distinct v4_f0_v0 #b11111111111111111111111111111111) #b00000000000000000000000000000001 #b00000000000000000000000000000000) #b00000000000000000000000000000000) #b00000000000000000000000000000001 #b00000000000000000000000000000000)) (ite (= (ite (distinct v5_v0 #b11111111111111111111111111111111) #b00000000000000000000000000000001 #b00000000000000000000000000000000) #b00000000000000000000000000000000) #b00000000000000000000000000000001 #b00000000000000000000000000000000)) #b00000000000000000000000000000011)
```
Constraint stats: asserted=67 addCalls=77 skippedTrue=0 deduped=10 ensureInRangeCalls=79 boundedAlready=0 uniqueConstraintIds=67 uniqueBoundedIds=0 (solverAsserted=0)
Bitwuzla check_sat time: 61ms
Bitwuzla statistics: preprocess::contradicting_ands::num_substs=0 preprocess::contradicting_ands::time_apply=0ms preprocess::elim_extract::num_elim=0 preprocess::elim_extract::time_apply=0ms preprocess::elim_lambda::time_apply=0ms preprocess::elim_udiv::num_eliminated=0 preprocess::elim_udiv::time_apply=0ms preprocess::embedded_constraints::num_substs=3 preprocess::embedded_constraints::time_apply=0ms preprocess::flatten_and::num_assertions=24 preprocess::flatten_and::num_flattened=12 preprocess::flatten_and::time_apply=0ms preprocess::lambda::num_elim=0 preprocess::normalize::num_common_normalizations=0 preprocess::normalize::num_normalizations=64 preprocess::normalize::num_normalized_assertions=0 preprocess::normalize::num_pass1=0 preprocess::normalize::num_pass2=0 preprocess::normalize::time_adder_chains=0ms preprocess::normalize::time_apply=10ms preprocess::normalize::time_compute_occs=0ms preprocess::normalize::time_normalize_add=0ms preprocess::normalize::time_normalize_mul=0ms preprocess::normalize::time_score=7ms preprocess::rewrite::time_apply=0ms preprocess::skeleton_preproc::cnf::clauses=228 preprocess::skeleton_preproc::cnf::lits=464 preprocess::skeleton_preproc::new_assertions=0 preprocess::skeleton_preproc::resets=1 preprocess::skeleton_preproc::time_apply=0ms preprocess::skeleton_preproc::time_encode=0ms preprocess::skeleton_preproc::time_fixed=0ms preprocess::skeleton_preproc::time_sat=0ms preprocess::uninterpreted::num_substs=0 preprocess::uninterpreted::time_apply=0ms preprocess::varsubst::normalize_bv_ineq::num_slt=0 preprocess::varsubst::normalize_bv_ineq::num_ult=0 preprocess::varsubst::normalize_eq::num_bv_concat=0 preprocess::varsubst::normalize_eq::num_gauss_elim=1 preprocess::varsubst::normalize_eq::num_linear_eq=1 preprocess::varsubst::num_substs=10 preprocess::varsubst::time_apply=0ms preprocess::varsubst::time_direct_cycle_check=0ms preprocess::varsubst::time_find_substitution=0ms preprocess::varsubst::time_find_vars=0ms preprocess::varsubst::time_register=0ms preprocess::varsubst::time_remove_cycles=0ms preprocess::varsubst::time_substitute=0ms preprocessor::num_iterations=2 preprocessor::time_preprocess=13ms preprocessor::time_process=0ms rewriter::(normalize)::num_evals=0 rewriter::(normalize)::num_rewrites=211 rewriter::(normalize)::rewrite::BV_ADD_CONST=7 rewriter::(normalize)::rewrite::BV_ADD_EVAL=7 rewriter::(normalize)::rewrite::BV_ADD_SPECIAL_CONST=13 rewriter::(normalize)::rewrite::BV_MUL_EVAL=3 rewriter::(normalize)::rewrite::BV_MUL_ONES=10 rewriter::(normalize)::rewrite::BV_NEG_ELIM=10 rewriter::(normalize)::rewrite::BV_NOT_BV_NOT=24 rewriter::(normalize)::rewrite::EQUAL_CONST_BV_ADD=1 rewriter::(normalize)::rewrite::NORMALIZE_COMM=136 rewriter::num_evals=0 rewriter::num_rewrites=932 rewriter::rewrite::AND_EVAL=1 rewriter::rewrite::AND_SPECIAL_CONST=96 rewriter::rewrite::BV_ADD_CONST=14 rewriter::rewrite::BV_ADD_EVAL=11 rewriter::rewrite::BV_ADD_ITE2=12 rewriter::rewrite::BV_ADD_SPECIAL_CONST=23 rewriter::rewrite::BV_AND_EVAL=1 rewriter::rewrite::BV_AND_SPECIAL_CONST=31 rewriter::rewrite::BV_CONCAT_EVAL=2 rewriter::rewrite::BV_EXTRACT_ADD_MUL=6 rewriter::rewrite::BV_EXTRACT_EVAL=38 rewriter::rewrite::BV_EXTRACT_FULL=1 rewriter::rewrite::BV_MUL_ONE=1 rewriter::rewrite::BV_MUL_ONES=2 rewriter::rewrite::BV_MUL_POW2=7 rewriter::rewrite::BV_NEG_ELIM=33 rewriter::rewrite::BV_NOT_BV_NEG=4 rewriter::rewrite::BV_NOT_BV_NOT=57 rewriter::rewrite::BV_NOT_EVAL=5 rewriter::rewrite::BV_OR_ELIM=2 rewriter::rewrite::BV_SADDO_ELIM=8 rewriter::rewrite::BV_SDIVO_ELIM=7 rewriter::rewrite::BV_SDIV_ELIM=2 rewriter::rewrite::BV_SHL_CONST=7 rewriter::rewrite::BV_SIGN_EXTEND_ELIM=4 rewriter::rewrite::BV_SLE_ELIM=5 rewriter::rewrite::BV_SLT_EVAL=3 rewriter::rewrite::BV_SMULO_ELIM=1 rewriter::rewrite::BV_SREM_ELIM=6 rewriter::rewrite::BV_SSUBO_ELIM=24 rewriter::rewrite::BV_SUB_ELIM=25 rewriter::rewrite::BV_UREM_EVAL=1 rewriter::rewrite::BV_XOR_EVAL=1 rewriter::rewrite::BV_XOR_SPECIAL_CONST=2 rewriter::rewrite::DISTINCT_ELIM=13 rewriter::rewrite::EQUAL_BV_SUB=2 rewriter::rewrite::EQUAL_CONST_BV_ADD=2 rewriter::rewrite::EQUAL_CONST_BV_NOT=2 rewriter::rewrite::EQUAL_EVAL=13 rewriter::rewrite::EQUAL_ITE_SAME=6 rewriter::rewrite::EQUAL_SPECIAL_CONST=1 rewriter::rewrite::EQUAL_TRUE=7 rewriter::rewrite::ITE_EVAL=12 rewriter::rewrite::NORMALIZE_COMM=329 rewriter::rewrite::NOT_EQUAL_BV1_BOOL=25 rewriter::rewrite::NOT_EVAL=1 rewriter::rewrite::NOT_NOT=38 rewriter::rewrite::OR_ELIM=38 solver::abstract::num_checks=1 solver::abstract::terms::total=0 solver::abstract::time_check=0ms solver::array::equalities=0 solver::array::num_checks=0 solver::array::propagations=0 solver::array::propagations_down=0 solver::array::propagations_up=0 solver::array::selects=0 solver::array::time_check=0ms solver::bv::bitblast::aig::num_ands=58348 solver::bv::bitblast::aig::num_consts=192 solver::bv::bitblast::aig::num_shared=22934 solver::bv::bitblast::aig::time_bitblast=6ms solver::bv::bitblast::cnf::num_clauses=142793 solver::bv::bitblast::cnf::num_literals=349071 solver::bv::bitblast::cnf::num_vars=45728 solver::bv::bitblast::cnf::time_encode=35ms solver::bv::bitblast::sat::time_solve=5ms solver::bv::num_assertions=52 solver::bv::num_checks=1 solver::bv::time_check=40ms solver::engine::lemmas::abstr=0 solver::engine::lemmas::array=0 solver::engine::lemmas::fp=0 solver::engine::lemmas::fun=0 solver::engine::lemmas::quant=0 solver::engine::lemmas::total=0 solver::engine::time_register_term=0ms solver::engine::time_solve=47ms solver::fun::num_checks=1 solver::fun::time_check=0ms solver::quant::mbqi_checks=0 solver::quant::num_lemma_iterations=0 solver::quant::num_lemmas=0 solver::quant::time_check=0ms solver::quant::time_mbqi=0ms solver::quant::time_process=0ms solving_context::max_memory=83849216 solving_context::time_ensure_model=0ms solving_context::time_solve=61ms
SAT
Extract initialization: param=v0, value=0
Extract initialization: param=v1, value=0
Extract initialization: param=v2, value=1
Extract initialization: param=v3, value=1
Extract initialization: param=v4, value=1
Extract initialization: param=v5, value=0
Extract finalization: param=v0, value=0
Extract finalization: param=v1, value=0
Extract finalization: param=v2, value=1
Extract finalization: param=v3, value=1
Extract finalization: param=v4, value=1
Extract finalization: param=v5, value=1
------SymExec: Iteration 2----------------------------------------------
Final constraints: 
```
(bvsle (bvadd (bvadd (bvadd (bvadd (bvadd (ite (= v0_v0 #b00000000000000000000000000000000) #b00000000000000000000000000000001 #b00000000000000000000000000000000) (ite (= v1_f0_v0 #b00000000000000000000000000000000) #b00000000000000000000000000000001 #b00000000000000000000000000000000)) (ite (= v2_v0 #b00000000000000000000000000000000) #b00000000000000000000000000000001 #b00000000000000000000000000000000)) (ite (= v3_v0 #b00000000000000000000000000000000) #b00000000000000000000000000000001 #b00000000000000000000000000000000)) (ite (= v4_f0_v0 #b00000000000000000000000000000000) #b00000000000000000000000000000001 #b00000000000000000000000000000000)) (ite (= v5_v0 #b00000000000000000000000000000000) #b00000000000000000000000000000001 #b00000000000000000000000000000000)) #b00000000000000000000000000000011)
(= v6_v0 #b11111111111111111111111111111111)
(= v7_v0 #b00000000000000000000000000000000)
(distinct v2_v0 #b00000000000000000000000000000000)
(not (bvsdivo #b11111111111111111111111111111111 v2_v0))
(not (bvssubo #b00000000000000000000000000000001 v6_v0))
(not (bvssubo (bvsrem #b11111111111111111111111111111111 v2_v0) (bvsub #b00000000000000000000000000000001 v6_v0)))
(not (bvssubo (bvsub (bvsrem #b11111111111111111111111111111111 v2_v0) (bvsub #b00000000000000000000000000000001 v6_v0)) #b11111111111111111111111111111111))
(let ((_let0 (ite (= #b11111111111111111111111111111111 #b00000000000000000000000000000000) #b00000000000000000000000000000001 #b00000000000000000000000000000000))) (bvsle (bvadd (bvadd _let0 (ite (= #b00000000000000000000000000000001 #b00000000000000000000000000000000) #b00000000000000000000000000000001 #b00000000000000000000000000000000)) _let0) #b00000000000000000000000000000001))
(= v5_v1 (bvsub (bvsub (bvsrem #b11111111111111111111111111111111 v2_v0) (bvsub #b00000000000000000000000000000001 v6_v0)) #b11111111111111111111111111111111))
(not (bvsaddo #b11111111111111111111111111111111 v3_v0))
(distinct v6_v0 #b00000000000000000000000000000000)
(not (bvsdivo #b11111111111111111111111111111111 v6_v0))
(not (bvssubo (bvadd #b11111111111111111111111111111111 v3_v0) (bvsrem #b11111111111111111111111111111111 v6_v0)))
(not (bvssubo (bvsub (bvadd #b11111111111111111111111111111111 v3_v0) (bvsrem #b11111111111111111111111111111111 v6_v0)) #b11111111111111111111111111111111))
(let ((_let0 (ite (= #b11111111111111111111111111111111 #b00000000000000000000000000000000) #b00000000000000000000000000000001 #b00000000000000000000000000000000))) (bvsle (bvadd (bvadd _let0 _let0) _let0) #b00000000000000000000000000000001))
(= v7_v1 (bvsub (bvsub (bvadd #b11111111111111111111111111111111 v3_v0) (bvsrem #b11111111111111111111111111111111 v6_v0)) #b11111111111111111111111111111111))
(not (bvssubo #b11111111111111111111111111111111 v2_v0))
(not (bvssubo #b11111111111111111111111111111111 v4_f0_v0))
(not (bvsaddo (bvsub #b11111111111111111111111111111111 v2_v0) (bvsub #b11111111111111111111111111111111 v4_f0_v0)))
(not (bvsaddo (bvadd (bvsub #b11111111111111111111111111111111 v2_v0) (bvsub #b11111111111111111111111111111111 v4_f0_v0)) #b11111111111111111111111111111111))
(= v7_v2 (bvadd (bvadd (bvsub #b11111111111111111111111111111111 v2_v0) (bvsub #b11111111111111111111111111111111 v4_f0_v0)) #b11111111111111111111111111111111))
(not (bvssubo #b11111111111111111111111111111011 v7_v2))
(not (bvsaddo #b11111111111111111111111111111111 v0_v0))
(not (bvssubo (bvsub #b11111111111111111111111111111011 v7_v2) (bvadd #b11111111111111111111111111111111 v0_v0)))
(not (bvssubo (bvsub (bvsub #b11111111111111111111111111111011 v7_v2) (bvadd #b11111111111111111111111111111111 v0_v0)) #b11111111111111111111111111111111))
(let ((_let0 (ite (= #b11111111111111111111111111111111 #b00000000000000000000000000000000) #b00000000000000000000000000000001 #b00000000000000000000000000000000))) (bvsle (bvadd (bvadd (ite (= #b11111111111111111111111111111011 #b00000000000000000000000000000000) #b00000000000000000000000000000001 #b00000000000000000000000000000000) _let0) _let0) #b00000000000000000000000000000001))
(= v5_v2 (bvsub (bvsub (bvsub #b11111111111111111111111111111011 v7_v2) (bvadd #b11111111111111111111111111111111 v0_v0)) #b11111111111111111111111111111111))
(distinct v7_v2 #b00000000000000000000000000000000)
(not (bvsdivo #b11111111111111111111111111111111 v7_v2))
(not (bvsaddo #b11111111111111111111111111111111 v5_v2))
(not (bvssubo (bvsrem #b11111111111111111111111111111111 v7_v2) (bvadd #b11111111111111111111111111111111 v5_v2)))
(not (bvssubo #b11111111111111111111111111111111 v0_v0))
(not (bvssubo (bvsub (bvsrem #b11111111111111111111111111111111 v7_v2) (bvadd #b11111111111111111111111111111111 v5_v2)) (bvsub #b11111111111111111111111111111111 v0_v0)))
(not (bvssubo (bvsub (bvsub (bvsrem #b11111111111111111111111111111111 v7_v2) (bvadd #b11111111111111111111111111111111 v5_v2)) (bvsub #b11111111111111111111111111111111 v0_v0)) #b11111111111111111111111111111111))
(let ((_let0 (ite (= #b11111111111111111111111111111111 #b00000000000000000000000000000000) #b00000000000000000000000000000001 #b00000000000000000000000000000000))) (bvsle (bvadd (bvadd (bvadd _let0 _let0) _let0) _let0) #b00000000000000000000000000000010))
(not (bvslt (bvsub (bvsub (bvsub (bvsrem #b11111111111111111111111111111111 v7_v2) (bvadd #b11111111111111111111111111111111 v5_v2)) (bvsub #b11111111111111111111111111111111 v0_v0)) #b11111111111111111111111111111111) #b00000000000000000000000000000000))
(distinct v3_v0 #b00000000000000000000000000000000)
(not (bvsdivo #b11111111111111111111111111111111 v3_v0))
(not (bvsaddo (bvsdiv #b11111111111111111111111111111111 v2_v0) (bvsdiv #b11111111111111111111111111111111 v3_v0)))
(not (bvsaddo (bvadd (bvsdiv #b11111111111111111111111111111111 v2_v0) (bvsdiv #b11111111111111111111111111111111 v3_v0)) #b11111111111111111111111111111111))
(= v6_v1 (bvadd (bvadd (bvsdiv #b11111111111111111111111111111111 v2_v0) (bvsdiv #b11111111111111111111111111111111 v3_v0)) #b11111111111111111111111111111111))
(not (bvssubo #b11111111111111111111111111111101 v0_v0))
(not (bvssubo (bvsub #b11111111111111111111111111111101 v0_v0) (bvsub #b11111111111111111111111111111111 v2_v0)))
(not (bvssubo (bvsub (bvsub #b11111111111111111111111111111101 v0_v0) (bvsub #b11111111111111111111111111111111 v2_v0)) #b11111111111111111111111111111111))
(let ((_let0 (ite (= #b11111111111111111111111111111111 #b00000000000000000000000000000000) #b00000000000000000000000000000001 #b00000000000000000000000000000000))) (bvsle (bvadd (bvadd (ite (= #b11111111111111111111111111111101 #b00000000000000000000000000000000) #b00000000000000000000000000000001 #b00000000000000000000000000000000) _let0) _let0) #b00000000000000000000000000000001))
(= v1_f0_v1 (bvsub (bvsub (bvsub #b11111111111111111111111111111101 v0_v0) (bvsub #b11111111111111111111111111111111 v2_v0)) #b11111111111111111111111111111111))
(distinct v6_v1 #b00000000000000000000000000000000)
(not (bvsdivo #b11111111111111111111111111111111 v6_v1))
(not (bvsmulo #b11111111111111111111111111111111 v1_f0_v1))
(not (bvssubo (bvsrem #b11111111111111111111111111111111 v6_v1) (bvmul #b11111111111111111111111111111111 v1_f0_v1)))
(not (bvssubo (bvsub (bvsrem #b11111111111111111111111111111111 v6_v1) (bvmul #b11111111111111111111111111111111 v1_f0_v1)) (bvsub #b11111111111111111111111111111111 v4_f0_v0)))
(not (bvssubo (bvsub (bvsub (bvsrem #b11111111111111111111111111111111 v6_v1) (bvmul #b11111111111111111111111111111111 v1_f0_v1)) (bvsub #b11111111111111111111111111111111 v4_f0_v0)) #b11111111111111111111111111111111))
(not (bvslt (bvsub (bvsub (bvsub (bvsrem #b11111111111111111111111111111111 v6_v1) (bvmul #b11111111111111111111111111111111 v1_f0_v1)) (bvsub #b11111111111111111111111111111111 v4_f0_v0)) #b11111111111111111111111111111111) #b00000000000000000000000000000000))
(distinct v4_f0_v0 #b00000000000000000000000000000000)
(not (bvsdivo #b11111111111111111111111111111111 v4_f0_v0))
(not (bvssubo (bvsrem #b11111111111111111111111111111111 v4_f0_v0) (bvsdiv #b11111111111111111111111111111111 v3_v0)))
(not (bvssubo (bvsub (bvsrem #b11111111111111111111111111111111 v4_f0_v0) (bvsdiv #b11111111111111111111111111111111 v3_v0)) #b00000000000000000000000000000000))
(let ((_let0 (ite (= #b11111111111111111111111111111111 #b00000000000000000000000000000000) #b00000000000000000000000000000001 #b00000000000000000000000000000000))) (bvsle (bvadd (bvadd _let0 _let0) (ite (= #b00000000000000000000000000000000 #b00000000000000000000000000000000) #b00000000000000000000000000000001 #b00000000000000000000000000000000)) #b00000000000000000000000000000001))
(= v5_v3 (bvsub (bvsub (bvsrem #b11111111111111111111111111111111 v4_f0_v0) (bvsdiv #b11111111111111111111111111111111 v3_v0)) #b00000000000000000000000000000000))
(not (bvsaddo #b11111111111111111111111111111111 v4_f0_v0))
(distinct v5_v3 #b00000000000000000000000000000000)
(not (bvsdivo #b11111111111111111111111111111111 v5_v3))
(not (bvssubo (bvadd #b11111111111111111111111111111111 v4_f0_v0) (bvsrem #b11111111111111111111111111111111 v5_v3)))
(not (bvssubo (bvsub (bvadd #b11111111111111111111111111111111 v4_f0_v0) (bvsrem #b11111111111111111111111111111111 v5_v3)) #b11111111111111111111111111111111))
(= v4_f0_v1 (bvsub (bvsub (bvadd #b11111111111111111111111111111111 v4_f0_v0) (bvsrem #b11111111111111111111111111111111 v5_v3)) #b11111111111111111111111111111111))
(bvsle (bvadd (bvadd (bvadd (bvadd (bvadd (ite (= (ite (distinct v0_v0 #b11111111111111111111111111111111) #b00000000000000000000000000000001 #b00000000000000000000000000000000) #b00000000000000000000000000000000) #b00000000000000000000000000000001 #b00000000000000000000000000000000) (ite (= (ite (distinct v1_f0_v0 #b11111111111111111111111111111111) #b00000000000000000000000000000001 #b00000000000000000000000000000000) #b00000000000000000000000000000000) #b00000000000000000000000000000001 #b00000000000000000000000000000000)) (ite (= (ite (distinct v2_v0 #b11111111111111111111111111111111) #b00000000000000000000000000000001 #b00000000000000000000000000000000) #b00000000000000000000000000000000) #b00000000000000000000000000000001 #b00000000000000000000000000000000)) (ite (= (ite (distinct v3_v0 #b11111111111111111111111111111111) #b00000000000000000000000000000001 #b00000000000000000000000000000000) #b00000000000000000000000000000000) #b00000000000000000000000000000001 #b00000000000000000000000000000000)) (ite (= (ite (distinct v4_f0_v0 #b11111111111111111111111111111111) #b00000000000000000000000000000001 #b00000000000000000000000000000000) #b00000000000000000000000000000000) #b00000000000000000000000000000001 #b00000000000000000000000000000000)) (ite (= (ite (distinct v5_v0 #b11111111111111111111111111111111) #b00000000000000000000000000000001 #b00000000000000000000000000000000) #b00000000000000000000000000000000) #b00000000000000000000000000000001 #b00000000000000000000000000000000)) #b00000000000000000000000000000011)
(bvsle (bvadd (bvadd (bvadd (bvadd (bvadd (ite (= (ite (distinct v0_v0 #b00000000000000000000000000000000) #b00000000000000000000000000000001 #b00000000000000000000000000000000) #b00000000000000000000000000000000) #b00000000000000000000000000000001 #b00000000000000000000000000000000) (ite (= (ite (distinct v1_f0_v0 #b00000000000000000000000000000000) #b00000000000000000000000000000001 #b00000000000000000000000000000000) #b00000000000000000000000000000000) #b00000000000000000000000000000001 #b00000000000000000000000000000000)) (ite (= (ite (distinct v2_v0 #b00000000000000000000000000000001) #b00000000000000000000000000000001 #b00000000000000000000000000000000) #b00000000000000000000000000000000) #b00000000000000000000000000000001 #b00000000000000000000000000000000)) (ite (= (ite (distinct v3_v0 #b00000000000000000000000000000001) #b00000000000000000000000000000001 #b00000000000000000000000000000000) #b00000000000000000000000000000000) #b00000000000000000000000000000001 #b00000000000000000000000000000000)) (ite (= (ite (distinct v4_f0_v0 #b00000000000000000000000000000001) #b00000000000000000000000000000001 #b00000000000000000000000000000000) #b00000000000000000000000000000000) #b00000000000000000000000000000001 #b00000000000000000000000000000000)) (ite (= (ite (distinct v5_v0 #b00000000000000000000000000000000) #b00000000000000000000000000000001 #b00000000000000000000000000000000) #b00000000000000000000000000000000) #b00000000000000000000000000000001 #b00000000000000000000000000000000)) #b00000000000000000000000000000011)
```
Constraint stats: asserted=68 addCalls=78 skippedTrue=0 deduped=10 ensureInRangeCalls=79 boundedAlready=0 uniqueConstraintIds=68 uniqueBoundedIds=0 (solverAsserted=67)
Bitwuzla check_sat time: 5ms
Bitwuzla statistics: preprocess::contradicting_ands::num_substs=0 preprocess::contradicting_ands::time_apply=0ms preprocess::elim_extract::num_elim=0 preprocess::elim_extract::time_apply=0ms preprocess::elim_lambda::time_apply=0ms preprocess::elim_udiv::num_eliminated=0 preprocess::elim_udiv::time_apply=0ms preprocess::embedded_constraints::num_substs=3 preprocess::embedded_constraints::time_apply=0ms preprocess::flatten_and::num_assertions=24 preprocess::flatten_and::num_flattened=12 preprocess::flatten_and::time_apply=0ms preprocess::lambda::num_elim=0 preprocess::normalize::num_common_normalizations=0 preprocess::normalize::num_normalizations=64 preprocess::normalize::num_normalized_assertions=0 preprocess::normalize::num_pass1=0 preprocess::normalize::num_pass2=0 preprocess::normalize::time_adder_chains=0ms preprocess::normalize::time_apply=10ms preprocess::normalize::time_compute_occs=0ms preprocess::normalize::time_normalize_add=0ms preprocess::normalize::time_normalize_mul=0ms preprocess::normalize::time_score=7ms preprocess::rewrite::time_apply=0ms preprocess::skeleton_preproc::cnf::clauses=228 preprocess::skeleton_preproc::cnf::lits=464 preprocess::skeleton_preproc::new_assertions=0 preprocess::skeleton_preproc::resets=1 preprocess::skeleton_preproc::time_apply=0ms preprocess::skeleton_preproc::time_encode=0ms preprocess::skeleton_preproc::time_fixed=0ms preprocess::skeleton_preproc::time_sat=0ms preprocess::uninterpreted::num_substs=0 preprocess::uninterpreted::time_apply=0ms preprocess::varsubst::normalize_bv_ineq::num_slt=0 preprocess::varsubst::normalize_bv_ineq::num_ult=0 preprocess::varsubst::normalize_eq::num_bv_concat=0 preprocess::varsubst::normalize_eq::num_gauss_elim=1 preprocess::varsubst::normalize_eq::num_linear_eq=1 preprocess::varsubst::num_substs=10 preprocess::varsubst::time_apply=0ms preprocess::varsubst::time_direct_cycle_check=0ms preprocess::varsubst::time_find_substitution=0ms preprocess::varsubst::time_find_vars=0ms preprocess::varsubst::time_register=0ms preprocess::varsubst::time_remove_cycles=0ms preprocess::varsubst::time_substitute=0ms preprocessor::num_iterations=3 preprocessor::time_preprocess=13ms preprocessor::time_process=0ms rewriter::(normalize)::num_evals=0 rewriter::(normalize)::num_rewrites=211 rewriter::(normalize)::rewrite::BV_ADD_CONST=7 rewriter::(normalize)::rewrite::BV_ADD_EVAL=7 rewriter::(normalize)::rewrite::BV_ADD_SPECIAL_CONST=13 rewriter::(normalize)::rewrite::BV_MUL_EVAL=3 rewriter::(normalize)::rewrite::BV_MUL_ONES=10 rewriter::(normalize)::rewrite::BV_NEG_ELIM=10 rewriter::(normalize)::rewrite::BV_NOT_BV_NOT=24 rewriter::(normalize)::rewrite::EQUAL_CONST_BV_ADD=1 rewriter::(normalize)::rewrite::NORMALIZE_COMM=136 rewriter::num_evals=0 rewriter::num_rewrites=1001 rewriter::rewrite::AND_EVAL=1 rewriter::rewrite::AND_SPECIAL_CONST=102 rewriter::rewrite::BV_ADD_CONST=14 rewriter::rewrite::BV_ADD_EVAL=13 rewriter::rewrite::BV_ADD_ITE2=18 rewriter::rewrite::BV_ADD_SPECIAL_CONST=29 rewriter::rewrite::BV_AND_EVAL=1 rewriter::rewrite::BV_AND_SPECIAL_CONST=31 rewriter::rewrite::BV_CONCAT_EVAL=2 rewriter::rewrite::BV_EXTRACT_ADD_MUL=6 rewriter::rewrite::BV_EXTRACT_EVAL=38 rewriter::rewrite::BV_EXTRACT_FULL=1 rewriter::rewrite::BV_MUL_ONE=2 rewriter::rewrite::BV_MUL_ONES=2 rewriter::rewrite::BV_MUL_POW2=7 rewriter::rewrite::BV_NEG_ELIM=34 rewriter::rewrite::BV_NOT_BV_NEG=4 rewriter::rewrite::BV_NOT_BV_NOT=57 rewriter::rewrite::BV_NOT_EVAL=5 rewriter::rewrite::BV_OR_ELIM=2 rewriter::rewrite::BV_SADDO_ELIM=8 rewriter::rewrite::BV_SDIVO_ELIM=7 rewriter::rewrite::BV_SDIV_ELIM=2 rewriter::rewrite::BV_SHL_CONST=7 rewriter::rewrite::BV_SIGN_EXTEND_ELIM=4 rewriter::rewrite::BV_SLE_ELIM=6 rewriter::rewrite::BV_SLT_EVAL=3 rewriter::rewrite::BV_SMULO_ELIM=1 rewriter::rewrite::BV_SREM_ELIM=6 rewriter::rewrite::BV_SSUBO_ELIM=24 rewriter::rewrite::BV_SUB_ELIM=26 rewriter::rewrite::BV_UREM_EVAL=1 rewriter::rewrite::BV_XOR_EVAL=1 rewriter::rewrite::BV_XOR_SPECIAL_CONST=2 rewriter::rewrite::DISTINCT_ELIM=19 rewriter::rewrite::EQUAL_BV_SUB=2 rewriter::rewrite::EQUAL_CONST_BV_ADD=2 rewriter::rewrite::EQUAL_CONST_BV_NOT=2 rewriter::rewrite::EQUAL_EVAL=14 rewriter::rewrite::EQUAL_ITE_SAME=12 rewriter::rewrite::EQUAL_SPECIAL_CONST=1 rewriter::rewrite::EQUAL_TRUE=7 rewriter::rewrite::ITE_EVAL=12 rewriter::rewrite::NORMALIZE_COMM=348 rewriter::rewrite::NOT_EQUAL_BV1_BOOL=25 rewriter::rewrite::NOT_EVAL=2 rewriter::rewrite::NOT_NOT=44 rewriter::rewrite::OR_ELIM=44 solver::abstract::num_checks=2 solver::abstract::terms::total=0 solver::abstract::time_check=0ms solver::array::equalities=0 solver::array::num_checks=0 solver::array::propagations=0 solver::array::propagations_down=0 solver::array::propagations_up=0 solver::array::selects=0 solver::array::time_check=0ms solver::bv::bitblast::aig::num_ands=58427 solver::bv::bitblast::aig::num_consts=192 solver::bv::bitblast::aig::num_shared=23024 solver::bv::bitblast::aig::time_bitblast=6ms solver::bv::bitblast::cnf::num_clauses=142956 solver::bv::bitblast::cnf::num_literals=349459 solver::bv::bitblast::cnf::num_vars=45777 solver::bv::bitblast::cnf::time_encode=35ms solver::bv::bitblast::sat::time_solve=10ms solver::bv::num_assertions=53 solver::bv::num_checks=2 solver::bv::time_check=46ms solver::engine::lemmas::abstr=0 solver::engine::lemmas::array=0 solver::engine::lemmas::fp=0 solver::engine::lemmas::fun=0 solver::engine::lemmas::quant=0 solver::engine::lemmas::total=0 solver::engine::time_register_term=0ms solver::engine::time_solve=53ms solver::fun::num_checks=2 solver::fun::time_check=0ms solver::quant::mbqi_checks=0 solver::quant::num_lemma_iterations=0 solver::quant::num_lemmas=0 solver::quant::time_check=0ms solver::quant::time_mbqi=0ms solver::quant::time_process=0ms solving_context::max_memory=83849216 solving_context::time_ensure_model=0ms solving_context::time_solve=66ms
SAT
Extract initialization: param=v0, value=2
Extract initialization: param=v1, value=-2
Extract initialization: param=v2, value=1
Extract initialization: param=v3, value=1
Extract initialization: param=v4, value=1
Extract initialization: param=v5, value=-1
Extract finalization: param=v0, value=2
Extract finalization: param=v1, value=-2
Extract finalization: param=v2, value=1
Extract finalization: param=v3, value=1
Extract finalization: param=v4, value=1
Extract finalization: param=v5, value=1
