----FunPlus: Generate Function func_0g6z1t_120------------------------------------------------
------GraphPlus::Generate----------------------------------------------
Randomly generating a graph with 15 nodes
------CfgSketch::GenerateReduLoop----------------------------------------------
--------GraphPlus::Generate--------------------------------------------
Randomly generating a graph with 4 nodes
Removing cycles from the generated graph
Started replacing bimpo #5 (successors=[2, 8]) with a reducible loop of size=5
Updated 9 bimpos' indices by +4 if it is behind #5 in our unflattened CFG
Updated 15 bimpos' successors by +4 if it is behind #5 in our flattened CFG
Updated the successors of the loop's latch to [5, 9]
Updated the successors of the loop's exit to [2, 12]
Constructed the basic blocks of the newly inserted loop
Inserted all the loop's basic blocks into the flattened CFG
------CfgSketch: Unflattened CFG Sketch----------------------------------------------
Bimpo: type=0, id=0, size=1, start=0
Bimpo: type=0, id=1, size=1, start=1
Bimpo: type=0, id=2, size=1, start=2
Bimpo: type=0, id=3, size=1, start=3
Bimpo: type=0, id=4, size=1, start=4
Bimpo: type=1, id=5, size=5, start=5
Bimpo: type=0, id=6, size=1, start=10
Bimpo: type=0, id=7, size=1, start=11
Bimpo: type=0, id=8, size=1, start=12
Bimpo: type=0, id=9, size=1, start=13
Bimpo: type=0, id=10, size=1, start=14
Bimpo: type=0, id=11, size=1, start=15
Bimpo: type=0, id=12, size=1, start=16
Bimpo: type=0, id=13, size=1, start=17
Bimpo: type=0, id=14, size=1, start=18
------CfgSketch: Flattened CFG Sketch----------------------------------------------
Block: 0 -> [5, 10]
Block: 1 -> [3, 11]
Block: 2 -> [5, 16]
Block: 3 -> [2, 11]
Block: 4 -> [1, 10]
Block: 5 -> [7]
Block: 6 -> [7, 8]
Block: 7 -> [8]
Block: 8 -> [5, 9]
Block: 9 -> [2, 12]
Block: 10 -> [13, 17]
Block: 11 -> [14, 15]
Block: 12 -> [5, 13]
Block: 13 -> [1, 18]
Block: 14 -> [3, 16]
Block: 15 -> [1]
Block: 16 -> [13]
Block: 17 -> [18]
Block: 18 -> []
------FunPlus: Generate Block #0----------------------------------------------
Generate assignment: 5 <- 2, 7
Generate assignment: 3 <- 7, 2
Generate conditional: 5, 3, 1
------FunPlus: Generate Block #1----------------------------------------------
Generate assignment: 7 <- 1, 7
Generate assignment: 1 <- 7, 0
Generate conditional: 7, 1, 3
------FunPlus: Generate Block #2----------------------------------------------
Generate assignment: 7 <- 6, 4
Generate assignment: 2 <- 1, 3
Generate conditional: 7, 2, 3
------FunPlus: Generate Block #3----------------------------------------------
Generate assignment: 5 <- 0, 3
Generate assignment: 7 <- 4, 5
Generate conditional: 5, 7, 6
------FunPlus: Generate Block #4----------------------------------------------
Generate assignment: 5 <- 7, 6
Generate assignment: 2 <- 1, 2
Generate conditional: 5, 2, 3
------FunPlus: Generate Block #5----------------------------------------------
Generate assignment: 3 <- 6, 3
Generate assignment: 7 <- 6, 0
------FunPlus: Generate Block #6----------------------------------------------
Generate assignment: 0 <- 5, 7
Generate assignment: 3 <- 7, 6
Generate conditional: 0, 3, 4
------FunPlus: Generate Block #7----------------------------------------------
Generate assignment: 7 <- 7, 4
Generate assignment: 0 <- 4, 7
------FunPlus: Generate Block #8----------------------------------------------
Generate assignment: 1 <- 7, 3
Generate assignment: 6 <- 0, 1
Generate conditional: 1, 6, 0
------FunPlus: Generate Block #9----------------------------------------------
Generate assignment: 7 <- 5, 4
Generate assignment: 1 <- 5, 4
Generate conditional: 7, 1, 3
------FunPlus: Generate Block #10----------------------------------------------
Generate assignment: 3 <- 2, 3
Generate assignment: 7 <- 7, 2
Generate conditional: 3, 7, 5
------FunPlus: Generate Block #11----------------------------------------------
Generate assignment: 5 <- 1, 0
Generate assignment: 4 <- 7, 4
Generate conditional: 5, 4, 7
------FunPlus: Generate Block #12----------------------------------------------
Generate assignment: 2 <- 1, 0
Generate assignment: 4 <- 4, 0
Generate conditional: 2, 4, 1
------FunPlus: Generate Block #13----------------------------------------------
Generate assignment: 7 <- 6, 4
Generate assignment: 3 <- 7, 0
Generate conditional: 7, 3, 2
------FunPlus: Generate Block #14----------------------------------------------
Generate assignment: 6 <- 0, 4
Generate assignment: 5 <- 7, 6
Generate conditional: 6, 5, 2
------FunPlus: Generate Block #15----------------------------------------------
Generate assignment: 4 <- 2, 3
Generate assignment: 5 <- 2, 3
------FunPlus: Generate Block #16----------------------------------------------
Generate assignment: 7 <- 0, 7
Generate assignment: 5 <- 0, 7
------FunPlus: Generate Block #17----------------------------------------------
Generate assignment: 6 <- 5, 6
Generate assignment: 4 <- 2, 3
------FunPlus: Generate Block #18----------------------------------------------
Generate assignment: 3 <- 6, 7
Generate assignment: 5 <- 2, 5
----SymExec: Solve------------------------------------------------
Execution Path: 0->10->17->18
------SymExec: Iteration 0----------------------------------------------
Generating or re-generating UB-free constraints
Initial constraints: 
```
(bvsle (bvadd (bvadd (bvadd (bvadd (bvadd (bvadd (ite (= v0_el0_v0 #b00000000000000000000000000000000) #b00000000000000000000000000000001 #b00000000000000000000000000000000) (ite (= v0_el1_v0 #b00000000000000000000000000000000) #b00000000000000000000000000000001 #b00000000000000000000000000000000)) (ite (= v1_v0 #b00000000000000000000000000000000) #b00000000000000000000000000000001 #b00000000000000000000000000000000)) (ite (= v2_v0 #b00000000000000000000000000000000) #b00000000000000000000000000000001 #b00000000000000000000000000000000)) (ite (= v3_v0 #b00000000000000000000000000000000) #b00000000000000000000000000000001 #b00000000000000000000000000000000)) (ite (= v4_v0 #b00000000000000000000000000000000) #b00000000000000000000000000000001 #b00000000000000000000000000000000)) (ite (= v5_v0 #b00000000000000000000000000000000) #b00000000000000000000000000000001 #b00000000000000000000000000000000)) #b00000000000000000000000000000011)
```
Final constraints: 
```
(bvsle (bvadd (bvadd (bvadd (bvadd (bvadd (bvadd (ite (= v0_el0_v0 #b00000000000000000000000000000000) #b00000000000000000000000000000001 #b00000000000000000000000000000000) (ite (= v0_el1_v0 #b00000000000000000000000000000000) #b00000000000000000000000000000001 #b00000000000000000000000000000000)) (ite (= v1_v0 #b00000000000000000000000000000000) #b00000000000000000000000000000001 #b00000000000000000000000000000000)) (ite (= v2_v0 #b00000000000000000000000000000000) #b00000000000000000000000000000001 #b00000000000000000000000000000000)) (ite (= v3_v0 #b00000000000000000000000000000000) #b00000000000000000000000000000001 #b00000000000000000000000000000000)) (ite (= v4_v0 #b00000000000000000000000000000000) #b00000000000000000000000000000001 #b00000000000000000000000000000000)) (ite (= v5_v0 #b00000000000000000000000000000000) #b00000000000000000000000000000001 #b00000000000000000000000000000000)) #b00000000000000000000000000000011)
(= v6_v0 init_var6)
(= v7_el0_v0 init_var7_el0)
(= v7_el1_v0 init_var7_el1)
(= v7_el2_v0 init_var7_el2)
(= v7_el3_v0 init_var7_el3)
(bvsle (bvadd (bvadd (bvadd (ite (= init_var7_el0 #b00000000000000000000000000000000) #b00000000000000000000000000000001 #b00000000000000000000000000000000) (ite (= init_var7_el1 #b00000000000000000000000000000000) #b00000000000000000000000000000001 #b00000000000000000000000000000000)) (ite (= init_var7_el2 #b00000000000000000000000000000000) #b00000000000000000000000000000001 #b00000000000000000000000000000000)) (ite (= init_var7_el3 #b00000000000000000000000000000000) #b00000000000000000000000000000001 #b00000000000000000000000000000000)) #b00000000000000000000000000000010)
(not (bvssubo a0_0_1 v2_v0))
(not (bvssubo a0_0_2 v7_el3_v0))
(not (bvsaddo (bvsub a0_0_1 v2_v0) (bvsub a0_0_2 v7_el3_v0)))
(not (bvsaddo (bvadd (bvsub a0_0_1 v2_v0) (bvsub a0_0_2 v7_el3_v0)) a0_0))
(bvsle (bvadd (bvadd (ite (= a0_0_1 #b00000000000000000000000000000000) #b00000000000000000000000000000001 #b00000000000000000000000000000000) (ite (= a0_0_2 #b00000000000000000000000000000000) #b00000000000000000000000000000001 #b00000000000000000000000000000000)) (ite (= a0_0 #b00000000000000000000000000000000) #b00000000000000000000000000000001 #b00000000000000000000000000000000)) #b00000000000000000000000000000001)
(= v5_v1 (bvadd (bvadd (bvsub a0_0_1 v2_v0) (bvsub a0_0_2 v7_el3_v0)) a0_0))
(not (bvsaddo a0_1_1 v7_el3_v0))
(distinct v2_v0 #b00000000000000000000000000000000)
(not (bvsdivo a0_1_2 v2_v0))
(not (bvssubo (bvadd a0_1_1 v7_el3_v0) (bvsdiv a0_1_2 v2_v0)))
(not (bvssubo (bvsub (bvadd a0_1_1 v7_el3_v0) (bvsdiv a0_1_2 v2_v0)) a0_1))
(bvsle (bvadd (bvadd (ite (= a0_1_1 #b00000000000000000000000000000000) #b00000000000000000000000000000001 #b00000000000000000000000000000000) (ite (= a0_1_2 #b00000000000000000000000000000000) #b00000000000000000000000000000001 #b00000000000000000000000000000000)) (ite (= a0_1 #b00000000000000000000000000000000) #b00000000000000000000000000000001 #b00000000000000000000000000000000)) #b00000000000000000000000000000001)
(= v3_v1 (bvsub (bvsub (bvadd a0_1_1 v7_el3_v0) (bvsdiv a0_1_2 v2_v0)) a0_1))
(not (bvsaddo b0_2_1 v5_v1))
(not (bvssubo b0_2_2 v3_v1))
(not (bvssubo (bvadd b0_2_1 v5_v1) (bvsub b0_2_2 v3_v1)))
(not (bvsmulo b0_2_3 v1_v0))
(not (bvssubo (bvsub (bvadd b0_2_1 v5_v1) (bvsub b0_2_2 v3_v1)) (bvmul b0_2_3 v1_v0)))
(not (bvssubo (bvsub (bvsub (bvadd b0_2_1 v5_v1) (bvsub b0_2_2 v3_v1)) (bvmul b0_2_3 v1_v0)) b0_2))
(bvsle (bvadd (bvadd (bvadd (ite (= b0_2_1 #b00000000000000000000000000000000) #b00000000000000000000000000000001 #b00000000000000000000000000000000) (ite (= b0_2_2 #b00000000000000000000000000000000) #b00000000000000000000000000000001 #b00000000000000000000000000000000)) (ite (= b0_2_3 #b00000000000000000000000000000000) #b00000000000000000000000000000001 #b00000000000000000000000000000000)) (ite (= b0_2 #b00000000000000000000000000000000) #b00000000000000000000000000000001 #b00000000000000000000000000000000)) #b00000000000000000000000000000010)
(not (bvsgt (bvsub (bvsub (bvsub (bvadd b0_2_1 v5_v1) (bvsub b0_2_2 v3_v1)) (bvmul b0_2_3 v1_v0)) b0_2) #b00000000000000000000000000000000))
(not (bvsmulo a10_0_1 v2_v0))
(distinct v3_v1 #b00000000000000000000000000000000)
(not (bvsdivo a10_0_2 v3_v1))
(not (bvssubo (bvmul a10_0_1 v2_v0) (bvsdiv a10_0_2 v3_v1)))
(not (bvssubo (bvsub (bvmul a10_0_1 v2_v0) (bvsdiv a10_0_2 v3_v1)) a10_0))
(bvsle (bvadd (bvadd (ite (= a10_0_1 #b00000000000000000000000000000000) #b00000000000000000000000000000001 #b00000000000000000000000000000000) (ite (= a10_0_2 #b00000000000000000000000000000000) #b00000000000000000000000000000001 #b00000000000000000000000000000000)) (ite (= a10_0 #b00000000000000000000000000000000) #b00000000000000000000000000000001 #b00000000000000000000000000000000)) #b00000000000000000000000000000001)
(= v3_v2 (bvsub (bvsub (bvmul a10_0_1 v2_v0) (bvsdiv a10_0_2 v3_v1)) a10_0))
(distinct v7_el3_v0 #b00000000000000000000000000000000)
(not (bvsdivo a10_1_1 v7_el3_v0))
(not (bvsmulo a10_1_2 v2_v0))
(not (bvsaddo (bvsrem a10_1_1 v7_el3_v0) (bvmul a10_1_2 v2_v0)))
(not (bvsaddo (bvadd (bvsrem a10_1_1 v7_el3_v0) (bvmul a10_1_2 v2_v0)) a10_1))
(bvsle (bvadd (bvadd (ite (= a10_1_1 #b00000000000000000000000000000000) #b00000000000000000000000000000001 #b00000000000000000000000000000000) (ite (= a10_1_2 #b00000000000000000000000000000000) #b00000000000000000000000000000001 #b00000000000000000000000000000000)) (ite (= a10_1 #b00000000000000000000000000000000) #b00000000000000000000000000000001 #b00000000000000000000000000000000)) #b00000000000000000000000000000001)
(= v7_el3_v1 (bvadd (bvadd (bvsrem a10_1_1 v7_el3_v0) (bvmul a10_1_2 v2_v0)) a10_1))
(not (bvsaddo b10_2_1 v3_v2))
(not (bvsmulo b10_2_2 v7_el3_v1))
(not (bvsaddo (bvadd b10_2_1 v3_v2) (bvmul b10_2_2 v7_el3_v1)))
(not (bvssubo b10_2_3 v5_v1))
(not (bvsaddo (bvadd (bvadd b10_2_1 v3_v2) (bvmul b10_2_2 v7_el3_v1)) (bvsub b10_2_3 v5_v1)))
(not (bvsaddo (bvadd (bvadd (bvadd b10_2_1 v3_v2) (bvmul b10_2_2 v7_el3_v1)) (bvsub b10_2_3 v5_v1)) b10_2))
(bvsle (bvadd (bvadd (bvadd (ite (= b10_2_1 #b00000000000000000000000000000000) #b00000000000000000000000000000001 #b00000000000000000000000000000000) (ite (= b10_2_2 #b00000000000000000000000000000000) #b00000000000000000000000000000001 #b00000000000000000000000000000000)) (ite (= b10_2_3 #b00000000000000000000000000000000) #b00000000000000000000000000000001 #b00000000000000000000000000000000)) (ite (= b10_2 #b00000000000000000000000000000000) #b00000000000000000000000000000001 #b00000000000000000000000000000000)) #b00000000000000000000000000000010)
(not (bvslt (bvadd (bvadd (bvadd (bvadd b10_2_1 v3_v2) (bvmul b10_2_2 v7_el3_v1)) (bvsub b10_2_3 v5_v1)) b10_2) #b00000000000000000000000000000000))
(distinct v5_v1 #b00000000000000000000000000000000)
(not (bvsdivo a17_0_1 v5_v1))
(not (bvssubo a17_0_2 v6_v0))
(not (bvsaddo (bvsrem a17_0_1 v5_v1) (bvsub a17_0_2 v6_v0)))
(not (bvsaddo (bvadd (bvsrem a17_0_1 v5_v1) (bvsub a17_0_2 v6_v0)) a17_0))
(bvsle (bvadd (bvadd (ite (= a17_0_1 #b00000000000000000000000000000000) #b00000000000000000000000000000001 #b00000000000000000000000000000000) (ite (= a17_0_2 #b00000000000000000000000000000000) #b00000000000000000000000000000001 #b00000000000000000000000000000000)) (ite (= a17_0 #b00000000000000000000000000000000) #b00000000000000000000000000000001 #b00000000000000000000000000000000)) #b00000000000000000000000000000001)
(= v6_v1 (bvadd (bvadd (bvsrem a17_0_1 v5_v1) (bvsub a17_0_2 v6_v0)) a17_0))
(not (bvsaddo a17_1_1 v2_v0))
(not (bvsmulo a17_1_2 v3_v2))
(not (bvsaddo (bvadd a17_1_1 v2_v0) (bvmul a17_1_2 v3_v2)))
(not (bvsaddo (bvadd (bvadd a17_1_1 v2_v0) (bvmul a17_1_2 v3_v2)) a17_1))
(bvsle (bvadd (bvadd (ite (= a17_1_1 #b00000000000000000000000000000000) #b00000000000000000000000000000001 #b00000000000000000000000000000000) (ite (= a17_1_2 #b00000000000000000000000000000000) #b00000000000000000000000000000001 #b00000000000000000000000000000000)) (ite (= a17_1 #b00000000000000000000000000000000) #b00000000000000000000000000000001 #b00000000000000000000000000000000)) #b00000000000000000000000000000001)
(= v4_v1 (bvadd (bvadd (bvadd a17_1_1 v2_v0) (bvmul a17_1_2 v3_v2)) a17_1))
(distinct v6_v1 #b00000000000000000000000000000000)
(not (bvsdivo a18_0_1 v6_v1))
(distinct v7_el3_v1 #b00000000000000000000000000000000)
(not (bvsdivo a18_0_2 v7_el3_v1))
(not (bvsaddo (bvsrem a18_0_1 v6_v1) (bvsdiv a18_0_2 v7_el3_v1)))
(not (bvsaddo (bvadd (bvsrem a18_0_1 v6_v1) (bvsdiv a18_0_2 v7_el3_v1)) a18_0))
(bvsle (bvadd (bvadd (ite (= a18_0_1 #b00000000000000000000000000000000) #b00000000000000000000000000000001 #b00000000000000000000000000000000) (ite (= a18_0_2 #b00000000000000000000000000000000) #b00000000000000000000000000000001 #b00000000000000000000000000000000)) (ite (= a18_0 #b00000000000000000000000000000000) #b00000000000000000000000000000001 #b00000000000000000000000000000000)) #b00000000000000000000000000000001)
(= v3_v3 (bvadd (bvadd (bvsrem a18_0_1 v6_v1) (bvsdiv a18_0_2 v7_el3_v1)) a18_0))
(not (bvsmulo a18_1_1 v2_v0))
(not (bvsmulo a18_1_2 v5_v1))
(not (bvsaddo (bvmul a18_1_1 v2_v0) (bvmul a18_1_2 v5_v1)))
(not (bvsaddo (bvadd (bvmul a18_1_1 v2_v0) (bvmul a18_1_2 v5_v1)) a18_1))
(bvsle (bvadd (bvadd (ite (= a18_1_1 #b00000000000000000000000000000000) #b00000000000000000000000000000001 #b00000000000000000000000000000000) (ite (= a18_1_2 #b00000000000000000000000000000000) #b00000000000000000000000000000001 #b00000000000000000000000000000000)) (ite (= a18_1 #b00000000000000000000000000000000) #b00000000000000000000000000000001 #b00000000000000000000000000000000)) #b00000000000000000000000000000001)
(= v5_v2 (bvadd (bvadd (bvmul a18_1_1 v2_v0) (bvmul a18_1_2 v5_v1)) a18_1))
```
Optimized constraints: 
```
(bvsle (bvadd (bvadd (bvadd (bvadd (bvadd (bvadd (ite (= v0_el0_v0 #b00000000000000000000000000000000) #b00000000000000000000000000000001 #b00000000000000000000000000000000) (ite (= v0_el1_v0 #b00000000000000000000000000000000) #b00000000000000000000000000000001 #b00000000000000000000000000000000)) (ite (= v1_v0 #b00000000000000000000000000000000) #b00000000000000000000000000000001 #b00000000000000000000000000000000)) (ite (= v2_v0 #b00000000000000000000000000000000) #b00000000000000000000000000000001 #b00000000000000000000000000000000)) (ite (= v3_v0 #b00000000000000000000000000000000) #b00000000000000000000000000000001 #b00000000000000000000000000000000)) (ite (= v4_v0 #b00000000000000000000000000000000) #b00000000000000000000000000000001 #b00000000000000000000000000000000)) (ite (= v5_v0 #b00000000000000000000000000000000) #b00000000000000000000000000000001 #b00000000000000000000000000000000)) #b00000000000000000000000000000011)
(= v6_v0 init_var6)
(= v7_el0_v0 init_var7_el0)
(= v7_el1_v0 init_var7_el1)
(= v7_el2_v0 init_var7_el2)
(= v7_el3_v0 init_var7_el3)
(bvsle (bvadd (bvadd (bvadd (ite (= init_var7_el0 #b00000000000000000000000000000000) #b00000000000000000000000000000001 #b00000000000000000000000000000000) (ite (= init_var7_el1 #b00000000000000000000000000000000) #b00000000000000000000000000000001 #b00000000000000000000000000000000)) (ite (= init_var7_el2 #b00000000000000000000000000000000) #b00000000000000000000000000000001 #b00000000000000000000000000000000)) (ite (= init_var7_el3 #b00000000000000000000000000000000) #b00000000000000000000000000000001 #b00000000000000000000000000000000)) #b00000000000000000000000000000010)
(not (bvssubo a0_0_1 v2_v0))
(not (bvssubo a0_0_2 v7_el3_v0))
(not (bvsaddo (bvsub a0_0_1 v2_v0) (bvsub a0_0_2 v7_el3_v0)))
(not (bvsaddo (bvadd (bvsub a0_0_1 v2_v0) (bvsub a0_0_2 v7_el3_v0)) a0_0))
(bvsle (bvadd (bvadd (ite (= a0_0_1 #b00000000000000000000000000000000) #b00000000000000000000000000000001 #b00000000000000000000000000000000) (ite (= a0_0_2 #b00000000000000000000000000000000) #b00000000000000000000000000000001 #b00000000000000000000000000000000)) (ite (= a0_0 #b00000000000000000000000000000000) #b00000000000000000000000000000001 #b00000000000000000000000000000000)) #b00000000000000000000000000000001)
(= v5_v1 (bvadd (bvadd (bvsub a0_0_1 v2_v0) (bvsub a0_0_2 v7_el3_v0)) a0_0))
(not (bvsaddo a0_1_1 v7_el3_v0))
(distinct v2_v0 #b00000000000000000000000000000000)
(not (bvsdivo a0_1_2 v2_v0))
(not (bvssubo (bvadd a0_1_1 v7_el3_v0) (bvsdiv a0_1_2 v2_v0)))
(not (bvssubo (bvsub (bvadd a0_1_1 v7_el3_v0) (bvsdiv a0_1_2 v2_v0)) a0_1))
(bvsle (bvadd (bvadd (ite (= a0_1_1 #b00000000000000000000000000000000) #b00000000000000000000000000000001 #b00000000000000000000000000000000) (ite (= a0_1_2 #b00000000000000000000000000000000) #b00000000000000000000000000000001 #b00000000000000000000000000000000)) (ite (= a0_1 #b00000000000000000000000000000000) #b00000000000000000000000000000001 #b00000000000000000000000000000000)) #b00000000000000000000000000000001)
(= v3_v1 (bvsub (bvsub (bvadd a0_1_1 v7_el3_v0) (bvsdiv a0_1_2 v2_v0)) a0_1))
(not (bvsaddo b0_2_1 v5_v1))
(not (bvssubo b0_2_2 v3_v1))
(not (bvssubo (bvadd b0_2_1 v5_v1) (bvsub b0_2_2 v3_v1)))
(not (bvsmulo b0_2_3 v1_v0))
(not (bvssubo (bvsub (bvadd b0_2_1 v5_v1) (bvsub b0_2_2 v3_v1)) (bvmul b0_2_3 v1_v0)))
(not (bvssubo (bvsub (bvsub (bvadd b0_2_1 v5_v1) (bvsub b0_2_2 v3_v1)) (bvmul b0_2_3 v1_v0)) b0_2))
(bvsle (bvadd (bvadd (bvadd (ite (= b0_2_1 #b00000000000000000000000000000000) #b00000000000000000000000000000001 #b00000000000000000000000000000000) (ite (= b0_2_2 #b00000000000000000000000000000000) #b00000000000000000000000000000001 #b00000000000000000000000000000000)) (ite (= b0_2_3 #b00000000000000000000000000000000) #b00000000000000000000000000000001 #b00000000000000000000000000000000)) (ite (= b0_2 #b00000000000000000000000000000000) #b00000000000000000000000000000001 #b00000000000000000000000000000000)) #b00000000000000000000000000000010)
(not (bvsgt (bvsub (bvsub (bvsub (bvadd b0_2_1 v5_v1) (bvsub b0_2_2 v3_v1)) (bvmul b0_2_3 v1_v0)) b0_2) #b00000000000000000000000000000000))
(not (bvsmulo a10_0_1 v2_v0))
(distinct v3_v1 #b00000000000000000000000000000000)
(not (bvsdivo a10_0_2 v3_v1))
(not (bvssubo (bvmul a10_0_1 v2_v0) (bvsdiv a10_0_2 v3_v1)))
(not (bvssubo (bvsub (bvmul a10_0_1 v2_v0) (bvsdiv a10_0_2 v3_v1)) a10_0))
(bvsle (bvadd (bvadd (ite (= a10_0_1 #b00000000000000000000000000000000) #b00000000000000000000000000000001 #b00000000000000000000000000000000) (ite (= a10_0_2 #b00000000000000000000000000000000) #b00000000000000000000000000000001 #b00000000000000000000000000000000)) (ite (= a10_0 #b00000000000000000000000000000000) #b00000000000000000000000000000001 #b00000000000000000000000000000000)) #b00000000000000000000000000000001)
(= v3_v2 (bvsub (bvsub (bvmul a10_0_1 v2_v0) (bvsdiv a10_0_2 v3_v1)) a10_0))
(distinct v7_el3_v0 #b00000000000000000000000000000000)
(not (bvsdivo a10_1_1 v7_el3_v0))
(not (bvsmulo a10_1_2 v2_v0))
(not (bvsaddo (bvsrem a10_1_1 v7_el3_v0) (bvmul a10_1_2 v2_v0)))
(not (bvsaddo (bvadd (bvsrem a10_1_1 v7_el3_v0) (bvmul a10_1_2 v2_v0)) a10_1))
(bvsle (bvadd (bvadd (ite (= a10_1_1 #b00000000000000000000000000000000) #b00000000000000000000000000000001 #b00000000000000000000000000000000) (ite (= a10_1_2 #b00000000000000000000000000000000) #b00000000000000000000000000000001 #b00000000000000000000000000000000)) (ite (= a10_1 #b00000000000000000000000000000000) #b00000000000000000000000000000001 #b00000000000000000000000000000000)) #b00000000000000000000000000000001)
(= v7_el3_v1 (bvadd (bvadd (bvsrem a10_1_1 v7_el3_v0) (bvmul a10_1_2 v2_v0)) a10_1))
(not (bvsaddo b10_2_1 v3_v2))
(not (bvsmulo b10_2_2 v7_el3_v1))
(not (bvsaddo (bvadd b10_2_1 v3_v2) (bvmul b10_2_2 v7_el3_v1)))
(not (bvssubo b10_2_3 v5_v1))
(not (bvsaddo (bvadd (bvadd b10_2_1 v3_v2) (bvmul b10_2_2 v7_el3_v1)) (bvsub b10_2_3 v5_v1)))
(not (bvsaddo (bvadd (bvadd (bvadd b10_2_1 v3_v2) (bvmul b10_2_2 v7_el3_v1)) (bvsub b10_2_3 v5_v1)) b10_2))
(bvsle (bvadd (bvadd (bvadd (ite (= b10_2_1 #b00000000000000000000000000000000) #b00000000000000000000000000000001 #b00000000000000000000000000000000) (ite (= b10_2_2 #b00000000000000000000000000000000) #b00000000000000000000000000000001 #b00000000000000000000000000000000)) (ite (= b10_2_3 #b00000000000000000000000000000000) #b00000000000000000000000000000001 #b00000000000000000000000000000000)) (ite (= b10_2 #b00000000000000000000000000000000) #b00000000000000000000000000000001 #b00000000000000000000000000000000)) #b00000000000000000000000000000010)
(not (bvslt (bvadd (bvadd (bvadd (bvadd b10_2_1 v3_v2) (bvmul b10_2_2 v7_el3_v1)) (bvsub b10_2_3 v5_v1)) b10_2) #b00000000000000000000000000000000))
(distinct v5_v1 #b00000000000000000000000000000000)
(not (bvsdivo a17_0_1 v5_v1))
(not (bvssubo a17_0_2 v6_v0))
(not (bvsaddo (bvsrem a17_0_1 v5_v1) (bvsub a17_0_2 v6_v0)))
(not (bvsaddo (bvadd (bvsrem a17_0_1 v5_v1) (bvsub a17_0_2 v6_v0)) a17_0))
(bvsle (bvadd (bvadd (ite (= a17_0_1 #b00000000000000000000000000000000) #b00000000000000000000000000000001 #b00000000000000000000000000000000) (ite (= a17_0_2 #b00000000000000000000000000000000) #b00000000000000000000000000000001 #b00000000000000000000000000000000)) (ite (= a17_0 #b00000000000000000000000000000000) #b00000000000000000000000000000001 #b00000000000000000000000000000000)) #b00000000000000000000000000000001)
(= v6_v1 (bvadd (bvadd (bvsrem a17_0_1 v5_v1) (bvsub a17_0_2 v6_v0)) a17_0))
(not (bvsaddo a17_1_1 v2_v0))
(not (bvsmulo a17_1_2 v3_v2))
(not (bvsaddo (bvadd a17_1_1 v2_v0) (bvmul a17_1_2 v3_v2)))
(not (bvsaddo (bvadd (bvadd a17_1_1 v2_v0) (bvmul a17_1_2 v3_v2)) a17_1))
(bvsle (bvadd (bvadd (ite (= a17_1_1 #b00000000000000000000000000000000) #b00000000000000000000000000000001 #b00000000000000000000000000000000) (ite (= a17_1_2 #b00000000000000000000000000000000) #b00000000000000000000000000000001 #b00000000000000000000000000000000)) (ite (= a17_1 #b00000000000000000000000000000000) #b00000000000000000000000000000001 #b00000000000000000000000000000000)) #b00000000000000000000000000000001)
(= v4_v1 (bvadd (bvadd (bvadd a17_1_1 v2_v0) (bvmul a17_1_2 v3_v2)) a17_1))
(distinct v6_v1 #b00000000000000000000000000000000)
(not (bvsdivo a18_0_1 v6_v1))
(distinct v7_el3_v1 #b00000000000000000000000000000000)
(not (bvsdivo a18_0_2 v7_el3_v1))
(not (bvsaddo (bvsrem a18_0_1 v6_v1) (bvsdiv a18_0_2 v7_el3_v1)))
(not (bvsaddo (bvadd (bvsrem a18_0_1 v6_v1) (bvsdiv a18_0_2 v7_el3_v1)) a18_0))
(bvsle (bvadd (bvadd (ite (= a18_0_1 #b00000000000000000000000000000000) #b00000000000000000000000000000001 #b00000000000000000000000000000000) (ite (= a18_0_2 #b00000000000000000000000000000000) #b00000000000000000000000000000001 #b00000000000000000000000000000000)) (ite (= a18_0 #b00000000000000000000000000000000) #b00000000000000000000000000000001 #b00000000000000000000000000000000)) #b00000000000000000000000000000001)
(= v3_v3 (bvadd (bvadd (bvsrem a18_0_1 v6_v1) (bvsdiv a18_0_2 v7_el3_v1)) a18_0))
(not (bvsmulo a18_1_1 v2_v0))
(not (bvsmulo a18_1_2 v5_v1))
(not (bvsaddo (bvmul a18_1_1 v2_v0) (bvmul a18_1_2 v5_v1)))
(not (bvsaddo (bvadd (bvmul a18_1_1 v2_v0) (bvmul a18_1_2 v5_v1)) a18_1))
(bvsle (bvadd (bvadd (ite (= a18_1_1 #b00000000000000000000000000000000) #b00000000000000000000000000000001 #b00000000000000000000000000000000) (ite (= a18_1_2 #b00000000000000000000000000000000) #b00000000000000000000000000000001 #b00000000000000000000000000000000)) (ite (= a18_1 #b00000000000000000000000000000000) #b00000000000000000000000000000001 #b00000000000000000000000000000000)) #b00000000000000000000000000000001)
(= v5_v2 (bvadd (bvadd (bvmul a18_1_1 v2_v0) (bvmul a18_1_2 v5_v1)) a18_1))
```
Constraint stats: asserted=77 addCalls=77 skippedTrue=0 deduped=0 ensureInRangeCalls=91 boundedAlready=0 uniqueConstraintIds=77 uniqueBoundedIds=0 (solverAsserted=0)
Bitwuzla check_sat time: 356ms
Bitwuzla statistics: preprocess::contradicting_ands::num_substs=0 preprocess::contradicting_ands::time_apply=0ms preprocess::elim_extract::num_elim=0 preprocess::elim_extract::time_apply=0ms preprocess::elim_lambda::time_apply=0ms preprocess::elim_udiv::num_eliminated=0 preprocess::elim_udiv::time_apply=0ms preprocess::embedded_constraints::num_substs=2 preprocess::embedded_constraints::time_apply=1ms preprocess::flatten_and::num_assertions=279 preprocess::flatten_and::num_flattened=241 preprocess::flatten_and::time_apply=0ms preprocess::lambda::num_elim=0 preprocess::normalize::num_common_normalizations=8 preprocess::normalize::num_normalizations=112 preprocess::normalize::num_normalized_assertions=0 preprocess::normalize::num_pass1=0 preprocess::normalize::num_pass2=0 preprocess::normalize::time_adder_chains=3ms preprocess::normalize::time_apply=101ms preprocess::normalize::time_compute_occs=1ms preprocess::normalize::time_normalize_add=0ms preprocess::normalize::time_normalize_mul=0ms preprocess::normalize::time_score=91ms preprocess::rewrite::time_apply=3ms preprocess::skeleton_preproc::cnf::clauses=697 preprocess::skeleton_preproc::cnf::lits=1217 preprocess::skeleton_preproc::new_assertions=0 preprocess::skeleton_preproc::resets=1 preprocess::skeleton_preproc::time_apply=1ms preprocess::skeleton_preproc::time_encode=1ms preprocess::skeleton_preproc::time_fixed=0ms preprocess::skeleton_preproc::time_sat=0ms preprocess::uninterpreted::num_substs=0 preprocess::uninterpreted::time_apply=0ms preprocess::varsubst::normalize_bv_ineq::num_slt=0 preprocess::varsubst::normalize_bv_ineq::num_ult=0 preprocess::varsubst::normalize_eq::num_bv_concat=0 preprocess::varsubst::normalize_eq::num_gauss_elim=4 preprocess::varsubst::normalize_eq::num_linear_eq=4 preprocess::varsubst::num_substs=13 preprocess::varsubst::time_apply=2ms preprocess::varsubst::time_direct_cycle_check=0ms preprocess::varsubst::time_find_substitution=0ms preprocess::varsubst::time_find_vars=0ms preprocess::varsubst::time_register=0ms preprocess::varsubst::time_remove_cycles=0ms preprocess::varsubst::time_substitute=0ms preprocessor::num_iterations=2 preprocessor::time_preprocess=111ms preprocessor::time_process=0ms rewriter::(normalize)::num_evals=0 rewriter::(normalize)::num_rewrites=477 rewriter::(normalize)::rewrite::BV_ADD_EVAL=1 rewriter::(normalize)::rewrite::BV_ADD_SPECIAL_CONST=41 rewriter::(normalize)::rewrite::BV_MUL_EVAL=4 rewriter::(normalize)::rewrite::BV_MUL_NEG=3 rewriter::(normalize)::rewrite::BV_MUL_ONES=18 rewriter::(normalize)::rewrite::BV_NEG_ELIM=20 rewriter::(normalize)::rewrite::BV_NOT_BV_NOT=49 rewriter::(normalize)::rewrite::NORMALIZE_COMM=341 rewriter::eval::BV_MUL_EVAL=1 rewriter::eval::BV_NEG_EVAL=1 rewriter::eval::BV_SHL_EVAL=1 rewriter::eval::EQUAL_EVAL=2 rewriter::eval::IMPLIES_EVAL=1 rewriter::num_evals=6 rewriter::num_rewrites=2690 rewriter::rewrite::BV_ADD_EVAL=2 rewriter::rewrite::BV_ADD_ITE2=43 rewriter::rewrite::BV_ADD_SPECIAL_CONST=36 rewriter::rewrite::BV_EXTRACT_ADD_MUL=15 rewriter::rewrite::BV_EXTRACT_EVAL=1 rewriter::rewrite::BV_EXTRACT_FULL=12 rewriter::rewrite::BV_MUL_ONE=4 rewriter::rewrite::BV_MUL_POW2=15 rewriter::rewrite::BV_NEG_ELIM=49 rewriter::rewrite::BV_NOT_BV_NOT=510 rewriter::rewrite::BV_NOT_EVAL=2 rewriter::rewrite::BV_OR_ELIM=413 rewriter::rewrite::BV_SADDO_ELIM=19 rewriter::rewrite::BV_SDIVO_ELIM=6 rewriter::rewrite::BV_SDIV_ELIM=3 rewriter::rewrite::BV_SGT_ELIM=1 rewriter::rewrite::BV_SHL_CONST=15 rewriter::rewrite::BV_SHL_SPECIAL_CONST=7 rewriter::rewrite::BV_SIGN_EXTEND_ELIM=24 rewriter::rewrite::BV_SLE_ELIM=12 rewriter::rewrite::BV_SMULO_ELIM=7 rewriter::rewrite::BV_SREM_ELIM=3 rewriter::rewrite::BV_SSUBO_ELIM=12 rewriter::rewrite::BV_SUB_ELIM=16 rewriter::rewrite::DISTINCT_ELIM=6 rewriter::rewrite::EQUAL_BV_SUB=7 rewriter::rewrite::EQUAL_CONST_BV_NOT=217 rewriter::rewrite::EQUAL_SPECIAL_CONST=14 rewriter::rewrite::EQUAL_TRUE=11 rewriter::rewrite::IMPLIES_ELIM=7 rewriter::rewrite::ITE_EVAL=2 rewriter::rewrite::NORMALIZE_COMM=1068 rewriter::rewrite::NOT_EQUAL_BV1_BOOL=69 rewriter::rewrite::NOT_NOT=31 rewriter::rewrite::OR_ELIM=31 solver::abstract::lemmas::MUL_NEG_POW2=7 solver::abstract::num_checks=2 solver::abstract::terms::BV_MUL=7 solver::abstract::terms::total=7 solver::abstract::time_check=2ms solver::array::equalities=0 solver::array::num_checks=0 solver::array::propagations=0 solver::array::propagations_down=0 solver::array::propagations_up=0 solver::array::selects=0 solver::array::time_check=0ms solver::bv::bitblast::aig::num_ands=97523 solver::bv::bitblast::aig::num_consts=1639 solver::bv::bitblast::aig::num_shared=12114 solver::bv::bitblast::aig::time_bitblast=12ms solver::bv::bitblast::cnf::num_clauses=253836 solver::bv::bitblast::cnf::num_literals=611119 solver::bv::bitblast::cnf::num_vars=83599 solver::bv::bitblast::cnf::time_encode=69ms solver::bv::bitblast::sat::time_solve=158ms solver::bv::num_assertions=315 solver::bv::num_checks=2 solver::bv::time_check=228ms solver::engine::lemmas::abstr=7 solver::engine::lemmas::array=0 solver::engine::lemmas::fp=0 solver::engine::lemmas::fun=0 solver::engine::lemmas::quant=0 solver::engine::lemmas::total=7 solver::engine::time_register_term=0ms solver::engine::time_solve=245ms solver::fun::num_checks=1 solver::fun::time_check=0ms solver::quant::mbqi_checks=0 solver::quant::num_lemma_iterations=0 solver::quant::num_lemmas=0 solver::quant::time_check=0ms solver::quant::time_mbqi=0ms solver::quant::time_process=0ms solving_context::max_memory=68616192 solving_context::time_ensure_model=0ms solving_context::time_solve=356ms
SAT
Extract symbols: sym=init_var6, value=-1
Extract symbols: sym=init_var7_el0, value=-1
Extract symbols: sym=init_var7_el1, value=-1
Extract symbols: sym=init_var7_el2, value=-1
Extract symbols: sym=init_var7_el3, value=-1
Extract symbols: sym=a0_0_1, value=-1
Extract symbols: sym=a0_0_2, value=-1
Extract symbols: sym=a0_0, value=-1
Extract symbols: sym=a0_1_1, value=-1
Extract symbols: sym=a0_1_2, value=-1
Extract symbols: sym=a0_1, value=-1
Extract symbols: sym=b0_2_1, value=-1
Extract symbols: sym=b0_2_2, value=-1
Extract symbols: sym=b0_2_3, value=-1
Extract symbols: sym=b0_2, value=-1
Extract symbols: sym=a1_0_1, value=<unresolved>
Extract symbols: sym=a1_0_2, value=<unresolved>
Extract symbols: sym=a1_0, value=<unresolved>
Extract symbols: sym=a1_1_1, value=<unresolved>
Extract symbols: sym=a1_1_2, value=<unresolved>
Extract symbols: sym=a1_1, value=<unresolved>
Extract symbols: sym=b1_2_1, value=<unresolved>
Extract symbols: sym=b1_2_2, value=<unresolved>
Extract symbols: sym=b1_2_3, value=<unresolved>
Extract symbols: sym=b1_2, value=<unresolved>
Extract symbols: sym=a2_0_1, value=<unresolved>
Extract symbols: sym=a2_0_2, value=<unresolved>
Extract symbols: sym=a2_0, value=<unresolved>
Extract symbols: sym=a2_1_1, value=<unresolved>
Extract symbols: sym=a2_1_2, value=<unresolved>
Extract symbols: sym=a2_1, value=<unresolved>
Extract symbols: sym=b2_2_1, value=<unresolved>
Extract symbols: sym=b2_2_2, value=<unresolved>
Extract symbols: sym=b2_2_3, value=<unresolved>
Extract symbols: sym=b2_2, value=<unresolved>
Extract symbols: sym=a3_0_1, value=<unresolved>
Extract symbols: sym=a3_0_2, value=<unresolved>
Extract symbols: sym=a3_0, value=<unresolved>
Extract symbols: sym=a3_1_1, value=<unresolved>
Extract symbols: sym=a3_1_2, value=<unresolved>
Extract symbols: sym=a3_1, value=<unresolved>
Extract symbols: sym=b3_2_1, value=<unresolved>
Extract symbols: sym=b3_2_2, value=<unresolved>
Extract symbols: sym=b3_2_3, value=<unresolved>
Extract symbols: sym=b3_2, value=<unresolved>
Extract symbols: sym=a4_0_1, value=<unresolved>
Extract symbols: sym=a4_0_2, value=<unresolved>
Extract symbols: sym=a4_0, value=<unresolved>
Extract symbols: sym=a4_1_1, value=<unresolved>
Extract symbols: sym=a4_1_2, value=<unresolved>
Extract symbols: sym=a4_1, value=<unresolved>
Extract symbols: sym=b4_2_1, value=<unresolved>
Extract symbols: sym=b4_2_2, value=<unresolved>
Extract symbols: sym=b4_2_3, value=<unresolved>
Extract symbols: sym=b4_2, value=<unresolved>
Extract symbols: sym=a5_0_1, value=<unresolved>
Extract symbols: sym=a5_0_2, value=<unresolved>
Extract symbols: sym=a5_0, value=<unresolved>
Extract symbols: sym=a5_1_1, value=<unresolved>
Extract symbols: sym=a5_1_2, value=<unresolved>
Extract symbols: sym=a5_1, value=<unresolved>
Extract symbols: sym=a6_0_1, value=<unresolved>
Extract symbols: sym=a6_0_2, value=<unresolved>
Extract symbols: sym=a6_0, value=<unresolved>
Extract symbols: sym=a6_1_1, value=<unresolved>
Extract symbols: sym=a6_1_2, value=<unresolved>
Extract symbols: sym=a6_1, value=<unresolved>
Extract symbols: sym=b6_2_1, value=<unresolved>
Extract symbols: sym=b6_2_2, value=<unresolved>
Extract symbols: sym=b6_2_3, value=<unresolved>
Extract symbols: sym=b6_2, value=<unresolved>
Extract symbols: sym=a7_0_1, value=<unresolved>
Extract symbols: sym=a7_0_2, value=<unresolved>
Extract symbols: sym=a7_0, value=<unresolved>
Extract symbols: sym=a7_1_1, value=<unresolved>
Extract symbols: sym=a7_1_2, value=<unresolved>
Extract symbols: sym=a7_1, value=<unresolved>
Extract symbols: sym=a8_0_1, value=<unresolved>
Extract symbols: sym=a8_0_2, value=<unresolved>
Extract symbols: sym=a8_0, value=<unresolved>
Extract symbols: sym=a8_1_1, value=<unresolved>
Extract symbols: sym=a8_1_2, value=<unresolved>
Extract symbols: sym=a8_1, value=<unresolved>
Extract symbols: sym=b8_2_1, value=<unresolved>
Extract symbols: sym=b8_2_2, value=<unresolved>
Extract symbols: sym=b8_2_3, value=<unresolved>
Extract symbols: sym=b8_2, value=<unresolved>
Extract symbols: sym=a9_0_1, value=<unresolved>
Extract symbols: sym=a9_0_2, value=<unresolved>
Extract symbols: sym=a9_0, value=<unresolved>
Extract symbols: sym=a9_1_1, value=<unresolved>
Extract symbols: sym=a9_1_2, value=<unresolved>
Extract symbols: sym=a9_1, value=<unresolved>
Extract symbols: sym=b9_2_1, value=<unresolved>
Extract symbols: sym=b9_2_2, value=<unresolved>
Extract symbols: sym=b9_2_3, value=<unresolved>
Extract symbols: sym=b9_2, value=<unresolved>
Extract symbols: sym=a10_0_1, value=-1
Extract symbols: sym=a10_0_2, value=-1
Extract symbols: sym=a10_0, value=2
Extract symbols: sym=a10_1_1, value=-1
Extract symbols: sym=a10_1_2, value=-1
Extract symbols: sym=a10_1, value=-2
Extract symbols: sym=b10_2_1, value=-1
Extract symbols: sym=b10_2_2, value=-1
Extract symbols: sym=b10_2_3, value=-1
Extract symbols: sym=b10_2, value=2147483647
Extract symbols: sym=a11_0_1, value=<unresolved>
Extract symbols: sym=a11_0_2, value=<unresolved>
Extract symbols: sym=a11_0, value=<unresolved>
Extract symbols: sym=a11_1_1, value=<unresolved>
Extract symbols: sym=a11_1_2, value=<unresolved>
Extract symbols: sym=a11_1, value=<unresolved>
Extract symbols: sym=b11_2_1, value=<unresolved>
Extract symbols: sym=b11_2_2, value=<unresolved>
Extract symbols: sym=b11_2_3, value=<unresolved>
Extract symbols: sym=b11_2, value=<unresolved>
Extract symbols: sym=a12_0_1, value=<unresolved>
Extract symbols: sym=a12_0_2, value=<unresolved>
Extract symbols: sym=a12_0, value=<unresolved>
Extract symbols: sym=a12_1_1, value=<unresolved>
Extract symbols: sym=a12_1_2, value=<unresolved>
Extract symbols: sym=a12_1, value=<unresolved>
Extract symbols: sym=b12_2_1, value=<unresolved>
Extract symbols: sym=b12_2_2, value=<unresolved>
Extract symbols: sym=b12_2_3, value=<unresolved>
Extract symbols: sym=b12_2, value=<unresolved>
Extract symbols: sym=a13_0_1, value=<unresolved>
Extract symbols: sym=a13_0_2, value=<unresolved>
Extract symbols: sym=a13_0, value=<unresolved>
Extract symbols: sym=a13_1_1, value=<unresolved>
Extract symbols: sym=a13_1_2, value=<unresolved>
Extract symbols: sym=a13_1, value=<unresolved>
Extract symbols: sym=b13_2_1, value=<unresolved>
Extract symbols: sym=b13_2_2, value=<unresolved>
Extract symbols: sym=b13_2_3, value=<unresolved>
Extract symbols: sym=b13_2, value=<unresolved>
Extract symbols: sym=a14_0_1, value=<unresolved>
Extract symbols: sym=a14_0_2, value=<unresolved>
Extract symbols: sym=a14_0, value=<unresolved>
Extract symbols: sym=a14_1_1, value=<unresolved>
Extract symbols: sym=a14_1_2, value=<unresolved>
Extract symbols: sym=a14_1, value=<unresolved>
Extract symbols: sym=b14_2_1, value=<unresolved>
Extract symbols: sym=b14_2_2, value=<unresolved>
Extract symbols: sym=b14_2_3, value=<unresolved>
Extract symbols: sym=b14_2, value=<unresolved>
Extract symbols: sym=a15_0_1, value=<unresolved>
Extract symbols: sym=a15_0_2, value=<unresolved>
Extract symbols: sym=a15_0, value=<unresolved>
Extract symbols: sym=a15_1_1, value=<unresolved>
Extract symbols: sym=a15_1_2, value=<unresolved>
Extract symbols: sym=a15_1, value=<unresolved>
Extract symbols: sym=a16_0_1, value=<unresolved>
Extract symbols: sym=a16_0_2, value=<unresolved>
Extract symbols: sym=a16_0, value=<unresolved>
Extract symbols: sym=a16_1_1, value=<unresolved>
Extract symbols: sym=a16_1_2, value=<unresolved>
Extract symbols: sym=a16_1, value=<unresolved>
Extract symbols: sym=a17_0_1, value=-1
Extract symbols: sym=a17_0_2, value=-1
Extract symbols: sym=a17_0, value=-1
Extract symbols: sym=a17_1_1, value=-1
Extract symbols: sym=a17_1_2, value=-1
Extract symbols: sym=a17_1, value=-1
Extract symbols: sym=a18_0_1, value=-1
Extract symbols: sym=a18_0_2, value=-1
Extract symbols: sym=a18_0, value=-1
Extract symbols: sym=a18_1_1, value=-1
Extract symbols: sym=a18_1_2, value=-1
Extract symbols: sym=a18_1, value=-1
--------IntUBInject: Inject Int UBs to Block BB9--------------------------------------------
Collected constraints:
(bvsle v5_v0 #b001111111111111111111111111111111)
(bvsge v5_v0 #b110000000000000000000000000000000)
(bvsle v4_v0 #b001111111111111111111111111111111)
(bvsge v4_v0 #b110000000000000000000000000000000)
(bvsle v5_v0 #b001111111111111111111111111111111)
(bvsge v5_v0 #b110000000000000000000000000000000)
(bvsle v4_v0 #b001111111111111111111111111111111)
(bvsge v4_v0 #b110000000000000000000000000000000)
(bvsge a9_0_1 #b110000000000000000000000000000000)
(bvsle a9_0_1 #b001111111111111111111111111111111)
(distinct v5_v0 #b000000000000000000000000000000000)
(bvsge a9_0_2 #b110000000000000000000000000000000)
(bvsle a9_0_2 #b001111111111111111111111111111111)
(distinct v4_v0 #b000000000000000000000000000000000)
(bvsge a9_0 #b110000000000000000000000000000000)
(bvsle a9_0 #b001111111111111111111111111111111)
(bvsle (bvadd (bvadd (ite (= a9_0_1 #b000000000000000000000000000000000) #b000000000000000000000000000000001 #b000000000000000000000000000000000) (ite (= a9_0_2 #b000000000000000000000000000000000) #b000000000000000000000000000000001 #b000000000000000000000000000000000)) (ite (= a9_0 #b000000000000000000000000000000000) #b000000000000000000000000000000001 #b000000000000000000000000000000000)) #b000000000000000000000000000000001)
(= v7_el3_v1 (bvadd (bvadd a9_0 (bvsdiv a9_0_2 v4_v0)) (bvsrem a9_0_1 v5_v0)))
(bvsge a9_1_1 #b110000000000000000000000000000000)
(bvsle a9_1_1 #b001111111111111111111111111111111)
(bvsge a9_1_2 #b110000000000000000000000000000000)
(bvsle a9_1_2 #b001111111111111111111111111111111)
(distinct v4_v0 #b000000000000000000000000000000000)
(bvsge a9_1 #b110000000000000000000000000000000)
(bvsle a9_1 #b001111111111111111111111111111111)
(bvsle (bvadd (bvadd (ite (= a9_1_1 #b000000000000000000000000000000000) #b000000000000000000000000000000001 #b000000000000000000000000000000000) (ite (= a9_1_2 #b000000000000000000000000000000000) #b000000000000000000000000000000001 #b000000000000000000000000000000000)) (ite (= a9_1 #b000000000000000000000000000000000) #b000000000000000000000000000000001 #b000000000000000000000000000000000)) #b000000000000000000000000000000001)
(= v1_v1 (bvsub (bvsub a9_1 (bvsrem a9_1_2 v4_v0)) (bvmul a9_1_1 v5_v0)))
(bvsge b9_2_1 #b110000000000000000000000000000000)
(bvsle b9_2_1 #b001111111111111111111111111111111)
(= #b000000000000000000000000000000001 #b000000000000000000000000000000001)
(= #b000000000000000000000000000000001 #b000000000000000000000000000000001)
(distinct v7_el3_v1 #b000000000000000000000000000000000)
(bvsge b9_2_2 #b110000000000000000000000000000000)
(bvsle b9_2_2 #b001111111111111111111111111111111)
(bvsge b9_2_3 #b110000000000000000000000000000000)
(bvsle b9_2_3 #b001111111111111111111111111111111)
(distinct v3_v0 #b000000000000000000000000000000000)
(bvsge b9_2 #b110000000000000000000000000000000)
(bvsle b9_2 #b001111111111111111111111111111111)
(bvsle (bvadd (bvadd (bvadd (ite (= b9_2_1 #b000000000000000000000000000000000) #b000000000000000000000000000000001 #b000000000000000000000000000000000) (ite (= b9_2_2 #b000000000000000000000000000000000) #b000000000000000000000000000000001 #b000000000000000000000000000000000)) (ite (= b9_2_3 #b000000000000000000000000000000000) #b000000000000000000000000000000001 #b000000000000000000000000000000000)) (ite (= b9_2 #b000000000000000000000000000000000) #b000000000000000000000000000000001 #b000000000000000000000000000000000)) #b000000000000000000000000000000010)
(let ((_let0 (bvadd (bvadd a9_0 (bvsdiv a9_0_2 v4_v0)) (bvsrem a9_0_1 v5_v0)))) (let ((_let1 (bvsub (bvsub a9_1 (bvsrem a9_1_2 v4_v0)) (bvmul a9_1_1 v5_v0)))) (let ((_let2 (bvsub (bvsub (bvsub b9_2 (bvsdiv b9_2_3 v3_v0)) (bvmul b9_2_2 v1_v1)) (bvsrem b9_2_1 v7_el3_v1)))) (or (or (or false (or (bvsgt _let0 #b001111111111111111111111111111111) (bvslt _let0 #b110000000000000000000000000000000))) (or (bvsgt _let1 #b001111111111111111111111111111111) (bvslt _let1 #b110000000000000000000000000000000))) (or (bvsgt _let2 #b001111111111111111111111111111111) (bvslt _let2 #b110000000000000000000000000000000))))))
SAT
Adding initializations to ensure undefined behaviors
Let variable: var=v5, value=1
Let variable: var=v4, value=1
Let variable: var=v5, value=1
Let variable: var=v4, value=1
Let symbol: sym=a9_0_1, value=1073741824
Let symbol: sym=a9_0_2, value=1
Let symbol: sym=a9_0, value=0
Let symbol: sym=a9_1_1, value=-2
Let symbol: sym=a9_1_2, value=1
Let symbol: sym=a9_1, value=0
Let symbol: sym=b9_2_1, value=-1
Let symbol: sym=b9_2_2, value=1
Let symbol: sym=b9_2_3, value=1
Let symbol: sym=b9_2, value=-2147483648
--------IntUBInject: Inject Int UBs to Block BB15--------------------------------------------
Collected constraints:
(bvsle v2_v0 #b001111111111111111111111111111111)
(bvsge v2_v0 #b110000000000000000000000000000000)
(bvsle v3_v0 #b001111111111111111111111111111111)
(bvsge v3_v0 #b110000000000000000000000000000000)
(bvsle v2_v0 #b001111111111111111111111111111111)
(bvsge v2_v0 #b110000000000000000000000000000000)
(bvsle v3_v0 #b001111111111111111111111111111111)
(bvsge v3_v0 #b110000000000000000000000000000000)
(bvsge a15_0_1 #b110000000000000000000000000000000)
(bvsle a15_0_1 #b001111111111111111111111111111111)
(bvsge a15_0_2 #b110000000000000000000000000000000)
(bvsle a15_0_2 #b001111111111111111111111111111111)
(distinct v3_v0 #b000000000000000000000000000000000)
(bvsge a15_0 #b110000000000000000000000000000000)
(bvsle a15_0 #b001111111111111111111111111111111)
(bvsle (bvadd (bvadd (ite (= a15_0_1 #b000000000000000000000000000000000) #b000000000000000000000000000000001 #b000000000000000000000000000000000) (ite (= a15_0_2 #b000000000000000000000000000000000) #b000000000000000000000000000000001 #b000000000000000000000000000000000)) (ite (= a15_0 #b000000000000000000000000000000000) #b000000000000000000000000000000001 #b000000000000000000000000000000000)) #b000000000000000000000000000000001)
(= v4_v1 (bvsub (bvsub a15_0 (bvsdiv a15_0_2 v3_v0)) (bvmul a15_0_1 v2_v0)))
(bvsge a15_1_1 #b110000000000000000000000000000000)
(bvsle a15_1_1 #b001111111111111111111111111111111)
(bvsge a15_1_2 #b110000000000000000000000000000000)
(bvsle a15_1_2 #b001111111111111111111111111111111)
(bvsge a15_1 #b110000000000000000000000000000000)
(bvsle a15_1 #b001111111111111111111111111111111)
(bvsle (bvadd (bvadd (ite (= a15_1_1 #b000000000000000000000000000000000) #b000000000000000000000000000000001 #b000000000000000000000000000000000) (ite (= a15_1_2 #b000000000000000000000000000000000) #b000000000000000000000000000000001 #b000000000000000000000000000000000)) (ite (= a15_1 #b000000000000000000000000000000000) #b000000000000000000000000000000001 #b000000000000000000000000000000000)) #b000000000000000000000000000000001)
(= v5_v1 (bvsub (bvsub a15_1 (bvmul a15_1_2 v3_v0)) (bvsub a15_1_1 v2_v0)))
(let ((_let0 (bvsub (bvsub a15_0 (bvsdiv a15_0_2 v3_v0)) (bvmul a15_0_1 v2_v0)))) (let ((_let1 (bvsub (bvsub a15_1 (bvmul a15_1_2 v3_v0)) (bvsub a15_1_1 v2_v0)))) (or (or false (or (bvsgt _let0 #b001111111111111111111111111111111) (bvslt _let0 #b110000000000000000000000000000000))) (or (bvsgt _let1 #b001111111111111111111111111111111) (bvslt _let1 #b110000000000000000000000000000000)))))
SAT
Adding initializations to ensure undefined behaviors
Let variable: var=v2, value=2147483647
Let variable: var=v3, value=-2
Let variable: var=v2, value=2147483647
Let variable: var=v3, value=-2
Let symbol: sym=a15_0_1, value=1
Let symbol: sym=a15_0_2, value=-2147483648
Let symbol: sym=a15_0, value=-1073741826
Let symbol: sym=a15_1_1, value=3
Let symbol: sym=a15_1_2, value=1
Let symbol: sym=a15_1, value=0
Define symbols: sym=a1_0_1, val=252775198 (for unexecuted basic blocks)
Define symbols: sym=a1_0_2, val=2117781828 (for unexecuted basic blocks)
Define symbols: sym=a1_0, val=1488928259 (for unexecuted basic blocks)
Define symbols: sym=a1_1_1, val=337547964 (for unexecuted basic blocks)
Define symbols: sym=a1_1_2, val=-416727674 (for unexecuted basic blocks)
Define symbols: sym=a1_1, val=1119447100 (for unexecuted basic blocks)
Define symbols: sym=b1_2_1, val=1701765662 (for unexecuted basic blocks)
Define symbols: sym=b1_2_2, val=-294375724 (for unexecuted basic blocks)
Define symbols: sym=b1_2_3, val=1449882451 (for unexecuted basic blocks)
Define symbols: sym=b1_2, val=-154040883 (for unexecuted basic blocks)
Define symbols: sym=a2_0_1, val=1554066610 (for unexecuted basic blocks)
Define symbols: sym=a2_0_2, val=-307512863 (for unexecuted basic blocks)
Define symbols: sym=a2_0, val=-724600443 (for unexecuted basic blocks)
Define symbols: sym=a2_1_1, val=-2024944541 (for unexecuted basic blocks)
Define symbols: sym=a2_1_2, val=-8761116 (for unexecuted basic blocks)
Define symbols: sym=a2_1, val=252620576 (for unexecuted basic blocks)
Define symbols: sym=b2_2_1, val=-505347866 (for unexecuted basic blocks)
Define symbols: sym=b2_2_2, val=1752361549 (for unexecuted basic blocks)
Define symbols: sym=b2_2_3, val=204267552 (for unexecuted basic blocks)
Define symbols: sym=b2_2, val=-723496064 (for unexecuted basic blocks)
Define symbols: sym=a3_0_1, val=660524362 (for unexecuted basic blocks)
Define symbols: sym=a3_0_2, val=233314678 (for unexecuted basic blocks)
Define symbols: sym=a3_0, val=-1001064593 (for unexecuted basic blocks)
Define symbols: sym=a3_1_1, val=179741425 (for unexecuted basic blocks)
Define symbols: sym=a3_1_2, val=1267549521 (for unexecuted basic blocks)
Define symbols: sym=a3_1, val=-1967181232 (for unexecuted basic blocks)
Define symbols: sym=b3_2_1, val=-1366061506 (for unexecuted basic blocks)
Define symbols: sym=b3_2_2, val=93818415 (for unexecuted basic blocks)
Define symbols: sym=b3_2_3, val=-351646755 (for unexecuted basic blocks)
Define symbols: sym=b3_2, val=605056030 (for unexecuted basic blocks)
Define symbols: sym=a4_0_1, val=-1069124559 (for unexecuted basic blocks)
Define symbols: sym=a4_0_2, val=-61131489 (for unexecuted basic blocks)
Define symbols: sym=a4_0, val=-1236798097 (for unexecuted basic blocks)
Define symbols: sym=a4_1_1, val=-1154914014 (for unexecuted basic blocks)
Define symbols: sym=a4_1_2, val=1136058505 (for unexecuted basic blocks)
Define symbols: sym=a4_1, val=1327365825 (for unexecuted basic blocks)
Define symbols: sym=b4_2_1, val=-445867728 (for unexecuted basic blocks)
Define symbols: sym=b4_2_2, val=292493754 (for unexecuted basic blocks)
Define symbols: sym=b4_2_3, val=285783202 (for unexecuted basic blocks)
Define symbols: sym=b4_2, val=453849418 (for unexecuted basic blocks)
Define symbols: sym=a5_0_1, val=-499497109 (for unexecuted basic blocks)
Define symbols: sym=a5_0_2, val=1817653418 (for unexecuted basic blocks)
Define symbols: sym=a5_0, val=-766506046 (for unexecuted basic blocks)
Define symbols: sym=a5_1_1, val=1148005707 (for unexecuted basic blocks)
Define symbols: sym=a5_1_2, val=-1267932376 (for unexecuted basic blocks)
Define symbols: sym=a5_1, val=-734906609 (for unexecuted basic blocks)
Define symbols: sym=a6_0_1, val=325223689 (for unexecuted basic blocks)
Define symbols: sym=a6_0_2, val=1761930118 (for unexecuted basic blocks)
Define symbols: sym=a6_0, val=-312328670 (for unexecuted basic blocks)
Define symbols: sym=a6_1_1, val=690973541 (for unexecuted basic blocks)
Define symbols: sym=a6_1_2, val=-1077499969 (for unexecuted basic blocks)
Define symbols: sym=a6_1, val=-811409933 (for unexecuted basic blocks)
Define symbols: sym=b6_2_1, val=-2104246592 (for unexecuted basic blocks)
Define symbols: sym=b6_2_2, val=1255749570 (for unexecuted basic blocks)
Define symbols: sym=b6_2_3, val=-1665775228 (for unexecuted basic blocks)
Define symbols: sym=b6_2, val=-183353682 (for unexecuted basic blocks)
Define symbols: sym=a7_0_1, val=458295884 (for unexecuted basic blocks)
Define symbols: sym=a7_0_2, val=-113040477 (for unexecuted basic blocks)
Define symbols: sym=a7_0, val=-1739006879 (for unexecuted basic blocks)
Define symbols: sym=a7_1_1, val=356393215 (for unexecuted basic blocks)
Define symbols: sym=a7_1_2, val=-1454770659 (for unexecuted basic blocks)
Define symbols: sym=a7_1, val=1727981413 (for unexecuted basic blocks)
Define symbols: sym=a8_0_1, val=570478798 (for unexecuted basic blocks)
Define symbols: sym=a8_0_2, val=-882910309 (for unexecuted basic blocks)
Define symbols: sym=a8_0, val=-1922474492 (for unexecuted basic blocks)
Define symbols: sym=a8_1_1, val=-1427290320 (for unexecuted basic blocks)
Define symbols: sym=a8_1_2, val=-1353695998 (for unexecuted basic blocks)
Define symbols: sym=a8_1, val=-2051520730 (for unexecuted basic blocks)
Define symbols: sym=b8_2_1, val=-1107670518 (for unexecuted basic blocks)
Define symbols: sym=b8_2_2, val=-1672000364 (for unexecuted basic blocks)
Define symbols: sym=b8_2_3, val=1886994047 (for unexecuted basic blocks)
Define symbols: sym=b8_2, val=-896823796 (for unexecuted basic blocks)
Define symbols: sym=a11_0_1, val=-251832411 (for unexecuted basic blocks)
Define symbols: sym=a11_0_2, val=2044546028 (for unexecuted basic blocks)
Define symbols: sym=a11_0, val=318603820 (for unexecuted basic blocks)
Define symbols: sym=a11_1_1, val=-875648757 (for unexecuted basic blocks)
Define symbols: sym=a11_1_2, val=-507409682 (for unexecuted basic blocks)
Define symbols: sym=a11_1, val=-1088511613 (for unexecuted basic blocks)
Define symbols: sym=b11_2_1, val=-814432436 (for unexecuted basic blocks)
Define symbols: sym=b11_2_2, val=-1075824596 (for unexecuted basic blocks)
Define symbols: sym=b11_2_3, val=485138576 (for unexecuted basic blocks)
Define symbols: sym=b11_2, val=-1388523082 (for unexecuted basic blocks)
Define symbols: sym=a12_0_1, val=-1546800833 (for unexecuted basic blocks)
Define symbols: sym=a12_0_2, val=-648096914 (for unexecuted basic blocks)
Define symbols: sym=a12_0, val=835577986 (for unexecuted basic blocks)
Define symbols: sym=a12_1_1, val=1846645476 (for unexecuted basic blocks)
Define symbols: sym=a12_1_2, val=1434014971 (for unexecuted basic blocks)
Define symbols: sym=a12_1, val=-1972330860 (for unexecuted basic blocks)
Define symbols: sym=b12_2_1, val=-17907704 (for unexecuted basic blocks)
Define symbols: sym=b12_2_2, val=-311938894 (for unexecuted basic blocks)
Define symbols: sym=b12_2_3, val=-1991580424 (for unexecuted basic blocks)
Define symbols: sym=b12_2, val=971580324 (for unexecuted basic blocks)
Define symbols: sym=a13_0_1, val=-365148918 (for unexecuted basic blocks)
Define symbols: sym=a13_0_2, val=-1697543283 (for unexecuted basic blocks)
Define symbols: sym=a13_0, val=-445288972 (for unexecuted basic blocks)
Define symbols: sym=a13_1_1, val=463326459 (for unexecuted basic blocks)
Define symbols: sym=a13_1_2, val=-1968883951 (for unexecuted basic blocks)
Define symbols: sym=a13_1, val=779757061 (for unexecuted basic blocks)
Define symbols: sym=b13_2_1, val=1767784386 (for unexecuted basic blocks)
Define symbols: sym=b13_2_2, val=1708578788 (for unexecuted basic blocks)
Define symbols: sym=b13_2_3, val=-379289170 (for unexecuted basic blocks)
Define symbols: sym=b13_2, val=-1685281313 (for unexecuted basic blocks)
Define symbols: sym=a14_0_1, val=-540364692 (for unexecuted basic blocks)
Define symbols: sym=a14_0_2, val=1885944275 (for unexecuted basic blocks)
Define symbols: sym=a14_0, val=-1787676217 (for unexecuted basic blocks)
Define symbols: sym=a14_1_1, val=-328934436 (for unexecuted basic blocks)
Define symbols: sym=a14_1_2, val=427464681 (for unexecuted basic blocks)
Define symbols: sym=a14_1, val=-1674023078 (for unexecuted basic blocks)
Define symbols: sym=b14_2_1, val=-1868619979 (for unexecuted basic blocks)
Define symbols: sym=b14_2_2, val=-2130279344 (for unexecuted basic blocks)
Define symbols: sym=b14_2_3, val=171998301 (for unexecuted basic blocks)
Define symbols: sym=b14_2, val=-1088750243 (for unexecuted basic blocks)
Define symbols: sym=a16_0_1, val=-1441381519 (for unexecuted basic blocks)
Define symbols: sym=a16_0_2, val=-1152535882 (for unexecuted basic blocks)
Define symbols: sym=a16_0, val=1441646138 (for unexecuted basic blocks)
Define symbols: sym=a16_1_1, val=-1650225686 (for unexecuted basic blocks)
Define symbols: sym=a16_1_2, val=-1611072207 (for unexecuted basic blocks)
Define symbols: sym=a16_1, val=-893902503 (for unexecuted basic blocks)
Extract initialization: param=v0, value=-1
Extract initialization: param=v0, value=-1
Extract initialization: param=v1, value=-1
Extract initialization: param=v2, value=-1
Extract initialization: param=v3, value=-1
Extract initialization: param=v4, value=-1
Extract initialization: param=v5, value=-1
Extract finalization: param=v0, value=-1
Extract finalization: param=v0, value=-1
Extract finalization: param=v1, value=-1
Extract finalization: param=v2, value=-1
Extract finalization: param=v3, value=0
Extract finalization: param=v4, value=-2
Extract finalization: param=v5, value=1
------SymExec: Iteration 1----------------------------------------------
Generating or re-generating UB-free constraints
Initial constraints: 
```
(bvsle (bvadd (bvadd (bvadd (bvadd (bvadd (bvadd (ite (= v0_el0_v0 #b00000000000000000000000000000000) #b00000000000000000000000000000001 #b00000000000000000000000000000000) (ite (= v0_el1_v0 #b00000000000000000000000000000000) #b00000000000000000000000000000001 #b00000000000000000000000000000000)) (ite (= v1_v0 #b00000000000000000000000000000000) #b00000000000000000000000000000001 #b00000000000000000000000000000000)) (ite (= v2_v0 #b00000000000000000000000000000000) #b00000000000000000000000000000001 #b00000000000000000000000000000000)) (ite (= v3_v0 #b00000000000000000000000000000000) #b00000000000000000000000000000001 #b00000000000000000000000000000000)) (ite (= v4_v0 #b00000000000000000000000000000000) #b00000000000000000000000000000001 #b00000000000000000000000000000000)) (ite (= v5_v0 #b00000000000000000000000000000000) #b00000000000000000000000000000001 #b00000000000000000000000000000000)) #b00000000000000000000000000000011)
```
Final constraints: 
```
(bvsle (bvadd (bvadd (bvadd (bvadd (bvadd (bvadd (ite (= v0_el0_v0 #b00000000000000000000000000000000) #b00000000000000000000000000000001 #b00000000000000000000000000000000) (ite (= v0_el1_v0 #b00000000000000000000000000000000) #b00000000000000000000000000000001 #b00000000000000000000000000000000)) (ite (= v1_v0 #b00000000000000000000000000000000) #b00000000000000000000000000000001 #b00000000000000000000000000000000)) (ite (= v2_v0 #b00000000000000000000000000000000) #b00000000000000000000000000000001 #b00000000000000000000000000000000)) (ite (= v3_v0 #b00000000000000000000000000000000) #b00000000000000000000000000000001 #b00000000000000000000000000000000)) (ite (= v4_v0 #b00000000000000000000000000000000) #b00000000000000000000000000000001 #b00000000000000000000000000000000)) (ite (= v5_v0 #b00000000000000000000000000000000) #b00000000000000000000000000000001 #b00000000000000000000000000000000)) #b00000000000000000000000000000011)
(= v6_v0 #b11111111111111111111111111111111)
(= v7_el0_v0 #b11111111111111111111111111111111)
(= v7_el1_v0 #b11111111111111111111111111111111)
(= v7_el2_v0 #b11111111111111111111111111111111)
(= v7_el3_v0 #b11111111111111111111111111111111)
(let ((_let0 (ite (= #b11111111111111111111111111111111 #b00000000000000000000000000000000) #b00000000000000000000000000000001 #b00000000000000000000000000000000))) (bvsle (bvadd (bvadd (bvadd _let0 _let0) _let0) _let0) #b00000000000000000000000000000010))
(not (bvssubo #b11111111111111111111111111111111 v2_v0))
(not (bvssubo #b11111111111111111111111111111111 v7_el3_v0))
(not (bvsaddo (bvsub #b11111111111111111111111111111111 v2_v0) (bvsub #b11111111111111111111111111111111 v7_el3_v0)))
(not (bvsaddo (bvadd (bvsub #b11111111111111111111111111111111 v2_v0) (bvsub #b11111111111111111111111111111111 v7_el3_v0)) #b11111111111111111111111111111111))
(let ((_let0 (ite (= #b11111111111111111111111111111111 #b00000000000000000000000000000000) #b00000000000000000000000000000001 #b00000000000000000000000000000000))) (bvsle (bvadd (bvadd _let0 _let0) _let0) #b00000000000000000000000000000001))
(= v5_v1 (bvadd (bvadd (bvsub #b11111111111111111111111111111111 v2_v0) (bvsub #b11111111111111111111111111111111 v7_el3_v0)) #b11111111111111111111111111111111))
(not (bvsaddo #b11111111111111111111111111111111 v7_el3_v0))
(distinct v2_v0 #b00000000000000000000000000000000)
(not (bvsdivo #b11111111111111111111111111111111 v2_v0))
(not (bvssubo (bvadd #b11111111111111111111111111111111 v7_el3_v0) (bvsdiv #b11111111111111111111111111111111 v2_v0)))
(not (bvssubo (bvsub (bvadd #b11111111111111111111111111111111 v7_el3_v0) (bvsdiv #b11111111111111111111111111111111 v2_v0)) #b11111111111111111111111111111111))
(= v3_v1 (bvsub (bvsub (bvadd #b11111111111111111111111111111111 v7_el3_v0) (bvsdiv #b11111111111111111111111111111111 v2_v0)) #b11111111111111111111111111111111))
(not (bvsaddo #b11111111111111111111111111111111 v5_v1))
(not (bvssubo #b11111111111111111111111111111111 v3_v1))
(not (bvssubo (bvadd #b11111111111111111111111111111111 v5_v1) (bvsub #b11111111111111111111111111111111 v3_v1)))
(not (bvsmulo #b11111111111111111111111111111111 v1_v0))
(not (bvssubo (bvsub (bvadd #b11111111111111111111111111111111 v5_v1) (bvsub #b11111111111111111111111111111111 v3_v1)) (bvmul #b11111111111111111111111111111111 v1_v0)))
(not (bvssubo (bvsub (bvsub (bvadd #b11111111111111111111111111111111 v5_v1) (bvsub #b11111111111111111111111111111111 v3_v1)) (bvmul #b11111111111111111111111111111111 v1_v0)) #b11111111111111111111111111111111))
(not (bvsgt (bvsub (bvsub (bvsub (bvadd #b11111111111111111111111111111111 v5_v1) (bvsub #b11111111111111111111111111111111 v3_v1)) (bvmul #b11111111111111111111111111111111 v1_v0)) #b11111111111111111111111111111111) #b00000000000000000000000000000000))
(not (bvsmulo #b11111111111111111111111111111111 v2_v0))
(distinct v3_v1 #b00000000000000000000000000000000)
(not (bvsdivo #b11111111111111111111111111111111 v3_v1))
(not (bvssubo (bvmul #b11111111111111111111111111111111 v2_v0) (bvsdiv #b11111111111111111111111111111111 v3_v1)))
(not (bvssubo (bvsub (bvmul #b11111111111111111111111111111111 v2_v0) (bvsdiv #b11111111111111111111111111111111 v3_v1)) #b00000000000000000000000000000010))
(let ((_let0 (ite (= #b11111111111111111111111111111111 #b00000000000000000000000000000000) #b00000000000000000000000000000001 #b00000000000000000000000000000000))) (bvsle (bvadd (bvadd _let0 _let0) (ite (= #b00000000000000000000000000000010 #b00000000000000000000000000000000) #b00000000000000000000000000000001 #b00000000000000000000000000000000)) #b00000000000000000000000000000001))
(= v3_v2 (bvsub (bvsub (bvmul #b11111111111111111111111111111111 v2_v0) (bvsdiv #b11111111111111111111111111111111 v3_v1)) #b00000000000000000000000000000010))
(distinct v7_el3_v0 #b00000000000000000000000000000000)
(not (bvsdivo #b11111111111111111111111111111111 v7_el3_v0))
(not (bvsaddo (bvsrem #b11111111111111111111111111111111 v7_el3_v0) (bvmul #b11111111111111111111111111111111 v2_v0)))
(not (bvsaddo (bvadd (bvsrem #b11111111111111111111111111111111 v7_el3_v0) (bvmul #b11111111111111111111111111111111 v2_v0)) #b11111111111111111111111111111110))
(let ((_let0 (ite (= #b11111111111111111111111111111111 #b00000000000000000000000000000000) #b00000000000000000000000000000001 #b00000000000000000000000000000000))) (bvsle (bvadd (bvadd _let0 _let0) (ite (= #b11111111111111111111111111111110 #b00000000000000000000000000000000) #b00000000000000000000000000000001 #b00000000000000000000000000000000)) #b00000000000000000000000000000001))
(= v7_el3_v1 (bvadd (bvadd (bvsrem #b11111111111111111111111111111111 v7_el3_v0) (bvmul #b11111111111111111111111111111111 v2_v0)) #b11111111111111111111111111111110))
(not (bvsaddo #b11111111111111111111111111111111 v3_v2))
(not (bvsmulo #b11111111111111111111111111111111 v7_el3_v1))
(not (bvsaddo (bvadd #b11111111111111111111111111111111 v3_v2) (bvmul #b11111111111111111111111111111111 v7_el3_v1)))
(not (bvssubo #b11111111111111111111111111111111 v5_v1))
(not (bvsaddo (bvadd (bvadd #b11111111111111111111111111111111 v3_v2) (bvmul #b11111111111111111111111111111111 v7_el3_v1)) (bvsub #b11111111111111111111111111111111 v5_v1)))
(not (bvsaddo (bvadd (bvadd (bvadd #b11111111111111111111111111111111 v3_v2) (bvmul #b11111111111111111111111111111111 v7_el3_v1)) (bvsub #b11111111111111111111111111111111 v5_v1)) #b01111111111111111111111111111111))
(let ((_let0 (ite (= #b11111111111111111111111111111111 #b00000000000000000000000000000000) #b00000000000000000000000000000001 #b00000000000000000000000000000000))) (bvsle (bvadd (bvadd (bvadd _let0 _let0) _let0) (ite (= #b01111111111111111111111111111111 #b00000000000000000000000000000000) #b00000000000000000000000000000001 #b00000000000000000000000000000000)) #b00000000000000000000000000000010))
(not (bvslt (bvadd (bvadd (bvadd (bvadd #b11111111111111111111111111111111 v3_v2) (bvmul #b11111111111111111111111111111111 v7_el3_v1)) (bvsub #b11111111111111111111111111111111 v5_v1)) #b01111111111111111111111111111111) #b00000000000000000000000000000000))
(distinct v5_v1 #b00000000000000000000000000000000)
(not (bvsdivo #b11111111111111111111111111111111 v5_v1))
(not (bvssubo #b11111111111111111111111111111111 v6_v0))
(not (bvsaddo (bvsrem #b11111111111111111111111111111111 v5_v1) (bvsub #b11111111111111111111111111111111 v6_v0)))
(not (bvsaddo (bvadd (bvsrem #b11111111111111111111111111111111 v5_v1) (bvsub #b11111111111111111111111111111111 v6_v0)) #b11111111111111111111111111111111))
(= v6_v1 (bvadd (bvadd (bvsrem #b11111111111111111111111111111111 v5_v1) (bvsub #b11111111111111111111111111111111 v6_v0)) #b11111111111111111111111111111111))
(not (bvsaddo #b11111111111111111111111111111111 v2_v0))
(not (bvsmulo #b11111111111111111111111111111111 v3_v2))
(not (bvsaddo (bvadd #b11111111111111111111111111111111 v2_v0) (bvmul #b11111111111111111111111111111111 v3_v2)))
(not (bvsaddo (bvadd (bvadd #b11111111111111111111111111111111 v2_v0) (bvmul #b11111111111111111111111111111111 v3_v2)) #b11111111111111111111111111111111))
(= v4_v1 (bvadd (bvadd (bvadd #b11111111111111111111111111111111 v2_v0) (bvmul #b11111111111111111111111111111111 v3_v2)) #b11111111111111111111111111111111))
(distinct v6_v1 #b00000000000000000000000000000000)
(not (bvsdivo #b11111111111111111111111111111111 v6_v1))
(distinct v7_el3_v1 #b00000000000000000000000000000000)
(not (bvsdivo #b11111111111111111111111111111111 v7_el3_v1))
(not (bvsaddo (bvsrem #b11111111111111111111111111111111 v6_v1) (bvsdiv #b11111111111111111111111111111111 v7_el3_v1)))
(not (bvsaddo (bvadd (bvsrem #b11111111111111111111111111111111 v6_v1) (bvsdiv #b11111111111111111111111111111111 v7_el3_v1)) #b11111111111111111111111111111111))
(= v3_v3 (bvadd (bvadd (bvsrem #b11111111111111111111111111111111 v6_v1) (bvsdiv #b11111111111111111111111111111111 v7_el3_v1)) #b11111111111111111111111111111111))
(not (bvsmulo #b11111111111111111111111111111111 v5_v1))
(not (bvsaddo (bvmul #b11111111111111111111111111111111 v2_v0) (bvmul #b11111111111111111111111111111111 v5_v1)))
(not (bvsaddo (bvadd (bvmul #b11111111111111111111111111111111 v2_v0) (bvmul #b11111111111111111111111111111111 v5_v1)) #b11111111111111111111111111111111))
(= v5_v2 (bvadd (bvadd (bvmul #b11111111111111111111111111111111 v2_v0) (bvmul #b11111111111111111111111111111111 v5_v1)) #b11111111111111111111111111111111))
(bvsle (bvadd (bvadd (bvadd (bvadd (bvadd (bvadd (ite (= (ite (distinct v0_el0_v0 #b11111111111111111111111111111111) #b00000000000000000000000000000001 #b00000000000000000000000000000000) #b00000000000000000000000000000000) #b00000000000000000000000000000001 #b00000000000000000000000000000000) (ite (= (ite (distinct v0_el1_v0 #b11111111111111111111111111111111) #b00000000000000000000000000000001 #b00000000000000000000000000000000) #b00000000000000000000000000000000) #b00000000000000000000000000000001 #b00000000000000000000000000000000)) (ite (= (ite (distinct v1_v0 #b11111111111111111111111111111111) #b00000000000000000000000000000001 #b00000000000000000000000000000000) #b00000000000000000000000000000000) #b00000000000000000000000000000001 #b00000000000000000000000000000000)) (ite (= (ite (distinct v2_v0 #b11111111111111111111111111111111) #b00000000000000000000000000000001 #b00000000000000000000000000000000) #b00000000000000000000000000000000) #b00000000000000000000000000000001 #b00000000000000000000000000000000)) (ite (= (ite (distinct v3_v0 #b11111111111111111111111111111111) #b00000000000000000000000000000001 #b00000000000000000000000000000000) #b00000000000000000000000000000000) #b00000000000000000000000000000001 #b00000000000000000000000000000000)) (ite (= (ite (distinct v4_v0 #b11111111111111111111111111111111) #b00000000000000000000000000000001 #b00000000000000000000000000000000) #b00000000000000000000000000000000) #b00000000000000000000000000000001 #b00000000000000000000000000000000)) (ite (= (ite (distinct v5_v0 #b11111111111111111111111111111111) #b00000000000000000000000000000001 #b00000000000000000000000000000000) #b00000000000000000000000000000000) #b00000000000000000000000000000001 #b00000000000000000000000000000000)) #b00000000000000000000000000000011)
```
Constraint stats: asserted=70 addCalls=78 skippedTrue=0 deduped=8 ensureInRangeCalls=91 boundedAlready=0 uniqueConstraintIds=70 uniqueBoundedIds=0 (solverAsserted=0)
Bitwuzla check_sat time: 54ms
Bitwuzla statistics: preprocess::contradicting_ands::num_substs=0 preprocess::contradicting_ands::time_apply=0ms preprocess::elim_extract::num_elim=0 preprocess::elim_extract::time_apply=0ms preprocess::elim_lambda::time_apply=0ms preprocess::elim_udiv::num_eliminated=0 preprocess::elim_udiv::time_apply=0ms preprocess::embedded_constraints::num_substs=1 preprocess::embedded_constraints::time_apply=0ms preprocess::flatten_and::num_assertions=24 preprocess::flatten_and::num_flattened=12 preprocess::flatten_and::time_apply=0ms preprocess::lambda::num_elim=0 preprocess::normalize::num_common_normalizations=0 preprocess::normalize::num_normalizations=48 preprocess::normalize::num_normalized_assertions=0 preprocess::normalize::num_pass1=0 preprocess::normalize::num_pass2=0 preprocess::normalize::time_adder_chains=0ms preprocess::normalize::time_apply=7ms preprocess::normalize::time_compute_occs=0ms preprocess::normalize::time_normalize_add=0ms preprocess::normalize::time_normalize_mul=0ms preprocess::normalize::time_score=5ms preprocess::rewrite::time_apply=1ms preprocess::skeleton_preproc::cnf::clauses=204 preprocess::skeleton_preproc::cnf::lits=412 preprocess::skeleton_preproc::new_assertions=0 preprocess::skeleton_preproc::resets=1 preprocess::skeleton_preproc::time_apply=1ms preprocess::skeleton_preproc::time_encode=0ms preprocess::skeleton_preproc::time_fixed=0ms preprocess::skeleton_preproc::time_sat=0ms preprocess::uninterpreted::num_substs=0 preprocess::uninterpreted::time_apply=0ms preprocess::varsubst::normalize_bv_ineq::num_slt=0 preprocess::varsubst::normalize_bv_ineq::num_ult=0 preprocess::varsubst::normalize_eq::num_bv_concat=0 preprocess::varsubst::normalize_eq::num_gauss_elim=0 preprocess::varsubst::normalize_eq::num_linear_eq=0 preprocess::varsubst::num_substs=13 preprocess::varsubst::time_apply=0ms preprocess::varsubst::time_direct_cycle_check=0ms preprocess::varsubst::time_find_substitution=0ms preprocess::varsubst::time_find_vars=0ms preprocess::varsubst::time_register=0ms preprocess::varsubst::time_remove_cycles=0ms preprocess::varsubst::time_substitute=0ms preprocessor::num_iterations=2 preprocessor::time_preprocess=10ms preprocessor::time_process=0ms rewriter::(normalize)::num_evals=0 rewriter::(normalize)::num_rewrites=172 rewriter::(normalize)::rewrite::AND_EVAL=1 rewriter::(normalize)::rewrite::AND_SPECIAL_CONST=2 rewriter::(normalize)::rewrite::BV_ADD_CONST=9 rewriter::(normalize)::rewrite::BV_ADD_EVAL=5 rewriter::(normalize)::rewrite::BV_ADD_SPECIAL_CONST=13 rewriter::(normalize)::rewrite::BV_EXTRACT_EVAL=2 rewriter::(normalize)::rewrite::BV_MUL_ONES=10 rewriter::(normalize)::rewrite::BV_NEG_ELIM=10 rewriter::(normalize)::rewrite::BV_NOT_BV_NOT=19 rewriter::(normalize)::rewrite::EQUAL_EVAL=2 rewriter::(normalize)::rewrite::NORMALIZE_COMM=98 rewriter::(normalize)::rewrite::NOT_EVAL=1 rewriter::num_evals=0 rewriter::num_rewrites=1173 rewriter::rewrite::AND_EVAL=2 rewriter::rewrite::AND_SPECIAL_CONST=101 rewriter::rewrite::BV_ADD_CONST=12 rewriter::rewrite::BV_ADD_EVAL=10 rewriter::rewrite::BV_ADD_ITE2=14 rewriter::rewrite::BV_ADD_SPECIAL_CONST=23 rewriter::rewrite::BV_AND_EVAL=1 rewriter::rewrite::BV_AND_SPECIAL_CONST=155 rewriter::rewrite::BV_CONCAT_EVAL=2 rewriter::rewrite::BV_EXTRACT_ADD_MUL=1 rewriter::rewrite::BV_EXTRACT_EVAL=37 rewriter::rewrite::BV_EXTRACT_FULL=5 rewriter::rewrite::BV_MUL_ONES=10 rewriter::rewrite::BV_MUL_POW2=2 rewriter::rewrite::BV_NEG_ELIM=27 rewriter::rewrite::BV_NOT_BV_NEG=1 rewriter::rewrite::BV_NOT_BV_NOT=55 rewriter::rewrite::BV_NOT_EVAL=6 rewriter::rewrite::BV_OR_ELIM=6 rewriter::rewrite::BV_SADDO_ELIM=19 rewriter::rewrite::BV_SDIVO_ELIM=6 rewriter::rewrite::BV_SDIV_ELIM=3 rewriter::rewrite::BV_SGT_ELIM=1 rewriter::rewrite::BV_SHL_CONST=2 rewriter::rewrite::BV_SIGN_EXTEND_ELIM=12 rewriter::rewrite::BV_SLE_ELIM=4 rewriter::rewrite::BV_SLT_EVAL=2 rewriter::rewrite::BV_SMULO_ELIM=5 rewriter::rewrite::BV_SREM_ELIM=3 rewriter::rewrite::BV_SSUBO_ELIM=12 rewriter::rewrite::BV_SUB_ELIM=12 rewriter::rewrite::BV_UREM_EVAL=1 rewriter::rewrite::BV_XOR_EVAL=1 rewriter::rewrite::BV_XOR_SPECIAL_CONST=3 rewriter::rewrite::DISTINCT_ELIM=13 rewriter::rewrite::EQUAL_CONST_BV_ADD=1 rewriter::rewrite::EQUAL_CONST_BV_NOT=6 rewriter::rewrite::EQUAL_EVAL=12 rewriter::rewrite::EQUAL_ITE_SAME=7 rewriter::rewrite::EQUAL_SPECIAL_CONST=5 rewriter::rewrite::EQUAL_TRUE=7 rewriter::rewrite::ITE_EVAL=8 rewriter::rewrite::NORMALIZE_COMM=452 rewriter::rewrite::NOT_EQUAL_BV1_BOOL=29 rewriter::rewrite::NOT_EVAL=1 rewriter::rewrite::NOT_NOT=38 rewriter::rewrite::OR_ELIM=38 solver::abstract::num_checks=1 solver::abstract::terms::total=0 solver::abstract::time_check=0ms solver::array::equalities=0 solver::array::num_checks=0 solver::array::propagations=0 solver::array::propagations_down=0 solver::array::propagations_up=0 solver::array::selects=0 solver::array::time_check=0ms solver::bv::bitblast::aig::num_ands=39509 solver::bv::bitblast::aig::num_consts=224 solver::bv::bitblast::aig::num_shared=19266 solver::bv::bitblast::aig::time_bitblast=5ms solver::bv::bitblast::cnf::num_clauses=96408 solver::bv::bitblast::cnf::num_literals=235669 solver::bv::bitblast::cnf::num_vars=30979 solver::bv::bitblast::cnf::time_encode=22ms solver::bv::bitblast::sat::time_solve=15ms solver::bv::num_assertions=49 solver::bv::num_checks=1 solver::bv::time_check=37ms solver::engine::lemmas::abstr=0 solver::engine::lemmas::array=0 solver::engine::lemmas::fp=0 solver::engine::lemmas::fun=0 solver::engine::lemmas::quant=0 solver::engine::lemmas::total=0 solver::engine::time_register_term=0ms solver::engine::time_solve=43ms solver::fun::num_checks=1 solver::fun::time_check=0ms solver::quant::mbqi_checks=0 solver::quant::num_lemma_iterations=0 solver::quant::num_lemmas=0 solver::quant::time_check=0ms solver::quant::time_mbqi=0ms solver::quant::time_process=0ms solving_context::max_memory=70815744 solving_context::time_ensure_model=0ms solving_context::time_solve=54ms
SAT
Extract initialization: param=v0, value=-2
Extract initialization: param=v0, value=-2
Extract initialization: param=v1, value=-536870912
Extract initialization: param=v2, value=-536870914
Extract initialization: param=v3, value=-2
Extract initialization: param=v4, value=-2
Extract initialization: param=v5, value=-1
Extract finalization: param=v0, value=-2
Extract finalization: param=v0, value=-2
Extract finalization: param=v1, value=-536870912
Extract finalization: param=v2, value=-536870914
Extract finalization: param=v3, value=-2
Extract finalization: param=v4, value=-1073741827
Extract finalization: param=v5, value=1
------SymExec: Iteration 2----------------------------------------------
Final constraints: 
```
(bvsle (bvadd (bvadd (bvadd (bvadd (bvadd (bvadd (ite (= v0_el0_v0 #b00000000000000000000000000000000) #b00000000000000000000000000000001 #b00000000000000000000000000000000) (ite (= v0_el1_v0 #b00000000000000000000000000000000) #b00000000000000000000000000000001 #b00000000000000000000000000000000)) (ite (= v1_v0 #b00000000000000000000000000000000) #b00000000000000000000000000000001 #b00000000000000000000000000000000)) (ite (= v2_v0 #b00000000000000000000000000000000) #b00000000000000000000000000000001 #b00000000000000000000000000000000)) (ite (= v3_v0 #b00000000000000000000000000000000) #b00000000000000000000000000000001 #b00000000000000000000000000000000)) (ite (= v4_v0 #b00000000000000000000000000000000) #b00000000000000000000000000000001 #b00000000000000000000000000000000)) (ite (= v5_v0 #b00000000000000000000000000000000) #b00000000000000000000000000000001 #b00000000000000000000000000000000)) #b00000000000000000000000000000011)
(= v6_v0 #b11111111111111111111111111111111)
(= v7_el0_v0 #b11111111111111111111111111111111)
(= v7_el1_v0 #b11111111111111111111111111111111)
(= v7_el2_v0 #b11111111111111111111111111111111)
(= v7_el3_v0 #b11111111111111111111111111111111)
(let ((_let0 (ite (= #b11111111111111111111111111111111 #b00000000000000000000000000000000) #b00000000000000000000000000000001 #b00000000000000000000000000000000))) (bvsle (bvadd (bvadd (bvadd _let0 _let0) _let0) _let0) #b00000000000000000000000000000010))
(not (bvssubo #b11111111111111111111111111111111 v2_v0))
(not (bvssubo #b11111111111111111111111111111111 v7_el3_v0))
(not (bvsaddo (bvsub #b11111111111111111111111111111111 v2_v0) (bvsub #b11111111111111111111111111111111 v7_el3_v0)))
(not (bvsaddo (bvadd (bvsub #b11111111111111111111111111111111 v2_v0) (bvsub #b11111111111111111111111111111111 v7_el3_v0)) #b11111111111111111111111111111111))
(let ((_let0 (ite (= #b11111111111111111111111111111111 #b00000000000000000000000000000000) #b00000000000000000000000000000001 #b00000000000000000000000000000000))) (bvsle (bvadd (bvadd _let0 _let0) _let0) #b00000000000000000000000000000001))
(= v5_v1 (bvadd (bvadd (bvsub #b11111111111111111111111111111111 v2_v0) (bvsub #b11111111111111111111111111111111 v7_el3_v0)) #b11111111111111111111111111111111))
(not (bvsaddo #b11111111111111111111111111111111 v7_el3_v0))
(distinct v2_v0 #b00000000000000000000000000000000)
(not (bvsdivo #b11111111111111111111111111111111 v2_v0))
(not (bvssubo (bvadd #b11111111111111111111111111111111 v7_el3_v0) (bvsdiv #b11111111111111111111111111111111 v2_v0)))
(not (bvssubo (bvsub (bvadd #b11111111111111111111111111111111 v7_el3_v0) (bvsdiv #b11111111111111111111111111111111 v2_v0)) #b11111111111111111111111111111111))
(= v3_v1 (bvsub (bvsub (bvadd #b11111111111111111111111111111111 v7_el3_v0) (bvsdiv #b11111111111111111111111111111111 v2_v0)) #b11111111111111111111111111111111))
(not (bvsaddo #b11111111111111111111111111111111 v5_v1))
(not (bvssubo #b11111111111111111111111111111111 v3_v1))
(not (bvssubo (bvadd #b11111111111111111111111111111111 v5_v1) (bvsub #b11111111111111111111111111111111 v3_v1)))
(not (bvsmulo #b11111111111111111111111111111111 v1_v0))
(not (bvssubo (bvsub (bvadd #b11111111111111111111111111111111 v5_v1) (bvsub #b11111111111111111111111111111111 v3_v1)) (bvmul #b11111111111111111111111111111111 v1_v0)))
(not (bvssubo (bvsub (bvsub (bvadd #b11111111111111111111111111111111 v5_v1) (bvsub #b11111111111111111111111111111111 v3_v1)) (bvmul #b11111111111111111111111111111111 v1_v0)) #b11111111111111111111111111111111))
(not (bvsgt (bvsub (bvsub (bvsub (bvadd #b11111111111111111111111111111111 v5_v1) (bvsub #b11111111111111111111111111111111 v3_v1)) (bvmul #b11111111111111111111111111111111 v1_v0)) #b11111111111111111111111111111111) #b00000000000000000000000000000000))
(not (bvsmulo #b11111111111111111111111111111111 v2_v0))
(distinct v3_v1 #b00000000000000000000000000000000)
(not (bvsdivo #b11111111111111111111111111111111 v3_v1))
(not (bvssubo (bvmul #b11111111111111111111111111111111 v2_v0) (bvsdiv #b11111111111111111111111111111111 v3_v1)))
(not (bvssubo (bvsub (bvmul #b11111111111111111111111111111111 v2_v0) (bvsdiv #b11111111111111111111111111111111 v3_v1)) #b00000000000000000000000000000010))
(let ((_let0 (ite (= #b11111111111111111111111111111111 #b00000000000000000000000000000000) #b00000000000000000000000000000001 #b00000000000000000000000000000000))) (bvsle (bvadd (bvadd _let0 _let0) (ite (= #b00000000000000000000000000000010 #b00000000000000000000000000000000) #b00000000000000000000000000000001 #b00000000000000000000000000000000)) #b00000000000000000000000000000001))
(= v3_v2 (bvsub (bvsub (bvmul #b11111111111111111111111111111111 v2_v0) (bvsdiv #b11111111111111111111111111111111 v3_v1)) #b00000000000000000000000000000010))
(distinct v7_el3_v0 #b00000000000000000000000000000000)
(not (bvsdivo #b11111111111111111111111111111111 v7_el3_v0))
(not (bvsaddo (bvsrem #b11111111111111111111111111111111 v7_el3_v0) (bvmul #b11111111111111111111111111111111 v2_v0)))
(not (bvsaddo (bvadd (bvsrem #b11111111111111111111111111111111 v7_el3_v0) (bvmul #b11111111111111111111111111111111 v2_v0)) #b11111111111111111111111111111110))
(let ((_let0 (ite (= #b11111111111111111111111111111111 #b00000000000000000000000000000000) #b00000000000000000000000000000001 #b00000000000000000000000000000000))) (bvsle (bvadd (bvadd _let0 _let0) (ite (= #b11111111111111111111111111111110 #b00000000000000000000000000000000) #b00000000000000000000000000000001 #b00000000000000000000000000000000)) #b00000000000000000000000000000001))
(= v7_el3_v1 (bvadd (bvadd (bvsrem #b11111111111111111111111111111111 v7_el3_v0) (bvmul #b11111111111111111111111111111111 v2_v0)) #b11111111111111111111111111111110))
(not (bvsaddo #b11111111111111111111111111111111 v3_v2))
(not (bvsmulo #b11111111111111111111111111111111 v7_el3_v1))
(not (bvsaddo (bvadd #b11111111111111111111111111111111 v3_v2) (bvmul #b11111111111111111111111111111111 v7_el3_v1)))
(not (bvssubo #b11111111111111111111111111111111 v5_v1))
(not (bvsaddo (bvadd (bvadd #b11111111111111111111111111111111 v3_v2) (bvmul #b11111111111111111111111111111111 v7_el3_v1)) (bvsub #b11111111111111111111111111111111 v5_v1)))
(not (bvsaddo (bvadd (bvadd (bvadd #b11111111111111111111111111111111 v3_v2) (bvmul #b11111111111111111111111111111111 v7_el3_v1)) (bvsub #b11111111111111111111111111111111 v5_v1)) #b01111111111111111111111111111111))
(let ((_let0 (ite (= #b11111111111111111111111111111111 #b00000000000000000000000000000000) #b00000000000000000000000000000001 #b00000000000000000000000000000000))) (bvsle (bvadd (bvadd (bvadd _let0 _let0) _let0) (ite (= #b01111111111111111111111111111111 #b00000000000000000000000000000000) #b00000000000000000000000000000001 #b00000000000000000000000000000000)) #b00000000000000000000000000000010))
(not (bvslt (bvadd (bvadd (bvadd (bvadd #b11111111111111111111111111111111 v3_v2) (bvmul #b11111111111111111111111111111111 v7_el3_v1)) (bvsub #b11111111111111111111111111111111 v5_v1)) #b01111111111111111111111111111111) #b00000000000000000000000000000000))
(distinct v5_v1 #b00000000000000000000000000000000)
(not (bvsdivo #b11111111111111111111111111111111 v5_v1))
(not (bvssubo #b11111111111111111111111111111111 v6_v0))
(not (bvsaddo (bvsrem #b11111111111111111111111111111111 v5_v1) (bvsub #b11111111111111111111111111111111 v6_v0)))
(not (bvsaddo (bvadd (bvsrem #b11111111111111111111111111111111 v5_v1) (bvsub #b11111111111111111111111111111111 v6_v0)) #b11111111111111111111111111111111))
(= v6_v1 (bvadd (bvadd (bvsrem #b11111111111111111111111111111111 v5_v1) (bvsub #b11111111111111111111111111111111 v6_v0)) #b11111111111111111111111111111111))
(not (bvsaddo #b11111111111111111111111111111111 v2_v0))
(not (bvsmulo #b11111111111111111111111111111111 v3_v2))
(not (bvsaddo (bvadd #b11111111111111111111111111111111 v2_v0) (bvmul #b11111111111111111111111111111111 v3_v2)))
(not (bvsaddo (bvadd (bvadd #b11111111111111111111111111111111 v2_v0) (bvmul #b11111111111111111111111111111111 v3_v2)) #b11111111111111111111111111111111))
(= v4_v1 (bvadd (bvadd (bvadd #b11111111111111111111111111111111 v2_v0) (bvmul #b11111111111111111111111111111111 v3_v2)) #b11111111111111111111111111111111))
(distinct v6_v1 #b00000000000000000000000000000000)
(not (bvsdivo #b11111111111111111111111111111111 v6_v1))
(distinct v7_el3_v1 #b00000000000000000000000000000000)
(not (bvsdivo #b11111111111111111111111111111111 v7_el3_v1))
(not (bvsaddo (bvsrem #b11111111111111111111111111111111 v6_v1) (bvsdiv #b11111111111111111111111111111111 v7_el3_v1)))
(not (bvsaddo (bvadd (bvsrem #b11111111111111111111111111111111 v6_v1) (bvsdiv #b11111111111111111111111111111111 v7_el3_v1)) #b11111111111111111111111111111111))
(= v3_v3 (bvadd (bvadd (bvsrem #b11111111111111111111111111111111 v6_v1) (bvsdiv #b11111111111111111111111111111111 v7_el3_v1)) #b11111111111111111111111111111111))
(not (bvsmulo #b11111111111111111111111111111111 v5_v1))
(not (bvsaddo (bvmul #b11111111111111111111111111111111 v2_v0) (bvmul #b11111111111111111111111111111111 v5_v1)))
(not (bvsaddo (bvadd (bvmul #b11111111111111111111111111111111 v2_v0) (bvmul #b11111111111111111111111111111111 v5_v1)) #b11111111111111111111111111111111))
(= v5_v2 (bvadd (bvadd (bvmul #b11111111111111111111111111111111 v2_v0) (bvmul #b11111111111111111111111111111111 v5_v1)) #b11111111111111111111111111111111))
(bvsle (bvadd (bvadd (bvadd (bvadd (bvadd (bvadd (ite (= (ite (distinct v0_el0_v0 #b11111111111111111111111111111111) #b00000000000000000000000000000001 #b00000000000000000000000000000000) #b00000000000000000000000000000000) #b00000000000000000000000000000001 #b00000000000000000000000000000000) (ite (= (ite (distinct v0_el1_v0 #b11111111111111111111111111111111) #b00000000000000000000000000000001 #b00000000000000000000000000000000) #b00000000000000000000000000000000) #b00000000000000000000000000000001 #b00000000000000000000000000000000)) (ite (= (ite (distinct v1_v0 #b11111111111111111111111111111111) #b00000000000000000000000000000001 #b00000000000000000000000000000000) #b00000000000000000000000000000000) #b00000000000000000000000000000001 #b00000000000000000000000000000000)) (ite (= (ite (distinct v2_v0 #b11111111111111111111111111111111) #b00000000000000000000000000000001 #b00000000000000000000000000000000) #b00000000000000000000000000000000) #b00000000000000000000000000000001 #b00000000000000000000000000000000)) (ite (= (ite (distinct v3_v0 #b11111111111111111111111111111111) #b00000000000000000000000000000001 #b00000000000000000000000000000000) #b00000000000000000000000000000000) #b00000000000000000000000000000001 #b00000000000000000000000000000000)) (ite (= (ite (distinct v4_v0 #b11111111111111111111111111111111) #b00000000000000000000000000000001 #b00000000000000000000000000000000) #b00000000000000000000000000000000) #b00000000000000000000000000000001 #b00000000000000000000000000000000)) (ite (= (ite (distinct v5_v0 #b11111111111111111111111111111111) #b00000000000000000000000000000001 #b00000000000000000000000000000000) #b00000000000000000000000000000000) #b00000000000000000000000000000001 #b00000000000000000000000000000000)) #b00000000000000000000000000000011)
(bvsle (bvadd (bvadd (bvadd (bvadd (bvadd (bvadd (ite (= (ite (distinct v0_el0_v0 #b11111111111111111111111111111110) #b00000000000000000000000000000001 #b00000000000000000000000000000000) #b00000000000000000000000000000000) #b00000000000000000000000000000001 #b00000000000000000000000000000000) (ite (= (ite (distinct v0_el1_v0 #b11111111111111111111111111111110) #b00000000000000000000000000000001 #b00000000000000000000000000000000) #b00000000000000000000000000000000) #b00000000000000000000000000000001 #b00000000000000000000000000000000)) (ite (= (ite (distinct v1_v0 #b11100000000000000000000000000000) #b00000000000000000000000000000001 #b00000000000000000000000000000000) #b00000000000000000000000000000000) #b00000000000000000000000000000001 #b00000000000000000000000000000000)) (ite (= (ite (distinct v2_v0 #b11011111111111111111111111111110) #b00000000000000000000000000000001 #b00000000000000000000000000000000) #b00000000000000000000000000000000) #b00000000000000000000000000000001 #b00000000000000000000000000000000)) (ite (= (ite (distinct v3_v0 #b11111111111111111111111111111110) #b00000000000000000000000000000001 #b00000000000000000000000000000000) #b00000000000000000000000000000000) #b00000000000000000000000000000001 #b00000000000000000000000000000000)) (ite (= (ite (distinct v4_v0 #b11111111111111111111111111111110) #b00000000000000000000000000000001 #b00000000000000000000000000000000) #b00000000000000000000000000000000) #b00000000000000000000000000000001 #b00000000000000000000000000000000)) (ite (= (ite (distinct v5_v0 #b11111111111111111111111111111111) #b00000000000000000000000000000001 #b00000000000000000000000000000000) #b00000000000000000000000000000000) #b00000000000000000000000000000001 #b00000000000000000000000000000000)) #b00000000000000000000000000000011)
```
Constraint stats: asserted=71 addCalls=79 skippedTrue=0 deduped=8 ensureInRangeCalls=91 boundedAlready=0 uniqueConstraintIds=71 uniqueBoundedIds=0 (solverAsserted=70)
Bitwuzla check_sat time: 2ms
Bitwuzla statistics: preprocess::contradicting_ands::num_substs=0 preprocess::contradicting_ands::time_apply=0ms preprocess::elim_extract::num_elim=0 preprocess::elim_extract::time_apply=0ms preprocess::elim_lambda::time_apply=0ms preprocess::elim_udiv::num_eliminated=0 preprocess::elim_udiv::time_apply=0ms preprocess::embedded_constraints::num_substs=1 preprocess::embedded_constraints::time_apply=0ms preprocess::flatten_and::num_assertions=24 preprocess::flatten_and::num_flattened=12 preprocess::flatten_and::time_apply=0ms preprocess::lambda::num_elim=0 preprocess::normalize::num_common_normalizations=0 preprocess::normalize::num_normalizations=48 preprocess::normalize::num_normalized_assertions=0 preprocess::normalize::num_pass1=0 preprocess::normalize::num_pass2=0 preprocess::normalize::time_adder_chains=0ms preprocess::normalize::time_apply=7ms preprocess::normalize::time_compute_occs=0ms preprocess::normalize::time_normalize_add=0ms preprocess::normalize::time_normalize_mul=0ms preprocess::normalize::time_score=5ms preprocess::rewrite::time_apply=1ms preprocess::skeleton_preproc::cnf::clauses=204 preprocess::skeleton_preproc::cnf::lits=412 preprocess::skeleton_preproc::new_assertions=0 preprocess::skeleton_preproc::resets=1 preprocess::skeleton_preproc::time_apply=1ms preprocess::skeleton_preproc::time_encode=0ms preprocess::skeleton_preproc::time_fixed=0ms preprocess::skeleton_preproc::time_sat=0ms preprocess::uninterpreted::num_substs=0 preprocess::uninterpreted::time_apply=0ms preprocess::varsubst::normalize_bv_ineq::num_slt=0 preprocess::varsubst::normalize_bv_ineq::num_ult=0 preprocess::varsubst::normalize_eq::num_bv_concat=0 preprocess::varsubst::normalize_eq::num_gauss_elim=0 preprocess::varsubst::normalize_eq::num_linear_eq=0 preprocess::varsubst::num_substs=13 preprocess::varsubst::time_apply=0ms preprocess::varsubst::time_direct_cycle_check=0ms preprocess::varsubst::time_find_substitution=0ms preprocess::varsubst::time_find_vars=0ms preprocess::varsubst::time_register=0ms preprocess::varsubst::time_remove_cycles=0ms preprocess::varsubst::time_substitute=0ms preprocessor::num_iterations=3 preprocessor::time_preprocess=10ms preprocessor::time_process=0ms rewriter::(normalize)::num_evals=0 rewriter::(normalize)::num_rewrites=172 rewriter::(normalize)::rewrite::AND_EVAL=1 rewriter::(normalize)::rewrite::AND_SPECIAL_CONST=2 rewriter::(normalize)::rewrite::BV_ADD_CONST=9 rewriter::(normalize)::rewrite::BV_ADD_EVAL=5 rewriter::(normalize)::rewrite::BV_ADD_SPECIAL_CONST=13 rewriter::(normalize)::rewrite::BV_EXTRACT_EVAL=2 rewriter::(normalize)::rewrite::BV_MUL_ONES=10 rewriter::(normalize)::rewrite::BV_NEG_ELIM=10 rewriter::(normalize)::rewrite::BV_NOT_BV_NOT=19 rewriter::(normalize)::rewrite::EQUAL_EVAL=2 rewriter::(normalize)::rewrite::NORMALIZE_COMM=98 rewriter::(normalize)::rewrite::NOT_EVAL=1 rewriter::num_evals=0 rewriter::num_rewrites=1272 rewriter::rewrite::AND_EVAL=2 rewriter::rewrite::AND_SPECIAL_CONST=108 rewriter::rewrite::BV_ADD_CONST=16 rewriter::rewrite::BV_ADD_EVAL=17 rewriter::rewrite::BV_ADD_ITE2=21 rewriter::rewrite::BV_ADD_SPECIAL_CONST=34 rewriter::rewrite::BV_AND_EVAL=1 rewriter::rewrite::BV_AND_SPECIAL_CONST=155 rewriter::rewrite::BV_CONCAT_EVAL=2 rewriter::rewrite::BV_EXTRACT_ADD_MUL=1 rewriter::rewrite::BV_EXTRACT_EVAL=38 rewriter::rewrite::BV_EXTRACT_FULL=5 rewriter::rewrite::BV_MUL_ONES=10 rewriter::rewrite::BV_MUL_POW2=2 rewriter::rewrite::BV_NEG_ELIM=27 rewriter::rewrite::BV_NOT_BV_NEG=1 rewriter::rewrite::BV_NOT_BV_NOT=55 rewriter::rewrite::BV_NOT_EVAL=8 rewriter::rewrite::BV_OR_ELIM=6 rewriter::rewrite::BV_SADDO_ELIM=19 rewriter::rewrite::BV_SDIVO_ELIM=6 rewriter::rewrite::BV_SDIV_ELIM=3 rewriter::rewrite::BV_SGT_ELIM=1 rewriter::rewrite::BV_SHL_CONST=2 rewriter::rewrite::BV_SIGN_EXTEND_ELIM=12 rewriter::rewrite::BV_SLE_ELIM=5 rewriter::rewrite::BV_SLT_EVAL=2 rewriter::rewrite::BV_SMULO_ELIM=5 rewriter::rewrite::BV_SREM_ELIM=3 rewriter::rewrite::BV_SSUBO_ELIM=12 rewriter::rewrite::BV_SUB_ELIM=12 rewriter::rewrite::BV_UREM_EVAL=2 rewriter::rewrite::BV_XOR_EVAL=1 rewriter::rewrite::BV_XOR_SPECIAL_CONST=3 rewriter::rewrite::DISTINCT_ELIM=20 rewriter::rewrite::EQUAL_CONST_BV_ADD=1 rewriter::rewrite::EQUAL_CONST_BV_NOT=6 rewriter::rewrite::EQUAL_EVAL=14 rewriter::rewrite::EQUAL_ITE_SAME=14 rewriter::rewrite::EQUAL_SPECIAL_CONST=5 rewriter::rewrite::EQUAL_TRUE=7 rewriter::rewrite::ITE_EVAL=9 rewriter::rewrite::NORMALIZE_COMM=478 rewriter::rewrite::NOT_EQUAL_BV1_BOOL=29 rewriter::rewrite::NOT_EVAL=2 rewriter::rewrite::NOT_NOT=45 rewriter::rewrite::OR_ELIM=45 solver::abstract::num_checks=2 solver::abstract::terms::total=0 solver::abstract::time_check=0ms solver::array::equalities=0 solver::array::num_checks=0 solver::array::propagations=0 solver::array::propagations_down=0 solver::array::propagations_up=0 solver::array::selects=0 solver::array::time_check=0ms solver::bv::bitblast::aig::num_ands=39690 solver::bv::bitblast::aig::num_consts=224 solver::bv::bitblast::aig::num_shared=19389 solver::bv::bitblast::aig::time_bitblast=5ms solver::bv::bitblast::cnf::num_clauses=96837 solver::bv::bitblast::cnf::num_literals=236689 solver::bv::bitblast::cnf::num_vars=31114 solver::bv::bitblast::cnf::time_encode=23ms solver::bv::bitblast::sat::time_solve=17ms solver::bv::num_assertions=50 solver::bv::num_checks=2 solver::bv::time_check=40ms solver::engine::lemmas::abstr=0 solver::engine::lemmas::array=0 solver::engine::lemmas::fp=0 solver::engine::lemmas::fun=0 solver::engine::lemmas::quant=0 solver::engine::lemmas::total=0 solver::engine::time_register_term=0ms solver::engine::time_solve=46ms solver::fun::num_checks=2 solver::fun::time_check=0ms solver::quant::mbqi_checks=0 solver::quant::num_lemma_iterations=0 solver::quant::num_lemmas=0 solver::quant::time_check=0ms solver::quant::time_mbqi=0ms solver::quant::time_process=0ms solving_context::max_memory=70815744 solving_context::time_ensure_model=0ms solving_context::time_solve=57ms
SAT
Extract initialization: param=v0, value=-3
Extract initialization: param=v0, value=-3
Extract initialization: param=v1, value=-536870913
Extract initialization: param=v2, value=-536870914
Extract initialization: param=v3, value=-2
Extract initialization: param=v4, value=-2
Extract initialization: param=v5, value=-2
Extract finalization: param=v0, value=-3
Extract finalization: param=v0, value=-3
Extract finalization: param=v1, value=-536870913
Extract finalization: param=v2, value=-536870914
Extract finalization: param=v3, value=-2
Extract finalization: param=v4, value=-1073741827
Extract finalization: param=v5, value=1
