----FunPlus: Generate Function func_xb1v6r_48------------------------------------------------
------GraphPlus::Generate----------------------------------------------
Randomly generating a graph with 15 nodes
------CfgSketch::GenerateReduLoop----------------------------------------------
--------GraphPlus::Generate--------------------------------------------
Randomly generating a graph with 4 nodes
Removing cycles from the generated graph
Started replacing bimpo #6 (successors=[11, 12]) with a reducible loop of size=5
Updated 8 bimpos' indices by +4 if it is behind #6 in our unflattened CFG
Updated 13 bimpos' successors by +4 if it is behind #6 in our flattened CFG
Updated the successors of the loop's latch to [6, 10]
Updated the successors of the loop's exit to [15, 16]
Constructed the basic blocks of the newly inserted loop
Inserted all the loop's basic blocks into the flattened CFG
------CfgSketch: Unflattened CFG Sketch----------------------------------------------
Bimpo: type=0, id=0, size=1, start=0
Bimpo: type=0, id=1, size=1, start=1
Bimpo: type=0, id=2, size=1, start=2
Bimpo: type=0, id=3, size=1, start=3
Bimpo: type=0, id=4, size=1, start=4
Bimpo: type=0, id=5, size=1, start=5
Bimpo: type=1, id=6, size=5, start=6
Bimpo: type=0, id=7, size=1, start=11
Bimpo: type=0, id=8, size=1, start=12
Bimpo: type=0, id=9, size=1, start=13
Bimpo: type=0, id=10, size=1, start=14
Bimpo: type=0, id=11, size=1, start=15
Bimpo: type=0, id=12, size=1, start=16
Bimpo: type=0, id=13, size=1, start=17
Bimpo: type=0, id=14, size=1, start=18
------CfgSketch: Flattened CFG Sketch----------------------------------------------
Block: 0 -> [17]
Block: 1 -> [6]
Block: 2 -> [14, 18]
Block: 3 -> [5]
Block: 4 -> [1, 14]
Block: 5 -> [4]
Block: 6 -> [8, 9]
Block: 7 -> [8]
Block: 8 -> [9]
Block: 9 -> [6, 10]
Block: 10 -> [15, 16]
Block: 11 -> [2, 3]
Block: 12 -> [3]
Block: 13 -> [18]
Block: 14 -> [6, 17]
Block: 15 -> [11]
Block: 16 -> [17, 18]
Block: 17 -> [16, 18]
Block: 18 -> []
------FunPlus: Generate Block #0----------------------------------------------
Generate assignment: 7 <- 5, 0
Generate assignment: 1 <- 4, 1
------FunPlus: Generate Block #1----------------------------------------------
Generate assignment: 7 <- 1, 7
Generate assignment: 3 <- 7, 4
------FunPlus: Generate Block #2----------------------------------------------
Generate assignment: 7 <- 5, 4
Generate assignment: 3 <- 7, 5
Generate conditional: 7, 3, 4
------FunPlus: Generate Block #3----------------------------------------------
Generate assignment: 2 <- 0, 5
Generate assignment: 6 <- 2, 5
------FunPlus: Generate Block #4----------------------------------------------
Generate assignment: 7 <- 3, 2
Generate assignment: 5 <- 7, 3
Generate conditional: 7, 5, 2
------FunPlus: Generate Block #5----------------------------------------------
Generate assignment: 6 <- 1, 2
Generate assignment: 1 <- 1, 7
------FunPlus: Generate Block #6----------------------------------------------
Generate assignment: 4 <- 0, 6
Generate assignment: 5 <- 2, 5
Generate conditional: 4, 5, 2
------FunPlus: Generate Block #7----------------------------------------------
Generate assignment: 5 <- 7, 6
Generate assignment: 3 <- 6, 3
------FunPlus: Generate Block #8----------------------------------------------
Generate assignment: 4 <- 1, 7
Generate assignment: 5 <- 3, 4
------FunPlus: Generate Block #9----------------------------------------------
Generate assignment: 0 <- 1, 2
Generate assignment: 7 <- 5, 4
Generate conditional: 0, 7, 4
------FunPlus: Generate Block #10----------------------------------------------
Generate assignment: 6 <- 0, 7
Generate assignment: 7 <- 7, 1
Generate conditional: 6, 7, 3
------FunPlus: Generate Block #11----------------------------------------------
Generate assignment: 4 <- 4, 0
Generate assignment: 3 <- 2, 7
Generate conditional: 4, 3, 2
------FunPlus: Generate Block #12----------------------------------------------
Generate assignment: 6 <- 2, 6
Generate assignment: 4 <- 7, 3
------FunPlus: Generate Block #13----------------------------------------------
Generate assignment: 4 <- 4, 0
Generate assignment: 3 <- 1, 2
------FunPlus: Generate Block #14----------------------------------------------
Generate assignment: 0 <- 2, 3
Generate assignment: 7 <- 3, 6
Generate conditional: 0, 7, 5
------FunPlus: Generate Block #15----------------------------------------------
Generate assignment: 7 <- 1, 4
Generate assignment: 4 <- 0, 4
------FunPlus: Generate Block #16----------------------------------------------
Generate assignment: 0 <- 4, 7
Generate assignment: 3 <- 6, 2
Generate conditional: 0, 3, 1
------FunPlus: Generate Block #17----------------------------------------------
Generate assignment: 6 <- 5, 7
Generate assignment: 5 <- 0, 4
Generate conditional: 6, 5, 3
------FunPlus: Generate Block #18----------------------------------------------
Generate assignment: 4 <- 4, 6
Generate assignment: 5 <- 1, 5
----SymExec: Solve------------------------------------------------
Execution Path: 0->17->18
------SymExec: Iteration 0----------------------------------------------
Generating or re-generating UB-free constraints
Initial constraints: 
```
(bvsle (bvadd (bvadd (bvadd (bvadd (bvadd (bvadd (bvadd (bvadd (bvadd (bvadd (bvadd (bvadd (bvadd (bvadd (ite (= v0_f0_v0 #b00000000000000000000000000000000) #b00000000000000000000000000000001 #b00000000000000000000000000000000) (ite (= v0_f1_el0_f0_v0 #b00000000000000000000000000000000) #b00000000000000000000000000000001 #b00000000000000000000000000000000)) (ite (= v0_f1_el0_f1_el0_v0 #b00000000000000000000000000000000) #b00000000000000000000000000000001 #b00000000000000000000000000000000)) (ite (= v0_f1_el0_f2_el0_v0 #b00000000000000000000000000000000) #b00000000000000000000000000000001 #b00000000000000000000000000000000)) (ite (= v0_f1_el0_f2_el1_v0 #b00000000000000000000000000000000) #b00000000000000000000000000000001 #b00000000000000000000000000000000)) (ite (= v0_f1_el1_f0_v0 #b00000000000000000000000000000000) #b00000000000000000000000000000001 #b00000000000000000000000000000000)) (ite (= v0_f1_el1_f1_el0_v0 #b00000000000000000000000000000000) #b00000000000000000000000000000001 #b00000000000000000000000000000000)) (ite (= v0_f1_el1_f2_el0_v0 #b00000000000000000000000000000000) #b00000000000000000000000000000001 #b00000000000000000000000000000000)) (ite (= v0_f1_el1_f2_el1_v0 #b00000000000000000000000000000000) #b00000000000000000000000000000001 #b00000000000000000000000000000000)) (ite (= v1_v0 #b00000000000000000000000000000000) #b00000000000000000000000000000001 #b00000000000000000000000000000000)) (ite (= v2_v0 #b00000000000000000000000000000000) #b00000000000000000000000000000001 #b00000000000000000000000000000000)) (ite (= v3_v0 #b00000000000000000000000000000000) #b00000000000000000000000000000001 #b00000000000000000000000000000000)) (ite (= v4_v0 #b00000000000000000000000000000000) #b00000000000000000000000000000001 #b00000000000000000000000000000000)) (ite (= v5_el0_v0 #b00000000000000000000000000000000) #b00000000000000000000000000000001 #b00000000000000000000000000000000)) (ite (= v5_el1_v0 #b00000000000000000000000000000000) #b00000000000000000000000000000001 #b00000000000000000000000000000000)) #b00000000000000000000000000000111)
```
Final constraints: 
```
(bvsle (bvadd (bvadd (bvadd (bvadd (bvadd (bvadd (bvadd (bvadd (bvadd (bvadd (bvadd (bvadd (bvadd (bvadd (ite (= v0_f0_v0 #b00000000000000000000000000000000) #b00000000000000000000000000000001 #b00000000000000000000000000000000) (ite (= v0_f1_el0_f0_v0 #b00000000000000000000000000000000) #b00000000000000000000000000000001 #b00000000000000000000000000000000)) (ite (= v0_f1_el0_f1_el0_v0 #b00000000000000000000000000000000) #b00000000000000000000000000000001 #b00000000000000000000000000000000)) (ite (= v0_f1_el0_f2_el0_v0 #b00000000000000000000000000000000) #b00000000000000000000000000000001 #b00000000000000000000000000000000)) (ite (= v0_f1_el0_f2_el1_v0 #b00000000000000000000000000000000) #b00000000000000000000000000000001 #b00000000000000000000000000000000)) (ite (= v0_f1_el1_f0_v0 #b00000000000000000000000000000000) #b00000000000000000000000000000001 #b00000000000000000000000000000000)) (ite (= v0_f1_el1_f1_el0_v0 #b00000000000000000000000000000000) #b00000000000000000000000000000001 #b00000000000000000000000000000000)) (ite (= v0_f1_el1_f2_el0_v0 #b00000000000000000000000000000000) #b00000000000000000000000000000001 #b00000000000000000000000000000000)) (ite (= v0_f1_el1_f2_el1_v0 #b00000000000000000000000000000000) #b00000000000000000000000000000001 #b00000000000000000000000000000000)) (ite (= v1_v0 #b00000000000000000000000000000000) #b00000000000000000000000000000001 #b00000000000000000000000000000000)) (ite (= v2_v0 #b00000000000000000000000000000000) #b00000000000000000000000000000001 #b00000000000000000000000000000000)) (ite (= v3_v0 #b00000000000000000000000000000000) #b00000000000000000000000000000001 #b00000000000000000000000000000000)) (ite (= v4_v0 #b00000000000000000000000000000000) #b00000000000000000000000000000001 #b00000000000000000000000000000000)) (ite (= v5_el0_v0 #b00000000000000000000000000000000) #b00000000000000000000000000000001 #b00000000000000000000000000000000)) (ite (= v5_el1_v0 #b00000000000000000000000000000000) #b00000000000000000000000000000001 #b00000000000000000000000000000000)) #b00000000000000000000000000000111)
(= v6_v0 init_var6)
(= v7_v0 init_var7)
(not (bvsmulo a0_0_1 v5_el1_v0))
(not (bvsmulo a0_0_2 v0_f1_el1_f1_el0_v0))
(not (bvsaddo (bvmul a0_0_1 v5_el1_v0) (bvmul a0_0_2 v0_f1_el1_f1_el0_v0)))
(not (bvsaddo (bvadd (bvmul a0_0_1 v5_el1_v0) (bvmul a0_0_2 v0_f1_el1_f1_el0_v0)) a0_0))
(bvsle (bvadd (bvadd (ite (= a0_0_1 #b00000000000000000000000000000000) #b00000000000000000000000000000001 #b00000000000000000000000000000000) (ite (= a0_0_2 #b00000000000000000000000000000000) #b00000000000000000000000000000001 #b00000000000000000000000000000000)) (ite (= a0_0 #b00000000000000000000000000000000) #b00000000000000000000000000000001 #b00000000000000000000000000000000)) #b00000000000000000000000000000001)
(= v7_v1 (bvadd (bvadd (bvmul a0_0_1 v5_el1_v0) (bvmul a0_0_2 v0_f1_el1_f1_el0_v0)) a0_0))
(distinct v4_v0 #b00000000000000000000000000000000)
(not (bvsdivo a0_1_1 v4_v0))
(not (bvsmulo a0_1_2 v1_v0))
(not (bvssubo (bvsdiv a0_1_1 v4_v0) (bvmul a0_1_2 v1_v0)))
(not (bvssubo (bvsub (bvsdiv a0_1_1 v4_v0) (bvmul a0_1_2 v1_v0)) a0_1))
(bvsle (bvadd (bvadd (ite (= a0_1_1 #b00000000000000000000000000000000) #b00000000000000000000000000000001 #b00000000000000000000000000000000) (ite (= a0_1_2 #b00000000000000000000000000000000) #b00000000000000000000000000000001 #b00000000000000000000000000000000)) (ite (= a0_1 #b00000000000000000000000000000000) #b00000000000000000000000000000001 #b00000000000000000000000000000000)) #b00000000000000000000000000000001)
(= v1_v1 (bvsub (bvsub (bvsdiv a0_1_1 v4_v0) (bvmul a0_1_2 v1_v0)) a0_1))
(not (bvsmulo a17_0_1 v5_el1_v0))
(distinct v7_v1 #b00000000000000000000000000000000)
(not (bvsdivo a17_0_2 v7_v1))
(not (bvssubo (bvmul a17_0_1 v5_el1_v0) (bvsrem a17_0_2 v7_v1)))
(not (bvssubo (bvsub (bvmul a17_0_1 v5_el1_v0) (bvsrem a17_0_2 v7_v1)) a17_0))
(bvsle (bvadd (bvadd (ite (= a17_0_1 #b00000000000000000000000000000000) #b00000000000000000000000000000001 #b00000000000000000000000000000000) (ite (= a17_0_2 #b00000000000000000000000000000000) #b00000000000000000000000000000001 #b00000000000000000000000000000000)) (ite (= a17_0 #b00000000000000000000000000000000) #b00000000000000000000000000000001 #b00000000000000000000000000000000)) #b00000000000000000000000000000001)
(= v6_v1 (bvsub (bvsub (bvmul a17_0_1 v5_el1_v0) (bvsrem a17_0_2 v7_v1)) a17_0))
(not (bvsaddo a17_1_1 v0_f0_v0))
(not (bvsdivo a17_1_2 v4_v0))
(not (bvsaddo (bvadd a17_1_1 v0_f0_v0) (bvsrem a17_1_2 v4_v0)))
(not (bvsaddo (bvadd (bvadd a17_1_1 v0_f0_v0) (bvsrem a17_1_2 v4_v0)) a17_1))
(bvsle (bvadd (bvadd (ite (= a17_1_1 #b00000000000000000000000000000000) #b00000000000000000000000000000001 #b00000000000000000000000000000000) (ite (= a17_1_2 #b00000000000000000000000000000000) #b00000000000000000000000000000001 #b00000000000000000000000000000000)) (ite (= a17_1 #b00000000000000000000000000000000) #b00000000000000000000000000000001 #b00000000000000000000000000000000)) #b00000000000000000000000000000001)
(= v5_el1_v1 (bvadd (bvadd (bvadd a17_1_1 v0_f0_v0) (bvsrem a17_1_2 v4_v0)) a17_1))
(distinct v6_v1 #b00000000000000000000000000000000)
(not (bvsdivo b17_2_1 v6_v1))
(not (bvsmulo b17_2_2 v5_el1_v1))
(not (bvssubo (bvsdiv b17_2_1 v6_v1) (bvmul b17_2_2 v5_el1_v1)))
(distinct v3_v0 #b00000000000000000000000000000000)
(not (bvsdivo b17_2_3 v3_v0))
(not (bvssubo (bvsub (bvsdiv b17_2_1 v6_v1) (bvmul b17_2_2 v5_el1_v1)) (bvsdiv b17_2_3 v3_v0)))
(not (bvssubo (bvsub (bvsub (bvsdiv b17_2_1 v6_v1) (bvmul b17_2_2 v5_el1_v1)) (bvsdiv b17_2_3 v3_v0)) b17_2))
(bvsle (bvadd (bvadd (bvadd (ite (= b17_2_1 #b00000000000000000000000000000000) #b00000000000000000000000000000001 #b00000000000000000000000000000000) (ite (= b17_2_2 #b00000000000000000000000000000000) #b00000000000000000000000000000001 #b00000000000000000000000000000000)) (ite (= b17_2_3 #b00000000000000000000000000000000) #b00000000000000000000000000000001 #b00000000000000000000000000000000)) (ite (= b17_2 #b00000000000000000000000000000000) #b00000000000000000000000000000001 #b00000000000000000000000000000000)) #b00000000000000000000000000000001)
(not (bvsgt (bvsub (bvsub (bvsub (bvsdiv b17_2_1 v6_v1) (bvmul b17_2_2 v5_el1_v1)) (bvsdiv b17_2_3 v3_v0)) b17_2) #b00000000000000000000000000000000))
(not (bvsdivo a18_0_1 v4_v0))
(not (bvsmulo a18_0_2 v6_v1))
(not (bvsaddo (bvsrem a18_0_1 v4_v0) (bvmul a18_0_2 v6_v1)))
(not (bvsaddo (bvadd (bvsrem a18_0_1 v4_v0) (bvmul a18_0_2 v6_v1)) a18_0))
(bvsle (bvadd (bvadd (ite (= a18_0_1 #b00000000000000000000000000000000) #b00000000000000000000000000000001 #b00000000000000000000000000000000) (ite (= a18_0_2 #b00000000000000000000000000000000) #b00000000000000000000000000000001 #b00000000000000000000000000000000)) (ite (= a18_0 #b00000000000000000000000000000000) #b00000000000000000000000000000001 #b00000000000000000000000000000000)) #b00000000000000000000000000000001)
(= v4_v1 (bvadd (bvadd (bvsrem a18_0_1 v4_v0) (bvmul a18_0_2 v6_v1)) a18_0))
(not (bvssubo a18_1_1 v1_v1))
(not (bvsmulo a18_1_2 v5_el1_v1))
(not (bvssubo (bvsub a18_1_1 v1_v1) (bvmul a18_1_2 v5_el1_v1)))
(not (bvssubo (bvsub (bvsub a18_1_1 v1_v1) (bvmul a18_1_2 v5_el1_v1)) a18_1))
(bvsle (bvadd (bvadd (ite (= a18_1_1 #b00000000000000000000000000000000) #b00000000000000000000000000000001 #b00000000000000000000000000000000) (ite (= a18_1_2 #b00000000000000000000000000000000) #b00000000000000000000000000000001 #b00000000000000000000000000000000)) (ite (= a18_1 #b00000000000000000000000000000000) #b00000000000000000000000000000001 #b00000000000000000000000000000000)) #b00000000000000000000000000000001)
(= v5_el1_v2 (bvsub (bvsub (bvsub a18_1_1 v1_v1) (bvmul a18_1_2 v5_el1_v1)) a18_1))
```
Optimized constraints: 
```
(bvsle (bvadd (bvadd (bvadd (bvadd (bvadd (bvadd (bvadd (bvadd (bvadd (bvadd (bvadd (bvadd (bvadd (bvadd (ite (= v0_f0_v0 #b00000000000000000000000000000000) #b00000000000000000000000000000001 #b00000000000000000000000000000000) (ite (= v0_f1_el0_f0_v0 #b00000000000000000000000000000000) #b00000000000000000000000000000001 #b00000000000000000000000000000000)) (ite (= v0_f1_el0_f1_el0_v0 #b00000000000000000000000000000000) #b00000000000000000000000000000001 #b00000000000000000000000000000000)) (ite (= v0_f1_el0_f2_el0_v0 #b00000000000000000000000000000000) #b00000000000000000000000000000001 #b00000000000000000000000000000000)) (ite (= v0_f1_el0_f2_el1_v0 #b00000000000000000000000000000000) #b00000000000000000000000000000001 #b00000000000000000000000000000000)) (ite (= v0_f1_el1_f0_v0 #b00000000000000000000000000000000) #b00000000000000000000000000000001 #b00000000000000000000000000000000)) (ite (= v0_f1_el1_f1_el0_v0 #b00000000000000000000000000000000) #b00000000000000000000000000000001 #b00000000000000000000000000000000)) (ite (= v0_f1_el1_f2_el0_v0 #b00000000000000000000000000000000) #b00000000000000000000000000000001 #b00000000000000000000000000000000)) (ite (= v0_f1_el1_f2_el1_v0 #b00000000000000000000000000000000) #b00000000000000000000000000000001 #b00000000000000000000000000000000)) (ite (= v1_v0 #b00000000000000000000000000000000) #b00000000000000000000000000000001 #b00000000000000000000000000000000)) (ite (= v2_v0 #b00000000000000000000000000000000) #b00000000000000000000000000000001 #b00000000000000000000000000000000)) (ite (= v3_v0 #b00000000000000000000000000000000) #b00000000000000000000000000000001 #b00000000000000000000000000000000)) (ite (= v4_v0 #b00000000000000000000000000000000) #b00000000000000000000000000000001 #b00000000000000000000000000000000)) (ite (= v5_el0_v0 #b00000000000000000000000000000000) #b00000000000000000000000000000001 #b00000000000000000000000000000000)) (ite (= v5_el1_v0 #b00000000000000000000000000000000) #b00000000000000000000000000000001 #b00000000000000000000000000000000)) #b00000000000000000000000000000111)
(= v6_v0 init_var6)
(= v7_v0 init_var7)
(not (bvsmulo a0_0_1 v5_el1_v0))
(not (bvsmulo a0_0_2 v0_f1_el1_f1_el0_v0))
(not (bvsaddo (bvmul a0_0_1 v5_el1_v0) (bvmul a0_0_2 v0_f1_el1_f1_el0_v0)))
(not (bvsaddo (bvadd (bvmul a0_0_1 v5_el1_v0) (bvmul a0_0_2 v0_f1_el1_f1_el0_v0)) a0_0))
(bvsle (bvadd (bvadd (ite (= a0_0_1 #b00000000000000000000000000000000) #b00000000000000000000000000000001 #b00000000000000000000000000000000) (ite (= a0_0_2 #b00000000000000000000000000000000) #b00000000000000000000000000000001 #b00000000000000000000000000000000)) (ite (= a0_0 #b00000000000000000000000000000000) #b00000000000000000000000000000001 #b00000000000000000000000000000000)) #b00000000000000000000000000000001)
(= v7_v1 (bvadd (bvadd (bvmul a0_0_1 v5_el1_v0) (bvmul a0_0_2 v0_f1_el1_f1_el0_v0)) a0_0))
(distinct v4_v0 #b00000000000000000000000000000000)
(not (bvsdivo a0_1_1 v4_v0))
(not (bvsmulo a0_1_2 v1_v0))
(not (bvssubo (bvsdiv a0_1_1 v4_v0) (bvmul a0_1_2 v1_v0)))
(not (bvssubo (bvsub (bvsdiv a0_1_1 v4_v0) (bvmul a0_1_2 v1_v0)) a0_1))
(bvsle (bvadd (bvadd (ite (= a0_1_1 #b00000000000000000000000000000000) #b00000000000000000000000000000001 #b00000000000000000000000000000000) (ite (= a0_1_2 #b00000000000000000000000000000000) #b00000000000000000000000000000001 #b00000000000000000000000000000000)) (ite (= a0_1 #b00000000000000000000000000000000) #b00000000000000000000000000000001 #b00000000000000000000000000000000)) #b00000000000000000000000000000001)
(= v1_v1 (bvsub (bvsub (bvsdiv a0_1_1 v4_v0) (bvmul a0_1_2 v1_v0)) a0_1))
(not (bvsmulo a17_0_1 v5_el1_v0))
(distinct v7_v1 #b00000000000000000000000000000000)
(not (bvsdivo a17_0_2 v7_v1))
(not (bvssubo (bvmul a17_0_1 v5_el1_v0) (bvsrem a17_0_2 v7_v1)))
(not (bvssubo (bvsub (bvmul a17_0_1 v5_el1_v0) (bvsrem a17_0_2 v7_v1)) a17_0))
(bvsle (bvadd (bvadd (ite (= a17_0_1 #b00000000000000000000000000000000) #b00000000000000000000000000000001 #b00000000000000000000000000000000) (ite (= a17_0_2 #b00000000000000000000000000000000) #b00000000000000000000000000000001 #b00000000000000000000000000000000)) (ite (= a17_0 #b00000000000000000000000000000000) #b00000000000000000000000000000001 #b00000000000000000000000000000000)) #b00000000000000000000000000000001)
(= v6_v1 (bvsub (bvsub (bvmul a17_0_1 v5_el1_v0) (bvsrem a17_0_2 v7_v1)) a17_0))
(not (bvsaddo a17_1_1 v0_f0_v0))
(not (bvsdivo a17_1_2 v4_v0))
(not (bvsaddo (bvadd a17_1_1 v0_f0_v0) (bvsrem a17_1_2 v4_v0)))
(not (bvsaddo (bvadd (bvadd a17_1_1 v0_f0_v0) (bvsrem a17_1_2 v4_v0)) a17_1))
(bvsle (bvadd (bvadd (ite (= a17_1_1 #b00000000000000000000000000000000) #b00000000000000000000000000000001 #b00000000000000000000000000000000) (ite (= a17_1_2 #b00000000000000000000000000000000) #b00000000000000000000000000000001 #b00000000000000000000000000000000)) (ite (= a17_1 #b00000000000000000000000000000000) #b00000000000000000000000000000001 #b00000000000000000000000000000000)) #b00000000000000000000000000000001)
(= v5_el1_v1 (bvadd (bvadd (bvadd a17_1_1 v0_f0_v0) (bvsrem a17_1_2 v4_v0)) a17_1))
(distinct v6_v1 #b00000000000000000000000000000000)
(not (bvsdivo b17_2_1 v6_v1))
(not (bvsmulo b17_2_2 v5_el1_v1))
(not (bvssubo (bvsdiv b17_2_1 v6_v1) (bvmul b17_2_2 v5_el1_v1)))
(distinct v3_v0 #b00000000000000000000000000000000)
(not (bvsdivo b17_2_3 v3_v0))
(not (bvssubo (bvsub (bvsdiv b17_2_1 v6_v1) (bvmul b17_2_2 v5_el1_v1)) (bvsdiv b17_2_3 v3_v0)))
(not (bvssubo (bvsub (bvsub (bvsdiv b17_2_1 v6_v1) (bvmul b17_2_2 v5_el1_v1)) (bvsdiv b17_2_3 v3_v0)) b17_2))
(bvsle (bvadd (bvadd (bvadd (ite (= b17_2_1 #b00000000000000000000000000000000) #b00000000000000000000000000000001 #b00000000000000000000000000000000) (ite (= b17_2_2 #b00000000000000000000000000000000) #b00000000000000000000000000000001 #b00000000000000000000000000000000)) (ite (= b17_2_3 #b00000000000000000000000000000000) #b00000000000000000000000000000001 #b00000000000000000000000000000000)) (ite (= b17_2 #b00000000000000000000000000000000) #b00000000000000000000000000000001 #b00000000000000000000000000000000)) #b00000000000000000000000000000001)
(not (bvsgt (bvsub (bvsub (bvsub (bvsdiv b17_2_1 v6_v1) (bvmul b17_2_2 v5_el1_v1)) (bvsdiv b17_2_3 v3_v0)) b17_2) #b00000000000000000000000000000000))
(not (bvsdivo a18_0_1 v4_v0))
(not (bvsmulo a18_0_2 v6_v1))
(not (bvsaddo (bvsrem a18_0_1 v4_v0) (bvmul a18_0_2 v6_v1)))
(not (bvsaddo (bvadd (bvsrem a18_0_1 v4_v0) (bvmul a18_0_2 v6_v1)) a18_0))
(bvsle (bvadd (bvadd (ite (= a18_0_1 #b00000000000000000000000000000000) #b00000000000000000000000000000001 #b00000000000000000000000000000000) (ite (= a18_0_2 #b00000000000000000000000000000000) #b00000000000000000000000000000001 #b00000000000000000000000000000000)) (ite (= a18_0 #b00000000000000000000000000000000) #b00000000000000000000000000000001 #b00000000000000000000000000000000)) #b00000000000000000000000000000001)
(= v4_v1 (bvadd (bvadd (bvsrem a18_0_1 v4_v0) (bvmul a18_0_2 v6_v1)) a18_0))
(not (bvssubo a18_1_1 v1_v1))
(not (bvsmulo a18_1_2 v5_el1_v1))
(not (bvssubo (bvsub a18_1_1 v1_v1) (bvmul a18_1_2 v5_el1_v1)))
(not (bvssubo (bvsub (bvsub a18_1_1 v1_v1) (bvmul a18_1_2 v5_el1_v1)) a18_1))
(bvsle (bvadd (bvadd (ite (= a18_1_1 #b00000000000000000000000000000000) #b00000000000000000000000000000001 #b00000000000000000000000000000000) (ite (= a18_1_2 #b00000000000000000000000000000000) #b00000000000000000000000000000001 #b00000000000000000000000000000000)) (ite (= a18_1 #b00000000000000000000000000000000) #b00000000000000000000000000000001 #b00000000000000000000000000000000)) #b00000000000000000000000000000001)
(= v5_el1_v2 (bvsub (bvsub (bvsub a18_1_1 v1_v1) (bvmul a18_1_2 v5_el1_v1)) a18_1))
```
Constraint stats: asserted=51 addCalls=53 skippedTrue=0 deduped=2 ensureInRangeCalls=79 boundedAlready=0 uniqueConstraintIds=51 uniqueBoundedIds=0 (solverAsserted=0)
Bitwuzla check_sat time: 190ms
Bitwuzla statistics: preprocess::contradicting_ands::num_substs=0 preprocess::contradicting_ands::time_apply=0ms preprocess::elim_extract::num_elim=0 preprocess::elim_extract::time_apply=0ms preprocess::elim_lambda::time_apply=0ms preprocess::elim_udiv::num_eliminated=0 preprocess::elim_udiv::time_apply=0ms preprocess::embedded_constraints::num_substs=2 preprocess::embedded_constraints::time_apply=1ms preprocess::flatten_and::num_assertions=251 preprocess::flatten_and::num_flattened=227 preprocess::flatten_and::time_apply=0ms preprocess::lambda::num_elim=0 preprocess::normalize::num_common_normalizations=4 preprocess::normalize::num_normalizations=68 preprocess::normalize::num_normalized_assertions=0 preprocess::normalize::num_pass1=0 preprocess::normalize::num_pass2=0 preprocess::normalize::time_adder_chains=2ms preprocess::normalize::time_apply=78ms preprocess::normalize::time_compute_occs=0ms preprocess::normalize::time_normalize_add=0ms preprocess::normalize::time_normalize_mul=0ms preprocess::normalize::time_score=70ms preprocess::rewrite::time_apply=3ms preprocess::skeleton_preproc::cnf::clauses=494 preprocess::skeleton_preproc::cnf::lits=790 preprocess::skeleton_preproc::new_assertions=0 preprocess::skeleton_preproc::resets=1 preprocess::skeleton_preproc::time_apply=1ms preprocess::skeleton_preproc::time_encode=1ms preprocess::skeleton_preproc::time_fixed=0ms preprocess::skeleton_preproc::time_sat=0ms preprocess::uninterpreted::num_substs=0 preprocess::uninterpreted::time_apply=0ms preprocess::varsubst::normalize_bv_ineq::num_slt=0 preprocess::varsubst::normalize_bv_ineq::num_ult=0 preprocess::varsubst::normalize_eq::num_bv_concat=0 preprocess::varsubst::normalize_eq::num_gauss_elim=4 preprocess::varsubst::normalize_eq::num_linear_eq=4 preprocess::varsubst::num_substs=8 preprocess::varsubst::time_apply=1ms preprocess::varsubst::time_direct_cycle_check=0ms preprocess::varsubst::time_find_substitution=0ms preprocess::varsubst::time_find_vars=0ms preprocess::varsubst::time_register=0ms preprocess::varsubst::time_remove_cycles=0ms preprocess::varsubst::time_substitute=0ms preprocessor::num_iterations=2 preprocessor::time_preprocess=86ms preprocessor::time_process=0ms rewriter::(normalize)::num_evals=0 rewriter::(normalize)::num_rewrites=242 rewriter::(normalize)::rewrite::BV_ADD_SPECIAL_CONST=24 rewriter::(normalize)::rewrite::BV_MUL_EVAL=3 rewriter::(normalize)::rewrite::BV_MUL_ONES=10 rewriter::(normalize)::rewrite::BV_NEG_ELIM=10 rewriter::(normalize)::rewrite::BV_NOT_BV_NOT=38 rewriter::(normalize)::rewrite::NORMALIZE_COMM=157 rewriter::eval::BV_MUL_EVAL=2 rewriter::eval::BV_NEG_EVAL=2 rewriter::eval::BV_SHL_EVAL=2 rewriter::eval::EQUAL_EVAL=3 rewriter::eval::IMPLIES_EVAL=1 rewriter::num_evals=10 rewriter::num_rewrites=2359 rewriter::rewrite::BV_ADD_EVAL=2 rewriter::rewrite::BV_ADD_ITE2=37 rewriter::rewrite::BV_ADD_SPECIAL_CONST=35 rewriter::rewrite::BV_EXTRACT_ADD_MUL=3 rewriter::rewrite::BV_EXTRACT_EVAL=1 rewriter::rewrite::BV_EXTRACT_FULL=12 rewriter::rewrite::BV_MUL_ONE=4 rewriter::rewrite::BV_MUL_POW2=3 rewriter::rewrite::BV_NEG_ELIM=39 rewriter::rewrite::BV_NOT_BV_NOT=484 rewriter::rewrite::BV_NOT_EVAL=2 rewriter::rewrite::BV_OR_ELIM=413 rewriter::rewrite::BV_SADDO_ELIM=7 rewriter::rewrite::BV_SDIVO_ELIM=6 rewriter::rewrite::BV_SDIV_ELIM=3 rewriter::rewrite::BV_SGT_ELIM=1 rewriter::rewrite::BV_SHL_CONST=3 rewriter::rewrite::BV_SHL_SPECIAL_CONST=6 rewriter::rewrite::BV_SIGN_EXTEND_ELIM=24 rewriter::rewrite::BV_SLE_ELIM=8 rewriter::rewrite::BV_SMULO_ELIM=7 rewriter::rewrite::BV_SREM_ELIM=3 rewriter::rewrite::BV_SSUBO_ELIM=10 rewriter::rewrite::BV_SUB_ELIM=14 rewriter::rewrite::DISTINCT_ELIM=4 rewriter::rewrite::EQUAL_BV_SUB=9 rewriter::rewrite::EQUAL_CONST_BV_NOT=217 rewriter::rewrite::EQUAL_SPECIAL_CONST=14 rewriter::rewrite::EQUAL_TRUE=6 rewriter::rewrite::IMPLIES_ELIM=7 rewriter::rewrite::ITE_EVAL=1 rewriter::rewrite::NORMALIZE_COMM=899 rewriter::rewrite::NOT_EQUAL_BV1_BOOL=41 rewriter::rewrite::NOT_NOT=17 rewriter::rewrite::OR_ELIM=17 solver::abstract::lemmas::MUL_NEG_POW2=7 solver::abstract::num_checks=2 solver::abstract::terms::BV_MUL=7 solver::abstract::terms::total=7 solver::abstract::time_check=1ms solver::array::equalities=0 solver::array::num_checks=0 solver::array::propagations=0 solver::array::propagations_down=0 solver::array::propagations_up=0 solver::array::selects=0 solver::array::time_check=0ms solver::bv::bitblast::aig::num_ands=95067 solver::bv::bitblast::aig::num_consts=1415 solver::bv::bitblast::aig::num_shared=11838 solver::bv::bitblast::aig::time_bitblast=11ms solver::bv::bitblast::cnf::num_clauses=247214 solver::bv::bitblast::cnf::num_literals=595511 solver::bv::bitblast::cnf::num_vars=81206 solver::bv::bitblast::cnf::time_encode=74ms solver::bv::bitblast::sat::time_solve=13ms solver::bv::num_assertions=280 solver::bv::num_checks=2 solver::bv::time_check=88ms solver::engine::lemmas::abstr=7 solver::engine::lemmas::array=0 solver::engine::lemmas::fp=0 solver::engine::lemmas::fun=0 solver::engine::lemmas::quant=0 solver::engine::lemmas::total=7 solver::engine::time_register_term=0ms solver::engine::time_solve=103ms solver::fun::num_checks=1 solver::fun::time_check=0ms solver::quant::mbqi_checks=0 solver::quant::num_lemma_iterations=0 solver::quant::num_lemmas=0 solver::quant::time_check=0ms solver::quant::time_mbqi=0ms solver::quant::time_process=0ms solving_context::max_memory=71258112 solving_context::time_ensure_model=0ms solving_context::time_solve=190ms
SAT
Extract symbols: sym=init_var6, value=0
Extract symbols: sym=init_var7, value=0
Extract symbols: sym=a0_0_1, value=-1
Extract symbols: sym=a0_0_2, value=-1
Extract symbols: sym=a0_0, value=-1
Extract symbols: sym=a0_1_1, value=-1
Extract symbols: sym=a0_1_2, value=-1
Extract symbols: sym=a0_1, value=1
Extract symbols: sym=a1_0_1, value=0
Extract symbols: sym=a1_0_2, value=0
Extract symbols: sym=a1_0, value=0
Extract symbols: sym=a1_1_1, value=0
Extract symbols: sym=a1_1_2, value=0
Extract symbols: sym=a1_1, value=0
Extract symbols: sym=a2_0_1, value=0
Extract symbols: sym=a2_0_2, value=0
Extract symbols: sym=a2_0, value=0
Extract symbols: sym=a2_1_1, value=0
Extract symbols: sym=a2_1_2, value=0
Extract symbols: sym=a2_1, value=0
Extract symbols: sym=b2_2_1, value=0
Extract symbols: sym=b2_2_2, value=0
Extract symbols: sym=b2_2_3, value=0
Extract symbols: sym=b2_2, value=0
Extract symbols: sym=a3_0_1, value=0
Extract symbols: sym=a3_0_2, value=0
Extract symbols: sym=a3_0, value=0
Extract symbols: sym=a3_1_1, value=0
Extract symbols: sym=a3_1_2, value=0
Extract symbols: sym=a3_1, value=0
Extract symbols: sym=a4_0_1, value=0
Extract symbols: sym=a4_0_2, value=0
Extract symbols: sym=a4_0, value=0
Extract symbols: sym=a4_1_1, value=0
Extract symbols: sym=a4_1_2, value=0
Extract symbols: sym=a4_1, value=0
Extract symbols: sym=b4_2_1, value=0
Extract symbols: sym=b4_2_2, value=0
Extract symbols: sym=b4_2_3, value=0
Extract symbols: sym=b4_2, value=0
Extract symbols: sym=a5_0_1, value=0
Extract symbols: sym=a5_0_2, value=0
Extract symbols: sym=a5_0, value=0
Extract symbols: sym=a5_1_1, value=0
Extract symbols: sym=a5_1_2, value=0
Extract symbols: sym=a5_1, value=0
Extract symbols: sym=a6_0_1, value=0
Extract symbols: sym=a6_0_2, value=0
Extract symbols: sym=a6_0, value=0
Extract symbols: sym=a6_1_1, value=0
Extract symbols: sym=a6_1_2, value=0
Extract symbols: sym=a6_1, value=0
Extract symbols: sym=b6_2_1, value=0
Extract symbols: sym=b6_2_2, value=0
Extract symbols: sym=b6_2_3, value=0
Extract symbols: sym=b6_2, value=0
Extract symbols: sym=a7_0_1, value=0
Extract symbols: sym=a7_0_2, value=0
Extract symbols: sym=a7_0, value=0
Extract symbols: sym=a7_1_1, value=0
Extract symbols: sym=a7_1_2, value=0
Extract symbols: sym=a7_1, value=0
Extract symbols: sym=a8_0_1, value=0
Extract symbols: sym=a8_0_2, value=0
Extract symbols: sym=a8_0, value=0
Extract symbols: sym=a8_1_1, value=0
Extract symbols: sym=a8_1_2, value=0
Extract symbols: sym=a8_1, value=0
Extract symbols: sym=a9_0_1, value=0
Extract symbols: sym=a9_0_2, value=0
Extract symbols: sym=a9_0, value=0
Extract symbols: sym=a9_1_1, value=0
Extract symbols: sym=a9_1_2, value=0
Extract symbols: sym=a9_1, value=0
Extract symbols: sym=b9_2_1, value=0
Extract symbols: sym=b9_2_2, value=0
Extract symbols: sym=b9_2_3, value=0
Extract symbols: sym=b9_2, value=0
Extract symbols: sym=a10_0_1, value=0
Extract symbols: sym=a10_0_2, value=0
Extract symbols: sym=a10_0, value=0
Extract symbols: sym=a10_1_1, value=0
Extract symbols: sym=a10_1_2, value=0
Extract symbols: sym=a10_1, value=0
Extract symbols: sym=b10_2_1, value=0
Extract symbols: sym=b10_2_2, value=0
Extract symbols: sym=b10_2_3, value=0
Extract symbols: sym=b10_2, value=0
Extract symbols: sym=a11_0_1, value=0
Extract symbols: sym=a11_0_2, value=0
Extract symbols: sym=a11_0, value=0
Extract symbols: sym=a11_1_1, value=0
Extract symbols: sym=a11_1_2, value=0
Extract symbols: sym=a11_1, value=0
Extract symbols: sym=b11_2_1, value=0
Extract symbols: sym=b11_2_2, value=0
Extract symbols: sym=b11_2_3, value=0
Extract symbols: sym=b11_2, value=0
Extract symbols: sym=a12_0_1, value=0
Extract symbols: sym=a12_0_2, value=0
Extract symbols: sym=a12_0, value=0
Extract symbols: sym=a12_1_1, value=0
Extract symbols: sym=a12_1_2, value=0
Extract symbols: sym=a12_1, value=0
Extract symbols: sym=a13_0_1, value=0
Extract symbols: sym=a13_0_2, value=0
Extract symbols: sym=a13_0, value=0
Extract symbols: sym=a13_1_1, value=0
Extract symbols: sym=a13_1_2, value=0
Extract symbols: sym=a13_1, value=0
Extract symbols: sym=a14_0_1, value=0
Extract symbols: sym=a14_0_2, value=0
Extract symbols: sym=a14_0, value=0
Extract symbols: sym=a14_1_1, value=0
Extract symbols: sym=a14_1_2, value=0
Extract symbols: sym=a14_1, value=0
Extract symbols: sym=b14_2_1, value=0
Extract symbols: sym=b14_2_2, value=0
Extract symbols: sym=b14_2_3, value=0
Extract symbols: sym=b14_2, value=0
Extract symbols: sym=a15_0_1, value=0
Extract symbols: sym=a15_0_2, value=0
Extract symbols: sym=a15_0, value=0
Extract symbols: sym=a15_1_1, value=0
Extract symbols: sym=a15_1_2, value=0
Extract symbols: sym=a15_1, value=0
Extract symbols: sym=a16_0_1, value=0
Extract symbols: sym=a16_0_2, value=0
Extract symbols: sym=a16_0, value=0
Extract symbols: sym=a16_1_1, value=0
Extract symbols: sym=a16_1_2, value=0
Extract symbols: sym=a16_1, value=0
Extract symbols: sym=b16_2_1, value=0
Extract symbols: sym=b16_2_2, value=0
Extract symbols: sym=b16_2_3, value=0
Extract symbols: sym=b16_2, value=0
Extract symbols: sym=a17_0_1, value=-1
Extract symbols: sym=a17_0_2, value=-1
Extract symbols: sym=a17_0, value=2
Extract symbols: sym=a17_1_1, value=-1
Extract symbols: sym=a17_1_2, value=-1
Extract symbols: sym=a17_1, value=-1
Extract symbols: sym=b17_2_1, value=-1
Extract symbols: sym=b17_2_2, value=-1
Extract symbols: sym=b17_2_3, value=-1
Extract symbols: sym=b17_2, value=-1
Extract symbols: sym=a18_0_1, value=-1
Extract symbols: sym=a18_0_2, value=-1
Extract symbols: sym=a18_0, value=-1
Extract symbols: sym=a18_1_1, value=0
Extract symbols: sym=a18_1_2, value=-1
Extract symbols: sym=a18_1, value=-1
--------IntUBInject: Inject Int UBs to Block BB6--------------------------------------------
Collected constraints:
(bvsge v0_f0_v0 #b110000000000000000000000000000000)
(bvsle v0_f0_v0 #b001111111111111111111111111111111)
(bvsge v0_f1_v0 #b110000000000000000000000000000000)
(bvsle v0_f1_v0 #b001111111111111111111111111111111)
(bvsle v6_v0 #b001111111111111111111111111111111)
(bvsge v6_v0 #b110000000000000000000000000000000)
(bvsle v2_v0 #b001111111111111111111111111111111)
(bvsge v2_v0 #b110000000000000000000000000000000)
(bvsle v5_el1_v0 #b001111111111111111111111111111111)
(bvsge v5_el1_v0 #b110000000000000000000000000000000)
(= v4_v1 (bvsub (bvsub #b000000000000000000000000000000000 (bvmul #b000000000000000000000000000000000 v6_v0)) (bvmul #b000000000000000000000000000000000 v0_f1_v0)))
(distinct v2_v0 #b000000000000000000000000000000000)
(= #b000000000000000000000000000000000 #b000000000000000000000000000000000)
(= #b000000000000000000000000000000001 #b000000000000000000000000000000001)
(= v5_el1_v1 (bvadd (bvadd #b000000000000000000000000000000000 (bvsub #b000000000000000000000000000000000 v5_el1_v0)) (bvsrem #b000000000000000000000000000000000 v2_v0)))
(= #b000000000000000000000000000000000 #b000000000000000000000000000000000)
(= #b000000000000000000000000000000001 #b000000000000000000000000000000001)
(let ((_let0 (bvsub (bvsub #b000000000000000000000000000000000 (bvmul #b000000000000000000000000000000000 v6_v0)) (bvmul #b000000000000000000000000000000000 v0_f1_v0)))) (let ((_let1 (bvadd (bvadd #b000000000000000000000000000000000 (bvsub #b000000000000000000000000000000000 v5_el1_v0)) (bvsrem #b000000000000000000000000000000000 v2_v0)))) (let ((_let2 (bvsub (bvsub (bvsub #b000000000000000000000000000000000 (bvmul #b000000000000000000000000000000000 v2_v0)) (bvadd #b000000000000000000000000000000000 v5_el1_v1)) (bvsub #b000000000000000000000000000000000 v4_v1)))) (or (or (or false (or (bvsgt _let0 #b001111111111111111111111111111111) (bvslt _let0 #b110000000000000000000000000000000))) (or (bvsgt _let1 #b001111111111111111111111111111111) (bvslt _let1 #b110000000000000000000000000000000))) (or (bvsgt _let2 #b001111111111111111111111111111111) (bvslt _let2 #b110000000000000000000000000000000))))))
SAT
Adding initializations to ensure undefined behaviors
Let variable: var=v0_f1, value=-2147483648
Let variable: var=v6, value=-2147483648
Let variable: var=v2, value=-1
Let variable: var=v5_el1, value=-2147483648
--------IntUBInject: Inject Int UBs to Block BB14--------------------------------------------
Collected constraints:
(bvsle v2_v0 #b001111111111111111111111111111111)
(bvsge v2_v0 #b110000000000000000000000000000000)
(bvsle v3_v0 #b001111111111111111111111111111111)
(bvsge v3_v0 #b110000000000000000000000000000000)
(bvsle v3_v0 #b001111111111111111111111111111111)
(bvsge v3_v0 #b110000000000000000000000000000000)
(bvsle v6_v0 #b001111111111111111111111111111111)
(bvsge v6_v0 #b110000000000000000000000000000000)
(distinct v2_v0 #b000000000000000000000000000000000)
(distinct v3_v0 #b000000000000000000000000000000000)
(= v0_f1_v1 (bvsub (bvsub #b000000000000000000000000000000000 (bvsdiv #b000000000000000000000000000000000 v3_v0)) (bvsrem #b000000000000000000000000000000000 v2_v0)))
(distinct v3_v0 #b000000000000000000000000000000000)
(= v7_v1 (bvadd (bvadd #b000000000000000000000000000000000 (bvadd #b000000000000000000000000000000000 v6_v0)) (bvsdiv #b000000000000000000000000000000000 v3_v0)))
(= #b000000000000000000000000000000000 #b000000000000000000000000000000000)
(= #b000000000000000000000000000000001 #b000000000000000000000000000000001)
(let ((_let0 (bvsdiv #b000000000000000000000000000000000 v3_v0))) (let ((_let1 (bvsub (bvsub #b000000000000000000000000000000000 _let0) (bvsrem #b000000000000000000000000000000000 v2_v0)))) (let ((_let2 (bvadd (bvadd #b000000000000000000000000000000000 (bvadd #b000000000000000000000000000000000 v6_v0)) _let0))) (let ((_let3 (bvsub (bvsub (bvsub #b000000000000000000000000000000000 (bvmul #b000000000000000000000000000000000 v5_el1_v0)) (bvsub #b000000000000000000000000000000000 v7_v1)) (bvmul #b000000000000000000000000000000000 v0_f0_v0)))) (or (or (or false (or (bvsgt _let1 #b001111111111111111111111111111111) (bvslt _let1 #b110000000000000000000000000000000))) (or (bvsgt _let2 #b001111111111111111111111111111111) (bvslt _let2 #b110000000000000000000000000000000))) (or (bvsgt _let3 #b001111111111111111111111111111111) (bvslt _let3 #b110000000000000000000000000000000)))))))
UNSAT
----------IntUBInject: Inject Int UBs to Block BB15------------------------------------------
Collected constraints:
(bvsle v1_v0 #b001111111111111111111111111111111)
(bvsge v1_v0 #b110000000000000000000000000000000)
(bvsle v4_v0 #b001111111111111111111111111111111)
(bvsge v4_v0 #b110000000000000000000000000000000)
(bvsge v0_f0_v0 #b110000000000000000000000000000000)
(bvsle v0_f0_v0 #b001111111111111111111111111111111)
(bvsge v0_f1_v0 #b110000000000000000000000000000000)
(bvsle v0_f1_v0 #b001111111111111111111111111111111)
(bvsle v4_v0 #b001111111111111111111111111111111)
(bvsge v4_v0 #b110000000000000000000000000000000)
(= v7_v1 (bvadd (bvadd #b000000000000000000000000000000000 (bvmul #b000000000000000000000000000000000 v4_v0)) (bvmul #b000000000000000000000000000000000 v1_v0)))
(distinct v4_v0 #b000000000000000000000000000000000)
(= v4_v1 (bvsub (bvsub #b000000000000000000000000000000000 (bvsdiv #b000000000000000000000000000000000 v4_v0)) (bvsub #b000000000000000000000000000000000 v0_f0_v0)))
(let ((_let0 (bvadd (bvadd #b000000000000000000000000000000000 (bvmul #b000000000000000000000000000000000 v4_v0)) (bvmul #b000000000000000000000000000000000 v1_v0)))) (let ((_let1 (bvsub (bvsub #b000000000000000000000000000000000 (bvsdiv #b000000000000000000000000000000000 v4_v0)) (bvsub #b000000000000000000000000000000000 v0_f0_v0)))) (or (or false (or (bvsgt _let0 #b001111111111111111111111111111111) (bvslt _let0 #b110000000000000000000000000000000))) (or (bvsgt _let1 #b001111111111111111111111111111111) (bvslt _let1 #b110000000000000000000000000000000)))))
UNSAT
Extract initialization: param=v0, value=-1
Extract initialization: param=v0, value=-1
Extract initialization: param=v0, value=-1
Extract initialization: param=v0, value=-1
Extract initialization: param=v0, value=-1
Extract initialization: param=v0, value=-1
Extract initialization: param=v0, value=-1
Extract initialization: param=v0, value=-1
Extract initialization: param=v0, value=-1
Extract initialization: param=v1, value=-1
Extract initialization: param=v2, value=-1
Extract initialization: param=v3, value=-1
Extract initialization: param=v4, value=-1
Extract initialization: param=v5, value=-1
Extract initialization: param=v5, value=-1
Extract finalization: param=v0, value=-1
Extract finalization: param=v0, value=-1
Extract finalization: param=v0, value=-1
Extract finalization: param=v0, value=-1
Extract finalization: param=v0, value=-1
Extract finalization: param=v0, value=-1
Extract finalization: param=v0, value=-1
Extract finalization: param=v0, value=-1
Extract finalization: param=v0, value=-1
Extract finalization: param=v1, value=-1
Extract finalization: param=v2, value=-1
Extract finalization: param=v3, value=-1
Extract finalization: param=v4, value=0
Extract finalization: param=v5, value=-1
Extract finalization: param=v5, value=-1
----------SymExec: Iteration 1------------------------------------------
Generating or re-generating UB-free constraints
Initial constraints: 
```
(bvsle (bvadd (bvadd (bvadd (bvadd (bvadd (bvadd (bvadd (bvadd (bvadd (bvadd (bvadd (bvadd (bvadd (bvadd (ite (= v0_f0_v0 #b00000000000000000000000000000000) #b00000000000000000000000000000001 #b00000000000000000000000000000000) (ite (= v0_f1_el0_f0_v0 #b00000000000000000000000000000000) #b00000000000000000000000000000001 #b00000000000000000000000000000000)) (ite (= v0_f1_el0_f1_el0_v0 #b00000000000000000000000000000000) #b00000000000000000000000000000001 #b00000000000000000000000000000000)) (ite (= v0_f1_el0_f2_el0_v0 #b00000000000000000000000000000000) #b00000000000000000000000000000001 #b00000000000000000000000000000000)) (ite (= v0_f1_el0_f2_el1_v0 #b00000000000000000000000000000000) #b00000000000000000000000000000001 #b00000000000000000000000000000000)) (ite (= v0_f1_el1_f0_v0 #b00000000000000000000000000000000) #b00000000000000000000000000000001 #b00000000000000000000000000000000)) (ite (= v0_f1_el1_f1_el0_v0 #b00000000000000000000000000000000) #b00000000000000000000000000000001 #b00000000000000000000000000000000)) (ite (= v0_f1_el1_f2_el0_v0 #b00000000000000000000000000000000) #b00000000000000000000000000000001 #b00000000000000000000000000000000)) (ite (= v0_f1_el1_f2_el1_v0 #b00000000000000000000000000000000) #b00000000000000000000000000000001 #b00000000000000000000000000000000)) (ite (= v1_v0 #b00000000000000000000000000000000) #b00000000000000000000000000000001 #b00000000000000000000000000000000)) (ite (= v2_v0 #b00000000000000000000000000000000) #b00000000000000000000000000000001 #b00000000000000000000000000000000)) (ite (= v3_v0 #b00000000000000000000000000000000) #b00000000000000000000000000000001 #b00000000000000000000000000000000)) (ite (= v4_v0 #b00000000000000000000000000000000) #b00000000000000000000000000000001 #b00000000000000000000000000000000)) (ite (= v5_el0_v0 #b00000000000000000000000000000000) #b00000000000000000000000000000001 #b00000000000000000000000000000000)) (ite (= v5_el1_v0 #b00000000000000000000000000000000) #b00000000000000000000000000000001 #b00000000000000000000000000000000)) #b00000000000000000000000000000111)
```
Final constraints: 
```
(bvsle (bvadd (bvadd (bvadd (bvadd (bvadd (bvadd (bvadd (bvadd (bvadd (bvadd (bvadd (bvadd (bvadd (bvadd (ite (= v0_f0_v0 #b00000000000000000000000000000000) #b00000000000000000000000000000001 #b00000000000000000000000000000000) (ite (= v0_f1_el0_f0_v0 #b00000000000000000000000000000000) #b00000000000000000000000000000001 #b00000000000000000000000000000000)) (ite (= v0_f1_el0_f1_el0_v0 #b00000000000000000000000000000000) #b00000000000000000000000000000001 #b00000000000000000000000000000000)) (ite (= v0_f1_el0_f2_el0_v0 #b00000000000000000000000000000000) #b00000000000000000000000000000001 #b00000000000000000000000000000000)) (ite (= v0_f1_el0_f2_el1_v0 #b00000000000000000000000000000000) #b00000000000000000000000000000001 #b00000000000000000000000000000000)) (ite (= v0_f1_el1_f0_v0 #b00000000000000000000000000000000) #b00000000000000000000000000000001 #b00000000000000000000000000000000)) (ite (= v0_f1_el1_f1_el0_v0 #b00000000000000000000000000000000) #b00000000000000000000000000000001 #b00000000000000000000000000000000)) (ite (= v0_f1_el1_f2_el0_v0 #b00000000000000000000000000000000) #b00000000000000000000000000000001 #b00000000000000000000000000000000)) (ite (= v0_f1_el1_f2_el1_v0 #b00000000000000000000000000000000) #b00000000000000000000000000000001 #b00000000000000000000000000000000)) (ite (= v1_v0 #b00000000000000000000000000000000) #b00000000000000000000000000000001 #b00000000000000000000000000000000)) (ite (= v2_v0 #b00000000000000000000000000000000) #b00000000000000000000000000000001 #b00000000000000000000000000000000)) (ite (= v3_v0 #b00000000000000000000000000000000) #b00000000000000000000000000000001 #b00000000000000000000000000000000)) (ite (= v4_v0 #b00000000000000000000000000000000) #b00000000000000000000000000000001 #b00000000000000000000000000000000)) (ite (= v5_el0_v0 #b00000000000000000000000000000000) #b00000000000000000000000000000001 #b00000000000000000000000000000000)) (ite (= v5_el1_v0 #b00000000000000000000000000000000) #b00000000000000000000000000000001 #b00000000000000000000000000000000)) #b00000000000000000000000000000111)
(= v6_v0 #b00000000000000000000000000000000)
(= v7_v0 #b00000000000000000000000000000000)
(not (bvsmulo #b11111111111111111111111111111111 v5_el1_v0))
(not (bvsmulo #b11111111111111111111111111111111 v0_f1_el1_f1_el0_v0))
(not (bvsaddo (bvmul #b11111111111111111111111111111111 v5_el1_v0) (bvmul #b11111111111111111111111111111111 v0_f1_el1_f1_el0_v0)))
(not (bvsaddo (bvadd (bvmul #b11111111111111111111111111111111 v5_el1_v0) (bvmul #b11111111111111111111111111111111 v0_f1_el1_f1_el0_v0)) #b11111111111111111111111111111111))
(let ((_let0 (ite (= #b11111111111111111111111111111111 #b00000000000000000000000000000000) #b00000000000000000000000000000001 #b00000000000000000000000000000000))) (bvsle (bvadd (bvadd _let0 _let0) _let0) #b00000000000000000000000000000001))
(= v7_v1 (bvadd (bvadd (bvmul #b11111111111111111111111111111111 v5_el1_v0) (bvmul #b11111111111111111111111111111111 v0_f1_el1_f1_el0_v0)) #b11111111111111111111111111111111))
(distinct v4_v0 #b00000000000000000000000000000000)
(not (bvsdivo #b11111111111111111111111111111111 v4_v0))
(not (bvsmulo #b11111111111111111111111111111111 v1_v0))
(not (bvssubo (bvsdiv #b11111111111111111111111111111111 v4_v0) (bvmul #b11111111111111111111111111111111 v1_v0)))
(not (bvssubo (bvsub (bvsdiv #b11111111111111111111111111111111 v4_v0) (bvmul #b11111111111111111111111111111111 v1_v0)) #b00000000000000000000000000000001))
(let ((_let0 (ite (= #b11111111111111111111111111111111 #b00000000000000000000000000000000) #b00000000000000000000000000000001 #b00000000000000000000000000000000))) (bvsle (bvadd (bvadd _let0 _let0) (ite (= #b00000000000000000000000000000001 #b00000000000000000000000000000000) #b00000000000000000000000000000001 #b00000000000000000000000000000000)) #b00000000000000000000000000000001))
(= v1_v1 (bvsub (bvsub (bvsdiv #b11111111111111111111111111111111 v4_v0) (bvmul #b11111111111111111111111111111111 v1_v0)) #b00000000000000000000000000000001))
(distinct v7_v1 #b00000000000000000000000000000000)
(not (bvsdivo #b11111111111111111111111111111111 v7_v1))
(not (bvssubo (bvmul #b11111111111111111111111111111111 v5_el1_v0) (bvsrem #b11111111111111111111111111111111 v7_v1)))
(not (bvssubo (bvsub (bvmul #b11111111111111111111111111111111 v5_el1_v0) (bvsrem #b11111111111111111111111111111111 v7_v1)) #b00000000000000000000000000000010))
(let ((_let0 (ite (= #b11111111111111111111111111111111 #b00000000000000000000000000000000) #b00000000000000000000000000000001 #b00000000000000000000000000000000))) (bvsle (bvadd (bvadd _let0 _let0) (ite (= #b00000000000000000000000000000010 #b00000000000000000000000000000000) #b00000000000000000000000000000001 #b00000000000000000000000000000000)) #b00000000000000000000000000000001))
(= v6_v1 (bvsub (bvsub (bvmul #b11111111111111111111111111111111 v5_el1_v0) (bvsrem #b11111111111111111111111111111111 v7_v1)) #b00000000000000000000000000000010))
(not (bvsaddo #b11111111111111111111111111111111 v0_f0_v0))
(not (bvsaddo (bvadd #b11111111111111111111111111111111 v0_f0_v0) (bvsrem #b11111111111111111111111111111111 v4_v0)))
(not (bvsaddo (bvadd (bvadd #b11111111111111111111111111111111 v0_f0_v0) (bvsrem #b11111111111111111111111111111111 v4_v0)) #b11111111111111111111111111111111))
(= v5_el1_v1 (bvadd (bvadd (bvadd #b11111111111111111111111111111111 v0_f0_v0) (bvsrem #b11111111111111111111111111111111 v4_v0)) #b11111111111111111111111111111111))
(distinct v6_v1 #b00000000000000000000000000000000)
(not (bvsdivo #b11111111111111111111111111111111 v6_v1))
(not (bvsmulo #b11111111111111111111111111111111 v5_el1_v1))
(not (bvssubo (bvsdiv #b11111111111111111111111111111111 v6_v1) (bvmul #b11111111111111111111111111111111 v5_el1_v1)))
(distinct v3_v0 #b00000000000000000000000000000000)
(not (bvsdivo #b11111111111111111111111111111111 v3_v0))
(not (bvssubo (bvsub (bvsdiv #b11111111111111111111111111111111 v6_v1) (bvmul #b11111111111111111111111111111111 v5_el1_v1)) (bvsdiv #b11111111111111111111111111111111 v3_v0)))
(not (bvssubo (bvsub (bvsub (bvsdiv #b11111111111111111111111111111111 v6_v1) (bvmul #b11111111111111111111111111111111 v5_el1_v1)) (bvsdiv #b11111111111111111111111111111111 v3_v0)) #b11111111111111111111111111111111))
(let ((_let0 (ite (= #b11111111111111111111111111111111 #b00000000000000000000000000000000) #b00000000000000000000000000000001 #b00000000000000000000000000000000))) (bvsle (bvadd (bvadd (bvadd _let0 _let0) _let0) _let0) #b00000000000000000000000000000001))
(not (bvsgt (bvsub (bvsub (bvsub (bvsdiv #b11111111111111111111111111111111 v6_v1) (bvmul #b11111111111111111111111111111111 v5_el1_v1)) (bvsdiv #b11111111111111111111111111111111 v3_v0)) #b11111111111111111111111111111111) #b00000000000000000000000000000000))
(not (bvsmulo #b11111111111111111111111111111111 v6_v1))
(not (bvsaddo (bvsrem #b11111111111111111111111111111111 v4_v0) (bvmul #b11111111111111111111111111111111 v6_v1)))
(not (bvsaddo (bvadd (bvsrem #b11111111111111111111111111111111 v4_v0) (bvmul #b11111111111111111111111111111111 v6_v1)) #b11111111111111111111111111111111))
(= v4_v1 (bvadd (bvadd (bvsrem #b11111111111111111111111111111111 v4_v0) (bvmul #b11111111111111111111111111111111 v6_v1)) #b11111111111111111111111111111111))
(not (bvssubo #b00000000000000000000000000000000 v1_v1))
(not (bvssubo (bvsub #b00000000000000000000000000000000 v1_v1) (bvmul #b11111111111111111111111111111111 v5_el1_v1)))
(not (bvssubo (bvsub (bvsub #b00000000000000000000000000000000 v1_v1) (bvmul #b11111111111111111111111111111111 v5_el1_v1)) #b11111111111111111111111111111111))
(let ((_let0 (ite (= #b11111111111111111111111111111111 #b00000000000000000000000000000000) #b00000000000000000000000000000001 #b00000000000000000000000000000000))) (bvsle (bvadd (bvadd (ite (= #b00000000000000000000000000000000 #b00000000000000000000000000000000) #b00000000000000000000000000000001 #b00000000000000000000000000000000) _let0) _let0) #b00000000000000000000000000000001))
(= v5_el1_v2 (bvsub (bvsub (bvsub #b00000000000000000000000000000000 v1_v1) (bvmul #b11111111111111111111111111111111 v5_el1_v1)) #b11111111111111111111111111111111))
(bvsle (bvadd (bvadd (bvadd (bvadd (bvadd (bvadd (bvadd (bvadd (bvadd (bvadd (bvadd (bvadd (bvadd (bvadd (ite (= (ite (distinct v0_f0_v0 #b11111111111111111111111111111111) #b00000000000000000000000000000001 #b00000000000000000000000000000000) #b00000000000000000000000000000000) #b00000000000000000000000000000001 #b00000000000000000000000000000000) (ite (= (ite (distinct v0_f1_el0_f0_v0 #b11111111111111111111111111111111) #b00000000000000000000000000000001 #b00000000000000000000000000000000) #b00000000000000000000000000000000) #b00000000000000000000000000000001 #b00000000000000000000000000000000)) (ite (= (ite (distinct v0_f1_el0_f1_el0_v0 #b11111111111111111111111111111111) #b00000000000000000000000000000001 #b00000000000000000000000000000000) #b00000000000000000000000000000000) #b00000000000000000000000000000001 #b00000000000000000000000000000000)) (ite (= (ite (distinct v0_f1_el0_f2_el0_v0 #b11111111111111111111111111111111) #b00000000000000000000000000000001 #b00000000000000000000000000000000) #b00000000000000000000000000000000) #b00000000000000000000000000000001 #b00000000000000000000000000000000)) (ite (= (ite (distinct v0_f1_el0_f2_el1_v0 #b11111111111111111111111111111111) #b00000000000000000000000000000001 #b00000000000000000000000000000000) #b00000000000000000000000000000000) #b00000000000000000000000000000001 #b00000000000000000000000000000000)) (ite (= (ite (distinct v0_f1_el1_f0_v0 #b11111111111111111111111111111111) #b00000000000000000000000000000001 #b00000000000000000000000000000000) #b00000000000000000000000000000000) #b00000000000000000000000000000001 #b00000000000000000000000000000000)) (ite (= (ite (distinct v0_f1_el1_f1_el0_v0 #b11111111111111111111111111111111) #b00000000000000000000000000000001 #b00000000000000000000000000000000) #b00000000000000000000000000000000) #b00000000000000000000000000000001 #b00000000000000000000000000000000)) (ite (= (ite (distinct v0_f1_el1_f2_el0_v0 #b11111111111111111111111111111111) #b00000000000000000000000000000001 #b00000000000000000000000000000000) #b00000000000000000000000000000000) #b00000000000000000000000000000001 #b00000000000000000000000000000000)) (ite (= (ite (distinct v0_f1_el1_f2_el1_v0 #b11111111111111111111111111111111) #b00000000000000000000000000000001 #b00000000000000000000000000000000) #b00000000000000000000000000000000) #b00000000000000000000000000000001 #b00000000000000000000000000000000)) (ite (= (ite (distinct v1_v0 #b11111111111111111111111111111111) #b00000000000000000000000000000001 #b00000000000000000000000000000000) #b00000000000000000000000000000000) #b00000000000000000000000000000001 #b00000000000000000000000000000000)) (ite (= (ite (distinct v2_v0 #b11111111111111111111111111111111) #b00000000000000000000000000000001 #b00000000000000000000000000000000) #b00000000000000000000000000000000) #b00000000000000000000000000000001 #b00000000000000000000000000000000)) (ite (= (ite (distinct v3_v0 #b11111111111111111111111111111111) #b00000000000000000000000000000001 #b00000000000000000000000000000000) #b00000000000000000000000000000000) #b00000000000000000000000000000001 #b00000000000000000000000000000000)) (ite (= (ite (distinct v4_v0 #b11111111111111111111111111111111) #b00000000000000000000000000000001 #b00000000000000000000000000000000) #b00000000000000000000000000000000) #b00000000000000000000000000000001 #b00000000000000000000000000000000)) (ite (= (ite (distinct v5_el0_v0 #b11111111111111111111111111111111) #b00000000000000000000000000000001 #b00000000000000000000000000000000) #b00000000000000000000000000000000) #b00000000000000000000000000000001 #b00000000000000000000000000000000)) (ite (= (ite (distinct v5_el1_v0 #b11111111111111111111111111111111) #b00000000000000000000000000000001 #b00000000000000000000000000000000) #b00000000000000000000000000000000) #b00000000000000000000000000000001 #b00000000000000000000000000000000)) #b00000000000000000000000000000011)
```
Constraint stats: asserted=46 addCalls=54 skippedTrue=0 deduped=8 ensureInRangeCalls=79 boundedAlready=0 uniqueConstraintIds=46 uniqueBoundedIds=0 (solverAsserted=0)
Bitwuzla check_sat time: 78ms
Bitwuzla statistics: preprocess::contradicting_ands::num_substs=0 preprocess::contradicting_ands::time_apply=0ms preprocess::elim_extract::num_elim=0 preprocess::elim_extract::time_apply=0ms preprocess::elim_lambda::time_apply=0ms preprocess::elim_udiv::num_eliminated=0 preprocess::elim_udiv::time_apply=0ms preprocess::embedded_constraints::num_substs=2 preprocess::embedded_constraints::time_apply=0ms preprocess::flatten_and::num_assertions=16 preprocess::flatten_and::num_flattened=8 preprocess::flatten_and::time_apply=0ms preprocess::lambda::num_elim=0 preprocess::normalize::num_common_normalizations=0 preprocess::normalize::num_normalizations=44 preprocess::normalize::num_normalized_assertions=0 preprocess::normalize::num_pass1=0 preprocess::normalize::num_pass2=0 preprocess::normalize::time_adder_chains=1ms preprocess::normalize::time_apply=9ms preprocess::normalize::time_compute_occs=0ms preprocess::normalize::time_normalize_add=0ms preprocess::normalize::time_normalize_mul=0ms preprocess::normalize::time_score=6ms preprocess::rewrite::time_apply=1ms preprocess::skeleton_preproc::cnf::clauses=160 preprocess::skeleton_preproc::cnf::lits=324 preprocess::skeleton_preproc::new_assertions=0 preprocess::skeleton_preproc::resets=1 preprocess::skeleton_preproc::time_apply=0ms preprocess::skeleton_preproc::time_encode=0ms preprocess::skeleton_preproc::time_fixed=0ms preprocess::skeleton_preproc::time_sat=0ms preprocess::uninterpreted::num_substs=0 preprocess::uninterpreted::time_apply=0ms preprocess::varsubst::normalize_bv_ineq::num_slt=0 preprocess::varsubst::normalize_bv_ineq::num_ult=0 preprocess::varsubst::normalize_eq::num_bv_concat=0 preprocess::varsubst::normalize_eq::num_gauss_elim=0 preprocess::varsubst::normalize_eq::num_linear_eq=0 preprocess::varsubst::num_substs=8 preprocess::varsubst::time_apply=0ms preprocess::varsubst::time_direct_cycle_check=0ms preprocess::varsubst::time_find_substitution=0ms preprocess::varsubst::time_find_vars=0ms preprocess::varsubst::time_register=0ms preprocess::varsubst::time_remove_cycles=0ms preprocess::varsubst::time_substitute=0ms preprocessor::num_iterations=2 preprocessor::time_preprocess=11ms preprocessor::time_process=0ms rewriter::(normalize)::num_evals=0 rewriter::(normalize)::num_rewrites=214 rewriter::(normalize)::rewrite::BV_ADD_CONST=3 rewriter::(normalize)::rewrite::BV_ADD_EVAL=6 rewriter::(normalize)::rewrite::BV_ADD_SPECIAL_CONST=16 rewriter::(normalize)::rewrite::BV_MUL_EVAL=3 rewriter::(normalize)::rewrite::BV_MUL_ONES=13 rewriter::(normalize)::rewrite::BV_NEG_ELIM=13 rewriter::(normalize)::rewrite::BV_NOT_BV_NOT=27 rewriter::(normalize)::rewrite::NORMALIZE_COMM=133 rewriter::num_evals=0 rewriter::num_rewrites=1069 rewriter::rewrite::AND_SPECIAL_CONST=55 rewriter::rewrite::BV_ADD_CONST=3 rewriter::rewrite::BV_ADD_EVAL=7 rewriter::rewrite::BV_ADD_ITE2=30 rewriter::rewrite::BV_ADD_SPECIAL_CONST=32 rewriter::rewrite::BV_AND_EVAL=1 rewriter::rewrite::BV_AND_SPECIAL_CONST=155 rewriter::rewrite::BV_CONCAT_EVAL=2 rewriter::rewrite::BV_EXTRACT_ADD_MUL=3 rewriter::rewrite::BV_EXTRACT_EVAL=36 rewriter::rewrite::BV_EXTRACT_FULL=5 rewriter::rewrite::BV_MUL_ONES=10 rewriter::rewrite::BV_MUL_POW2=3 rewriter::rewrite::BV_NEG_ELIM=29 rewriter::rewrite::BV_NOT_BV_NEG=3 rewriter::rewrite::BV_NOT_BV_NOT=61 rewriter::rewrite::BV_NOT_EVAL=5 rewriter::rewrite::BV_OR_ELIM=6 rewriter::rewrite::BV_SADDO_ELIM=7 rewriter::rewrite::BV_SDIVO_ELIM=4 rewriter::rewrite::BV_SDIV_ELIM=3 rewriter::rewrite::BV_SGT_ELIM=1 rewriter::rewrite::BV_SHL_CONST=3 rewriter::rewrite::BV_SIGN_EXTEND_ELIM=12 rewriter::rewrite::BV_SLE_ELIM=4 rewriter::rewrite::BV_SLT_EVAL=2 rewriter::rewrite::BV_SMULO_ELIM=5 rewriter::rewrite::BV_SREM_ELIM=2 rewriter::rewrite::BV_SSUBO_ELIM=10 rewriter::rewrite::BV_SUB_ELIM=10 rewriter::rewrite::BV_XOR_EVAL=1 rewriter::rewrite::BV_XOR_SPECIAL_CONST=3 rewriter::rewrite::DISTINCT_ELIM=19 rewriter::rewrite::EQUAL_BV_ADD_ADD=1 rewriter::rewrite::EQUAL_BV_SUB=2 rewriter::rewrite::EQUAL_CONST_BV_ADD=2 rewriter::rewrite::EQUAL_CONST_BV_NOT=3 rewriter::rewrite::EQUAL_EVAL=10 rewriter::rewrite::EQUAL_ITE_SAME=15 rewriter::rewrite::EQUAL_SPECIAL_CONST=5 rewriter::rewrite::EQUAL_TRUE=6 rewriter::rewrite::ITE_EVAL=8 rewriter::rewrite::NORMALIZE_COMM=399 rewriter::rewrite::NOT_EQUAL_BV1_BOOL=21 rewriter::rewrite::NOT_EVAL=1 rewriter::rewrite::NOT_NOT=32 rewriter::rewrite::OR_ELIM=32 solver::abstract::num_checks=1 solver::abstract::terms::total=0 solver::abstract::time_check=0ms solver::array::equalities=0 solver::array::num_checks=0 solver::array::propagations=0 solver::array::propagations_down=0 solver::array::propagations_up=0 solver::array::selects=0 solver::array::time_check=0ms solver::bv::bitblast::aig::num_ands=41026 solver::bv::bitblast::aig::num_consts=480 solver::bv::bitblast::aig::num_shared=19100 solver::bv::bitblast::aig::time_bitblast=5ms solver::bv::bitblast::cnf::num_clauses=100575 solver::bv::bitblast::cnf::num_literals=245886 solver::bv::bitblast::cnf::num_vars=32551 solver::bv::bitblast::cnf::time_encode=24ms solver::bv::bitblast::sat::time_solve=35ms solver::bv::num_assertions=38 solver::bv::num_checks=1 solver::bv::time_check=59ms solver::engine::lemmas::abstr=0 solver::engine::lemmas::array=0 solver::engine::lemmas::fp=0 solver::engine::lemmas::fun=0 solver::engine::lemmas::quant=0 solver::engine::lemmas::total=0 solver::engine::time_register_term=0ms solver::engine::time_solve=66ms solver::fun::num_checks=1 solver::fun::time_check=0ms solver::quant::mbqi_checks=0 solver::quant::num_lemma_iterations=0 solver::quant::num_lemmas=0 solver::quant::time_check=0ms solver::quant::time_mbqi=0ms solver::quant::time_process=0ms solving_context::max_memory=71913472 solving_context::time_ensure_model=0ms solving_context::time_solve=78ms
SAT
Extract initialization: param=v0, value=2
Extract initialization: param=v0, value=-2
Extract initialization: param=v0, value=-2
Extract initialization: param=v0, value=-2
Extract initialization: param=v0, value=-2
Extract initialization: param=v0, value=-2
Extract initialization: param=v0, value=507510781
Extract initialization: param=v0, value=-1
Extract initialization: param=v0, value=-1
Extract initialization: param=v1, value=1
Extract initialization: param=v2, value=-2
Extract initialization: param=v3, value=-2
Extract initialization: param=v4, value=-2
Extract initialization: param=v5, value=-1
Extract initialization: param=v5, value=-1073741825
Extract finalization: param=v0, value=2
Extract finalization: param=v0, value=-2
Extract finalization: param=v0, value=-2
Extract finalization: param=v0, value=-2
Extract finalization: param=v0, value=-2
Extract finalization: param=v0, value=-2
Extract finalization: param=v0, value=507510781
Extract finalization: param=v0, value=-1
Extract finalization: param=v0, value=-1
Extract finalization: param=v1, value=0
Extract finalization: param=v2, value=-2
Extract finalization: param=v3, value=-2
Extract finalization: param=v4, value=-1073741826
Extract finalization: param=v5, value=-1
Extract finalization: param=v5, value=0
----------SymExec: Iteration 2------------------------------------------
Final constraints: 
```
(bvsle (bvadd (bvadd (bvadd (bvadd (bvadd (bvadd (bvadd (bvadd (bvadd (bvadd (bvadd (bvadd (bvadd (bvadd (ite (= v0_f0_v0 #b00000000000000000000000000000000) #b00000000000000000000000000000001 #b00000000000000000000000000000000) (ite (= v0_f1_el0_f0_v0 #b00000000000000000000000000000000) #b00000000000000000000000000000001 #b00000000000000000000000000000000)) (ite (= v0_f1_el0_f1_el0_v0 #b00000000000000000000000000000000) #b00000000000000000000000000000001 #b00000000000000000000000000000000)) (ite (= v0_f1_el0_f2_el0_v0 #b00000000000000000000000000000000) #b00000000000000000000000000000001 #b00000000000000000000000000000000)) (ite (= v0_f1_el0_f2_el1_v0 #b00000000000000000000000000000000) #b00000000000000000000000000000001 #b00000000000000000000000000000000)) (ite (= v0_f1_el1_f0_v0 #b00000000000000000000000000000000) #b00000000000000000000000000000001 #b00000000000000000000000000000000)) (ite (= v0_f1_el1_f1_el0_v0 #b00000000000000000000000000000000) #b00000000000000000000000000000001 #b00000000000000000000000000000000)) (ite (= v0_f1_el1_f2_el0_v0 #b00000000000000000000000000000000) #b00000000000000000000000000000001 #b00000000000000000000000000000000)) (ite (= v0_f1_el1_f2_el1_v0 #b00000000000000000000000000000000) #b00000000000000000000000000000001 #b00000000000000000000000000000000)) (ite (= v1_v0 #b00000000000000000000000000000000) #b00000000000000000000000000000001 #b00000000000000000000000000000000)) (ite (= v2_v0 #b00000000000000000000000000000000) #b00000000000000000000000000000001 #b00000000000000000000000000000000)) (ite (= v3_v0 #b00000000000000000000000000000000) #b00000000000000000000000000000001 #b00000000000000000000000000000000)) (ite (= v4_v0 #b00000000000000000000000000000000) #b00000000000000000000000000000001 #b00000000000000000000000000000000)) (ite (= v5_el0_v0 #b00000000000000000000000000000000) #b00000000000000000000000000000001 #b00000000000000000000000000000000)) (ite (= v5_el1_v0 #b00000000000000000000000000000000) #b00000000000000000000000000000001 #b00000000000000000000000000000000)) #b00000000000000000000000000000111)
(= v6_v0 #b00000000000000000000000000000000)
(= v7_v0 #b00000000000000000000000000000000)
(not (bvsmulo #b11111111111111111111111111111111 v5_el1_v0))
(not (bvsmulo #b11111111111111111111111111111111 v0_f1_el1_f1_el0_v0))
(not (bvsaddo (bvmul #b11111111111111111111111111111111 v5_el1_v0) (bvmul #b11111111111111111111111111111111 v0_f1_el1_f1_el0_v0)))
(not (bvsaddo (bvadd (bvmul #b11111111111111111111111111111111 v5_el1_v0) (bvmul #b11111111111111111111111111111111 v0_f1_el1_f1_el0_v0)) #b11111111111111111111111111111111))
(let ((_let0 (ite (= #b11111111111111111111111111111111 #b00000000000000000000000000000000) #b00000000000000000000000000000001 #b00000000000000000000000000000000))) (bvsle (bvadd (bvadd _let0 _let0) _let0) #b00000000000000000000000000000001))
(= v7_v1 (bvadd (bvadd (bvmul #b11111111111111111111111111111111 v5_el1_v0) (bvmul #b11111111111111111111111111111111 v0_f1_el1_f1_el0_v0)) #b11111111111111111111111111111111))
(distinct v4_v0 #b00000000000000000000000000000000)
(not (bvsdivo #b11111111111111111111111111111111 v4_v0))
(not (bvsmulo #b11111111111111111111111111111111 v1_v0))
(not (bvssubo (bvsdiv #b11111111111111111111111111111111 v4_v0) (bvmul #b11111111111111111111111111111111 v1_v0)))
(not (bvssubo (bvsub (bvsdiv #b11111111111111111111111111111111 v4_v0) (bvmul #b11111111111111111111111111111111 v1_v0)) #b00000000000000000000000000000001))
(let ((_let0 (ite (= #b11111111111111111111111111111111 #b00000000000000000000000000000000) #b00000000000000000000000000000001 #b00000000000000000000000000000000))) (bvsle (bvadd (bvadd _let0 _let0) (ite (= #b00000000000000000000000000000001 #b00000000000000000000000000000000) #b00000000000000000000000000000001 #b00000000000000000000000000000000)) #b00000000000000000000000000000001))
(= v1_v1 (bvsub (bvsub (bvsdiv #b11111111111111111111111111111111 v4_v0) (bvmul #b11111111111111111111111111111111 v1_v0)) #b00000000000000000000000000000001))
(distinct v7_v1 #b00000000000000000000000000000000)
(not (bvsdivo #b11111111111111111111111111111111 v7_v1))
(not (bvssubo (bvmul #b11111111111111111111111111111111 v5_el1_v0) (bvsrem #b11111111111111111111111111111111 v7_v1)))
(not (bvssubo (bvsub (bvmul #b11111111111111111111111111111111 v5_el1_v0) (bvsrem #b11111111111111111111111111111111 v7_v1)) #b00000000000000000000000000000010))
(let ((_let0 (ite (= #b11111111111111111111111111111111 #b00000000000000000000000000000000) #b00000000000000000000000000000001 #b00000000000000000000000000000000))) (bvsle (bvadd (bvadd _let0 _let0) (ite (= #b00000000000000000000000000000010 #b00000000000000000000000000000000) #b00000000000000000000000000000001 #b00000000000000000000000000000000)) #b00000000000000000000000000000001))
(= v6_v1 (bvsub (bvsub (bvmul #b11111111111111111111111111111111 v5_el1_v0) (bvsrem #b11111111111111111111111111111111 v7_v1)) #b00000000000000000000000000000010))
(not (bvsaddo #b11111111111111111111111111111111 v0_f0_v0))
(not (bvsaddo (bvadd #b11111111111111111111111111111111 v0_f0_v0) (bvsrem #b11111111111111111111111111111111 v4_v0)))
(not (bvsaddo (bvadd (bvadd #b11111111111111111111111111111111 v0_f0_v0) (bvsrem #b11111111111111111111111111111111 v4_v0)) #b11111111111111111111111111111111))
(= v5_el1_v1 (bvadd (bvadd (bvadd #b11111111111111111111111111111111 v0_f0_v0) (bvsrem #b11111111111111111111111111111111 v4_v0)) #b11111111111111111111111111111111))
(distinct v6_v1 #b00000000000000000000000000000000)
(not (bvsdivo #b11111111111111111111111111111111 v6_v1))
(not (bvsmulo #b11111111111111111111111111111111 v5_el1_v1))
(not (bvssubo (bvsdiv #b11111111111111111111111111111111 v6_v1) (bvmul #b11111111111111111111111111111111 v5_el1_v1)))
(distinct v3_v0 #b00000000000000000000000000000000)
(not (bvsdivo #b11111111111111111111111111111111 v3_v0))
(not (bvssubo (bvsub (bvsdiv #b11111111111111111111111111111111 v6_v1) (bvmul #b11111111111111111111111111111111 v5_el1_v1)) (bvsdiv #b11111111111111111111111111111111 v3_v0)))
(not (bvssubo (bvsub (bvsub (bvsdiv #b11111111111111111111111111111111 v6_v1) (bvmul #b11111111111111111111111111111111 v5_el1_v1)) (bvsdiv #b11111111111111111111111111111111 v3_v0)) #b11111111111111111111111111111111))
(let ((_let0 (ite (= #b11111111111111111111111111111111 #b00000000000000000000000000000000) #b00000000000000000000000000000001 #b00000000000000000000000000000000))) (bvsle (bvadd (bvadd (bvadd _let0 _let0) _let0) _let0) #b00000000000000000000000000000001))
(not (bvsgt (bvsub (bvsub (bvsub (bvsdiv #b11111111111111111111111111111111 v6_v1) (bvmul #b11111111111111111111111111111111 v5_el1_v1)) (bvsdiv #b11111111111111111111111111111111 v3_v0)) #b11111111111111111111111111111111) #b00000000000000000000000000000000))
(not (bvsmulo #b11111111111111111111111111111111 v6_v1))
(not (bvsaddo (bvsrem #b11111111111111111111111111111111 v4_v0) (bvmul #b11111111111111111111111111111111 v6_v1)))
(not (bvsaddo (bvadd (bvsrem #b11111111111111111111111111111111 v4_v0) (bvmul #b11111111111111111111111111111111 v6_v1)) #b11111111111111111111111111111111))
(= v4_v1 (bvadd (bvadd (bvsrem #b11111111111111111111111111111111 v4_v0) (bvmul #b11111111111111111111111111111111 v6_v1)) #b11111111111111111111111111111111))
(not (bvssubo #b00000000000000000000000000000000 v1_v1))
(not (bvssubo (bvsub #b00000000000000000000000000000000 v1_v1) (bvmul #b11111111111111111111111111111111 v5_el1_v1)))
(not (bvssubo (bvsub (bvsub #b00000000000000000000000000000000 v1_v1) (bvmul #b11111111111111111111111111111111 v5_el1_v1)) #b11111111111111111111111111111111))
(let ((_let0 (ite (= #b11111111111111111111111111111111 #b00000000000000000000000000000000) #b00000000000000000000000000000001 #b00000000000000000000000000000000))) (bvsle (bvadd (bvadd (ite (= #b00000000000000000000000000000000 #b00000000000000000000000000000000) #b00000000000000000000000000000001 #b00000000000000000000000000000000) _let0) _let0) #b00000000000000000000000000000001))
(= v5_el1_v2 (bvsub (bvsub (bvsub #b00000000000000000000000000000000 v1_v1) (bvmul #b11111111111111111111111111111111 v5_el1_v1)) #b11111111111111111111111111111111))
(bvsle (bvadd (bvadd (bvadd (bvadd (bvadd (bvadd (bvadd (bvadd (bvadd (bvadd (bvadd (bvadd (bvadd (bvadd (ite (= (ite (distinct v0_f0_v0 #b11111111111111111111111111111111) #b00000000000000000000000000000001 #b00000000000000000000000000000000) #b00000000000000000000000000000000) #b00000000000000000000000000000001 #b00000000000000000000000000000000) (ite (= (ite (distinct v0_f1_el0_f0_v0 #b11111111111111111111111111111111) #b00000000000000000000000000000001 #b00000000000000000000000000000000) #b00000000000000000000000000000000) #b00000000000000000000000000000001 #b00000000000000000000000000000000)) (ite (= (ite (distinct v0_f1_el0_f1_el0_v0 #b11111111111111111111111111111111) #b00000000000000000000000000000001 #b00000000000000000000000000000000) #b00000000000000000000000000000000) #b00000000000000000000000000000001 #b00000000000000000000000000000000)) (ite (= (ite (distinct v0_f1_el0_f2_el0_v0 #b11111111111111111111111111111111) #b00000000000000000000000000000001 #b00000000000000000000000000000000) #b00000000000000000000000000000000) #b00000000000000000000000000000001 #b00000000000000000000000000000000)) (ite (= (ite (distinct v0_f1_el0_f2_el1_v0 #b11111111111111111111111111111111) #b00000000000000000000000000000001 #b00000000000000000000000000000000) #b00000000000000000000000000000000) #b00000000000000000000000000000001 #b00000000000000000000000000000000)) (ite (= (ite (distinct v0_f1_el1_f0_v0 #b11111111111111111111111111111111) #b00000000000000000000000000000001 #b00000000000000000000000000000000) #b00000000000000000000000000000000) #b00000000000000000000000000000001 #b00000000000000000000000000000000)) (ite (= (ite (distinct v0_f1_el1_f1_el0_v0 #b11111111111111111111111111111111) #b00000000000000000000000000000001 #b00000000000000000000000000000000) #b00000000000000000000000000000000) #b00000000000000000000000000000001 #b00000000000000000000000000000000)) (ite (= (ite (distinct v0_f1_el1_f2_el0_v0 #b11111111111111111111111111111111) #b00000000000000000000000000000001 #b00000000000000000000000000000000) #b00000000000000000000000000000000) #b00000000000000000000000000000001 #b00000000000000000000000000000000)) (ite (= (ite (distinct v0_f1_el1_f2_el1_v0 #b11111111111111111111111111111111) #b00000000000000000000000000000001 #b00000000000000000000000000000000) #b00000000000000000000000000000000) #b00000000000000000000000000000001 #b00000000000000000000000000000000)) (ite (= (ite (distinct v1_v0 #b11111111111111111111111111111111) #b00000000000000000000000000000001 #b00000000000000000000000000000000) #b00000000000000000000000000000000) #b00000000000000000000000000000001 #b00000000000000000000000000000000)) (ite (= (ite (distinct v2_v0 #b11111111111111111111111111111111) #b00000000000000000000000000000001 #b00000000000000000000000000000000) #b00000000000000000000000000000000) #b00000000000000000000000000000001 #b00000000000000000000000000000000)) (ite (= (ite (distinct v3_v0 #b11111111111111111111111111111111) #b00000000000000000000000000000001 #b00000000000000000000000000000000) #b00000000000000000000000000000000) #b00000000000000000000000000000001 #b00000000000000000000000000000000)) (ite (= (ite (distinct v4_v0 #b11111111111111111111111111111111) #b00000000000000000000000000000001 #b00000000000000000000000000000000) #b00000000000000000000000000000000) #b00000000000000000000000000000001 #b00000000000000000000000000000000)) (ite (= (ite (distinct v5_el0_v0 #b11111111111111111111111111111111) #b00000000000000000000000000000001 #b00000000000000000000000000000000) #b00000000000000000000000000000000) #b00000000000000000000000000000001 #b00000000000000000000000000000000)) (ite (= (ite (distinct v5_el1_v0 #b11111111111111111111111111111111) #b00000000000000000000000000000001 #b00000000000000000000000000000000) #b00000000000000000000000000000000) #b00000000000000000000000000000001 #b00000000000000000000000000000000)) #b00000000000000000000000000000011)
(bvsle (bvadd (bvadd (bvadd (bvadd (bvadd (bvadd (bvadd (bvadd (bvadd (bvadd (bvadd (bvadd (bvadd (bvadd (ite (= (ite (distinct v0_f0_v0 #b00000000000000000000000000000010) #b00000000000000000000000000000001 #b00000000000000000000000000000000) #b00000000000000000000000000000000) #b00000000000000000000000000000001 #b00000000000000000000000000000000) (ite (= (ite (distinct v0_f1_el0_f0_v0 #b11111111111111111111111111111110) #b00000000000000000000000000000001 #b00000000000000000000000000000000) #b00000000000000000000000000000000) #b00000000000000000000000000000001 #b00000000000000000000000000000000)) (ite (= (ite (distinct v0_f1_el0_f1_el0_v0 #b11111111111111111111111111111110) #b00000000000000000000000000000001 #b00000000000000000000000000000000) #b00000000000000000000000000000000) #b00000000000000000000000000000001 #b00000000000000000000000000000000)) (ite (= (ite (distinct v0_f1_el0_f2_el0_v0 #b11111111111111111111111111111110) #b00000000000000000000000000000001 #b00000000000000000000000000000000) #b00000000000000000000000000000000) #b00000000000000000000000000000001 #b00000000000000000000000000000000)) (ite (= (ite (distinct v0_f1_el0_f2_el1_v0 #b11111111111111111111111111111110) #b00000000000000000000000000000001 #b00000000000000000000000000000000) #b00000000000000000000000000000000) #b00000000000000000000000000000001 #b00000000000000000000000000000000)) (ite (= (ite (distinct v0_f1_el1_f0_v0 #b11111111111111111111111111111110) #b00000000000000000000000000000001 #b00000000000000000000000000000000) #b00000000000000000000000000000000) #b00000000000000000000000000000001 #b00000000000000000000000000000000)) (ite (= (ite (distinct v0_f1_el1_f1_el0_v0 #b00011110001111111111111111111101) #b00000000000000000000000000000001 #b00000000000000000000000000000000) #b00000000000000000000000000000000) #b00000000000000000000000000000001 #b00000000000000000000000000000000)) (ite (= (ite (distinct v0_f1_el1_f2_el0_v0 #b11111111111111111111111111111111) #b00000000000000000000000000000001 #b00000000000000000000000000000000) #b00000000000000000000000000000000) #b00000000000000000000000000000001 #b00000000000000000000000000000000)) (ite (= (ite (distinct v0_f1_el1_f2_el1_v0 #b11111111111111111111111111111111) #b00000000000000000000000000000001 #b00000000000000000000000000000000) #b00000000000000000000000000000000) #b00000000000000000000000000000001 #b00000000000000000000000000000000)) (ite (= (ite (distinct v1_v0 #b00000000000000000000000000000001) #b00000000000000000000000000000001 #b00000000000000000000000000000000) #b00000000000000000000000000000000) #b00000000000000000000000000000001 #b00000000000000000000000000000000)) (ite (= (ite (distinct v2_v0 #b11111111111111111111111111111110) #b00000000000000000000000000000001 #b00000000000000000000000000000000) #b00000000000000000000000000000000) #b00000000000000000000000000000001 #b00000000000000000000000000000000)) (ite (= (ite (distinct v3_v0 #b11111111111111111111111111111110) #b00000000000000000000000000000001 #b00000000000000000000000000000000) #b00000000000000000000000000000000) #b00000000000000000000000000000001 #b00000000000000000000000000000000)) (ite (= (ite (distinct v4_v0 #b11111111111111111111111111111110) #b00000000000000000000000000000001 #b00000000000000000000000000000000) #b00000000000000000000000000000000) #b00000000000000000000000000000001 #b00000000000000000000000000000000)) (ite (= (ite (distinct v5_el0_v0 #b11111111111111111111111111111111) #b00000000000000000000000000000001 #b00000000000000000000000000000000) #b00000000000000000000000000000000) #b00000000000000000000000000000001 #b00000000000000000000000000000000)) (ite (= (ite (distinct v5_el1_v0 #b10111111111111111111111111111111) #b00000000000000000000000000000001 #b00000000000000000000000000000000) #b00000000000000000000000000000000) #b00000000000000000000000000000001 #b00000000000000000000000000000000)) #b00000000000000000000000000000011)
```
Constraint stats: asserted=47 addCalls=55 skippedTrue=0 deduped=8 ensureInRangeCalls=79 boundedAlready=0 uniqueConstraintIds=47 uniqueBoundedIds=0 (solverAsserted=46)
Bitwuzla check_sat time: 35ms
Bitwuzla statistics: preprocess::contradicting_ands::num_substs=0 preprocess::contradicting_ands::time_apply=0ms preprocess::elim_extract::num_elim=0 preprocess::elim_extract::time_apply=0ms preprocess::elim_lambda::time_apply=0ms preprocess::elim_udiv::num_eliminated=0 preprocess::elim_udiv::time_apply=0ms preprocess::embedded_constraints::num_substs=2 preprocess::embedded_constraints::time_apply=0ms preprocess::flatten_and::num_assertions=16 preprocess::flatten_and::num_flattened=8 preprocess::flatten_and::time_apply=0ms preprocess::lambda::num_elim=0 preprocess::normalize::num_common_normalizations=0 preprocess::normalize::num_normalizations=44 preprocess::normalize::num_normalized_assertions=0 preprocess::normalize::num_pass1=0 preprocess::normalize::num_pass2=0 preprocess::normalize::time_adder_chains=1ms preprocess::normalize::time_apply=9ms preprocess::normalize::time_compute_occs=0ms preprocess::normalize::time_normalize_add=0ms preprocess::normalize::time_normalize_mul=0ms preprocess::normalize::time_score=6ms preprocess::rewrite::time_apply=1ms preprocess::skeleton_preproc::cnf::clauses=160 preprocess::skeleton_preproc::cnf::lits=324 preprocess::skeleton_preproc::new_assertions=0 preprocess::skeleton_preproc::resets=1 preprocess::skeleton_preproc::time_apply=0ms preprocess::skeleton_preproc::time_encode=0ms preprocess::skeleton_preproc::time_fixed=0ms preprocess::skeleton_preproc::time_sat=0ms preprocess::uninterpreted::num_substs=0 preprocess::uninterpreted::time_apply=0ms preprocess::varsubst::normalize_bv_ineq::num_slt=0 preprocess::varsubst::normalize_bv_ineq::num_ult=0 preprocess::varsubst::normalize_eq::num_bv_concat=0 preprocess::varsubst::normalize_eq::num_gauss_elim=0 preprocess::varsubst::normalize_eq::num_linear_eq=0 preprocess::varsubst::num_substs=8 preprocess::varsubst::time_apply=0ms preprocess::varsubst::time_direct_cycle_check=0ms preprocess::varsubst::time_find_substitution=0ms preprocess::varsubst::time_find_vars=0ms preprocess::varsubst::time_register=0ms preprocess::varsubst::time_remove_cycles=0ms preprocess::varsubst::time_substitute=0ms preprocessor::num_iterations=3 preprocessor::time_preprocess=12ms preprocessor::time_process=0ms rewriter::(normalize)::num_evals=0 rewriter::(normalize)::num_rewrites=214 rewriter::(normalize)::rewrite::BV_ADD_CONST=3 rewriter::(normalize)::rewrite::BV_ADD_EVAL=6 rewriter::(normalize)::rewrite::BV_ADD_SPECIAL_CONST=16 rewriter::(normalize)::rewrite::BV_MUL_EVAL=3 rewriter::(normalize)::rewrite::BV_MUL_ONES=13 rewriter::(normalize)::rewrite::BV_NEG_ELIM=13 rewriter::(normalize)::rewrite::BV_NOT_BV_NOT=27 rewriter::(normalize)::rewrite::NORMALIZE_COMM=133 rewriter::num_evals=0 rewriter::num_rewrites=1222 rewriter::rewrite::AND_SPECIAL_CONST=70 rewriter::rewrite::BV_ADD_CONST=3 rewriter::rewrite::BV_ADD_EVAL=9 rewriter::rewrite::BV_ADD_ITE2=45 rewriter::rewrite::BV_ADD_SPECIAL_CONST=46 rewriter::rewrite::BV_AND_EVAL=1 rewriter::rewrite::BV_AND_SPECIAL_CONST=155 rewriter::rewrite::BV_CONCAT_EVAL=2 rewriter::rewrite::BV_EXTRACT_ADD_MUL=3 rewriter::rewrite::BV_EXTRACT_EVAL=36 rewriter::rewrite::BV_EXTRACT_FULL=5 rewriter::rewrite::BV_MUL_ONES=10 rewriter::rewrite::BV_MUL_POW2=3 rewriter::rewrite::BV_NEG_ELIM=29 rewriter::rewrite::BV_NOT_BV_NEG=3 rewriter::rewrite::BV_NOT_BV_NOT=61 rewriter::rewrite::BV_NOT_EVAL=5 rewriter::rewrite::BV_OR_ELIM=6 rewriter::rewrite::BV_SADDO_ELIM=7 rewriter::rewrite::BV_SDIVO_ELIM=4 rewriter::rewrite::BV_SDIV_ELIM=3 rewriter::rewrite::BV_SGT_ELIM=1 rewriter::rewrite::BV_SHL_CONST=3 rewriter::rewrite::BV_SIGN_EXTEND_ELIM=12 rewriter::rewrite::BV_SLE_ELIM=5 rewriter::rewrite::BV_SLT_EVAL=2 rewriter::rewrite::BV_SMULO_ELIM=5 rewriter::rewrite::BV_SREM_ELIM=2 rewriter::rewrite::BV_SSUBO_ELIM=10 rewriter::rewrite::BV_SUB_ELIM=10 rewriter::rewrite::BV_XOR_EVAL=1 rewriter::rewrite::BV_XOR_SPECIAL_CONST=3 rewriter::rewrite::DISTINCT_ELIM=34 rewriter::rewrite::EQUAL_BV_ADD_ADD=1 rewriter::rewrite::EQUAL_BV_SUB=2 rewriter::rewrite::EQUAL_CONST_BV_ADD=2 rewriter::rewrite::EQUAL_CONST_BV_NOT=3 rewriter::rewrite::EQUAL_EVAL=11 rewriter::rewrite::EQUAL_ITE_SAME=30 rewriter::rewrite::EQUAL_SPECIAL_CONST=5 rewriter::rewrite::EQUAL_TRUE=6 rewriter::rewrite::ITE_EVAL=8 rewriter::rewrite::NORMALIZE_COMM=443 rewriter::rewrite::NOT_EQUAL_BV1_BOOL=21 rewriter::rewrite::NOT_EVAL=2 rewriter::rewrite::NOT_NOT=47 rewriter::rewrite::OR_ELIM=47 solver::abstract::num_checks=2 solver::abstract::terms::total=0 solver::abstract::time_check=0ms solver::array::equalities=0 solver::array::num_checks=0 solver::array::propagations=0 solver::array::propagations_down=0 solver::array::propagations_up=0 solver::array::selects=0 solver::array::time_check=0ms solver::bv::bitblast::aig::num_ands=41711 solver::bv::bitblast::aig::num_consts=480 solver::bv::bitblast::aig::num_shared=19401 solver::bv::bitblast::aig::time_bitblast=6ms solver::bv::bitblast::cnf::num_clauses=102104 solver::bv::bitblast::cnf::num_literals=249638 solver::bv::bitblast::cnf::num_vars=33022 solver::bv::bitblast::cnf::time_encode=24ms solver::bv::bitblast::sat::time_solve=69ms solver::bv::num_assertions=39 solver::bv::num_checks=2 solver::bv::time_check=94ms solver::engine::lemmas::abstr=0 solver::engine::lemmas::array=0 solver::engine::lemmas::fp=0 solver::engine::lemmas::fun=0 solver::engine::lemmas::quant=0 solver::engine::lemmas::total=0 solver::engine::time_register_term=0ms solver::engine::time_solve=101ms solver::fun::num_checks=2 solver::fun::time_check=0ms solver::quant::mbqi_checks=0 solver::quant::num_lemma_iterations=0 solver::quant::num_lemmas=0 solver::quant::time_check=0ms solver::quant::time_mbqi=0ms solver::quant::time_process=0ms solving_context::max_memory=71913472 solving_context::time_ensure_model=0ms solving_context::time_solve=113ms
SAT
Extract initialization: param=v0, value=1
Extract initialization: param=v0, value=-3
Extract initialization: param=v0, value=-3
Extract initialization: param=v0, value=-3
Extract initialization: param=v0, value=-3
Extract initialization: param=v0, value=-3
Extract initialization: param=v0, value=505413634
Extract initialization: param=v0, value=-2
Extract initialization: param=v0, value=-2
Extract initialization: param=v1, value=2
Extract initialization: param=v2, value=-3
Extract initialization: param=v3, value=-6
Extract initialization: param=v4, value=-1
Extract initialization: param=v5, value=-2
Extract initialization: param=v5, value=-1073741825
Extract finalization: param=v0, value=1
Extract finalization: param=v0, value=-3
Extract finalization: param=v0, value=-3
Extract finalization: param=v0, value=-3
Extract finalization: param=v0, value=-3
Extract finalization: param=v0, value=-3
Extract finalization: param=v0, value=505413634
Extract finalization: param=v0, value=-2
Extract finalization: param=v0, value=-2
Extract finalization: param=v1, value=2
Extract finalization: param=v2, value=-3
Extract finalization: param=v3, value=-6
Extract finalization: param=v4, value=-1073741825
Extract finalization: param=v5, value=-2
Extract finalization: param=v5, value=-2
