----FunPlus: Generate Function func_0g6z1t_27------------------------------------------------
------GraphPlus::Generate----------------------------------------------
Randomly generating a graph with 15 nodes
------CfgSketch: Unflattened CFG Sketch----------------------------------------------
Bimpo: type=0, id=0, size=1, start=0
Bimpo: type=0, id=1, size=1, start=1
Bimpo: type=0, id=2, size=1, start=2
Bimpo: type=0, id=3, size=1, start=3
Bimpo: type=0, id=4, size=1, start=4
Bimpo: type=0, id=5, size=1, start=5
Bimpo: type=0, id=6, size=1, start=6
Bimpo: type=0, id=7, size=1, start=7
Bimpo: type=0, id=8, size=1, start=8
Bimpo: type=0, id=9, size=1, start=9
Bimpo: type=0, id=10, size=1, start=10
Bimpo: type=0, id=11, size=1, start=11
Bimpo: type=0, id=12, size=1, start=12
Bimpo: type=0, id=13, size=1, start=13
Bimpo: type=0, id=14, size=1, start=14
------CfgSketch: Flattened CFG Sketch----------------------------------------------
Block: 0 -> [2, 11]
Block: 1 -> [5, 6]
Block: 2 -> [3, 6]
Block: 3 -> [2, 12]
Block: 4 -> [6, 11]
Block: 5 -> [6, 7]
Block: 6 -> [8, 14]
Block: 7 -> [12, 13]
Block: 8 -> [1, 11]
Block: 9 -> [1, 14]
Block: 10 -> [9, 14]
Block: 11 -> [4, 10]
Block: 12 -> [5, 14]
Block: 13 -> [12, 14]
Block: 14 -> []
------FunPlus: Generate Block #0----------------------------------------------
Generate assignment: 7 <- 6, 1
Generate assignment: 6 <- 4, 7
Generate conditional: 7, 6, 0
------FunPlus: Generate Block #1----------------------------------------------
Generate assignment: 5 <- 4, 0
Generate assignment: 3 <- 1, 6
Generate conditional: 5, 3, 0
------FunPlus: Generate Block #2----------------------------------------------
Generate assignment: 4 <- 4, 1
Generate assignment: 0 <- 1, 4
Generate conditional: 4, 0, 5
------FunPlus: Generate Block #3----------------------------------------------
Generate assignment: 4 <- 0, 7
Generate assignment: 0 <- 2, 3
Generate conditional: 4, 0, 6
------FunPlus: Generate Block #4----------------------------------------------
Generate assignment: 4 <- 0, 2
Generate assignment: 1 <- 1, 6
Generate conditional: 4, 1, 6
------FunPlus: Generate Block #5----------------------------------------------
Generate assignment: 3 <- 0, 7
Generate assignment: 0 <- 1, 3
Generate conditional: 3, 0, 7
------FunPlus: Generate Block #6----------------------------------------------
Generate assignment: 5 <- 1, 6
Generate assignment: 2 <- 7, 6
Generate conditional: 5, 2, 7
------FunPlus: Generate Block #7----------------------------------------------
Generate assignment: 2 <- 7, 3
Generate assignment: 1 <- 6, 4
Generate conditional: 2, 1, 3
------FunPlus: Generate Block #8----------------------------------------------
Generate assignment: 0 <- 2, 3
Generate assignment: 3 <- 4, 1
Generate conditional: 0, 3, 7
------FunPlus: Generate Block #9----------------------------------------------
Generate assignment: 1 <- 6, 2
Generate assignment: 6 <- 6, 3
Generate conditional: 1, 6, 2
------FunPlus: Generate Block #10----------------------------------------------
Generate assignment: 2 <- 1, 7
Generate assignment: 0 <- 1, 4
Generate conditional: 2, 0, 6
------FunPlus: Generate Block #11----------------------------------------------
Generate assignment: 1 <- 0, 7
Generate assignment: 2 <- 0, 7
Generate conditional: 1, 2, 0
------FunPlus: Generate Block #12----------------------------------------------
Generate assignment: 3 <- 7, 4
Generate assignment: 0 <- 3, 7
Generate conditional: 3, 0, 6
------FunPlus: Generate Block #13----------------------------------------------
Generate assignment: 1 <- 3, 7
Generate assignment: 6 <- 1, 6
Generate conditional: 1, 6, 4
------FunPlus: Generate Block #14----------------------------------------------
Generate assignment: 0 <- 1, 5
Generate assignment: 3 <- 0, 2
----SymExec: Solve------------------------------------------------
Execution Path: 0->2->6->14
------SymExec: Iteration 0----------------------------------------------
Generating or re-generating UB-free constraints
Initial constraints: 
```
(bvsle (bvadd (bvadd (bvadd (bvadd (bvadd (bvadd (bvadd (ite (= v0_el0_v0 #b00000000000000000000000000000000) #b00000000000000000000000000000001 #b00000000000000000000000000000000) (ite (= v0_el1_v0 #b00000000000000000000000000000000) #b00000000000000000000000000000001 #b00000000000000000000000000000000)) (ite (= v0_el2_v0 #b00000000000000000000000000000000) #b00000000000000000000000000000001 #b00000000000000000000000000000000)) (ite (= v1_v0 #b00000000000000000000000000000000) #b00000000000000000000000000000001 #b00000000000000000000000000000000)) (ite (= v2_v0 #b00000000000000000000000000000000) #b00000000000000000000000000000001 #b00000000000000000000000000000000)) (ite (= v3_v0 #b00000000000000000000000000000000) #b00000000000000000000000000000001 #b00000000000000000000000000000000)) (ite (= v4_v0 #b00000000000000000000000000000000) #b00000000000000000000000000000001 #b00000000000000000000000000000000)) (ite (= v5_v0 #b00000000000000000000000000000000) #b00000000000000000000000000000001 #b00000000000000000000000000000000)) #b00000000000000000000000000000100)
```
Final constraints: 
```
(bvsle (bvadd (bvadd (bvadd (bvadd (bvadd (bvadd (bvadd (ite (= v0_el0_v0 #b00000000000000000000000000000000) #b00000000000000000000000000000001 #b00000000000000000000000000000000) (ite (= v0_el1_v0 #b00000000000000000000000000000000) #b00000000000000000000000000000001 #b00000000000000000000000000000000)) (ite (= v0_el2_v0 #b00000000000000000000000000000000) #b00000000000000000000000000000001 #b00000000000000000000000000000000)) (ite (= v1_v0 #b00000000000000000000000000000000) #b00000000000000000000000000000001 #b00000000000000000000000000000000)) (ite (= v2_v0 #b00000000000000000000000000000000) #b00000000000000000000000000000001 #b00000000000000000000000000000000)) (ite (= v3_v0 #b00000000000000000000000000000000) #b00000000000000000000000000000001 #b00000000000000000000000000000000)) (ite (= v4_v0 #b00000000000000000000000000000000) #b00000000000000000000000000000001 #b00000000000000000000000000000000)) (ite (= v5_v0 #b00000000000000000000000000000000) #b00000000000000000000000000000001 #b00000000000000000000000000000000)) #b00000000000000000000000000000100)
(= v6_v0 init_var6)
(= v7_v0 init_var7)
(not (bvssubo a0_0_1 v6_v0))
(distinct v1_v0 #b00000000000000000000000000000000)
(not (bvsdivo a0_0_2 v1_v0))
(not (bvsaddo (bvsub a0_0_1 v6_v0) (bvsdiv a0_0_2 v1_v0)))
(not (bvsaddo (bvadd (bvsub a0_0_1 v6_v0) (bvsdiv a0_0_2 v1_v0)) a0_0))
(bvsle (bvadd (bvadd (ite (= a0_0_1 #b00000000000000000000000000000000) #b00000000000000000000000000000001 #b00000000000000000000000000000000) (ite (= a0_0_2 #b00000000000000000000000000000000) #b00000000000000000000000000000001 #b00000000000000000000000000000000)) (ite (= a0_0 #b00000000000000000000000000000000) #b00000000000000000000000000000001 #b00000000000000000000000000000000)) #b00000000000000000000000000000001)
(= v7_v1 (bvadd (bvadd (bvsub a0_0_1 v6_v0) (bvsdiv a0_0_2 v1_v0)) a0_0))
(distinct v4_v0 #b00000000000000000000000000000000)
(not (bvsdivo a0_1_1 v4_v0))
(distinct v7_v1 #b00000000000000000000000000000000)
(not (bvsdivo a0_1_2 v7_v1))
(not (bvssubo (bvsrem a0_1_1 v4_v0) (bvsrem a0_1_2 v7_v1)))
(not (bvssubo (bvsub (bvsrem a0_1_1 v4_v0) (bvsrem a0_1_2 v7_v1)) a0_1))
(bvsle (bvadd (bvadd (ite (= a0_1_1 #b00000000000000000000000000000000) #b00000000000000000000000000000001 #b00000000000000000000000000000000) (ite (= a0_1_2 #b00000000000000000000000000000000) #b00000000000000000000000000000001 #b00000000000000000000000000000000)) (ite (= a0_1 #b00000000000000000000000000000000) #b00000000000000000000000000000001 #b00000000000000000000000000000000)) #b00000000000000000000000000000001)
(= v6_v1 (bvsub (bvsub (bvsrem a0_1_1 v4_v0) (bvsrem a0_1_2 v7_v1)) a0_1))
(not (bvsmulo b0_2_1 v7_v1))
(distinct v6_v1 #b00000000000000000000000000000000)
(not (bvsdivo b0_2_2 v6_v1))
(not (bvsaddo (bvmul b0_2_1 v7_v1) (bvsdiv b0_2_2 v6_v1)))
(not (bvsaddo b0_2_3 v0_el2_v0))
(not (bvsaddo (bvadd (bvmul b0_2_1 v7_v1) (bvsdiv b0_2_2 v6_v1)) (bvadd b0_2_3 v0_el2_v0)))
(not (bvsaddo (bvadd (bvadd (bvmul b0_2_1 v7_v1) (bvsdiv b0_2_2 v6_v1)) (bvadd b0_2_3 v0_el2_v0)) b0_2))
(bvsle (bvadd (bvadd (bvadd (ite (= b0_2_1 #b00000000000000000000000000000000) #b00000000000000000000000000000001 #b00000000000000000000000000000000) (ite (= b0_2_2 #b00000000000000000000000000000000) #b00000000000000000000000000000001 #b00000000000000000000000000000000)) (ite (= b0_2_3 #b00000000000000000000000000000000) #b00000000000000000000000000000001 #b00000000000000000000000000000000)) (ite (= b0_2 #b00000000000000000000000000000000) #b00000000000000000000000000000001 #b00000000000000000000000000000000)) #b00000000000000000000000000000010)
(bvslt (bvadd (bvadd (bvadd (bvmul b0_2_1 v7_v1) (bvsdiv b0_2_2 v6_v1)) (bvadd b0_2_3 v0_el2_v0)) b0_2) #b00000000000000000000000000000000)
(not (bvsdivo a2_0_1 v4_v0))
(not (bvsdivo a2_0_2 v1_v0))
(not (bvsaddo (bvsdiv a2_0_1 v4_v0) (bvsdiv a2_0_2 v1_v0)))
(not (bvsaddo (bvadd (bvsdiv a2_0_1 v4_v0) (bvsdiv a2_0_2 v1_v0)) a2_0))
(bvsle (bvadd (bvadd (ite (= a2_0_1 #b00000000000000000000000000000000) #b00000000000000000000000000000001 #b00000000000000000000000000000000) (ite (= a2_0_2 #b00000000000000000000000000000000) #b00000000000000000000000000000001 #b00000000000000000000000000000000)) (ite (= a2_0 #b00000000000000000000000000000000) #b00000000000000000000000000000001 #b00000000000000000000000000000000)) #b00000000000000000000000000000001)
(= v4_v1 (bvadd (bvadd (bvsdiv a2_0_1 v4_v0) (bvsdiv a2_0_2 v1_v0)) a2_0))
(not (bvsmulo a2_1_1 v1_v0))
(not (bvsmulo a2_1_2 v4_v1))
(not (bvsaddo (bvmul a2_1_1 v1_v0) (bvmul a2_1_2 v4_v1)))
(not (bvsaddo (bvadd (bvmul a2_1_1 v1_v0) (bvmul a2_1_2 v4_v1)) a2_1))
(bvsle (bvadd (bvadd (ite (= a2_1_1 #b00000000000000000000000000000000) #b00000000000000000000000000000001 #b00000000000000000000000000000000) (ite (= a2_1_2 #b00000000000000000000000000000000) #b00000000000000000000000000000001 #b00000000000000000000000000000000)) (ite (= a2_1 #b00000000000000000000000000000000) #b00000000000000000000000000000001 #b00000000000000000000000000000000)) #b00000000000000000000000000000001)
(= v0_el2_v1 (bvadd (bvadd (bvmul a2_1_1 v1_v0) (bvmul a2_1_2 v4_v1)) a2_1))
(not (bvsmulo b2_2_1 v4_v1))
(not (bvsmulo b2_2_2 v0_el2_v1))
(not (bvssubo (bvmul b2_2_1 v4_v1) (bvmul b2_2_2 v0_el2_v1)))
(distinct v5_v0 #b00000000000000000000000000000000)
(not (bvsdivo b2_2_3 v5_v0))
(not (bvssubo (bvsub (bvmul b2_2_1 v4_v1) (bvmul b2_2_2 v0_el2_v1)) (bvsrem b2_2_3 v5_v0)))
(not (bvssubo (bvsub (bvsub (bvmul b2_2_1 v4_v1) (bvmul b2_2_2 v0_el2_v1)) (bvsrem b2_2_3 v5_v0)) b2_2))
(bvsle (bvadd (bvadd (bvadd (ite (= b2_2_1 #b00000000000000000000000000000000) #b00000000000000000000000000000001 #b00000000000000000000000000000000) (ite (= b2_2_2 #b00000000000000000000000000000000) #b00000000000000000000000000000001 #b00000000000000000000000000000000)) (ite (= b2_2_3 #b00000000000000000000000000000000) #b00000000000000000000000000000001 #b00000000000000000000000000000000)) (ite (= b2_2 #b00000000000000000000000000000000) #b00000000000000000000000000000001 #b00000000000000000000000000000000)) #b00000000000000000000000000000010)
(not (bvsgt (bvsub (bvsub (bvsub (bvmul b2_2_1 v4_v1) (bvmul b2_2_2 v0_el2_v1)) (bvsrem b2_2_3 v5_v0)) b2_2) #b00000000000000000000000000000000))
(not (bvsmulo a6_0_1 v1_v0))
(not (bvssubo a6_0_2 v6_v1))
(not (bvsaddo (bvmul a6_0_1 v1_v0) (bvsub a6_0_2 v6_v1)))
(not (bvsaddo (bvadd (bvmul a6_0_1 v1_v0) (bvsub a6_0_2 v6_v1)) a6_0))
(bvsle (bvadd (bvadd (ite (= a6_0_1 #b00000000000000000000000000000000) #b00000000000000000000000000000001 #b00000000000000000000000000000000) (ite (= a6_0_2 #b00000000000000000000000000000000) #b00000000000000000000000000000001 #b00000000000000000000000000000000)) (ite (= a6_0 #b00000000000000000000000000000000) #b00000000000000000000000000000001 #b00000000000000000000000000000000)) #b00000000000000000000000000000001)
(= v5_v1 (bvadd (bvadd (bvmul a6_0_1 v1_v0) (bvsub a6_0_2 v6_v1)) a6_0))
(not (bvssubo a6_1_1 v7_v1))
(not (bvsdivo a6_1_2 v6_v1))
(not (bvssubo (bvsub a6_1_1 v7_v1) (bvsrem a6_1_2 v6_v1)))
(not (bvssubo (bvsub (bvsub a6_1_1 v7_v1) (bvsrem a6_1_2 v6_v1)) a6_1))
(bvsle (bvadd (bvadd (ite (= a6_1_1 #b00000000000000000000000000000000) #b00000000000000000000000000000001 #b00000000000000000000000000000000) (ite (= a6_1_2 #b00000000000000000000000000000000) #b00000000000000000000000000000001 #b00000000000000000000000000000000)) (ite (= a6_1 #b00000000000000000000000000000000) #b00000000000000000000000000000001 #b00000000000000000000000000000000)) #b00000000000000000000000000000001)
(= v2_v1 (bvsub (bvsub (bvsub a6_1_1 v7_v1) (bvsrem a6_1_2 v6_v1)) a6_1))
(not (bvsmulo b6_2_1 v5_v1))
(not (bvsaddo b6_2_2 v2_v1))
(not (bvsaddo (bvmul b6_2_1 v5_v1) (bvadd b6_2_2 v2_v1)))
(not (bvsdivo b6_2_3 v7_v1))
(not (bvsaddo (bvadd (bvmul b6_2_1 v5_v1) (bvadd b6_2_2 v2_v1)) (bvsrem b6_2_3 v7_v1)))
(not (bvsaddo (bvadd (bvadd (bvmul b6_2_1 v5_v1) (bvadd b6_2_2 v2_v1)) (bvsrem b6_2_3 v7_v1)) b6_2))
(bvsle (bvadd (bvadd (bvadd (ite (= b6_2_1 #b00000000000000000000000000000000) #b00000000000000000000000000000001 #b00000000000000000000000000000000) (ite (= b6_2_2 #b00000000000000000000000000000000) #b00000000000000000000000000000001 #b00000000000000000000000000000000)) (ite (= b6_2_3 #b00000000000000000000000000000000) #b00000000000000000000000000000001 #b00000000000000000000000000000000)) (ite (= b6_2 #b00000000000000000000000000000000) #b00000000000000000000000000000001 #b00000000000000000000000000000000)) #b00000000000000000000000000000010)
(not (bvslt (bvadd (bvadd (bvadd (bvmul b6_2_1 v5_v1) (bvadd b6_2_2 v2_v1)) (bvsrem b6_2_3 v7_v1)) b6_2) #b00000000000000000000000000000000))
(not (bvsmulo a14_0_1 v1_v0))
(not (bvssubo a14_0_2 v5_v1))
(not (bvssubo (bvmul a14_0_1 v1_v0) (bvsub a14_0_2 v5_v1)))
(not (bvssubo (bvsub (bvmul a14_0_1 v1_v0) (bvsub a14_0_2 v5_v1)) a14_0))
(bvsle (bvadd (bvadd (ite (= a14_0_1 #b00000000000000000000000000000000) #b00000000000000000000000000000001 #b00000000000000000000000000000000) (ite (= a14_0_2 #b00000000000000000000000000000000) #b00000000000000000000000000000001 #b00000000000000000000000000000000)) (ite (= a14_0 #b00000000000000000000000000000000) #b00000000000000000000000000000001 #b00000000000000000000000000000000)) #b00000000000000000000000000000001)
(= v0_el2_v2 (bvsub (bvsub (bvmul a14_0_1 v1_v0) (bvsub a14_0_2 v5_v1)) a14_0))
(not (bvssubo a14_1_1 v0_el2_v2))
(distinct v2_v1 #b00000000000000000000000000000000)
(not (bvsdivo a14_1_2 v2_v1))
(not (bvssubo (bvsub a14_1_1 v0_el2_v2) (bvsdiv a14_1_2 v2_v1)))
(not (bvssubo (bvsub (bvsub a14_1_1 v0_el2_v2) (bvsdiv a14_1_2 v2_v1)) a14_1))
(bvsle (bvadd (bvadd (ite (= a14_1_1 #b00000000000000000000000000000000) #b00000000000000000000000000000001 #b00000000000000000000000000000000) (ite (= a14_1_2 #b00000000000000000000000000000000) #b00000000000000000000000000000001 #b00000000000000000000000000000000)) (ite (= a14_1 #b00000000000000000000000000000000) #b00000000000000000000000000000001 #b00000000000000000000000000000000)) #b00000000000000000000000000000001)
(= v3_v1 (bvsub (bvsub (bvsub a14_1_1 v0_el2_v2) (bvsdiv a14_1_2 v2_v1)) a14_1))
```
Optimized constraints: 
```
(bvsle (bvadd (bvadd (bvadd (bvadd (bvadd (bvadd (bvadd (ite (= v0_el0_v0 #b00000000000000000000000000000000) #b00000000000000000000000000000001 #b00000000000000000000000000000000) (ite (= v0_el1_v0 #b00000000000000000000000000000000) #b00000000000000000000000000000001 #b00000000000000000000000000000000)) (ite (= v0_el2_v0 #b00000000000000000000000000000000) #b00000000000000000000000000000001 #b00000000000000000000000000000000)) (ite (= v1_v0 #b00000000000000000000000000000000) #b00000000000000000000000000000001 #b00000000000000000000000000000000)) (ite (= v2_v0 #b00000000000000000000000000000000) #b00000000000000000000000000000001 #b00000000000000000000000000000000)) (ite (= v3_v0 #b00000000000000000000000000000000) #b00000000000000000000000000000001 #b00000000000000000000000000000000)) (ite (= v4_v0 #b00000000000000000000000000000000) #b00000000000000000000000000000001 #b00000000000000000000000000000000)) (ite (= v5_v0 #b00000000000000000000000000000000) #b00000000000000000000000000000001 #b00000000000000000000000000000000)) #b00000000000000000000000000000100)
(= v6_v0 init_var6)
(= v7_v0 init_var7)
(not (bvssubo a0_0_1 v6_v0))
(distinct v1_v0 #b00000000000000000000000000000000)
(not (bvsdivo a0_0_2 v1_v0))
(not (bvsaddo (bvsub a0_0_1 v6_v0) (bvsdiv a0_0_2 v1_v0)))
(not (bvsaddo (bvadd (bvsub a0_0_1 v6_v0) (bvsdiv a0_0_2 v1_v0)) a0_0))
(bvsle (bvadd (bvadd (ite (= a0_0_1 #b00000000000000000000000000000000) #b00000000000000000000000000000001 #b00000000000000000000000000000000) (ite (= a0_0_2 #b00000000000000000000000000000000) #b00000000000000000000000000000001 #b00000000000000000000000000000000)) (ite (= a0_0 #b00000000000000000000000000000000) #b00000000000000000000000000000001 #b00000000000000000000000000000000)) #b00000000000000000000000000000001)
(= v7_v1 (bvadd (bvadd (bvsub a0_0_1 v6_v0) (bvsdiv a0_0_2 v1_v0)) a0_0))
(distinct v4_v0 #b00000000000000000000000000000000)
(not (bvsdivo a0_1_1 v4_v0))
(distinct v7_v1 #b00000000000000000000000000000000)
(not (bvsdivo a0_1_2 v7_v1))
(not (bvssubo (bvsrem a0_1_1 v4_v0) (bvsrem a0_1_2 v7_v1)))
(not (bvssubo (bvsub (bvsrem a0_1_1 v4_v0) (bvsrem a0_1_2 v7_v1)) a0_1))
(bvsle (bvadd (bvadd (ite (= a0_1_1 #b00000000000000000000000000000000) #b00000000000000000000000000000001 #b00000000000000000000000000000000) (ite (= a0_1_2 #b00000000000000000000000000000000) #b00000000000000000000000000000001 #b00000000000000000000000000000000)) (ite (= a0_1 #b00000000000000000000000000000000) #b00000000000000000000000000000001 #b00000000000000000000000000000000)) #b00000000000000000000000000000001)
(= v6_v1 (bvsub (bvsub (bvsrem a0_1_1 v4_v0) (bvsrem a0_1_2 v7_v1)) a0_1))
(not (bvsmulo b0_2_1 v7_v1))
(distinct v6_v1 #b00000000000000000000000000000000)
(not (bvsdivo b0_2_2 v6_v1))
(not (bvsaddo (bvmul b0_2_1 v7_v1) (bvsdiv b0_2_2 v6_v1)))
(not (bvsaddo b0_2_3 v0_el2_v0))
(not (bvsaddo (bvadd (bvmul b0_2_1 v7_v1) (bvsdiv b0_2_2 v6_v1)) (bvadd b0_2_3 v0_el2_v0)))
(not (bvsaddo (bvadd (bvadd (bvmul b0_2_1 v7_v1) (bvsdiv b0_2_2 v6_v1)) (bvadd b0_2_3 v0_el2_v0)) b0_2))
(bvsle (bvadd (bvadd (bvadd (ite (= b0_2_1 #b00000000000000000000000000000000) #b00000000000000000000000000000001 #b00000000000000000000000000000000) (ite (= b0_2_2 #b00000000000000000000000000000000) #b00000000000000000000000000000001 #b00000000000000000000000000000000)) (ite (= b0_2_3 #b00000000000000000000000000000000) #b00000000000000000000000000000001 #b00000000000000000000000000000000)) (ite (= b0_2 #b00000000000000000000000000000000) #b00000000000000000000000000000001 #b00000000000000000000000000000000)) #b00000000000000000000000000000010)
(bvslt (bvadd (bvadd (bvadd (bvmul b0_2_1 v7_v1) (bvsdiv b0_2_2 v6_v1)) (bvadd b0_2_3 v0_el2_v0)) b0_2) #b00000000000000000000000000000000)
(not (bvsdivo a2_0_1 v4_v0))
(not (bvsdivo a2_0_2 v1_v0))
(not (bvsaddo (bvsdiv a2_0_1 v4_v0) (bvsdiv a2_0_2 v1_v0)))
(not (bvsaddo (bvadd (bvsdiv a2_0_1 v4_v0) (bvsdiv a2_0_2 v1_v0)) a2_0))
(bvsle (bvadd (bvadd (ite (= a2_0_1 #b00000000000000000000000000000000) #b00000000000000000000000000000001 #b00000000000000000000000000000000) (ite (= a2_0_2 #b00000000000000000000000000000000) #b00000000000000000000000000000001 #b00000000000000000000000000000000)) (ite (= a2_0 #b00000000000000000000000000000000) #b00000000000000000000000000000001 #b00000000000000000000000000000000)) #b00000000000000000000000000000001)
(= v4_v1 (bvadd (bvadd (bvsdiv a2_0_1 v4_v0) (bvsdiv a2_0_2 v1_v0)) a2_0))
(not (bvsmulo a2_1_1 v1_v0))
(not (bvsmulo a2_1_2 v4_v1))
(not (bvsaddo (bvmul a2_1_1 v1_v0) (bvmul a2_1_2 v4_v1)))
(not (bvsaddo (bvadd (bvmul a2_1_1 v1_v0) (bvmul a2_1_2 v4_v1)) a2_1))
(bvsle (bvadd (bvadd (ite (= a2_1_1 #b00000000000000000000000000000000) #b00000000000000000000000000000001 #b00000000000000000000000000000000) (ite (= a2_1_2 #b00000000000000000000000000000000) #b00000000000000000000000000000001 #b00000000000000000000000000000000)) (ite (= a2_1 #b00000000000000000000000000000000) #b00000000000000000000000000000001 #b00000000000000000000000000000000)) #b00000000000000000000000000000001)
(= v0_el2_v1 (bvadd (bvadd (bvmul a2_1_1 v1_v0) (bvmul a2_1_2 v4_v1)) a2_1))
(not (bvsmulo b2_2_1 v4_v1))
(not (bvsmulo b2_2_2 v0_el2_v1))
(not (bvssubo (bvmul b2_2_1 v4_v1) (bvmul b2_2_2 v0_el2_v1)))
(distinct v5_v0 #b00000000000000000000000000000000)
(not (bvsdivo b2_2_3 v5_v0))
(not (bvssubo (bvsub (bvmul b2_2_1 v4_v1) (bvmul b2_2_2 v0_el2_v1)) (bvsrem b2_2_3 v5_v0)))
(not (bvssubo (bvsub (bvsub (bvmul b2_2_1 v4_v1) (bvmul b2_2_2 v0_el2_v1)) (bvsrem b2_2_3 v5_v0)) b2_2))
(bvsle (bvadd (bvadd (bvadd (ite (= b2_2_1 #b00000000000000000000000000000000) #b00000000000000000000000000000001 #b00000000000000000000000000000000) (ite (= b2_2_2 #b00000000000000000000000000000000) #b00000000000000000000000000000001 #b00000000000000000000000000000000)) (ite (= b2_2_3 #b00000000000000000000000000000000) #b00000000000000000000000000000001 #b00000000000000000000000000000000)) (ite (= b2_2 #b00000000000000000000000000000000) #b00000000000000000000000000000001 #b00000000000000000000000000000000)) #b00000000000000000000000000000010)
(not (bvsgt (bvsub (bvsub (bvsub (bvmul b2_2_1 v4_v1) (bvmul b2_2_2 v0_el2_v1)) (bvsrem b2_2_3 v5_v0)) b2_2) #b00000000000000000000000000000000))
(not (bvsmulo a6_0_1 v1_v0))
(not (bvssubo a6_0_2 v6_v1))
(not (bvsaddo (bvmul a6_0_1 v1_v0) (bvsub a6_0_2 v6_v1)))
(not (bvsaddo (bvadd (bvmul a6_0_1 v1_v0) (bvsub a6_0_2 v6_v1)) a6_0))
(bvsle (bvadd (bvadd (ite (= a6_0_1 #b00000000000000000000000000000000) #b00000000000000000000000000000001 #b00000000000000000000000000000000) (ite (= a6_0_2 #b00000000000000000000000000000000) #b00000000000000000000000000000001 #b00000000000000000000000000000000)) (ite (= a6_0 #b00000000000000000000000000000000) #b00000000000000000000000000000001 #b00000000000000000000000000000000)) #b00000000000000000000000000000001)
(= v5_v1 (bvadd (bvadd (bvmul a6_0_1 v1_v0) (bvsub a6_0_2 v6_v1)) a6_0))
(not (bvssubo a6_1_1 v7_v1))
(not (bvsdivo a6_1_2 v6_v1))
(not (bvssubo (bvsub a6_1_1 v7_v1) (bvsrem a6_1_2 v6_v1)))
(not (bvssubo (bvsub (bvsub a6_1_1 v7_v1) (bvsrem a6_1_2 v6_v1)) a6_1))
(bvsle (bvadd (bvadd (ite (= a6_1_1 #b00000000000000000000000000000000) #b00000000000000000000000000000001 #b00000000000000000000000000000000) (ite (= a6_1_2 #b00000000000000000000000000000000) #b00000000000000000000000000000001 #b00000000000000000000000000000000)) (ite (= a6_1 #b00000000000000000000000000000000) #b00000000000000000000000000000001 #b00000000000000000000000000000000)) #b00000000000000000000000000000001)
(= v2_v1 (bvsub (bvsub (bvsub a6_1_1 v7_v1) (bvsrem a6_1_2 v6_v1)) a6_1))
(not (bvsmulo b6_2_1 v5_v1))
(not (bvsaddo b6_2_2 v2_v1))
(not (bvsaddo (bvmul b6_2_1 v5_v1) (bvadd b6_2_2 v2_v1)))
(not (bvsdivo b6_2_3 v7_v1))
(not (bvsaddo (bvadd (bvmul b6_2_1 v5_v1) (bvadd b6_2_2 v2_v1)) (bvsrem b6_2_3 v7_v1)))
(not (bvsaddo (bvadd (bvadd (bvmul b6_2_1 v5_v1) (bvadd b6_2_2 v2_v1)) (bvsrem b6_2_3 v7_v1)) b6_2))
(bvsle (bvadd (bvadd (bvadd (ite (= b6_2_1 #b00000000000000000000000000000000) #b00000000000000000000000000000001 #b00000000000000000000000000000000) (ite (= b6_2_2 #b00000000000000000000000000000000) #b00000000000000000000000000000001 #b00000000000000000000000000000000)) (ite (= b6_2_3 #b00000000000000000000000000000000) #b00000000000000000000000000000001 #b00000000000000000000000000000000)) (ite (= b6_2 #b00000000000000000000000000000000) #b00000000000000000000000000000001 #b00000000000000000000000000000000)) #b00000000000000000000000000000010)
(not (bvslt (bvadd (bvadd (bvadd (bvmul b6_2_1 v5_v1) (bvadd b6_2_2 v2_v1)) (bvsrem b6_2_3 v7_v1)) b6_2) #b00000000000000000000000000000000))
(not (bvsmulo a14_0_1 v1_v0))
(not (bvssubo a14_0_2 v5_v1))
(not (bvssubo (bvmul a14_0_1 v1_v0) (bvsub a14_0_2 v5_v1)))
(not (bvssubo (bvsub (bvmul a14_0_1 v1_v0) (bvsub a14_0_2 v5_v1)) a14_0))
(bvsle (bvadd (bvadd (ite (= a14_0_1 #b00000000000000000000000000000000) #b00000000000000000000000000000001 #b00000000000000000000000000000000) (ite (= a14_0_2 #b00000000000000000000000000000000) #b00000000000000000000000000000001 #b00000000000000000000000000000000)) (ite (= a14_0 #b00000000000000000000000000000000) #b00000000000000000000000000000001 #b00000000000000000000000000000000)) #b00000000000000000000000000000001)
(= v0_el2_v2 (bvsub (bvsub (bvmul a14_0_1 v1_v0) (bvsub a14_0_2 v5_v1)) a14_0))
(not (bvssubo a14_1_1 v0_el2_v2))
(distinct v2_v1 #b00000000000000000000000000000000)
(not (bvsdivo a14_1_2 v2_v1))
(not (bvssubo (bvsub a14_1_1 v0_el2_v2) (bvsdiv a14_1_2 v2_v1)))
(not (bvssubo (bvsub (bvsub a14_1_1 v0_el2_v2) (bvsdiv a14_1_2 v2_v1)) a14_1))
(bvsle (bvadd (bvadd (ite (= a14_1_1 #b00000000000000000000000000000000) #b00000000000000000000000000000001 #b00000000000000000000000000000000) (ite (= a14_1_2 #b00000000000000000000000000000000) #b00000000000000000000000000000001 #b00000000000000000000000000000000)) (ite (= a14_1 #b00000000000000000000000000000000) #b00000000000000000000000000000001 #b00000000000000000000000000000000)) #b00000000000000000000000000000001)
(= v3_v1 (bvsub (bvsub (bvsub a14_1_1 v0_el2_v2) (bvsdiv a14_1_2 v2_v1)) a14_1))
```
Constraint stats: asserted=81 addCalls=85 skippedTrue=0 deduped=4 ensureInRangeCalls=91 boundedAlready=0 uniqueConstraintIds=81 uniqueBoundedIds=0 (solverAsserted=0)
Bitwuzla check_sat time: 524ms
Bitwuzla statistics: preprocess::contradicting_ands::num_substs=0 preprocess::contradicting_ands::time_apply=0ms preprocess::elim_extract::num_elim=0 preprocess::elim_extract::time_apply=0ms preprocess::elim_lambda::time_apply=0ms preprocess::elim_udiv::num_eliminated=0 preprocess::elim_udiv::time_apply=0ms preprocess::embedded_constraints::num_substs=3 preprocess::embedded_constraints::time_apply=1ms preprocess::flatten_and::num_assertions=312 preprocess::flatten_and::num_flattened=272 preprocess::flatten_and::time_apply=0ms preprocess::lambda::num_elim=0 preprocess::normalize::num_common_normalizations=4 preprocess::normalize::num_normalizations=132 preprocess::normalize::num_normalized_assertions=0 preprocess::normalize::num_pass1=0 preprocess::normalize::num_pass2=0 preprocess::normalize::time_adder_chains=4ms preprocess::normalize::time_apply=102ms preprocess::normalize::time_compute_occs=1ms preprocess::normalize::time_normalize_add=0ms preprocess::normalize::time_normalize_mul=0ms preprocess::normalize::time_score=90ms preprocess::rewrite::time_apply=3ms preprocess::skeleton_preproc::cnf::clauses=759 preprocess::skeleton_preproc::cnf::lits=1311 preprocess::skeleton_preproc::new_assertions=0 preprocess::skeleton_preproc::resets=1 preprocess::skeleton_preproc::time_apply=1ms preprocess::skeleton_preproc::time_encode=1ms preprocess::skeleton_preproc::time_fixed=0ms preprocess::skeleton_preproc::time_sat=0ms preprocess::uninterpreted::num_substs=0 preprocess::uninterpreted::time_apply=0ms preprocess::varsubst::normalize_bv_ineq::num_slt=0 preprocess::varsubst::normalize_bv_ineq::num_ult=0 preprocess::varsubst::normalize_eq::num_bv_concat=0 preprocess::varsubst::normalize_eq::num_gauss_elim=4 preprocess::varsubst::normalize_eq::num_linear_eq=4 preprocess::varsubst::num_substs=10 preprocess::varsubst::time_apply=2ms preprocess::varsubst::time_direct_cycle_check=0ms preprocess::varsubst::time_find_substitution=0ms preprocess::varsubst::time_find_vars=0ms preprocess::varsubst::time_register=0ms preprocess::varsubst::time_remove_cycles=0ms preprocess::varsubst::time_substitute=1ms preprocessor::num_iterations=2 preprocessor::time_preprocess=113ms preprocessor::time_process=0ms rewriter::(normalize)::num_evals=0 rewriter::(normalize)::num_rewrites=469 rewriter::(normalize)::rewrite::BV_ADD_SPECIAL_CONST=43 rewriter::(normalize)::rewrite::BV_MUL_EVAL=4 rewriter::(normalize)::rewrite::BV_MUL_NEG=2 rewriter::(normalize)::rewrite::BV_MUL_ONES=14 rewriter::(normalize)::rewrite::BV_NEG_ELIM=14 rewriter::(normalize)::rewrite::BV_NOT_BV_NOT=57 rewriter::(normalize)::rewrite::NORMALIZE_COMM=335 rewriter::eval::BV_MUL_EVAL=3 rewriter::eval::BV_NEG_EVAL=2 rewriter::eval::BV_SHL_EVAL=3 rewriter::eval::EQUAL_EVAL=5 rewriter::eval::IMPLIES_EVAL=1 rewriter::num_evals=14 rewriter::num_rewrites=2942 rewriter::rewrite::BV_ADD_EVAL=2 rewriter::rewrite::BV_ADD_ITE2=44 rewriter::rewrite::BV_ADD_SPECIAL_CONST=38 rewriter::rewrite::BV_EXTRACT_ADD_MUL=4 rewriter::rewrite::BV_EXTRACT_EVAL=1 rewriter::rewrite::BV_EXTRACT_FULL=13 rewriter::rewrite::BV_MUL_ONE=4 rewriter::rewrite::BV_MUL_POW2=4 rewriter::rewrite::BV_NEG_ELIM=54 rewriter::rewrite::BV_NOT_BV_NOT=575 rewriter::rewrite::BV_NOT_EVAL=2 rewriter::rewrite::BV_OR_ELIM=472 rewriter::rewrite::BV_SADDO_ELIM=16 rewriter::rewrite::BV_SDIVO_ELIM=10 rewriter::rewrite::BV_SDIV_ELIM=5 rewriter::rewrite::BV_SGT_ELIM=1 rewriter::rewrite::BV_SHL_CONST=4 rewriter::rewrite::BV_SHL_SPECIAL_CONST=7 rewriter::rewrite::BV_SIGN_EXTEND_ELIM=26 rewriter::rewrite::BV_SLE_ELIM=12 rewriter::rewrite::BV_SMULO_ELIM=8 rewriter::rewrite::BV_SREM_ELIM=5 rewriter::rewrite::BV_SSUBO_ELIM=16 rewriter::rewrite::BV_SUB_ELIM=20 rewriter::rewrite::DISTINCT_ELIM=6 rewriter::rewrite::EQUAL_BV_SUB=13 rewriter::rewrite::EQUAL_CONST_BV_NOT=248 rewriter::rewrite::EQUAL_SPECIAL_CONST=16 rewriter::rewrite::EQUAL_TRUE=8 rewriter::rewrite::IMPLIES_ELIM=8 rewriter::rewrite::ITE_EVAL=2 rewriter::rewrite::NORMALIZE_COMM=1162 rewriter::rewrite::NOT_EQUAL_BV1_BOOL=72 rewriter::rewrite::NOT_NOT=32 rewriter::rewrite::OR_ELIM=32 solver::abstract::lemmas::MUL_NEG_POW2=7 solver::abstract::lemmas::MUL_POW2=1 solver::abstract::num_checks=2 solver::abstract::terms::BV_MUL=8 solver::abstract::terms::total=8 solver::abstract::time_check=3ms solver::array::equalities=0 solver::array::num_checks=0 solver::array::propagations=0 solver::array::propagations_down=0 solver::array::propagations_up=0 solver::array::selects=0 solver::array::time_check=0ms solver::bv::bitblast::aig::num_ands=140387 solver::bv::bitblast::aig::num_consts=1704 solver::bv::bitblast::aig::num_shared=19816 solver::bv::bitblast::aig::time_bitblast=20ms solver::bv::bitblast::cnf::num_clauses=361834 solver::bv::bitblast::cnf::num_literals=874037 solver::bv::bitblast::cnf::num_vars=118273 solver::bv::bitblast::cnf::time_encode=105ms solver::bv::bitblast::sat::time_solve=279ms solver::bv::num_assertions=354 solver::bv::num_checks=2 solver::bv::time_check=384ms solver::engine::lemmas::abstr=8 solver::engine::lemmas::array=0 solver::engine::lemmas::fp=0 solver::engine::lemmas::fun=0 solver::engine::lemmas::quant=0 solver::engine::lemmas::total=8 solver::engine::time_register_term=0ms solver::engine::time_solve=411ms solver::fun::num_checks=1 solver::fun::time_check=0ms solver::quant::mbqi_checks=0 solver::quant::num_lemma_iterations=0 solver::quant::num_lemmas=0 solver::quant::time_check=0ms solver::quant::time_mbqi=0ms solver::quant::time_process=0ms solving_context::max_memory=96694272 solving_context::time_ensure_model=0ms solving_context::time_solve=524ms
SAT
Extract symbols: sym=init_var6, value=-2
Extract symbols: sym=init_var7, value=0
Extract symbols: sym=a0_0_1, value=-1
Extract symbols: sym=a0_0_2, value=-1
Extract symbols: sym=a0_0, value=-1
Extract symbols: sym=a0_1_1, value=-1
Extract symbols: sym=a0_1_2, value=-1
Extract symbols: sym=a0_1, value=1
Extract symbols: sym=b0_2_1, value=-1
Extract symbols: sym=b0_2_2, value=-1
Extract symbols: sym=b0_2_3, value=-1
Extract symbols: sym=b0_2, value=-1
Extract symbols: sym=a1_0_1, value=<unresolved>
Extract symbols: sym=a1_0_2, value=<unresolved>
Extract symbols: sym=a1_0, value=<unresolved>
Extract symbols: sym=a1_1_1, value=<unresolved>
Extract symbols: sym=a1_1_2, value=<unresolved>
Extract symbols: sym=a1_1, value=<unresolved>
Extract symbols: sym=b1_2_1, value=<unresolved>
Extract symbols: sym=b1_2_2, value=<unresolved>
Extract symbols: sym=b1_2_3, value=<unresolved>
Extract symbols: sym=b1_2, value=<unresolved>
Extract symbols: sym=a2_0_1, value=-1
Extract symbols: sym=a2_0_2, value=-1
Extract symbols: sym=a2_0, value=-1
Extract symbols: sym=a2_1_1, value=-1
Extract symbols: sym=a2_1_2, value=-1
Extract symbols: sym=a2_1, value=-1
Extract symbols: sym=b2_2_1, value=-1
Extract symbols: sym=b2_2_2, value=-1
Extract symbols: sym=b2_2_3, value=-1
Extract symbols: sym=b2_2, value=-1
Extract symbols: sym=a3_0_1, value=<unresolved>
Extract symbols: sym=a3_0_2, value=<unresolved>
Extract symbols: sym=a3_0, value=<unresolved>
Extract symbols: sym=a3_1_1, value=<unresolved>
Extract symbols: sym=a3_1_2, value=<unresolved>
Extract symbols: sym=a3_1, value=<unresolved>
Extract symbols: sym=b3_2_1, value=<unresolved>
Extract symbols: sym=b3_2_2, value=<unresolved>
Extract symbols: sym=b3_2_3, value=<unresolved>
Extract symbols: sym=b3_2, value=<unresolved>
Extract symbols: sym=a4_0_1, value=<unresolved>
Extract symbols: sym=a4_0_2, value=<unresolved>
Extract symbols: sym=a4_0, value=<unresolved>
Extract symbols: sym=a4_1_1, value=<unresolved>
Extract symbols: sym=a4_1_2, value=<unresolved>
Extract symbols: sym=a4_1, value=<unresolved>
Extract symbols: sym=b4_2_1, value=<unresolved>
Extract symbols: sym=b4_2_2, value=<unresolved>
Extract symbols: sym=b4_2_3, value=<unresolved>
Extract symbols: sym=b4_2, value=<unresolved>
Extract symbols: sym=a5_0_1, value=<unresolved>
Extract symbols: sym=a5_0_2, value=<unresolved>
Extract symbols: sym=a5_0, value=<unresolved>
Extract symbols: sym=a5_1_1, value=<unresolved>
Extract symbols: sym=a5_1_2, value=<unresolved>
Extract symbols: sym=a5_1, value=<unresolved>
Extract symbols: sym=b5_2_1, value=<unresolved>
Extract symbols: sym=b5_2_2, value=<unresolved>
Extract symbols: sym=b5_2_3, value=<unresolved>
Extract symbols: sym=b5_2, value=<unresolved>
Extract symbols: sym=a6_0_1, value=-1
Extract symbols: sym=a6_0_2, value=-1
Extract symbols: sym=a6_0, value=-1
Extract symbols: sym=a6_1_1, value=-1
Extract symbols: sym=a6_1_2, value=-1
Extract symbols: sym=a6_1, value=-1
Extract symbols: sym=b6_2_1, value=-1
Extract symbols: sym=b6_2_2, value=-1
Extract symbols: sym=b6_2_3, value=-1
Extract symbols: sym=b6_2, value=2147483647
Extract symbols: sym=a7_0_1, value=<unresolved>
Extract symbols: sym=a7_0_2, value=<unresolved>
Extract symbols: sym=a7_0, value=<unresolved>
Extract symbols: sym=a7_1_1, value=<unresolved>
Extract symbols: sym=a7_1_2, value=<unresolved>
Extract symbols: sym=a7_1, value=<unresolved>
Extract symbols: sym=b7_2_1, value=<unresolved>
Extract symbols: sym=b7_2_2, value=<unresolved>
Extract symbols: sym=b7_2_3, value=<unresolved>
Extract symbols: sym=b7_2, value=<unresolved>
Extract symbols: sym=a8_0_1, value=<unresolved>
Extract symbols: sym=a8_0_2, value=<unresolved>
Extract symbols: sym=a8_0, value=<unresolved>
Extract symbols: sym=a8_1_1, value=<unresolved>
Extract symbols: sym=a8_1_2, value=<unresolved>
Extract symbols: sym=a8_1, value=<unresolved>
Extract symbols: sym=b8_2_1, value=<unresolved>
Extract symbols: sym=b8_2_2, value=<unresolved>
Extract symbols: sym=b8_2_3, value=<unresolved>
Extract symbols: sym=b8_2, value=<unresolved>
Extract symbols: sym=a9_0_1, value=<unresolved>
Extract symbols: sym=a9_0_2, value=<unresolved>
Extract symbols: sym=a9_0, value=<unresolved>
Extract symbols: sym=a9_1_1, value=<unresolved>
Extract symbols: sym=a9_1_2, value=<unresolved>
Extract symbols: sym=a9_1, value=<unresolved>
Extract symbols: sym=b9_2_1, value=<unresolved>
Extract symbols: sym=b9_2_2, value=<unresolved>
Extract symbols: sym=b9_2_3, value=<unresolved>
Extract symbols: sym=b9_2, value=<unresolved>
Extract symbols: sym=a10_0_1, value=<unresolved>
Extract symbols: sym=a10_0_2, value=<unresolved>
Extract symbols: sym=a10_0, value=<unresolved>
Extract symbols: sym=a10_1_1, value=<unresolved>
Extract symbols: sym=a10_1_2, value=<unresolved>
Extract symbols: sym=a10_1, value=<unresolved>
Extract symbols: sym=b10_2_1, value=<unresolved>
Extract symbols: sym=b10_2_2, value=<unresolved>
Extract symbols: sym=b10_2_3, value=<unresolved>
Extract symbols: sym=b10_2, value=<unresolved>
Extract symbols: sym=a11_0_1, value=<unresolved>
Extract symbols: sym=a11_0_2, value=<unresolved>
Extract symbols: sym=a11_0, value=<unresolved>
Extract symbols: sym=a11_1_1, value=<unresolved>
Extract symbols: sym=a11_1_2, value=<unresolved>
Extract symbols: sym=a11_1, value=<unresolved>
Extract symbols: sym=b11_2_1, value=<unresolved>
Extract symbols: sym=b11_2_2, value=<unresolved>
Extract symbols: sym=b11_2_3, value=<unresolved>
Extract symbols: sym=b11_2, value=<unresolved>
Extract symbols: sym=a12_0_1, value=<unresolved>
Extract symbols: sym=a12_0_2, value=<unresolved>
Extract symbols: sym=a12_0, value=<unresolved>
Extract symbols: sym=a12_1_1, value=<unresolved>
Extract symbols: sym=a12_1_2, value=<unresolved>
Extract symbols: sym=a12_1, value=<unresolved>
Extract symbols: sym=b12_2_1, value=<unresolved>
Extract symbols: sym=b12_2_2, value=<unresolved>
Extract symbols: sym=b12_2_3, value=<unresolved>
Extract symbols: sym=b12_2, value=<unresolved>
Extract symbols: sym=a13_0_1, value=<unresolved>
Extract symbols: sym=a13_0_2, value=<unresolved>
Extract symbols: sym=a13_0, value=<unresolved>
Extract symbols: sym=a13_1_1, value=<unresolved>
Extract symbols: sym=a13_1_2, value=<unresolved>
Extract symbols: sym=a13_1, value=<unresolved>
Extract symbols: sym=b13_2_1, value=<unresolved>
Extract symbols: sym=b13_2_2, value=<unresolved>
Extract symbols: sym=b13_2_3, value=<unresolved>
Extract symbols: sym=b13_2, value=<unresolved>
Extract symbols: sym=a14_0_1, value=-1
Extract symbols: sym=a14_0_2, value=3
Extract symbols: sym=a14_0, value=-1
Extract symbols: sym=a14_1_1, value=-2
Extract symbols: sym=a14_1_2, value=-1
Extract symbols: sym=a14_1, value=-1
--------IntUBInject: Inject Int UBs to Block BB5--------------------------------------------
Collected constraints:
(bvsle v0_el2_v0 #b001111111111111111111111111111111)
(bvsge v0_el2_v0 #b110000000000000000000000000000000)
(bvsle v7_v0 #b001111111111111111111111111111111)
(bvsge v7_v0 #b110000000000000000000000000000000)
(bvsle v1_v0 #b001111111111111111111111111111111)
(bvsge v1_v0 #b110000000000000000000000000000000)
(bvsge a5_0_1 #b110000000000000000000000000000000)
(bvsle a5_0_1 #b001111111111111111111111111111111)
(= #b000000000000000000000000000000010 #b000000000000000000000000000000010)
(= #b000000000000000000000000000000000 #b000000000000000000000000000000000)
(distinct v0_el2_v0 #b000000000000000000000000000000000)
(bvsge a5_0_2 #b110000000000000000000000000000000)
(bvsle a5_0_2 #b001111111111111111111111111111111)
(bvsge a5_0 #b110000000000000000000000000000000)
(bvsle a5_0 #b001111111111111111111111111111111)
(bvsle (bvadd (bvadd (ite (= a5_0_1 #b000000000000000000000000000000000) #b000000000000000000000000000000001 #b000000000000000000000000000000000) (ite (= a5_0_2 #b000000000000000000000000000000000) #b000000000000000000000000000000001 #b000000000000000000000000000000000)) (ite (= a5_0 #b000000000000000000000000000000000) #b000000000000000000000000000000001 #b000000000000000000000000000000000)) #b000000000000000000000000000000001)
(= v3_v1 (bvsub (bvsub a5_0 (bvmul a5_0_2 v7_v0)) (bvsdiv a5_0_1 v0_el2_v0)))
(bvsge a5_1_1 #b110000000000000000000000000000000)
(bvsle a5_1_1 #b001111111111111111111111111111111)
(distinct v1_v0 #b000000000000000000000000000000000)
(bvsge a5_1_2 #b110000000000000000000000000000000)
(bvsle a5_1_2 #b001111111111111111111111111111111)
(distinct v3_v1 #b000000000000000000000000000000000)
(bvsge a5_1 #b110000000000000000000000000000000)
(bvsle a5_1 #b001111111111111111111111111111111)
(bvsle (bvadd (bvadd (ite (= a5_1_1 #b000000000000000000000000000000000) #b000000000000000000000000000000001 #b000000000000000000000000000000000) (ite (= a5_1_2 #b000000000000000000000000000000000) #b000000000000000000000000000000001 #b000000000000000000000000000000000)) (ite (= a5_1 #b000000000000000000000000000000000) #b000000000000000000000000000000001 #b000000000000000000000000000000000)) #b000000000000000000000000000000001)
(= v0_el2_v1 (bvadd (bvadd a5_1 (bvsdiv a5_1_2 v3_v1)) (bvsdiv a5_1_1 v1_v0)))
(bvsge b5_2_1 #b110000000000000000000000000000000)
(bvsle b5_2_1 #b001111111111111111111111111111111)
(distinct v3_v1 #b000000000000000000000000000000000)
(bvsge b5_2_2 #b110000000000000000000000000000000)
(bvsle b5_2_2 #b001111111111111111111111111111111)
(= #b000000000000000000000000000000010 #b000000000000000000000000000000010)
(= #b000000000000000000000000000000000 #b000000000000000000000000000000000)
(distinct v0_el2_v1 #b000000000000000000000000000000000)
(bvsge b5_2_3 #b110000000000000000000000000000000)
(bvsle b5_2_3 #b001111111111111111111111111111111)
(distinct v7_v0 #b000000000000000000000000000000000)
(bvsge b5_2 #b110000000000000000000000000000000)
(bvsle b5_2 #b001111111111111111111111111111111)
(bvsle (bvadd (bvadd (bvadd (ite (= b5_2_1 #b000000000000000000000000000000000) #b000000000000000000000000000000001 #b000000000000000000000000000000000) (ite (= b5_2_2 #b000000000000000000000000000000000) #b000000000000000000000000000000001 #b000000000000000000000000000000000)) (ite (= b5_2_3 #b000000000000000000000000000000000) #b000000000000000000000000000000001 #b000000000000000000000000000000000)) (ite (= b5_2 #b000000000000000000000000000000000) #b000000000000000000000000000000001 #b000000000000000000000000000000000)) #b000000000000000000000000000000010)
(let ((_let0 (bvsub (bvsub a5_0 (bvmul a5_0_2 v7_v0)) (bvsdiv a5_0_1 v0_el2_v0)))) (let ((_let1 (bvadd (bvadd a5_1 (bvsdiv a5_1_2 v3_v1)) (bvsdiv a5_1_1 v1_v0)))) (let ((_let2 (bvsub (bvsub (bvsub b5_2 (bvsrem b5_2_3 v7_v0)) (bvsrem b5_2_2 v0_el2_v1)) (bvsrem b5_2_1 v3_v1)))) (or (or (or false (or (bvsgt _let0 #b001111111111111111111111111111111) (bvslt _let0 #b110000000000000000000000000000000))) (or (bvsgt _let1 #b001111111111111111111111111111111) (bvslt _let1 #b110000000000000000000000000000000))) (or (bvsgt _let2 #b001111111111111111111111111111111) (bvslt _let2 #b110000000000000000000000000000000))))))
SAT
Adding initializations to ensure undefined behaviors
Let variable: var=v0_el2, value=1
Let variable: var=v7, value=1
Let variable: var=v1, value=1
Let symbol: sym=a5_0_1, value=1
Let symbol: sym=a5_0_2, value=2147483647
Let symbol: sym=a5_0, value=0
Let symbol: sym=a5_1_1, value=1
Let symbol: sym=a5_1_2, value=1073741824
Let symbol: sym=a5_1, value=0
Let symbol: sym=b5_2_1, value=1
Let symbol: sym=b5_2_2, value=-1
Let symbol: sym=b5_2_3, value=1
Let symbol: sym=b5_2, value=-2147483648
Define symbols: sym=a1_0_1, val=1188222901 (for unexecuted basic blocks)
Define symbols: sym=a1_0_2, val=-2099364576 (for unexecuted basic blocks)
Define symbols: sym=a1_0, val=-2115293317 (for unexecuted basic blocks)
Define symbols: sym=a1_1_1, val=-2091400526 (for unexecuted basic blocks)
Define symbols: sym=a1_1_2, val=-1761356206 (for unexecuted basic blocks)
Define symbols: sym=a1_1, val=1692972703 (for unexecuted basic blocks)
Define symbols: sym=b1_2_1, val=-1564930813 (for unexecuted basic blocks)
Define symbols: sym=b1_2_2, val=1129633470 (for unexecuted basic blocks)
Define symbols: sym=b1_2_3, val=-214471023 (for unexecuted basic blocks)
Define symbols: sym=b1_2, val=1647272685 (for unexecuted basic blocks)
Define symbols: sym=a3_0_1, val=-567742294 (for unexecuted basic blocks)
Define symbols: sym=a3_0_2, val=-1552156737 (for unexecuted basic blocks)
Define symbols: sym=a3_0, val=1897485736 (for unexecuted basic blocks)
Define symbols: sym=a3_1_1, val=875424913 (for unexecuted basic blocks)
Define symbols: sym=a3_1_2, val=1245139139 (for unexecuted basic blocks)
Define symbols: sym=a3_1, val=181500727 (for unexecuted basic blocks)
Define symbols: sym=b3_2_1, val=368925950 (for unexecuted basic blocks)
Define symbols: sym=b3_2_2, val=-145652306 (for unexecuted basic blocks)
Define symbols: sym=b3_2_3, val=1359689855 (for unexecuted basic blocks)
Define symbols: sym=b3_2, val=-71549568 (for unexecuted basic blocks)
Define symbols: sym=a4_0_1, val=-1899147967 (for unexecuted basic blocks)
Define symbols: sym=a4_0_2, val=-1748944377 (for unexecuted basic blocks)
Define symbols: sym=a4_0, val=740243720 (for unexecuted basic blocks)
Define symbols: sym=a4_1_1, val=-1052315536 (for unexecuted basic blocks)
Define symbols: sym=a4_1_2, val=125030059 (for unexecuted basic blocks)
Define symbols: sym=a4_1, val=-1054168375 (for unexecuted basic blocks)
Define symbols: sym=b4_2_1, val=-2055222740 (for unexecuted basic blocks)
Define symbols: sym=b4_2_2, val=-1228884224 (for unexecuted basic blocks)
Define symbols: sym=b4_2_3, val=-1024130708 (for unexecuted basic blocks)
Define symbols: sym=b4_2, val=1705633468 (for unexecuted basic blocks)
Define symbols: sym=a7_0_1, val=-1116904293 (for unexecuted basic blocks)
Define symbols: sym=a7_0_2, val=-1753924002 (for unexecuted basic blocks)
Define symbols: sym=a7_0, val=1666720477 (for unexecuted basic blocks)
Define symbols: sym=a7_1_1, val=-797733778 (for unexecuted basic blocks)
Define symbols: sym=a7_1_2, val=-1084660852 (for unexecuted basic blocks)
Define symbols: sym=a7_1, val=-1355539828 (for unexecuted basic blocks)
Define symbols: sym=b7_2_1, val=1238906917 (for unexecuted basic blocks)
Define symbols: sym=b7_2_2, val=-601333354 (for unexecuted basic blocks)
Define symbols: sym=b7_2_3, val=1181370267 (for unexecuted basic blocks)
Define symbols: sym=b7_2, val=-1396298147 (for unexecuted basic blocks)
Define symbols: sym=a8_0_1, val=-1420443367 (for unexecuted basic blocks)
Define symbols: sym=a8_0_2, val=1357307224 (for unexecuted basic blocks)
Define symbols: sym=a8_0, val=-2008294264 (for unexecuted basic blocks)
Define symbols: sym=a8_1_1, val=216077463 (for unexecuted basic blocks)
Define symbols: sym=a8_1_2, val=586130013 (for unexecuted basic blocks)
Define symbols: sym=a8_1, val=1914265201 (for unexecuted basic blocks)
Define symbols: sym=b8_2_1, val=135528181 (for unexecuted basic blocks)
Define symbols: sym=b8_2_2, val=1876581058 (for unexecuted basic blocks)
Define symbols: sym=b8_2_3, val=-1110037038 (for unexecuted basic blocks)
Define symbols: sym=b8_2, val=411585598 (for unexecuted basic blocks)
Define symbols: sym=a9_0_1, val=-1437297992 (for unexecuted basic blocks)
Define symbols: sym=a9_0_2, val=577277296 (for unexecuted basic blocks)
Define symbols: sym=a9_0, val=-1321568005 (for unexecuted basic blocks)
Define symbols: sym=a9_1_1, val=-2019723522 (for unexecuted basic blocks)
Define symbols: sym=a9_1_2, val=1573996594 (for unexecuted basic blocks)
Define symbols: sym=a9_1, val=-1301778180 (for unexecuted basic blocks)
Define symbols: sym=b9_2_1, val=545475651 (for unexecuted basic blocks)
Define symbols: sym=b9_2_2, val=-1096557589 (for unexecuted basic blocks)
Define symbols: sym=b9_2_3, val=224415953 (for unexecuted basic blocks)
Define symbols: sym=b9_2, val=-1532653634 (for unexecuted basic blocks)
Define symbols: sym=a10_0_1, val=546447859 (for unexecuted basic blocks)
Define symbols: sym=a10_0_2, val=1681119096 (for unexecuted basic blocks)
Define symbols: sym=a10_0, val=2141616005 (for unexecuted basic blocks)
Define symbols: sym=a10_1_1, val=1801415037 (for unexecuted basic blocks)
Define symbols: sym=a10_1_2, val=1043567760 (for unexecuted basic blocks)
Define symbols: sym=a10_1, val=-1533650987 (for unexecuted basic blocks)
Define symbols: sym=b10_2_1, val=-172044147 (for unexecuted basic blocks)
Define symbols: sym=b10_2_2, val=246147991 (for unexecuted basic blocks)
Define symbols: sym=b10_2_3, val=-1270865713 (for unexecuted basic blocks)
Define symbols: sym=b10_2, val=-1458452012 (for unexecuted basic blocks)
Define symbols: sym=a11_0_1, val=262713768 (for unexecuted basic blocks)
Define symbols: sym=a11_0_2, val=-1654288226 (for unexecuted basic blocks)
Define symbols: sym=a11_0, val=1473506070 (for unexecuted basic blocks)
Define symbols: sym=a11_1_1, val=-1200048967 (for unexecuted basic blocks)
Define symbols: sym=a11_1_2, val=1236048429 (for unexecuted basic blocks)
Define symbols: sym=a11_1, val=1832450442 (for unexecuted basic blocks)
Define symbols: sym=b11_2_1, val=-1303658306 (for unexecuted basic blocks)
Define symbols: sym=b11_2_2, val=-1532052759 (for unexecuted basic blocks)
Define symbols: sym=b11_2_3, val=-214803266 (for unexecuted basic blocks)
Define symbols: sym=b11_2, val=-875963392 (for unexecuted basic blocks)
Define symbols: sym=a12_0_1, val=768073103 (for unexecuted basic blocks)
Define symbols: sym=a12_0_2, val=180357944 (for unexecuted basic blocks)
Define symbols: sym=a12_0, val=-1941058865 (for unexecuted basic blocks)
Define symbols: sym=a12_1_1, val=-610303743 (for unexecuted basic blocks)
Define symbols: sym=a12_1_2, val=-575127662 (for unexecuted basic blocks)
Define symbols: sym=a12_1, val=528391515 (for unexecuted basic blocks)
Define symbols: sym=b12_2_1, val=-173046054 (for unexecuted basic blocks)
Define symbols: sym=b12_2_2, val=-1616430509 (for unexecuted basic blocks)
Define symbols: sym=b12_2_3, val=231763404 (for unexecuted basic blocks)
Define symbols: sym=b12_2, val=-1420149449 (for unexecuted basic blocks)
Define symbols: sym=a13_0_1, val=-1278163252 (for unexecuted basic blocks)
Define symbols: sym=a13_0_2, val=-1817299148 (for unexecuted basic blocks)
Define symbols: sym=a13_0, val=722924887 (for unexecuted basic blocks)
Define symbols: sym=a13_1_1, val=-763640227 (for unexecuted basic blocks)
Define symbols: sym=a13_1_2, val=43122086 (for unexecuted basic blocks)
Define symbols: sym=a13_1, val=-600790264 (for unexecuted basic blocks)
Define symbols: sym=b13_2_1, val=803598341 (for unexecuted basic blocks)
Define symbols: sym=b13_2_2, val=1851819412 (for unexecuted basic blocks)
Define symbols: sym=b13_2_3, val=-1233440425 (for unexecuted basic blocks)
Define symbols: sym=b13_2, val=31877927 (for unexecuted basic blocks)
Extract initialization: param=v0, value=-1
Extract initialization: param=v0, value=-1
Extract initialization: param=v0, value=-1
Extract initialization: param=v1, value=-1
Extract initialization: param=v2, value=-1
Extract initialization: param=v3, value=-1
Extract initialization: param=v4, value=-1
Extract initialization: param=v5, value=-1
Extract finalization: param=v0, value=-1
Extract finalization: param=v0, value=-1
Extract finalization: param=v0, value=-1
Extract finalization: param=v1, value=-1
Extract finalization: param=v2, value=-1
Extract finalization: param=v3, value=-1
Extract finalization: param=v4, value=1
Extract finalization: param=v5, value=0
------SymExec: Iteration 1----------------------------------------------
Generating or re-generating UB-free constraints
Initial constraints: 
```
(bvsle (bvadd (bvadd (bvadd (bvadd (bvadd (bvadd (bvadd (ite (= v0_el0_v0 #b00000000000000000000000000000000) #b00000000000000000000000000000001 #b00000000000000000000000000000000) (ite (= v0_el1_v0 #b00000000000000000000000000000000) #b00000000000000000000000000000001 #b00000000000000000000000000000000)) (ite (= v0_el2_v0 #b00000000000000000000000000000000) #b00000000000000000000000000000001 #b00000000000000000000000000000000)) (ite (= v1_v0 #b00000000000000000000000000000000) #b00000000000000000000000000000001 #b00000000000000000000000000000000)) (ite (= v2_v0 #b00000000000000000000000000000000) #b00000000000000000000000000000001 #b00000000000000000000000000000000)) (ite (= v3_v0 #b00000000000000000000000000000000) #b00000000000000000000000000000001 #b00000000000000000000000000000000)) (ite (= v4_v0 #b00000000000000000000000000000000) #b00000000000000000000000000000001 #b00000000000000000000000000000000)) (ite (= v5_v0 #b00000000000000000000000000000000) #b00000000000000000000000000000001 #b00000000000000000000000000000000)) #b00000000000000000000000000000100)
```
Final constraints: 
```
(bvsle (bvadd (bvadd (bvadd (bvadd (bvadd (bvadd (bvadd (ite (= v0_el0_v0 #b00000000000000000000000000000000) #b00000000000000000000000000000001 #b00000000000000000000000000000000) (ite (= v0_el1_v0 #b00000000000000000000000000000000) #b00000000000000000000000000000001 #b00000000000000000000000000000000)) (ite (= v0_el2_v0 #b00000000000000000000000000000000) #b00000000000000000000000000000001 #b00000000000000000000000000000000)) (ite (= v1_v0 #b00000000000000000000000000000000) #b00000000000000000000000000000001 #b00000000000000000000000000000000)) (ite (= v2_v0 #b00000000000000000000000000000000) #b00000000000000000000000000000001 #b00000000000000000000000000000000)) (ite (= v3_v0 #b00000000000000000000000000000000) #b00000000000000000000000000000001 #b00000000000000000000000000000000)) (ite (= v4_v0 #b00000000000000000000000000000000) #b00000000000000000000000000000001 #b00000000000000000000000000000000)) (ite (= v5_v0 #b00000000000000000000000000000000) #b00000000000000000000000000000001 #b00000000000000000000000000000000)) #b00000000000000000000000000000100)
(= v6_v0 #b11111111111111111111111111111110)
(= v7_v0 #b00000000000000000000000000000000)
(not (bvssubo #b11111111111111111111111111111111 v6_v0))
(distinct v1_v0 #b00000000000000000000000000000000)
(not (bvsdivo #b11111111111111111111111111111111 v1_v0))
(not (bvsaddo (bvsub #b11111111111111111111111111111111 v6_v0) (bvsdiv #b11111111111111111111111111111111 v1_v0)))
(not (bvsaddo (bvadd (bvsub #b11111111111111111111111111111111 v6_v0) (bvsdiv #b11111111111111111111111111111111 v1_v0)) #b11111111111111111111111111111111))
(let ((_let0 (ite (= #b11111111111111111111111111111111 #b00000000000000000000000000000000) #b00000000000000000000000000000001 #b00000000000000000000000000000000))) (bvsle (bvadd (bvadd _let0 _let0) _let0) #b00000000000000000000000000000001))
(= v7_v1 (bvadd (bvadd (bvsub #b11111111111111111111111111111111 v6_v0) (bvsdiv #b11111111111111111111111111111111 v1_v0)) #b11111111111111111111111111111111))
(distinct v4_v0 #b00000000000000000000000000000000)
(not (bvsdivo #b11111111111111111111111111111111 v4_v0))
(distinct v7_v1 #b00000000000000000000000000000000)
(not (bvsdivo #b11111111111111111111111111111111 v7_v1))
(not (bvssubo (bvsrem #b11111111111111111111111111111111 v4_v0) (bvsrem #b11111111111111111111111111111111 v7_v1)))
(not (bvssubo (bvsub (bvsrem #b11111111111111111111111111111111 v4_v0) (bvsrem #b11111111111111111111111111111111 v7_v1)) #b00000000000000000000000000000001))
(let ((_let0 (ite (= #b11111111111111111111111111111111 #b00000000000000000000000000000000) #b00000000000000000000000000000001 #b00000000000000000000000000000000))) (bvsle (bvadd (bvadd _let0 _let0) (ite (= #b00000000000000000000000000000001 #b00000000000000000000000000000000) #b00000000000000000000000000000001 #b00000000000000000000000000000000)) #b00000000000000000000000000000001))
(= v6_v1 (bvsub (bvsub (bvsrem #b11111111111111111111111111111111 v4_v0) (bvsrem #b11111111111111111111111111111111 v7_v1)) #b00000000000000000000000000000001))
(not (bvsmulo #b11111111111111111111111111111111 v7_v1))
(distinct v6_v1 #b00000000000000000000000000000000)
(not (bvsdivo #b11111111111111111111111111111111 v6_v1))
(not (bvsaddo (bvmul #b11111111111111111111111111111111 v7_v1) (bvsdiv #b11111111111111111111111111111111 v6_v1)))
(not (bvsaddo #b11111111111111111111111111111111 v0_el2_v0))
(not (bvsaddo (bvadd (bvmul #b11111111111111111111111111111111 v7_v1) (bvsdiv #b11111111111111111111111111111111 v6_v1)) (bvadd #b11111111111111111111111111111111 v0_el2_v0)))
(not (bvsaddo (bvadd (bvadd (bvmul #b11111111111111111111111111111111 v7_v1) (bvsdiv #b11111111111111111111111111111111 v6_v1)) (bvadd #b11111111111111111111111111111111 v0_el2_v0)) #b11111111111111111111111111111111))
(let ((_let0 (ite (= #b11111111111111111111111111111111 #b00000000000000000000000000000000) #b00000000000000000000000000000001 #b00000000000000000000000000000000))) (bvsle (bvadd (bvadd (bvadd _let0 _let0) _let0) _let0) #b00000000000000000000000000000010))
(bvslt (bvadd (bvadd (bvadd (bvmul #b11111111111111111111111111111111 v7_v1) (bvsdiv #b11111111111111111111111111111111 v6_v1)) (bvadd #b11111111111111111111111111111111 v0_el2_v0)) #b11111111111111111111111111111111) #b00000000000000000000000000000000)
(not (bvsaddo (bvsdiv #b11111111111111111111111111111111 v4_v0) (bvsdiv #b11111111111111111111111111111111 v1_v0)))
(not (bvsaddo (bvadd (bvsdiv #b11111111111111111111111111111111 v4_v0) (bvsdiv #b11111111111111111111111111111111 v1_v0)) #b11111111111111111111111111111111))
(= v4_v1 (bvadd (bvadd (bvsdiv #b11111111111111111111111111111111 v4_v0) (bvsdiv #b11111111111111111111111111111111 v1_v0)) #b11111111111111111111111111111111))
(not (bvsmulo #b11111111111111111111111111111111 v1_v0))
(not (bvsmulo #b11111111111111111111111111111111 v4_v1))
(not (bvsaddo (bvmul #b11111111111111111111111111111111 v1_v0) (bvmul #b11111111111111111111111111111111 v4_v1)))
(not (bvsaddo (bvadd (bvmul #b11111111111111111111111111111111 v1_v0) (bvmul #b11111111111111111111111111111111 v4_v1)) #b11111111111111111111111111111111))
(= v0_el2_v1 (bvadd (bvadd (bvmul #b11111111111111111111111111111111 v1_v0) (bvmul #b11111111111111111111111111111111 v4_v1)) #b11111111111111111111111111111111))
(not (bvsmulo #b11111111111111111111111111111111 v0_el2_v1))
(not (bvssubo (bvmul #b11111111111111111111111111111111 v4_v1) (bvmul #b11111111111111111111111111111111 v0_el2_v1)))
(distinct v5_v0 #b00000000000000000000000000000000)
(not (bvsdivo #b11111111111111111111111111111111 v5_v0))
(not (bvssubo (bvsub (bvmul #b11111111111111111111111111111111 v4_v1) (bvmul #b11111111111111111111111111111111 v0_el2_v1)) (bvsrem #b11111111111111111111111111111111 v5_v0)))
(not (bvssubo (bvsub (bvsub (bvmul #b11111111111111111111111111111111 v4_v1) (bvmul #b11111111111111111111111111111111 v0_el2_v1)) (bvsrem #b11111111111111111111111111111111 v5_v0)) #b11111111111111111111111111111111))
(not (bvsgt (bvsub (bvsub (bvsub (bvmul #b11111111111111111111111111111111 v4_v1) (bvmul #b11111111111111111111111111111111 v0_el2_v1)) (bvsrem #b11111111111111111111111111111111 v5_v0)) #b11111111111111111111111111111111) #b00000000000000000000000000000000))
(not (bvssubo #b11111111111111111111111111111111 v6_v1))
(not (bvsaddo (bvmul #b11111111111111111111111111111111 v1_v0) (bvsub #b11111111111111111111111111111111 v6_v1)))
(not (bvsaddo (bvadd (bvmul #b11111111111111111111111111111111 v1_v0) (bvsub #b11111111111111111111111111111111 v6_v1)) #b11111111111111111111111111111111))
(= v5_v1 (bvadd (bvadd (bvmul #b11111111111111111111111111111111 v1_v0) (bvsub #b11111111111111111111111111111111 v6_v1)) #b11111111111111111111111111111111))
(not (bvssubo #b11111111111111111111111111111111 v7_v1))
(not (bvssubo (bvsub #b11111111111111111111111111111111 v7_v1) (bvsrem #b11111111111111111111111111111111 v6_v1)))
(not (bvssubo (bvsub (bvsub #b11111111111111111111111111111111 v7_v1) (bvsrem #b11111111111111111111111111111111 v6_v1)) #b11111111111111111111111111111111))
(= v2_v1 (bvsub (bvsub (bvsub #b11111111111111111111111111111111 v7_v1) (bvsrem #b11111111111111111111111111111111 v6_v1)) #b11111111111111111111111111111111))
(not (bvsmulo #b11111111111111111111111111111111 v5_v1))
(not (bvsaddo #b11111111111111111111111111111111 v2_v1))
(not (bvsaddo (bvmul #b11111111111111111111111111111111 v5_v1) (bvadd #b11111111111111111111111111111111 v2_v1)))
(not (bvsaddo (bvadd (bvmul #b11111111111111111111111111111111 v5_v1) (bvadd #b11111111111111111111111111111111 v2_v1)) (bvsrem #b11111111111111111111111111111111 v7_v1)))
(not (bvsaddo (bvadd (bvadd (bvmul #b11111111111111111111111111111111 v5_v1) (bvadd #b11111111111111111111111111111111 v2_v1)) (bvsrem #b11111111111111111111111111111111 v7_v1)) #b01111111111111111111111111111111))
(let ((_let0 (ite (= #b11111111111111111111111111111111 #b00000000000000000000000000000000) #b00000000000000000000000000000001 #b00000000000000000000000000000000))) (bvsle (bvadd (bvadd (bvadd _let0 _let0) _let0) (ite (= #b01111111111111111111111111111111 #b00000000000000000000000000000000) #b00000000000000000000000000000001 #b00000000000000000000000000000000)) #b00000000000000000000000000000010))
(not (bvslt (bvadd (bvadd (bvadd (bvmul #b11111111111111111111111111111111 v5_v1) (bvadd #b11111111111111111111111111111111 v2_v1)) (bvsrem #b11111111111111111111111111111111 v7_v1)) #b01111111111111111111111111111111) #b00000000000000000000000000000000))
(not (bvssubo #b00000000000000000000000000000011 v5_v1))
(not (bvssubo (bvmul #b11111111111111111111111111111111 v1_v0) (bvsub #b00000000000000000000000000000011 v5_v1)))
(not (bvssubo (bvsub (bvmul #b11111111111111111111111111111111 v1_v0) (bvsub #b00000000000000000000000000000011 v5_v1)) #b11111111111111111111111111111111))
(let ((_let0 (ite (= #b11111111111111111111111111111111 #b00000000000000000000000000000000) #b00000000000000000000000000000001 #b00000000000000000000000000000000))) (bvsle (bvadd (bvadd _let0 (ite (= #b00000000000000000000000000000011 #b00000000000000000000000000000000) #b00000000000000000000000000000001 #b00000000000000000000000000000000)) _let0) #b00000000000000000000000000000001))
(= v0_el2_v2 (bvsub (bvsub (bvmul #b11111111111111111111111111111111 v1_v0) (bvsub #b00000000000000000000000000000011 v5_v1)) #b11111111111111111111111111111111))
(not (bvssubo #b11111111111111111111111111111110 v0_el2_v2))
(distinct v2_v1 #b00000000000000000000000000000000)
(not (bvsdivo #b11111111111111111111111111111111 v2_v1))
(not (bvssubo (bvsub #b11111111111111111111111111111110 v0_el2_v2) (bvsdiv #b11111111111111111111111111111111 v2_v1)))
(not (bvssubo (bvsub (bvsub #b11111111111111111111111111111110 v0_el2_v2) (bvsdiv #b11111111111111111111111111111111 v2_v1)) #b11111111111111111111111111111111))
(let ((_let0 (ite (= #b11111111111111111111111111111111 #b00000000000000000000000000000000) #b00000000000000000000000000000001 #b00000000000000000000000000000000))) (bvsle (bvadd (bvadd (ite (= #b11111111111111111111111111111110 #b00000000000000000000000000000000) #b00000000000000000000000000000001 #b00000000000000000000000000000000) _let0) _let0) #b00000000000000000000000000000001))
(= v3_v1 (bvsub (bvsub (bvsub #b11111111111111111111111111111110 v0_el2_v2) (bvsdiv #b11111111111111111111111111111111 v2_v1)) #b11111111111111111111111111111111))
(bvsle (bvadd (bvadd (bvadd (bvadd (bvadd (bvadd (bvadd (ite (= (ite (distinct v0_el0_v0 #b11111111111111111111111111111111) #b00000000000000000000000000000001 #b00000000000000000000000000000000) #b00000000000000000000000000000000) #b00000000000000000000000000000001 #b00000000000000000000000000000000) (ite (= (ite (distinct v0_el1_v0 #b11111111111111111111111111111111) #b00000000000000000000000000000001 #b00000000000000000000000000000000) #b00000000000000000000000000000000) #b00000000000000000000000000000001 #b00000000000000000000000000000000)) (ite (= (ite (distinct v0_el2_v0 #b11111111111111111111111111111111) #b00000000000000000000000000000001 #b00000000000000000000000000000000) #b00000000000000000000000000000000) #b00000000000000000000000000000001 #b00000000000000000000000000000000)) (ite (= (ite (distinct v1_v0 #b11111111111111111111111111111111) #b00000000000000000000000000000001 #b00000000000000000000000000000000) #b00000000000000000000000000000000) #b00000000000000000000000000000001 #b00000000000000000000000000000000)) (ite (= (ite (distinct v2_v0 #b11111111111111111111111111111111) #b00000000000000000000000000000001 #b00000000000000000000000000000000) #b00000000000000000000000000000000) #b00000000000000000000000000000001 #b00000000000000000000000000000000)) (ite (= (ite (distinct v3_v0 #b11111111111111111111111111111111) #b00000000000000000000000000000001 #b00000000000000000000000000000000) #b00000000000000000000000000000000) #b00000000000000000000000000000001 #b00000000000000000000000000000000)) (ite (= (ite (distinct v4_v0 #b11111111111111111111111111111111) #b00000000000000000000000000000001 #b00000000000000000000000000000000) #b00000000000000000000000000000000) #b00000000000000000000000000000001 #b00000000000000000000000000000000)) (ite (= (ite (distinct v5_v0 #b11111111111111111111111111111111) #b00000000000000000000000000000001 #b00000000000000000000000000000000) #b00000000000000000000000000000000) #b00000000000000000000000000000001 #b00000000000000000000000000000000)) #b00000000000000000000000000000011)
```
Constraint stats: asserted=70 addCalls=86 skippedTrue=0 deduped=16 ensureInRangeCalls=91 boundedAlready=0 uniqueConstraintIds=70 uniqueBoundedIds=0 (solverAsserted=0)
Bitwuzla check_sat time: 935ms
Bitwuzla statistics: preprocess::contradicting_ands::num_substs=0 preprocess::contradicting_ands::time_apply=0ms preprocess::elim_extract::num_elim=0 preprocess::elim_extract::time_apply=0ms preprocess::elim_lambda::time_apply=0ms preprocess::elim_udiv::num_eliminated=0 preprocess::elim_udiv::time_apply=0ms preprocess::embedded_constraints::num_substs=3 preprocess::embedded_constraints::time_apply=0ms preprocess::flatten_and::num_assertions=28 preprocess::flatten_and::num_flattened=14 preprocess::flatten_and::time_apply=0ms preprocess::lambda::num_elim=0 preprocess::normalize::num_common_normalizations=0 preprocess::normalize::num_normalizations=96 preprocess::normalize::num_normalized_assertions=0 preprocess::normalize::num_pass1=0 preprocess::normalize::num_pass2=0 preprocess::normalize::time_adder_chains=1ms preprocess::normalize::time_apply=15ms preprocess::normalize::time_compute_occs=0ms preprocess::normalize::time_normalize_add=0ms preprocess::normalize::time_normalize_mul=0ms preprocess::normalize::time_score=12ms preprocess::rewrite::time_apply=1ms preprocess::skeleton_preproc::cnf::clauses=262 preprocess::skeleton_preproc::cnf::lits=534 preprocess::skeleton_preproc::new_assertions=0 preprocess::skeleton_preproc::resets=1 preprocess::skeleton_preproc::time_apply=1ms preprocess::skeleton_preproc::time_encode=0ms preprocess::skeleton_preproc::time_fixed=0ms preprocess::skeleton_preproc::time_sat=0ms preprocess::uninterpreted::num_substs=0 preprocess::uninterpreted::time_apply=0ms preprocess::varsubst::normalize_bv_ineq::num_slt=0 preprocess::varsubst::normalize_bv_ineq::num_ult=0 preprocess::varsubst::normalize_eq::num_bv_concat=0 preprocess::varsubst::normalize_eq::num_gauss_elim=0 preprocess::varsubst::normalize_eq::num_linear_eq=0 preprocess::varsubst::num_substs=10 preprocess::varsubst::time_apply=0ms preprocess::varsubst::time_direct_cycle_check=0ms preprocess::varsubst::time_find_substitution=0ms preprocess::varsubst::time_find_vars=0ms preprocess::varsubst::time_register=0ms preprocess::varsubst::time_remove_cycles=0ms preprocess::varsubst::time_substitute=0ms preprocessor::num_iterations=2 preprocessor::time_preprocess=20ms preprocessor::time_process=0ms rewriter::(normalize)::num_evals=0 rewriter::(normalize)::num_rewrites=263 rewriter::(normalize)::rewrite::BV_ADD_CONST=3 rewriter::(normalize)::rewrite::BV_ADD_EVAL=3 rewriter::(normalize)::rewrite::BV_ADD_SPECIAL_CONST=25 rewriter::(normalize)::rewrite::BV_MUL_EVAL=2 rewriter::(normalize)::rewrite::BV_MUL_ONES=13 rewriter::(normalize)::rewrite::BV_NEG_ELIM=13 rewriter::(normalize)::rewrite::BV_NOT_BV_NOT=34 rewriter::(normalize)::rewrite::NORMALIZE_COMM=170 rewriter::num_evals=0 rewriter::num_rewrites=1292 rewriter::rewrite::AND_EVAL=1 rewriter::rewrite::AND_SPECIAL_CONST=89 rewriter::rewrite::BV_ADD_CONST=13 rewriter::rewrite::BV_ADD_EVAL=8 rewriter::rewrite::BV_ADD_ITE2=16 rewriter::rewrite::BV_ADD_SPECIAL_CONST=24 rewriter::rewrite::BV_AND_EVAL=1 rewriter::rewrite::BV_AND_SPECIAL_CONST=155 rewriter::rewrite::BV_CONCAT_EVAL=2 rewriter::rewrite::BV_EXTRACT_ADD_MUL=5 rewriter::rewrite::BV_EXTRACT_EVAL=37 rewriter::rewrite::BV_EXTRACT_FULL=5 rewriter::rewrite::BV_MUL_ONES=10 rewriter::rewrite::BV_MUL_POW2=6 rewriter::rewrite::BV_NEG_ELIM=36 rewriter::rewrite::BV_NOT_BV_NEG=6 rewriter::rewrite::BV_NOT_BV_NOT=84 rewriter::rewrite::BV_NOT_EVAL=5 rewriter::rewrite::BV_OR_ELIM=6 rewriter::rewrite::BV_SADDO_ELIM=16 rewriter::rewrite::BV_SDIVO_ELIM=6 rewriter::rewrite::BV_SDIV_ELIM=4 rewriter::rewrite::BV_SGT_ELIM=1 rewriter::rewrite::BV_SHL_CONST=6 rewriter::rewrite::BV_SIGN_EXTEND_ELIM=12 rewriter::rewrite::BV_SLE_ELIM=4 rewriter::rewrite::BV_SLT_EVAL=2 rewriter::rewrite::BV_SMULO_ELIM=5 rewriter::rewrite::BV_SREM_ELIM=4 rewriter::rewrite::BV_SSUBO_ELIM=16 rewriter::rewrite::BV_SUB_ELIM=16 rewriter::rewrite::BV_XOR_EVAL=1 rewriter::rewrite::BV_XOR_SPECIAL_CONST=4 rewriter::rewrite::DISTINCT_ELIM=14 rewriter::rewrite::EQUAL_BV_SUB=1 rewriter::rewrite::EQUAL_CONST_BV_ADD=2 rewriter::rewrite::EQUAL_CONST_BV_NOT=4 rewriter::rewrite::EQUAL_EVAL=13 rewriter::rewrite::EQUAL_ITE_SAME=8 rewriter::rewrite::EQUAL_SPECIAL_CONST=5 rewriter::rewrite::EQUAL_TRUE=8 rewriter::rewrite::ITE_EVAL=10 rewriter::rewrite::NORMALIZE_COMM=507 rewriter::rewrite::NOT_EQUAL_BV1_BOOL=33 rewriter::rewrite::NOT_EVAL=1 rewriter::rewrite::NOT_NOT=40 rewriter::rewrite::OR_ELIM=40 solver::abstract::num_checks=1 solver::abstract::terms::total=0 solver::abstract::time_check=0ms solver::array::equalities=0 solver::array::num_checks=0 solver::array::propagations=0 solver::array::propagations_down=0 solver::array::propagations_up=0 solver::array::selects=0 solver::array::time_check=0ms solver::bv::bitblast::aig::num_ands=59044 solver::bv::bitblast::aig::num_consts=256 solver::bv::bitblast::aig::num_shared=33816 solver::bv::bitblast::aig::time_bitblast=7ms solver::bv::bitblast::cnf::num_clauses=144945 solver::bv::bitblast::cnf::num_literals=354331 solver::bv::bitblast::cnf::num_vars=46507 solver::bv::bitblast::cnf::time_encode=35ms solver::bv::bitblast::sat::time_solve=871ms solver::bv::num_assertions=59 solver::bv::num_checks=1 solver::bv::time_check=906ms solver::engine::lemmas::abstr=0 solver::engine::lemmas::array=0 solver::engine::lemmas::fp=0 solver::engine::lemmas::fun=0 solver::engine::lemmas::quant=0 solver::engine::lemmas::total=0 solver::engine::time_register_term=0ms solver::engine::time_solve=914ms solver::fun::num_checks=1 solver::fun::time_check=0ms solver::quant::mbqi_checks=0 solver::quant::num_lemma_iterations=0 solver::quant::num_lemmas=0 solver::quant::time_check=0ms solver::quant::time_mbqi=0ms solver::quant::time_process=0ms solving_context::max_memory=99840000 solving_context::time_ensure_model=0ms solving_context::time_solve=935ms
SAT
Extract initialization: param=v0, value=0
Extract initialization: param=v0, value=-2147483648
Extract initialization: param=v0, value=-1
Extract initialization: param=v1, value=-1
Extract initialization: param=v2, value=0
Extract initialization: param=v3, value=0
Extract initialization: param=v4, value=-1
Extract initialization: param=v5, value=-24
Extract finalization: param=v0, value=0
Extract finalization: param=v0, value=-2147483648
Extract finalization: param=v0, value=-1
Extract finalization: param=v1, value=-1
Extract finalization: param=v2, value=-1
Extract finalization: param=v3, value=-1
Extract finalization: param=v4, value=1
Extract finalization: param=v5, value=0
------SymExec: Iteration 2----------------------------------------------
Final constraints: 
```
(bvsle (bvadd (bvadd (bvadd (bvadd (bvadd (bvadd (bvadd (ite (= v0_el0_v0 #b00000000000000000000000000000000) #b00000000000000000000000000000001 #b00000000000000000000000000000000) (ite (= v0_el1_v0 #b00000000000000000000000000000000) #b00000000000000000000000000000001 #b00000000000000000000000000000000)) (ite (= v0_el2_v0 #b00000000000000000000000000000000) #b00000000000000000000000000000001 #b00000000000000000000000000000000)) (ite (= v1_v0 #b00000000000000000000000000000000) #b00000000000000000000000000000001 #b00000000000000000000000000000000)) (ite (= v2_v0 #b00000000000000000000000000000000) #b00000000000000000000000000000001 #b00000000000000000000000000000000)) (ite (= v3_v0 #b00000000000000000000000000000000) #b00000000000000000000000000000001 #b00000000000000000000000000000000)) (ite (= v4_v0 #b00000000000000000000000000000000) #b00000000000000000000000000000001 #b00000000000000000000000000000000)) (ite (= v5_v0 #b00000000000000000000000000000000) #b00000000000000000000000000000001 #b00000000000000000000000000000000)) #b00000000000000000000000000000100)
(= v6_v0 #b11111111111111111111111111111110)
(= v7_v0 #b00000000000000000000000000000000)
(not (bvssubo #b11111111111111111111111111111111 v6_v0))
(distinct v1_v0 #b00000000000000000000000000000000)
(not (bvsdivo #b11111111111111111111111111111111 v1_v0))
(not (bvsaddo (bvsub #b11111111111111111111111111111111 v6_v0) (bvsdiv #b11111111111111111111111111111111 v1_v0)))
(not (bvsaddo (bvadd (bvsub #b11111111111111111111111111111111 v6_v0) (bvsdiv #b11111111111111111111111111111111 v1_v0)) #b11111111111111111111111111111111))
(let ((_let0 (ite (= #b11111111111111111111111111111111 #b00000000000000000000000000000000) #b00000000000000000000000000000001 #b00000000000000000000000000000000))) (bvsle (bvadd (bvadd _let0 _let0) _let0) #b00000000000000000000000000000001))
(= v7_v1 (bvadd (bvadd (bvsub #b11111111111111111111111111111111 v6_v0) (bvsdiv #b11111111111111111111111111111111 v1_v0)) #b11111111111111111111111111111111))
(distinct v4_v0 #b00000000000000000000000000000000)
(not (bvsdivo #b11111111111111111111111111111111 v4_v0))
(distinct v7_v1 #b00000000000000000000000000000000)
(not (bvsdivo #b11111111111111111111111111111111 v7_v1))
(not (bvssubo (bvsrem #b11111111111111111111111111111111 v4_v0) (bvsrem #b11111111111111111111111111111111 v7_v1)))
(not (bvssubo (bvsub (bvsrem #b11111111111111111111111111111111 v4_v0) (bvsrem #b11111111111111111111111111111111 v7_v1)) #b00000000000000000000000000000001))
(let ((_let0 (ite (= #b11111111111111111111111111111111 #b00000000000000000000000000000000) #b00000000000000000000000000000001 #b00000000000000000000000000000000))) (bvsle (bvadd (bvadd _let0 _let0) (ite (= #b00000000000000000000000000000001 #b00000000000000000000000000000000) #b00000000000000000000000000000001 #b00000000000000000000000000000000)) #b00000000000000000000000000000001))
(= v6_v1 (bvsub (bvsub (bvsrem #b11111111111111111111111111111111 v4_v0) (bvsrem #b11111111111111111111111111111111 v7_v1)) #b00000000000000000000000000000001))
(not (bvsmulo #b11111111111111111111111111111111 v7_v1))
(distinct v6_v1 #b00000000000000000000000000000000)
(not (bvsdivo #b11111111111111111111111111111111 v6_v1))
(not (bvsaddo (bvmul #b11111111111111111111111111111111 v7_v1) (bvsdiv #b11111111111111111111111111111111 v6_v1)))
(not (bvsaddo #b11111111111111111111111111111111 v0_el2_v0))
(not (bvsaddo (bvadd (bvmul #b11111111111111111111111111111111 v7_v1) (bvsdiv #b11111111111111111111111111111111 v6_v1)) (bvadd #b11111111111111111111111111111111 v0_el2_v0)))
(not (bvsaddo (bvadd (bvadd (bvmul #b11111111111111111111111111111111 v7_v1) (bvsdiv #b11111111111111111111111111111111 v6_v1)) (bvadd #b11111111111111111111111111111111 v0_el2_v0)) #b11111111111111111111111111111111))
(let ((_let0 (ite (= #b11111111111111111111111111111111 #b00000000000000000000000000000000) #b00000000000000000000000000000001 #b00000000000000000000000000000000))) (bvsle (bvadd (bvadd (bvadd _let0 _let0) _let0) _let0) #b00000000000000000000000000000010))
(bvslt (bvadd (bvadd (bvadd (bvmul #b11111111111111111111111111111111 v7_v1) (bvsdiv #b11111111111111111111111111111111 v6_v1)) (bvadd #b11111111111111111111111111111111 v0_el2_v0)) #b11111111111111111111111111111111) #b00000000000000000000000000000000)
(not (bvsaddo (bvsdiv #b11111111111111111111111111111111 v4_v0) (bvsdiv #b11111111111111111111111111111111 v1_v0)))
(not (bvsaddo (bvadd (bvsdiv #b11111111111111111111111111111111 v4_v0) (bvsdiv #b11111111111111111111111111111111 v1_v0)) #b11111111111111111111111111111111))
(= v4_v1 (bvadd (bvadd (bvsdiv #b11111111111111111111111111111111 v4_v0) (bvsdiv #b11111111111111111111111111111111 v1_v0)) #b11111111111111111111111111111111))
(not (bvsmulo #b11111111111111111111111111111111 v1_v0))
(not (bvsmulo #b11111111111111111111111111111111 v4_v1))
(not (bvsaddo (bvmul #b11111111111111111111111111111111 v1_v0) (bvmul #b11111111111111111111111111111111 v4_v1)))
(not (bvsaddo (bvadd (bvmul #b11111111111111111111111111111111 v1_v0) (bvmul #b11111111111111111111111111111111 v4_v1)) #b11111111111111111111111111111111))
(= v0_el2_v1 (bvadd (bvadd (bvmul #b11111111111111111111111111111111 v1_v0) (bvmul #b11111111111111111111111111111111 v4_v1)) #b11111111111111111111111111111111))
(not (bvsmulo #b11111111111111111111111111111111 v0_el2_v1))
(not (bvssubo (bvmul #b11111111111111111111111111111111 v4_v1) (bvmul #b11111111111111111111111111111111 v0_el2_v1)))
(distinct v5_v0 #b00000000000000000000000000000000)
(not (bvsdivo #b11111111111111111111111111111111 v5_v0))
(not (bvssubo (bvsub (bvmul #b11111111111111111111111111111111 v4_v1) (bvmul #b11111111111111111111111111111111 v0_el2_v1)) (bvsrem #b11111111111111111111111111111111 v5_v0)))
(not (bvssubo (bvsub (bvsub (bvmul #b11111111111111111111111111111111 v4_v1) (bvmul #b11111111111111111111111111111111 v0_el2_v1)) (bvsrem #b11111111111111111111111111111111 v5_v0)) #b11111111111111111111111111111111))
(not (bvsgt (bvsub (bvsub (bvsub (bvmul #b11111111111111111111111111111111 v4_v1) (bvmul #b11111111111111111111111111111111 v0_el2_v1)) (bvsrem #b11111111111111111111111111111111 v5_v0)) #b11111111111111111111111111111111) #b00000000000000000000000000000000))
(not (bvssubo #b11111111111111111111111111111111 v6_v1))
(not (bvsaddo (bvmul #b11111111111111111111111111111111 v1_v0) (bvsub #b11111111111111111111111111111111 v6_v1)))
(not (bvsaddo (bvadd (bvmul #b11111111111111111111111111111111 v1_v0) (bvsub #b11111111111111111111111111111111 v6_v1)) #b11111111111111111111111111111111))
(= v5_v1 (bvadd (bvadd (bvmul #b11111111111111111111111111111111 v1_v0) (bvsub #b11111111111111111111111111111111 v6_v1)) #b11111111111111111111111111111111))
(not (bvssubo #b11111111111111111111111111111111 v7_v1))
(not (bvssubo (bvsub #b11111111111111111111111111111111 v7_v1) (bvsrem #b11111111111111111111111111111111 v6_v1)))
(not (bvssubo (bvsub (bvsub #b11111111111111111111111111111111 v7_v1) (bvsrem #b11111111111111111111111111111111 v6_v1)) #b11111111111111111111111111111111))
(= v2_v1 (bvsub (bvsub (bvsub #b11111111111111111111111111111111 v7_v1) (bvsrem #b11111111111111111111111111111111 v6_v1)) #b11111111111111111111111111111111))
(not (bvsmulo #b11111111111111111111111111111111 v5_v1))
(not (bvsaddo #b11111111111111111111111111111111 v2_v1))
(not (bvsaddo (bvmul #b11111111111111111111111111111111 v5_v1) (bvadd #b11111111111111111111111111111111 v2_v1)))
(not (bvsaddo (bvadd (bvmul #b11111111111111111111111111111111 v5_v1) (bvadd #b11111111111111111111111111111111 v2_v1)) (bvsrem #b11111111111111111111111111111111 v7_v1)))
(not (bvsaddo (bvadd (bvadd (bvmul #b11111111111111111111111111111111 v5_v1) (bvadd #b11111111111111111111111111111111 v2_v1)) (bvsrem #b11111111111111111111111111111111 v7_v1)) #b01111111111111111111111111111111))
(let ((_let0 (ite (= #b11111111111111111111111111111111 #b00000000000000000000000000000000) #b00000000000000000000000000000001 #b00000000000000000000000000000000))) (bvsle (bvadd (bvadd (bvadd _let0 _let0) _let0) (ite (= #b01111111111111111111111111111111 #b00000000000000000000000000000000) #b00000000000000000000000000000001 #b00000000000000000000000000000000)) #b00000000000000000000000000000010))
(not (bvslt (bvadd (bvadd (bvadd (bvmul #b11111111111111111111111111111111 v5_v1) (bvadd #b11111111111111111111111111111111 v2_v1)) (bvsrem #b11111111111111111111111111111111 v7_v1)) #b01111111111111111111111111111111) #b00000000000000000000000000000000))
(not (bvssubo #b00000000000000000000000000000011 v5_v1))
(not (bvssubo (bvmul #b11111111111111111111111111111111 v1_v0) (bvsub #b00000000000000000000000000000011 v5_v1)))
(not (bvssubo (bvsub (bvmul #b11111111111111111111111111111111 v1_v0) (bvsub #b00000000000000000000000000000011 v5_v1)) #b11111111111111111111111111111111))
(let ((_let0 (ite (= #b11111111111111111111111111111111 #b00000000000000000000000000000000) #b00000000000000000000000000000001 #b00000000000000000000000000000000))) (bvsle (bvadd (bvadd _let0 (ite (= #b00000000000000000000000000000011 #b00000000000000000000000000000000) #b00000000000000000000000000000001 #b00000000000000000000000000000000)) _let0) #b00000000000000000000000000000001))
(= v0_el2_v2 (bvsub (bvsub (bvmul #b11111111111111111111111111111111 v1_v0) (bvsub #b00000000000000000000000000000011 v5_v1)) #b11111111111111111111111111111111))
(not (bvssubo #b11111111111111111111111111111110 v0_el2_v2))
(distinct v2_v1 #b00000000000000000000000000000000)
(not (bvsdivo #b11111111111111111111111111111111 v2_v1))
(not (bvssubo (bvsub #b11111111111111111111111111111110 v0_el2_v2) (bvsdiv #b11111111111111111111111111111111 v2_v1)))
(not (bvssubo (bvsub (bvsub #b11111111111111111111111111111110 v0_el2_v2) (bvsdiv #b11111111111111111111111111111111 v2_v1)) #b11111111111111111111111111111111))
(let ((_let0 (ite (= #b11111111111111111111111111111111 #b00000000000000000000000000000000) #b00000000000000000000000000000001 #b00000000000000000000000000000000))) (bvsle (bvadd (bvadd (ite (= #b11111111111111111111111111111110 #b00000000000000000000000000000000) #b00000000000000000000000000000001 #b00000000000000000000000000000000) _let0) _let0) #b00000000000000000000000000000001))
(= v3_v1 (bvsub (bvsub (bvsub #b11111111111111111111111111111110 v0_el2_v2) (bvsdiv #b11111111111111111111111111111111 v2_v1)) #b11111111111111111111111111111111))
(bvsle (bvadd (bvadd (bvadd (bvadd (bvadd (bvadd (bvadd (ite (= (ite (distinct v0_el0_v0 #b11111111111111111111111111111111) #b00000000000000000000000000000001 #b00000000000000000000000000000000) #b00000000000000000000000000000000) #b00000000000000000000000000000001 #b00000000000000000000000000000000) (ite (= (ite (distinct v0_el1_v0 #b11111111111111111111111111111111) #b00000000000000000000000000000001 #b00000000000000000000000000000000) #b00000000000000000000000000000000) #b00000000000000000000000000000001 #b00000000000000000000000000000000)) (ite (= (ite (distinct v0_el2_v0 #b11111111111111111111111111111111) #b00000000000000000000000000000001 #b00000000000000000000000000000000) #b00000000000000000000000000000000) #b00000000000000000000000000000001 #b00000000000000000000000000000000)) (ite (= (ite (distinct v1_v0 #b11111111111111111111111111111111) #b00000000000000000000000000000001 #b00000000000000000000000000000000) #b00000000000000000000000000000000) #b00000000000000000000000000000001 #b00000000000000000000000000000000)) (ite (= (ite (distinct v2_v0 #b11111111111111111111111111111111) #b00000000000000000000000000000001 #b00000000000000000000000000000000) #b00000000000000000000000000000000) #b00000000000000000000000000000001 #b00000000000000000000000000000000)) (ite (= (ite (distinct v3_v0 #b11111111111111111111111111111111) #b00000000000000000000000000000001 #b00000000000000000000000000000000) #b00000000000000000000000000000000) #b00000000000000000000000000000001 #b00000000000000000000000000000000)) (ite (= (ite (distinct v4_v0 #b11111111111111111111111111111111) #b00000000000000000000000000000001 #b00000000000000000000000000000000) #b00000000000000000000000000000000) #b00000000000000000000000000000001 #b00000000000000000000000000000000)) (ite (= (ite (distinct v5_v0 #b11111111111111111111111111111111) #b00000000000000000000000000000001 #b00000000000000000000000000000000) #b00000000000000000000000000000000) #b00000000000000000000000000000001 #b00000000000000000000000000000000)) #b00000000000000000000000000000011)
(bvsle (bvadd (bvadd (bvadd (bvadd (bvadd (bvadd (bvadd (ite (= (ite (distinct v0_el0_v0 #b00000000000000000000000000000000) #b00000000000000000000000000000001 #b00000000000000000000000000000000) #b00000000000000000000000000000000) #b00000000000000000000000000000001 #b00000000000000000000000000000000) (ite (= (ite (distinct v0_el1_v0 #b10000000000000000000000000000000) #b00000000000000000000000000000001 #b00000000000000000000000000000000) #b00000000000000000000000000000000) #b00000000000000000000000000000001 #b00000000000000000000000000000000)) (ite (= (ite (distinct v0_el2_v0 #b11111111111111111111111111111111) #b00000000000000000000000000000001 #b00000000000000000000000000000000) #b00000000000000000000000000000000) #b00000000000000000000000000000001 #b00000000000000000000000000000000)) (ite (= (ite (distinct v1_v0 #b11111111111111111111111111111111) #b00000000000000000000000000000001 #b00000000000000000000000000000000) #b00000000000000000000000000000000) #b00000000000000000000000000000001 #b00000000000000000000000000000000)) (ite (= (ite (distinct v2_v0 #b00000000000000000000000000000000) #b00000000000000000000000000000001 #b00000000000000000000000000000000) #b00000000000000000000000000000000) #b00000000000000000000000000000001 #b00000000000000000000000000000000)) (ite (= (ite (distinct v3_v0 #b00000000000000000000000000000000) #b00000000000000000000000000000001 #b00000000000000000000000000000000) #b00000000000000000000000000000000) #b00000000000000000000000000000001 #b00000000000000000000000000000000)) (ite (= (ite (distinct v4_v0 #b11111111111111111111111111111111) #b00000000000000000000000000000001 #b00000000000000000000000000000000) #b00000000000000000000000000000000) #b00000000000000000000000000000001 #b00000000000000000000000000000000)) (ite (= (ite (distinct v5_v0 #b11111111111111111111111111101000) #b00000000000000000000000000000001 #b00000000000000000000000000000000) #b00000000000000000000000000000000) #b00000000000000000000000000000001 #b00000000000000000000000000000000)) #b00000000000000000000000000000011)
```
Constraint stats: asserted=71 addCalls=87 skippedTrue=0 deduped=16 ensureInRangeCalls=91 boundedAlready=0 uniqueConstraintIds=71 uniqueBoundedIds=0 (solverAsserted=70)
Bitwuzla check_sat time: 39ms
Bitwuzla statistics: preprocess::contradicting_ands::num_substs=0 preprocess::contradicting_ands::time_apply=0ms preprocess::elim_extract::num_elim=0 preprocess::elim_extract::time_apply=0ms preprocess::elim_lambda::time_apply=0ms preprocess::elim_udiv::num_eliminated=0 preprocess::elim_udiv::time_apply=0ms preprocess::embedded_constraints::num_substs=3 preprocess::embedded_constraints::time_apply=0ms preprocess::flatten_and::num_assertions=28 preprocess::flatten_and::num_flattened=14 preprocess::flatten_and::time_apply=0ms preprocess::lambda::num_elim=0 preprocess::normalize::num_common_normalizations=0 preprocess::normalize::num_normalizations=96 preprocess::normalize::num_normalized_assertions=0 preprocess::normalize::num_pass1=0 preprocess::normalize::num_pass2=0 preprocess::normalize::time_adder_chains=1ms preprocess::normalize::time_apply=15ms preprocess::normalize::time_compute_occs=0ms preprocess::normalize::time_normalize_add=0ms preprocess::normalize::time_normalize_mul=0ms preprocess::normalize::time_score=12ms preprocess::rewrite::time_apply=1ms preprocess::skeleton_preproc::cnf::clauses=262 preprocess::skeleton_preproc::cnf::lits=534 preprocess::skeleton_preproc::new_assertions=0 preprocess::skeleton_preproc::resets=1 preprocess::skeleton_preproc::time_apply=1ms preprocess::skeleton_preproc::time_encode=0ms preprocess::skeleton_preproc::time_fixed=0ms preprocess::skeleton_preproc::time_sat=0ms preprocess::uninterpreted::num_substs=0 preprocess::uninterpreted::time_apply=0ms preprocess::varsubst::normalize_bv_ineq::num_slt=0 preprocess::varsubst::normalize_bv_ineq::num_ult=0 preprocess::varsubst::normalize_eq::num_bv_concat=0 preprocess::varsubst::normalize_eq::num_gauss_elim=0 preprocess::varsubst::normalize_eq::num_linear_eq=0 preprocess::varsubst::num_substs=10 preprocess::varsubst::time_apply=0ms preprocess::varsubst::time_direct_cycle_check=0ms preprocess::varsubst::time_find_substitution=0ms preprocess::varsubst::time_find_vars=0ms preprocess::varsubst::time_register=0ms preprocess::varsubst::time_remove_cycles=0ms preprocess::varsubst::time_substitute=0ms preprocessor::num_iterations=3 preprocessor::time_preprocess=20ms preprocessor::time_process=0ms rewriter::(normalize)::num_evals=0 rewriter::(normalize)::num_rewrites=263 rewriter::(normalize)::rewrite::BV_ADD_CONST=3 rewriter::(normalize)::rewrite::BV_ADD_EVAL=3 rewriter::(normalize)::rewrite::BV_ADD_SPECIAL_CONST=25 rewriter::(normalize)::rewrite::BV_MUL_EVAL=2 rewriter::(normalize)::rewrite::BV_MUL_ONES=13 rewriter::(normalize)::rewrite::BV_NEG_ELIM=13 rewriter::(normalize)::rewrite::BV_NOT_BV_NOT=34 rewriter::(normalize)::rewrite::NORMALIZE_COMM=170 rewriter::num_evals=0 rewriter::num_rewrites=1389 rewriter::rewrite::AND_EVAL=1 rewriter::rewrite::AND_SPECIAL_CONST=97 rewriter::rewrite::BV_ADD_CONST=16 rewriter::rewrite::BV_ADD_EVAL=13 rewriter::rewrite::BV_ADD_ITE2=24 rewriter::rewrite::BV_ADD_SPECIAL_CONST=33 rewriter::rewrite::BV_AND_EVAL=1 rewriter::rewrite::BV_AND_SPECIAL_CONST=155 rewriter::rewrite::BV_CONCAT_EVAL=2 rewriter::rewrite::BV_EXTRACT_ADD_MUL=5 rewriter::rewrite::BV_EXTRACT_EVAL=37 rewriter::rewrite::BV_EXTRACT_FULL=5 rewriter::rewrite::BV_MUL_ONES=10 rewriter::rewrite::BV_MUL_POW2=6 rewriter::rewrite::BV_NEG_ELIM=36 rewriter::rewrite::BV_NOT_BV_NEG=8 rewriter::rewrite::BV_NOT_BV_NOT=84 rewriter::rewrite::BV_NOT_EVAL=6 rewriter::rewrite::BV_OR_ELIM=6 rewriter::rewrite::BV_SADDO_ELIM=16 rewriter::rewrite::BV_SDIVO_ELIM=6 rewriter::rewrite::BV_SDIV_ELIM=4 rewriter::rewrite::BV_SGT_ELIM=1 rewriter::rewrite::BV_SHL_CONST=6 rewriter::rewrite::BV_SIGN_EXTEND_ELIM=12 rewriter::rewrite::BV_SLE_ELIM=5 rewriter::rewrite::BV_SLT_EVAL=2 rewriter::rewrite::BV_SMULO_ELIM=5 rewriter::rewrite::BV_SREM_ELIM=4 rewriter::rewrite::BV_SSUBO_ELIM=16 rewriter::rewrite::BV_SUB_ELIM=16 rewriter::rewrite::BV_XOR_EVAL=1 rewriter::rewrite::BV_XOR_SPECIAL_CONST=4 rewriter::rewrite::DISTINCT_ELIM=22 rewriter::rewrite::EQUAL_BV_SUB=1 rewriter::rewrite::EQUAL_CONST_BV_ADD=2 rewriter::rewrite::EQUAL_CONST_BV_NOT=4 rewriter::rewrite::EQUAL_EVAL=14 rewriter::rewrite::EQUAL_ITE_SAME=16 rewriter::rewrite::EQUAL_SPECIAL_CONST=5 rewriter::rewrite::EQUAL_TRUE=8 rewriter::rewrite::ITE_EVAL=10 rewriter::rewrite::NORMALIZE_COMM=533 rewriter::rewrite::NOT_EQUAL_BV1_BOOL=33 rewriter::rewrite::NOT_EVAL=2 rewriter::rewrite::NOT_NOT=48 rewriter::rewrite::OR_ELIM=48 solver::abstract::num_checks=2 solver::abstract::terms::total=0 solver::abstract::time_check=0ms solver::array::equalities=0 solver::array::num_checks=0 solver::array::propagations=0 solver::array::propagations_down=0 solver::array::propagations_up=0 solver::array::selects=0 solver::array::time_check=0ms solver::bv::bitblast::aig::num_ands=59239 solver::bv::bitblast::aig::num_consts=256 solver::bv::bitblast::aig::num_shared=33842 solver::bv::bitblast::aig::time_bitblast=7ms solver::bv::bitblast::cnf::num_clauses=145382 solver::bv::bitblast::cnf::num_literals=355381 solver::bv::bitblast::cnf::num_vars=46642 solver::bv::bitblast::cnf::time_encode=36ms solver::bv::bitblast::sat::time_solve=908ms solver::bv::num_assertions=60 solver::bv::num_checks=2 solver::bv::time_check=945ms solver::engine::lemmas::abstr=0 solver::engine::lemmas::array=0 solver::engine::lemmas::fp=0 solver::engine::lemmas::fun=0 solver::engine::lemmas::quant=0 solver::engine::lemmas::total=0 solver::engine::time_register_term=0ms solver::engine::time_solve=954ms solver::fun::num_checks=2 solver::fun::time_check=0ms solver::quant::mbqi_checks=0 solver::quant::num_lemma_iterations=0 solver::quant::num_lemmas=0 solver::quant::time_check=0ms solver::quant::time_mbqi=0ms solver::quant::time_process=0ms solving_context::max_memory=99840000 solving_context::time_ensure_model=0ms solving_context::time_solve=974ms
SAT
Extract initialization: param=v0, value=-2147483648
Extract initialization: param=v0, value=-2147483647
Extract initialization: param=v0, value=0
Extract initialization: param=v1, value=-1
Extract initialization: param=v2, value=1
Extract initialization: param=v3, value=0
Extract initialization: param=v4, value=-1
Extract initialization: param=v5, value=2
Extract finalization: param=v0, value=-2147483648
Extract finalization: param=v0, value=-2147483647
Extract finalization: param=v0, value=-1
Extract finalization: param=v1, value=-1
Extract finalization: param=v2, value=-1
Extract finalization: param=v3, value=-1
Extract finalization: param=v4, value=1
Extract finalization: param=v5, value=0
