----FunPlus: Generate Function func_xb1v6r_91------------------------------------------------
------GraphPlus::Generate----------------------------------------------
Randomly generating a graph with 15 nodes
------CfgSketch::GenerateReduLoop----------------------------------------------
--------GraphPlus::Generate--------------------------------------------
Randomly generating a graph with 4 nodes
Removing cycles from the generated graph
Started replacing bimpo #10 (successors=[11, 12]) with a reducible loop of size=5
Updated 4 bimpos' indices by +4 if it is behind #10 in our unflattened CFG
Updated 9 bimpos' successors by +4 if it is behind #10 in our flattened CFG
Updated the successors of the loop's latch to [10, 14]
Updated the successors of the loop's exit to [15, 16]
Constructed the basic blocks of the newly inserted loop
Inserted all the loop's basic blocks into the flattened CFG
------CfgSketch: Unflattened CFG Sketch----------------------------------------------
Bimpo: type=0, id=0, size=1, start=0
Bimpo: type=0, id=1, size=1, start=1
Bimpo: type=0, id=2, size=1, start=2
Bimpo: type=0, id=3, size=1, start=3
Bimpo: type=0, id=4, size=1, start=4
Bimpo: type=0, id=5, size=1, start=5
Bimpo: type=0, id=6, size=1, start=6
Bimpo: type=0, id=7, size=1, start=7
Bimpo: type=0, id=8, size=1, start=8
Bimpo: type=0, id=9, size=1, start=9
Bimpo: type=1, id=10, size=5, start=10
Bimpo: type=0, id=11, size=1, start=15
Bimpo: type=0, id=12, size=1, start=16
Bimpo: type=0, id=13, size=1, start=17
Bimpo: type=0, id=14, size=1, start=18
------CfgSketch: Flattened CFG Sketch----------------------------------------------
Block: 0 -> [9, 18]
Block: 1 -> [10, 17]
Block: 2 -> [7, 18]
Block: 3 -> [6, 7]
Block: 4 -> [1, 5]
Block: 5 -> [7, 16]
Block: 6 -> [2, 18]
Block: 7 -> [8, 10]
Block: 8 -> [15, 18]
Block: 9 -> [2, 5]
Block: 10 -> [12, 13]
Block: 11 -> [13]
Block: 12 -> [13]
Block: 13 -> [10, 14]
Block: 14 -> [15, 16]
Block: 15 -> [5]
Block: 16 -> [4]
Block: 17 -> [3]
Block: 18 -> []
------FunPlus: Generate Block #0----------------------------------------------
Generate assignment: 6 <- 2, 7
Generate assignment: 7 <- 0, 4
Generate conditional: 6, 7, 1
------FunPlus: Generate Block #1----------------------------------------------
Generate assignment: 5 <- 1, 4
Generate assignment: 6 <- 2, 5
Generate conditional: 5, 6, 4
------FunPlus: Generate Block #2----------------------------------------------
Generate assignment: 1 <- 5, 4
Generate assignment: 4 <- 0, 1
Generate conditional: 1, 4, 5
------FunPlus: Generate Block #3----------------------------------------------
Generate assignment: 6 <- 5, 3
Generate assignment: 3 <- 7, 4
Generate conditional: 6, 3, 7
------FunPlus: Generate Block #4----------------------------------------------
Generate assignment: 1 <- 3, 7
Generate assignment: 0 <- 0, 6
Generate conditional: 1, 0, 7
------FunPlus: Generate Block #5----------------------------------------------
Generate assignment: 7 <- 4, 3
Generate assignment: 2 <- 0, 4
Generate conditional: 7, 2, 1
------FunPlus: Generate Block #6----------------------------------------------
Generate assignment: 2 <- 6, 4
Generate assignment: 3 <- 0, 7
Generate conditional: 2, 3, 1
------FunPlus: Generate Block #7----------------------------------------------
Generate assignment: 2 <- 1, 4
Generate assignment: 1 <- 7, 6
Generate conditional: 2, 1, 6
------FunPlus: Generate Block #8----------------------------------------------
Generate assignment: 6 <- 1, 4
Generate assignment: 4 <- 3, 7
Generate conditional: 6, 4, 3
------FunPlus: Generate Block #9----------------------------------------------
Generate assignment: 4 <- 6, 2
Generate assignment: 0 <- 6, 3
Generate conditional: 4, 0, 3
------FunPlus: Generate Block #10----------------------------------------------
Generate assignment: 1 <- 1, 6
Generate assignment: 5 <- 4, 5
Generate conditional: 1, 5, 6
------FunPlus: Generate Block #11----------------------------------------------
Generate assignment: 7 <- 4, 1
Generate assignment: 5 <- 0, 6
------FunPlus: Generate Block #12----------------------------------------------
Generate assignment: 0 <- 3, 2
Generate assignment: 4 <- 3, 5
------FunPlus: Generate Block #13----------------------------------------------
Generate assignment: 6 <- 2, 1
Generate assignment: 0 <- 7, 2
Generate conditional: 6, 0, 7
------FunPlus: Generate Block #14----------------------------------------------
Generate assignment: 5 <- 5, 2
Generate assignment: 3 <- 4, 6
Generate conditional: 5, 3, 1
------FunPlus: Generate Block #15----------------------------------------------
Generate assignment: 0 <- 7, 2
Generate assignment: 5 <- 0, 6
------FunPlus: Generate Block #16----------------------------------------------
Generate assignment: 5 <- 6, 3
Generate assignment: 7 <- 2, 4
------FunPlus: Generate Block #17----------------------------------------------
Generate assignment: 2 <- 3, 5
Generate assignment: 7 <- 2, 1
------FunPlus: Generate Block #18----------------------------------------------
Generate assignment: 5 <- 0, 5
Generate assignment: 0 <- 4, 7
----SymExec: Solve------------------------------------------------
Execution Path: 0->18
------SymExec: Iteration 0----------------------------------------------
Generating or re-generating UB-free constraints
Initial constraints: 
```
(bvsle (bvadd (bvadd (bvadd (bvadd (bvadd (ite (= v0_v0 #b00000000000000000000000000000000) #b00000000000000000000000000000001 #b00000000000000000000000000000000) (ite (= v1_v0 #b00000000000000000000000000000000) #b00000000000000000000000000000001 #b00000000000000000000000000000000)) (ite (= v2_v0 #b00000000000000000000000000000000) #b00000000000000000000000000000001 #b00000000000000000000000000000000)) (ite (= v3_v0 #b00000000000000000000000000000000) #b00000000000000000000000000000001 #b00000000000000000000000000000000)) (ite (= v4_v0 #b00000000000000000000000000000000) #b00000000000000000000000000000001 #b00000000000000000000000000000000)) (ite (= v5_v0 #b00000000000000000000000000000000) #b00000000000000000000000000000001 #b00000000000000000000000000000000)) #b00000000000000000000000000000011)
```
Final constraints: 
```
(bvsle (bvadd (bvadd (bvadd (bvadd (bvadd (ite (= v0_v0 #b00000000000000000000000000000000) #b00000000000000000000000000000001 #b00000000000000000000000000000000) (ite (= v1_v0 #b00000000000000000000000000000000) #b00000000000000000000000000000001 #b00000000000000000000000000000000)) (ite (= v2_v0 #b00000000000000000000000000000000) #b00000000000000000000000000000001 #b00000000000000000000000000000000)) (ite (= v3_v0 #b00000000000000000000000000000000) #b00000000000000000000000000000001 #b00000000000000000000000000000000)) (ite (= v4_v0 #b00000000000000000000000000000000) #b00000000000000000000000000000001 #b00000000000000000000000000000000)) (ite (= v5_v0 #b00000000000000000000000000000000) #b00000000000000000000000000000001 #b00000000000000000000000000000000)) #b00000000000000000000000000000011)
(= v6_el0_v0 init_var6_el0)
(= v6_el1_v0 init_var6_el1)
(bvsle (bvadd (ite (= init_var6_el0 #b00000000000000000000000000000000) #b00000000000000000000000000000001 #b00000000000000000000000000000000) (ite (= init_var6_el1 #b00000000000000000000000000000000) #b00000000000000000000000000000001 #b00000000000000000000000000000000)) #b00000000000000000000000000000000)
(= v7_el0_v0 init_var7_el0)
(bvsle (ite (= init_var7_el0 #b00000000000000000000000000000000) #b00000000000000000000000000000001 #b00000000000000000000000000000000) #b00000000000000000000000000000000)
(distinct v2_v0 #b00000000000000000000000000000000)
(not (bvsdivo a0_0_1 v2_v0))
(distinct v7_el0_v0 #b00000000000000000000000000000000)
(not (bvsdivo a0_0_2 v7_el0_v0))
(not (bvssubo (bvsdiv a0_0_1 v2_v0) (bvsrem a0_0_2 v7_el0_v0)))
(not (bvssubo (bvsub (bvsdiv a0_0_1 v2_v0) (bvsrem a0_0_2 v7_el0_v0)) a0_0))
(bvsle (bvadd (bvadd (ite (= a0_0_1 #b00000000000000000000000000000000) #b00000000000000000000000000000001 #b00000000000000000000000000000000) (ite (= a0_0_2 #b00000000000000000000000000000000) #b00000000000000000000000000000001 #b00000000000000000000000000000000)) (ite (= a0_0 #b00000000000000000000000000000000) #b00000000000000000000000000000001 #b00000000000000000000000000000000)) #b00000000000000000000000000000001)
(= v6_el1_v1 (bvsub (bvsub (bvsdiv a0_0_1 v2_v0) (bvsrem a0_0_2 v7_el0_v0)) a0_0))
(not (bvsmulo a0_1_1 v0_v0))
(not (bvsaddo a0_1_2 v4_v0))
(not (bvssubo (bvmul a0_1_1 v0_v0) (bvadd a0_1_2 v4_v0)))
(not (bvssubo (bvsub (bvmul a0_1_1 v0_v0) (bvadd a0_1_2 v4_v0)) a0_1))
(bvsle (bvadd (bvadd (ite (= a0_1_1 #b00000000000000000000000000000000) #b00000000000000000000000000000001 #b00000000000000000000000000000000) (ite (= a0_1_2 #b00000000000000000000000000000000) #b00000000000000000000000000000001 #b00000000000000000000000000000000)) (ite (= a0_1 #b00000000000000000000000000000000) #b00000000000000000000000000000001 #b00000000000000000000000000000000)) #b00000000000000000000000000000001)
(= v7_el0_v1 (bvsub (bvsub (bvmul a0_1_1 v0_v0) (bvadd a0_1_2 v4_v0)) a0_1))
(not (bvsmulo b0_2_1 v6_el1_v1))
(distinct v7_el0_v1 #b00000000000000000000000000000000)
(not (bvsdivo b0_2_2 v7_el0_v1))
(not (bvsaddo (bvmul b0_2_1 v6_el1_v1) (bvsdiv b0_2_2 v7_el0_v1)))
(not (bvsaddo b0_2_3 v1_v0))
(not (bvsaddo (bvadd (bvmul b0_2_1 v6_el1_v1) (bvsdiv b0_2_2 v7_el0_v1)) (bvadd b0_2_3 v1_v0)))
(not (bvsaddo (bvadd (bvadd (bvmul b0_2_1 v6_el1_v1) (bvsdiv b0_2_2 v7_el0_v1)) (bvadd b0_2_3 v1_v0)) b0_2))
(bvsle (bvadd (bvadd (bvadd (ite (= b0_2_1 #b00000000000000000000000000000000) #b00000000000000000000000000000001 #b00000000000000000000000000000000) (ite (= b0_2_2 #b00000000000000000000000000000000) #b00000000000000000000000000000001 #b00000000000000000000000000000000)) (ite (= b0_2_3 #b00000000000000000000000000000000) #b00000000000000000000000000000001 #b00000000000000000000000000000000)) (ite (= b0_2 #b00000000000000000000000000000000) #b00000000000000000000000000000001 #b00000000000000000000000000000000)) #b00000000000000000000000000000001)
(not (bvslt (bvadd (bvadd (bvadd (bvmul b0_2_1 v6_el1_v1) (bvsdiv b0_2_2 v7_el0_v1)) (bvadd b0_2_3 v1_v0)) b0_2) #b00000000000000000000000000000000))
(not (bvsmulo a18_0_1 v0_v0))
(not (bvssubo a18_0_2 v5_v0))
(not (bvsaddo (bvmul a18_0_1 v0_v0) (bvsub a18_0_2 v5_v0)))
(not (bvsaddo (bvadd (bvmul a18_0_1 v0_v0) (bvsub a18_0_2 v5_v0)) a18_0))
(bvsle (bvadd (bvadd (ite (= a18_0_1 #b00000000000000000000000000000000) #b00000000000000000000000000000001 #b00000000000000000000000000000000) (ite (= a18_0_2 #b00000000000000000000000000000000) #b00000000000000000000000000000001 #b00000000000000000000000000000000)) (ite (= a18_0 #b00000000000000000000000000000000) #b00000000000000000000000000000001 #b00000000000000000000000000000000)) #b00000000000000000000000000000001)
(= v5_v1 (bvadd (bvadd (bvmul a18_0_1 v0_v0) (bvsub a18_0_2 v5_v0)) a18_0))
(not (bvsmulo a18_1_1 v4_v0))
(not (bvsaddo a18_1_2 v7_el0_v1))
(not (bvsaddo (bvmul a18_1_1 v4_v0) (bvadd a18_1_2 v7_el0_v1)))
(not (bvsaddo (bvadd (bvmul a18_1_1 v4_v0) (bvadd a18_1_2 v7_el0_v1)) a18_1))
(bvsle (bvadd (bvadd (ite (= a18_1_1 #b00000000000000000000000000000000) #b00000000000000000000000000000001 #b00000000000000000000000000000000) (ite (= a18_1_2 #b00000000000000000000000000000000) #b00000000000000000000000000000001 #b00000000000000000000000000000000)) (ite (= a18_1 #b00000000000000000000000000000000) #b00000000000000000000000000000001 #b00000000000000000000000000000000)) #b00000000000000000000000000000001)
(= v0_v1 (bvadd (bvadd (bvmul a18_1_1 v4_v0) (bvadd a18_1_2 v7_el0_v1)) a18_1))
```
Optimized constraints: 
```
(bvsle (bvadd (bvadd (bvadd (bvadd (bvadd (ite (= v0_v0 #b00000000000000000000000000000000) #b00000000000000000000000000000001 #b00000000000000000000000000000000) (ite (= v1_v0 #b00000000000000000000000000000000) #b00000000000000000000000000000001 #b00000000000000000000000000000000)) (ite (= v2_v0 #b00000000000000000000000000000000) #b00000000000000000000000000000001 #b00000000000000000000000000000000)) (ite (= v3_v0 #b00000000000000000000000000000000) #b00000000000000000000000000000001 #b00000000000000000000000000000000)) (ite (= v4_v0 #b00000000000000000000000000000000) #b00000000000000000000000000000001 #b00000000000000000000000000000000)) (ite (= v5_v0 #b00000000000000000000000000000000) #b00000000000000000000000000000001 #b00000000000000000000000000000000)) #b00000000000000000000000000000011)
(= v6_el0_v0 init_var6_el0)
(= v6_el1_v0 init_var6_el1)
(bvsle (bvadd (ite (= init_var6_el0 #b00000000000000000000000000000000) #b00000000000000000000000000000001 #b00000000000000000000000000000000) (ite (= init_var6_el1 #b00000000000000000000000000000000) #b00000000000000000000000000000001 #b00000000000000000000000000000000)) #b00000000000000000000000000000000)
(= v7_el0_v0 init_var7_el0)
(bvsle (ite (= init_var7_el0 #b00000000000000000000000000000000) #b00000000000000000000000000000001 #b00000000000000000000000000000000) #b00000000000000000000000000000000)
(distinct v2_v0 #b00000000000000000000000000000000)
(not (bvsdivo a0_0_1 v2_v0))
(distinct v7_el0_v0 #b00000000000000000000000000000000)
(not (bvsdivo a0_0_2 v7_el0_v0))
(not (bvssubo (bvsdiv a0_0_1 v2_v0) (bvsrem a0_0_2 v7_el0_v0)))
(not (bvssubo (bvsub (bvsdiv a0_0_1 v2_v0) (bvsrem a0_0_2 v7_el0_v0)) a0_0))
(bvsle (bvadd (bvadd (ite (= a0_0_1 #b00000000000000000000000000000000) #b00000000000000000000000000000001 #b00000000000000000000000000000000) (ite (= a0_0_2 #b00000000000000000000000000000000) #b00000000000000000000000000000001 #b00000000000000000000000000000000)) (ite (= a0_0 #b00000000000000000000000000000000) #b00000000000000000000000000000001 #b00000000000000000000000000000000)) #b00000000000000000000000000000001)
(= v6_el1_v1 (bvsub (bvsub (bvsdiv a0_0_1 v2_v0) (bvsrem a0_0_2 v7_el0_v0)) a0_0))
(not (bvsmulo a0_1_1 v0_v0))
(not (bvsaddo a0_1_2 v4_v0))
(not (bvssubo (bvmul a0_1_1 v0_v0) (bvadd a0_1_2 v4_v0)))
(not (bvssubo (bvsub (bvmul a0_1_1 v0_v0) (bvadd a0_1_2 v4_v0)) a0_1))
(bvsle (bvadd (bvadd (ite (= a0_1_1 #b00000000000000000000000000000000) #b00000000000000000000000000000001 #b00000000000000000000000000000000) (ite (= a0_1_2 #b00000000000000000000000000000000) #b00000000000000000000000000000001 #b00000000000000000000000000000000)) (ite (= a0_1 #b00000000000000000000000000000000) #b00000000000000000000000000000001 #b00000000000000000000000000000000)) #b00000000000000000000000000000001)
(= v7_el0_v1 (bvsub (bvsub (bvmul a0_1_1 v0_v0) (bvadd a0_1_2 v4_v0)) a0_1))
(not (bvsmulo b0_2_1 v6_el1_v1))
(distinct v7_el0_v1 #b00000000000000000000000000000000)
(not (bvsdivo b0_2_2 v7_el0_v1))
(not (bvsaddo (bvmul b0_2_1 v6_el1_v1) (bvsdiv b0_2_2 v7_el0_v1)))
(not (bvsaddo b0_2_3 v1_v0))
(not (bvsaddo (bvadd (bvmul b0_2_1 v6_el1_v1) (bvsdiv b0_2_2 v7_el0_v1)) (bvadd b0_2_3 v1_v0)))
(not (bvsaddo (bvadd (bvadd (bvmul b0_2_1 v6_el1_v1) (bvsdiv b0_2_2 v7_el0_v1)) (bvadd b0_2_3 v1_v0)) b0_2))
(bvsle (bvadd (bvadd (bvadd (ite (= b0_2_1 #b00000000000000000000000000000000) #b00000000000000000000000000000001 #b00000000000000000000000000000000) (ite (= b0_2_2 #b00000000000000000000000000000000) #b00000000000000000000000000000001 #b00000000000000000000000000000000)) (ite (= b0_2_3 #b00000000000000000000000000000000) #b00000000000000000000000000000001 #b00000000000000000000000000000000)) (ite (= b0_2 #b00000000000000000000000000000000) #b00000000000000000000000000000001 #b00000000000000000000000000000000)) #b00000000000000000000000000000001)
(not (bvslt (bvadd (bvadd (bvadd (bvmul b0_2_1 v6_el1_v1) (bvsdiv b0_2_2 v7_el0_v1)) (bvadd b0_2_3 v1_v0)) b0_2) #b00000000000000000000000000000000))
(not (bvsmulo a18_0_1 v0_v0))
(not (bvssubo a18_0_2 v5_v0))
(not (bvsaddo (bvmul a18_0_1 v0_v0) (bvsub a18_0_2 v5_v0)))
(not (bvsaddo (bvadd (bvmul a18_0_1 v0_v0) (bvsub a18_0_2 v5_v0)) a18_0))
(bvsle (bvadd (bvadd (ite (= a18_0_1 #b00000000000000000000000000000000) #b00000000000000000000000000000001 #b00000000000000000000000000000000) (ite (= a18_0_2 #b00000000000000000000000000000000) #b00000000000000000000000000000001 #b00000000000000000000000000000000)) (ite (= a18_0 #b00000000000000000000000000000000) #b00000000000000000000000000000001 #b00000000000000000000000000000000)) #b00000000000000000000000000000001)
(= v5_v1 (bvadd (bvadd (bvmul a18_0_1 v0_v0) (bvsub a18_0_2 v5_v0)) a18_0))
(not (bvsmulo a18_1_1 v4_v0))
(not (bvsaddo a18_1_2 v7_el0_v1))
(not (bvsaddo (bvmul a18_1_1 v4_v0) (bvadd a18_1_2 v7_el0_v1)))
(not (bvsaddo (bvadd (bvmul a18_1_1 v4_v0) (bvadd a18_1_2 v7_el0_v1)) a18_1))
(bvsle (bvadd (bvadd (ite (= a18_1_1 #b00000000000000000000000000000000) #b00000000000000000000000000000001 #b00000000000000000000000000000000) (ite (= a18_1_2 #b00000000000000000000000000000000) #b00000000000000000000000000000001 #b00000000000000000000000000000000)) (ite (= a18_1 #b00000000000000000000000000000000) #b00000000000000000000000000000001 #b00000000000000000000000000000000)) #b00000000000000000000000000000001)
(= v0_v1 (bvadd (bvadd (bvmul a18_1_1 v4_v0) (bvadd a18_1_2 v7_el0_v1)) a18_1))
```
Constraint stats: asserted=41 addCalls=41 skippedTrue=0 deduped=0 ensureInRangeCalls=49 boundedAlready=0 uniqueConstraintIds=41 uniqueBoundedIds=0 (solverAsserted=0)
Bitwuzla check_sat time: 100ms
Bitwuzla statistics: preprocess::contradicting_ands::num_substs=0 preprocess::contradicting_ands::time_apply=0ms preprocess::elim_extract::num_elim=0 preprocess::elim_extract::time_apply=0ms preprocess::elim_lambda::time_apply=0ms preprocess::elim_udiv::num_eliminated=0 preprocess::elim_udiv::time_apply=0ms preprocess::embedded_constraints::num_substs=2 preprocess::embedded_constraints::time_apply=0ms preprocess::flatten_and::num_assertions=154 preprocess::flatten_and::num_flattened=135 preprocess::flatten_and::time_apply=0ms preprocess::lambda::num_elim=0 preprocess::normalize::num_common_normalizations=4 preprocess::normalize::num_normalizations=52 preprocess::normalize::num_normalized_assertions=0 preprocess::normalize::num_pass1=0 preprocess::normalize::num_pass2=0 preprocess::normalize::time_adder_chains=1ms preprocess::normalize::time_apply=40ms preprocess::normalize::time_compute_occs=0ms preprocess::normalize::time_normalize_add=0ms preprocess::normalize::time_normalize_mul=0ms preprocess::normalize::time_score=35ms preprocess::rewrite::time_apply=2ms preprocess::skeleton_preproc::cnf::clauses=360 preprocess::skeleton_preproc::cnf::lits=612 preprocess::skeleton_preproc::new_assertions=0 preprocess::skeleton_preproc::resets=1 preprocess::skeleton_preproc::time_apply=1ms preprocess::skeleton_preproc::time_encode=0ms preprocess::skeleton_preproc::time_fixed=0ms preprocess::skeleton_preproc::time_sat=0ms preprocess::uninterpreted::num_substs=0 preprocess::uninterpreted::time_apply=0ms preprocess::varsubst::normalize_bv_ineq::num_slt=0 preprocess::varsubst::normalize_bv_ineq::num_ult=0 preprocess::varsubst::normalize_eq::num_bv_concat=0 preprocess::varsubst::normalize_eq::num_gauss_elim=4 preprocess::varsubst::normalize_eq::num_linear_eq=4 preprocess::varsubst::num_substs=7 preprocess::varsubst::time_apply=1ms preprocess::varsubst::time_direct_cycle_check=0ms preprocess::varsubst::time_find_substitution=0ms preprocess::varsubst::time_find_vars=0ms preprocess::varsubst::time_register=0ms preprocess::varsubst::time_remove_cycles=0ms preprocess::varsubst::time_substitute=0ms preprocessor::num_iterations=2 preprocessor::time_preprocess=46ms preprocessor::time_process=0ms rewriter::(normalize)::num_evals=0 rewriter::(normalize)::num_rewrites=184 rewriter::(normalize)::rewrite::BV_ADD_SPECIAL_CONST=21 rewriter::(normalize)::rewrite::BV_MUL_EVAL=1 rewriter::(normalize)::rewrite::BV_MUL_NEG=1 rewriter::(normalize)::rewrite::BV_MUL_ONES=9 rewriter::(normalize)::rewrite::BV_NEG_ELIM=10 rewriter::(normalize)::rewrite::BV_NOT_BV_NOT=22 rewriter::(normalize)::rewrite::BV_SLT_EVAL=1 rewriter::(normalize)::rewrite::NORMALIZE_COMM=118 rewriter::(normalize)::rewrite::NOT_EVAL=1 rewriter::eval::BV_MUL_EVAL=2 rewriter::eval::BV_NEG_EVAL=1 rewriter::eval::BV_SHL_EVAL=2 rewriter::eval::EQUAL_EVAL=4 rewriter::eval::IMPLIES_EVAL=1 rewriter::num_evals=10 rewriter::num_rewrites=1438 rewriter::rewrite::BV_ADD_EVAL=2 rewriter::rewrite::BV_ADD_ITE2=24 rewriter::rewrite::BV_ADD_SPECIAL_CONST=23 rewriter::rewrite::BV_EXTRACT_ADD_MUL=3 rewriter::rewrite::BV_EXTRACT_CONCAT_LHS_RHS=1 rewriter::rewrite::BV_EXTRACT_EVAL=1 rewriter::rewrite::BV_EXTRACT_FULL=7 rewriter::rewrite::BV_MUL_ONE=4 rewriter::rewrite::BV_MUL_POW2=3 rewriter::rewrite::BV_NEG_ELIM=22 rewriter::rewrite::BV_NOT_BV_NOT=275 rewriter::rewrite::BV_NOT_EVAL=2 rewriter::rewrite::BV_OR_ELIM=236 rewriter::rewrite::BV_SADDO_ELIM=10 rewriter::rewrite::BV_SDIVO_ELIM=3 rewriter::rewrite::BV_SDIV_ELIM=2 rewriter::rewrite::BV_SHL_CONST=4 rewriter::rewrite::BV_SHL_SPECIAL_CONST=3 rewriter::rewrite::BV_SIGN_EXTEND_ELIM=14 rewriter::rewrite::BV_SLE_ELIM=8 rewriter::rewrite::BV_SLT_EVAL=1 rewriter::rewrite::BV_SMULO_ELIM=4 rewriter::rewrite::BV_SREM_ELIM=1 rewriter::rewrite::BV_SSUBO_ELIM=5 rewriter::rewrite::BV_SUB_ELIM=9 rewriter::rewrite::DISTINCT_ELIM=3 rewriter::rewrite::EQUAL_BV_SUB=6 rewriter::rewrite::EQUAL_CONST_BV_NOT=124 rewriter::rewrite::EQUAL_SPECIAL_CONST=8 rewriter::rewrite::EQUAL_TRUE=5 rewriter::rewrite::IMPLIES_ELIM=4 rewriter::rewrite::ITE_EVAL=2 rewriter::rewrite::NORMALIZE_COMM=554 rewriter::rewrite::NOT_EQUAL_BV1_BOOL=34 rewriter::rewrite::NOT_EVAL=1 rewriter::rewrite::NOT_NOT=15 rewriter::rewrite::OR_ELIM=15 solver::abstract::lemmas::MUL_NEG_POW2=3 solver::abstract::lemmas::MUL_POW2=1 solver::abstract::num_checks=2 solver::abstract::terms::BV_MUL=4 solver::abstract::terms::total=4 solver::abstract::time_check=1ms solver::array::equalities=0 solver::array::num_checks=0 solver::array::propagations=0 solver::array::propagations_down=0 solver::array::propagations_up=0 solver::array::selects=0 solver::array::time_check=0ms solver::bv::bitblast::aig::num_ands=52191 solver::bv::bitblast::aig::num_consts=932 solver::bv::bitblast::aig::num_shared=5885 solver::bv::bitblast::aig::time_bitblast=5ms solver::bv::bitblast::cnf::num_clauses=136344 solver::bv::bitblast::cnf::num_literals=327541 solver::bv::bitblast::cnf::num_vars=45003 solver::bv::bitblast::cnf::time_encode=38ms solver::bv::bitblast::sat::time_solve=6ms solver::bv::num_assertions=175 solver::bv::num_checks=2 solver::bv::time_check=45ms solver::engine::lemmas::abstr=4 solver::engine::lemmas::array=0 solver::engine::lemmas::fp=0 solver::engine::lemmas::fun=0 solver::engine::lemmas::quant=0 solver::engine::lemmas::total=4 solver::engine::time_register_term=0ms solver::engine::time_solve=53ms solver::fun::num_checks=1 solver::fun::time_check=0ms solver::quant::mbqi_checks=0 solver::quant::num_lemma_iterations=0 solver::quant::num_lemmas=0 solver::quant::time_check=0ms solver::quant::time_mbqi=0ms solver::quant::time_process=0ms solving_context::max_memory=42422272 solving_context::time_ensure_model=0ms solving_context::time_solve=100ms
SAT
Extract symbols: sym=init_var6_el0, value=-1
Extract symbols: sym=init_var6_el1, value=-1
Extract symbols: sym=init_var7_el0, value=-1
Extract symbols: sym=a0_0_1, value=-1
Extract symbols: sym=a0_0_2, value=-1
Extract symbols: sym=a0_0, value=2
Extract symbols: sym=a0_1_1, value=-1
Extract symbols: sym=a0_1_2, value=-1
Extract symbols: sym=a0_1, value=-1
Extract symbols: sym=b0_2_1, value=-1
Extract symbols: sym=b0_2_2, value=-1
Extract symbols: sym=b0_2_3, value=-1
Extract symbols: sym=b0_2, value=2147483647
Extract symbols: sym=a1_0_1, value=0
Extract symbols: sym=a1_0_2, value=0
Extract symbols: sym=a1_0, value=0
Extract symbols: sym=a1_1_1, value=0
Extract symbols: sym=a1_1_2, value=0
Extract symbols: sym=a1_1, value=0
Extract symbols: sym=b1_2_1, value=0
Extract symbols: sym=b1_2_2, value=0
Extract symbols: sym=b1_2_3, value=0
Extract symbols: sym=b1_2, value=0
Extract symbols: sym=a2_0_1, value=0
Extract symbols: sym=a2_0_2, value=0
Extract symbols: sym=a2_0, value=0
Extract symbols: sym=a2_1_1, value=0
Extract symbols: sym=a2_1_2, value=0
Extract symbols: sym=a2_1, value=0
Extract symbols: sym=b2_2_1, value=0
Extract symbols: sym=b2_2_2, value=0
Extract symbols: sym=b2_2_3, value=0
Extract symbols: sym=b2_2, value=0
Extract symbols: sym=a3_0_1, value=0
Extract symbols: sym=a3_0_2, value=0
Extract symbols: sym=a3_0, value=0
Extract symbols: sym=a3_1_1, value=0
Extract symbols: sym=a3_1_2, value=0
Extract symbols: sym=a3_1, value=0
Extract symbols: sym=b3_2_1, value=0
Extract symbols: sym=b3_2_2, value=0
Extract symbols: sym=b3_2_3, value=0
Extract symbols: sym=b3_2, value=0
Extract symbols: sym=a4_0_1, value=0
Extract symbols: sym=a4_0_2, value=0
Extract symbols: sym=a4_0, value=0
Extract symbols: sym=a4_1_1, value=0
Extract symbols: sym=a4_1_2, value=0
Extract symbols: sym=a4_1, value=0
Extract symbols: sym=b4_2_1, value=0
Extract symbols: sym=b4_2_2, value=0
Extract symbols: sym=b4_2_3, value=0
Extract symbols: sym=b4_2, value=0
Extract symbols: sym=a5_0_1, value=0
Extract symbols: sym=a5_0_2, value=0
Extract symbols: sym=a5_0, value=0
Extract symbols: sym=a5_1_1, value=0
Extract symbols: sym=a5_1_2, value=0
Extract symbols: sym=a5_1, value=0
Extract symbols: sym=b5_2_1, value=0
Extract symbols: sym=b5_2_2, value=0
Extract symbols: sym=b5_2_3, value=0
Extract symbols: sym=b5_2, value=0
Extract symbols: sym=a6_0_1, value=0
Extract symbols: sym=a6_0_2, value=0
Extract symbols: sym=a6_0, value=0
Extract symbols: sym=a6_1_1, value=0
Extract symbols: sym=a6_1_2, value=0
Extract symbols: sym=a6_1, value=0
Extract symbols: sym=b6_2_1, value=0
Extract symbols: sym=b6_2_2, value=0
Extract symbols: sym=b6_2_3, value=0
Extract symbols: sym=b6_2, value=0
Extract symbols: sym=a7_0_1, value=0
Extract symbols: sym=a7_0_2, value=0
Extract symbols: sym=a7_0, value=0
Extract symbols: sym=a7_1_1, value=0
Extract symbols: sym=a7_1_2, value=0
Extract symbols: sym=a7_1, value=0
Extract symbols: sym=b7_2_1, value=0
Extract symbols: sym=b7_2_2, value=0
Extract symbols: sym=b7_2_3, value=0
Extract symbols: sym=b7_2, value=0
Extract symbols: sym=a8_0_1, value=0
Extract symbols: sym=a8_0_2, value=0
Extract symbols: sym=a8_0, value=0
Extract symbols: sym=a8_1_1, value=0
Extract symbols: sym=a8_1_2, value=0
Extract symbols: sym=a8_1, value=0
Extract symbols: sym=b8_2_1, value=0
Extract symbols: sym=b8_2_2, value=0
Extract symbols: sym=b8_2_3, value=0
Extract symbols: sym=b8_2, value=0
Extract symbols: sym=a9_0_1, value=0
Extract symbols: sym=a9_0_2, value=0
Extract symbols: sym=a9_0, value=0
Extract symbols: sym=a9_1_1, value=0
Extract symbols: sym=a9_1_2, value=0
Extract symbols: sym=a9_1, value=0
Extract symbols: sym=b9_2_1, value=0
Extract symbols: sym=b9_2_2, value=0
Extract symbols: sym=b9_2_3, value=0
Extract symbols: sym=b9_2, value=0
Extract symbols: sym=a10_0_1, value=0
Extract symbols: sym=a10_0_2, value=0
Extract symbols: sym=a10_0, value=0
Extract symbols: sym=a10_1_1, value=0
Extract symbols: sym=a10_1_2, value=0
Extract symbols: sym=a10_1, value=0
Extract symbols: sym=b10_2_1, value=0
Extract symbols: sym=b10_2_2, value=0
Extract symbols: sym=b10_2_3, value=0
Extract symbols: sym=b10_2, value=0
Extract symbols: sym=a11_0_1, value=0
Extract symbols: sym=a11_0_2, value=0
Extract symbols: sym=a11_0, value=0
Extract symbols: sym=a11_1_1, value=0
Extract symbols: sym=a11_1_2, value=0
Extract symbols: sym=a11_1, value=0
Extract symbols: sym=a12_0_1, value=0
Extract symbols: sym=a12_0_2, value=0
Extract symbols: sym=a12_0, value=0
Extract symbols: sym=a12_1_1, value=0
Extract symbols: sym=a12_1_2, value=0
Extract symbols: sym=a12_1, value=0
Extract symbols: sym=a13_0_1, value=0
Extract symbols: sym=a13_0_2, value=0
Extract symbols: sym=a13_0, value=0
Extract symbols: sym=a13_1_1, value=0
Extract symbols: sym=a13_1_2, value=0
Extract symbols: sym=a13_1, value=0
Extract symbols: sym=b13_2_1, value=0
Extract symbols: sym=b13_2_2, value=0
Extract symbols: sym=b13_2_3, value=0
Extract symbols: sym=b13_2, value=0
Extract symbols: sym=a14_0_1, value=0
Extract symbols: sym=a14_0_2, value=0
Extract symbols: sym=a14_0, value=0
Extract symbols: sym=a14_1_1, value=0
Extract symbols: sym=a14_1_2, value=0
Extract symbols: sym=a14_1, value=0
Extract symbols: sym=b14_2_1, value=0
Extract symbols: sym=b14_2_2, value=0
Extract symbols: sym=b14_2_3, value=0
Extract symbols: sym=b14_2, value=0
Extract symbols: sym=a15_0_1, value=0
Extract symbols: sym=a15_0_2, value=0
Extract symbols: sym=a15_0, value=0
Extract symbols: sym=a15_1_1, value=0
Extract symbols: sym=a15_1_2, value=0
Extract symbols: sym=a15_1, value=0
Extract symbols: sym=a16_0_1, value=0
Extract symbols: sym=a16_0_2, value=0
Extract symbols: sym=a16_0, value=0
Extract symbols: sym=a16_1_1, value=0
Extract symbols: sym=a16_1_2, value=0
Extract symbols: sym=a16_1, value=0
Extract symbols: sym=a17_0_1, value=0
Extract symbols: sym=a17_0_2, value=0
Extract symbols: sym=a17_0, value=0
Extract symbols: sym=a17_1_1, value=0
Extract symbols: sym=a17_1_2, value=0
Extract symbols: sym=a17_1, value=0
Extract symbols: sym=a18_0_1, value=-1
Extract symbols: sym=a18_0_2, value=-1
Extract symbols: sym=a18_0, value=-1
Extract symbols: sym=a18_1_1, value=-1
Extract symbols: sym=a18_1_2, value=-1
Extract symbols: sym=a18_1, value=-1
--------IntUBInject: Inject Int UBs to Block BB5--------------------------------------------
Collected constraints:
(bvsle v4_v0 #b001111111111111111111111111111111)
(bvsge v4_v0 #b110000000000000000000000000000000)
(bvsle v3_v0 #b001111111111111111111111111111111)
(bvsge v3_v0 #b110000000000000000000000000000000)
(bvsle v0_v0 #b001111111111111111111111111111111)
(bvsge v0_v0 #b110000000000000000000000000000000)
(bvsle v4_v0 #b001111111111111111111111111111111)
(bvsge v4_v0 #b110000000000000000000000000000000)
(= v7_el0_v1 (bvadd (bvadd #b000000000000000000000000000000000 (bvsub #b000000000000000000000000000000000 v3_v0)) (bvadd #b000000000000000000000000000000000 v4_v0)))
(distinct v4_v0 #b000000000000000000000000000000000)
(= v2_v1 (bvadd (bvadd #b000000000000000000000000000000000 (bvsdiv #b000000000000000000000000000000000 v4_v0)) (bvmul #b000000000000000000000000000000000 v0_v0)))
(= #b000000000000000000000000000000000 #b000000000000000000000000000000000)
(distinct v1_v0 #b000000000000000000000000000000000)
(let ((_let0 (bvadd (bvadd #b000000000000000000000000000000000 (bvsub #b000000000000000000000000000000000 v3_v0)) (bvadd #b000000000000000000000000000000000 v4_v0)))) (let ((_let1 (bvadd (bvadd #b000000000000000000000000000000000 (bvsdiv #b000000000000000000000000000000000 v4_v0)) (bvmul #b000000000000000000000000000000000 v0_v0)))) (let ((_let2 (bvadd (bvadd (bvadd #b000000000000000000000000000000000 (bvsdiv #b000000000000000000000000000000000 v1_v0)) (bvadd #b000000000000000000000000000000000 v2_v1)) (bvmul #b000000000000000000000000000000000 v7_el0_v1)))) (or (or (or false (or (bvsgt _let0 #b001111111111111111111111111111111) (bvslt _let0 #b110000000000000000000000000000000))) (or (bvsgt _let1 #b001111111111111111111111111111111) (bvslt _let1 #b110000000000000000000000000000000))) (or (bvsgt _let2 #b001111111111111111111111111111111) (bvslt _let2 #b110000000000000000000000000000000))))))
SAT
Adding initializations to ensure undefined behaviors
Let variable: var=v4, value=1
Let variable: var=v3, value=-2147483647
Let variable: var=v0, value=-2147483648
Let variable: var=v4, value=1
--------IntUBInject: Inject Int UBs to Block BB8--------------------------------------------
Collected constraints:
(bvsle v1_v0 #b001111111111111111111111111111111)
(bvsge v1_v0 #b110000000000000000000000000000000)
(bvsle v4_v0 #b001111111111111111111111111111111)
(bvsge v4_v0 #b110000000000000000000000000000000)
(bvsle v3_v0 #b001111111111111111111111111111111)
(bvsge v3_v0 #b110000000000000000000000000000000)
(bvsle v7_el0_v0 #b001111111111111111111111111111111)
(bvsge v7_el0_v0 #b110000000000000000000000000000000)
(distinct v1_v0 #b000000000000000000000000000000000)
(distinct v4_v0 #b000000000000000000000000000000000)
(= v6_el1_v1 (bvsub (bvsub #b000000000000000000000000000000000 (bvsdiv #b000000000000000000000000000000000 v4_v0)) (bvsdiv #b000000000000000000000000000000000 v1_v0)))
(distinct v3_v0 #b000000000000000000000000000000000)
(= #b000000000000000000000000000000000 #b000000000000000000000000000000000)
(= v4_v1 (bvadd (bvadd #b000000000000000000000000000000000 (bvmul #b000000000000000000000000000000000 v7_el0_v0)) (bvsdiv #b000000000000000000000000000000000 v3_v0)))
(= #b000000000000000000000000000000001 #b000000000000000000000000000000001)
(distinct v6_el1_v1 #b000000000000000000000000000000000)
(distinct v4_v1 #b000000000000000000000000000000000)
(distinct v3_v0 #b000000000000000000000000000000000)
(let ((_let0 (bvsub (bvsub #b000000000000000000000000000000000 (bvsdiv #b000000000000000000000000000000000 v4_v0)) (bvsdiv #b000000000000000000000000000000000 v1_v0)))) (let ((_let1 (bvsdiv #b000000000000000000000000000000000 v3_v0))) (let ((_let2 (bvadd (bvadd #b000000000000000000000000000000000 (bvmul #b000000000000000000000000000000000 v7_el0_v0)) _let1))) (let ((_let3 (bvadd (bvadd (bvadd #b000000000000000000000000000000000 _let1) (bvsrem #b000000000000000000000000000000000 v4_v1)) (bvsdiv #b000000000000000000000000000000000 v6_el1_v1)))) (or (or (or false (or (bvsgt _let0 #b001111111111111111111111111111111) (bvslt _let0 #b110000000000000000000000000000000))) (or (bvsgt _let2 #b001111111111111111111111111111111) (bvslt _let2 #b110000000000000000000000000000000))) (or (bvsgt _let3 #b001111111111111111111111111111111) (bvslt _let3 #b110000000000000000000000000000000)))))))
UNSAT
----------IntUBInject: Inject Int UBs to Block BB10------------------------------------------
Collected constraints:
(bvsle v1_v0 #b001111111111111111111111111111111)
(bvsge v1_v0 #b110000000000000000000000000000000)
(bvsle v6_el1_v0 #b001111111111111111111111111111111)
(bvsge v6_el1_v0 #b110000000000000000000000000000000)
(bvsle v4_v0 #b001111111111111111111111111111111)
(bvsge v4_v0 #b110000000000000000000000000000000)
(bvsle v5_v0 #b001111111111111111111111111111111)
(bvsge v5_v0 #b110000000000000000000000000000000)
(distinct v1_v0 #b000000000000000000000000000000000)
(= #b000000000000000000000000000000001 #b000000000000000000000000000000001)
(= v1_v1 (bvsub (bvsub #b000000000000000000000000000000000 (bvsub #b000000000000000000000000000000000 v6_el1_v0)) (bvsrem #b000000000000000000000000000000000 v1_v0)))
(= v5_v1 (bvadd (bvadd #b000000000000000000000000000000000 (bvsub #b000000000000000000000000000000000 v5_v0)) (bvsub #b000000000000000000000000000000000 v4_v0)))
(distinct v1_v1 #b000000000000000000000000000000000)
(= #b000000000000000000000000000000001 #b000000000000000000000000000000001)
(distinct v6_el1_v0 #b000000000000000000000000000000000)
(let ((_let0 (bvsub (bvsub #b000000000000000000000000000000000 (bvsub #b000000000000000000000000000000000 v6_el1_v0)) (bvsrem #b000000000000000000000000000000000 v1_v0)))) (let ((_let1 (bvadd (bvadd #b000000000000000000000000000000000 (bvsub #b000000000000000000000000000000000 v5_v0)) (bvsub #b000000000000000000000000000000000 v4_v0)))) (let ((_let2 (bvadd (bvadd (bvadd #b000000000000000000000000000000000 (bvsdiv #b000000000000000000000000000000000 v6_el1_v0)) (bvsub #b000000000000000000000000000000000 v5_v1)) (bvsdiv #b000000000000000000000000000000000 v1_v1)))) (or (or (or false (or (bvsgt _let0 #b001111111111111111111111111111111) (bvslt _let0 #b110000000000000000000000000000000))) (or (bvsgt _let1 #b001111111111111111111111111111111) (bvslt _let1 #b110000000000000000000000000000000))) (or (bvsgt _let2 #b001111111111111111111111111111111) (bvslt _let2 #b110000000000000000000000000000000))))))
SAT
Adding initializations to ensure undefined behaviors
Let variable: var=v1, value=1
Let variable: var=v6_el1, value=-1
Let variable: var=v4, value=2147483647
Let variable: var=v5, value=1
----------IntUBInject: Inject Int UBs to Block BB11------------------------------------------
Collected constraints:
(bvsle v4_v0 #b001111111111111111111111111111111)
(bvsge v4_v0 #b110000000000000000000000000000000)
(bvsle v1_v0 #b001111111111111111111111111111111)
(bvsge v1_v0 #b110000000000000000000000000000000)
(bvsle v0_v0 #b001111111111111111111111111111111)
(bvsge v0_v0 #b110000000000000000000000000000000)
(bvsle v6_el1_v0 #b001111111111111111111111111111111)
(bvsge v6_el1_v0 #b110000000000000000000000000000000)
(distinct v4_v0 #b000000000000000000000000000000000)
(distinct v1_v0 #b000000000000000000000000000000000)
(= v7_el0_v1 (bvadd (bvadd #b000000000000000000000000000000000 (bvsdiv #b000000000000000000000000000000000 v1_v0)) (bvsrem #b000000000000000000000000000000000 v4_v0)))
(= #b000000000000000000000000000000001 #b000000000000000000000000000000001)
(= v5_v1 (bvadd (bvadd #b000000000000000000000000000000000 (bvadd #b000000000000000000000000000000000 v6_el1_v0)) (bvmul #b000000000000000000000000000000000 v0_v0)))
(let ((_let0 (bvadd (bvadd #b000000000000000000000000000000000 (bvsdiv #b000000000000000000000000000000000 v1_v0)) (bvsrem #b000000000000000000000000000000000 v4_v0)))) (let ((_let1 (bvadd (bvadd #b000000000000000000000000000000000 (bvadd #b000000000000000000000000000000000 v6_el1_v0)) (bvmul #b000000000000000000000000000000000 v0_v0)))) (or (or false (or (bvsgt _let0 #b001111111111111111111111111111111) (bvslt _let0 #b110000000000000000000000000000000))) (or (bvsgt _let1 #b001111111111111111111111111111111) (bvslt _let1 #b110000000000000000000000000000000)))))
UNSAT
------------IntUBInject: Inject Int UBs to Block BB12----------------------------------------
Collected constraints:
(bvsle v3_v0 #b001111111111111111111111111111111)
(bvsge v3_v0 #b110000000000000000000000000000000)
(bvsle v2_v0 #b001111111111111111111111111111111)
(bvsge v2_v0 #b110000000000000000000000000000000)
(bvsle v3_v0 #b001111111111111111111111111111111)
(bvsge v3_v0 #b110000000000000000000000000000000)
(bvsle v5_v0 #b001111111111111111111111111111111)
(bvsge v5_v0 #b110000000000000000000000000000000)
(distinct v2_v0 #b000000000000000000000000000000000)
(= v0_v1 (bvsub (bvsub #b000000000000000000000000000000000 (bvsrem #b000000000000000000000000000000000 v2_v0)) (bvsub #b000000000000000000000000000000000 v3_v0)))
(distinct v3_v0 #b000000000000000000000000000000000)
(distinct v5_v0 #b000000000000000000000000000000000)
(= v4_v1 (bvsub (bvsub #b000000000000000000000000000000000 (bvsdiv #b000000000000000000000000000000000 v5_v0)) (bvsrem #b000000000000000000000000000000000 v3_v0)))
(let ((_let0 (bvsub (bvsub #b000000000000000000000000000000000 (bvsrem #b000000000000000000000000000000000 v2_v0)) (bvsub #b000000000000000000000000000000000 v3_v0)))) (let ((_let1 (bvsub (bvsub #b000000000000000000000000000000000 (bvsdiv #b000000000000000000000000000000000 v5_v0)) (bvsrem #b000000000000000000000000000000000 v3_v0)))) (or (or false (or (bvsgt _let0 #b001111111111111111111111111111111) (bvslt _let0 #b110000000000000000000000000000000))) (or (bvsgt _let1 #b001111111111111111111111111111111) (bvslt _let1 #b110000000000000000000000000000000)))))
UNSAT
--------------IntUBInject: Inject Int UBs to Block BB13--------------------------------------
Collected constraints:
(bvsle v2_v0 #b001111111111111111111111111111111)
(bvsge v2_v0 #b110000000000000000000000000000000)
(bvsle v1_v0 #b001111111111111111111111111111111)
(bvsge v1_v0 #b110000000000000000000000000000000)
(bvsle v7_el0_v0 #b001111111111111111111111111111111)
(bvsge v7_el0_v0 #b110000000000000000000000000000000)
(bvsle v2_v0 #b001111111111111111111111111111111)
(bvsge v2_v0 #b110000000000000000000000000000000)
(= v6_el1_v1 (bvadd (bvadd #b000000000000000000000000000000000 (bvsub #b000000000000000000000000000000000 v1_v0)) (bvmul #b000000000000000000000000000000000 v2_v0)))
(= #b000000000000000000000000000000000 #b000000000000000000000000000000000)
(= v0_v1 (bvadd (bvadd #b000000000000000000000000000000000 (bvsub #b000000000000000000000000000000000 v2_v0)) (bvmul #b000000000000000000000000000000000 v7_el0_v0)))
(= #b000000000000000000000000000000001 #b000000000000000000000000000000001)
(distinct v0_v1 #b000000000000000000000000000000000)
(= #b000000000000000000000000000000000 #b000000000000000000000000000000000)
(distinct v7_el0_v0 #b000000000000000000000000000000000)
(let ((_let0 (bvadd (bvadd #b000000000000000000000000000000000 (bvsub #b000000000000000000000000000000000 v1_v0)) (bvmul #b000000000000000000000000000000000 v2_v0)))) (let ((_let1 (bvadd (bvadd #b000000000000000000000000000000000 (bvsub #b000000000000000000000000000000000 v2_v0)) (bvmul #b000000000000000000000000000000000 v7_el0_v0)))) (let ((_let2 (bvadd (bvadd (bvadd #b000000000000000000000000000000000 (bvsdiv #b000000000000000000000000000000000 v7_el0_v0)) (bvsrem #b000000000000000000000000000000000 v0_v1)) (bvmul #b000000000000000000000000000000000 v6_el1_v1)))) (or (or (or false (or (bvsgt _let0 #b001111111111111111111111111111111) (bvslt _let0 #b110000000000000000000000000000000))) (or (bvsgt _let1 #b001111111111111111111111111111111) (bvslt _let1 #b110000000000000000000000000000000))) (or (bvsgt _let2 #b001111111111111111111111111111111) (bvslt _let2 #b110000000000000000000000000000000))))))
SAT
Adding initializations to ensure undefined behaviors
Let variable: var=v2, value=-1
Let variable: var=v1, value=-2147483648
Let variable: var=v7_el0, value=-1
Let variable: var=v2, value=-1
--------------IntUBInject: Inject Int UBs to Block BB16--------------------------------------
Collected constraints:
(bvsle v6_el1_v0 #b001111111111111111111111111111111)
(bvsge v6_el1_v0 #b110000000000000000000000000000000)
(bvsle v3_v0 #b001111111111111111111111111111111)
(bvsge v3_v0 #b110000000000000000000000000000000)
(bvsle v2_v0 #b001111111111111111111111111111111)
(bvsge v2_v0 #b110000000000000000000000000000000)
(bvsle v4_v0 #b001111111111111111111111111111111)
(bvsge v4_v0 #b110000000000000000000000000000000)
(= #b000000000000000000000000000000001 #b000000000000000000000000000000001)
(distinct v3_v0 #b000000000000000000000000000000000)
(= v5_v1 (bvadd (bvadd #b000000000000000000000000000000000 (bvsrem #b000000000000000000000000000000000 v3_v0)) (bvsub #b000000000000000000000000000000000 v6_el1_v0)))
(= v7_el0_v1 (bvadd (bvadd #b000000000000000000000000000000000 (bvmul #b000000000000000000000000000000000 v4_v0)) (bvmul #b000000000000000000000000000000000 v2_v0)))
(let ((_let0 (bvadd (bvadd #b000000000000000000000000000000000 (bvsrem #b000000000000000000000000000000000 v3_v0)) (bvsub #b000000000000000000000000000000000 v6_el1_v0)))) (let ((_let1 (bvadd (bvadd #b000000000000000000000000000000000 (bvmul #b000000000000000000000000000000000 v4_v0)) (bvmul #b000000000000000000000000000000000 v2_v0)))) (or (or false (or (bvsgt _let0 #b001111111111111111111111111111111) (bvslt _let0 #b110000000000000000000000000000000))) (or (bvsgt _let1 #b001111111111111111111111111111111) (bvslt _let1 #b110000000000000000000000000000000)))))
SAT
Adding initializations to ensure undefined behaviors
Let variable: var=v6_el1, value=-2147483648
Let variable: var=v3, value=-1
Let variable: var=v2, value=-2147483648
Let variable: var=v4, value=-2147483648
--------------IntUBInject: Inject Int UBs to Block BB17--------------------------------------
Collected constraints:
(bvsle v3_v0 #b001111111111111111111111111111111)
(bvsge v3_v0 #b110000000000000000000000000000000)
(bvsle v5_v0 #b001111111111111111111111111111111)
(bvsge v5_v0 #b110000000000000000000000000000000)
(bvsle v1_v0 #b001111111111111111111111111111111)
(bvsge v1_v0 #b110000000000000000000000000000000)
(= v2_v1 (bvsub (bvsub #b000000000000000000000000000000000 (bvmul #b000000000000000000000000000000000 v5_v0)) (bvmul #b000000000000000000000000000000000 v3_v0)))
(= v7_el0_v1 (bvsub (bvsub #b000000000000000000000000000000000 (bvadd #b000000000000000000000000000000000 v1_v0)) (bvadd #b000000000000000000000000000000000 v2_v1)))
(let ((_let0 (bvsub (bvsub #b000000000000000000000000000000000 (bvmul #b000000000000000000000000000000000 v5_v0)) (bvmul #b000000000000000000000000000000000 v3_v0)))) (let ((_let1 (bvsub (bvsub #b000000000000000000000000000000000 (bvadd #b000000000000000000000000000000000 v1_v0)) (bvadd #b000000000000000000000000000000000 v2_v1)))) (or (or false (or (bvsgt _let0 #b001111111111111111111111111111111) (bvslt _let0 #b110000000000000000000000000000000))) (or (bvsgt _let1 #b001111111111111111111111111111111) (bvslt _let1 #b110000000000000000000000000000000)))))
SAT
Adding initializations to ensure undefined behaviors
Let variable: var=v3, value=0
Let variable: var=v5, value=0
Let variable: var=v1, value=-2147483648
Extract initialization: param=v0, value=-1
Extract initialization: param=v1, value=-1
Extract initialization: param=v2, value=-1
Extract initialization: param=v3, value=-1
Extract initialization: param=v4, value=4
Extract initialization: param=v5, value=-1
Extract finalization: param=v0, value=-7
Extract finalization: param=v1, value=-1
Extract finalization: param=v2, value=-1
Extract finalization: param=v3, value=-1
Extract finalization: param=v4, value=4
Extract finalization: param=v5, value=0
------------SymExec: Iteration 1----------------------------------------
Generating or re-generating UB-free constraints
Initial constraints: 
```
(bvsle (bvadd (bvadd (bvadd (bvadd (bvadd (ite (= v0_v0 #b00000000000000000000000000000000) #b00000000000000000000000000000001 #b00000000000000000000000000000000) (ite (= v1_v0 #b00000000000000000000000000000000) #b00000000000000000000000000000001 #b00000000000000000000000000000000)) (ite (= v2_v0 #b00000000000000000000000000000000) #b00000000000000000000000000000001 #b00000000000000000000000000000000)) (ite (= v3_v0 #b00000000000000000000000000000000) #b00000000000000000000000000000001 #b00000000000000000000000000000000)) (ite (= v4_v0 #b00000000000000000000000000000000) #b00000000000000000000000000000001 #b00000000000000000000000000000000)) (ite (= v5_v0 #b00000000000000000000000000000000) #b00000000000000000000000000000001 #b00000000000000000000000000000000)) #b00000000000000000000000000000011)
```
Final constraints: 
```
(bvsle (bvadd (bvadd (bvadd (bvadd (bvadd (ite (= v0_v0 #b00000000000000000000000000000000) #b00000000000000000000000000000001 #b00000000000000000000000000000000) (ite (= v1_v0 #b00000000000000000000000000000000) #b00000000000000000000000000000001 #b00000000000000000000000000000000)) (ite (= v2_v0 #b00000000000000000000000000000000) #b00000000000000000000000000000001 #b00000000000000000000000000000000)) (ite (= v3_v0 #b00000000000000000000000000000000) #b00000000000000000000000000000001 #b00000000000000000000000000000000)) (ite (= v4_v0 #b00000000000000000000000000000000) #b00000000000000000000000000000001 #b00000000000000000000000000000000)) (ite (= v5_v0 #b00000000000000000000000000000000) #b00000000000000000000000000000001 #b00000000000000000000000000000000)) #b00000000000000000000000000000011)
(= v6_el0_v0 #b11111111111111111111111111111111)
(= v6_el1_v0 #b11111111111111111111111111111111)
(let ((_let0 (ite (= #b11111111111111111111111111111111 #b00000000000000000000000000000000) #b00000000000000000000000000000001 #b00000000000000000000000000000000))) (bvsle (bvadd _let0 _let0) #b00000000000000000000000000000000))
(= v7_el0_v0 #b11111111111111111111111111111111)
(bvsle (ite (= #b11111111111111111111111111111111 #b00000000000000000000000000000000) #b00000000000000000000000000000001 #b00000000000000000000000000000000) #b00000000000000000000000000000000)
(distinct v2_v0 #b00000000000000000000000000000000)
(not (bvsdivo #b11111111111111111111111111111111 v2_v0))
(distinct v7_el0_v0 #b00000000000000000000000000000000)
(not (bvsdivo #b11111111111111111111111111111111 v7_el0_v0))
(not (bvssubo (bvsdiv #b11111111111111111111111111111111 v2_v0) (bvsrem #b11111111111111111111111111111111 v7_el0_v0)))
(not (bvssubo (bvsub (bvsdiv #b11111111111111111111111111111111 v2_v0) (bvsrem #b11111111111111111111111111111111 v7_el0_v0)) #b00000000000000000000000000000010))
(let ((_let0 (ite (= #b11111111111111111111111111111111 #b00000000000000000000000000000000) #b00000000000000000000000000000001 #b00000000000000000000000000000000))) (bvsle (bvadd (bvadd _let0 _let0) (ite (= #b00000000000000000000000000000010 #b00000000000000000000000000000000) #b00000000000000000000000000000001 #b00000000000000000000000000000000)) #b00000000000000000000000000000001))
(= v6_el1_v1 (bvsub (bvsub (bvsdiv #b11111111111111111111111111111111 v2_v0) (bvsrem #b11111111111111111111111111111111 v7_el0_v0)) #b00000000000000000000000000000010))
(not (bvsmulo #b11111111111111111111111111111111 v0_v0))
(not (bvsaddo #b11111111111111111111111111111111 v4_v0))
(not (bvssubo (bvmul #b11111111111111111111111111111111 v0_v0) (bvadd #b11111111111111111111111111111111 v4_v0)))
(not (bvssubo (bvsub (bvmul #b11111111111111111111111111111111 v0_v0) (bvadd #b11111111111111111111111111111111 v4_v0)) #b11111111111111111111111111111111))
(let ((_let0 (ite (= #b11111111111111111111111111111111 #b00000000000000000000000000000000) #b00000000000000000000000000000001 #b00000000000000000000000000000000))) (bvsle (bvadd (bvadd _let0 _let0) _let0) #b00000000000000000000000000000001))
(= v7_el0_v1 (bvsub (bvsub (bvmul #b11111111111111111111111111111111 v0_v0) (bvadd #b11111111111111111111111111111111 v4_v0)) #b11111111111111111111111111111111))
(not (bvsmulo #b11111111111111111111111111111111 v6_el1_v1))
(distinct v7_el0_v1 #b00000000000000000000000000000000)
(not (bvsdivo #b11111111111111111111111111111111 v7_el0_v1))
(not (bvsaddo (bvmul #b11111111111111111111111111111111 v6_el1_v1) (bvsdiv #b11111111111111111111111111111111 v7_el0_v1)))
(not (bvsaddo #b11111111111111111111111111111111 v1_v0))
(not (bvsaddo (bvadd (bvmul #b11111111111111111111111111111111 v6_el1_v1) (bvsdiv #b11111111111111111111111111111111 v7_el0_v1)) (bvadd #b11111111111111111111111111111111 v1_v0)))
(not (bvsaddo (bvadd (bvadd (bvmul #b11111111111111111111111111111111 v6_el1_v1) (bvsdiv #b11111111111111111111111111111111 v7_el0_v1)) (bvadd #b11111111111111111111111111111111 v1_v0)) #b01111111111111111111111111111111))
(let ((_let0 (ite (= #b11111111111111111111111111111111 #b00000000000000000000000000000000) #b00000000000000000000000000000001 #b00000000000000000000000000000000))) (bvsle (bvadd (bvadd (bvadd _let0 _let0) _let0) (ite (= #b01111111111111111111111111111111 #b00000000000000000000000000000000) #b00000000000000000000000000000001 #b00000000000000000000000000000000)) #b00000000000000000000000000000001))
(not (bvslt (bvadd (bvadd (bvadd (bvmul #b11111111111111111111111111111111 v6_el1_v1) (bvsdiv #b11111111111111111111111111111111 v7_el0_v1)) (bvadd #b11111111111111111111111111111111 v1_v0)) #b01111111111111111111111111111111) #b00000000000000000000000000000000))
(not (bvssubo #b11111111111111111111111111111111 v5_v0))
(not (bvsaddo (bvmul #b11111111111111111111111111111111 v0_v0) (bvsub #b11111111111111111111111111111111 v5_v0)))
(not (bvsaddo (bvadd (bvmul #b11111111111111111111111111111111 v0_v0) (bvsub #b11111111111111111111111111111111 v5_v0)) #b11111111111111111111111111111111))
(= v5_v1 (bvadd (bvadd (bvmul #b11111111111111111111111111111111 v0_v0) (bvsub #b11111111111111111111111111111111 v5_v0)) #b11111111111111111111111111111111))
(not (bvsmulo #b11111111111111111111111111111111 v4_v0))
(not (bvsaddo #b11111111111111111111111111111111 v7_el0_v1))
(not (bvsaddo (bvmul #b11111111111111111111111111111111 v4_v0) (bvadd #b11111111111111111111111111111111 v7_el0_v1)))
(not (bvsaddo (bvadd (bvmul #b11111111111111111111111111111111 v4_v0) (bvadd #b11111111111111111111111111111111 v7_el0_v1)) #b11111111111111111111111111111111))
(= v0_v1 (bvadd (bvadd (bvmul #b11111111111111111111111111111111 v4_v0) (bvadd #b11111111111111111111111111111111 v7_el0_v1)) #b11111111111111111111111111111111))
(bvsle (bvadd (bvadd (bvadd (bvadd (bvadd (ite (= (ite (distinct v0_v0 #b11111111111111111111111111111111) #b00000000000000000000000000000001 #b00000000000000000000000000000000) #b00000000000000000000000000000000) #b00000000000000000000000000000001 #b00000000000000000000000000000000) (ite (= (ite (distinct v1_v0 #b11111111111111111111111111111111) #b00000000000000000000000000000001 #b00000000000000000000000000000000) #b00000000000000000000000000000000) #b00000000000000000000000000000001 #b00000000000000000000000000000000)) (ite (= (ite (distinct v2_v0 #b11111111111111111111111111111111) #b00000000000000000000000000000001 #b00000000000000000000000000000000) #b00000000000000000000000000000000) #b00000000000000000000000000000001 #b00000000000000000000000000000000)) (ite (= (ite (distinct v3_v0 #b11111111111111111111111111111111) #b00000000000000000000000000000001 #b00000000000000000000000000000000) #b00000000000000000000000000000000) #b00000000000000000000000000000001 #b00000000000000000000000000000000)) (ite (= (ite (distinct v4_v0 #b00000000000000000000000000000100) #b00000000000000000000000000000001 #b00000000000000000000000000000000) #b00000000000000000000000000000000) #b00000000000000000000000000000001 #b00000000000000000000000000000000)) (ite (= (ite (distinct v5_v0 #b11111111111111111111111111111111) #b00000000000000000000000000000001 #b00000000000000000000000000000000) #b00000000000000000000000000000000) #b00000000000000000000000000000001 #b00000000000000000000000000000000)) #b00000000000000000000000000000011)
```
Constraint stats: asserted=39 addCalls=42 skippedTrue=0 deduped=3 ensureInRangeCalls=49 boundedAlready=0 uniqueConstraintIds=39 uniqueBoundedIds=0 (solverAsserted=0)
Bitwuzla check_sat time: 24ms
Bitwuzla statistics: preprocess::contradicting_ands::num_substs=0 preprocess::contradicting_ands::time_apply=0ms preprocess::elim_extract::num_elim=0 preprocess::elim_extract::time_apply=0ms preprocess::elim_lambda::time_apply=0ms preprocess::elim_udiv::num_eliminated=0 preprocess::elim_udiv::time_apply=0ms preprocess::embedded_constraints::num_substs=1 preprocess::embedded_constraints::time_apply=0ms preprocess::flatten_and::num_assertions=12 preprocess::flatten_and::num_flattened=6 preprocess::flatten_and::time_apply=0ms preprocess::lambda::num_elim=0 preprocess::normalize::num_common_normalizations=0 preprocess::normalize::num_normalizations=38 preprocess::normalize::num_normalized_assertions=0 preprocess::normalize::num_pass1=0 preprocess::normalize::num_pass2=0 preprocess::normalize::time_adder_chains=0ms preprocess::normalize::time_apply=5ms preprocess::normalize::time_compute_occs=0ms preprocess::normalize::time_normalize_add=0ms preprocess::normalize::time_normalize_mul=0ms preprocess::normalize::time_score=3ms preprocess::rewrite::time_apply=0ms preprocess::skeleton_preproc::cnf::clauses=114 preprocess::skeleton_preproc::cnf::lits=230 preprocess::skeleton_preproc::new_assertions=0 preprocess::skeleton_preproc::resets=1 preprocess::skeleton_preproc::time_apply=0ms preprocess::skeleton_preproc::time_encode=0ms preprocess::skeleton_preproc::time_fixed=0ms preprocess::skeleton_preproc::time_sat=0ms preprocess::uninterpreted::num_substs=0 preprocess::uninterpreted::time_apply=0ms preprocess::varsubst::normalize_bv_ineq::num_slt=0 preprocess::varsubst::normalize_bv_ineq::num_ult=0 preprocess::varsubst::normalize_eq::num_bv_concat=0 preprocess::varsubst::normalize_eq::num_gauss_elim=0 preprocess::varsubst::normalize_eq::num_linear_eq=0 preprocess::varsubst::num_substs=7 preprocess::varsubst::time_apply=0ms preprocess::varsubst::time_direct_cycle_check=0ms preprocess::varsubst::time_find_substitution=0ms preprocess::varsubst::time_find_vars=0ms preprocess::varsubst::time_register=0ms preprocess::varsubst::time_remove_cycles=0ms preprocess::varsubst::time_substitute=0ms preprocessor::num_iterations=2 preprocessor::time_preprocess=7ms preprocessor::time_process=0ms rewriter::(normalize)::num_evals=0 rewriter::(normalize)::num_rewrites=113 rewriter::(normalize)::rewrite::BV_ADD_CONST=3 rewriter::(normalize)::rewrite::BV_ADD_EVAL=3 rewriter::(normalize)::rewrite::BV_ADD_SPECIAL_CONST=8 rewriter::(normalize)::rewrite::BV_MUL_EVAL=1 rewriter::(normalize)::rewrite::BV_MUL_ONES=7 rewriter::(normalize)::rewrite::BV_NEG_ELIM=7 rewriter::(normalize)::rewrite::BV_NOT_BV_NEG=1 rewriter::(normalize)::rewrite::BV_NOT_BV_NOT=14 rewriter::(normalize)::rewrite::NORMALIZE_COMM=69 rewriter::num_evals=0 rewriter::num_rewrites=707 rewriter::rewrite::AND_SPECIAL_CONST=48 rewriter::rewrite::BV_ADD_CONST=4 rewriter::rewrite::BV_ADD_EVAL=7 rewriter::rewrite::BV_ADD_ITE2=12 rewriter::rewrite::BV_ADD_SPECIAL_CONST=15 rewriter::rewrite::BV_AND_EVAL=1 rewriter::rewrite::BV_AND_SPECIAL_CONST=93 rewriter::rewrite::BV_CONCAT_EVAL=2 rewriter::rewrite::BV_EXTRACT_ADD_MUL=1 rewriter::rewrite::BV_EXTRACT_EVAL=36 rewriter::rewrite::BV_EXTRACT_FULL=3 rewriter::rewrite::BV_MUL_ONES=6 rewriter::rewrite::BV_MUL_POW2=1 rewriter::rewrite::BV_NEG_ELIM=17 rewriter::rewrite::BV_NOT_BV_NEG=2 rewriter::rewrite::BV_NOT_BV_NOT=34 rewriter::rewrite::BV_NOT_EVAL=5 rewriter::rewrite::BV_OR_ELIM=4 rewriter::rewrite::BV_SADDO_ELIM=10 rewriter::rewrite::BV_SDIVO_ELIM=3 rewriter::rewrite::BV_SDIV_ELIM=2 rewriter::rewrite::BV_SHL_CONST=1 rewriter::rewrite::BV_SIGN_EXTEND_ELIM=8 rewriter::rewrite::BV_SLE_ELIM=4 rewriter::rewrite::BV_SLT_EVAL=2 rewriter::rewrite::BV_SMULO_ELIM=3 rewriter::rewrite::BV_SREM_ELIM=1 rewriter::rewrite::BV_SSUBO_ELIM=5 rewriter::rewrite::BV_SUB_ELIM=5 rewriter::rewrite::BV_UREM_EVAL=1 rewriter::rewrite::BV_XOR_EVAL=1 rewriter::rewrite::BV_XOR_SPECIAL_CONST=2 rewriter::rewrite::DISTINCT_ELIM=9 rewriter::rewrite::EQUAL_BV_SUB=1 rewriter::rewrite::EQUAL_CONST_BV_ADD=1 rewriter::rewrite::EQUAL_CONST_BV_NOT=2 rewriter::rewrite::EQUAL_EVAL=11 rewriter::rewrite::EQUAL_ITE_SAME=6 rewriter::rewrite::EQUAL_SPECIAL_CONST=3 rewriter::rewrite::EQUAL_TRUE=4 rewriter::rewrite::ITE_EVAL=6 rewriter::rewrite::NORMALIZE_COMM=267 rewriter::rewrite::NOT_EQUAL_BV1_BOOL=15 rewriter::rewrite::NOT_EVAL=1 rewriter::rewrite::NOT_NOT=21 rewriter::rewrite::OR_ELIM=21 solver::abstract::num_checks=1 solver::abstract::terms::total=0 solver::abstract::time_check=0ms solver::array::equalities=0 solver::array::num_checks=0 solver::array::propagations=0 solver::array::propagations_down=0 solver::array::propagations_up=0 solver::array::selects=0 solver::array::time_check=0ms solver::bv::bitblast::aig::num_ands=20431 solver::bv::bitblast::aig::num_consts=192 solver::bv::bitblast::aig::num_shared=4462 solver::bv::bitblast::aig::time_bitblast=2ms solver::bv::bitblast::cnf::num_clauses=49903 solver::bv::bitblast::cnf::num_literals=121962 solver::bv::bitblast::cnf::num_vars=16111 solver::bv::bitblast::cnf::time_encode=11ms solver::bv::bitblast::sat::time_solve=2ms solver::bv::num_assertions=28 solver::bv::num_checks=1 solver::bv::time_check=14ms solver::engine::lemmas::abstr=0 solver::engine::lemmas::array=0 solver::engine::lemmas::fp=0 solver::engine::lemmas::fun=0 solver::engine::lemmas::quant=0 solver::engine::lemmas::total=0 solver::engine::time_register_term=0ms solver::engine::time_solve=16ms solver::fun::num_checks=1 solver::fun::time_check=0ms solver::quant::mbqi_checks=0 solver::quant::num_lemma_iterations=0 solver::quant::num_lemmas=0 solver::quant::time_check=0ms solver::quant::time_mbqi=0ms solver::quant::time_process=0ms solving_context::max_memory=43995136 solving_context::time_ensure_model=0ms solving_context::time_solve=24ms
SAT
Extract initialization: param=v0, value=-2
Extract initialization: param=v1, value=-2
Extract initialization: param=v2, value=-2
Extract initialization: param=v3, value=-2
Extract initialization: param=v4, value=-2
Extract initialization: param=v5, value=-1
Extract finalization: param=v0, value=6
Extract finalization: param=v1, value=-2
Extract finalization: param=v2, value=-2
Extract finalization: param=v3, value=-2
Extract finalization: param=v4, value=-2
Extract finalization: param=v5, value=1
------------SymExec: Iteration 2----------------------------------------
Final constraints: 
```
(bvsle (bvadd (bvadd (bvadd (bvadd (bvadd (ite (= v0_v0 #b00000000000000000000000000000000) #b00000000000000000000000000000001 #b00000000000000000000000000000000) (ite (= v1_v0 #b00000000000000000000000000000000) #b00000000000000000000000000000001 #b00000000000000000000000000000000)) (ite (= v2_v0 #b00000000000000000000000000000000) #b00000000000000000000000000000001 #b00000000000000000000000000000000)) (ite (= v3_v0 #b00000000000000000000000000000000) #b00000000000000000000000000000001 #b00000000000000000000000000000000)) (ite (= v4_v0 #b00000000000000000000000000000000) #b00000000000000000000000000000001 #b00000000000000000000000000000000)) (ite (= v5_v0 #b00000000000000000000000000000000) #b00000000000000000000000000000001 #b00000000000000000000000000000000)) #b00000000000000000000000000000011)
(= v6_el0_v0 #b11111111111111111111111111111111)
(= v6_el1_v0 #b11111111111111111111111111111111)
(let ((_let0 (ite (= #b11111111111111111111111111111111 #b00000000000000000000000000000000) #b00000000000000000000000000000001 #b00000000000000000000000000000000))) (bvsle (bvadd _let0 _let0) #b00000000000000000000000000000000))
(= v7_el0_v0 #b11111111111111111111111111111111)
(bvsle (ite (= #b11111111111111111111111111111111 #b00000000000000000000000000000000) #b00000000000000000000000000000001 #b00000000000000000000000000000000) #b00000000000000000000000000000000)
(distinct v2_v0 #b00000000000000000000000000000000)
(not (bvsdivo #b11111111111111111111111111111111 v2_v0))
(distinct v7_el0_v0 #b00000000000000000000000000000000)
(not (bvsdivo #b11111111111111111111111111111111 v7_el0_v0))
(not (bvssubo (bvsdiv #b11111111111111111111111111111111 v2_v0) (bvsrem #b11111111111111111111111111111111 v7_el0_v0)))
(not (bvssubo (bvsub (bvsdiv #b11111111111111111111111111111111 v2_v0) (bvsrem #b11111111111111111111111111111111 v7_el0_v0)) #b00000000000000000000000000000010))
(let ((_let0 (ite (= #b11111111111111111111111111111111 #b00000000000000000000000000000000) #b00000000000000000000000000000001 #b00000000000000000000000000000000))) (bvsle (bvadd (bvadd _let0 _let0) (ite (= #b00000000000000000000000000000010 #b00000000000000000000000000000000) #b00000000000000000000000000000001 #b00000000000000000000000000000000)) #b00000000000000000000000000000001))
(= v6_el1_v1 (bvsub (bvsub (bvsdiv #b11111111111111111111111111111111 v2_v0) (bvsrem #b11111111111111111111111111111111 v7_el0_v0)) #b00000000000000000000000000000010))
(not (bvsmulo #b11111111111111111111111111111111 v0_v0))
(not (bvsaddo #b11111111111111111111111111111111 v4_v0))
(not (bvssubo (bvmul #b11111111111111111111111111111111 v0_v0) (bvadd #b11111111111111111111111111111111 v4_v0)))
(not (bvssubo (bvsub (bvmul #b11111111111111111111111111111111 v0_v0) (bvadd #b11111111111111111111111111111111 v4_v0)) #b11111111111111111111111111111111))
(let ((_let0 (ite (= #b11111111111111111111111111111111 #b00000000000000000000000000000000) #b00000000000000000000000000000001 #b00000000000000000000000000000000))) (bvsle (bvadd (bvadd _let0 _let0) _let0) #b00000000000000000000000000000001))
(= v7_el0_v1 (bvsub (bvsub (bvmul #b11111111111111111111111111111111 v0_v0) (bvadd #b11111111111111111111111111111111 v4_v0)) #b11111111111111111111111111111111))
(not (bvsmulo #b11111111111111111111111111111111 v6_el1_v1))
(distinct v7_el0_v1 #b00000000000000000000000000000000)
(not (bvsdivo #b11111111111111111111111111111111 v7_el0_v1))
(not (bvsaddo (bvmul #b11111111111111111111111111111111 v6_el1_v1) (bvsdiv #b11111111111111111111111111111111 v7_el0_v1)))
(not (bvsaddo #b11111111111111111111111111111111 v1_v0))
(not (bvsaddo (bvadd (bvmul #b11111111111111111111111111111111 v6_el1_v1) (bvsdiv #b11111111111111111111111111111111 v7_el0_v1)) (bvadd #b11111111111111111111111111111111 v1_v0)))
(not (bvsaddo (bvadd (bvadd (bvmul #b11111111111111111111111111111111 v6_el1_v1) (bvsdiv #b11111111111111111111111111111111 v7_el0_v1)) (bvadd #b11111111111111111111111111111111 v1_v0)) #b01111111111111111111111111111111))
(let ((_let0 (ite (= #b11111111111111111111111111111111 #b00000000000000000000000000000000) #b00000000000000000000000000000001 #b00000000000000000000000000000000))) (bvsle (bvadd (bvadd (bvadd _let0 _let0) _let0) (ite (= #b01111111111111111111111111111111 #b00000000000000000000000000000000) #b00000000000000000000000000000001 #b00000000000000000000000000000000)) #b00000000000000000000000000000001))
(not (bvslt (bvadd (bvadd (bvadd (bvmul #b11111111111111111111111111111111 v6_el1_v1) (bvsdiv #b11111111111111111111111111111111 v7_el0_v1)) (bvadd #b11111111111111111111111111111111 v1_v0)) #b01111111111111111111111111111111) #b00000000000000000000000000000000))
(not (bvssubo #b11111111111111111111111111111111 v5_v0))
(not (bvsaddo (bvmul #b11111111111111111111111111111111 v0_v0) (bvsub #b11111111111111111111111111111111 v5_v0)))
(not (bvsaddo (bvadd (bvmul #b11111111111111111111111111111111 v0_v0) (bvsub #b11111111111111111111111111111111 v5_v0)) #b11111111111111111111111111111111))
(= v5_v1 (bvadd (bvadd (bvmul #b11111111111111111111111111111111 v0_v0) (bvsub #b11111111111111111111111111111111 v5_v0)) #b11111111111111111111111111111111))
(not (bvsmulo #b11111111111111111111111111111111 v4_v0))
(not (bvsaddo #b11111111111111111111111111111111 v7_el0_v1))
(not (bvsaddo (bvmul #b11111111111111111111111111111111 v4_v0) (bvadd #b11111111111111111111111111111111 v7_el0_v1)))
(not (bvsaddo (bvadd (bvmul #b11111111111111111111111111111111 v4_v0) (bvadd #b11111111111111111111111111111111 v7_el0_v1)) #b11111111111111111111111111111111))
(= v0_v1 (bvadd (bvadd (bvmul #b11111111111111111111111111111111 v4_v0) (bvadd #b11111111111111111111111111111111 v7_el0_v1)) #b11111111111111111111111111111111))
(bvsle (bvadd (bvadd (bvadd (bvadd (bvadd (ite (= (ite (distinct v0_v0 #b11111111111111111111111111111111) #b00000000000000000000000000000001 #b00000000000000000000000000000000) #b00000000000000000000000000000000) #b00000000000000000000000000000001 #b00000000000000000000000000000000) (ite (= (ite (distinct v1_v0 #b11111111111111111111111111111111) #b00000000000000000000000000000001 #b00000000000000000000000000000000) #b00000000000000000000000000000000) #b00000000000000000000000000000001 #b00000000000000000000000000000000)) (ite (= (ite (distinct v2_v0 #b11111111111111111111111111111111) #b00000000000000000000000000000001 #b00000000000000000000000000000000) #b00000000000000000000000000000000) #b00000000000000000000000000000001 #b00000000000000000000000000000000)) (ite (= (ite (distinct v3_v0 #b11111111111111111111111111111111) #b00000000000000000000000000000001 #b00000000000000000000000000000000) #b00000000000000000000000000000000) #b00000000000000000000000000000001 #b00000000000000000000000000000000)) (ite (= (ite (distinct v4_v0 #b00000000000000000000000000000100) #b00000000000000000000000000000001 #b00000000000000000000000000000000) #b00000000000000000000000000000000) #b00000000000000000000000000000001 #b00000000000000000000000000000000)) (ite (= (ite (distinct v5_v0 #b11111111111111111111111111111111) #b00000000000000000000000000000001 #b00000000000000000000000000000000) #b00000000000000000000000000000000) #b00000000000000000000000000000001 #b00000000000000000000000000000000)) #b00000000000000000000000000000011)
(bvsle (bvadd (bvadd (bvadd (bvadd (bvadd (ite (= (ite (distinct v0_v0 #b11111111111111111111111111111110) #b00000000000000000000000000000001 #b00000000000000000000000000000000) #b00000000000000000000000000000000) #b00000000000000000000000000000001 #b00000000000000000000000000000000) (ite (= (ite (distinct v1_v0 #b11111111111111111111111111111110) #b00000000000000000000000000000001 #b00000000000000000000000000000000) #b00000000000000000000000000000000) #b00000000000000000000000000000001 #b00000000000000000000000000000000)) (ite (= (ite (distinct v2_v0 #b11111111111111111111111111111110) #b00000000000000000000000000000001 #b00000000000000000000000000000000) #b00000000000000000000000000000000) #b00000000000000000000000000000001 #b00000000000000000000000000000000)) (ite (= (ite (distinct v3_v0 #b11111111111111111111111111111110) #b00000000000000000000000000000001 #b00000000000000000000000000000000) #b00000000000000000000000000000000) #b00000000000000000000000000000001 #b00000000000000000000000000000000)) (ite (= (ite (distinct v4_v0 #b11111111111111111111111111111110) #b00000000000000000000000000000001 #b00000000000000000000000000000000) #b00000000000000000000000000000000) #b00000000000000000000000000000001 #b00000000000000000000000000000000)) (ite (= (ite (distinct v5_v0 #b11111111111111111111111111111111) #b00000000000000000000000000000001 #b00000000000000000000000000000000) #b00000000000000000000000000000000) #b00000000000000000000000000000001 #b00000000000000000000000000000000)) #b00000000000000000000000000000011)
```
Constraint stats: asserted=40 addCalls=43 skippedTrue=0 deduped=3 ensureInRangeCalls=49 boundedAlready=0 uniqueConstraintIds=40 uniqueBoundedIds=0 (solverAsserted=39)
Bitwuzla check_sat time: 1ms
Bitwuzla statistics: preprocess::contradicting_ands::num_substs=0 preprocess::contradicting_ands::time_apply=0ms preprocess::elim_extract::num_elim=0 preprocess::elim_extract::time_apply=0ms preprocess::elim_lambda::time_apply=0ms preprocess::elim_udiv::num_eliminated=0 preprocess::elim_udiv::time_apply=0ms preprocess::embedded_constraints::num_substs=1 preprocess::embedded_constraints::time_apply=0ms preprocess::flatten_and::num_assertions=12 preprocess::flatten_and::num_flattened=6 preprocess::flatten_and::time_apply=0ms preprocess::lambda::num_elim=0 preprocess::normalize::num_common_normalizations=0 preprocess::normalize::num_normalizations=38 preprocess::normalize::num_normalized_assertions=0 preprocess::normalize::num_pass1=0 preprocess::normalize::num_pass2=0 preprocess::normalize::time_adder_chains=0ms preprocess::normalize::time_apply=5ms preprocess::normalize::time_compute_occs=0ms preprocess::normalize::time_normalize_add=0ms preprocess::normalize::time_normalize_mul=0ms preprocess::normalize::time_score=3ms preprocess::rewrite::time_apply=0ms preprocess::skeleton_preproc::cnf::clauses=114 preprocess::skeleton_preproc::cnf::lits=230 preprocess::skeleton_preproc::new_assertions=0 preprocess::skeleton_preproc::resets=1 preprocess::skeleton_preproc::time_apply=0ms preprocess::skeleton_preproc::time_encode=0ms preprocess::skeleton_preproc::time_fixed=0ms preprocess::skeleton_preproc::time_sat=0ms preprocess::uninterpreted::num_substs=0 preprocess::uninterpreted::time_apply=0ms preprocess::varsubst::normalize_bv_ineq::num_slt=0 preprocess::varsubst::normalize_bv_ineq::num_ult=0 preprocess::varsubst::normalize_eq::num_bv_concat=0 preprocess::varsubst::normalize_eq::num_gauss_elim=0 preprocess::varsubst::normalize_eq::num_linear_eq=0 preprocess::varsubst::num_substs=7 preprocess::varsubst::time_apply=0ms preprocess::varsubst::time_direct_cycle_check=0ms preprocess::varsubst::time_find_substitution=0ms preprocess::varsubst::time_find_vars=0ms preprocess::varsubst::time_register=0ms preprocess::varsubst::time_remove_cycles=0ms preprocess::varsubst::time_substitute=0ms preprocessor::num_iterations=3 preprocessor::time_preprocess=7ms preprocessor::time_process=0ms rewriter::(normalize)::num_evals=0 rewriter::(normalize)::num_rewrites=113 rewriter::(normalize)::rewrite::BV_ADD_CONST=3 rewriter::(normalize)::rewrite::BV_ADD_EVAL=3 rewriter::(normalize)::rewrite::BV_ADD_SPECIAL_CONST=8 rewriter::(normalize)::rewrite::BV_MUL_EVAL=1 rewriter::(normalize)::rewrite::BV_MUL_ONES=7 rewriter::(normalize)::rewrite::BV_NEG_ELIM=7 rewriter::(normalize)::rewrite::BV_NOT_BV_NEG=1 rewriter::(normalize)::rewrite::BV_NOT_BV_NOT=14 rewriter::(normalize)::rewrite::NORMALIZE_COMM=69 rewriter::num_evals=0 rewriter::num_rewrites=775 rewriter::rewrite::AND_SPECIAL_CONST=54 rewriter::rewrite::BV_ADD_CONST=5 rewriter::rewrite::BV_ADD_EVAL=10 rewriter::rewrite::BV_ADD_ITE2=18 rewriter::rewrite::BV_ADD_SPECIAL_CONST=21 rewriter::rewrite::BV_AND_EVAL=1 rewriter::rewrite::BV_AND_SPECIAL_CONST=93 rewriter::rewrite::BV_CONCAT_EVAL=2 rewriter::rewrite::BV_EXTRACT_ADD_MUL=1 rewriter::rewrite::BV_EXTRACT_EVAL=36 rewriter::rewrite::BV_EXTRACT_FULL=3 rewriter::rewrite::BV_MUL_ONES=6 rewriter::rewrite::BV_MUL_POW2=1 rewriter::rewrite::BV_NEG_ELIM=17 rewriter::rewrite::BV_NOT_BV_NEG=2 rewriter::rewrite::BV_NOT_BV_NOT=34 rewriter::rewrite::BV_NOT_EVAL=5 rewriter::rewrite::BV_OR_ELIM=4 rewriter::rewrite::BV_SADDO_ELIM=10 rewriter::rewrite::BV_SDIVO_ELIM=3 rewriter::rewrite::BV_SDIV_ELIM=2 rewriter::rewrite::BV_SHL_CONST=1 rewriter::rewrite::BV_SIGN_EXTEND_ELIM=8 rewriter::rewrite::BV_SLE_ELIM=5 rewriter::rewrite::BV_SLT_EVAL=2 rewriter::rewrite::BV_SMULO_ELIM=3 rewriter::rewrite::BV_SREM_ELIM=1 rewriter::rewrite::BV_SSUBO_ELIM=5 rewriter::rewrite::BV_SUB_ELIM=5 rewriter::rewrite::BV_UREM_EVAL=1 rewriter::rewrite::BV_XOR_EVAL=1 rewriter::rewrite::BV_XOR_SPECIAL_CONST=2 rewriter::rewrite::DISTINCT_ELIM=15 rewriter::rewrite::EQUAL_BV_SUB=1 rewriter::rewrite::EQUAL_CONST_BV_ADD=1 rewriter::rewrite::EQUAL_CONST_BV_NOT=2 rewriter::rewrite::EQUAL_EVAL=12 rewriter::rewrite::EQUAL_ITE_SAME=12 rewriter::rewrite::EQUAL_SPECIAL_CONST=3 rewriter::rewrite::EQUAL_TRUE=4 rewriter::rewrite::ITE_EVAL=6 rewriter::rewrite::NORMALIZE_COMM=286 rewriter::rewrite::NOT_EQUAL_BV1_BOOL=15 rewriter::rewrite::NOT_EVAL=2 rewriter::rewrite::NOT_NOT=27 rewriter::rewrite::OR_ELIM=27 solver::abstract::num_checks=2 solver::abstract::terms::total=0 solver::abstract::time_check=0ms solver::array::equalities=0 solver::array::num_checks=0 solver::array::propagations=0 solver::array::propagations_down=0 solver::array::propagations_up=0 solver::array::selects=0 solver::array::time_check=0ms solver::bv::bitblast::aig::num_ands=20549 solver::bv::bitblast::aig::num_consts=192 solver::bv::bitblast::aig::num_shared=4582 solver::bv::bitblast::aig::time_bitblast=2ms solver::bv::bitblast::cnf::num_clauses=50172 solver::bv::bitblast::cnf::num_literals=122600 solver::bv::bitblast::cnf::num_vars=16195 solver::bv::bitblast::cnf::time_encode=11ms solver::bv::bitblast::sat::time_solve=3ms solver::bv::num_assertions=29 solver::bv::num_checks=2 solver::bv::time_check=15ms solver::engine::lemmas::abstr=0 solver::engine::lemmas::array=0 solver::engine::lemmas::fp=0 solver::engine::lemmas::fun=0 solver::engine::lemmas::quant=0 solver::engine::lemmas::total=0 solver::engine::time_register_term=0ms solver::engine::time_solve=18ms solver::fun::num_checks=2 solver::fun::time_check=0ms solver::quant::mbqi_checks=0 solver::quant::num_lemma_iterations=0 solver::quant::num_lemmas=0 solver::quant::time_check=0ms solver::quant::time_mbqi=0ms solver::quant::time_process=0ms solving_context::max_memory=43995136 solving_context::time_ensure_model=0ms solving_context::time_solve=25ms
SAT
Extract initialization: param=v0, value=-10
Extract initialization: param=v1, value=-3
Extract initialization: param=v2, value=-2
Extract initialization: param=v3, value=-2
Extract initialization: param=v4, value=-2
Extract initialization: param=v5, value=-2
Extract finalization: param=v0, value=14
Extract finalization: param=v1, value=-3
Extract finalization: param=v2, value=-2
Extract finalization: param=v3, value=-2
Extract finalization: param=v4, value=-2
Extract finalization: param=v5, value=10
