----FunPlus: Generate Function func_xb1v6r_96------------------------------------------------
------GraphPlus::Generate----------------------------------------------
Randomly generating a graph with 15 nodes
------CfgSketch::GenerateReduLoop----------------------------------------------
--------GraphPlus::Generate--------------------------------------------
Randomly generating a graph with 4 nodes
Removing cycles from the generated graph
Removed edge 2 -> 1
Started replacing bimpo #10 (successors=[8, 9]) with a reducible loop of size=5
Updated 4 bimpos' indices by +4 if it is behind #10 in our unflattened CFG
Updated 10 bimpos' successors by +4 if it is behind #10 in our flattened CFG
Updated the successors of the loop's latch to [10, 14]
Updated the successors of the loop's exit to [8, 9]
Constructed the basic blocks of the newly inserted loop
Inserted all the loop's basic blocks into the flattened CFG
------CfgSketch: Unflattened CFG Sketch----------------------------------------------
Bimpo: type=0, id=0, size=1, start=0
Bimpo: type=0, id=1, size=1, start=1
Bimpo: type=0, id=2, size=1, start=2
Bimpo: type=0, id=3, size=1, start=3
Bimpo: type=0, id=4, size=1, start=4
Bimpo: type=0, id=5, size=1, start=5
Bimpo: type=0, id=6, size=1, start=6
Bimpo: type=0, id=7, size=1, start=7
Bimpo: type=0, id=8, size=1, start=8
Bimpo: type=0, id=9, size=1, start=9
Bimpo: type=1, id=10, size=5, start=10
Bimpo: type=0, id=11, size=1, start=15
Bimpo: type=0, id=12, size=1, start=16
Bimpo: type=0, id=13, size=1, start=17
Bimpo: type=0, id=14, size=1, start=18
------CfgSketch: Flattened CFG Sketch----------------------------------------------
Block: 0 -> [15, 18]
Block: 1 -> [4, 15]
Block: 2 -> [1]
Block: 3 -> [1]
Block: 4 -> [1, 6]
Block: 5 -> [10]
Block: 6 -> [7, 8]
Block: 7 -> [6, 16]
Block: 8 -> [10, 15]
Block: 9 -> [6, 16]
Block: 10 -> [13]
Block: 11 -> [12]
Block: 12 -> [13]
Block: 13 -> [10, 14]
Block: 14 -> [8, 9]
Block: 15 -> [1, 18]
Block: 16 -> [17, 18]
Block: 17 -> [15]
Block: 18 -> []
------FunPlus: Generate Block #0----------------------------------------------
Generate assignment: 1 <- 4, 6
Generate assignment: 0 <- 4, 6
Generate conditional: 1, 0, 4
------FunPlus: Generate Block #1----------------------------------------------
Generate assignment: 2 <- 5, 4
Generate assignment: 6 <- 4, 6
Generate conditional: 2, 6, 1
------FunPlus: Generate Block #2----------------------------------------------
Generate assignment: 7 <- 0, 6
Generate assignment: 3 <- 7, 2
------FunPlus: Generate Block #3----------------------------------------------
Generate assignment: 6 <- 2, 1
Generate assignment: 5 <- 6, 1
------FunPlus: Generate Block #4----------------------------------------------
Generate assignment: 2 <- 0, 6
Generate assignment: 6 <- 2, 6
Generate conditional: 2, 6, 7
------FunPlus: Generate Block #5----------------------------------------------
Generate assignment: 4 <- 5, 6
Generate assignment: 0 <- 0, 5
------FunPlus: Generate Block #6----------------------------------------------
Generate assignment: 3 <- 2, 7
Generate assignment: 5 <- 5, 6
Generate conditional: 3, 5, 0
------FunPlus: Generate Block #7----------------------------------------------
Generate assignment: 1 <- 2, 4
Generate assignment: 5 <- 7, 2
Generate conditional: 1, 5, 4
------FunPlus: Generate Block #8----------------------------------------------
Generate assignment: 1 <- 0, 5
Generate assignment: 4 <- 4, 5
Generate conditional: 1, 4, 0
------FunPlus: Generate Block #9----------------------------------------------
Generate assignment: 0 <- 2, 4
Generate assignment: 4 <- 3, 6
Generate conditional: 0, 4, 2
------FunPlus: Generate Block #10----------------------------------------------
Generate assignment: 4 <- 2, 5
Generate assignment: 6 <- 5, 2
------FunPlus: Generate Block #11----------------------------------------------
Generate assignment: 7 <- 1, 2
Generate assignment: 1 <- 7, 2
------FunPlus: Generate Block #12----------------------------------------------
Generate assignment: 6 <- 1, 7
Generate assignment: 3 <- 0, 7
------FunPlus: Generate Block #13----------------------------------------------
Generate assignment: 0 <- 4, 5
Generate assignment: 3 <- 4, 2
Generate conditional: 0, 3, 7
------FunPlus: Generate Block #14----------------------------------------------
Generate assignment: 1 <- 5, 3
Generate assignment: 5 <- 2, 5
Generate conditional: 1, 5, 2
------FunPlus: Generate Block #15----------------------------------------------
Generate assignment: 0 <- 3, 2
Generate assignment: 3 <- 0, 3
Generate conditional: 0, 3, 4
------FunPlus: Generate Block #16----------------------------------------------
Generate assignment: 4 <- 5, 3
Generate assignment: 1 <- 2, 4
Generate conditional: 4, 1, 5
------FunPlus: Generate Block #17----------------------------------------------
Generate assignment: 0 <- 6, 4
Generate assignment: 7 <- 7, 3
------FunPlus: Generate Block #18----------------------------------------------
Generate assignment: 1 <- 2, 1
Generate assignment: 3 <- 2, 6
----SymExec: Solve------------------------------------------------
Execution Path: 0->18
------SymExec: Iteration 0----------------------------------------------
Generating or re-generating UB-free constraints
Initial constraints: 
```
(bvsle (bvadd (bvadd (bvadd (bvadd (bvadd (bvadd (bvadd (bvadd (bvadd (ite (= v0_v0 #b00000000000000000000000000000000) #b00000000000000000000000000000001 #b00000000000000000000000000000000) (ite (= v1_v0 #b00000000000000000000000000000000) #b00000000000000000000000000000001 #b00000000000000000000000000000000)) (ite (= v2_f0_f0_el0_v0 #b00000000000000000000000000000000) #b00000000000000000000000000000001 #b00000000000000000000000000000000)) (ite (= v2_f0_f0_el1_v0 #b00000000000000000000000000000000) #b00000000000000000000000000000001 #b00000000000000000000000000000000)) (ite (= v2_f0_f0_el2_v0 #b00000000000000000000000000000000) #b00000000000000000000000000000001 #b00000000000000000000000000000000)) (ite (= v2_f0_f1_v0 #b00000000000000000000000000000000) #b00000000000000000000000000000001 #b00000000000000000000000000000000)) (ite (= v2_f1_v0 #b00000000000000000000000000000000) #b00000000000000000000000000000001 #b00000000000000000000000000000000)) (ite (= v3_v0 #b00000000000000000000000000000000) #b00000000000000000000000000000001 #b00000000000000000000000000000000)) (ite (= v4_v0 #b00000000000000000000000000000000) #b00000000000000000000000000000001 #b00000000000000000000000000000000)) (ite (= v5_v0 #b00000000000000000000000000000000) #b00000000000000000000000000000001 #b00000000000000000000000000000000)) #b00000000000000000000000000000101)
```
Final constraints: 
```
(bvsle (bvadd (bvadd (bvadd (bvadd (bvadd (bvadd (bvadd (bvadd (bvadd (ite (= v0_v0 #b00000000000000000000000000000000) #b00000000000000000000000000000001 #b00000000000000000000000000000000) (ite (= v1_v0 #b00000000000000000000000000000000) #b00000000000000000000000000000001 #b00000000000000000000000000000000)) (ite (= v2_f0_f0_el0_v0 #b00000000000000000000000000000000) #b00000000000000000000000000000001 #b00000000000000000000000000000000)) (ite (= v2_f0_f0_el1_v0 #b00000000000000000000000000000000) #b00000000000000000000000000000001 #b00000000000000000000000000000000)) (ite (= v2_f0_f0_el2_v0 #b00000000000000000000000000000000) #b00000000000000000000000000000001 #b00000000000000000000000000000000)) (ite (= v2_f0_f1_v0 #b00000000000000000000000000000000) #b00000000000000000000000000000001 #b00000000000000000000000000000000)) (ite (= v2_f1_v0 #b00000000000000000000000000000000) #b00000000000000000000000000000001 #b00000000000000000000000000000000)) (ite (= v3_v0 #b00000000000000000000000000000000) #b00000000000000000000000000000001 #b00000000000000000000000000000000)) (ite (= v4_v0 #b00000000000000000000000000000000) #b00000000000000000000000000000001 #b00000000000000000000000000000000)) (ite (= v5_v0 #b00000000000000000000000000000000) #b00000000000000000000000000000001 #b00000000000000000000000000000000)) #b00000000000000000000000000000101)
(= v6_v0 init_var6)
(= v7_v0 init_var7)
(not (bvsaddo a0_0_1 v4_v0))
(distinct v6_v0 #b00000000000000000000000000000000)
(not (bvsdivo a0_0_2 v6_v0))
(not (bvssubo (bvadd a0_0_1 v4_v0) (bvsdiv a0_0_2 v6_v0)))
(not (bvssubo (bvsub (bvadd a0_0_1 v4_v0) (bvsdiv a0_0_2 v6_v0)) a0_0))
(bvsle (bvadd (bvadd (ite (= a0_0_1 #b00000000000000000000000000000000) #b00000000000000000000000000000001 #b00000000000000000000000000000000) (ite (= a0_0_2 #b00000000000000000000000000000000) #b00000000000000000000000000000001 #b00000000000000000000000000000000)) (ite (= a0_0 #b00000000000000000000000000000000) #b00000000000000000000000000000001 #b00000000000000000000000000000000)) #b00000000000000000000000000000001)
(= v1_v1 (bvsub (bvsub (bvadd a0_0_1 v4_v0) (bvsdiv a0_0_2 v6_v0)) a0_0))
(not (bvsmulo a0_1_1 v4_v0))
(not (bvsaddo a0_1_2 v6_v0))
(not (bvssubo (bvmul a0_1_1 v4_v0) (bvadd a0_1_2 v6_v0)))
(not (bvssubo (bvsub (bvmul a0_1_1 v4_v0) (bvadd a0_1_2 v6_v0)) a0_1))
(bvsle (bvadd (bvadd (ite (= a0_1_1 #b00000000000000000000000000000000) #b00000000000000000000000000000001 #b00000000000000000000000000000000) (ite (= a0_1_2 #b00000000000000000000000000000000) #b00000000000000000000000000000001 #b00000000000000000000000000000000)) (ite (= a0_1 #b00000000000000000000000000000000) #b00000000000000000000000000000001 #b00000000000000000000000000000000)) #b00000000000000000000000000000001)
(= v0_v1 (bvsub (bvsub (bvmul a0_1_1 v4_v0) (bvadd a0_1_2 v6_v0)) a0_1))
(distinct v1_v1 #b00000000000000000000000000000000)
(not (bvsdivo b0_2_1 v1_v1))
(distinct v0_v1 #b00000000000000000000000000000000)
(not (bvsdivo b0_2_2 v0_v1))
(not (bvsaddo (bvsdiv b0_2_1 v1_v1) (bvsrem b0_2_2 v0_v1)))
(distinct v4_v0 #b00000000000000000000000000000000)
(not (bvsdivo b0_2_3 v4_v0))
(not (bvsaddo (bvadd (bvsdiv b0_2_1 v1_v1) (bvsrem b0_2_2 v0_v1)) (bvsrem b0_2_3 v4_v0)))
(not (bvsaddo (bvadd (bvadd (bvsdiv b0_2_1 v1_v1) (bvsrem b0_2_2 v0_v1)) (bvsrem b0_2_3 v4_v0)) b0_2))
(bvsle (bvadd (bvadd (bvadd (ite (= b0_2_1 #b00000000000000000000000000000000) #b00000000000000000000000000000001 #b00000000000000000000000000000000) (ite (= b0_2_2 #b00000000000000000000000000000000) #b00000000000000000000000000000001 #b00000000000000000000000000000000)) (ite (= b0_2_3 #b00000000000000000000000000000000) #b00000000000000000000000000000001 #b00000000000000000000000000000000)) (ite (= b0_2 #b00000000000000000000000000000000) #b00000000000000000000000000000001 #b00000000000000000000000000000000)) #b00000000000000000000000000000001)
(not (bvslt (bvadd (bvadd (bvadd (bvsdiv b0_2_1 v1_v1) (bvsrem b0_2_2 v0_v1)) (bvsrem b0_2_3 v4_v0)) b0_2) #b00000000000000000000000000000000))
(distinct v2_f0_f0_el2_v0 #b00000000000000000000000000000000)
(not (bvsdivo a18_0_1 v2_f0_f0_el2_v0))
(not (bvssubo a18_0_2 v1_v1))
(not (bvsaddo (bvsrem a18_0_1 v2_f0_f0_el2_v0) (bvsub a18_0_2 v1_v1)))
(not (bvsaddo (bvadd (bvsrem a18_0_1 v2_f0_f0_el2_v0) (bvsub a18_0_2 v1_v1)) a18_0))
(bvsle (bvadd (bvadd (ite (= a18_0_1 #b00000000000000000000000000000000) #b00000000000000000000000000000001 #b00000000000000000000000000000000) (ite (= a18_0_2 #b00000000000000000000000000000000) #b00000000000000000000000000000001 #b00000000000000000000000000000000)) (ite (= a18_0 #b00000000000000000000000000000000) #b00000000000000000000000000000001 #b00000000000000000000000000000000)) #b00000000000000000000000000000001)
(= v1_v2 (bvadd (bvadd (bvsrem a18_0_1 v2_f0_f0_el2_v0) (bvsub a18_0_2 v1_v1)) a18_0))
(not (bvssubo a18_1_1 v2_f0_f1_v0))
(not (bvsaddo a18_1_2 v6_v0))
(not (bvsaddo (bvsub a18_1_1 v2_f0_f1_v0) (bvadd a18_1_2 v6_v0)))
(not (bvsaddo (bvadd (bvsub a18_1_1 v2_f0_f1_v0) (bvadd a18_1_2 v6_v0)) a18_1))
(bvsle (bvadd (bvadd (ite (= a18_1_1 #b00000000000000000000000000000000) #b00000000000000000000000000000001 #b00000000000000000000000000000000) (ite (= a18_1_2 #b00000000000000000000000000000000) #b00000000000000000000000000000001 #b00000000000000000000000000000000)) (ite (= a18_1 #b00000000000000000000000000000000) #b00000000000000000000000000000001 #b00000000000000000000000000000000)) #b00000000000000000000000000000001)
(= v3_v1 (bvadd (bvadd (bvsub a18_1_1 v2_f0_f1_v0) (bvadd a18_1_2 v6_v0)) a18_1))
```
Optimized constraints: 
```
(bvsle (bvadd (bvadd (bvadd (bvadd (bvadd (bvadd (bvadd (bvadd (bvadd (ite (= v0_v0 #b00000000000000000000000000000000) #b00000000000000000000000000000001 #b00000000000000000000000000000000) (ite (= v1_v0 #b00000000000000000000000000000000) #b00000000000000000000000000000001 #b00000000000000000000000000000000)) (ite (= v2_f0_f0_el0_v0 #b00000000000000000000000000000000) #b00000000000000000000000000000001 #b00000000000000000000000000000000)) (ite (= v2_f0_f0_el1_v0 #b00000000000000000000000000000000) #b00000000000000000000000000000001 #b00000000000000000000000000000000)) (ite (= v2_f0_f0_el2_v0 #b00000000000000000000000000000000) #b00000000000000000000000000000001 #b00000000000000000000000000000000)) (ite (= v2_f0_f1_v0 #b00000000000000000000000000000000) #b00000000000000000000000000000001 #b00000000000000000000000000000000)) (ite (= v2_f1_v0 #b00000000000000000000000000000000) #b00000000000000000000000000000001 #b00000000000000000000000000000000)) (ite (= v3_v0 #b00000000000000000000000000000000) #b00000000000000000000000000000001 #b00000000000000000000000000000000)) (ite (= v4_v0 #b00000000000000000000000000000000) #b00000000000000000000000000000001 #b00000000000000000000000000000000)) (ite (= v5_v0 #b00000000000000000000000000000000) #b00000000000000000000000000000001 #b00000000000000000000000000000000)) #b00000000000000000000000000000101)
(= v6_v0 init_var6)
(= v7_v0 init_var7)
(not (bvsaddo a0_0_1 v4_v0))
(distinct v6_v0 #b00000000000000000000000000000000)
(not (bvsdivo a0_0_2 v6_v0))
(not (bvssubo (bvadd a0_0_1 v4_v0) (bvsdiv a0_0_2 v6_v0)))
(not (bvssubo (bvsub (bvadd a0_0_1 v4_v0) (bvsdiv a0_0_2 v6_v0)) a0_0))
(bvsle (bvadd (bvadd (ite (= a0_0_1 #b00000000000000000000000000000000) #b00000000000000000000000000000001 #b00000000000000000000000000000000) (ite (= a0_0_2 #b00000000000000000000000000000000) #b00000000000000000000000000000001 #b00000000000000000000000000000000)) (ite (= a0_0 #b00000000000000000000000000000000) #b00000000000000000000000000000001 #b00000000000000000000000000000000)) #b00000000000000000000000000000001)
(= v1_v1 (bvsub (bvsub (bvadd a0_0_1 v4_v0) (bvsdiv a0_0_2 v6_v0)) a0_0))
(not (bvsmulo a0_1_1 v4_v0))
(not (bvsaddo a0_1_2 v6_v0))
(not (bvssubo (bvmul a0_1_1 v4_v0) (bvadd a0_1_2 v6_v0)))
(not (bvssubo (bvsub (bvmul a0_1_1 v4_v0) (bvadd a0_1_2 v6_v0)) a0_1))
(bvsle (bvadd (bvadd (ite (= a0_1_1 #b00000000000000000000000000000000) #b00000000000000000000000000000001 #b00000000000000000000000000000000) (ite (= a0_1_2 #b00000000000000000000000000000000) #b00000000000000000000000000000001 #b00000000000000000000000000000000)) (ite (= a0_1 #b00000000000000000000000000000000) #b00000000000000000000000000000001 #b00000000000000000000000000000000)) #b00000000000000000000000000000001)
(= v0_v1 (bvsub (bvsub (bvmul a0_1_1 v4_v0) (bvadd a0_1_2 v6_v0)) a0_1))
(distinct v1_v1 #b00000000000000000000000000000000)
(not (bvsdivo b0_2_1 v1_v1))
(distinct v0_v1 #b00000000000000000000000000000000)
(not (bvsdivo b0_2_2 v0_v1))
(not (bvsaddo (bvsdiv b0_2_1 v1_v1) (bvsrem b0_2_2 v0_v1)))
(distinct v4_v0 #b00000000000000000000000000000000)
(not (bvsdivo b0_2_3 v4_v0))
(not (bvsaddo (bvadd (bvsdiv b0_2_1 v1_v1) (bvsrem b0_2_2 v0_v1)) (bvsrem b0_2_3 v4_v0)))
(not (bvsaddo (bvadd (bvadd (bvsdiv b0_2_1 v1_v1) (bvsrem b0_2_2 v0_v1)) (bvsrem b0_2_3 v4_v0)) b0_2))
(bvsle (bvadd (bvadd (bvadd (ite (= b0_2_1 #b00000000000000000000000000000000) #b00000000000000000000000000000001 #b00000000000000000000000000000000) (ite (= b0_2_2 #b00000000000000000000000000000000) #b00000000000000000000000000000001 #b00000000000000000000000000000000)) (ite (= b0_2_3 #b00000000000000000000000000000000) #b00000000000000000000000000000001 #b00000000000000000000000000000000)) (ite (= b0_2 #b00000000000000000000000000000000) #b00000000000000000000000000000001 #b00000000000000000000000000000000)) #b00000000000000000000000000000001)
(not (bvslt (bvadd (bvadd (bvadd (bvsdiv b0_2_1 v1_v1) (bvsrem b0_2_2 v0_v1)) (bvsrem b0_2_3 v4_v0)) b0_2) #b00000000000000000000000000000000))
(distinct v2_f0_f0_el2_v0 #b00000000000000000000000000000000)
(not (bvsdivo a18_0_1 v2_f0_f0_el2_v0))
(not (bvssubo a18_0_2 v1_v1))
(not (bvsaddo (bvsrem a18_0_1 v2_f0_f0_el2_v0) (bvsub a18_0_2 v1_v1)))
(not (bvsaddo (bvadd (bvsrem a18_0_1 v2_f0_f0_el2_v0) (bvsub a18_0_2 v1_v1)) a18_0))
(bvsle (bvadd (bvadd (ite (= a18_0_1 #b00000000000000000000000000000000) #b00000000000000000000000000000001 #b00000000000000000000000000000000) (ite (= a18_0_2 #b00000000000000000000000000000000) #b00000000000000000000000000000001 #b00000000000000000000000000000000)) (ite (= a18_0 #b00000000000000000000000000000000) #b00000000000000000000000000000001 #b00000000000000000000000000000000)) #b00000000000000000000000000000001)
(= v1_v2 (bvadd (bvadd (bvsrem a18_0_1 v2_f0_f0_el2_v0) (bvsub a18_0_2 v1_v1)) a18_0))
(not (bvssubo a18_1_1 v2_f0_f1_v0))
(not (bvsaddo a18_1_2 v6_v0))
(not (bvsaddo (bvsub a18_1_1 v2_f0_f1_v0) (bvadd a18_1_2 v6_v0)))
(not (bvsaddo (bvadd (bvsub a18_1_1 v2_f0_f1_v0) (bvadd a18_1_2 v6_v0)) a18_1))
(bvsle (bvadd (bvadd (ite (= a18_1_1 #b00000000000000000000000000000000) #b00000000000000000000000000000001 #b00000000000000000000000000000000) (ite (= a18_1_2 #b00000000000000000000000000000000) #b00000000000000000000000000000001 #b00000000000000000000000000000000)) (ite (= a18_1 #b00000000000000000000000000000000) #b00000000000000000000000000000001 #b00000000000000000000000000000000)) #b00000000000000000000000000000001)
(= v3_v1 (bvadd (bvadd (bvsub a18_1_1 v2_f0_f1_v0) (bvadd a18_1_2 v6_v0)) a18_1))
```
Constraint stats: asserted=40 addCalls=40 skippedTrue=0 deduped=0 ensureInRangeCalls=50 boundedAlready=0 uniqueConstraintIds=40 uniqueBoundedIds=0 (solverAsserted=0)
Bitwuzla check_sat time: 83ms
Bitwuzla statistics: preprocess::contradicting_ands::num_substs=0 preprocess::contradicting_ands::time_apply=0ms preprocess::elim_extract::num_elim=0 preprocess::elim_extract::time_apply=0ms preprocess::elim_lambda::time_apply=0ms preprocess::elim_udiv::num_eliminated=0 preprocess::elim_udiv::time_apply=0ms preprocess::embedded_constraints::num_substs=2 preprocess::embedded_constraints::time_apply=0ms preprocess::flatten_and::num_assertions=63 preprocess::flatten_and::num_flattened=46 preprocess::flatten_and::time_apply=0ms preprocess::lambda::num_elim=0 preprocess::normalize::num_common_normalizations=2 preprocess::normalize::num_normalizations=48 preprocess::normalize::num_normalized_assertions=0 preprocess::normalize::num_pass1=0 preprocess::normalize::num_pass2=0 preprocess::normalize::time_adder_chains=1ms preprocess::normalize::time_apply=18ms preprocess::normalize::time_compute_occs=0ms preprocess::normalize::time_normalize_add=0ms preprocess::normalize::time_normalize_mul=0ms preprocess::normalize::time_score=15ms preprocess::rewrite::time_apply=1ms preprocess::skeleton_preproc::cnf::clauses=289 preprocess::skeleton_preproc::cnf::lits=565 preprocess::skeleton_preproc::new_assertions=0 preprocess::skeleton_preproc::resets=1 preprocess::skeleton_preproc::time_apply=0ms preprocess::skeleton_preproc::time_encode=0ms preprocess::skeleton_preproc::time_fixed=0ms preprocess::skeleton_preproc::time_sat=0ms preprocess::uninterpreted::num_substs=0 preprocess::uninterpreted::time_apply=0ms preprocess::varsubst::normalize_bv_ineq::num_slt=0 preprocess::varsubst::normalize_bv_ineq::num_ult=0 preprocess::varsubst::normalize_eq::num_bv_concat=0 preprocess::varsubst::normalize_eq::num_gauss_elim=4 preprocess::varsubst::normalize_eq::num_linear_eq=4 preprocess::varsubst::num_substs=5 preprocess::varsubst::time_apply=0ms preprocess::varsubst::time_direct_cycle_check=0ms preprocess::varsubst::time_find_substitution=0ms preprocess::varsubst::time_find_vars=0ms preprocess::varsubst::time_register=0ms preprocess::varsubst::time_remove_cycles=0ms preprocess::varsubst::time_substitute=0ms preprocessor::num_iterations=2 preprocessor::time_preprocess=21ms preprocessor::time_process=0ms rewriter::(normalize)::num_evals=0 rewriter::(normalize)::num_rewrites=187 rewriter::(normalize)::rewrite::BV_ADD_SPECIAL_CONST=20 rewriter::(normalize)::rewrite::BV_MUL_EVAL=2 rewriter::(normalize)::rewrite::BV_MUL_ONES=7 rewriter::(normalize)::rewrite::BV_NEG_ELIM=7 rewriter::(normalize)::rewrite::BV_NOT_BV_NOT=26 rewriter::(normalize)::rewrite::NORMALIZE_COMM=125 rewriter::eval::BV_MUL_EVAL=1 rewriter::eval::BV_NEG_EVAL=1 rewriter::eval::BV_SHL_EVAL=1 rewriter::eval::EQUAL_EVAL=2 rewriter::eval::IMPLIES_EVAL=1 rewriter::num_evals=6 rewriter::num_rewrites=749 rewriter::rewrite::BV_ADD_EVAL=2 rewriter::rewrite::BV_ADD_ITE2=26 rewriter::rewrite::BV_ADD_SPECIAL_CONST=24 rewriter::rewrite::BV_EXTRACT_ADD_MUL=4 rewriter::rewrite::BV_EXTRACT_EVAL=1 rewriter::rewrite::BV_EXTRACT_FULL=2 rewriter::rewrite::BV_MUL_ONE=3 rewriter::rewrite::BV_MUL_POW2=4 rewriter::rewrite::BV_NEG_ELIM=26 rewriter::rewrite::BV_NOT_BV_NOT=116 rewriter::rewrite::BV_NOT_EVAL=2 rewriter::rewrite::BV_OR_ELIM=59 rewriter::rewrite::BV_SADDO_ELIM=10 rewriter::rewrite::BV_SDIVO_ELIM=5 rewriter::rewrite::BV_SDIV_ELIM=2 rewriter::rewrite::BV_SHL_CONST=4 rewriter::rewrite::BV_SHL_SPECIAL_CONST=1 rewriter::rewrite::BV_SIGN_EXTEND_ELIM=4 rewriter::rewrite::BV_SLE_ELIM=6 rewriter::rewrite::BV_SMULO_ELIM=1 rewriter::rewrite::BV_SREM_ELIM=3 rewriter::rewrite::BV_SSUBO_ELIM=6 rewriter::rewrite::BV_SUB_ELIM=9 rewriter::rewrite::DISTINCT_ELIM=5 rewriter::rewrite::EQUAL_BV_SUB=6 rewriter::rewrite::EQUAL_CONST_BV_NOT=31 rewriter::rewrite::EQUAL_SPECIAL_CONST=2 rewriter::rewrite::EQUAL_TRUE=4 rewriter::rewrite::IMPLIES_ELIM=1 rewriter::rewrite::ITE_EVAL=2 rewriter::rewrite::NORMALIZE_COMM=313 rewriter::rewrite::NOT_EQUAL_BV1_BOOL=33 rewriter::rewrite::NOT_NOT=16 rewriter::rewrite::OR_ELIM=16 solver::abstract::lemmas::MUL_NEG_POW2=1 solver::abstract::num_checks=2 solver::abstract::terms::BV_MUL=1 solver::abstract::terms::total=1 solver::abstract::time_check=1ms solver::array::equalities=0 solver::array::num_checks=0 solver::array::propagations=0 solver::array::propagations_down=0 solver::array::propagations_up=0 solver::array::selects=0 solver::array::time_check=0ms solver::bv::bitblast::aig::num_ands=57995 solver::bv::bitblast::aig::num_consts=929 solver::bv::bitblast::aig::num_shared=9910 solver::bv::bitblast::aig::time_bitblast=6ms solver::bv::bitblast::cnf::num_clauses=145092 solver::bv::bitblast::cnf::num_literals=352768 solver::bv::bitblast::cnf::num_vars=47371 solver::bv::bitblast::cnf::time_encode=45ms solver::bv::bitblast::sat::time_solve=8ms solver::bv::num_assertions=84 solver::bv::num_checks=2 solver::bv::time_check=53ms solver::engine::lemmas::abstr=1 solver::engine::lemmas::array=0 solver::engine::lemmas::fp=0 solver::engine::lemmas::fun=0 solver::engine::lemmas::quant=0 solver::engine::lemmas::total=1 solver::engine::time_register_term=0ms solver::engine::time_solve=62ms solver::fun::num_checks=1 solver::fun::time_check=0ms solver::quant::mbqi_checks=0 solver::quant::num_lemma_iterations=0 solver::quant::num_lemmas=0 solver::quant::time_check=0ms solver::quant::time_mbqi=0ms solver::quant::time_process=0ms solving_context::max_memory=43958272 solving_context::time_ensure_model=0ms solving_context::time_solve=83ms
SAT
Extract symbols: sym=init_var6, value=4
Extract symbols: sym=init_var7, value=0
Extract symbols: sym=a0_0_1, value=-1
Extract symbols: sym=a0_0_2, value=-1
Extract symbols: sym=a0_0, value=-1
Extract symbols: sym=a0_1_1, value=-1
Extract symbols: sym=a0_1_2, value=-1
Extract symbols: sym=a0_1, value=-1
Extract symbols: sym=b0_2_1, value=-1
Extract symbols: sym=b0_2_2, value=-1
Extract symbols: sym=b0_2_3, value=-1
Extract symbols: sym=b0_2, value=-1
Extract symbols: sym=a1_0_1, value=0
Extract symbols: sym=a1_0_2, value=0
Extract symbols: sym=a1_0, value=0
Extract symbols: sym=a1_1_1, value=0
Extract symbols: sym=a1_1_2, value=0
Extract symbols: sym=a1_1, value=0
Extract symbols: sym=b1_2_1, value=0
Extract symbols: sym=b1_2_2, value=0
Extract symbols: sym=b1_2_3, value=0
Extract symbols: sym=b1_2, value=0
Extract symbols: sym=a2_0_1, value=0
Extract symbols: sym=a2_0_2, value=0
Extract symbols: sym=a2_0, value=0
Extract symbols: sym=a2_1_1, value=0
Extract symbols: sym=a2_1_2, value=0
Extract symbols: sym=a2_1, value=0
Extract symbols: sym=a3_0_1, value=0
Extract symbols: sym=a3_0_2, value=0
Extract symbols: sym=a3_0, value=0
Extract symbols: sym=a3_1_1, value=0
Extract symbols: sym=a3_1_2, value=0
Extract symbols: sym=a3_1, value=0
Extract symbols: sym=a4_0_1, value=0
Extract symbols: sym=a4_0_2, value=0
Extract symbols: sym=a4_0, value=0
Extract symbols: sym=a4_1_1, value=0
Extract symbols: sym=a4_1_2, value=0
Extract symbols: sym=a4_1, value=0
Extract symbols: sym=b4_2_1, value=0
Extract symbols: sym=b4_2_2, value=0
Extract symbols: sym=b4_2_3, value=0
Extract symbols: sym=b4_2, value=0
Extract symbols: sym=a5_0_1, value=0
Extract symbols: sym=a5_0_2, value=0
Extract symbols: sym=a5_0, value=0
Extract symbols: sym=a5_1_1, value=0
Extract symbols: sym=a5_1_2, value=0
Extract symbols: sym=a5_1, value=0
Extract symbols: sym=a6_0_1, value=0
Extract symbols: sym=a6_0_2, value=0
Extract symbols: sym=a6_0, value=0
Extract symbols: sym=a6_1_1, value=0
Extract symbols: sym=a6_1_2, value=0
Extract symbols: sym=a6_1, value=0
Extract symbols: sym=b6_2_1, value=0
Extract symbols: sym=b6_2_2, value=0
Extract symbols: sym=b6_2_3, value=0
Extract symbols: sym=b6_2, value=0
Extract symbols: sym=a7_0_1, value=0
Extract symbols: sym=a7_0_2, value=0
Extract symbols: sym=a7_0, value=0
Extract symbols: sym=a7_1_1, value=0
Extract symbols: sym=a7_1_2, value=0
Extract symbols: sym=a7_1, value=0
Extract symbols: sym=b7_2_1, value=0
Extract symbols: sym=b7_2_2, value=0
Extract symbols: sym=b7_2_3, value=0
Extract symbols: sym=b7_2, value=0
Extract symbols: sym=a8_0_1, value=0
Extract symbols: sym=a8_0_2, value=0
Extract symbols: sym=a8_0, value=0
Extract symbols: sym=a8_1_1, value=0
Extract symbols: sym=a8_1_2, value=0
Extract symbols: sym=a8_1, value=0
Extract symbols: sym=b8_2_1, value=0
Extract symbols: sym=b8_2_2, value=0
Extract symbols: sym=b8_2_3, value=0
Extract symbols: sym=b8_2, value=0
Extract symbols: sym=a9_0_1, value=0
Extract symbols: sym=a9_0_2, value=0
Extract symbols: sym=a9_0, value=0
Extract symbols: sym=a9_1_1, value=0
Extract symbols: sym=a9_1_2, value=0
Extract symbols: sym=a9_1, value=0
Extract symbols: sym=b9_2_1, value=0
Extract symbols: sym=b9_2_2, value=0
Extract symbols: sym=b9_2_3, value=0
Extract symbols: sym=b9_2, value=0
Extract symbols: sym=a10_0_1, value=0
Extract symbols: sym=a10_0_2, value=0
Extract symbols: sym=a10_0, value=0
Extract symbols: sym=a10_1_1, value=0
Extract symbols: sym=a10_1_2, value=0
Extract symbols: sym=a10_1, value=0
Extract symbols: sym=a11_0_1, value=0
Extract symbols: sym=a11_0_2, value=0
Extract symbols: sym=a11_0, value=0
Extract symbols: sym=a11_1_1, value=0
Extract symbols: sym=a11_1_2, value=0
Extract symbols: sym=a11_1, value=0
Extract symbols: sym=a12_0_1, value=0
Extract symbols: sym=a12_0_2, value=0
Extract symbols: sym=a12_0, value=0
Extract symbols: sym=a12_1_1, value=0
Extract symbols: sym=a12_1_2, value=0
Extract symbols: sym=a12_1, value=0
Extract symbols: sym=a13_0_1, value=0
Extract symbols: sym=a13_0_2, value=0
Extract symbols: sym=a13_0, value=0
Extract symbols: sym=a13_1_1, value=0
Extract symbols: sym=a13_1_2, value=0
Extract symbols: sym=a13_1, value=0
Extract symbols: sym=b13_2_1, value=0
Extract symbols: sym=b13_2_2, value=0
Extract symbols: sym=b13_2_3, value=0
Extract symbols: sym=b13_2, value=0
Extract symbols: sym=a14_0_1, value=0
Extract symbols: sym=a14_0_2, value=0
Extract symbols: sym=a14_0, value=0
Extract symbols: sym=a14_1_1, value=0
Extract symbols: sym=a14_1_2, value=0
Extract symbols: sym=a14_1, value=0
Extract symbols: sym=b14_2_1, value=0
Extract symbols: sym=b14_2_2, value=0
Extract symbols: sym=b14_2_3, value=0
Extract symbols: sym=b14_2, value=0
Extract symbols: sym=a15_0_1, value=0
Extract symbols: sym=a15_0_2, value=0
Extract symbols: sym=a15_0, value=0
Extract symbols: sym=a15_1_1, value=0
Extract symbols: sym=a15_1_2, value=0
Extract symbols: sym=a15_1, value=0
Extract symbols: sym=b15_2_1, value=0
Extract symbols: sym=b15_2_2, value=0
Extract symbols: sym=b15_2_3, value=0
Extract symbols: sym=b15_2, value=0
Extract symbols: sym=a16_0_1, value=0
Extract symbols: sym=a16_0_2, value=0
Extract symbols: sym=a16_0, value=0
Extract symbols: sym=a16_1_1, value=0
Extract symbols: sym=a16_1_2, value=0
Extract symbols: sym=a16_1, value=0
Extract symbols: sym=b16_2_1, value=0
Extract symbols: sym=b16_2_2, value=0
Extract symbols: sym=b16_2_3, value=0
Extract symbols: sym=b16_2, value=0
Extract symbols: sym=a17_0_1, value=0
Extract symbols: sym=a17_0_2, value=0
Extract symbols: sym=a17_0, value=0
Extract symbols: sym=a17_1_1, value=0
Extract symbols: sym=a17_1_2, value=0
Extract symbols: sym=a17_1, value=0
Extract symbols: sym=a18_0_1, value=-1
Extract symbols: sym=a18_0_2, value=-1
Extract symbols: sym=a18_0, value=-1
Extract symbols: sym=a18_1_1, value=-1
Extract symbols: sym=a18_1_2, value=-1
Extract symbols: sym=a18_1, value=-1
--------IntUBInject: Inject Int UBs to Block BB1--------------------------------------------
Collected constraints:
(bvsle v5_v0 #b001111111111111111111111111111111)
(bvsge v5_v0 #b110000000000000000000000000000000)
(bvsle v4_v0 #b001111111111111111111111111111111)
(bvsge v4_v0 #b110000000000000000000000000000000)
(bvsle v4_v0 #b001111111111111111111111111111111)
(bvsge v4_v0 #b110000000000000000000000000000000)
(bvsle v6_v0 #b001111111111111111111111111111111)
(bvsge v6_v0 #b110000000000000000000000000000000)
(distinct v5_v0 #b000000000000000000000000000000000)
(distinct v4_v0 #b000000000000000000000000000000000)
(= v2_f0_v1 (bvsub (bvsub #b000000000000000000000000000000000 (bvsdiv #b000000000000000000000000000000000 v4_v0)) (bvsrem #b000000000000000000000000000000000 v5_v0)))
(distinct v6_v0 #b000000000000000000000000000000000)
(= v6_v1 (bvadd (bvadd #b000000000000000000000000000000000 (bvsdiv #b000000000000000000000000000000000 v6_v0)) (bvadd #b000000000000000000000000000000000 v4_v0)))
(distinct v6_v1 #b000000000000000000000000000000000)
(let ((_let0 (bvsub (bvsub #b000000000000000000000000000000000 (bvsdiv #b000000000000000000000000000000000 v4_v0)) (bvsrem #b000000000000000000000000000000000 v5_v0)))) (let ((_let1 (bvadd (bvadd #b000000000000000000000000000000000 (bvsdiv #b000000000000000000000000000000000 v6_v0)) (bvadd #b000000000000000000000000000000000 v4_v0)))) (let ((_let2 (bvsub (bvsub (bvsub #b000000000000000000000000000000000 (bvadd #b000000000000000000000000000000000 v1_v0)) (bvsdiv #b000000000000000000000000000000000 v6_v1)) (bvsub #b000000000000000000000000000000000 v2_f1_v0)))) (or (or (or false (or (bvsgt _let0 #b001111111111111111111111111111111) (bvslt _let0 #b110000000000000000000000000000000))) (or (bvsgt _let1 #b001111111111111111111111111111111) (bvslt _let1 #b110000000000000000000000000000000))) (or (bvsgt _let2 #b001111111111111111111111111111111) (bvslt _let2 #b110000000000000000000000000000000))))))
SAT
Adding initializations to ensure undefined behaviors
Let variable: var=v5, value=1
Let variable: var=v4, value=1
Let variable: var=v4, value=1
Let variable: var=v6, value=1
--------IntUBInject: Inject Int UBs to Block BB2--------------------------------------------
Collected constraints:
(bvsle v0_v0 #b001111111111111111111111111111111)
(bvsge v0_v0 #b110000000000000000000000000000000)
(bvsle v6_v0 #b001111111111111111111111111111111)
(bvsge v6_v0 #b110000000000000000000000000000000)
(bvsge v2_f0_v0 #b110000000000000000000000000000000)
(bvsle v2_f0_v0 #b001111111111111111111111111111111)
(bvsge v2_f1_v0 #b110000000000000000000000000000000)
(bvsle v2_f1_v0 #b001111111111111111111111111111111)
(= v7_v1 (bvsub (bvsub #b000000000000000000000000000000000 (bvsub #b000000000000000000000000000000000 v6_v0)) (bvsub #b000000000000000000000000000000000 v0_v0)))
(distinct v7_v1 #b000000000000000000000000000000000)
(= v3_v1 (bvsub (bvsub #b000000000000000000000000000000000 (bvadd #b000000000000000000000000000000000 v2_f0_v0)) (bvsdiv #b000000000000000000000000000000000 v7_v1)))
(let ((_let0 (bvsub (bvsub #b000000000000000000000000000000000 (bvsub #b000000000000000000000000000000000 v6_v0)) (bvsub #b000000000000000000000000000000000 v0_v0)))) (let ((_let1 (bvsub (bvsub #b000000000000000000000000000000000 (bvadd #b000000000000000000000000000000000 v2_f0_v0)) (bvsdiv #b000000000000000000000000000000000 v7_v1)))) (or (or false (or (bvsgt _let0 #b001111111111111111111111111111111) (bvslt _let0 #b110000000000000000000000000000000))) (or (bvsgt _let1 #b001111111111111111111111111111111) (bvslt _let1 #b110000000000000000000000000000000)))))
SAT
Adding initializations to ensure undefined behaviors
Let variable: var=v0, value=0
Let variable: var=v6, value=1
Let variable: var=v2_f0, value=-2147483648
--------IntUBInject: Inject Int UBs to Block BB8--------------------------------------------
Collected constraints:
(bvsle v0_v0 #b001111111111111111111111111111111)
(bvsge v0_v0 #b110000000000000000000000000000000)
(bvsle v5_v0 #b001111111111111111111111111111111)
(bvsge v5_v0 #b110000000000000000000000000000000)
(bvsle v4_v0 #b001111111111111111111111111111111)
(bvsge v4_v0 #b110000000000000000000000000000000)
(bvsle v5_v0 #b001111111111111111111111111111111)
(bvsge v5_v0 #b110000000000000000000000000000000)
(distinct v0_v0 #b000000000000000000000000000000000)
(distinct v5_v0 #b000000000000000000000000000000000)
(= v1_v1 (bvadd (bvadd #b000000000000000000000000000000000 (bvsdiv #b000000000000000000000000000000000 v5_v0)) (bvsrem #b000000000000000000000000000000000 v0_v0)))
(distinct v4_v0 #b000000000000000000000000000000000)
(distinct v5_v0 #b000000000000000000000000000000000)
(= v4_v1 (bvadd (bvadd #b000000000000000000000000000000000 (bvsdiv #b000000000000000000000000000000000 v5_v0)) (bvsrem #b000000000000000000000000000000000 v4_v0)))
(distinct v1_v1 #b000000000000000000000000000000000)
(let ((_let0 (bvadd #b000000000000000000000000000000000 (bvsdiv #b000000000000000000000000000000000 v5_v0)))) (let ((_let1 (bvadd _let0 (bvsrem #b000000000000000000000000000000000 v0_v0)))) (let ((_let2 (bvadd _let0 (bvsrem #b000000000000000000000000000000000 v4_v0)))) (let ((_let3 (bvadd (bvadd (bvadd #b000000000000000000000000000000000 (bvadd #b000000000000000000000000000000000 v0_v0)) (bvsub #b000000000000000000000000000000000 v4_v1)) (bvsrem #b000000000000000000000000000000000 v1_v1)))) (or (or (or false (or (bvsgt _let1 #b001111111111111111111111111111111) (bvslt _let1 #b110000000000000000000000000000000))) (or (bvsgt _let2 #b001111111111111111111111111111111) (bvslt _let2 #b110000000000000000000000000000000))) (or (bvsgt _let3 #b001111111111111111111111111111111) (bvslt _let3 #b110000000000000000000000000000000)))))))
UNSAT
----------IntUBInject: Inject Int UBs to Block BB11------------------------------------------
Collected constraints:
(bvsle v1_v0 #b001111111111111111111111111111111)
(bvsge v1_v0 #b110000000000000000000000000000000)
(bvsge v2_f0_v0 #b110000000000000000000000000000000)
(bvsle v2_f0_v0 #b001111111111111111111111111111111)
(bvsge v2_f1_v0 #b110000000000000000000000000000000)
(bvsle v2_f1_v0 #b001111111111111111111111111111111)
(bvsge v2_f0_v0 #b110000000000000000000000000000000)
(bvsle v2_f0_v0 #b001111111111111111111111111111111)
(bvsge v2_f1_v0 #b110000000000000000000000000000000)
(bvsle v2_f1_v0 #b001111111111111111111111111111111)
(= v7_v1 (bvsub (bvsub #b000000000000000000000000000000000 (bvmul #b000000000000000000000000000000000 v2_f1_v0)) (bvmul #b000000000000000000000000000000000 v1_v0)))
(distinct v2_f1_v0 #b000000000000000000000000000000000)
(= v1_v1 (bvsub (bvsub #b000000000000000000000000000000000 (bvsrem #b000000000000000000000000000000000 v2_f1_v0)) (bvadd #b000000000000000000000000000000000 v7_v1)))
(let ((_let0 (bvsub (bvsub #b000000000000000000000000000000000 (bvmul #b000000000000000000000000000000000 v2_f1_v0)) (bvmul #b000000000000000000000000000000000 v1_v0)))) (let ((_let1 (bvsub (bvsub #b000000000000000000000000000000000 (bvsrem #b000000000000000000000000000000000 v2_f1_v0)) (bvadd #b000000000000000000000000000000000 v7_v1)))) (or (or false (or (bvsgt _let0 #b001111111111111111111111111111111) (bvslt _let0 #b110000000000000000000000000000000))) (or (bvsgt _let1 #b001111111111111111111111111111111) (bvslt _let1 #b110000000000000000000000000000000)))))
UNSAT
------------IntUBInject: Inject Int UBs to Block BB12----------------------------------------
Collected constraints:
(bvsle v1_v0 #b001111111111111111111111111111111)
(bvsge v1_v0 #b110000000000000000000000000000000)
(bvsle v7_v0 #b001111111111111111111111111111111)
(bvsge v7_v0 #b110000000000000000000000000000000)
(bvsle v0_v0 #b001111111111111111111111111111111)
(bvsge v0_v0 #b110000000000000000000000000000000)
(bvsle v7_v0 #b001111111111111111111111111111111)
(bvsge v7_v0 #b110000000000000000000000000000000)
(distinct v1_v0 #b000000000000000000000000000000000)
(distinct v7_v0 #b000000000000000000000000000000000)
(= v6_v1 (bvadd (bvadd #b000000000000000000000000000000000 (bvsdiv #b000000000000000000000000000000000 v7_v0)) (bvsdiv #b000000000000000000000000000000000 v1_v0)))
(distinct v7_v0 #b000000000000000000000000000000000)
(= v3_v1 (bvsub (bvsub #b000000000000000000000000000000000 (bvsdiv #b000000000000000000000000000000000 v7_v0)) (bvadd #b000000000000000000000000000000000 v0_v0)))
(let ((_let0 (bvsdiv #b000000000000000000000000000000000 v7_v0))) (let ((_let1 (bvadd (bvadd #b000000000000000000000000000000000 _let0) (bvsdiv #b000000000000000000000000000000000 v1_v0)))) (let ((_let2 (bvsub (bvsub #b000000000000000000000000000000000 _let0) (bvadd #b000000000000000000000000000000000 v0_v0)))) (or (or false (or (bvsgt _let1 #b001111111111111111111111111111111) (bvslt _let1 #b110000000000000000000000000000000))) (or (bvsgt _let2 #b001111111111111111111111111111111) (bvslt _let2 #b110000000000000000000000000000000))))))
SAT
Adding initializations to ensure undefined behaviors
Let variable: var=v1, value=-1
Let variable: var=v7, value=-1
Let variable: var=v0, value=-2147483648
Let variable: var=v7, value=-1
------------IntUBInject: Inject Int UBs to Block BB13----------------------------------------
Collected constraints:
(bvsle v4_v0 #b001111111111111111111111111111111)
(bvsge v4_v0 #b110000000000000000000000000000000)
(bvsle v5_v0 #b001111111111111111111111111111111)
(bvsge v5_v0 #b110000000000000000000000000000000)
(bvsle v4_v0 #b001111111111111111111111111111111)
(bvsge v4_v0 #b110000000000000000000000000000000)
(bvsge v2_f0_v0 #b110000000000000000000000000000000)
(bvsle v2_f0_v0 #b001111111111111111111111111111111)
(bvsge v2_f1_v0 #b110000000000000000000000000000000)
(bvsle v2_f1_v0 #b001111111111111111111111111111111)
(distinct v4_v0 #b000000000000000000000000000000000)
(= v0_v1 (bvadd (bvadd #b000000000000000000000000000000000 (bvadd #b000000000000000000000000000000000 v5_v0)) (bvsdiv #b000000000000000000000000000000000 v4_v0)))
(= v3_v1 (bvadd (bvadd #b000000000000000000000000000000000 (bvadd #b000000000000000000000000000000000 v2_f0_v0)) (bvmul #b000000000000000000000000000000000 v4_v0)))
(let ((_let0 (bvadd (bvadd #b000000000000000000000000000000000 (bvadd #b000000000000000000000000000000000 v5_v0)) (bvsdiv #b000000000000000000000000000000000 v4_v0)))) (let ((_let1 (bvadd (bvadd #b000000000000000000000000000000000 (bvadd #b000000000000000000000000000000000 v2_f0_v0)) (bvmul #b000000000000000000000000000000000 v4_v0)))) (let ((_let2 (bvsub (bvsub (bvsub #b000000000000000000000000000000000 (bvadd #b000000000000000000000000000000000 v7_v0)) (bvmul #b000000000000000000000000000000000 v3_v1)) (bvsub #b000000000000000000000000000000000 v0_v1)))) (or (or (or false (or (bvsgt _let0 #b001111111111111111111111111111111) (bvslt _let0 #b110000000000000000000000000000000))) (or (bvsgt _let1 #b001111111111111111111111111111111) (bvslt _let1 #b110000000000000000000000000000000))) (or (bvsgt _let2 #b001111111111111111111111111111111) (bvslt _let2 #b110000000000000000000000000000000))))))
SAT
Adding initializations to ensure undefined behaviors
Let variable: var=v4, value=-1
Let variable: var=v5, value=0
Let variable: var=v4, value=-1
Let variable: var=v2_f0, value=-2147483648
Extract initialization: param=v0, value=-1
Extract initialization: param=v1, value=-1
Extract initialization: param=v2, value=-1
Extract initialization: param=v2, value=-1
Extract initialization: param=v2, value=-1
Extract initialization: param=v2, value=-1
Extract initialization: param=v2, value=-1
Extract initialization: param=v3, value=-1
Extract initialization: param=v4, value=-1
Extract initialization: param=v5, value=-1
Extract finalization: param=v0, value=-1
Extract finalization: param=v1, value=-1
Extract finalization: param=v2, value=-1
Extract finalization: param=v2, value=-1
Extract finalization: param=v2, value=-1
Extract finalization: param=v2, value=-1
Extract finalization: param=v2, value=-1
Extract finalization: param=v3, value=2
Extract finalization: param=v4, value=-1
Extract finalization: param=v5, value=-1
----------SymExec: Iteration 1------------------------------------------
Generating or re-generating UB-free constraints
Initial constraints: 
```
(bvsle (bvadd (bvadd (bvadd (bvadd (bvadd (bvadd (bvadd (bvadd (bvadd (ite (= v0_v0 #b00000000000000000000000000000000) #b00000000000000000000000000000001 #b00000000000000000000000000000000) (ite (= v1_v0 #b00000000000000000000000000000000) #b00000000000000000000000000000001 #b00000000000000000000000000000000)) (ite (= v2_f0_f0_el0_v0 #b00000000000000000000000000000000) #b00000000000000000000000000000001 #b00000000000000000000000000000000)) (ite (= v2_f0_f0_el1_v0 #b00000000000000000000000000000000) #b00000000000000000000000000000001 #b00000000000000000000000000000000)) (ite (= v2_f0_f0_el2_v0 #b00000000000000000000000000000000) #b00000000000000000000000000000001 #b00000000000000000000000000000000)) (ite (= v2_f0_f1_v0 #b00000000000000000000000000000000) #b00000000000000000000000000000001 #b00000000000000000000000000000000)) (ite (= v2_f1_v0 #b00000000000000000000000000000000) #b00000000000000000000000000000001 #b00000000000000000000000000000000)) (ite (= v3_v0 #b00000000000000000000000000000000) #b00000000000000000000000000000001 #b00000000000000000000000000000000)) (ite (= v4_v0 #b00000000000000000000000000000000) #b00000000000000000000000000000001 #b00000000000000000000000000000000)) (ite (= v5_v0 #b00000000000000000000000000000000) #b00000000000000000000000000000001 #b00000000000000000000000000000000)) #b00000000000000000000000000000101)
```
Final constraints: 
```
(bvsle (bvadd (bvadd (bvadd (bvadd (bvadd (bvadd (bvadd (bvadd (bvadd (ite (= v0_v0 #b00000000000000000000000000000000) #b00000000000000000000000000000001 #b00000000000000000000000000000000) (ite (= v1_v0 #b00000000000000000000000000000000) #b00000000000000000000000000000001 #b00000000000000000000000000000000)) (ite (= v2_f0_f0_el0_v0 #b00000000000000000000000000000000) #b00000000000000000000000000000001 #b00000000000000000000000000000000)) (ite (= v2_f0_f0_el1_v0 #b00000000000000000000000000000000) #b00000000000000000000000000000001 #b00000000000000000000000000000000)) (ite (= v2_f0_f0_el2_v0 #b00000000000000000000000000000000) #b00000000000000000000000000000001 #b00000000000000000000000000000000)) (ite (= v2_f0_f1_v0 #b00000000000000000000000000000000) #b00000000000000000000000000000001 #b00000000000000000000000000000000)) (ite (= v2_f1_v0 #b00000000000000000000000000000000) #b00000000000000000000000000000001 #b00000000000000000000000000000000)) (ite (= v3_v0 #b00000000000000000000000000000000) #b00000000000000000000000000000001 #b00000000000000000000000000000000)) (ite (= v4_v0 #b00000000000000000000000000000000) #b00000000000000000000000000000001 #b00000000000000000000000000000000)) (ite (= v5_v0 #b00000000000000000000000000000000) #b00000000000000000000000000000001 #b00000000000000000000000000000000)) #b00000000000000000000000000000101)
(= v6_v0 #b00000000000000000000000000000100)
(= v7_v0 #b00000000000000000000000000000000)
(not (bvsaddo #b11111111111111111111111111111111 v4_v0))
(distinct v6_v0 #b00000000000000000000000000000000)
(not (bvsdivo #b11111111111111111111111111111111 v6_v0))
(not (bvssubo (bvadd #b11111111111111111111111111111111 v4_v0) (bvsdiv #b11111111111111111111111111111111 v6_v0)))
(not (bvssubo (bvsub (bvadd #b11111111111111111111111111111111 v4_v0) (bvsdiv #b11111111111111111111111111111111 v6_v0)) #b11111111111111111111111111111111))
(let ((_let0 (ite (= #b11111111111111111111111111111111 #b00000000000000000000000000000000) #b00000000000000000000000000000001 #b00000000000000000000000000000000))) (bvsle (bvadd (bvadd _let0 _let0) _let0) #b00000000000000000000000000000001))
(= v1_v1 (bvsub (bvsub (bvadd #b11111111111111111111111111111111 v4_v0) (bvsdiv #b11111111111111111111111111111111 v6_v0)) #b11111111111111111111111111111111))
(not (bvsmulo #b11111111111111111111111111111111 v4_v0))
(not (bvsaddo #b11111111111111111111111111111111 v6_v0))
(not (bvssubo (bvmul #b11111111111111111111111111111111 v4_v0) (bvadd #b11111111111111111111111111111111 v6_v0)))
(not (bvssubo (bvsub (bvmul #b11111111111111111111111111111111 v4_v0) (bvadd #b11111111111111111111111111111111 v6_v0)) #b11111111111111111111111111111111))
(= v0_v1 (bvsub (bvsub (bvmul #b11111111111111111111111111111111 v4_v0) (bvadd #b11111111111111111111111111111111 v6_v0)) #b11111111111111111111111111111111))
(distinct v1_v1 #b00000000000000000000000000000000)
(not (bvsdivo #b11111111111111111111111111111111 v1_v1))
(distinct v0_v1 #b00000000000000000000000000000000)
(not (bvsdivo #b11111111111111111111111111111111 v0_v1))
(not (bvsaddo (bvsdiv #b11111111111111111111111111111111 v1_v1) (bvsrem #b11111111111111111111111111111111 v0_v1)))
(distinct v4_v0 #b00000000000000000000000000000000)
(not (bvsdivo #b11111111111111111111111111111111 v4_v0))
(not (bvsaddo (bvadd (bvsdiv #b11111111111111111111111111111111 v1_v1) (bvsrem #b11111111111111111111111111111111 v0_v1)) (bvsrem #b11111111111111111111111111111111 v4_v0)))
(not (bvsaddo (bvadd (bvadd (bvsdiv #b11111111111111111111111111111111 v1_v1) (bvsrem #b11111111111111111111111111111111 v0_v1)) (bvsrem #b11111111111111111111111111111111 v4_v0)) #b11111111111111111111111111111111))
(let ((_let0 (ite (= #b11111111111111111111111111111111 #b00000000000000000000000000000000) #b00000000000000000000000000000001 #b00000000000000000000000000000000))) (bvsle (bvadd (bvadd (bvadd _let0 _let0) _let0) _let0) #b00000000000000000000000000000001))
(not (bvslt (bvadd (bvadd (bvadd (bvsdiv #b11111111111111111111111111111111 v1_v1) (bvsrem #b11111111111111111111111111111111 v0_v1)) (bvsrem #b11111111111111111111111111111111 v4_v0)) #b11111111111111111111111111111111) #b00000000000000000000000000000000))
(distinct v2_f0_f0_el2_v0 #b00000000000000000000000000000000)
(not (bvsdivo #b11111111111111111111111111111111 v2_f0_f0_el2_v0))
(not (bvssubo #b11111111111111111111111111111111 v1_v1))
(not (bvsaddo (bvsrem #b11111111111111111111111111111111 v2_f0_f0_el2_v0) (bvsub #b11111111111111111111111111111111 v1_v1)))
(not (bvsaddo (bvadd (bvsrem #b11111111111111111111111111111111 v2_f0_f0_el2_v0) (bvsub #b11111111111111111111111111111111 v1_v1)) #b11111111111111111111111111111111))
(= v1_v2 (bvadd (bvadd (bvsrem #b11111111111111111111111111111111 v2_f0_f0_el2_v0) (bvsub #b11111111111111111111111111111111 v1_v1)) #b11111111111111111111111111111111))
(not (bvssubo #b11111111111111111111111111111111 v2_f0_f1_v0))
(not (bvsaddo (bvsub #b11111111111111111111111111111111 v2_f0_f1_v0) (bvadd #b11111111111111111111111111111111 v6_v0)))
(not (bvsaddo (bvadd (bvsub #b11111111111111111111111111111111 v2_f0_f1_v0) (bvadd #b11111111111111111111111111111111 v6_v0)) #b11111111111111111111111111111111))
(= v3_v1 (bvadd (bvadd (bvsub #b11111111111111111111111111111111 v2_f0_f1_v0) (bvadd #b11111111111111111111111111111111 v6_v0)) #b11111111111111111111111111111111))
(bvsle (bvadd (bvadd (bvadd (bvadd (bvadd (bvadd (bvadd (bvadd (bvadd (ite (= (ite (distinct v0_v0 #b11111111111111111111111111111111) #b00000000000000000000000000000001 #b00000000000000000000000000000000) #b00000000000000000000000000000000) #b00000000000000000000000000000001 #b00000000000000000000000000000000) (ite (= (ite (distinct v1_v0 #b11111111111111111111111111111111) #b00000000000000000000000000000001 #b00000000000000000000000000000000) #b00000000000000000000000000000000) #b00000000000000000000000000000001 #b00000000000000000000000000000000)) (ite (= (ite (distinct v2_f0_f0_el0_v0 #b11111111111111111111111111111111) #b00000000000000000000000000000001 #b00000000000000000000000000000000) #b00000000000000000000000000000000) #b00000000000000000000000000000001 #b00000000000000000000000000000000)) (ite (= (ite (distinct v2_f0_f0_el1_v0 #b11111111111111111111111111111111) #b00000000000000000000000000000001 #b00000000000000000000000000000000) #b00000000000000000000000000000000) #b00000000000000000000000000000001 #b00000000000000000000000000000000)) (ite (= (ite (distinct v2_f0_f0_el2_v0 #b11111111111111111111111111111111) #b00000000000000000000000000000001 #b00000000000000000000000000000000) #b00000000000000000000000000000000) #b00000000000000000000000000000001 #b00000000000000000000000000000000)) (ite (= (ite (distinct v2_f0_f1_v0 #b11111111111111111111111111111111) #b00000000000000000000000000000001 #b00000000000000000000000000000000) #b00000000000000000000000000000000) #b00000000000000000000000000000001 #b00000000000000000000000000000000)) (ite (= (ite (distinct v2_f1_v0 #b11111111111111111111111111111111) #b00000000000000000000000000000001 #b00000000000000000000000000000000) #b00000000000000000000000000000000) #b00000000000000000000000000000001 #b00000000000000000000000000000000)) (ite (= (ite (distinct v3_v0 #b11111111111111111111111111111111) #b00000000000000000000000000000001 #b00000000000000000000000000000000) #b00000000000000000000000000000000) #b00000000000000000000000000000001 #b00000000000000000000000000000000)) (ite (= (ite (distinct v4_v0 #b11111111111111111111111111111111) #b00000000000000000000000000000001 #b00000000000000000000000000000000) #b00000000000000000000000000000000) #b00000000000000000000000000000001 #b00000000000000000000000000000000)) (ite (= (ite (distinct v5_v0 #b11111111111111111111111111111111) #b00000000000000000000000000000001 #b00000000000000000000000000000000) #b00000000000000000000000000000000) #b00000000000000000000000000000001 #b00000000000000000000000000000000)) #b00000000000000000000000000000011)
```
Constraint stats: asserted=37 addCalls=41 skippedTrue=0 deduped=4 ensureInRangeCalls=50 boundedAlready=0 uniqueConstraintIds=37 uniqueBoundedIds=0 (solverAsserted=0)
Bitwuzla check_sat time: 73ms
Bitwuzla statistics: preprocess::contradicting_ands::num_substs=0 preprocess::contradicting_ands::time_apply=0ms preprocess::elim_extract::num_elim=0 preprocess::elim_extract::time_apply=0ms preprocess::elim_lambda::time_apply=0ms preprocess::elim_udiv::num_eliminated=0 preprocess::elim_udiv::time_apply=0ms preprocess::embedded_constraints::num_substs=2 preprocess::embedded_constraints::time_apply=0ms preprocess::flatten_and::num_assertions=12 preprocess::flatten_and::num_flattened=6 preprocess::flatten_and::time_apply=0ms preprocess::lambda::num_elim=0 preprocess::normalize::num_common_normalizations=0 preprocess::normalize::num_normalizations=14 preprocess::normalize::num_normalized_assertions=0 preprocess::normalize::num_pass1=0 preprocess::normalize::num_pass2=0 preprocess::normalize::time_adder_chains=0ms preprocess::normalize::time_apply=3ms preprocess::normalize::time_compute_occs=0ms preprocess::normalize::time_normalize_add=0ms preprocess::normalize::time_normalize_mul=0ms preprocess::normalize::time_score=2ms preprocess::rewrite::time_apply=0ms preprocess::skeleton_preproc::cnf::clauses=89 preprocess::skeleton_preproc::cnf::lits=177 preprocess::skeleton_preproc::new_assertions=0 preprocess::skeleton_preproc::resets=1 preprocess::skeleton_preproc::time_apply=0ms preprocess::skeleton_preproc::time_encode=0ms preprocess::skeleton_preproc::time_fixed=0ms preprocess::skeleton_preproc::time_sat=0ms preprocess::uninterpreted::num_substs=0 preprocess::uninterpreted::time_apply=0ms preprocess::varsubst::normalize_bv_ineq::num_slt=0 preprocess::varsubst::normalize_bv_ineq::num_ult=0 preprocess::varsubst::normalize_eq::num_bv_concat=0 preprocess::varsubst::normalize_eq::num_gauss_elim=0 preprocess::varsubst::normalize_eq::num_linear_eq=0 preprocess::varsubst::num_substs=6 preprocess::varsubst::time_apply=0ms preprocess::varsubst::time_direct_cycle_check=0ms preprocess::varsubst::time_find_substitution=0ms preprocess::varsubst::time_find_vars=0ms preprocess::varsubst::time_register=0ms preprocess::varsubst::time_remove_cycles=0ms preprocess::varsubst::time_substitute=0ms preprocessor::num_iterations=2 preprocessor::time_preprocess=5ms preprocessor::time_process=0ms rewriter::(normalize)::num_evals=0 rewriter::(normalize)::num_rewrites=103 rewriter::(normalize)::rewrite::BV_ADD_CONST=5 rewriter::(normalize)::rewrite::BV_ADD_EVAL=6 rewriter::(normalize)::rewrite::BV_ADD_SPECIAL_CONST=9 rewriter::(normalize)::rewrite::BV_MUL_ONES=6 rewriter::(normalize)::rewrite::BV_NEG_ELIM=6 rewriter::(normalize)::rewrite::BV_NOT_BV_NOT=10 rewriter::(normalize)::rewrite::NORMALIZE_COMM=61 rewriter::num_evals=0 rewriter::num_rewrites=618 rewriter::rewrite::AND_EVAL=1 rewriter::rewrite::AND_SPECIAL_CONST=58 rewriter::rewrite::BV_ADD_CONST=6 rewriter::rewrite::BV_ADD_EVAL=11 rewriter::rewrite::BV_ADD_ITE2=20 rewriter::rewrite::BV_ADD_SPECIAL_CONST=22 rewriter::rewrite::BV_AND_EVAL=1 rewriter::rewrite::BV_AND_SPECIAL_CONST=31 rewriter::rewrite::BV_CONCAT_EVAL=2 rewriter::rewrite::BV_EXTRACT_ADD_MUL=1 rewriter::rewrite::BV_EXTRACT_EVAL=36 rewriter::rewrite::BV_EXTRACT_FULL=1 rewriter::rewrite::BV_MUL_ONES=2 rewriter::rewrite::BV_MUL_POW2=1 rewriter::rewrite::BV_NEG_ELIM=16 rewriter::rewrite::BV_NOT_BV_NOT=27 rewriter::rewrite::BV_NOT_EVAL=7 rewriter::rewrite::BV_OR_ELIM=2 rewriter::rewrite::BV_SADDO_ELIM=9 rewriter::rewrite::BV_SDIVO_ELIM=5 rewriter::rewrite::BV_SDIV_ELIM=2 rewriter::rewrite::BV_SHL_CONST=1 rewriter::rewrite::BV_SIGN_EXTEND_ELIM=4 rewriter::rewrite::BV_SLE_ELIM=3 rewriter::rewrite::BV_SLT_EVAL=1 rewriter::rewrite::BV_SMULO_ELIM=1 rewriter::rewrite::BV_SREM_ELIM=3 rewriter::rewrite::BV_SSUBO_ELIM=6 rewriter::rewrite::BV_SUB_ELIM=6 rewriter::rewrite::BV_UDIV_EVAL=1 rewriter::rewrite::BV_XOR_EVAL=1 rewriter::rewrite::BV_XOR_SPECIAL_CONST=2 rewriter::rewrite::DISTINCT_ELIM=15 rewriter::rewrite::EQUAL_CONST_BV_ADD=1 rewriter::rewrite::EQUAL_CONST_BV_NOT=3 rewriter::rewrite::EQUAL_EVAL=9 rewriter::rewrite::EQUAL_ITE_SAME=10 rewriter::rewrite::EQUAL_SPECIAL_CONST=1 rewriter::rewrite::EQUAL_TRUE=4 rewriter::rewrite::ITE_EVAL=11 rewriter::rewrite::NORMALIZE_COMM=210 rewriter::rewrite::NOT_EQUAL_BV1_BOOL=13 rewriter::rewrite::NOT_EVAL=1 rewriter::rewrite::NOT_NOT=25 rewriter::rewrite::OR_ELIM=25 solver::abstract::num_checks=1 solver::abstract::terms::total=0 solver::abstract::time_check=0ms solver::array::equalities=0 solver::array::num_checks=0 solver::array::propagations=0 solver::array::propagations_down=0 solver::array::propagations_up=0 solver::array::selects=0 solver::array::time_check=0ms solver::bv::bitblast::aig::num_ands=29138 solver::bv::bitblast::aig::num_consts=320 solver::bv::bitblast::aig::num_shared=16750 solver::bv::bitblast::aig::time_bitblast=3ms solver::bv::bitblast::cnf::num_clauses=70859 solver::bv::bitblast::cnf::num_literals=173267 solver::bv::bitblast::cnf::num_vars=22919 solver::bv::bitblast::cnf::time_encode=16ms solver::bv::bitblast::sat::time_solve=48ms solver::bv::num_assertions=24 solver::bv::num_checks=1 solver::bv::time_check=64ms solver::engine::lemmas::abstr=0 solver::engine::lemmas::array=0 solver::engine::lemmas::fp=0 solver::engine::lemmas::fun=0 solver::engine::lemmas::quant=0 solver::engine::lemmas::total=0 solver::engine::time_register_term=0ms solver::engine::time_solve=68ms solver::fun::num_checks=1 solver::fun::time_check=0ms solver::quant::mbqi_checks=0 solver::quant::num_lemma_iterations=0 solver::quant::num_lemmas=0 solver::quant::time_check=0ms solver::quant::time_mbqi=0ms solver::quant::time_process=0ms solving_context::max_memory=45137920 solving_context::time_ensure_model=0ms solving_context::time_solve=73ms
SAT
Extract initialization: param=v0, value=-2
Extract initialization: param=v1, value=-2
Extract initialization: param=v2, value=-2
Extract initialization: param=v2, value=-2
Extract initialization: param=v2, value=1073741824
Extract initialization: param=v2, value=-2
Extract initialization: param=v2, value=-2
Extract initialization: param=v3, value=-1
Extract initialization: param=v4, value=-1
Extract initialization: param=v5, value=-1
Extract finalization: param=v0, value=-1
Extract finalization: param=v1, value=-2
Extract finalization: param=v2, value=-2
Extract finalization: param=v2, value=-2
Extract finalization: param=v2, value=1073741824
Extract finalization: param=v2, value=-2
Extract finalization: param=v2, value=-2
Extract finalization: param=v3, value=3
Extract finalization: param=v4, value=-1
Extract finalization: param=v5, value=-1
----------SymExec: Iteration 2------------------------------------------
Final constraints: 
```
(bvsle (bvadd (bvadd (bvadd (bvadd (bvadd (bvadd (bvadd (bvadd (bvadd (ite (= v0_v0 #b00000000000000000000000000000000) #b00000000000000000000000000000001 #b00000000000000000000000000000000) (ite (= v1_v0 #b00000000000000000000000000000000) #b00000000000000000000000000000001 #b00000000000000000000000000000000)) (ite (= v2_f0_f0_el0_v0 #b00000000000000000000000000000000) #b00000000000000000000000000000001 #b00000000000000000000000000000000)) (ite (= v2_f0_f0_el1_v0 #b00000000000000000000000000000000) #b00000000000000000000000000000001 #b00000000000000000000000000000000)) (ite (= v2_f0_f0_el2_v0 #b00000000000000000000000000000000) #b00000000000000000000000000000001 #b00000000000000000000000000000000)) (ite (= v2_f0_f1_v0 #b00000000000000000000000000000000) #b00000000000000000000000000000001 #b00000000000000000000000000000000)) (ite (= v2_f1_v0 #b00000000000000000000000000000000) #b00000000000000000000000000000001 #b00000000000000000000000000000000)) (ite (= v3_v0 #b00000000000000000000000000000000) #b00000000000000000000000000000001 #b00000000000000000000000000000000)) (ite (= v4_v0 #b00000000000000000000000000000000) #b00000000000000000000000000000001 #b00000000000000000000000000000000)) (ite (= v5_v0 #b00000000000000000000000000000000) #b00000000000000000000000000000001 #b00000000000000000000000000000000)) #b00000000000000000000000000000101)
(= v6_v0 #b00000000000000000000000000000100)
(= v7_v0 #b00000000000000000000000000000000)
(not (bvsaddo #b11111111111111111111111111111111 v4_v0))
(distinct v6_v0 #b00000000000000000000000000000000)
(not (bvsdivo #b11111111111111111111111111111111 v6_v0))
(not (bvssubo (bvadd #b11111111111111111111111111111111 v4_v0) (bvsdiv #b11111111111111111111111111111111 v6_v0)))
(not (bvssubo (bvsub (bvadd #b11111111111111111111111111111111 v4_v0) (bvsdiv #b11111111111111111111111111111111 v6_v0)) #b11111111111111111111111111111111))
(let ((_let0 (ite (= #b11111111111111111111111111111111 #b00000000000000000000000000000000) #b00000000000000000000000000000001 #b00000000000000000000000000000000))) (bvsle (bvadd (bvadd _let0 _let0) _let0) #b00000000000000000000000000000001))
(= v1_v1 (bvsub (bvsub (bvadd #b11111111111111111111111111111111 v4_v0) (bvsdiv #b11111111111111111111111111111111 v6_v0)) #b11111111111111111111111111111111))
(not (bvsmulo #b11111111111111111111111111111111 v4_v0))
(not (bvsaddo #b11111111111111111111111111111111 v6_v0))
(not (bvssubo (bvmul #b11111111111111111111111111111111 v4_v0) (bvadd #b11111111111111111111111111111111 v6_v0)))
(not (bvssubo (bvsub (bvmul #b11111111111111111111111111111111 v4_v0) (bvadd #b11111111111111111111111111111111 v6_v0)) #b11111111111111111111111111111111))
(= v0_v1 (bvsub (bvsub (bvmul #b11111111111111111111111111111111 v4_v0) (bvadd #b11111111111111111111111111111111 v6_v0)) #b11111111111111111111111111111111))
(distinct v1_v1 #b00000000000000000000000000000000)
(not (bvsdivo #b11111111111111111111111111111111 v1_v1))
(distinct v0_v1 #b00000000000000000000000000000000)
(not (bvsdivo #b11111111111111111111111111111111 v0_v1))
(not (bvsaddo (bvsdiv #b11111111111111111111111111111111 v1_v1) (bvsrem #b11111111111111111111111111111111 v0_v1)))
(distinct v4_v0 #b00000000000000000000000000000000)
(not (bvsdivo #b11111111111111111111111111111111 v4_v0))
(not (bvsaddo (bvadd (bvsdiv #b11111111111111111111111111111111 v1_v1) (bvsrem #b11111111111111111111111111111111 v0_v1)) (bvsrem #b11111111111111111111111111111111 v4_v0)))
(not (bvsaddo (bvadd (bvadd (bvsdiv #b11111111111111111111111111111111 v1_v1) (bvsrem #b11111111111111111111111111111111 v0_v1)) (bvsrem #b11111111111111111111111111111111 v4_v0)) #b11111111111111111111111111111111))
(let ((_let0 (ite (= #b11111111111111111111111111111111 #b00000000000000000000000000000000) #b00000000000000000000000000000001 #b00000000000000000000000000000000))) (bvsle (bvadd (bvadd (bvadd _let0 _let0) _let0) _let0) #b00000000000000000000000000000001))
(not (bvslt (bvadd (bvadd (bvadd (bvsdiv #b11111111111111111111111111111111 v1_v1) (bvsrem #b11111111111111111111111111111111 v0_v1)) (bvsrem #b11111111111111111111111111111111 v4_v0)) #b11111111111111111111111111111111) #b00000000000000000000000000000000))
(distinct v2_f0_f0_el2_v0 #b00000000000000000000000000000000)
(not (bvsdivo #b11111111111111111111111111111111 v2_f0_f0_el2_v0))
(not (bvssubo #b11111111111111111111111111111111 v1_v1))
(not (bvsaddo (bvsrem #b11111111111111111111111111111111 v2_f0_f0_el2_v0) (bvsub #b11111111111111111111111111111111 v1_v1)))
(not (bvsaddo (bvadd (bvsrem #b11111111111111111111111111111111 v2_f0_f0_el2_v0) (bvsub #b11111111111111111111111111111111 v1_v1)) #b11111111111111111111111111111111))
(= v1_v2 (bvadd (bvadd (bvsrem #b11111111111111111111111111111111 v2_f0_f0_el2_v0) (bvsub #b11111111111111111111111111111111 v1_v1)) #b11111111111111111111111111111111))
(not (bvssubo #b11111111111111111111111111111111 v2_f0_f1_v0))
(not (bvsaddo (bvsub #b11111111111111111111111111111111 v2_f0_f1_v0) (bvadd #b11111111111111111111111111111111 v6_v0)))
(not (bvsaddo (bvadd (bvsub #b11111111111111111111111111111111 v2_f0_f1_v0) (bvadd #b11111111111111111111111111111111 v6_v0)) #b11111111111111111111111111111111))
(= v3_v1 (bvadd (bvadd (bvsub #b11111111111111111111111111111111 v2_f0_f1_v0) (bvadd #b11111111111111111111111111111111 v6_v0)) #b11111111111111111111111111111111))
(bvsle (bvadd (bvadd (bvadd (bvadd (bvadd (bvadd (bvadd (bvadd (bvadd (ite (= (ite (distinct v0_v0 #b11111111111111111111111111111111) #b00000000000000000000000000000001 #b00000000000000000000000000000000) #b00000000000000000000000000000000) #b00000000000000000000000000000001 #b00000000000000000000000000000000) (ite (= (ite (distinct v1_v0 #b11111111111111111111111111111111) #b00000000000000000000000000000001 #b00000000000000000000000000000000) #b00000000000000000000000000000000) #b00000000000000000000000000000001 #b00000000000000000000000000000000)) (ite (= (ite (distinct v2_f0_f0_el0_v0 #b11111111111111111111111111111111) #b00000000000000000000000000000001 #b00000000000000000000000000000000) #b00000000000000000000000000000000) #b00000000000000000000000000000001 #b00000000000000000000000000000000)) (ite (= (ite (distinct v2_f0_f0_el1_v0 #b11111111111111111111111111111111) #b00000000000000000000000000000001 #b00000000000000000000000000000000) #b00000000000000000000000000000000) #b00000000000000000000000000000001 #b00000000000000000000000000000000)) (ite (= (ite (distinct v2_f0_f0_el2_v0 #b11111111111111111111111111111111) #b00000000000000000000000000000001 #b00000000000000000000000000000000) #b00000000000000000000000000000000) #b00000000000000000000000000000001 #b00000000000000000000000000000000)) (ite (= (ite (distinct v2_f0_f1_v0 #b11111111111111111111111111111111) #b00000000000000000000000000000001 #b00000000000000000000000000000000) #b00000000000000000000000000000000) #b00000000000000000000000000000001 #b00000000000000000000000000000000)) (ite (= (ite (distinct v2_f1_v0 #b11111111111111111111111111111111) #b00000000000000000000000000000001 #b00000000000000000000000000000000) #b00000000000000000000000000000000) #b00000000000000000000000000000001 #b00000000000000000000000000000000)) (ite (= (ite (distinct v3_v0 #b11111111111111111111111111111111) #b00000000000000000000000000000001 #b00000000000000000000000000000000) #b00000000000000000000000000000000) #b00000000000000000000000000000001 #b00000000000000000000000000000000)) (ite (= (ite (distinct v4_v0 #b11111111111111111111111111111111) #b00000000000000000000000000000001 #b00000000000000000000000000000000) #b00000000000000000000000000000000) #b00000000000000000000000000000001 #b00000000000000000000000000000000)) (ite (= (ite (distinct v5_v0 #b11111111111111111111111111111111) #b00000000000000000000000000000001 #b00000000000000000000000000000000) #b00000000000000000000000000000000) #b00000000000000000000000000000001 #b00000000000000000000000000000000)) #b00000000000000000000000000000011)
(bvsle (bvadd (bvadd (bvadd (bvadd (bvadd (bvadd (bvadd (bvadd (bvadd (ite (= (ite (distinct v0_v0 #b11111111111111111111111111111110) #b00000000000000000000000000000001 #b00000000000000000000000000000000) #b00000000000000000000000000000000) #b00000000000000000000000000000001 #b00000000000000000000000000000000) (ite (= (ite (distinct v1_v0 #b11111111111111111111111111111110) #b00000000000000000000000000000001 #b00000000000000000000000000000000) #b00000000000000000000000000000000) #b00000000000000000000000000000001 #b00000000000000000000000000000000)) (ite (= (ite (distinct v2_f0_f0_el0_v0 #b11111111111111111111111111111110) #b00000000000000000000000000000001 #b00000000000000000000000000000000) #b00000000000000000000000000000000) #b00000000000000000000000000000001 #b00000000000000000000000000000000)) (ite (= (ite (distinct v2_f0_f0_el1_v0 #b11111111111111111111111111111110) #b00000000000000000000000000000001 #b00000000000000000000000000000000) #b00000000000000000000000000000000) #b00000000000000000000000000000001 #b00000000000000000000000000000000)) (ite (= (ite (distinct v2_f0_f0_el2_v0 #b01000000000000000000000000000000) #b00000000000000000000000000000001 #b00000000000000000000000000000000) #b00000000000000000000000000000000) #b00000000000000000000000000000001 #b00000000000000000000000000000000)) (ite (= (ite (distinct v2_f0_f1_v0 #b11111111111111111111111111111110) #b00000000000000000000000000000001 #b00000000000000000000000000000000) #b00000000000000000000000000000000) #b00000000000000000000000000000001 #b00000000000000000000000000000000)) (ite (= (ite (distinct v2_f1_v0 #b11111111111111111111111111111110) #b00000000000000000000000000000001 #b00000000000000000000000000000000) #b00000000000000000000000000000000) #b00000000000000000000000000000001 #b00000000000000000000000000000000)) (ite (= (ite (distinct v3_v0 #b11111111111111111111111111111111) #b00000000000000000000000000000001 #b00000000000000000000000000000000) #b00000000000000000000000000000000) #b00000000000000000000000000000001 #b00000000000000000000000000000000)) (ite (= (ite (distinct v4_v0 #b11111111111111111111111111111111) #b00000000000000000000000000000001 #b00000000000000000000000000000000) #b00000000000000000000000000000000) #b00000000000000000000000000000001 #b00000000000000000000000000000000)) (ite (= (ite (distinct v5_v0 #b11111111111111111111111111111111) #b00000000000000000000000000000001 #b00000000000000000000000000000000) #b00000000000000000000000000000000) #b00000000000000000000000000000001 #b00000000000000000000000000000000)) #b00000000000000000000000000000011)
```
Constraint stats: asserted=38 addCalls=42 skippedTrue=0 deduped=4 ensureInRangeCalls=50 boundedAlready=0 uniqueConstraintIds=38 uniqueBoundedIds=0 (solverAsserted=37)
Bitwuzla check_sat time: 87ms
Bitwuzla statistics: preprocess::contradicting_ands::num_substs=0 preprocess::contradicting_ands::time_apply=0ms preprocess::elim_extract::num_elim=0 preprocess::elim_extract::time_apply=0ms preprocess::elim_lambda::time_apply=0ms preprocess::elim_udiv::num_eliminated=0 preprocess::elim_udiv::time_apply=0ms preprocess::embedded_constraints::num_substs=2 preprocess::embedded_constraints::time_apply=0ms preprocess::flatten_and::num_assertions=12 preprocess::flatten_and::num_flattened=6 preprocess::flatten_and::time_apply=0ms preprocess::lambda::num_elim=0 preprocess::normalize::num_common_normalizations=0 preprocess::normalize::num_normalizations=14 preprocess::normalize::num_normalized_assertions=0 preprocess::normalize::num_pass1=0 preprocess::normalize::num_pass2=0 preprocess::normalize::time_adder_chains=0ms preprocess::normalize::time_apply=3ms preprocess::normalize::time_compute_occs=0ms preprocess::normalize::time_normalize_add=0ms preprocess::normalize::time_normalize_mul=0ms preprocess::normalize::time_score=2ms preprocess::rewrite::time_apply=0ms preprocess::skeleton_preproc::cnf::clauses=89 preprocess::skeleton_preproc::cnf::lits=177 preprocess::skeleton_preproc::new_assertions=0 preprocess::skeleton_preproc::resets=1 preprocess::skeleton_preproc::time_apply=0ms preprocess::skeleton_preproc::time_encode=0ms preprocess::skeleton_preproc::time_fixed=0ms preprocess::skeleton_preproc::time_sat=0ms preprocess::uninterpreted::num_substs=0 preprocess::uninterpreted::time_apply=0ms preprocess::varsubst::normalize_bv_ineq::num_slt=0 preprocess::varsubst::normalize_bv_ineq::num_ult=0 preprocess::varsubst::normalize_eq::num_bv_concat=0 preprocess::varsubst::normalize_eq::num_gauss_elim=0 preprocess::varsubst::normalize_eq::num_linear_eq=0 preprocess::varsubst::num_substs=6 preprocess::varsubst::time_apply=0ms preprocess::varsubst::time_direct_cycle_check=0ms preprocess::varsubst::time_find_substitution=0ms preprocess::varsubst::time_find_vars=0ms preprocess::varsubst::time_register=0ms preprocess::varsubst::time_remove_cycles=0ms preprocess::varsubst::time_substitute=0ms preprocessor::num_iterations=3 preprocessor::time_preprocess=5ms preprocessor::time_process=0ms rewriter::(normalize)::num_evals=0 rewriter::(normalize)::num_rewrites=103 rewriter::(normalize)::rewrite::BV_ADD_CONST=5 rewriter::(normalize)::rewrite::BV_ADD_EVAL=6 rewriter::(normalize)::rewrite::BV_ADD_SPECIAL_CONST=9 rewriter::(normalize)::rewrite::BV_MUL_ONES=6 rewriter::(normalize)::rewrite::BV_NEG_ELIM=6 rewriter::(normalize)::rewrite::BV_NOT_BV_NOT=10 rewriter::(normalize)::rewrite::NORMALIZE_COMM=61 rewriter::num_evals=0 rewriter::num_rewrites=748 rewriter::rewrite::AND_EVAL=1 rewriter::rewrite::AND_SPECIAL_CONST=68 rewriter::rewrite::BV_ADD_CONST=10 rewriter::rewrite::BV_ADD_EVAL=20 rewriter::rewrite::BV_ADD_ITE2=30 rewriter::rewrite::BV_ADD_SPECIAL_CONST=33 rewriter::rewrite::BV_AND_EVAL=1 rewriter::rewrite::BV_AND_SPECIAL_CONST=31 rewriter::rewrite::BV_CONCAT_EVAL=2 rewriter::rewrite::BV_EXTRACT_ADD_MUL=1 rewriter::rewrite::BV_EXTRACT_EVAL=37 rewriter::rewrite::BV_EXTRACT_FULL=1 rewriter::rewrite::BV_MUL_ONES=2 rewriter::rewrite::BV_MUL_POW2=1 rewriter::rewrite::BV_NEG_ELIM=16 rewriter::rewrite::BV_NOT_BV_NOT=27 rewriter::rewrite::BV_NOT_EVAL=10 rewriter::rewrite::BV_OR_ELIM=2 rewriter::rewrite::BV_SADDO_ELIM=9 rewriter::rewrite::BV_SDIVO_ELIM=5 rewriter::rewrite::BV_SDIV_ELIM=2 rewriter::rewrite::BV_SHL_CONST=1 rewriter::rewrite::BV_SIGN_EXTEND_ELIM=4 rewriter::rewrite::BV_SLE_ELIM=4 rewriter::rewrite::BV_SLT_EVAL=1 rewriter::rewrite::BV_SMULO_ELIM=1 rewriter::rewrite::BV_SREM_ELIM=3 rewriter::rewrite::BV_SSUBO_ELIM=6 rewriter::rewrite::BV_SUB_ELIM=6 rewriter::rewrite::BV_UDIV_EVAL=2 rewriter::rewrite::BV_XOR_EVAL=1 rewriter::rewrite::BV_XOR_SPECIAL_CONST=2 rewriter::rewrite::DISTINCT_ELIM=25 rewriter::rewrite::EQUAL_CONST_BV_ADD=1 rewriter::rewrite::EQUAL_CONST_BV_NOT=3 rewriter::rewrite::EQUAL_EVAL=12 rewriter::rewrite::EQUAL_ITE_SAME=20 rewriter::rewrite::EQUAL_SPECIAL_CONST=1 rewriter::rewrite::EQUAL_TRUE=4 rewriter::rewrite::ITE_EVAL=13 rewriter::rewrite::NORMALIZE_COMM=244 rewriter::rewrite::NOT_EQUAL_BV1_BOOL=13 rewriter::rewrite::NOT_EVAL=2 rewriter::rewrite::NOT_NOT=35 rewriter::rewrite::OR_ELIM=35 solver::abstract::num_checks=2 solver::abstract::terms::total=0 solver::abstract::time_check=0ms solver::array::equalities=0 solver::array::num_checks=0 solver::array::propagations=0 solver::array::propagations_down=0 solver::array::propagations_up=0 solver::array::selects=0 solver::array::time_check=0ms solver::bv::bitblast::aig::num_ands=29433 solver::bv::bitblast::aig::num_consts=320 solver::bv::bitblast::aig::num_shared=16931 solver::bv::bitblast::aig::time_bitblast=3ms solver::bv::bitblast::cnf::num_clauses=71516 solver::bv::bitblast::cnf::num_literals=174861 solver::bv::bitblast::cnf::num_vars=23121 solver::bv::bitblast::cnf::time_encode=16ms solver::bv::bitblast::sat::time_solve=135ms solver::bv::num_assertions=25 solver::bv::num_checks=2 solver::bv::time_check=152ms solver::engine::lemmas::abstr=0 solver::engine::lemmas::array=0 solver::engine::lemmas::fp=0 solver::engine::lemmas::fun=0 solver::engine::lemmas::quant=0 solver::engine::lemmas::total=0 solver::engine::time_register_term=0ms solver::engine::time_solve=156ms solver::fun::num_checks=2 solver::fun::time_check=0ms solver::quant::mbqi_checks=0 solver::quant::num_lemma_iterations=0 solver::quant::num_lemmas=0 solver::quant::time_check=0ms solver::quant::time_mbqi=0ms solver::quant::time_process=0ms solving_context::max_memory=45137920 solving_context::time_ensure_model=0ms solving_context::time_solve=161ms
SAT
Extract initialization: param=v0, value=-3
Extract initialization: param=v1, value=-3
Extract initialization: param=v2, value=-3
Extract initialization: param=v2, value=-3
Extract initialization: param=v2, value=1073741824
Extract initialization: param=v2, value=-1
Extract initialization: param=v2, value=-2
Extract initialization: param=v3, value=-2
Extract initialization: param=v4, value=-1
Extract initialization: param=v5, value=-2
Extract finalization: param=v0, value=-1
Extract finalization: param=v1, value=-2
Extract finalization: param=v2, value=-3
Extract finalization: param=v2, value=-3
Extract finalization: param=v2, value=1073741824
Extract finalization: param=v2, value=-1
Extract finalization: param=v2, value=-2
Extract finalization: param=v3, value=2
Extract finalization: param=v4, value=-1
Extract finalization: param=v5, value=-2
