----FunPlus: Generate Function func_0g6z1t_148------------------------------------------------
------GraphPlus::Generate----------------------------------------------
Randomly generating a graph with 15 nodes
------CfgSketch: Unflattened CFG Sketch----------------------------------------------
Bimpo: type=0, id=0, size=1, start=0
Bimpo: type=0, id=1, size=1, start=1
Bimpo: type=0, id=2, size=1, start=2
Bimpo: type=0, id=3, size=1, start=3
Bimpo: type=0, id=4, size=1, start=4
Bimpo: type=0, id=5, size=1, start=5
Bimpo: type=0, id=6, size=1, start=6
Bimpo: type=0, id=7, size=1, start=7
Bimpo: type=0, id=8, size=1, start=8
Bimpo: type=0, id=9, size=1, start=9
Bimpo: type=0, id=10, size=1, start=10
Bimpo: type=0, id=11, size=1, start=11
Bimpo: type=0, id=12, size=1, start=12
Bimpo: type=0, id=13, size=1, start=13
Bimpo: type=0, id=14, size=1, start=14
------CfgSketch: Flattened CFG Sketch----------------------------------------------
Block: 0 -> [7, 14]
Block: 1 -> [4, 10]
Block: 2 -> [8, 11]
Block: 3 -> [1, 5]
Block: 4 -> [2, 11]
Block: 5 -> [11, 13]
Block: 6 -> [12, 13]
Block: 7 -> [4, 9]
Block: 8 -> [9, 14]
Block: 9 -> [5, 10]
Block: 10 -> [6, 9]
Block: 11 -> [8, 12]
Block: 12 -> [5, 7]
Block: 13 -> [11]
Block: 14 -> []
------FunPlus: Generate Block #0----------------------------------------------
Generate assignment: 0 <- 2, 0
Generate assignment: 4 <- 1, 0
Generate conditional: 0, 4, 5
------FunPlus: Generate Block #1----------------------------------------------
Generate assignment: 6 <- 4, 1
Generate assignment: 2 <- 2, 7
Generate conditional: 6, 2, 0
------FunPlus: Generate Block #2----------------------------------------------
Generate assignment: 3 <- 7, 3
Generate assignment: 5 <- 0, 3
Generate conditional: 3, 5, 2
------FunPlus: Generate Block #3----------------------------------------------
Generate assignment: 0 <- 7, 5
Generate assignment: 5 <- 6, 4
Generate conditional: 0, 5, 1
------FunPlus: Generate Block #4----------------------------------------------
Generate assignment: 3 <- 7, 3
Generate assignment: 4 <- 6, 1
Generate conditional: 3, 4, 1
------FunPlus: Generate Block #5----------------------------------------------
Generate assignment: 2 <- 3, 5
Generate assignment: 0 <- 4, 7
Generate conditional: 2, 0, 3
------FunPlus: Generate Block #6----------------------------------------------
Generate assignment: 2 <- 0, 3
Generate assignment: 5 <- 2, 4
Generate conditional: 2, 5, 3
------FunPlus: Generate Block #7----------------------------------------------
Generate assignment: 5 <- 5, 6
Generate assignment: 0 <- 4, 5
Generate conditional: 5, 0, 6
------FunPlus: Generate Block #8----------------------------------------------
Generate assignment: 0 <- 7, 4
Generate assignment: 6 <- 5, 1
Generate conditional: 0, 6, 3
------FunPlus: Generate Block #9----------------------------------------------
Generate assignment: 4 <- 4, 6
Generate assignment: 5 <- 7, 6
Generate conditional: 4, 5, 0
------FunPlus: Generate Block #10----------------------------------------------
Generate assignment: 1 <- 2, 5
Generate assignment: 5 <- 7, 3
Generate conditional: 1, 5, 7
------FunPlus: Generate Block #11----------------------------------------------
Generate assignment: 2 <- 2, 3
Generate assignment: 0 <- 6, 4
Generate conditional: 2, 0, 4
------FunPlus: Generate Block #12----------------------------------------------
Generate assignment: 2 <- 7, 3
Generate assignment: 6 <- 2, 4
Generate conditional: 2, 6, 5
------FunPlus: Generate Block #13----------------------------------------------
Generate assignment: 0 <- 2, 7
Generate assignment: 1 <- 2, 1
------FunPlus: Generate Block #14----------------------------------------------
Generate assignment: 3 <- 0, 3
Generate assignment: 7 <- 2, 5
----SymExec: Solve------------------------------------------------
Execution Path: 0->14
------SymExec: Iteration 0----------------------------------------------
Generating or re-generating UB-free constraints
Initial constraints: 
```
(bvsle (bvadd (bvadd (bvadd (bvadd (bvadd (bvadd (bvadd (bvadd (ite (= v0_v0 #b00000000000000000000000000000000) #b00000000000000000000000000000001 #b00000000000000000000000000000000) (ite (= v1_f0_v0 #b00000000000000000000000000000000) #b00000000000000000000000000000001 #b00000000000000000000000000000000)) (ite (= v2_el0_v0 #b00000000000000000000000000000000) #b00000000000000000000000000000001 #b00000000000000000000000000000000)) (ite (= v2_el1_v0 #b00000000000000000000000000000000) #b00000000000000000000000000000001 #b00000000000000000000000000000000)) (ite (= v2_el2_v0 #b00000000000000000000000000000000) #b00000000000000000000000000000001 #b00000000000000000000000000000000)) (ite (= v2_el3_v0 #b00000000000000000000000000000000) #b00000000000000000000000000000001 #b00000000000000000000000000000000)) (ite (= v3_v0 #b00000000000000000000000000000000) #b00000000000000000000000000000001 #b00000000000000000000000000000000)) (ite (= v4_v0 #b00000000000000000000000000000000) #b00000000000000000000000000000001 #b00000000000000000000000000000000)) (ite (= v5_v0 #b00000000000000000000000000000000) #b00000000000000000000000000000001 #b00000000000000000000000000000000)) #b00000000000000000000000000000100)
```
Final constraints: 
```
(bvsle (bvadd (bvadd (bvadd (bvadd (bvadd (bvadd (bvadd (bvadd (ite (= v0_v0 #b00000000000000000000000000000000) #b00000000000000000000000000000001 #b00000000000000000000000000000000) (ite (= v1_f0_v0 #b00000000000000000000000000000000) #b00000000000000000000000000000001 #b00000000000000000000000000000000)) (ite (= v2_el0_v0 #b00000000000000000000000000000000) #b00000000000000000000000000000001 #b00000000000000000000000000000000)) (ite (= v2_el1_v0 #b00000000000000000000000000000000) #b00000000000000000000000000000001 #b00000000000000000000000000000000)) (ite (= v2_el2_v0 #b00000000000000000000000000000000) #b00000000000000000000000000000001 #b00000000000000000000000000000000)) (ite (= v2_el3_v0 #b00000000000000000000000000000000) #b00000000000000000000000000000001 #b00000000000000000000000000000000)) (ite (= v3_v0 #b00000000000000000000000000000000) #b00000000000000000000000000000001 #b00000000000000000000000000000000)) (ite (= v4_v0 #b00000000000000000000000000000000) #b00000000000000000000000000000001 #b00000000000000000000000000000000)) (ite (= v5_v0 #b00000000000000000000000000000000) #b00000000000000000000000000000001 #b00000000000000000000000000000000)) #b00000000000000000000000000000100)
(= v6_v0 init_var6)
(= v7_v0 init_var7)
(not (bvsmulo a0_0_1 v2_el3_v0))
(not (bvsmulo a0_0_2 v0_v0))
(not (bvsaddo (bvmul a0_0_1 v2_el3_v0) (bvmul a0_0_2 v0_v0)))
(not (bvsaddo (bvadd (bvmul a0_0_1 v2_el3_v0) (bvmul a0_0_2 v0_v0)) a0_0))
(bvsle (bvadd (bvadd (ite (= a0_0_1 #b00000000000000000000000000000000) #b00000000000000000000000000000001 #b00000000000000000000000000000000) (ite (= a0_0_2 #b00000000000000000000000000000000) #b00000000000000000000000000000001 #b00000000000000000000000000000000)) (ite (= a0_0 #b00000000000000000000000000000000) #b00000000000000000000000000000001 #b00000000000000000000000000000000)) #b00000000000000000000000000000001)
(= v0_v1 (bvadd (bvadd (bvmul a0_0_1 v2_el3_v0) (bvmul a0_0_2 v0_v0)) a0_0))
(not (bvsmulo a0_1_1 v1_f0_v0))
(distinct v0_v1 #b00000000000000000000000000000000)
(not (bvsdivo a0_1_2 v0_v1))
(not (bvsaddo (bvmul a0_1_1 v1_f0_v0) (bvsrem a0_1_2 v0_v1)))
(not (bvsaddo (bvadd (bvmul a0_1_1 v1_f0_v0) (bvsrem a0_1_2 v0_v1)) a0_1))
(bvsle (bvadd (bvadd (ite (= a0_1_1 #b00000000000000000000000000000000) #b00000000000000000000000000000001 #b00000000000000000000000000000000) (ite (= a0_1_2 #b00000000000000000000000000000000) #b00000000000000000000000000000001 #b00000000000000000000000000000000)) (ite (= a0_1 #b00000000000000000000000000000000) #b00000000000000000000000000000001 #b00000000000000000000000000000000)) #b00000000000000000000000000000001)
(= v4_v1 (bvadd (bvadd (bvmul a0_1_1 v1_f0_v0) (bvsrem a0_1_2 v0_v1)) a0_1))
(not (bvsaddo b0_2_1 v0_v1))
(distinct v4_v1 #b00000000000000000000000000000000)
(not (bvsdivo b0_2_2 v4_v1))
(not (bvssubo (bvadd b0_2_1 v0_v1) (bvsdiv b0_2_2 v4_v1)))
(distinct v5_v0 #b00000000000000000000000000000000)
(not (bvsdivo b0_2_3 v5_v0))
(not (bvssubo (bvsub (bvadd b0_2_1 v0_v1) (bvsdiv b0_2_2 v4_v1)) (bvsrem b0_2_3 v5_v0)))
(not (bvssubo (bvsub (bvsub (bvadd b0_2_1 v0_v1) (bvsdiv b0_2_2 v4_v1)) (bvsrem b0_2_3 v5_v0)) b0_2))
(bvsle (bvadd (bvadd (bvadd (ite (= b0_2_1 #b00000000000000000000000000000000) #b00000000000000000000000000000001 #b00000000000000000000000000000000) (ite (= b0_2_2 #b00000000000000000000000000000000) #b00000000000000000000000000000001 #b00000000000000000000000000000000)) (ite (= b0_2_3 #b00000000000000000000000000000000) #b00000000000000000000000000000001 #b00000000000000000000000000000000)) (ite (= b0_2 #b00000000000000000000000000000000) #b00000000000000000000000000000001 #b00000000000000000000000000000000)) #b00000000000000000000000000000010)
(not (bvslt (bvsub (bvsub (bvsub (bvadd b0_2_1 v0_v1) (bvsdiv b0_2_2 v4_v1)) (bvsrem b0_2_3 v5_v0)) b0_2) #b00000000000000000000000000000000))
(not (bvsaddo a14_0_1 v0_v1))
(not (bvsmulo a14_0_2 v3_v0))
(not (bvssubo (bvadd a14_0_1 v0_v1) (bvmul a14_0_2 v3_v0)))
(not (bvssubo (bvsub (bvadd a14_0_1 v0_v1) (bvmul a14_0_2 v3_v0)) a14_0))
(bvsle (bvadd (bvadd (ite (= a14_0_1 #b00000000000000000000000000000000) #b00000000000000000000000000000001 #b00000000000000000000000000000000) (ite (= a14_0_2 #b00000000000000000000000000000000) #b00000000000000000000000000000001 #b00000000000000000000000000000000)) (ite (= a14_0 #b00000000000000000000000000000000) #b00000000000000000000000000000001 #b00000000000000000000000000000000)) #b00000000000000000000000000000001)
(= v3_v1 (bvsub (bvsub (bvadd a14_0_1 v0_v1) (bvmul a14_0_2 v3_v0)) a14_0))
(not (bvsaddo a14_1_1 v2_el3_v0))
(not (bvsaddo a14_1_2 v5_v0))
(not (bvssubo (bvadd a14_1_1 v2_el3_v0) (bvadd a14_1_2 v5_v0)))
(not (bvssubo (bvsub (bvadd a14_1_1 v2_el3_v0) (bvadd a14_1_2 v5_v0)) a14_1))
(bvsle (bvadd (bvadd (ite (= a14_1_1 #b00000000000000000000000000000000) #b00000000000000000000000000000001 #b00000000000000000000000000000000) (ite (= a14_1_2 #b00000000000000000000000000000000) #b00000000000000000000000000000001 #b00000000000000000000000000000000)) (ite (= a14_1 #b00000000000000000000000000000000) #b00000000000000000000000000000001 #b00000000000000000000000000000000)) #b00000000000000000000000000000001)
(= v7_v1 (bvsub (bvsub (bvadd a14_1_1 v2_el3_v0) (bvadd a14_1_2 v5_v0)) a14_1))
```
Optimized constraints: 
```
(bvsle (bvadd (bvadd (bvadd (bvadd (bvadd (bvadd (bvadd (bvadd (ite (= v0_v0 #b00000000000000000000000000000000) #b00000000000000000000000000000001 #b00000000000000000000000000000000) (ite (= v1_f0_v0 #b00000000000000000000000000000000) #b00000000000000000000000000000001 #b00000000000000000000000000000000)) (ite (= v2_el0_v0 #b00000000000000000000000000000000) #b00000000000000000000000000000001 #b00000000000000000000000000000000)) (ite (= v2_el1_v0 #b00000000000000000000000000000000) #b00000000000000000000000000000001 #b00000000000000000000000000000000)) (ite (= v2_el2_v0 #b00000000000000000000000000000000) #b00000000000000000000000000000001 #b00000000000000000000000000000000)) (ite (= v2_el3_v0 #b00000000000000000000000000000000) #b00000000000000000000000000000001 #b00000000000000000000000000000000)) (ite (= v3_v0 #b00000000000000000000000000000000) #b00000000000000000000000000000001 #b00000000000000000000000000000000)) (ite (= v4_v0 #b00000000000000000000000000000000) #b00000000000000000000000000000001 #b00000000000000000000000000000000)) (ite (= v5_v0 #b00000000000000000000000000000000) #b00000000000000000000000000000001 #b00000000000000000000000000000000)) #b00000000000000000000000000000100)
(= v6_v0 init_var6)
(= v7_v0 init_var7)
(not (bvsmulo a0_0_1 v2_el3_v0))
(not (bvsmulo a0_0_2 v0_v0))
(not (bvsaddo (bvmul a0_0_1 v2_el3_v0) (bvmul a0_0_2 v0_v0)))
(not (bvsaddo (bvadd (bvmul a0_0_1 v2_el3_v0) (bvmul a0_0_2 v0_v0)) a0_0))
(bvsle (bvadd (bvadd (ite (= a0_0_1 #b00000000000000000000000000000000) #b00000000000000000000000000000001 #b00000000000000000000000000000000) (ite (= a0_0_2 #b00000000000000000000000000000000) #b00000000000000000000000000000001 #b00000000000000000000000000000000)) (ite (= a0_0 #b00000000000000000000000000000000) #b00000000000000000000000000000001 #b00000000000000000000000000000000)) #b00000000000000000000000000000001)
(= v0_v1 (bvadd (bvadd (bvmul a0_0_1 v2_el3_v0) (bvmul a0_0_2 v0_v0)) a0_0))
(not (bvsmulo a0_1_1 v1_f0_v0))
(distinct v0_v1 #b00000000000000000000000000000000)
(not (bvsdivo a0_1_2 v0_v1))
(not (bvsaddo (bvmul a0_1_1 v1_f0_v0) (bvsrem a0_1_2 v0_v1)))
(not (bvsaddo (bvadd (bvmul a0_1_1 v1_f0_v0) (bvsrem a0_1_2 v0_v1)) a0_1))
(bvsle (bvadd (bvadd (ite (= a0_1_1 #b00000000000000000000000000000000) #b00000000000000000000000000000001 #b00000000000000000000000000000000) (ite (= a0_1_2 #b00000000000000000000000000000000) #b00000000000000000000000000000001 #b00000000000000000000000000000000)) (ite (= a0_1 #b00000000000000000000000000000000) #b00000000000000000000000000000001 #b00000000000000000000000000000000)) #b00000000000000000000000000000001)
(= v4_v1 (bvadd (bvadd (bvmul a0_1_1 v1_f0_v0) (bvsrem a0_1_2 v0_v1)) a0_1))
(not (bvsaddo b0_2_1 v0_v1))
(distinct v4_v1 #b00000000000000000000000000000000)
(not (bvsdivo b0_2_2 v4_v1))
(not (bvssubo (bvadd b0_2_1 v0_v1) (bvsdiv b0_2_2 v4_v1)))
(distinct v5_v0 #b00000000000000000000000000000000)
(not (bvsdivo b0_2_3 v5_v0))
(not (bvssubo (bvsub (bvadd b0_2_1 v0_v1) (bvsdiv b0_2_2 v4_v1)) (bvsrem b0_2_3 v5_v0)))
(not (bvssubo (bvsub (bvsub (bvadd b0_2_1 v0_v1) (bvsdiv b0_2_2 v4_v1)) (bvsrem b0_2_3 v5_v0)) b0_2))
(bvsle (bvadd (bvadd (bvadd (ite (= b0_2_1 #b00000000000000000000000000000000) #b00000000000000000000000000000001 #b00000000000000000000000000000000) (ite (= b0_2_2 #b00000000000000000000000000000000) #b00000000000000000000000000000001 #b00000000000000000000000000000000)) (ite (= b0_2_3 #b00000000000000000000000000000000) #b00000000000000000000000000000001 #b00000000000000000000000000000000)) (ite (= b0_2 #b00000000000000000000000000000000) #b00000000000000000000000000000001 #b00000000000000000000000000000000)) #b00000000000000000000000000000010)
(not (bvslt (bvsub (bvsub (bvsub (bvadd b0_2_1 v0_v1) (bvsdiv b0_2_2 v4_v1)) (bvsrem b0_2_3 v5_v0)) b0_2) #b00000000000000000000000000000000))
(not (bvsaddo a14_0_1 v0_v1))
(not (bvsmulo a14_0_2 v3_v0))
(not (bvssubo (bvadd a14_0_1 v0_v1) (bvmul a14_0_2 v3_v0)))
(not (bvssubo (bvsub (bvadd a14_0_1 v0_v1) (bvmul a14_0_2 v3_v0)) a14_0))
(bvsle (bvadd (bvadd (ite (= a14_0_1 #b00000000000000000000000000000000) #b00000000000000000000000000000001 #b00000000000000000000000000000000) (ite (= a14_0_2 #b00000000000000000000000000000000) #b00000000000000000000000000000001 #b00000000000000000000000000000000)) (ite (= a14_0 #b00000000000000000000000000000000) #b00000000000000000000000000000001 #b00000000000000000000000000000000)) #b00000000000000000000000000000001)
(= v3_v1 (bvsub (bvsub (bvadd a14_0_1 v0_v1) (bvmul a14_0_2 v3_v0)) a14_0))
(not (bvsaddo a14_1_1 v2_el3_v0))
(not (bvsaddo a14_1_2 v5_v0))
(not (bvssubo (bvadd a14_1_1 v2_el3_v0) (bvadd a14_1_2 v5_v0)))
(not (bvssubo (bvsub (bvadd a14_1_1 v2_el3_v0) (bvadd a14_1_2 v5_v0)) a14_1))
(bvsle (bvadd (bvadd (ite (= a14_1_1 #b00000000000000000000000000000000) #b00000000000000000000000000000001 #b00000000000000000000000000000000) (ite (= a14_1_2 #b00000000000000000000000000000000) #b00000000000000000000000000000001 #b00000000000000000000000000000000)) (ite (= a14_1 #b00000000000000000000000000000000) #b00000000000000000000000000000001 #b00000000000000000000000000000000)) #b00000000000000000000000000000001)
(= v7_v1 (bvsub (bvsub (bvadd a14_1_1 v2_el3_v0) (bvadd a14_1_2 v5_v0)) a14_1))
```
Constraint stats: asserted=38 addCalls=38 skippedTrue=0 deduped=0 ensureInRangeCalls=49 boundedAlready=0 uniqueConstraintIds=38 uniqueBoundedIds=0 (solverAsserted=0)
Bitwuzla check_sat time: 114ms
Bitwuzla statistics: preprocess::contradicting_ands::num_substs=0 preprocess::contradicting_ands::time_apply=0ms preprocess::elim_extract::num_elim=0 preprocess::elim_extract::time_apply=0ms preprocess::elim_lambda::time_apply=0ms preprocess::elim_udiv::num_eliminated=0 preprocess::elim_udiv::time_apply=0ms preprocess::embedded_constraints::num_substs=1 preprocess::embedded_constraints::time_apply=0ms preprocess::flatten_and::num_assertions=154 preprocess::flatten_and::num_flattened=135 preprocess::flatten_and::time_apply=0ms preprocess::lambda::num_elim=0 preprocess::normalize::num_common_normalizations=22 preprocess::normalize::num_normalizations=78 preprocess::normalize::num_normalized_assertions=0 preprocess::normalize::num_pass1=0 preprocess::normalize::num_pass2=0 preprocess::normalize::time_adder_chains=1ms preprocess::normalize::time_apply=55ms preprocess::normalize::time_compute_occs=0ms preprocess::normalize::time_normalize_add=0ms preprocess::normalize::time_normalize_mul=0ms preprocess::normalize::time_score=49ms preprocess::rewrite::time_apply=1ms preprocess::skeleton_preproc::cnf::clauses=358 preprocess::skeleton_preproc::cnf::lits=610 preprocess::skeleton_preproc::new_assertions=0 preprocess::skeleton_preproc::resets=1 preprocess::skeleton_preproc::time_apply=0ms preprocess::skeleton_preproc::time_encode=0ms preprocess::skeleton_preproc::time_fixed=0ms preprocess::skeleton_preproc::time_sat=0ms preprocess::uninterpreted::num_substs=0 preprocess::uninterpreted::time_apply=0ms preprocess::varsubst::normalize_bv_ineq::num_slt=0 preprocess::varsubst::normalize_bv_ineq::num_ult=0 preprocess::varsubst::normalize_eq::num_bv_concat=0 preprocess::varsubst::normalize_eq::num_gauss_elim=5 preprocess::varsubst::normalize_eq::num_linear_eq=5 preprocess::varsubst::num_substs=6 preprocess::varsubst::time_apply=1ms preprocess::varsubst::time_direct_cycle_check=0ms preprocess::varsubst::time_find_substitution=0ms preprocess::varsubst::time_find_vars=0ms preprocess::varsubst::time_register=0ms preprocess::varsubst::time_remove_cycles=0ms preprocess::varsubst::time_substitute=0ms preprocessor::num_iterations=2 preprocessor::time_preprocess=61ms preprocessor::time_process=0ms rewriter::(normalize)::num_evals=0 rewriter::(normalize)::num_rewrites=261 rewriter::(normalize)::rewrite::BV_ADD_EVAL=1 rewriter::(normalize)::rewrite::BV_ADD_SPECIAL_CONST=23 rewriter::(normalize)::rewrite::BV_MUL_EVAL=2 rewriter::(normalize)::rewrite::BV_MUL_NEG=1 rewriter::(normalize)::rewrite::BV_MUL_ONES=7 rewriter::(normalize)::rewrite::BV_NEG_ELIM=7 rewriter::(normalize)::rewrite::BV_NOT_BV_NOT=26 rewriter::(normalize)::rewrite::NORMALIZE_COMM=194 rewriter::eval::BV_MUL_EVAL=2 rewriter::eval::BV_NEG_EVAL=2 rewriter::eval::BV_SHL_EVAL=2 rewriter::eval::EQUAL_EVAL=3 rewriter::eval::IMPLIES_EVAL=1 rewriter::num_evals=10 rewriter::num_rewrites=1572 rewriter::rewrite::BV_ADD_EVAL=2 rewriter::rewrite::BV_ADD_ITE2=25 rewriter::rewrite::BV_ADD_SPECIAL_CONST=24 rewriter::rewrite::BV_EXTRACT_ADD_MUL=6 rewriter::rewrite::BV_EXTRACT_EVAL=1 rewriter::rewrite::BV_EXTRACT_FULL=8 rewriter::rewrite::BV_MUL_ONE=4 rewriter::rewrite::BV_MUL_POW2=6 rewriter::rewrite::BV_NEG_ELIM=30 rewriter::rewrite::BV_NOT_BV_NOT=295 rewriter::rewrite::BV_NOT_EVAL=2 rewriter::rewrite::BV_OR_ELIM=236 rewriter::rewrite::BV_SADDO_ELIM=8 rewriter::rewrite::BV_SDIVO_ELIM=3 rewriter::rewrite::BV_SDIV_ELIM=1 rewriter::rewrite::BV_SHL_CONST=6 rewriter::rewrite::BV_SHL_SPECIAL_CONST=4 rewriter::rewrite::BV_SIGN_EXTEND_ELIM=16 rewriter::rewrite::BV_SLE_ELIM=6 rewriter::rewrite::BV_SMULO_ELIM=4 rewriter::rewrite::BV_SREM_ELIM=2 rewriter::rewrite::BV_SSUBO_ELIM=7 rewriter::rewrite::BV_SUB_ELIM=11 rewriter::rewrite::DISTINCT_ELIM=3 rewriter::rewrite::EQUAL_BV_SUB=6 rewriter::rewrite::EQUAL_CONST_BV_NOT=124 rewriter::rewrite::EQUAL_SPECIAL_CONST=8 rewriter::rewrite::EQUAL_TRUE=4 rewriter::rewrite::IMPLIES_ELIM=4 rewriter::rewrite::ITE_EVAL=1 rewriter::rewrite::NORMALIZE_COMM=651 rewriter::rewrite::NOT_EQUAL_BV1_BOOL=34 rewriter::rewrite::NOT_NOT=15 rewriter::rewrite::OR_ELIM=15 solver::abstract::lemmas::MUL_NEG_POW2=4 solver::abstract::num_checks=2 solver::abstract::terms::BV_MUL=4 solver::abstract::terms::total=4 solver::abstract::time_check=1ms solver::array::equalities=0 solver::array::num_checks=0 solver::array::propagations=0 solver::array::propagations_down=0 solver::array::propagations_up=0 solver::array::selects=0 solver::array::time_check=0ms solver::bv::bitblast::aig::num_ands=52640 solver::bv::bitblast::aig::num_consts=932 solver::bv::bitblast::aig::num_shared=5883 solver::bv::bitblast::aig::time_bitblast=5ms solver::bv::bitblast::cnf::num_clauses=137664 solver::bv::bitblast::cnf::num_literals=330840 solver::bv::bitblast::cnf::num_vars=45415 solver::bv::bitblast::cnf::time_encode=38ms solver::bv::bitblast::sat::time_solve=6ms solver::bv::num_assertions=174 solver::bv::num_checks=2 solver::bv::time_check=45ms solver::engine::lemmas::abstr=4 solver::engine::lemmas::array=0 solver::engine::lemmas::fp=0 solver::engine::lemmas::fun=0 solver::engine::lemmas::quant=0 solver::engine::lemmas::total=4 solver::engine::time_register_term=0ms solver::engine::time_solve=53ms solver::fun::num_checks=1 solver::fun::time_check=0ms solver::quant::mbqi_checks=0 solver::quant::num_lemma_iterations=0 solver::quant::num_lemmas=0 solver::quant::time_check=0ms solver::quant::time_mbqi=0ms solver::quant::time_process=0ms solving_context::max_memory=44605440 solving_context::time_ensure_model=0ms solving_context::time_solve=114ms
SAT
Extract symbols: sym=init_var6, value=0
Extract symbols: sym=init_var7, value=0
Extract symbols: sym=a0_0_1, value=-1
Extract symbols: sym=a0_0_2, value=-1
Extract symbols: sym=a0_0, value=-1
Extract symbols: sym=a0_1_1, value=-1
Extract symbols: sym=a0_1_2, value=-1
Extract symbols: sym=a0_1, value=-1
Extract symbols: sym=b0_2_1, value=-1
Extract symbols: sym=b0_2_2, value=-1
Extract symbols: sym=b0_2_3, value=-1
Extract symbols: sym=b0_2, value=-1
Extract symbols: sym=a1_0_1, value=<unresolved>
Extract symbols: sym=a1_0_2, value=<unresolved>
Extract symbols: sym=a1_0, value=<unresolved>
Extract symbols: sym=a1_1_1, value=<unresolved>
Extract symbols: sym=a1_1_2, value=<unresolved>
Extract symbols: sym=a1_1, value=<unresolved>
Extract symbols: sym=b1_2_1, value=<unresolved>
Extract symbols: sym=b1_2_2, value=<unresolved>
Extract symbols: sym=b1_2_3, value=<unresolved>
Extract symbols: sym=b1_2, value=<unresolved>
Extract symbols: sym=a2_0_1, value=<unresolved>
Extract symbols: sym=a2_0_2, value=<unresolved>
Extract symbols: sym=a2_0, value=<unresolved>
Extract symbols: sym=a2_1_1, value=<unresolved>
Extract symbols: sym=a2_1_2, value=<unresolved>
Extract symbols: sym=a2_1, value=<unresolved>
Extract symbols: sym=b2_2_1, value=<unresolved>
Extract symbols: sym=b2_2_2, value=<unresolved>
Extract symbols: sym=b2_2_3, value=<unresolved>
Extract symbols: sym=b2_2, value=<unresolved>
Extract symbols: sym=a3_0_1, value=<unresolved>
Extract symbols: sym=a3_0_2, value=<unresolved>
Extract symbols: sym=a3_0, value=<unresolved>
Extract symbols: sym=a3_1_1, value=<unresolved>
Extract symbols: sym=a3_1_2, value=<unresolved>
Extract symbols: sym=a3_1, value=<unresolved>
Extract symbols: sym=b3_2_1, value=<unresolved>
Extract symbols: sym=b3_2_2, value=<unresolved>
Extract symbols: sym=b3_2_3, value=<unresolved>
Extract symbols: sym=b3_2, value=<unresolved>
Extract symbols: sym=a4_0_1, value=<unresolved>
Extract symbols: sym=a4_0_2, value=<unresolved>
Extract symbols: sym=a4_0, value=<unresolved>
Extract symbols: sym=a4_1_1, value=<unresolved>
Extract symbols: sym=a4_1_2, value=<unresolved>
Extract symbols: sym=a4_1, value=<unresolved>
Extract symbols: sym=b4_2_1, value=<unresolved>
Extract symbols: sym=b4_2_2, value=<unresolved>
Extract symbols: sym=b4_2_3, value=<unresolved>
Extract symbols: sym=b4_2, value=<unresolved>
Extract symbols: sym=a5_0_1, value=<unresolved>
Extract symbols: sym=a5_0_2, value=<unresolved>
Extract symbols: sym=a5_0, value=<unresolved>
Extract symbols: sym=a5_1_1, value=<unresolved>
Extract symbols: sym=a5_1_2, value=<unresolved>
Extract symbols: sym=a5_1, value=<unresolved>
Extract symbols: sym=b5_2_1, value=<unresolved>
Extract symbols: sym=b5_2_2, value=<unresolved>
Extract symbols: sym=b5_2_3, value=<unresolved>
Extract symbols: sym=b5_2, value=<unresolved>
Extract symbols: sym=a6_0_1, value=<unresolved>
Extract symbols: sym=a6_0_2, value=<unresolved>
Extract symbols: sym=a6_0, value=<unresolved>
Extract symbols: sym=a6_1_1, value=<unresolved>
Extract symbols: sym=a6_1_2, value=<unresolved>
Extract symbols: sym=a6_1, value=<unresolved>
Extract symbols: sym=b6_2_1, value=<unresolved>
Extract symbols: sym=b6_2_2, value=<unresolved>
Extract symbols: sym=b6_2_3, value=<unresolved>
Extract symbols: sym=b6_2, value=<unresolved>
Extract symbols: sym=a7_0_1, value=<unresolved>
Extract symbols: sym=a7_0_2, value=<unresolved>
Extract symbols: sym=a7_0, value=<unresolved>
Extract symbols: sym=a7_1_1, value=<unresolved>
Extract symbols: sym=a7_1_2, value=<unresolved>
Extract symbols: sym=a7_1, value=<unresolved>
Extract symbols: sym=b7_2_1, value=<unresolved>
Extract symbols: sym=b7_2_2, value=<unresolved>
Extract symbols: sym=b7_2_3, value=<unresolved>
Extract symbols: sym=b7_2, value=<unresolved>
Extract symbols: sym=a8_0_1, value=<unresolved>
Extract symbols: sym=a8_0_2, value=<unresolved>
Extract symbols: sym=a8_0, value=<unresolved>
Extract symbols: sym=a8_1_1, value=<unresolved>
Extract symbols: sym=a8_1_2, value=<unresolved>
Extract symbols: sym=a8_1, value=<unresolved>
Extract symbols: sym=b8_2_1, value=<unresolved>
Extract symbols: sym=b8_2_2, value=<unresolved>
Extract symbols: sym=b8_2_3, value=<unresolved>
Extract symbols: sym=b8_2, value=<unresolved>
Extract symbols: sym=a9_0_1, value=<unresolved>
Extract symbols: sym=a9_0_2, value=<unresolved>
Extract symbols: sym=a9_0, value=<unresolved>
Extract symbols: sym=a9_1_1, value=<unresolved>
Extract symbols: sym=a9_1_2, value=<unresolved>
Extract symbols: sym=a9_1, value=<unresolved>
Extract symbols: sym=b9_2_1, value=<unresolved>
Extract symbols: sym=b9_2_2, value=<unresolved>
Extract symbols: sym=b9_2_3, value=<unresolved>
Extract symbols: sym=b9_2, value=<unresolved>
Extract symbols: sym=a10_0_1, value=<unresolved>
Extract symbols: sym=a10_0_2, value=<unresolved>
Extract symbols: sym=a10_0, value=<unresolved>
Extract symbols: sym=a10_1_1, value=<unresolved>
Extract symbols: sym=a10_1_2, value=<unresolved>
Extract symbols: sym=a10_1, value=<unresolved>
Extract symbols: sym=b10_2_1, value=<unresolved>
Extract symbols: sym=b10_2_2, value=<unresolved>
Extract symbols: sym=b10_2_3, value=<unresolved>
Extract symbols: sym=b10_2, value=<unresolved>
Extract symbols: sym=a11_0_1, value=<unresolved>
Extract symbols: sym=a11_0_2, value=<unresolved>
Extract symbols: sym=a11_0, value=<unresolved>
Extract symbols: sym=a11_1_1, value=<unresolved>
Extract symbols: sym=a11_1_2, value=<unresolved>
Extract symbols: sym=a11_1, value=<unresolved>
Extract symbols: sym=b11_2_1, value=<unresolved>
Extract symbols: sym=b11_2_2, value=<unresolved>
Extract symbols: sym=b11_2_3, value=<unresolved>
Extract symbols: sym=b11_2, value=<unresolved>
Extract symbols: sym=a12_0_1, value=<unresolved>
Extract symbols: sym=a12_0_2, value=<unresolved>
Extract symbols: sym=a12_0, value=<unresolved>
Extract symbols: sym=a12_1_1, value=<unresolved>
Extract symbols: sym=a12_1_2, value=<unresolved>
Extract symbols: sym=a12_1, value=<unresolved>
Extract symbols: sym=b12_2_1, value=<unresolved>
Extract symbols: sym=b12_2_2, value=<unresolved>
Extract symbols: sym=b12_2_3, value=<unresolved>
Extract symbols: sym=b12_2, value=<unresolved>
Extract symbols: sym=a13_0_1, value=<unresolved>
Extract symbols: sym=a13_0_2, value=<unresolved>
Extract symbols: sym=a13_0, value=<unresolved>
Extract symbols: sym=a13_1_1, value=<unresolved>
Extract symbols: sym=a13_1_2, value=<unresolved>
Extract symbols: sym=a13_1, value=<unresolved>
Extract symbols: sym=a14_0_1, value=-1
Extract symbols: sym=a14_0_2, value=-1
Extract symbols: sym=a14_0, value=2
Extract symbols: sym=a14_1_1, value=-1
Extract symbols: sym=a14_1_2, value=-1
Extract symbols: sym=a14_1, value=-1
--------IntUBInject: Inject Int UBs to Block BB1--------------------------------------------
Collected constraints:
(bvsle v4_v0 #b001111111111111111111111111111111)
(bvsge v4_v0 #b110000000000000000000000000000000)
(bvsge v1_f0_v0 #b110000000000000000000000000000000)
(bvsle v1_f0_v0 #b001111111111111111111111111111111)
(bvsle v2_el3_v0 #b001111111111111111111111111111111)
(bvsge v2_el3_v0 #b110000000000000000000000000000000)
(bvsle v7_v0 #b001111111111111111111111111111111)
(bvsge v7_v0 #b110000000000000000000000000000000)
(bvsge a1_0_1 #b110000000000000000000000000000000)
(bvsle a1_0_1 #b001111111111111111111111111111111)
(bvsge a1_0_2 #b110000000000000000000000000000000)
(bvsle a1_0_2 #b001111111111111111111111111111111)
(distinct v1_f0_v0 #b000000000000000000000000000000000)
(bvsge a1_0 #b110000000000000000000000000000000)
(bvsle a1_0 #b001111111111111111111111111111111)
(bvsle (bvadd (bvadd (ite (= a1_0_1 #b000000000000000000000000000000000) #b000000000000000000000000000000001 #b000000000000000000000000000000000) (ite (= a1_0_2 #b000000000000000000000000000000000) #b000000000000000000000000000000001 #b000000000000000000000000000000000)) (ite (= a1_0 #b000000000000000000000000000000000) #b000000000000000000000000000000001 #b000000000000000000000000000000000)) #b000000000000000000000000000000001)
(= v6_v1 (bvsub (bvsub a1_0 (bvsdiv a1_0_2 v1_f0_v0)) (bvmul a1_0_1 v4_v0)))
(bvsge a1_1_1 #b110000000000000000000000000000000)
(bvsle a1_1_1 #b001111111111111111111111111111111)
(= #b000000000000000000000000000000001 #b000000000000000000000000000000001)
(= #b000000000000000000000000000000001 #b000000000000000000000000000000001)
(distinct v2_el3_v0 #b000000000000000000000000000000000)
(bvsge a1_1_2 #b110000000000000000000000000000000)
(bvsle a1_1_2 #b001111111111111111111111111111111)
(bvsge a1_1 #b110000000000000000000000000000000)
(bvsle a1_1 #b001111111111111111111111111111111)
(bvsle (bvadd (bvadd (ite (= a1_1_1 #b000000000000000000000000000000000) #b000000000000000000000000000000001 #b000000000000000000000000000000000) (ite (= a1_1_2 #b000000000000000000000000000000000) #b000000000000000000000000000000001 #b000000000000000000000000000000000)) (ite (= a1_1 #b000000000000000000000000000000000) #b000000000000000000000000000000001 #b000000000000000000000000000000000)) #b000000000000000000000000000000001)
(= v2_el3_v1 (bvadd (bvadd a1_1 (bvsub a1_1_2 v7_v0)) (bvsrem a1_1_1 v2_el3_v0)))
(bvsge b1_2_1 #b110000000000000000000000000000000)
(bvsle b1_2_1 #b001111111111111111111111111111111)
(bvsge b1_2_2 #b110000000000000000000000000000000)
(bvsle b1_2_2 #b001111111111111111111111111111111)
(= #b000000000000000000000000000000001 #b000000000000000000000000000000001)
(= #b000000000000000000000000000000001 #b000000000000000000000000000000001)
(distinct v2_el3_v1 #b000000000000000000000000000000000)
(bvsge b1_2_3 #b110000000000000000000000000000000)
(bvsle b1_2_3 #b001111111111111111111111111111111)
(distinct v0_v0 #b000000000000000000000000000000000)
(bvsge b1_2 #b110000000000000000000000000000000)
(bvsle b1_2 #b001111111111111111111111111111111)
(bvsle (bvadd (bvadd (bvadd (ite (= b1_2_1 #b000000000000000000000000000000000) #b000000000000000000000000000000001 #b000000000000000000000000000000000) (ite (= b1_2_2 #b000000000000000000000000000000000) #b000000000000000000000000000000001 #b000000000000000000000000000000000)) (ite (= b1_2_3 #b000000000000000000000000000000000) #b000000000000000000000000000000001 #b000000000000000000000000000000000)) (ite (= b1_2 #b000000000000000000000000000000000) #b000000000000000000000000000000001 #b000000000000000000000000000000000)) #b000000000000000000000000000000010)
(let ((_let0 (bvsub (bvsub a1_0 (bvsdiv a1_0_2 v1_f0_v0)) (bvmul a1_0_1 v4_v0)))) (let ((_let1 (bvadd (bvadd a1_1 (bvsub a1_1_2 v7_v0)) (bvsrem a1_1_1 v2_el3_v0)))) (let ((_let2 (bvsub (bvsub (bvsub b1_2 (bvsdiv b1_2_3 v0_v0)) (bvsdiv b1_2_2 v2_el3_v1)) (bvadd b1_2_1 v6_v1)))) (or (or (or false (or (bvsgt _let0 #b001111111111111111111111111111111) (bvslt _let0 #b110000000000000000000000000000000))) (or (bvsgt _let1 #b001111111111111111111111111111111) (bvslt _let1 #b110000000000000000000000000000000))) (or (bvsgt _let2 #b001111111111111111111111111111111) (bvslt _let2 #b110000000000000000000000000000000))))))
SAT
Adding initializations to ensure undefined behaviors
Let variable: var=v4, value=-33554432
Let variable: var=v1_f0, value=1
Let variable: var=v2_el3, value=1
Let variable: var=v7, value=6
Let symbol: sym=a1_0_1, value=1
Let symbol: sym=a1_0_2, value=1
Let symbol: sym=a1_0, value=0
Let symbol: sym=a1_1_1, value=-2147483647
Let symbol: sym=a1_1_2, value=5
Let symbol: sym=a1_1, value=0
Let symbol: sym=b1_2_1, value=2113929218
Let symbol: sym=b1_2_2, value=-1
Let symbol: sym=b1_2_3, value=1
Let symbol: sym=b1_2, value=2
--------IntUBInject: Inject Int UBs to Block BB3--------------------------------------------
Collected constraints:
(bvsle v7_v0 #b001111111111111111111111111111111)
(bvsge v7_v0 #b110000000000000000000000000000000)
(bvsle v5_v0 #b001111111111111111111111111111111)
(bvsge v5_v0 #b110000000000000000000000000000000)
(bvsle v6_v0 #b001111111111111111111111111111111)
(bvsge v6_v0 #b110000000000000000000000000000000)
(bvsle v4_v0 #b001111111111111111111111111111111)
(bvsge v4_v0 #b110000000000000000000000000000000)
(bvsge a3_0_1 #b110000000000000000000000000000000)
(bvsle a3_0_1 #b001111111111111111111111111111111)
(bvsge a3_0_2 #b110000000000000000000000000000000)
(bvsle a3_0_2 #b001111111111111111111111111111111)
(bvsge a3_0 #b110000000000000000000000000000000)
(bvsle a3_0 #b001111111111111111111111111111111)
(bvsle (bvadd (bvadd (ite (= a3_0_1 #b000000000000000000000000000000000) #b000000000000000000000000000000001 #b000000000000000000000000000000000) (ite (= a3_0_2 #b000000000000000000000000000000000) #b000000000000000000000000000000001 #b000000000000000000000000000000000)) (ite (= a3_0 #b000000000000000000000000000000000) #b000000000000000000000000000000001 #b000000000000000000000000000000000)) #b000000000000000000000000000000001)
(= v0_v1 (bvadd (bvadd a3_0 (bvmul a3_0_2 v5_v0)) (bvsub a3_0_1 v7_v0)))
(bvsge a3_1_1 #b110000000000000000000000000000000)
(bvsle a3_1_1 #b001111111111111111111111111111111)
(distinct v6_v0 #b000000000000000000000000000000000)
(bvsge a3_1_2 #b110000000000000000000000000000000)
(bvsle a3_1_2 #b001111111111111111111111111111111)
(bvsge a3_1 #b110000000000000000000000000000000)
(bvsle a3_1 #b001111111111111111111111111111111)
(bvsle (bvadd (bvadd (ite (= a3_1_1 #b000000000000000000000000000000000) #b000000000000000000000000000000001 #b000000000000000000000000000000000) (ite (= a3_1_2 #b000000000000000000000000000000000) #b000000000000000000000000000000001 #b000000000000000000000000000000000)) (ite (= a3_1 #b000000000000000000000000000000000) #b000000000000000000000000000000001 #b000000000000000000000000000000000)) #b000000000000000000000000000000001)
(= v5_v1 (bvadd (bvadd a3_1 (bvadd a3_1_2 v4_v0)) (bvsdiv a3_1_1 v6_v0)))
(bvsge b3_2_1 #b110000000000000000000000000000000)
(bvsle b3_2_1 #b001111111111111111111111111111111)
(distinct v0_v1 #b000000000000000000000000000000000)
(bvsge b3_2_2 #b110000000000000000000000000000000)
(bvsle b3_2_2 #b001111111111111111111111111111111)
(bvsge b3_2_3 #b110000000000000000000000000000000)
(bvsle b3_2_3 #b001111111111111111111111111111111)
(bvsge b3_2 #b110000000000000000000000000000000)
(bvsle b3_2 #b001111111111111111111111111111111)
(bvsle (bvadd (bvadd (bvadd (ite (= b3_2_1 #b000000000000000000000000000000000) #b000000000000000000000000000000001 #b000000000000000000000000000000000) (ite (= b3_2_2 #b000000000000000000000000000000000) #b000000000000000000000000000000001 #b000000000000000000000000000000000)) (ite (= b3_2_3 #b000000000000000000000000000000000) #b000000000000000000000000000000001 #b000000000000000000000000000000000)) (ite (= b3_2 #b000000000000000000000000000000000) #b000000000000000000000000000000001 #b000000000000000000000000000000000)) #b000000000000000000000000000000010)
(let ((_let0 (bvadd (bvadd a3_0 (bvmul a3_0_2 v5_v0)) (bvsub a3_0_1 v7_v0)))) (let ((_let1 (bvadd (bvadd a3_1 (bvadd a3_1_2 v4_v0)) (bvsdiv a3_1_1 v6_v0)))) (let ((_let2 (bvsub (bvsub (bvsub b3_2 (bvadd b3_2_3 v1_f0_v0)) (bvsub b3_2_2 v5_v1)) (bvsdiv b3_2_1 v0_v1)))) (or (or (or false (or (bvsgt _let0 #b001111111111111111111111111111111) (bvslt _let0 #b110000000000000000000000000000000))) (or (bvsgt _let1 #b001111111111111111111111111111111) (bvslt _let1 #b110000000000000000000000000000000))) (or (bvsgt _let2 #b001111111111111111111111111111111) (bvslt _let2 #b110000000000000000000000000000000))))))
SAT
Adding initializations to ensure undefined behaviors
Let variable: var=v7, value=2
Let variable: var=v5, value=-2147483648
Let variable: var=v6, value=1
Let variable: var=v4, value=-2147483648
Let symbol: sym=a3_0_1, value=-2147483647
Let symbol: sym=a3_0_2, value=1
Let symbol: sym=a3_0, value=-1
Let symbol: sym=a3_1_1, value=1
Let symbol: sym=a3_1_2, value=-2147483648
Let symbol: sym=a3_1, value=2147483647
Let symbol: sym=b3_2_1, value=-2147483647
Let symbol: sym=b3_2_2, value=-2147483648
Let symbol: sym=b3_2_3, value=-2147483648
Let symbol: sym=b3_2, value=1
--------IntUBInject: Inject Int UBs to Block BB4--------------------------------------------
Collected constraints:
(bvsle v7_v0 #b001111111111111111111111111111111)
(bvsge v7_v0 #b110000000000000000000000000000000)
(bvsle v3_v0 #b001111111111111111111111111111111)
(bvsge v3_v0 #b110000000000000000000000000000000)
(bvsle v6_v0 #b001111111111111111111111111111111)
(bvsge v6_v0 #b110000000000000000000000000000000)
(bvsge v1_f0_v0 #b110000000000000000000000000000000)
(bvsle v1_f0_v0 #b001111111111111111111111111111111)
(bvsge a4_0_1 #b110000000000000000000000000000000)
(bvsle a4_0_1 #b001111111111111111111111111111111)
(bvsge a4_0_2 #b110000000000000000000000000000000)
(bvsle a4_0_2 #b001111111111111111111111111111111)
(bvsge a4_0 #b110000000000000000000000000000000)
(bvsle a4_0 #b001111111111111111111111111111111)
(bvsle (bvadd (bvadd (ite (= a4_0_1 #b000000000000000000000000000000000) #b000000000000000000000000000000001 #b000000000000000000000000000000000) (ite (= a4_0_2 #b000000000000000000000000000000000) #b000000000000000000000000000000001 #b000000000000000000000000000000000)) (ite (= a4_0 #b000000000000000000000000000000000) #b000000000000000000000000000000001 #b000000000000000000000000000000000)) #b000000000000000000000000000000001)
(= v3_v1 (bvsub (bvsub a4_0 (bvadd a4_0_2 v3_v0)) (bvmul a4_0_1 v7_v0)))
(bvsge a4_1_1 #b110000000000000000000000000000000)
(bvsle a4_1_1 #b001111111111111111111111111111111)
(bvsge a4_1_2 #b110000000000000000000000000000000)
(bvsle a4_1_2 #b001111111111111111111111111111111)
(bvsge a4_1 #b110000000000000000000000000000000)
(bvsle a4_1 #b001111111111111111111111111111111)
(bvsle (bvadd (bvadd (ite (= a4_1_1 #b000000000000000000000000000000000) #b000000000000000000000000000000001 #b000000000000000000000000000000000) (ite (= a4_1_2 #b000000000000000000000000000000000) #b000000000000000000000000000000001 #b000000000000000000000000000000000)) (ite (= a4_1 #b000000000000000000000000000000000) #b000000000000000000000000000000001 #b000000000000000000000000000000000)) #b000000000000000000000000000000001)
(= v4_v1 (bvadd (bvadd a4_1 (bvmul a4_1_2 v1_f0_v0)) (bvmul a4_1_1 v6_v0)))
(bvsge b4_2_1 #b110000000000000000000000000000000)
(bvsle b4_2_1 #b001111111111111111111111111111111)
(distinct v3_v1 #b000000000000000000000000000000000)
(bvsge b4_2_2 #b110000000000000000000000000000000)
(bvsle b4_2_2 #b001111111111111111111111111111111)
(bvsge b4_2_3 #b110000000000000000000000000000000)
(bvsle b4_2_3 #b001111111111111111111111111111111)
(bvsge b4_2 #b110000000000000000000000000000000)
(bvsle b4_2 #b001111111111111111111111111111111)
(bvsle (bvadd (bvadd (bvadd (ite (= b4_2_1 #b000000000000000000000000000000000) #b000000000000000000000000000000001 #b000000000000000000000000000000000) (ite (= b4_2_2 #b000000000000000000000000000000000) #b000000000000000000000000000000001 #b000000000000000000000000000000000)) (ite (= b4_2_3 #b000000000000000000000000000000000) #b000000000000000000000000000000001 #b000000000000000000000000000000000)) (ite (= b4_2 #b000000000000000000000000000000000) #b000000000000000000000000000000001 #b000000000000000000000000000000000)) #b000000000000000000000000000000010)
(let ((_let0 (bvsub (bvsub a4_0 (bvadd a4_0_2 v3_v0)) (bvmul a4_0_1 v7_v0)))) (let ((_let1 (bvadd (bvadd a4_1 (bvmul a4_1_2 v1_f0_v0)) (bvmul a4_1_1 v6_v0)))) (let ((_let2 (bvadd (bvadd (bvadd b4_2 (bvmul b4_2_3 v1_f0_v0)) (bvmul b4_2_2 v4_v1)) (bvsrem b4_2_1 v3_v1)))) (or (or (or false (or (bvsgt _let0 #b001111111111111111111111111111111) (bvslt _let0 #b110000000000000000000000000000000))) (or (bvsgt _let1 #b001111111111111111111111111111111) (bvslt _let1 #b110000000000000000000000000000000))) (or (bvsgt _let2 #b001111111111111111111111111111111) (bvslt _let2 #b110000000000000000000000000000000))))))
SAT
Adding initializations to ensure undefined behaviors
Let variable: var=v7, value=-1
Let variable: var=v3, value=2147483646
Let variable: var=v6, value=-1
Let variable: var=v1_f0, value=-1
Let symbol: sym=a4_0_1, value=1
Let symbol: sym=a4_0_2, value=3
Let symbol: sym=a4_0, value=2147483647
Let symbol: sym=a4_1_1, value=1
Let symbol: sym=a4_1_2, value=1
Let symbol: sym=a4_1, value=4
Let symbol: sym=b4_2_1, value=-1
Let symbol: sym=b4_2_2, value=-1
Let symbol: sym=b4_2_3, value=1
Let symbol: sym=b4_2, value=-2147483646
--------IntUBInject: Inject Int UBs to Block BB6--------------------------------------------
Collected constraints:
(bvsle v0_v0 #b001111111111111111111111111111111)
(bvsge v0_v0 #b110000000000000000000000000000000)
(bvsle v3_v0 #b001111111111111111111111111111111)
(bvsge v3_v0 #b110000000000000000000000000000000)
(bvsle v4_v0 #b001111111111111111111111111111111)
(bvsge v4_v0 #b110000000000000000000000000000000)
(bvsge a6_0_1 #b110000000000000000000000000000000)
(bvsle a6_0_1 #b001111111111111111111111111111111)
(bvsge a6_0_2 #b110000000000000000000000000000000)
(bvsle a6_0_2 #b001111111111111111111111111111111)
(distinct v3_v0 #b000000000000000000000000000000000)
(bvsge a6_0 #b110000000000000000000000000000000)
(bvsle a6_0 #b001111111111111111111111111111111)
(bvsle (bvadd (bvadd (ite (= a6_0_1 #b000000000000000000000000000000000) #b000000000000000000000000000000001 #b000000000000000000000000000000000) (ite (= a6_0_2 #b000000000000000000000000000000000) #b000000000000000000000000000000001 #b000000000000000000000000000000000)) (ite (= a6_0 #b000000000000000000000000000000000) #b000000000000000000000000000000001 #b000000000000000000000000000000000)) #b000000000000000000000000000000001)
(= v2_el3_v1 (bvadd (bvadd a6_0 (bvsdiv a6_0_2 v3_v0)) (bvmul a6_0_1 v0_v0)))
(bvsge a6_1_1 #b110000000000000000000000000000000)
(bvsle a6_1_1 #b001111111111111111111111111111111)
(= #b000000000000000000000000000000001 #b000000000000000000000000000000001)
(= #b000000000000000000000000000000001 #b000000000000000000000000000000001)
(distinct v2_el3_v1 #b000000000000000000000000000000000)
(bvsge a6_1_2 #b110000000000000000000000000000000)
(bvsle a6_1_2 #b001111111111111111111111111111111)
(bvsge a6_1 #b110000000000000000000000000000000)
(bvsle a6_1 #b001111111111111111111111111111111)
(bvsle (bvadd (bvadd (ite (= a6_1_1 #b000000000000000000000000000000000) #b000000000000000000000000000000001 #b000000000000000000000000000000000) (ite (= a6_1_2 #b000000000000000000000000000000000) #b000000000000000000000000000000001 #b000000000000000000000000000000000)) (ite (= a6_1 #b000000000000000000000000000000000) #b000000000000000000000000000000001 #b000000000000000000000000000000000)) #b000000000000000000000000000000001)
(= v5_v1 (bvsub (bvsub a6_1 (bvadd a6_1_2 v4_v0)) (bvsrem a6_1_1 v2_el3_v1)))
(bvsge b6_2_1 #b110000000000000000000000000000000)
(bvsle b6_2_1 #b001111111111111111111111111111111)
(= #b000000000000000000000000000000001 #b000000000000000000000000000000001)
(= #b000000000000000000000000000000001 #b000000000000000000000000000000001)
(distinct v2_el3_v1 #b000000000000000000000000000000000)
(bvsge b6_2_2 #b110000000000000000000000000000000)
(bvsle b6_2_2 #b001111111111111111111111111111111)
(bvsge b6_2_3 #b110000000000000000000000000000000)
(bvsle b6_2_3 #b001111111111111111111111111111111)
(distinct v3_v0 #b000000000000000000000000000000000)
(bvsge b6_2 #b110000000000000000000000000000000)
(bvsle b6_2 #b001111111111111111111111111111111)
(bvsle (bvadd (bvadd (bvadd (ite (= b6_2_1 #b000000000000000000000000000000000) #b000000000000000000000000000000001 #b000000000000000000000000000000000) (ite (= b6_2_2 #b000000000000000000000000000000000) #b000000000000000000000000000000001 #b000000000000000000000000000000000)) (ite (= b6_2_3 #b000000000000000000000000000000000) #b000000000000000000000000000000001 #b000000000000000000000000000000000)) (ite (= b6_2 #b000000000000000000000000000000000) #b000000000000000000000000000000001 #b000000000000000000000000000000000)) #b000000000000000000000000000000010)
(let ((_let0 (bvadd (bvadd a6_0 (bvsdiv a6_0_2 v3_v0)) (bvmul a6_0_1 v0_v0)))) (let ((_let1 (bvsub (bvsub a6_1 (bvadd a6_1_2 v4_v0)) (bvsrem a6_1_1 v2_el3_v1)))) (let ((_let2 (bvadd (bvadd (bvadd b6_2 (bvsrem b6_2_3 v3_v0)) (bvmul b6_2_2 v5_v1)) (bvsrem b6_2_1 v2_el3_v1)))) (or (or (or false (or (bvsgt _let0 #b001111111111111111111111111111111) (bvslt _let0 #b110000000000000000000000000000000))) (or (bvsgt _let1 #b001111111111111111111111111111111) (bvslt _let1 #b110000000000000000000000000000000))) (or (bvsgt _let2 #b001111111111111111111111111111111) (bvslt _let2 #b110000000000000000000000000000000))))))
SAT
Adding initializations to ensure undefined behaviors
Let variable: var=v0, value=-2147483648
Let variable: var=v3, value=1
Let variable: var=v4, value=2147483647
Let symbol: sym=a6_0_1, value=3
Let symbol: sym=a6_0_2, value=1
Let symbol: sym=a6_0, value=-2147483648
Let symbol: sym=a6_1_1, value=1
Let symbol: sym=a6_1_2, value=1
Let symbol: sym=a6_1, value=0
Let symbol: sym=b6_2_1, value=-1
Let symbol: sym=b6_2_2, value=2
Let symbol: sym=b6_2_3, value=-1
Let symbol: sym=b6_2, value=2147483647
--------IntUBInject: Inject Int UBs to Block BB12--------------------------------------------
Collected constraints:
(bvsle v7_v0 #b001111111111111111111111111111111)
(bvsge v7_v0 #b110000000000000000000000000000000)
(bvsle v3_v0 #b001111111111111111111111111111111)
(bvsge v3_v0 #b110000000000000000000000000000000)
(bvsle v4_v0 #b001111111111111111111111111111111)
(bvsge v4_v0 #b110000000000000000000000000000000)
(bvsge a12_0_1 #b110000000000000000000000000000000)
(bvsle a12_0_1 #b001111111111111111111111111111111)
(bvsge a12_0_2 #b110000000000000000000000000000000)
(bvsle a12_0_2 #b001111111111111111111111111111111)
(bvsge a12_0 #b110000000000000000000000000000000)
(bvsle a12_0 #b001111111111111111111111111111111)
(bvsle (bvadd (bvadd (ite (= a12_0_1 #b000000000000000000000000000000000) #b000000000000000000000000000000001 #b000000000000000000000000000000000) (ite (= a12_0_2 #b000000000000000000000000000000000) #b000000000000000000000000000000001 #b000000000000000000000000000000000)) (ite (= a12_0 #b000000000000000000000000000000000) #b000000000000000000000000000000001 #b000000000000000000000000000000000)) #b000000000000000000000000000000001)
(= v2_el3_v1 (bvsub (bvsub a12_0 (bvadd a12_0_2 v3_v0)) (bvadd a12_0_1 v7_v0)))
(bvsge a12_1_1 #b110000000000000000000000000000000)
(bvsle a12_1_1 #b001111111111111111111111111111111)
(= #b000000000000000000000000000000001 #b000000000000000000000000000000001)
(= #b000000000000000000000000000000001 #b000000000000000000000000000000001)
(bvsge a12_1_2 #b110000000000000000000000000000000)
(bvsle a12_1_2 #b001111111111111111111111111111111)
(bvsge a12_1 #b110000000000000000000000000000000)
(bvsle a12_1 #b001111111111111111111111111111111)
(bvsle (bvadd (bvadd (ite (= a12_1_1 #b000000000000000000000000000000000) #b000000000000000000000000000000001 #b000000000000000000000000000000000) (ite (= a12_1_2 #b000000000000000000000000000000000) #b000000000000000000000000000000001 #b000000000000000000000000000000000)) (ite (= a12_1 #b000000000000000000000000000000000) #b000000000000000000000000000000001 #b000000000000000000000000000000000)) #b000000000000000000000000000000001)
(= v6_v1 (bvsub (bvsub a12_1 (bvsub a12_1_2 v4_v0)) (bvsub a12_1_1 v2_el3_v1)))
(bvsge b12_2_1 #b110000000000000000000000000000000)
(bvsle b12_2_1 #b001111111111111111111111111111111)
(= #b000000000000000000000000000000001 #b000000000000000000000000000000001)
(= #b000000000000000000000000000000001 #b000000000000000000000000000000001)
(distinct v2_el3_v1 #b000000000000000000000000000000000)
(bvsge b12_2_2 #b110000000000000000000000000000000)
(bvsle b12_2_2 #b001111111111111111111111111111111)
(bvsge b12_2_3 #b110000000000000000000000000000000)
(bvsle b12_2_3 #b001111111111111111111111111111111)
(bvsge b12_2 #b110000000000000000000000000000000)
(bvsle b12_2 #b001111111111111111111111111111111)
(bvsle (bvadd (bvadd (bvadd (ite (= b12_2_1 #b000000000000000000000000000000000) #b000000000000000000000000000000001 #b000000000000000000000000000000000) (ite (= b12_2_2 #b000000000000000000000000000000000) #b000000000000000000000000000000001 #b000000000000000000000000000000000)) (ite (= b12_2_3 #b000000000000000000000000000000000) #b000000000000000000000000000000001 #b000000000000000000000000000000000)) (ite (= b12_2 #b000000000000000000000000000000000) #b000000000000000000000000000000001 #b000000000000000000000000000000000)) #b000000000000000000000000000000010)
(let ((_let0 (bvsub (bvsub a12_0 (bvadd a12_0_2 v3_v0)) (bvadd a12_0_1 v7_v0)))) (let ((_let1 (bvsub (bvsub a12_1 (bvsub a12_1_2 v4_v0)) (bvsub a12_1_1 v2_el3_v1)))) (let ((_let2 (bvadd (bvadd (bvadd b12_2 (bvmul b12_2_3 v5_v0)) (bvmul b12_2_2 v6_v1)) (bvsdiv b12_2_1 v2_el3_v1)))) (or (or (or false (or (bvsgt _let0 #b001111111111111111111111111111111) (bvslt _let0 #b110000000000000000000000000000000))) (or (bvsgt _let1 #b001111111111111111111111111111111) (bvslt _let1 #b110000000000000000000000000000000))) (or (bvsgt _let2 #b001111111111111111111111111111111) (bvslt _let2 #b110000000000000000000000000000000))))))
SAT
Adding initializations to ensure undefined behaviors
Let variable: var=v7, value=-2
Let variable: var=v3, value=-2147483647
Let variable: var=v4, value=0
Let symbol: sym=a12_0_1, value=1
Let symbol: sym=a12_0_2, value=-2147483648
Let symbol: sym=a12_0, value=0
Let symbol: sym=a12_1_1, value=1073741831
Let symbol: sym=a12_1_2, value=1073741814
Let symbol: sym=a12_1, value=-2147483647
Let symbol: sym=b12_2_1, value=-2147483648
Let symbol: sym=b12_2_2, value=-1342177280
Let symbol: sym=b12_2_3, value=0
Let symbol: sym=b12_2, value=2147483647
Define symbols: sym=a2_0_1, val=-1400057686 (for unexecuted basic blocks)
Define symbols: sym=a2_0_2, val=-2129613346 (for unexecuted basic blocks)
Define symbols: sym=a2_0, val=-983724735 (for unexecuted basic blocks)
Define symbols: sym=a2_1_1, val=252621179 (for unexecuted basic blocks)
Define symbols: sym=a2_1_2, val=-935717073 (for unexecuted basic blocks)
Define symbols: sym=a2_1, val=127567845 (for unexecuted basic blocks)
Define symbols: sym=b2_2_1, val=-908242483 (for unexecuted basic blocks)
Define symbols: sym=b2_2_2, val=-454339992 (for unexecuted basic blocks)
Define symbols: sym=b2_2_3, val=-530213567 (for unexecuted basic blocks)
Define symbols: sym=b2_2, val=-2120385065 (for unexecuted basic blocks)
Define symbols: sym=a5_0_1, val=2008230715 (for unexecuted basic blocks)
Define symbols: sym=a5_0_2, val=1726015966 (for unexecuted basic blocks)
Define symbols: sym=a5_0, val=-1486479513 (for unexecuted basic blocks)
Define symbols: sym=a5_1_1, val=1223958821 (for unexecuted basic blocks)
Define symbols: sym=a5_1_2, val=262054838 (for unexecuted basic blocks)
Define symbols: sym=a5_1, val=-1130272695 (for unexecuted basic blocks)
Define symbols: sym=b5_2_1, val=-1837898761 (for unexecuted basic blocks)
Define symbols: sym=b5_2_2, val=503747363 (for unexecuted basic blocks)
Define symbols: sym=b5_2_3, val=1476403680 (for unexecuted basic blocks)
Define symbols: sym=b5_2, val=-599244625 (for unexecuted basic blocks)
Define symbols: sym=a7_0_1, val=479890148 (for unexecuted basic blocks)
Define symbols: sym=a7_0_2, val=1135882260 (for unexecuted basic blocks)
Define symbols: sym=a7_0, val=-1189677017 (for unexecuted basic blocks)
Define symbols: sym=a7_1_1, val=-35614694 (for unexecuted basic blocks)
Define symbols: sym=a7_1_2, val=863998661 (for unexecuted basic blocks)
Define symbols: sym=a7_1, val=-1878339304 (for unexecuted basic blocks)
Define symbols: sym=b7_2_1, val=23298449 (for unexecuted basic blocks)
Define symbols: sym=b7_2_2, val=947103286 (for unexecuted basic blocks)
Define symbols: sym=b7_2_3, val=1131470278 (for unexecuted basic blocks)
Define symbols: sym=b7_2, val=-2126682790 (for unexecuted basic blocks)
Define symbols: sym=a8_0_1, val=-165182685 (for unexecuted basic blocks)
Define symbols: sym=a8_0_2, val=1654114955 (for unexecuted basic blocks)
Define symbols: sym=a8_0, val=800077023 (for unexecuted basic blocks)
Define symbols: sym=a8_1_1, val=-979389067 (for unexecuted basic blocks)
Define symbols: sym=a8_1_2, val=733466513 (for unexecuted basic blocks)
Define symbols: sym=a8_1, val=-1302533931 (for unexecuted basic blocks)
Define symbols: sym=b8_2_1, val=1759957860 (for unexecuted basic blocks)
Define symbols: sym=b8_2_2, val=-1189807902 (for unexecuted basic blocks)
Define symbols: sym=b8_2_3, val=1869955863 (for unexecuted basic blocks)
Define symbols: sym=b8_2, val=-1438495098 (for unexecuted basic blocks)
Define symbols: sym=a9_0_1, val=617345024 (for unexecuted basic blocks)
Define symbols: sym=a9_0_2, val=-445259908 (for unexecuted basic blocks)
Define symbols: sym=a9_0, val=1513641988 (for unexecuted basic blocks)
Define symbols: sym=a9_1_1, val=-448988143 (for unexecuted basic blocks)
Define symbols: sym=a9_1_2, val=1046771310 (for unexecuted basic blocks)
Define symbols: sym=a9_1, val=-1761964065 (for unexecuted basic blocks)
Define symbols: sym=b9_2_1, val=1104516599 (for unexecuted basic blocks)
Define symbols: sym=b9_2_2, val=528651273 (for unexecuted basic blocks)
Define symbols: sym=b9_2_3, val=1705481928 (for unexecuted basic blocks)
Define symbols: sym=b9_2, val=-1455333224 (for unexecuted basic blocks)
Define symbols: sym=a10_0_1, val=182266948 (for unexecuted basic blocks)
Define symbols: sym=a10_0_2, val=-954199914 (for unexecuted basic blocks)
Define symbols: sym=a10_0, val=-1422224881 (for unexecuted basic blocks)
Define symbols: sym=a10_1_1, val=1459437706 (for unexecuted basic blocks)
Define symbols: sym=a10_1_2, val=1370172965 (for unexecuted basic blocks)
Define symbols: sym=a10_1, val=804249080 (for unexecuted basic blocks)
Define symbols: sym=b10_2_1, val=48708562 (for unexecuted basic blocks)
Define symbols: sym=b10_2_2, val=-1205918166 (for unexecuted basic blocks)
Define symbols: sym=b10_2_3, val=2129010278 (for unexecuted basic blocks)
Define symbols: sym=b10_2, val=-700671475 (for unexecuted basic blocks)
Define symbols: sym=a11_0_1, val=-1563036232 (for unexecuted basic blocks)
Define symbols: sym=a11_0_2, val=1131297297 (for unexecuted basic blocks)
Define symbols: sym=a11_0, val=-454351710 (for unexecuted basic blocks)
Define symbols: sym=a11_1_1, val=-1809499952 (for unexecuted basic blocks)
Define symbols: sym=a11_1_2, val=2119559354 (for unexecuted basic blocks)
Define symbols: sym=a11_1, val=-948358004 (for unexecuted basic blocks)
Define symbols: sym=b11_2_1, val=-764468552 (for unexecuted basic blocks)
Define symbols: sym=b11_2_2, val=-781937684 (for unexecuted basic blocks)
Define symbols: sym=b11_2_3, val=-1228418046 (for unexecuted basic blocks)
Define symbols: sym=b11_2, val=-1366079716 (for unexecuted basic blocks)
Define symbols: sym=a13_0_1, val=690182720 (for unexecuted basic blocks)
Define symbols: sym=a13_0_2, val=397830744 (for unexecuted basic blocks)
Define symbols: sym=a13_0, val=681546114 (for unexecuted basic blocks)
Define symbols: sym=a13_1_1, val=-2089892073 (for unexecuted basic blocks)
Define symbols: sym=a13_1_2, val=198170123 (for unexecuted basic blocks)
Define symbols: sym=a13_1, val=837603517 (for unexecuted basic blocks)
Extract initialization: param=v0, value=-1
Extract initialization: param=v1, value=-1
Extract initialization: param=v2, value=-1
Extract initialization: param=v2, value=-1
Extract initialization: param=v2, value=-1
Extract initialization: param=v2, value=-3
Extract initialization: param=v3, value=-1
Extract initialization: param=v4, value=-1
Extract initialization: param=v5, value=-1
Extract finalization: param=v0, value=3
Extract finalization: param=v1, value=-1
Extract finalization: param=v2, value=-1
Extract finalization: param=v2, value=-1
Extract finalization: param=v2, value=-1
Extract finalization: param=v2, value=-3
Extract finalization: param=v3, value=-1
Extract finalization: param=v4, value=-1
Extract finalization: param=v5, value=-1
------SymExec: Iteration 1----------------------------------------------
Generating or re-generating UB-free constraints
Initial constraints: 
```
(bvsle (bvadd (bvadd (bvadd (bvadd (bvadd (bvadd (bvadd (bvadd (ite (= v0_v0 #b00000000000000000000000000000000) #b00000000000000000000000000000001 #b00000000000000000000000000000000) (ite (= v1_f0_v0 #b00000000000000000000000000000000) #b00000000000000000000000000000001 #b00000000000000000000000000000000)) (ite (= v2_el0_v0 #b00000000000000000000000000000000) #b00000000000000000000000000000001 #b00000000000000000000000000000000)) (ite (= v2_el1_v0 #b00000000000000000000000000000000) #b00000000000000000000000000000001 #b00000000000000000000000000000000)) (ite (= v2_el2_v0 #b00000000000000000000000000000000) #b00000000000000000000000000000001 #b00000000000000000000000000000000)) (ite (= v2_el3_v0 #b00000000000000000000000000000000) #b00000000000000000000000000000001 #b00000000000000000000000000000000)) (ite (= v3_v0 #b00000000000000000000000000000000) #b00000000000000000000000000000001 #b00000000000000000000000000000000)) (ite (= v4_v0 #b00000000000000000000000000000000) #b00000000000000000000000000000001 #b00000000000000000000000000000000)) (ite (= v5_v0 #b00000000000000000000000000000000) #b00000000000000000000000000000001 #b00000000000000000000000000000000)) #b00000000000000000000000000000100)
```
Final constraints: 
```
(bvsle (bvadd (bvadd (bvadd (bvadd (bvadd (bvadd (bvadd (bvadd (ite (= v0_v0 #b00000000000000000000000000000000) #b00000000000000000000000000000001 #b00000000000000000000000000000000) (ite (= v1_f0_v0 #b00000000000000000000000000000000) #b00000000000000000000000000000001 #b00000000000000000000000000000000)) (ite (= v2_el0_v0 #b00000000000000000000000000000000) #b00000000000000000000000000000001 #b00000000000000000000000000000000)) (ite (= v2_el1_v0 #b00000000000000000000000000000000) #b00000000000000000000000000000001 #b00000000000000000000000000000000)) (ite (= v2_el2_v0 #b00000000000000000000000000000000) #b00000000000000000000000000000001 #b00000000000000000000000000000000)) (ite (= v2_el3_v0 #b00000000000000000000000000000000) #b00000000000000000000000000000001 #b00000000000000000000000000000000)) (ite (= v3_v0 #b00000000000000000000000000000000) #b00000000000000000000000000000001 #b00000000000000000000000000000000)) (ite (= v4_v0 #b00000000000000000000000000000000) #b00000000000000000000000000000001 #b00000000000000000000000000000000)) (ite (= v5_v0 #b00000000000000000000000000000000) #b00000000000000000000000000000001 #b00000000000000000000000000000000)) #b00000000000000000000000000000100)
(= v6_v0 #b00000000000000000000000000000000)
(= v7_v0 #b00000000000000000000000000000000)
(not (bvsmulo #b11111111111111111111111111111111 v2_el3_v0))
(not (bvsmulo #b11111111111111111111111111111111 v0_v0))
(not (bvsaddo (bvmul #b11111111111111111111111111111111 v2_el3_v0) (bvmul #b11111111111111111111111111111111 v0_v0)))
(not (bvsaddo (bvadd (bvmul #b11111111111111111111111111111111 v2_el3_v0) (bvmul #b11111111111111111111111111111111 v0_v0)) #b11111111111111111111111111111111))
(let ((_let0 (ite (= #b11111111111111111111111111111111 #b00000000000000000000000000000000) #b00000000000000000000000000000001 #b00000000000000000000000000000000))) (bvsle (bvadd (bvadd _let0 _let0) _let0) #b00000000000000000000000000000001))
(= v0_v1 (bvadd (bvadd (bvmul #b11111111111111111111111111111111 v2_el3_v0) (bvmul #b11111111111111111111111111111111 v0_v0)) #b11111111111111111111111111111111))
(not (bvsmulo #b11111111111111111111111111111111 v1_f0_v0))
(distinct v0_v1 #b00000000000000000000000000000000)
(not (bvsdivo #b11111111111111111111111111111111 v0_v1))
(not (bvsaddo (bvmul #b11111111111111111111111111111111 v1_f0_v0) (bvsrem #b11111111111111111111111111111111 v0_v1)))
(not (bvsaddo (bvadd (bvmul #b11111111111111111111111111111111 v1_f0_v0) (bvsrem #b11111111111111111111111111111111 v0_v1)) #b11111111111111111111111111111111))
(= v4_v1 (bvadd (bvadd (bvmul #b11111111111111111111111111111111 v1_f0_v0) (bvsrem #b11111111111111111111111111111111 v0_v1)) #b11111111111111111111111111111111))
(not (bvsaddo #b11111111111111111111111111111111 v0_v1))
(distinct v4_v1 #b00000000000000000000000000000000)
(not (bvsdivo #b11111111111111111111111111111111 v4_v1))
(not (bvssubo (bvadd #b11111111111111111111111111111111 v0_v1) (bvsdiv #b11111111111111111111111111111111 v4_v1)))
(distinct v5_v0 #b00000000000000000000000000000000)
(not (bvsdivo #b11111111111111111111111111111111 v5_v0))
(not (bvssubo (bvsub (bvadd #b11111111111111111111111111111111 v0_v1) (bvsdiv #b11111111111111111111111111111111 v4_v1)) (bvsrem #b11111111111111111111111111111111 v5_v0)))
(not (bvssubo (bvsub (bvsub (bvadd #b11111111111111111111111111111111 v0_v1) (bvsdiv #b11111111111111111111111111111111 v4_v1)) (bvsrem #b11111111111111111111111111111111 v5_v0)) #b11111111111111111111111111111111))
(let ((_let0 (ite (= #b11111111111111111111111111111111 #b00000000000000000000000000000000) #b00000000000000000000000000000001 #b00000000000000000000000000000000))) (bvsle (bvadd (bvadd (bvadd _let0 _let0) _let0) _let0) #b00000000000000000000000000000010))
(not (bvslt (bvsub (bvsub (bvsub (bvadd #b11111111111111111111111111111111 v0_v1) (bvsdiv #b11111111111111111111111111111111 v4_v1)) (bvsrem #b11111111111111111111111111111111 v5_v0)) #b11111111111111111111111111111111) #b00000000000000000000000000000000))
(not (bvsmulo #b11111111111111111111111111111111 v3_v0))
(not (bvssubo (bvadd #b11111111111111111111111111111111 v0_v1) (bvmul #b11111111111111111111111111111111 v3_v0)))
(not (bvssubo (bvsub (bvadd #b11111111111111111111111111111111 v0_v1) (bvmul #b11111111111111111111111111111111 v3_v0)) #b00000000000000000000000000000010))
(let ((_let0 (ite (= #b11111111111111111111111111111111 #b00000000000000000000000000000000) #b00000000000000000000000000000001 #b00000000000000000000000000000000))) (bvsle (bvadd (bvadd _let0 _let0) (ite (= #b00000000000000000000000000000010 #b00000000000000000000000000000000) #b00000000000000000000000000000001 #b00000000000000000000000000000000)) #b00000000000000000000000000000001))
(= v3_v1 (bvsub (bvsub (bvadd #b11111111111111111111111111111111 v0_v1) (bvmul #b11111111111111111111111111111111 v3_v0)) #b00000000000000000000000000000010))
(not (bvsaddo #b11111111111111111111111111111111 v2_el3_v0))
(not (bvsaddo #b11111111111111111111111111111111 v5_v0))
(not (bvssubo (bvadd #b11111111111111111111111111111111 v2_el3_v0) (bvadd #b11111111111111111111111111111111 v5_v0)))
(not (bvssubo (bvsub (bvadd #b11111111111111111111111111111111 v2_el3_v0) (bvadd #b11111111111111111111111111111111 v5_v0)) #b11111111111111111111111111111111))
(= v7_v1 (bvsub (bvsub (bvadd #b11111111111111111111111111111111 v2_el3_v0) (bvadd #b11111111111111111111111111111111 v5_v0)) #b11111111111111111111111111111111))
(bvsle (bvadd (bvadd (bvadd (bvadd (bvadd (bvadd (bvadd (bvadd (ite (= (ite (distinct v0_v0 #b11111111111111111111111111111111) #b00000000000000000000000000000001 #b00000000000000000000000000000000) #b00000000000000000000000000000000) #b00000000000000000000000000000001 #b00000000000000000000000000000000) (ite (= (ite (distinct v1_f0_v0 #b11111111111111111111111111111111) #b00000000000000000000000000000001 #b00000000000000000000000000000000) #b00000000000000000000000000000000) #b00000000000000000000000000000001 #b00000000000000000000000000000000)) (ite (= (ite (distinct v2_el0_v0 #b11111111111111111111111111111111) #b00000000000000000000000000000001 #b00000000000000000000000000000000) #b00000000000000000000000000000000) #b00000000000000000000000000000001 #b00000000000000000000000000000000)) (ite (= (ite (distinct v2_el1_v0 #b11111111111111111111111111111111) #b00000000000000000000000000000001 #b00000000000000000000000000000000) #b00000000000000000000000000000000) #b00000000000000000000000000000001 #b00000000000000000000000000000000)) (ite (= (ite (distinct v2_el2_v0 #b11111111111111111111111111111111) #b00000000000000000000000000000001 #b00000000000000000000000000000000) #b00000000000000000000000000000000) #b00000000000000000000000000000001 #b00000000000000000000000000000000)) (ite (= (ite (distinct v2_el3_v0 #b11111111111111111111111111111101) #b00000000000000000000000000000001 #b00000000000000000000000000000000) #b00000000000000000000000000000000) #b00000000000000000000000000000001 #b00000000000000000000000000000000)) (ite (= (ite (distinct v3_v0 #b11111111111111111111111111111111) #b00000000000000000000000000000001 #b00000000000000000000000000000000) #b00000000000000000000000000000000) #b00000000000000000000000000000001 #b00000000000000000000000000000000)) (ite (= (ite (distinct v4_v0 #b11111111111111111111111111111111) #b00000000000000000000000000000001 #b00000000000000000000000000000000) #b00000000000000000000000000000000) #b00000000000000000000000000000001 #b00000000000000000000000000000000)) (ite (= (ite (distinct v5_v0 #b11111111111111111111111111111111) #b00000000000000000000000000000001 #b00000000000000000000000000000000) #b00000000000000000000000000000000) #b00000000000000000000000000000001 #b00000000000000000000000000000000)) #b00000000000000000000000000000011)
```
Constraint stats: asserted=36 addCalls=39 skippedTrue=0 deduped=3 ensureInRangeCalls=49 boundedAlready=0 uniqueConstraintIds=36 uniqueBoundedIds=0 (solverAsserted=0)
Bitwuzla check_sat time: 62ms
Bitwuzla statistics: preprocess::contradicting_ands::num_substs=0 preprocess::contradicting_ands::time_apply=0ms preprocess::elim_extract::num_elim=0 preprocess::elim_extract::time_apply=0ms preprocess::elim_lambda::time_apply=0ms preprocess::elim_udiv::num_eliminated=0 preprocess::elim_udiv::time_apply=0ms preprocess::embedded_constraints::num_substs=1 preprocess::embedded_constraints::time_apply=0ms preprocess::flatten_and::num_assertions=12 preprocess::flatten_and::num_flattened=6 preprocess::flatten_and::time_apply=0ms preprocess::lambda::num_elim=0 preprocess::normalize::num_common_normalizations=0 preprocess::normalize::num_normalizations=24 preprocess::normalize::num_normalized_assertions=0 preprocess::normalize::num_pass1=0 preprocess::normalize::num_pass2=0 preprocess::normalize::time_adder_chains=0ms preprocess::normalize::time_apply=6ms preprocess::normalize::time_compute_occs=0ms preprocess::normalize::time_normalize_add=0ms preprocess::normalize::time_normalize_mul=0ms preprocess::normalize::time_score=4ms preprocess::rewrite::time_apply=0ms preprocess::skeleton_preproc::cnf::clauses=126 preprocess::skeleton_preproc::cnf::lits=254 preprocess::skeleton_preproc::new_assertions=0 preprocess::skeleton_preproc::resets=1 preprocess::skeleton_preproc::time_apply=0ms preprocess::skeleton_preproc::time_encode=0ms preprocess::skeleton_preproc::time_fixed=0ms preprocess::skeleton_preproc::time_sat=0ms preprocess::uninterpreted::num_substs=0 preprocess::uninterpreted::time_apply=0ms preprocess::varsubst::normalize_bv_ineq::num_slt=0 preprocess::varsubst::normalize_bv_ineq::num_ult=0 preprocess::varsubst::normalize_eq::num_bv_concat=0 preprocess::varsubst::normalize_eq::num_gauss_elim=0 preprocess::varsubst::normalize_eq::num_linear_eq=0 preprocess::varsubst::num_substs=6 preprocess::varsubst::time_apply=0ms preprocess::varsubst::time_direct_cycle_check=0ms preprocess::varsubst::time_find_substitution=0ms preprocess::varsubst::time_find_vars=0ms preprocess::varsubst::time_register=0ms preprocess::varsubst::time_remove_cycles=0ms preprocess::varsubst::time_substitute=0ms preprocessor::num_iterations=2 preprocessor::time_preprocess=8ms preprocessor::time_process=0ms rewriter::(normalize)::num_evals=0 rewriter::(normalize)::num_rewrites=156 rewriter::(normalize)::rewrite::BV_ADD_CONST=6 rewriter::(normalize)::rewrite::BV_ADD_EVAL=6 rewriter::(normalize)::rewrite::BV_ADD_SPECIAL_CONST=17 rewriter::(normalize)::rewrite::BV_MUL_EVAL=2 rewriter::(normalize)::rewrite::BV_MUL_ONES=12 rewriter::(normalize)::rewrite::BV_NEG_ELIM=12 rewriter::(normalize)::rewrite::BV_NOT_BV_NOT=18 rewriter::(normalize)::rewrite::NORMALIZE_COMM=83 rewriter::num_evals=0 rewriter::num_rewrites=833 rewriter::rewrite::AND_SPECIAL_CONST=44 rewriter::rewrite::BV_ADD_CONST=3 rewriter::rewrite::BV_ADD_EVAL=6 rewriter::rewrite::BV_ADD_ITE2=18 rewriter::rewrite::BV_ADD_SPECIAL_CONST=18 rewriter::rewrite::BV_AND_EVAL=1 rewriter::rewrite::BV_AND_SPECIAL_CONST=124 rewriter::rewrite::BV_CONCAT_EVAL=2 rewriter::rewrite::BV_EXTRACT_ADD_MUL=4 rewriter::rewrite::BV_EXTRACT_EVAL=34 rewriter::rewrite::BV_EXTRACT_FULL=4 rewriter::rewrite::BV_MUL_ONES=8 rewriter::rewrite::BV_MUL_POW2=4 rewriter::rewrite::BV_NEG_ELIM=24 rewriter::rewrite::BV_NOT_BV_NEG=2 rewriter::rewrite::BV_NOT_BV_NOT=43 rewriter::rewrite::BV_NOT_EVAL=4 rewriter::rewrite::BV_OR_ELIM=5 rewriter::rewrite::BV_SADDO_ELIM=7 rewriter::rewrite::BV_SDIVO_ELIM=3 rewriter::rewrite::BV_SDIV_ELIM=1 rewriter::rewrite::BV_SHL_CONST=4 rewriter::rewrite::BV_SIGN_EXTEND_ELIM=10 rewriter::rewrite::BV_SLE_ELIM=4 rewriter::rewrite::BV_SLT_EVAL=2 rewriter::rewrite::BV_SMULO_ELIM=4 rewriter::rewrite::BV_SREM_ELIM=2 rewriter::rewrite::BV_SSUBO_ELIM=7 rewriter::rewrite::BV_SUB_ELIM=7 rewriter::rewrite::BV_XOR_EVAL=1 rewriter::rewrite::BV_XOR_SPECIAL_CONST=1 rewriter::rewrite::DISTINCT_ELIM=12 rewriter::rewrite::EQUAL_BV_ADD_ADD=2 rewriter::rewrite::EQUAL_BV_SUB=2 rewriter::rewrite::EQUAL_CONST_BV_ADD=2 rewriter::rewrite::EQUAL_CONST_BV_NOT=1 rewriter::rewrite::EQUAL_EVAL=9 rewriter::rewrite::EQUAL_ITE_SAME=9 rewriter::rewrite::EQUAL_SPECIAL_CONST=4 rewriter::rewrite::EQUAL_TRUE=4 rewriter::rewrite::ITE_EVAL=7 rewriter::rewrite::NORMALIZE_COMM=317 rewriter::rewrite::NOT_EQUAL_BV1_BOOL=16 rewriter::rewrite::NOT_EVAL=1 rewriter::rewrite::NOT_NOT=23 rewriter::rewrite::OR_ELIM=23 solver::abstract::num_checks=1 solver::abstract::terms::total=0 solver::abstract::time_check=0ms solver::array::equalities=0 solver::array::num_checks=0 solver::array::propagations=0 solver::array::propagations_down=0 solver::array::propagations_up=0 solver::array::selects=0 solver::array::time_check=0ms solver::bv::bitblast::aig::num_ands=30363 solver::bv::bitblast::aig::num_consts=288 solver::bv::bitblast::aig::num_shared=6565 solver::bv::bitblast::aig::time_bitblast=3ms solver::bv::bitblast::cnf::num_clauses=74195 solver::bv::bitblast::cnf::num_literals=181451 solver::bv::bitblast::cnf::num_vars=23944 solver::bv::bitblast::cnf::time_encode=16ms solver::bv::bitblast::sat::time_solve=34ms solver::bv::num_assertions=31 solver::bv::num_checks=1 solver::bv::time_check=51ms solver::engine::lemmas::abstr=0 solver::engine::lemmas::array=0 solver::engine::lemmas::fp=0 solver::engine::lemmas::fun=0 solver::engine::lemmas::quant=0 solver::engine::lemmas::total=0 solver::engine::time_register_term=0ms solver::engine::time_solve=54ms solver::fun::num_checks=1 solver::fun::time_check=0ms solver::quant::mbqi_checks=0 solver::quant::num_lemma_iterations=0 solver::quant::num_lemmas=0 solver::quant::time_check=0ms solver::quant::time_mbqi=0ms solver::quant::time_process=0ms solving_context::max_memory=53911552 solving_context::time_ensure_model=0ms solving_context::time_solve=62ms
SAT
Extract initialization: param=v0, value=-3
Extract initialization: param=v1, value=-3
Extract initialization: param=v2, value=-2
Extract initialization: param=v2, value=-1
Extract initialization: param=v2, value=-1
Extract initialization: param=v2, value=-1073741822
Extract initialization: param=v3, value=-2147483646
Extract initialization: param=v4, value=-1
Extract initialization: param=v5, value=-134217728
Extract finalization: param=v0, value=1073741824
Extract finalization: param=v1, value=-3
Extract finalization: param=v2, value=-2
Extract finalization: param=v2, value=-1
Extract finalization: param=v2, value=-1
Extract finalization: param=v2, value=-1073741822
Extract finalization: param=v3, value=-1073741825
Extract finalization: param=v4, value=1
Extract finalization: param=v5, value=-134217728
------SymExec: Iteration 2----------------------------------------------
Final constraints: 
```
(bvsle (bvadd (bvadd (bvadd (bvadd (bvadd (bvadd (bvadd (bvadd (ite (= v0_v0 #b00000000000000000000000000000000) #b00000000000000000000000000000001 #b00000000000000000000000000000000) (ite (= v1_f0_v0 #b00000000000000000000000000000000) #b00000000000000000000000000000001 #b00000000000000000000000000000000)) (ite (= v2_el0_v0 #b00000000000000000000000000000000) #b00000000000000000000000000000001 #b00000000000000000000000000000000)) (ite (= v2_el1_v0 #b00000000000000000000000000000000) #b00000000000000000000000000000001 #b00000000000000000000000000000000)) (ite (= v2_el2_v0 #b00000000000000000000000000000000) #b00000000000000000000000000000001 #b00000000000000000000000000000000)) (ite (= v2_el3_v0 #b00000000000000000000000000000000) #b00000000000000000000000000000001 #b00000000000000000000000000000000)) (ite (= v3_v0 #b00000000000000000000000000000000) #b00000000000000000000000000000001 #b00000000000000000000000000000000)) (ite (= v4_v0 #b00000000000000000000000000000000) #b00000000000000000000000000000001 #b00000000000000000000000000000000)) (ite (= v5_v0 #b00000000000000000000000000000000) #b00000000000000000000000000000001 #b00000000000000000000000000000000)) #b00000000000000000000000000000100)
(= v6_v0 #b00000000000000000000000000000000)
(= v7_v0 #b00000000000000000000000000000000)
(not (bvsmulo #b11111111111111111111111111111111 v2_el3_v0))
(not (bvsmulo #b11111111111111111111111111111111 v0_v0))
(not (bvsaddo (bvmul #b11111111111111111111111111111111 v2_el3_v0) (bvmul #b11111111111111111111111111111111 v0_v0)))
(not (bvsaddo (bvadd (bvmul #b11111111111111111111111111111111 v2_el3_v0) (bvmul #b11111111111111111111111111111111 v0_v0)) #b11111111111111111111111111111111))
(let ((_let0 (ite (= #b11111111111111111111111111111111 #b00000000000000000000000000000000) #b00000000000000000000000000000001 #b00000000000000000000000000000000))) (bvsle (bvadd (bvadd _let0 _let0) _let0) #b00000000000000000000000000000001))
(= v0_v1 (bvadd (bvadd (bvmul #b11111111111111111111111111111111 v2_el3_v0) (bvmul #b11111111111111111111111111111111 v0_v0)) #b11111111111111111111111111111111))
(not (bvsmulo #b11111111111111111111111111111111 v1_f0_v0))
(distinct v0_v1 #b00000000000000000000000000000000)
(not (bvsdivo #b11111111111111111111111111111111 v0_v1))
(not (bvsaddo (bvmul #b11111111111111111111111111111111 v1_f0_v0) (bvsrem #b11111111111111111111111111111111 v0_v1)))
(not (bvsaddo (bvadd (bvmul #b11111111111111111111111111111111 v1_f0_v0) (bvsrem #b11111111111111111111111111111111 v0_v1)) #b11111111111111111111111111111111))
(= v4_v1 (bvadd (bvadd (bvmul #b11111111111111111111111111111111 v1_f0_v0) (bvsrem #b11111111111111111111111111111111 v0_v1)) #b11111111111111111111111111111111))
(not (bvsaddo #b11111111111111111111111111111111 v0_v1))
(distinct v4_v1 #b00000000000000000000000000000000)
(not (bvsdivo #b11111111111111111111111111111111 v4_v1))
(not (bvssubo (bvadd #b11111111111111111111111111111111 v0_v1) (bvsdiv #b11111111111111111111111111111111 v4_v1)))
(distinct v5_v0 #b00000000000000000000000000000000)
(not (bvsdivo #b11111111111111111111111111111111 v5_v0))
(not (bvssubo (bvsub (bvadd #b11111111111111111111111111111111 v0_v1) (bvsdiv #b11111111111111111111111111111111 v4_v1)) (bvsrem #b11111111111111111111111111111111 v5_v0)))
(not (bvssubo (bvsub (bvsub (bvadd #b11111111111111111111111111111111 v0_v1) (bvsdiv #b11111111111111111111111111111111 v4_v1)) (bvsrem #b11111111111111111111111111111111 v5_v0)) #b11111111111111111111111111111111))
(let ((_let0 (ite (= #b11111111111111111111111111111111 #b00000000000000000000000000000000) #b00000000000000000000000000000001 #b00000000000000000000000000000000))) (bvsle (bvadd (bvadd (bvadd _let0 _let0) _let0) _let0) #b00000000000000000000000000000010))
(not (bvslt (bvsub (bvsub (bvsub (bvadd #b11111111111111111111111111111111 v0_v1) (bvsdiv #b11111111111111111111111111111111 v4_v1)) (bvsrem #b11111111111111111111111111111111 v5_v0)) #b11111111111111111111111111111111) #b00000000000000000000000000000000))
(not (bvsmulo #b11111111111111111111111111111111 v3_v0))
(not (bvssubo (bvadd #b11111111111111111111111111111111 v0_v1) (bvmul #b11111111111111111111111111111111 v3_v0)))
(not (bvssubo (bvsub (bvadd #b11111111111111111111111111111111 v0_v1) (bvmul #b11111111111111111111111111111111 v3_v0)) #b00000000000000000000000000000010))
(let ((_let0 (ite (= #b11111111111111111111111111111111 #b00000000000000000000000000000000) #b00000000000000000000000000000001 #b00000000000000000000000000000000))) (bvsle (bvadd (bvadd _let0 _let0) (ite (= #b00000000000000000000000000000010 #b00000000000000000000000000000000) #b00000000000000000000000000000001 #b00000000000000000000000000000000)) #b00000000000000000000000000000001))
(= v3_v1 (bvsub (bvsub (bvadd #b11111111111111111111111111111111 v0_v1) (bvmul #b11111111111111111111111111111111 v3_v0)) #b00000000000000000000000000000010))
(not (bvsaddo #b11111111111111111111111111111111 v2_el3_v0))
(not (bvsaddo #b11111111111111111111111111111111 v5_v0))
(not (bvssubo (bvadd #b11111111111111111111111111111111 v2_el3_v0) (bvadd #b11111111111111111111111111111111 v5_v0)))
(not (bvssubo (bvsub (bvadd #b11111111111111111111111111111111 v2_el3_v0) (bvadd #b11111111111111111111111111111111 v5_v0)) #b11111111111111111111111111111111))
(= v7_v1 (bvsub (bvsub (bvadd #b11111111111111111111111111111111 v2_el3_v0) (bvadd #b11111111111111111111111111111111 v5_v0)) #b11111111111111111111111111111111))
(bvsle (bvadd (bvadd (bvadd (bvadd (bvadd (bvadd (bvadd (bvadd (ite (= (ite (distinct v0_v0 #b11111111111111111111111111111111) #b00000000000000000000000000000001 #b00000000000000000000000000000000) #b00000000000000000000000000000000) #b00000000000000000000000000000001 #b00000000000000000000000000000000) (ite (= (ite (distinct v1_f0_v0 #b11111111111111111111111111111111) #b00000000000000000000000000000001 #b00000000000000000000000000000000) #b00000000000000000000000000000000) #b00000000000000000000000000000001 #b00000000000000000000000000000000)) (ite (= (ite (distinct v2_el0_v0 #b11111111111111111111111111111111) #b00000000000000000000000000000001 #b00000000000000000000000000000000) #b00000000000000000000000000000000) #b00000000000000000000000000000001 #b00000000000000000000000000000000)) (ite (= (ite (distinct v2_el1_v0 #b11111111111111111111111111111111) #b00000000000000000000000000000001 #b00000000000000000000000000000000) #b00000000000000000000000000000000) #b00000000000000000000000000000001 #b00000000000000000000000000000000)) (ite (= (ite (distinct v2_el2_v0 #b11111111111111111111111111111111) #b00000000000000000000000000000001 #b00000000000000000000000000000000) #b00000000000000000000000000000000) #b00000000000000000000000000000001 #b00000000000000000000000000000000)) (ite (= (ite (distinct v2_el3_v0 #b11111111111111111111111111111101) #b00000000000000000000000000000001 #b00000000000000000000000000000000) #b00000000000000000000000000000000) #b00000000000000000000000000000001 #b00000000000000000000000000000000)) (ite (= (ite (distinct v3_v0 #b11111111111111111111111111111111) #b00000000000000000000000000000001 #b00000000000000000000000000000000) #b00000000000000000000000000000000) #b00000000000000000000000000000001 #b00000000000000000000000000000000)) (ite (= (ite (distinct v4_v0 #b11111111111111111111111111111111) #b00000000000000000000000000000001 #b00000000000000000000000000000000) #b00000000000000000000000000000000) #b00000000000000000000000000000001 #b00000000000000000000000000000000)) (ite (= (ite (distinct v5_v0 #b11111111111111111111111111111111) #b00000000000000000000000000000001 #b00000000000000000000000000000000) #b00000000000000000000000000000000) #b00000000000000000000000000000001 #b00000000000000000000000000000000)) #b00000000000000000000000000000011)
(bvsle (bvadd (bvadd (bvadd (bvadd (bvadd (bvadd (bvadd (bvadd (ite (= (ite (distinct v0_v0 #b11111111111111111111111111111101) #b00000000000000000000000000000001 #b00000000000000000000000000000000) #b00000000000000000000000000000000) #b00000000000000000000000000000001 #b00000000000000000000000000000000) (ite (= (ite (distinct v1_f0_v0 #b11111111111111111111111111111101) #b00000000000000000000000000000001 #b00000000000000000000000000000000) #b00000000000000000000000000000000) #b00000000000000000000000000000001 #b00000000000000000000000000000000)) (ite (= (ite (distinct v2_el0_v0 #b11111111111111111111111111111110) #b00000000000000000000000000000001 #b00000000000000000000000000000000) #b00000000000000000000000000000000) #b00000000000000000000000000000001 #b00000000000000000000000000000000)) (ite (= (ite (distinct v2_el1_v0 #b11111111111111111111111111111111) #b00000000000000000000000000000001 #b00000000000000000000000000000000) #b00000000000000000000000000000000) #b00000000000000000000000000000001 #b00000000000000000000000000000000)) (ite (= (ite (distinct v2_el2_v0 #b11111111111111111111111111111111) #b00000000000000000000000000000001 #b00000000000000000000000000000000) #b00000000000000000000000000000000) #b00000000000000000000000000000001 #b00000000000000000000000000000000)) (ite (= (ite (distinct v2_el3_v0 #b11000000000000000000000000000010) #b00000000000000000000000000000001 #b00000000000000000000000000000000) #b00000000000000000000000000000000) #b00000000000000000000000000000001 #b00000000000000000000000000000000)) (ite (= (ite (distinct v3_v0 #b10000000000000000000000000000010) #b00000000000000000000000000000001 #b00000000000000000000000000000000) #b00000000000000000000000000000000) #b00000000000000000000000000000001 #b00000000000000000000000000000000)) (ite (= (ite (distinct v4_v0 #b11111111111111111111111111111111) #b00000000000000000000000000000001 #b00000000000000000000000000000000) #b00000000000000000000000000000000) #b00000000000000000000000000000001 #b00000000000000000000000000000000)) (ite (= (ite (distinct v5_v0 #b11111000000000000000000000000000) #b00000000000000000000000000000001 #b00000000000000000000000000000000) #b00000000000000000000000000000000) #b00000000000000000000000000000001 #b00000000000000000000000000000000)) #b00000000000000000000000000000011)
```
Constraint stats: asserted=37 addCalls=40 skippedTrue=0 deduped=3 ensureInRangeCalls=49 boundedAlready=0 uniqueConstraintIds=37 uniqueBoundedIds=0 (solverAsserted=36)
Bitwuzla check_sat time: 3ms
Bitwuzla statistics: preprocess::contradicting_ands::num_substs=0 preprocess::contradicting_ands::time_apply=0ms preprocess::elim_extract::num_elim=0 preprocess::elim_extract::time_apply=0ms preprocess::elim_lambda::time_apply=0ms preprocess::elim_udiv::num_eliminated=0 preprocess::elim_udiv::time_apply=0ms preprocess::embedded_constraints::num_substs=1 preprocess::embedded_constraints::time_apply=0ms preprocess::flatten_and::num_assertions=12 preprocess::flatten_and::num_flattened=6 preprocess::flatten_and::time_apply=0ms preprocess::lambda::num_elim=0 preprocess::normalize::num_common_normalizations=0 preprocess::normalize::num_normalizations=24 preprocess::normalize::num_normalized_assertions=0 preprocess::normalize::num_pass1=0 preprocess::normalize::num_pass2=0 preprocess::normalize::time_adder_chains=0ms preprocess::normalize::time_apply=6ms preprocess::normalize::time_compute_occs=0ms preprocess::normalize::time_normalize_add=0ms preprocess::normalize::time_normalize_mul=0ms preprocess::normalize::time_score=4ms preprocess::rewrite::time_apply=0ms preprocess::skeleton_preproc::cnf::clauses=126 preprocess::skeleton_preproc::cnf::lits=254 preprocess::skeleton_preproc::new_assertions=0 preprocess::skeleton_preproc::resets=1 preprocess::skeleton_preproc::time_apply=0ms preprocess::skeleton_preproc::time_encode=0ms preprocess::skeleton_preproc::time_fixed=0ms preprocess::skeleton_preproc::time_sat=0ms preprocess::uninterpreted::num_substs=0 preprocess::uninterpreted::time_apply=0ms preprocess::varsubst::normalize_bv_ineq::num_slt=0 preprocess::varsubst::normalize_bv_ineq::num_ult=0 preprocess::varsubst::normalize_eq::num_bv_concat=0 preprocess::varsubst::normalize_eq::num_gauss_elim=0 preprocess::varsubst::normalize_eq::num_linear_eq=0 preprocess::varsubst::num_substs=6 preprocess::varsubst::time_apply=0ms preprocess::varsubst::time_direct_cycle_check=0ms preprocess::varsubst::time_find_substitution=0ms preprocess::varsubst::time_find_vars=0ms preprocess::varsubst::time_register=0ms preprocess::varsubst::time_remove_cycles=0ms preprocess::varsubst::time_substitute=0ms preprocessor::num_iterations=3 preprocessor::time_preprocess=8ms preprocessor::time_process=0ms rewriter::(normalize)::num_evals=0 rewriter::(normalize)::num_rewrites=156 rewriter::(normalize)::rewrite::BV_ADD_CONST=6 rewriter::(normalize)::rewrite::BV_ADD_EVAL=6 rewriter::(normalize)::rewrite::BV_ADD_SPECIAL_CONST=17 rewriter::(normalize)::rewrite::BV_MUL_EVAL=2 rewriter::(normalize)::rewrite::BV_MUL_ONES=12 rewriter::(normalize)::rewrite::BV_NEG_ELIM=12 rewriter::(normalize)::rewrite::BV_NOT_BV_NOT=18 rewriter::(normalize)::rewrite::NORMALIZE_COMM=83 rewriter::num_evals=0 rewriter::num_rewrites=932 rewriter::rewrite::AND_SPECIAL_CONST=53 rewriter::rewrite::BV_ADD_CONST=4 rewriter::rewrite::BV_ADD_EVAL=9 rewriter::rewrite::BV_ADD_ITE2=27 rewriter::rewrite::BV_ADD_SPECIAL_CONST=26 rewriter::rewrite::BV_AND_EVAL=1 rewriter::rewrite::BV_AND_SPECIAL_CONST=124 rewriter::rewrite::BV_CONCAT_EVAL=2 rewriter::rewrite::BV_EXTRACT_ADD_MUL=4 rewriter::rewrite::BV_EXTRACT_EVAL=34 rewriter::rewrite::BV_EXTRACT_FULL=4 rewriter::rewrite::BV_MUL_ONES=8 rewriter::rewrite::BV_MUL_POW2=4 rewriter::rewrite::BV_NEG_ELIM=24 rewriter::rewrite::BV_NOT_BV_NEG=2 rewriter::rewrite::BV_NOT_BV_NOT=43 rewriter::rewrite::BV_NOT_EVAL=4 rewriter::rewrite::BV_OR_ELIM=5 rewriter::rewrite::BV_SADDO_ELIM=7 rewriter::rewrite::BV_SDIVO_ELIM=3 rewriter::rewrite::BV_SDIV_ELIM=1 rewriter::rewrite::BV_SHL_CONST=4 rewriter::rewrite::BV_SIGN_EXTEND_ELIM=10 rewriter::rewrite::BV_SLE_ELIM=5 rewriter::rewrite::BV_SLT_EVAL=2 rewriter::rewrite::BV_SMULO_ELIM=4 rewriter::rewrite::BV_SREM_ELIM=2 rewriter::rewrite::BV_SSUBO_ELIM=7 rewriter::rewrite::BV_SUB_ELIM=7 rewriter::rewrite::BV_XOR_EVAL=1 rewriter::rewrite::BV_XOR_SPECIAL_CONST=1 rewriter::rewrite::DISTINCT_ELIM=21 rewriter::rewrite::EQUAL_BV_ADD_ADD=2 rewriter::rewrite::EQUAL_BV_SUB=2 rewriter::rewrite::EQUAL_CONST_BV_ADD=2 rewriter::rewrite::EQUAL_CONST_BV_NOT=1 rewriter::rewrite::EQUAL_EVAL=10 rewriter::rewrite::EQUAL_ITE_SAME=18 rewriter::rewrite::EQUAL_SPECIAL_CONST=4 rewriter::rewrite::EQUAL_TRUE=4 rewriter::rewrite::ITE_EVAL=7 rewriter::rewrite::NORMALIZE_COMM=347 rewriter::rewrite::NOT_EQUAL_BV1_BOOL=16 rewriter::rewrite::NOT_EVAL=2 rewriter::rewrite::NOT_NOT=32 rewriter::rewrite::OR_ELIM=32 solver::abstract::num_checks=2 solver::abstract::terms::total=0 solver::abstract::time_check=0ms solver::array::equalities=0 solver::array::num_checks=0 solver::array::propagations=0 solver::array::propagations_down=0 solver::array::propagations_up=0 solver::array::selects=0 solver::array::time_check=0ms solver::bv::bitblast::aig::num_ands=30662 solver::bv::bitblast::aig::num_consts=288 solver::bv::bitblast::aig::num_shared=6658 solver::bv::bitblast::aig::time_bitblast=3ms solver::bv::bitblast::cnf::num_clauses=74905 solver::bv::bitblast::cnf::num_literals=183152 solver::bv::bitblast::cnf::num_vars=24167 solver::bv::bitblast::cnf::time_encode=16ms solver::bv::bitblast::sat::time_solve=37ms solver::bv::num_assertions=32 solver::bv::num_checks=2 solver::bv::time_check=54ms solver::engine::lemmas::abstr=0 solver::engine::lemmas::array=0 solver::engine::lemmas::fp=0 solver::engine::lemmas::fun=0 solver::engine::lemmas::quant=0 solver::engine::lemmas::total=0 solver::engine::time_register_term=0ms solver::engine::time_solve=57ms solver::fun::num_checks=2 solver::fun::time_check=0ms solver::quant::mbqi_checks=0 solver::quant::num_lemma_iterations=0 solver::quant::num_lemmas=0 solver::quant::time_check=0ms solver::quant::time_mbqi=0ms solver::quant::time_process=0ms solving_context::max_memory=53911552 solving_context::time_ensure_model=0ms solving_context::time_solve=65ms
SAT
Extract initialization: param=v0, value=-4
Extract initialization: param=v1, value=-4
Extract initialization: param=v2, value=-3
Extract initialization: param=v2, value=-2
Extract initialization: param=v2, value=-2
Extract initialization: param=v2, value=-1073741821
Extract initialization: param=v3, value=-2147483645
Extract initialization: param=v4, value=-2
Extract initialization: param=v5, value=-134217728
Extract finalization: param=v0, value=1073741824
Extract finalization: param=v1, value=-4
Extract finalization: param=v2, value=-3
Extract finalization: param=v2, value=-2
Extract finalization: param=v2, value=-2
Extract finalization: param=v2, value=-1073741821
Extract finalization: param=v3, value=-1073741824
Extract finalization: param=v4, value=2
Extract finalization: param=v5, value=-134217728
