----FunPlus: Generate Function func_0g6z1t_92------------------------------------------------
------GraphPlus::Generate----------------------------------------------
Randomly generating a graph with 15 nodes
------CfgSketch: Unflattened CFG Sketch----------------------------------------------
Bimpo: type=0, id=0, size=1, start=0
Bimpo: type=0, id=1, size=1, start=1
Bimpo: type=0, id=2, size=1, start=2
Bimpo: type=0, id=3, size=1, start=3
Bimpo: type=0, id=4, size=1, start=4
Bimpo: type=0, id=5, size=1, start=5
Bimpo: type=0, id=6, size=1, start=6
Bimpo: type=0, id=7, size=1, start=7
Bimpo: type=0, id=8, size=1, start=8
Bimpo: type=0, id=9, size=1, start=9
Bimpo: type=0, id=10, size=1, start=10
Bimpo: type=0, id=11, size=1, start=11
Bimpo: type=0, id=12, size=1, start=12
Bimpo: type=0, id=13, size=1, start=13
Bimpo: type=0, id=14, size=1, start=14
------CfgSketch: Flattened CFG Sketch----------------------------------------------
Block: 0 -> [14]
Block: 1 -> [11]
Block: 2 -> [1]
Block: 3 -> [12, 14]
Block: 4 -> [2, 6]
Block: 5 -> [6]
Block: 6 -> [2]
Block: 7 -> [3, 10]
Block: 8 -> [10]
Block: 9 -> [5, 14]
Block: 10 -> [13]
Block: 11 -> [9]
Block: 12 -> [11]
Block: 13 -> [5]
Block: 14 -> []
------FunPlus: Generate Block #0----------------------------------------------
Generate assignment: 7 <- 1, 6
Generate assignment: 2 <- 0, 7
------FunPlus: Generate Block #1----------------------------------------------
Generate assignment: 4 <- 1, 6
Generate assignment: 2 <- 2, 3
------FunPlus: Generate Block #2----------------------------------------------
Generate assignment: 1 <- 7, 0
Generate assignment: 4 <- 0, 3
------FunPlus: Generate Block #3----------------------------------------------
Generate assignment: 0 <- 3, 4
Generate assignment: 1 <- 3, 7
Generate conditional: 0, 1, 3
------FunPlus: Generate Block #4----------------------------------------------
Generate assignment: 0 <- 2, 1
Generate assignment: 7 <- 0, 5
Generate conditional: 0, 7, 4
------FunPlus: Generate Block #5----------------------------------------------
Generate assignment: 2 <- 7, 3
Generate assignment: 1 <- 5, 0
------FunPlus: Generate Block #6----------------------------------------------
Generate assignment: 2 <- 7, 3
Generate assignment: 5 <- 3, 7
------FunPlus: Generate Block #7----------------------------------------------
Generate assignment: 4 <- 1, 0
Generate assignment: 1 <- 2, 0
Generate conditional: 4, 1, 6
------FunPlus: Generate Block #8----------------------------------------------
Generate assignment: 1 <- 6, 2
Generate assignment: 4 <- 4, 5
------FunPlus: Generate Block #9----------------------------------------------
Generate assignment: 7 <- 0, 7
Generate assignment: 2 <- 7, 1
Generate conditional: 7, 2, 4
------FunPlus: Generate Block #10----------------------------------------------
Generate assignment: 6 <- 1, 5
Generate assignment: 3 <- 4, 7
------FunPlus: Generate Block #11----------------------------------------------
Generate assignment: 4 <- 5, 3
Generate assignment: 2 <- 0, 3
------FunPlus: Generate Block #12----------------------------------------------
Generate assignment: 5 <- 1, 2
Generate assignment: 7 <- 0, 1
------FunPlus: Generate Block #13----------------------------------------------
Generate assignment: 6 <- 3, 1
Generate assignment: 2 <- 3, 7
------FunPlus: Generate Block #14----------------------------------------------
Generate assignment: 0 <- 3, 5
Generate assignment: 5 <- 3, 6
----SymExec: Solve------------------------------------------------
Execution Path: 0->14
------SymExec: Iteration 0----------------------------------------------
Generating or re-generating UB-free constraints
Initial constraints: 
```
(bvsle (bvadd (bvadd (bvadd (bvadd (bvadd (ite (= v0_v0 #b00000000000000000000000000000000) #b00000000000000000000000000000001 #b00000000000000000000000000000000) (ite (= v1_el0_v0 #b00000000000000000000000000000000) #b00000000000000000000000000000001 #b00000000000000000000000000000000)) (ite (= v2_v0 #b00000000000000000000000000000000) #b00000000000000000000000000000001 #b00000000000000000000000000000000)) (ite (= v3_v0 #b00000000000000000000000000000000) #b00000000000000000000000000000001 #b00000000000000000000000000000000)) (ite (= v4_v0 #b00000000000000000000000000000000) #b00000000000000000000000000000001 #b00000000000000000000000000000000)) (ite (= v5_v0 #b00000000000000000000000000000000) #b00000000000000000000000000000001 #b00000000000000000000000000000000)) #b00000000000000000000000000000011)
```
Final constraints: 
```
(bvsle (bvadd (bvadd (bvadd (bvadd (bvadd (ite (= v0_v0 #b00000000000000000000000000000000) #b00000000000000000000000000000001 #b00000000000000000000000000000000) (ite (= v1_el0_v0 #b00000000000000000000000000000000) #b00000000000000000000000000000001 #b00000000000000000000000000000000)) (ite (= v2_v0 #b00000000000000000000000000000000) #b00000000000000000000000000000001 #b00000000000000000000000000000000)) (ite (= v3_v0 #b00000000000000000000000000000000) #b00000000000000000000000000000001 #b00000000000000000000000000000000)) (ite (= v4_v0 #b00000000000000000000000000000000) #b00000000000000000000000000000001 #b00000000000000000000000000000000)) (ite (= v5_v0 #b00000000000000000000000000000000) #b00000000000000000000000000000001 #b00000000000000000000000000000000)) #b00000000000000000000000000000011)
(= v6_v0 init_var6)
(= v7_el0_v0 init_var7_el0)
(= v7_el1_v0 init_var7_el1)
(= v7_el2_v0 init_var7_el2)
(= v7_el3_v0 init_var7_el3)
(= v7_el4_v0 init_var7_el4)
(= v7_el5_v0 init_var7_el5)
(= v7_el6_v0 init_var7_el6)
(= v7_el7_v0 init_var7_el7)
(= v7_el8_v0 init_var7_el8)
(= v7_el9_v0 init_var7_el9)
(= v7_el10_v0 init_var7_el10)
(= v7_el11_v0 init_var7_el11)
(bvsle (bvadd (bvadd (bvadd (bvadd (bvadd (bvadd (bvadd (bvadd (bvadd (bvadd (bvadd (ite (= init_var7_el0 #b00000000000000000000000000000000) #b00000000000000000000000000000001 #b00000000000000000000000000000000) (ite (= init_var7_el1 #b00000000000000000000000000000000) #b00000000000000000000000000000001 #b00000000000000000000000000000000)) (ite (= init_var7_el2 #b00000000000000000000000000000000) #b00000000000000000000000000000001 #b00000000000000000000000000000000)) (ite (= init_var7_el3 #b00000000000000000000000000000000) #b00000000000000000000000000000001 #b00000000000000000000000000000000)) (ite (= init_var7_el4 #b00000000000000000000000000000000) #b00000000000000000000000000000001 #b00000000000000000000000000000000)) (ite (= init_var7_el5 #b00000000000000000000000000000000) #b00000000000000000000000000000001 #b00000000000000000000000000000000)) (ite (= init_var7_el6 #b00000000000000000000000000000000) #b00000000000000000000000000000001 #b00000000000000000000000000000000)) (ite (= init_var7_el7 #b00000000000000000000000000000000) #b00000000000000000000000000000001 #b00000000000000000000000000000000)) (ite (= init_var7_el8 #b00000000000000000000000000000000) #b00000000000000000000000000000001 #b00000000000000000000000000000000)) (ite (= init_var7_el9 #b00000000000000000000000000000000) #b00000000000000000000000000000001 #b00000000000000000000000000000000)) (ite (= init_var7_el10 #b00000000000000000000000000000000) #b00000000000000000000000000000001 #b00000000000000000000000000000000)) (ite (= init_var7_el11 #b00000000000000000000000000000000) #b00000000000000000000000000000001 #b00000000000000000000000000000000)) #b00000000000000000000000000000110)
(distinct v1_el0_v0 #b00000000000000000000000000000000)
(not (bvsdivo a0_0_1 v1_el0_v0))
(not (bvsmulo a0_0_2 v6_v0))
(not (bvsaddo (bvsrem a0_0_1 v1_el0_v0) (bvmul a0_0_2 v6_v0)))
(not (bvsaddo (bvadd (bvsrem a0_0_1 v1_el0_v0) (bvmul a0_0_2 v6_v0)) a0_0))
(bvsle (bvadd (bvadd (ite (= a0_0_1 #b00000000000000000000000000000000) #b00000000000000000000000000000001 #b00000000000000000000000000000000) (ite (= a0_0_2 #b00000000000000000000000000000000) #b00000000000000000000000000000001 #b00000000000000000000000000000000)) (ite (= a0_0 #b00000000000000000000000000000000) #b00000000000000000000000000000001 #b00000000000000000000000000000000)) #b00000000000000000000000000000001)
(= v7_el11_v1 (bvadd (bvadd (bvsrem a0_0_1 v1_el0_v0) (bvmul a0_0_2 v6_v0)) a0_0))
(distinct v0_v0 #b00000000000000000000000000000000)
(not (bvsdivo a0_1_1 v0_v0))
(not (bvsaddo a0_1_2 v7_el11_v1))
(not (bvsaddo (bvsdiv a0_1_1 v0_v0) (bvadd a0_1_2 v7_el11_v1)))
(not (bvsaddo (bvadd (bvsdiv a0_1_1 v0_v0) (bvadd a0_1_2 v7_el11_v1)) a0_1))
(bvsle (bvadd (bvadd (ite (= a0_1_1 #b00000000000000000000000000000000) #b00000000000000000000000000000001 #b00000000000000000000000000000000) (ite (= a0_1_2 #b00000000000000000000000000000000) #b00000000000000000000000000000001 #b00000000000000000000000000000000)) (ite (= a0_1 #b00000000000000000000000000000000) #b00000000000000000000000000000001 #b00000000000000000000000000000000)) #b00000000000000000000000000000001)
(= v2_v1 (bvadd (bvadd (bvsdiv a0_1_1 v0_v0) (bvadd a0_1_2 v7_el11_v1)) a0_1))
(distinct v3_v0 #b00000000000000000000000000000000)
(not (bvsdivo a14_0_1 v3_v0))
(distinct v5_v0 #b00000000000000000000000000000000)
(not (bvsdivo a14_0_2 v5_v0))
(not (bvsaddo (bvsrem a14_0_1 v3_v0) (bvsrem a14_0_2 v5_v0)))
(not (bvsaddo (bvadd (bvsrem a14_0_1 v3_v0) (bvsrem a14_0_2 v5_v0)) a14_0))
(bvsle (bvadd (bvadd (ite (= a14_0_1 #b00000000000000000000000000000000) #b00000000000000000000000000000001 #b00000000000000000000000000000000) (ite (= a14_0_2 #b00000000000000000000000000000000) #b00000000000000000000000000000001 #b00000000000000000000000000000000)) (ite (= a14_0 #b00000000000000000000000000000000) #b00000000000000000000000000000001 #b00000000000000000000000000000000)) #b00000000000000000000000000000001)
(= v0_v1 (bvadd (bvadd (bvsrem a14_0_1 v3_v0) (bvsrem a14_0_2 v5_v0)) a14_0))
(not (bvssubo a14_1_1 v3_v0))
(distinct v6_v0 #b00000000000000000000000000000000)
(not (bvsdivo a14_1_2 v6_v0))
(not (bvsaddo (bvsub a14_1_1 v3_v0) (bvsdiv a14_1_2 v6_v0)))
(not (bvsaddo (bvadd (bvsub a14_1_1 v3_v0) (bvsdiv a14_1_2 v6_v0)) a14_1))
(bvsle (bvadd (bvadd (ite (= a14_1_1 #b00000000000000000000000000000000) #b00000000000000000000000000000001 #b00000000000000000000000000000000) (ite (= a14_1_2 #b00000000000000000000000000000000) #b00000000000000000000000000000001 #b00000000000000000000000000000000)) (ite (= a14_1 #b00000000000000000000000000000000) #b00000000000000000000000000000001 #b00000000000000000000000000000000)) #b00000000000000000000000000000001)
(= v5_v1 (bvadd (bvadd (bvsub a14_1_1 v3_v0) (bvsdiv a14_1_2 v6_v0)) a14_1))
```
Optimized constraints: 
```
(bvsle (bvadd (bvadd (bvadd (bvadd (bvadd (ite (= v0_v0 #b00000000000000000000000000000000) #b00000000000000000000000000000001 #b00000000000000000000000000000000) (ite (= v1_el0_v0 #b00000000000000000000000000000000) #b00000000000000000000000000000001 #b00000000000000000000000000000000)) (ite (= v2_v0 #b00000000000000000000000000000000) #b00000000000000000000000000000001 #b00000000000000000000000000000000)) (ite (= v3_v0 #b00000000000000000000000000000000) #b00000000000000000000000000000001 #b00000000000000000000000000000000)) (ite (= v4_v0 #b00000000000000000000000000000000) #b00000000000000000000000000000001 #b00000000000000000000000000000000)) (ite (= v5_v0 #b00000000000000000000000000000000) #b00000000000000000000000000000001 #b00000000000000000000000000000000)) #b00000000000000000000000000000011)
(= v6_v0 init_var6)
(= v7_el0_v0 init_var7_el0)
(= v7_el1_v0 init_var7_el1)
(= v7_el2_v0 init_var7_el2)
(= v7_el3_v0 init_var7_el3)
(= v7_el4_v0 init_var7_el4)
(= v7_el5_v0 init_var7_el5)
(= v7_el6_v0 init_var7_el6)
(= v7_el7_v0 init_var7_el7)
(= v7_el8_v0 init_var7_el8)
(= v7_el9_v0 init_var7_el9)
(= v7_el10_v0 init_var7_el10)
(= v7_el11_v0 init_var7_el11)
(bvsle (bvadd (bvadd (bvadd (bvadd (bvadd (bvadd (bvadd (bvadd (bvadd (bvadd (bvadd (ite (= init_var7_el0 #b00000000000000000000000000000000) #b00000000000000000000000000000001 #b00000000000000000000000000000000) (ite (= init_var7_el1 #b00000000000000000000000000000000) #b00000000000000000000000000000001 #b00000000000000000000000000000000)) (ite (= init_var7_el2 #b00000000000000000000000000000000) #b00000000000000000000000000000001 #b00000000000000000000000000000000)) (ite (= init_var7_el3 #b00000000000000000000000000000000) #b00000000000000000000000000000001 #b00000000000000000000000000000000)) (ite (= init_var7_el4 #b00000000000000000000000000000000) #b00000000000000000000000000000001 #b00000000000000000000000000000000)) (ite (= init_var7_el5 #b00000000000000000000000000000000) #b00000000000000000000000000000001 #b00000000000000000000000000000000)) (ite (= init_var7_el6 #b00000000000000000000000000000000) #b00000000000000000000000000000001 #b00000000000000000000000000000000)) (ite (= init_var7_el7 #b00000000000000000000000000000000) #b00000000000000000000000000000001 #b00000000000000000000000000000000)) (ite (= init_var7_el8 #b00000000000000000000000000000000) #b00000000000000000000000000000001 #b00000000000000000000000000000000)) (ite (= init_var7_el9 #b00000000000000000000000000000000) #b00000000000000000000000000000001 #b00000000000000000000000000000000)) (ite (= init_var7_el10 #b00000000000000000000000000000000) #b00000000000000000000000000000001 #b00000000000000000000000000000000)) (ite (= init_var7_el11 #b00000000000000000000000000000000) #b00000000000000000000000000000001 #b00000000000000000000000000000000)) #b00000000000000000000000000000110)
(distinct v1_el0_v0 #b00000000000000000000000000000000)
(not (bvsdivo a0_0_1 v1_el0_v0))
(not (bvsmulo a0_0_2 v6_v0))
(not (bvsaddo (bvsrem a0_0_1 v1_el0_v0) (bvmul a0_0_2 v6_v0)))
(not (bvsaddo (bvadd (bvsrem a0_0_1 v1_el0_v0) (bvmul a0_0_2 v6_v0)) a0_0))
(bvsle (bvadd (bvadd (ite (= a0_0_1 #b00000000000000000000000000000000) #b00000000000000000000000000000001 #b00000000000000000000000000000000) (ite (= a0_0_2 #b00000000000000000000000000000000) #b00000000000000000000000000000001 #b00000000000000000000000000000000)) (ite (= a0_0 #b00000000000000000000000000000000) #b00000000000000000000000000000001 #b00000000000000000000000000000000)) #b00000000000000000000000000000001)
(= v7_el11_v1 (bvadd (bvadd (bvsrem a0_0_1 v1_el0_v0) (bvmul a0_0_2 v6_v0)) a0_0))
(distinct v0_v0 #b00000000000000000000000000000000)
(not (bvsdivo a0_1_1 v0_v0))
(not (bvsaddo a0_1_2 v7_el11_v1))
(not (bvsaddo (bvsdiv a0_1_1 v0_v0) (bvadd a0_1_2 v7_el11_v1)))
(not (bvsaddo (bvadd (bvsdiv a0_1_1 v0_v0) (bvadd a0_1_2 v7_el11_v1)) a0_1))
(bvsle (bvadd (bvadd (ite (= a0_1_1 #b00000000000000000000000000000000) #b00000000000000000000000000000001 #b00000000000000000000000000000000) (ite (= a0_1_2 #b00000000000000000000000000000000) #b00000000000000000000000000000001 #b00000000000000000000000000000000)) (ite (= a0_1 #b00000000000000000000000000000000) #b00000000000000000000000000000001 #b00000000000000000000000000000000)) #b00000000000000000000000000000001)
(= v2_v1 (bvadd (bvadd (bvsdiv a0_1_1 v0_v0) (bvadd a0_1_2 v7_el11_v1)) a0_1))
(distinct v3_v0 #b00000000000000000000000000000000)
(not (bvsdivo a14_0_1 v3_v0))
(distinct v5_v0 #b00000000000000000000000000000000)
(not (bvsdivo a14_0_2 v5_v0))
(not (bvsaddo (bvsrem a14_0_1 v3_v0) (bvsrem a14_0_2 v5_v0)))
(not (bvsaddo (bvadd (bvsrem a14_0_1 v3_v0) (bvsrem a14_0_2 v5_v0)) a14_0))
(bvsle (bvadd (bvadd (ite (= a14_0_1 #b00000000000000000000000000000000) #b00000000000000000000000000000001 #b00000000000000000000000000000000) (ite (= a14_0_2 #b00000000000000000000000000000000) #b00000000000000000000000000000001 #b00000000000000000000000000000000)) (ite (= a14_0 #b00000000000000000000000000000000) #b00000000000000000000000000000001 #b00000000000000000000000000000000)) #b00000000000000000000000000000001)
(= v0_v1 (bvadd (bvadd (bvsrem a14_0_1 v3_v0) (bvsrem a14_0_2 v5_v0)) a14_0))
(not (bvssubo a14_1_1 v3_v0))
(distinct v6_v0 #b00000000000000000000000000000000)
(not (bvsdivo a14_1_2 v6_v0))
(not (bvsaddo (bvsub a14_1_1 v3_v0) (bvsdiv a14_1_2 v6_v0)))
(not (bvsaddo (bvadd (bvsub a14_1_1 v3_v0) (bvsdiv a14_1_2 v6_v0)) a14_1))
(bvsle (bvadd (bvadd (ite (= a14_1_1 #b00000000000000000000000000000000) #b00000000000000000000000000000001 #b00000000000000000000000000000000) (ite (= a14_1_2 #b00000000000000000000000000000000) #b00000000000000000000000000000001 #b00000000000000000000000000000000)) (ite (= a14_1 #b00000000000000000000000000000000) #b00000000000000000000000000000001 #b00000000000000000000000000000000)) #b00000000000000000000000000000001)
(= v5_v1 (bvadd (bvadd (bvsub a14_1_1 v3_v0) (bvsdiv a14_1_2 v6_v0)) a14_1))
```
Constraint stats: asserted=44 addCalls=44 skippedTrue=0 deduped=0 ensureInRangeCalls=63 boundedAlready=0 uniqueConstraintIds=44 uniqueBoundedIds=0 (solverAsserted=0)
Bitwuzla check_sat time: 105ms
Bitwuzla statistics: preprocess::contradicting_ands::num_substs=0 preprocess::contradicting_ands::time_apply=0ms preprocess::elim_extract::num_elim=0 preprocess::elim_extract::time_apply=0ms preprocess::elim_lambda::time_apply=0ms preprocess::elim_udiv::num_eliminated=0 preprocess::elim_udiv::time_apply=0ms preprocess::embedded_constraints::num_substs=4 preprocess::embedded_constraints::time_apply=0ms preprocess::flatten_and::num_assertions=51 preprocess::flatten_and::num_flattened=40 preprocess::flatten_and::time_apply=0ms preprocess::lambda::num_elim=0 preprocess::normalize::num_common_normalizations=0 preprocess::normalize::num_normalizations=24 preprocess::normalize::num_normalized_assertions=0 preprocess::normalize::num_pass1=0 preprocess::normalize::num_pass2=0 preprocess::normalize::time_adder_chains=1ms preprocess::normalize::time_apply=16ms preprocess::normalize::time_compute_occs=0ms preprocess::normalize::time_normalize_add=0ms preprocess::normalize::time_normalize_mul=0ms preprocess::normalize::time_score=13ms preprocess::rewrite::time_apply=0ms preprocess::skeleton_preproc::cnf::clauses=202 preprocess::skeleton_preproc::cnf::lits=382 preprocess::skeleton_preproc::new_assertions=0 preprocess::skeleton_preproc::resets=1 preprocess::skeleton_preproc::time_apply=0ms preprocess::skeleton_preproc::time_encode=0ms preprocess::skeleton_preproc::time_fixed=0ms preprocess::skeleton_preproc::time_sat=0ms preprocess::uninterpreted::num_substs=0 preprocess::uninterpreted::time_apply=0ms preprocess::varsubst::normalize_bv_ineq::num_slt=0 preprocess::varsubst::normalize_bv_ineq::num_ult=0 preprocess::varsubst::normalize_eq::num_bv_concat=0 preprocess::varsubst::normalize_eq::num_gauss_elim=0 preprocess::varsubst::normalize_eq::num_linear_eq=0 preprocess::varsubst::num_substs=17 preprocess::varsubst::time_apply=0ms preprocess::varsubst::time_direct_cycle_check=0ms preprocess::varsubst::time_find_substitution=0ms preprocess::varsubst::time_find_vars=0ms preprocess::varsubst::time_register=0ms preprocess::varsubst::time_remove_cycles=0ms preprocess::varsubst::time_substitute=0ms preprocessor::num_iterations=2 preprocessor::time_preprocess=19ms preprocessor::time_process=0ms rewriter::(normalize)::num_evals=0 rewriter::(normalize)::num_rewrites=98 rewriter::(normalize)::rewrite::BV_ADD_SPECIAL_CONST=10 rewriter::(normalize)::rewrite::BV_MUL_ONES=1 rewriter::(normalize)::rewrite::BV_NEG_ELIM=1 rewriter::(normalize)::rewrite::BV_NOT_BV_NOT=15 rewriter::(normalize)::rewrite::NORMALIZE_COMM=71 rewriter::eval::BV_MUL_EVAL=1 rewriter::eval::BV_NEG_EVAL=1 rewriter::eval::BV_SHL_EVAL=1 rewriter::eval::EQUAL_EVAL=2 rewriter::eval::IMPLIES_EVAL=1 rewriter::num_evals=6 rewriter::num_rewrites=626 rewriter::rewrite::BV_ADD_EVAL=3 rewriter::rewrite::BV_ADD_ITE2=31 rewriter::rewrite::BV_ADD_SPECIAL_CONST=24 rewriter::rewrite::BV_EXTRACT_FULL=2 rewriter::rewrite::BV_NEG_ELIM=16 rewriter::rewrite::BV_NOT_BV_NOT=88 rewriter::rewrite::BV_NOT_EVAL=2 rewriter::rewrite::BV_OR_ELIM=59 rewriter::rewrite::BV_SADDO_ELIM=9 rewriter::rewrite::BV_SDIVO_ELIM=5 rewriter::rewrite::BV_SDIV_ELIM=2 rewriter::rewrite::BV_SHL_SPECIAL_CONST=1 rewriter::rewrite::BV_SIGN_EXTEND_ELIM=4 rewriter::rewrite::BV_SLE_ELIM=6 rewriter::rewrite::BV_SMULO_ELIM=1 rewriter::rewrite::BV_SREM_ELIM=3 rewriter::rewrite::BV_SSUBO_ELIM=1 rewriter::rewrite::BV_SUB_ELIM=1 rewriter::rewrite::DISTINCT_ELIM=5 rewriter::rewrite::EQUAL_CONST_BV_NOT=31 rewriter::rewrite::EQUAL_SPECIAL_CONST=2 rewriter::rewrite::EQUAL_TRUE=17 rewriter::rewrite::IMPLIES_ELIM=1 rewriter::rewrite::ITE_EVAL=4 rewriter::rewrite::NORMALIZE_COMM=267 rewriter::rewrite::NOT_EQUAL_BV1_BOOL=21 rewriter::rewrite::NOT_NOT=10 rewriter::rewrite::OR_ELIM=10 solver::abstract::lemmas::MUL_NEG_POW2=1 solver::abstract::num_checks=2 solver::abstract::terms::BV_MUL=1 solver::abstract::terms::total=1 solver::abstract::time_check=1ms solver::array::equalities=0 solver::array::num_checks=0 solver::array::propagations=0 solver::array::propagations_down=0 solver::array::propagations_up=0 solver::array::selects=0 solver::array::time_check=0ms solver::bv::bitblast::aig::num_ands=54510 solver::bv::bitblast::aig::num_consts=1025 solver::bv::bitblast::aig::num_shared=9876 solver::bv::bitblast::aig::time_bitblast=14ms solver::bv::bitblast::cnf::num_clauses=135513 solver::bv::bitblast::cnf::num_literals=330494 solver::bv::bitblast::cnf::num_vars=44286 solver::bv::bitblast::cnf::time_encode=59ms solver::bv::bitblast::sat::time_solve=9ms solver::bv::num_assertions=69 solver::bv::num_checks=2 solver::bv::time_check=69ms solver::engine::lemmas::abstr=1 solver::engine::lemmas::array=0 solver::engine::lemmas::fp=0 solver::engine::lemmas::fun=0 solver::engine::lemmas::quant=0 solver::engine::lemmas::total=1 solver::engine::time_register_term=0ms solver::engine::time_solve=86ms solver::fun::num_checks=1 solver::fun::time_check=0ms solver::quant::mbqi_checks=0 solver::quant::num_lemma_iterations=0 solver::quant::num_lemmas=0 solver::quant::time_check=0ms solver::quant::time_mbqi=0ms solver::quant::time_process=0ms solving_context::max_memory=40914944 solving_context::time_ensure_model=0ms solving_context::time_solve=105ms
SAT
Extract symbols: sym=init_var6, value=-1
Extract symbols: sym=init_var7_el0, value=-1
Extract symbols: sym=init_var7_el1, value=-1
Extract symbols: sym=init_var7_el2, value=-1
Extract symbols: sym=init_var7_el3, value=-1
Extract symbols: sym=init_var7_el4, value=-1
Extract symbols: sym=init_var7_el5, value=-1
Extract symbols: sym=init_var7_el6, value=-1
Extract symbols: sym=init_var7_el7, value=-1
Extract symbols: sym=init_var7_el8, value=-1
Extract symbols: sym=init_var7_el9, value=-1
Extract symbols: sym=init_var7_el10, value=-1
Extract symbols: sym=init_var7_el11, value=-1
Extract symbols: sym=a0_0_1, value=-1
Extract symbols: sym=a0_0_2, value=-1
Extract symbols: sym=a0_0, value=-1
Extract symbols: sym=a0_1_1, value=-1
Extract symbols: sym=a0_1_2, value=-1
Extract symbols: sym=a0_1, value=-1
Extract symbols: sym=a1_0_1, value=<unresolved>
Extract symbols: sym=a1_0_2, value=<unresolved>
Extract symbols: sym=a1_0, value=<unresolved>
Extract symbols: sym=a1_1_1, value=<unresolved>
Extract symbols: sym=a1_1_2, value=<unresolved>
Extract symbols: sym=a1_1, value=<unresolved>
Extract symbols: sym=a2_0_1, value=<unresolved>
Extract symbols: sym=a2_0_2, value=<unresolved>
Extract symbols: sym=a2_0, value=<unresolved>
Extract symbols: sym=a2_1_1, value=<unresolved>
Extract symbols: sym=a2_1_2, value=<unresolved>
Extract symbols: sym=a2_1, value=<unresolved>
Extract symbols: sym=a3_0_1, value=<unresolved>
Extract symbols: sym=a3_0_2, value=<unresolved>
Extract symbols: sym=a3_0, value=<unresolved>
Extract symbols: sym=a3_1_1, value=<unresolved>
Extract symbols: sym=a3_1_2, value=<unresolved>
Extract symbols: sym=a3_1, value=<unresolved>
Extract symbols: sym=b3_2_1, value=<unresolved>
Extract symbols: sym=b3_2_2, value=<unresolved>
Extract symbols: sym=b3_2_3, value=<unresolved>
Extract symbols: sym=b3_2, value=<unresolved>
Extract symbols: sym=a4_0_1, value=<unresolved>
Extract symbols: sym=a4_0_2, value=<unresolved>
Extract symbols: sym=a4_0, value=<unresolved>
Extract symbols: sym=a4_1_1, value=<unresolved>
Extract symbols: sym=a4_1_2, value=<unresolved>
Extract symbols: sym=a4_1, value=<unresolved>
Extract symbols: sym=b4_2_1, value=<unresolved>
Extract symbols: sym=b4_2_2, value=<unresolved>
Extract symbols: sym=b4_2_3, value=<unresolved>
Extract symbols: sym=b4_2, value=<unresolved>
Extract symbols: sym=a5_0_1, value=<unresolved>
Extract symbols: sym=a5_0_2, value=<unresolved>
Extract symbols: sym=a5_0, value=<unresolved>
Extract symbols: sym=a5_1_1, value=<unresolved>
Extract symbols: sym=a5_1_2, value=<unresolved>
Extract symbols: sym=a5_1, value=<unresolved>
Extract symbols: sym=a6_0_1, value=<unresolved>
Extract symbols: sym=a6_0_2, value=<unresolved>
Extract symbols: sym=a6_0, value=<unresolved>
Extract symbols: sym=a6_1_1, value=<unresolved>
Extract symbols: sym=a6_1_2, value=<unresolved>
Extract symbols: sym=a6_1, value=<unresolved>
Extract symbols: sym=a7_0_1, value=<unresolved>
Extract symbols: sym=a7_0_2, value=<unresolved>
Extract symbols: sym=a7_0, value=<unresolved>
Extract symbols: sym=a7_1_1, value=<unresolved>
Extract symbols: sym=a7_1_2, value=<unresolved>
Extract symbols: sym=a7_1, value=<unresolved>
Extract symbols: sym=b7_2_1, value=<unresolved>
Extract symbols: sym=b7_2_2, value=<unresolved>
Extract symbols: sym=b7_2_3, value=<unresolved>
Extract symbols: sym=b7_2, value=<unresolved>
Extract symbols: sym=a8_0_1, value=<unresolved>
Extract symbols: sym=a8_0_2, value=<unresolved>
Extract symbols: sym=a8_0, value=<unresolved>
Extract symbols: sym=a8_1_1, value=<unresolved>
Extract symbols: sym=a8_1_2, value=<unresolved>
Extract symbols: sym=a8_1, value=<unresolved>
Extract symbols: sym=a9_0_1, value=<unresolved>
Extract symbols: sym=a9_0_2, value=<unresolved>
Extract symbols: sym=a9_0, value=<unresolved>
Extract symbols: sym=a9_1_1, value=<unresolved>
Extract symbols: sym=a9_1_2, value=<unresolved>
Extract symbols: sym=a9_1, value=<unresolved>
Extract symbols: sym=b9_2_1, value=<unresolved>
Extract symbols: sym=b9_2_2, value=<unresolved>
Extract symbols: sym=b9_2_3, value=<unresolved>
Extract symbols: sym=b9_2, value=<unresolved>
Extract symbols: sym=a10_0_1, value=<unresolved>
Extract symbols: sym=a10_0_2, value=<unresolved>
Extract symbols: sym=a10_0, value=<unresolved>
Extract symbols: sym=a10_1_1, value=<unresolved>
Extract symbols: sym=a10_1_2, value=<unresolved>
Extract symbols: sym=a10_1, value=<unresolved>
Extract symbols: sym=a11_0_1, value=<unresolved>
Extract symbols: sym=a11_0_2, value=<unresolved>
Extract symbols: sym=a11_0, value=<unresolved>
Extract symbols: sym=a11_1_1, value=<unresolved>
Extract symbols: sym=a11_1_2, value=<unresolved>
Extract symbols: sym=a11_1, value=<unresolved>
Extract symbols: sym=a12_0_1, value=<unresolved>
Extract symbols: sym=a12_0_2, value=<unresolved>
Extract symbols: sym=a12_0, value=<unresolved>
Extract symbols: sym=a12_1_1, value=<unresolved>
Extract symbols: sym=a12_1_2, value=<unresolved>
Extract symbols: sym=a12_1, value=<unresolved>
Extract symbols: sym=a13_0_1, value=<unresolved>
Extract symbols: sym=a13_0_2, value=<unresolved>
Extract symbols: sym=a13_0, value=<unresolved>
Extract symbols: sym=a13_1_1, value=<unresolved>
Extract symbols: sym=a13_1_2, value=<unresolved>
Extract symbols: sym=a13_1, value=<unresolved>
Extract symbols: sym=a14_0_1, value=-1
Extract symbols: sym=a14_0_2, value=-1
Extract symbols: sym=a14_0, value=-1
Extract symbols: sym=a14_1_1, value=-1
Extract symbols: sym=a14_1_2, value=-1
Extract symbols: sym=a14_1, value=-1
--------IntUBInject: Inject Int UBs to Block BB7--------------------------------------------
Collected constraints:
(bvsle v1_el0_v0 #b001111111111111111111111111111111)
(bvsge v1_el0_v0 #b110000000000000000000000000000000)
(bvsle v0_v0 #b001111111111111111111111111111111)
(bvsge v0_v0 #b110000000000000000000000000000000)
(bvsle v2_v0 #b001111111111111111111111111111111)
(bvsge v2_v0 #b110000000000000000000000000000000)
(bvsle v0_v0 #b001111111111111111111111111111111)
(bvsge v0_v0 #b110000000000000000000000000000000)
(bvsge a7_0_1 #b110000000000000000000000000000000)
(bvsle a7_0_1 #b001111111111111111111111111111111)
(= #b000000000000000000000000000000000 #b000000000000000000000000000000000)
(distinct v1_el0_v0 #b000000000000000000000000000000000)
(bvsge a7_0_2 #b110000000000000000000000000000000)
(bvsle a7_0_2 #b001111111111111111111111111111111)
(distinct v0_v0 #b000000000000000000000000000000000)
(bvsge a7_0 #b110000000000000000000000000000000)
(bvsle a7_0 #b001111111111111111111111111111111)
(bvsle (bvadd (bvadd (ite (= a7_0_1 #b000000000000000000000000000000000) #b000000000000000000000000000000001 #b000000000000000000000000000000000) (ite (= a7_0_2 #b000000000000000000000000000000000) #b000000000000000000000000000000001 #b000000000000000000000000000000000)) (ite (= a7_0 #b000000000000000000000000000000000) #b000000000000000000000000000000001 #b000000000000000000000000000000000)) #b000000000000000000000000000000001)
(= v4_v1 (bvsub (bvsub a7_0 (bvsdiv a7_0_2 v0_v0)) (bvsdiv a7_0_1 v1_el0_v0)))
(bvsge a7_1_1 #b110000000000000000000000000000000)
(bvsle a7_1_1 #b001111111111111111111111111111111)
(distinct v2_v0 #b000000000000000000000000000000000)
(bvsge a7_1_2 #b110000000000000000000000000000000)
(bvsle a7_1_2 #b001111111111111111111111111111111)
(bvsge a7_1 #b110000000000000000000000000000000)
(bvsle a7_1 #b001111111111111111111111111111111)
(bvsle (bvadd (bvadd (ite (= a7_1_1 #b000000000000000000000000000000000) #b000000000000000000000000000000001 #b000000000000000000000000000000000) (ite (= a7_1_2 #b000000000000000000000000000000000) #b000000000000000000000000000000001 #b000000000000000000000000000000000)) (ite (= a7_1 #b000000000000000000000000000000000) #b000000000000000000000000000000001 #b000000000000000000000000000000000)) #b000000000000000000000000000000001)
(= v1_el0_v1 (bvsub (bvsub a7_1 (bvsub a7_1_2 v0_v0)) (bvsrem a7_1_1 v2_v0)))
(bvsge b7_2_1 #b110000000000000000000000000000000)
(bvsle b7_2_1 #b001111111111111111111111111111111)
(bvsge b7_2_2 #b110000000000000000000000000000000)
(bvsle b7_2_2 #b001111111111111111111111111111111)
(= #b000000000000000000000000000000000 #b000000000000000000000000000000000)
(bvsge b7_2_3 #b110000000000000000000000000000000)
(bvsle b7_2_3 #b001111111111111111111111111111111)
(bvsge b7_2 #b110000000000000000000000000000000)
(bvsle b7_2 #b001111111111111111111111111111111)
(bvsle (bvadd (bvadd (bvadd (ite (= b7_2_1 #b000000000000000000000000000000000) #b000000000000000000000000000000001 #b000000000000000000000000000000000) (ite (= b7_2_2 #b000000000000000000000000000000000) #b000000000000000000000000000000001 #b000000000000000000000000000000000)) (ite (= b7_2_3 #b000000000000000000000000000000000) #b000000000000000000000000000000001 #b000000000000000000000000000000000)) (ite (= b7_2 #b000000000000000000000000000000000) #b000000000000000000000000000000001 #b000000000000000000000000000000000)) #b000000000000000000000000000000010)
(let ((_let0 (bvsub (bvsub a7_0 (bvsdiv a7_0_2 v0_v0)) (bvsdiv a7_0_1 v1_el0_v0)))) (let ((_let1 (bvsub (bvsub a7_1 (bvsub a7_1_2 v0_v0)) (bvsrem a7_1_1 v2_v0)))) (let ((_let2 (bvsub (bvsub (bvsub b7_2 (bvmul b7_2_3 v6_v0)) (bvmul b7_2_2 v1_el0_v1)) (bvsub b7_2_1 v4_v1)))) (or (or (or false (or (bvsgt _let0 #b001111111111111111111111111111111) (bvslt _let0 #b110000000000000000000000000000000))) (or (bvsgt _let1 #b001111111111111111111111111111111) (bvslt _let1 #b110000000000000000000000000000000))) (or (bvsgt _let2 #b001111111111111111111111111111111) (bvslt _let2 #b110000000000000000000000000000000))))))
SAT
Adding initializations to ensure undefined behaviors
Let variable: var=v1_el0, value=1
Let variable: var=v0, value=-1
Let variable: var=v2, value=1
Let variable: var=v0, value=-1
Let symbol: sym=a7_0_1, value=1
Let symbol: sym=a7_0_2, value=1
Let symbol: sym=a7_0, value=-1073741826
Let symbol: sym=a7_1_1, value=1073741825
Let symbol: sym=a7_1_2, value=-2147483648
Let symbol: sym=a7_1, value=-2147483648
Let symbol: sym=b7_2_1, value=2147483646
Let symbol: sym=b7_2_2, value=1
Let symbol: sym=b7_2_3, value=0
Let symbol: sym=b7_2, value=0
Define symbols: sym=a1_0_1, val=-1088642789 (for unexecuted basic blocks)
Define symbols: sym=a1_0_2, val=384330398 (for unexecuted basic blocks)
Define symbols: sym=a1_0, val=1056155313 (for unexecuted basic blocks)
Define symbols: sym=a1_1_1, val=2064745724 (for unexecuted basic blocks)
Define symbols: sym=a1_1_2, val=-1729800741 (for unexecuted basic blocks)
Define symbols: sym=a1_1, val=1697127505 (for unexecuted basic blocks)
Define symbols: sym=a2_0_1, val=-1354251087 (for unexecuted basic blocks)
Define symbols: sym=a2_0_2, val=1134729229 (for unexecuted basic blocks)
Define symbols: sym=a2_0, val=207732635 (for unexecuted basic blocks)
Define symbols: sym=a2_1_1, val=-2006276197 (for unexecuted basic blocks)
Define symbols: sym=a2_1_2, val=-1372642142 (for unexecuted basic blocks)
Define symbols: sym=a2_1, val=950906677 (for unexecuted basic blocks)
Define symbols: sym=a3_0_1, val=-1327785096 (for unexecuted basic blocks)
Define symbols: sym=a3_0_2, val=-545036081 (for unexecuted basic blocks)
Define symbols: sym=a3_0, val=-502251552 (for unexecuted basic blocks)
Define symbols: sym=a3_1_1, val=1313445365 (for unexecuted basic blocks)
Define symbols: sym=a3_1_2, val=-503833094 (for unexecuted basic blocks)
Define symbols: sym=a3_1, val=-847282395 (for unexecuted basic blocks)
Define symbols: sym=b3_2_1, val=1555820619 (for unexecuted basic blocks)
Define symbols: sym=b3_2_2, val=233576841 (for unexecuted basic blocks)
Define symbols: sym=b3_2_3, val=-1955072082 (for unexecuted basic blocks)
Define symbols: sym=b3_2, val=1986212559 (for unexecuted basic blocks)
Define symbols: sym=a4_0_1, val=432548518 (for unexecuted basic blocks)
Define symbols: sym=a4_0_2, val=1892946331 (for unexecuted basic blocks)
Define symbols: sym=a4_0, val=-894536815 (for unexecuted basic blocks)
Define symbols: sym=a4_1_1, val=-1945700147 (for unexecuted basic blocks)
Define symbols: sym=a4_1_2, val=-1411751450 (for unexecuted basic blocks)
Define symbols: sym=a4_1, val=1775332389 (for unexecuted basic blocks)
Define symbols: sym=b4_2_1, val=1200096460 (for unexecuted basic blocks)
Define symbols: sym=b4_2_2, val=-758295444 (for unexecuted basic blocks)
Define symbols: sym=b4_2_3, val=696990470 (for unexecuted basic blocks)
Define symbols: sym=b4_2, val=95416961 (for unexecuted basic blocks)
Define symbols: sym=a5_0_1, val=-539787683 (for unexecuted basic blocks)
Define symbols: sym=a5_0_2, val=-1426750476 (for unexecuted basic blocks)
Define symbols: sym=a5_0, val=572147562 (for unexecuted basic blocks)
Define symbols: sym=a5_1_1, val=-647928353 (for unexecuted basic blocks)
Define symbols: sym=a5_1_2, val=-1056773228 (for unexecuted basic blocks)
Define symbols: sym=a5_1, val=-1904134873 (for unexecuted basic blocks)
Define symbols: sym=a6_0_1, val=-2131015241 (for unexecuted basic blocks)
Define symbols: sym=a6_0_2, val=638591107 (for unexecuted basic blocks)
Define symbols: sym=a6_0, val=-1728853773 (for unexecuted basic blocks)
Define symbols: sym=a6_1_1, val=230863080 (for unexecuted basic blocks)
Define symbols: sym=a6_1_2, val=544474131 (for unexecuted basic blocks)
Define symbols: sym=a6_1, val=1507216578 (for unexecuted basic blocks)
Define symbols: sym=a8_0_1, val=-996091823 (for unexecuted basic blocks)
Define symbols: sym=a8_0_2, val=-1490271115 (for unexecuted basic blocks)
Define symbols: sym=a8_0, val=-835851389 (for unexecuted basic blocks)
Define symbols: sym=a8_1_1, val=343032034 (for unexecuted basic blocks)
Define symbols: sym=a8_1_2, val=-285688200 (for unexecuted basic blocks)
Define symbols: sym=a8_1, val=299000396 (for unexecuted basic blocks)
Define symbols: sym=a9_0_1, val=697705875 (for unexecuted basic blocks)
Define symbols: sym=a9_0_2, val=1957842939 (for unexecuted basic blocks)
Define symbols: sym=a9_0, val=1064237425 (for unexecuted basic blocks)
Define symbols: sym=a9_1_1, val=533153263 (for unexecuted basic blocks)
Define symbols: sym=a9_1_2, val=808543272 (for unexecuted basic blocks)
Define symbols: sym=a9_1, val=-2095546271 (for unexecuted basic blocks)
Define symbols: sym=b9_2_1, val=1593424729 (for unexecuted basic blocks)
Define symbols: sym=b9_2_2, val=143090246 (for unexecuted basic blocks)
Define symbols: sym=b9_2_3, val=1799224305 (for unexecuted basic blocks)
Define symbols: sym=b9_2, val=1692800501 (for unexecuted basic blocks)
Define symbols: sym=a10_0_1, val=-938460525 (for unexecuted basic blocks)
Define symbols: sym=a10_0_2, val=-1084203576 (for unexecuted basic blocks)
Define symbols: sym=a10_0, val=-237765414 (for unexecuted basic blocks)
Define symbols: sym=a10_1_1, val=-575969648 (for unexecuted basic blocks)
Define symbols: sym=a10_1_2, val=1837767007 (for unexecuted basic blocks)
Define symbols: sym=a10_1, val=-1587925618 (for unexecuted basic blocks)
Define symbols: sym=a11_0_1, val=2102851548 (for unexecuted basic blocks)
Define symbols: sym=a11_0_2, val=-1101285555 (for unexecuted basic blocks)
Define symbols: sym=a11_0, val=1184245996 (for unexecuted basic blocks)
Define symbols: sym=a11_1_1, val=1048648581 (for unexecuted basic blocks)
Define symbols: sym=a11_1_2, val=846230897 (for unexecuted basic blocks)
Define symbols: sym=a11_1, val=-579773893 (for unexecuted basic blocks)
Define symbols: sym=a12_0_1, val=61605786 (for unexecuted basic blocks)
Define symbols: sym=a12_0_2, val=2030128696 (for unexecuted basic blocks)
Define symbols: sym=a12_0, val=1054100634 (for unexecuted basic blocks)
Define symbols: sym=a12_1_1, val=434193331 (for unexecuted basic blocks)
Define symbols: sym=a12_1_2, val=1924752953 (for unexecuted basic blocks)
Define symbols: sym=a12_1, val=199559563 (for unexecuted basic blocks)
Define symbols: sym=a13_0_1, val=999494315 (for unexecuted basic blocks)
Define symbols: sym=a13_0_2, val=-516366117 (for unexecuted basic blocks)
Define symbols: sym=a13_0, val=-2083861033 (for unexecuted basic blocks)
Define symbols: sym=a13_1_1, val=-637843264 (for unexecuted basic blocks)
Define symbols: sym=a13_1_2, val=-611613113 (for unexecuted basic blocks)
Define symbols: sym=a13_1, val=1043311356 (for unexecuted basic blocks)
Extract initialization: param=v0, value=-1
Extract initialization: param=v1, value=-1
Extract initialization: param=v2, value=0
Extract initialization: param=v3, value=-1
Extract initialization: param=v4, value=0
Extract initialization: param=v5, value=-1
Extract finalization: param=v0, value=-1
Extract finalization: param=v1, value=-1
Extract finalization: param=v2, value=-1
Extract finalization: param=v3, value=-1
Extract finalization: param=v4, value=0
Extract finalization: param=v5, value=0
------SymExec: Iteration 1----------------------------------------------
Generating or re-generating UB-free constraints
Initial constraints: 
```
(bvsle (bvadd (bvadd (bvadd (bvadd (bvadd (ite (= v0_v0 #b00000000000000000000000000000000) #b00000000000000000000000000000001 #b00000000000000000000000000000000) (ite (= v1_el0_v0 #b00000000000000000000000000000000) #b00000000000000000000000000000001 #b00000000000000000000000000000000)) (ite (= v2_v0 #b00000000000000000000000000000000) #b00000000000000000000000000000001 #b00000000000000000000000000000000)) (ite (= v3_v0 #b00000000000000000000000000000000) #b00000000000000000000000000000001 #b00000000000000000000000000000000)) (ite (= v4_v0 #b00000000000000000000000000000000) #b00000000000000000000000000000001 #b00000000000000000000000000000000)) (ite (= v5_v0 #b00000000000000000000000000000000) #b00000000000000000000000000000001 #b00000000000000000000000000000000)) #b00000000000000000000000000000011)
```
Final constraints: 
```
(bvsle (bvadd (bvadd (bvadd (bvadd (bvadd (ite (= v0_v0 #b00000000000000000000000000000000) #b00000000000000000000000000000001 #b00000000000000000000000000000000) (ite (= v1_el0_v0 #b00000000000000000000000000000000) #b00000000000000000000000000000001 #b00000000000000000000000000000000)) (ite (= v2_v0 #b00000000000000000000000000000000) #b00000000000000000000000000000001 #b00000000000000000000000000000000)) (ite (= v3_v0 #b00000000000000000000000000000000) #b00000000000000000000000000000001 #b00000000000000000000000000000000)) (ite (= v4_v0 #b00000000000000000000000000000000) #b00000000000000000000000000000001 #b00000000000000000000000000000000)) (ite (= v5_v0 #b00000000000000000000000000000000) #b00000000000000000000000000000001 #b00000000000000000000000000000000)) #b00000000000000000000000000000011)
(= v6_v0 #b11111111111111111111111111111111)
(= v7_el0_v0 #b11111111111111111111111111111111)
(= v7_el1_v0 #b11111111111111111111111111111111)
(= v7_el2_v0 #b11111111111111111111111111111111)
(= v7_el3_v0 #b11111111111111111111111111111111)
(= v7_el4_v0 #b11111111111111111111111111111111)
(= v7_el5_v0 #b11111111111111111111111111111111)
(= v7_el6_v0 #b11111111111111111111111111111111)
(= v7_el7_v0 #b11111111111111111111111111111111)
(= v7_el8_v0 #b11111111111111111111111111111111)
(= v7_el9_v0 #b11111111111111111111111111111111)
(= v7_el10_v0 #b11111111111111111111111111111111)
(= v7_el11_v0 #b11111111111111111111111111111111)
(let ((_let0 (ite (= #b11111111111111111111111111111111 #b00000000000000000000000000000000) #b00000000000000000000000000000001 #b00000000000000000000000000000000))) (bvsle (bvadd (bvadd (bvadd (bvadd (bvadd (bvadd (bvadd (bvadd (bvadd (bvadd (bvadd _let0 _let0) _let0) _let0) _let0) _let0) _let0) _let0) _let0) _let0) _let0) _let0) #b00000000000000000000000000000110))
(distinct v1_el0_v0 #b00000000000000000000000000000000)
(not (bvsdivo #b11111111111111111111111111111111 v1_el0_v0))
(not (bvsmulo #b11111111111111111111111111111111 v6_v0))
(not (bvsaddo (bvsrem #b11111111111111111111111111111111 v1_el0_v0) (bvmul #b11111111111111111111111111111111 v6_v0)))
(not (bvsaddo (bvadd (bvsrem #b11111111111111111111111111111111 v1_el0_v0) (bvmul #b11111111111111111111111111111111 v6_v0)) #b11111111111111111111111111111111))
(let ((_let0 (ite (= #b11111111111111111111111111111111 #b00000000000000000000000000000000) #b00000000000000000000000000000001 #b00000000000000000000000000000000))) (bvsle (bvadd (bvadd _let0 _let0) _let0) #b00000000000000000000000000000001))
(= v7_el11_v1 (bvadd (bvadd (bvsrem #b11111111111111111111111111111111 v1_el0_v0) (bvmul #b11111111111111111111111111111111 v6_v0)) #b11111111111111111111111111111111))
(distinct v0_v0 #b00000000000000000000000000000000)
(not (bvsdivo #b11111111111111111111111111111111 v0_v0))
(not (bvsaddo #b11111111111111111111111111111111 v7_el11_v1))
(not (bvsaddo (bvsdiv #b11111111111111111111111111111111 v0_v0) (bvadd #b11111111111111111111111111111111 v7_el11_v1)))
(not (bvsaddo (bvadd (bvsdiv #b11111111111111111111111111111111 v0_v0) (bvadd #b11111111111111111111111111111111 v7_el11_v1)) #b11111111111111111111111111111111))
(= v2_v1 (bvadd (bvadd (bvsdiv #b11111111111111111111111111111111 v0_v0) (bvadd #b11111111111111111111111111111111 v7_el11_v1)) #b11111111111111111111111111111111))
(distinct v3_v0 #b00000000000000000000000000000000)
(not (bvsdivo #b11111111111111111111111111111111 v3_v0))
(distinct v5_v0 #b00000000000000000000000000000000)
(not (bvsdivo #b11111111111111111111111111111111 v5_v0))
(not (bvsaddo (bvsrem #b11111111111111111111111111111111 v3_v0) (bvsrem #b11111111111111111111111111111111 v5_v0)))
(not (bvsaddo (bvadd (bvsrem #b11111111111111111111111111111111 v3_v0) (bvsrem #b11111111111111111111111111111111 v5_v0)) #b11111111111111111111111111111111))
(= v0_v1 (bvadd (bvadd (bvsrem #b11111111111111111111111111111111 v3_v0) (bvsrem #b11111111111111111111111111111111 v5_v0)) #b11111111111111111111111111111111))
(not (bvssubo #b11111111111111111111111111111111 v3_v0))
(distinct v6_v0 #b00000000000000000000000000000000)
(not (bvsdivo #b11111111111111111111111111111111 v6_v0))
(not (bvsaddo (bvsub #b11111111111111111111111111111111 v3_v0) (bvsdiv #b11111111111111111111111111111111 v6_v0)))
(not (bvsaddo (bvadd (bvsub #b11111111111111111111111111111111 v3_v0) (bvsdiv #b11111111111111111111111111111111 v6_v0)) #b11111111111111111111111111111111))
(= v5_v1 (bvadd (bvadd (bvsub #b11111111111111111111111111111111 v3_v0) (bvsdiv #b11111111111111111111111111111111 v6_v0)) #b11111111111111111111111111111111))
(bvsle (bvadd (bvadd (bvadd (bvadd (bvadd (ite (= (ite (distinct v0_v0 #b11111111111111111111111111111111) #b00000000000000000000000000000001 #b00000000000000000000000000000000) #b00000000000000000000000000000000) #b00000000000000000000000000000001 #b00000000000000000000000000000000) (ite (= (ite (distinct v1_el0_v0 #b11111111111111111111111111111111) #b00000000000000000000000000000001 #b00000000000000000000000000000000) #b00000000000000000000000000000000) #b00000000000000000000000000000001 #b00000000000000000000000000000000)) (ite (= (ite (distinct v2_v0 #b00000000000000000000000000000000) #b00000000000000000000000000000001 #b00000000000000000000000000000000) #b00000000000000000000000000000000) #b00000000000000000000000000000001 #b00000000000000000000000000000000)) (ite (= (ite (distinct v3_v0 #b11111111111111111111111111111111) #b00000000000000000000000000000001 #b00000000000000000000000000000000) #b00000000000000000000000000000000) #b00000000000000000000000000000001 #b00000000000000000000000000000000)) (ite (= (ite (distinct v4_v0 #b00000000000000000000000000000000) #b00000000000000000000000000000001 #b00000000000000000000000000000000) #b00000000000000000000000000000000) #b00000000000000000000000000000001 #b00000000000000000000000000000000)) (ite (= (ite (distinct v5_v0 #b11111111111111111111111111111111) #b00000000000000000000000000000001 #b00000000000000000000000000000000) #b00000000000000000000000000000000) #b00000000000000000000000000000001 #b00000000000000000000000000000000)) #b00000000000000000000000000000011)
```
Constraint stats: asserted=42 addCalls=45 skippedTrue=0 deduped=3 ensureInRangeCalls=63 boundedAlready=0 uniqueConstraintIds=42 uniqueBoundedIds=0 (solverAsserted=0)
Bitwuzla check_sat time: 42ms
Bitwuzla statistics: preprocess::contradicting_ands::num_substs=0 preprocess::contradicting_ands::time_apply=0ms preprocess::elim_extract::num_elim=0 preprocess::elim_extract::time_apply=0ms preprocess::elim_lambda::time_apply=0ms preprocess::elim_udiv::num_eliminated=0 preprocess::elim_udiv::time_apply=0ms preprocess::embedded_constraints::num_substs=4 preprocess::embedded_constraints::time_apply=0ms preprocess::flatten_and::num_assertions=8 preprocess::flatten_and::num_flattened=4 preprocess::flatten_and::time_apply=0ms preprocess::lambda::num_elim=0 preprocess::normalize::num_common_normalizations=0 preprocess::normalize::num_normalizations=6 preprocess::normalize::num_normalized_assertions=0 preprocess::normalize::num_pass1=0 preprocess::normalize::num_pass2=0 preprocess::normalize::time_adder_chains=0ms preprocess::normalize::time_apply=2ms preprocess::normalize::time_compute_occs=0ms preprocess::normalize::time_normalize_add=0ms preprocess::normalize::time_normalize_mul=0ms preprocess::normalize::time_score=1ms preprocess::rewrite::time_apply=0ms preprocess::skeleton_preproc::cnf::clauses=58 preprocess::skeleton_preproc::cnf::lits=114 preprocess::skeleton_preproc::new_assertions=0 preprocess::skeleton_preproc::resets=1 preprocess::skeleton_preproc::time_apply=0ms preprocess::skeleton_preproc::time_encode=0ms preprocess::skeleton_preproc::time_fixed=0ms preprocess::skeleton_preproc::time_sat=0ms preprocess::uninterpreted::num_substs=0 preprocess::uninterpreted::time_apply=0ms preprocess::varsubst::normalize_bv_ineq::num_slt=0 preprocess::varsubst::normalize_bv_ineq::num_ult=0 preprocess::varsubst::normalize_eq::num_bv_concat=0 preprocess::varsubst::normalize_eq::num_gauss_elim=0 preprocess::varsubst::normalize_eq::num_linear_eq=0 preprocess::varsubst::num_substs=17 preprocess::varsubst::time_apply=0ms preprocess::varsubst::time_direct_cycle_check=0ms preprocess::varsubst::time_find_substitution=0ms preprocess::varsubst::time_find_vars=0ms preprocess::varsubst::time_register=0ms preprocess::varsubst::time_remove_cycles=0ms preprocess::varsubst::time_substitute=0ms preprocessor::num_iterations=2 preprocessor::time_preprocess=4ms preprocessor::time_process=0ms rewriter::(normalize)::num_evals=0 rewriter::(normalize)::num_rewrites=56 rewriter::(normalize)::rewrite::BV_ADD_CONST=1 rewriter::(normalize)::rewrite::BV_ADD_EVAL=2 rewriter::(normalize)::rewrite::BV_ADD_SPECIAL_CONST=6 rewriter::(normalize)::rewrite::BV_MUL_ONES=4 rewriter::(normalize)::rewrite::BV_NEG_ELIM=4 rewriter::(normalize)::rewrite::BV_NOT_BV_NOT=8 rewriter::(normalize)::rewrite::NORMALIZE_COMM=31 rewriter::num_evals=0 rewriter::num_rewrites=457 rewriter::rewrite::AND_SPECIAL_CONST=41 rewriter::rewrite::BV_ADD_CONST=4 rewriter::rewrite::BV_ADD_EVAL=8 rewriter::rewrite::BV_ADD_ITE2=13 rewriter::rewrite::BV_ADD_SPECIAL_CONST=12 rewriter::rewrite::BV_AND_EVAL=1 rewriter::rewrite::BV_AND_SPECIAL_CONST=31 rewriter::rewrite::BV_CONCAT_EVAL=2 rewriter::rewrite::BV_EXTRACT_EVAL=35 rewriter::rewrite::BV_EXTRACT_FULL=1 rewriter::rewrite::BV_MUL_ONES=2 rewriter::rewrite::BV_NEG_ELIM=12 rewriter::rewrite::BV_NOT_BV_NOT=20 rewriter::rewrite::BV_NOT_EVAL=5 rewriter::rewrite::BV_OR_ELIM=2 rewriter::rewrite::BV_SADDO_ELIM=9 rewriter::rewrite::BV_SDIVO_ELIM=5 rewriter::rewrite::BV_SDIV_ELIM=2 rewriter::rewrite::BV_SIGN_EXTEND_ELIM=4 rewriter::rewrite::BV_SLE_ELIM=4 rewriter::rewrite::BV_SLT_EVAL=2 rewriter::rewrite::BV_SMULO_ELIM=1 rewriter::rewrite::BV_SREM_ELIM=3 rewriter::rewrite::BV_SSUBO_ELIM=1 rewriter::rewrite::BV_SUB_ELIM=1 rewriter::rewrite::BV_UDIV_EVAL=1 rewriter::rewrite::BV_XOR_EVAL=1 rewriter::rewrite::BV_XOR_SPECIAL_CONST=2 rewriter::rewrite::DISTINCT_ELIM=11 rewriter::rewrite::EQUAL_CONST_BV_NOT=2 rewriter::rewrite::EQUAL_EVAL=9 rewriter::rewrite::EQUAL_ITE_SAME=6 rewriter::rewrite::EQUAL_SPECIAL_CONST=1 rewriter::rewrite::EQUAL_TRUE=4 rewriter::rewrite::ITE_EVAL=11 rewriter::rewrite::NORMALIZE_COMM=146 rewriter::rewrite::NOT_EQUAL_BV1_BOOL=9 rewriter::rewrite::NOT_EVAL=1 rewriter::rewrite::NOT_NOT=16 rewriter::rewrite::OR_ELIM=16 solver::abstract::num_checks=1 solver::abstract::terms::total=0 solver::abstract::time_check=0ms solver::array::equalities=0 solver::array::num_checks=0 solver::array::propagations=0 solver::array::propagations_down=0 solver::array::propagations_up=0 solver::array::selects=0 solver::array::time_check=0ms solver::bv::bitblast::aig::num_ands=36424 solver::bv::bitblast::aig::num_consts=192 solver::bv::bitblast::aig::num_shared=8165 solver::bv::bitblast::aig::time_bitblast=4ms solver::bv::bitblast::cnf::num_clauses=89028 solver::bv::bitblast::cnf::num_literals=217981 solver::bv::bitblast::cnf::num_vars=28573 solver::bv::bitblast::cnf::time_encode=31ms solver::bv::bitblast::sat::time_solve=2ms solver::bv::num_assertions=17 solver::bv::num_checks=1 solver::bv::time_check=34ms solver::engine::lemmas::abstr=0 solver::engine::lemmas::array=0 solver::engine::lemmas::fp=0 solver::engine::lemmas::fun=0 solver::engine::lemmas::quant=0 solver::engine::lemmas::total=0 solver::engine::time_register_term=0ms solver::engine::time_solve=38ms solver::fun::num_checks=1 solver::fun::time_check=0ms solver::quant::mbqi_checks=0 solver::quant::num_lemma_iterations=0 solver::quant::num_lemmas=0 solver::quant::time_check=0ms solver::quant::time_mbqi=0ms solver::quant::time_process=0ms solving_context::max_memory=45109248 solving_context::time_ensure_model=0ms solving_context::time_solve=42ms
SAT
Extract initialization: param=v0, value=-1
Extract initialization: param=v1, value=-1
Extract initialization: param=v2, value=-1
Extract initialization: param=v3, value=-1
Extract initialization: param=v4, value=-1
Extract initialization: param=v5, value=-2
Extract finalization: param=v0, value=-2
Extract finalization: param=v1, value=-1
Extract finalization: param=v2, value=-1
Extract finalization: param=v3, value=-1
Extract finalization: param=v4, value=-1
Extract finalization: param=v5, value=0
------SymExec: Iteration 2----------------------------------------------
Final constraints: 
```
(bvsle (bvadd (bvadd (bvadd (bvadd (bvadd (ite (= v0_v0 #b00000000000000000000000000000000) #b00000000000000000000000000000001 #b00000000000000000000000000000000) (ite (= v1_el0_v0 #b00000000000000000000000000000000) #b00000000000000000000000000000001 #b00000000000000000000000000000000)) (ite (= v2_v0 #b00000000000000000000000000000000) #b00000000000000000000000000000001 #b00000000000000000000000000000000)) (ite (= v3_v0 #b00000000000000000000000000000000) #b00000000000000000000000000000001 #b00000000000000000000000000000000)) (ite (= v4_v0 #b00000000000000000000000000000000) #b00000000000000000000000000000001 #b00000000000000000000000000000000)) (ite (= v5_v0 #b00000000000000000000000000000000) #b00000000000000000000000000000001 #b00000000000000000000000000000000)) #b00000000000000000000000000000011)
(= v6_v0 #b11111111111111111111111111111111)
(= v7_el0_v0 #b11111111111111111111111111111111)
(= v7_el1_v0 #b11111111111111111111111111111111)
(= v7_el2_v0 #b11111111111111111111111111111111)
(= v7_el3_v0 #b11111111111111111111111111111111)
(= v7_el4_v0 #b11111111111111111111111111111111)
(= v7_el5_v0 #b11111111111111111111111111111111)
(= v7_el6_v0 #b11111111111111111111111111111111)
(= v7_el7_v0 #b11111111111111111111111111111111)
(= v7_el8_v0 #b11111111111111111111111111111111)
(= v7_el9_v0 #b11111111111111111111111111111111)
(= v7_el10_v0 #b11111111111111111111111111111111)
(= v7_el11_v0 #b11111111111111111111111111111111)
(let ((_let0 (ite (= #b11111111111111111111111111111111 #b00000000000000000000000000000000) #b00000000000000000000000000000001 #b00000000000000000000000000000000))) (bvsle (bvadd (bvadd (bvadd (bvadd (bvadd (bvadd (bvadd (bvadd (bvadd (bvadd (bvadd _let0 _let0) _let0) _let0) _let0) _let0) _let0) _let0) _let0) _let0) _let0) _let0) #b00000000000000000000000000000110))
(distinct v1_el0_v0 #b00000000000000000000000000000000)
(not (bvsdivo #b11111111111111111111111111111111 v1_el0_v0))
(not (bvsmulo #b11111111111111111111111111111111 v6_v0))
(not (bvsaddo (bvsrem #b11111111111111111111111111111111 v1_el0_v0) (bvmul #b11111111111111111111111111111111 v6_v0)))
(not (bvsaddo (bvadd (bvsrem #b11111111111111111111111111111111 v1_el0_v0) (bvmul #b11111111111111111111111111111111 v6_v0)) #b11111111111111111111111111111111))
(let ((_let0 (ite (= #b11111111111111111111111111111111 #b00000000000000000000000000000000) #b00000000000000000000000000000001 #b00000000000000000000000000000000))) (bvsle (bvadd (bvadd _let0 _let0) _let0) #b00000000000000000000000000000001))
(= v7_el11_v1 (bvadd (bvadd (bvsrem #b11111111111111111111111111111111 v1_el0_v0) (bvmul #b11111111111111111111111111111111 v6_v0)) #b11111111111111111111111111111111))
(distinct v0_v0 #b00000000000000000000000000000000)
(not (bvsdivo #b11111111111111111111111111111111 v0_v0))
(not (bvsaddo #b11111111111111111111111111111111 v7_el11_v1))
(not (bvsaddo (bvsdiv #b11111111111111111111111111111111 v0_v0) (bvadd #b11111111111111111111111111111111 v7_el11_v1)))
(not (bvsaddo (bvadd (bvsdiv #b11111111111111111111111111111111 v0_v0) (bvadd #b11111111111111111111111111111111 v7_el11_v1)) #b11111111111111111111111111111111))
(= v2_v1 (bvadd (bvadd (bvsdiv #b11111111111111111111111111111111 v0_v0) (bvadd #b11111111111111111111111111111111 v7_el11_v1)) #b11111111111111111111111111111111))
(distinct v3_v0 #b00000000000000000000000000000000)
(not (bvsdivo #b11111111111111111111111111111111 v3_v0))
(distinct v5_v0 #b00000000000000000000000000000000)
(not (bvsdivo #b11111111111111111111111111111111 v5_v0))
(not (bvsaddo (bvsrem #b11111111111111111111111111111111 v3_v0) (bvsrem #b11111111111111111111111111111111 v5_v0)))
(not (bvsaddo (bvadd (bvsrem #b11111111111111111111111111111111 v3_v0) (bvsrem #b11111111111111111111111111111111 v5_v0)) #b11111111111111111111111111111111))
(= v0_v1 (bvadd (bvadd (bvsrem #b11111111111111111111111111111111 v3_v0) (bvsrem #b11111111111111111111111111111111 v5_v0)) #b11111111111111111111111111111111))
(not (bvssubo #b11111111111111111111111111111111 v3_v0))
(distinct v6_v0 #b00000000000000000000000000000000)
(not (bvsdivo #b11111111111111111111111111111111 v6_v0))
(not (bvsaddo (bvsub #b11111111111111111111111111111111 v3_v0) (bvsdiv #b11111111111111111111111111111111 v6_v0)))
(not (bvsaddo (bvadd (bvsub #b11111111111111111111111111111111 v3_v0) (bvsdiv #b11111111111111111111111111111111 v6_v0)) #b11111111111111111111111111111111))
(= v5_v1 (bvadd (bvadd (bvsub #b11111111111111111111111111111111 v3_v0) (bvsdiv #b11111111111111111111111111111111 v6_v0)) #b11111111111111111111111111111111))
(bvsle (bvadd (bvadd (bvadd (bvadd (bvadd (ite (= (ite (distinct v0_v0 #b11111111111111111111111111111111) #b00000000000000000000000000000001 #b00000000000000000000000000000000) #b00000000000000000000000000000000) #b00000000000000000000000000000001 #b00000000000000000000000000000000) (ite (= (ite (distinct v1_el0_v0 #b11111111111111111111111111111111) #b00000000000000000000000000000001 #b00000000000000000000000000000000) #b00000000000000000000000000000000) #b00000000000000000000000000000001 #b00000000000000000000000000000000)) (ite (= (ite (distinct v2_v0 #b00000000000000000000000000000000) #b00000000000000000000000000000001 #b00000000000000000000000000000000) #b00000000000000000000000000000000) #b00000000000000000000000000000001 #b00000000000000000000000000000000)) (ite (= (ite (distinct v3_v0 #b11111111111111111111111111111111) #b00000000000000000000000000000001 #b00000000000000000000000000000000) #b00000000000000000000000000000000) #b00000000000000000000000000000001 #b00000000000000000000000000000000)) (ite (= (ite (distinct v4_v0 #b00000000000000000000000000000000) #b00000000000000000000000000000001 #b00000000000000000000000000000000) #b00000000000000000000000000000000) #b00000000000000000000000000000001 #b00000000000000000000000000000000)) (ite (= (ite (distinct v5_v0 #b11111111111111111111111111111111) #b00000000000000000000000000000001 #b00000000000000000000000000000000) #b00000000000000000000000000000000) #b00000000000000000000000000000001 #b00000000000000000000000000000000)) #b00000000000000000000000000000011)
(bvsle (bvadd (bvadd (bvadd (bvadd (bvadd (ite (= (ite (distinct v0_v0 #b11111111111111111111111111111111) #b00000000000000000000000000000001 #b00000000000000000000000000000000) #b00000000000000000000000000000000) #b00000000000000000000000000000001 #b00000000000000000000000000000000) (ite (= (ite (distinct v1_el0_v0 #b11111111111111111111111111111111) #b00000000000000000000000000000001 #b00000000000000000000000000000000) #b00000000000000000000000000000000) #b00000000000000000000000000000001 #b00000000000000000000000000000000)) (ite (= (ite (distinct v2_v0 #b11111111111111111111111111111111) #b00000000000000000000000000000001 #b00000000000000000000000000000000) #b00000000000000000000000000000000) #b00000000000000000000000000000001 #b00000000000000000000000000000000)) (ite (= (ite (distinct v3_v0 #b11111111111111111111111111111111) #b00000000000000000000000000000001 #b00000000000000000000000000000000) #b00000000000000000000000000000000) #b00000000000000000000000000000001 #b00000000000000000000000000000000)) (ite (= (ite (distinct v4_v0 #b11111111111111111111111111111111) #b00000000000000000000000000000001 #b00000000000000000000000000000000) #b00000000000000000000000000000000) #b00000000000000000000000000000001 #b00000000000000000000000000000000)) (ite (= (ite (distinct v5_v0 #b11111111111111111111111111111110) #b00000000000000000000000000000001 #b00000000000000000000000000000000) #b00000000000000000000000000000000) #b00000000000000000000000000000001 #b00000000000000000000000000000000)) #b00000000000000000000000000000011)
```
Constraint stats: asserted=43 addCalls=46 skippedTrue=0 deduped=3 ensureInRangeCalls=63 boundedAlready=0 uniqueConstraintIds=43 uniqueBoundedIds=0 (solverAsserted=42)
Bitwuzla check_sat time: 2ms
Bitwuzla statistics: preprocess::contradicting_ands::num_substs=0 preprocess::contradicting_ands::time_apply=0ms preprocess::elim_extract::num_elim=0 preprocess::elim_extract::time_apply=0ms preprocess::elim_lambda::time_apply=0ms preprocess::elim_udiv::num_eliminated=0 preprocess::elim_udiv::time_apply=0ms preprocess::embedded_constraints::num_substs=4 preprocess::embedded_constraints::time_apply=0ms preprocess::flatten_and::num_assertions=8 preprocess::flatten_and::num_flattened=4 preprocess::flatten_and::time_apply=0ms preprocess::lambda::num_elim=0 preprocess::normalize::num_common_normalizations=0 preprocess::normalize::num_normalizations=6 preprocess::normalize::num_normalized_assertions=0 preprocess::normalize::num_pass1=0 preprocess::normalize::num_pass2=0 preprocess::normalize::time_adder_chains=0ms preprocess::normalize::time_apply=2ms preprocess::normalize::time_compute_occs=0ms preprocess::normalize::time_normalize_add=0ms preprocess::normalize::time_normalize_mul=0ms preprocess::normalize::time_score=1ms preprocess::rewrite::time_apply=0ms preprocess::skeleton_preproc::cnf::clauses=58 preprocess::skeleton_preproc::cnf::lits=114 preprocess::skeleton_preproc::new_assertions=0 preprocess::skeleton_preproc::resets=1 preprocess::skeleton_preproc::time_apply=0ms preprocess::skeleton_preproc::time_encode=0ms preprocess::skeleton_preproc::time_fixed=0ms preprocess::skeleton_preproc::time_sat=0ms preprocess::uninterpreted::num_substs=0 preprocess::uninterpreted::time_apply=0ms preprocess::varsubst::normalize_bv_ineq::num_slt=0 preprocess::varsubst::normalize_bv_ineq::num_ult=0 preprocess::varsubst::normalize_eq::num_bv_concat=0 preprocess::varsubst::normalize_eq::num_gauss_elim=0 preprocess::varsubst::normalize_eq::num_linear_eq=0 preprocess::varsubst::num_substs=17 preprocess::varsubst::time_apply=0ms preprocess::varsubst::time_direct_cycle_check=0ms preprocess::varsubst::time_find_substitution=0ms preprocess::varsubst::time_find_vars=0ms preprocess::varsubst::time_register=0ms preprocess::varsubst::time_remove_cycles=0ms preprocess::varsubst::time_substitute=0ms preprocessor::num_iterations=3 preprocessor::time_preprocess=4ms preprocessor::time_process=0ms rewriter::(normalize)::num_evals=0 rewriter::(normalize)::num_rewrites=56 rewriter::(normalize)::rewrite::BV_ADD_CONST=1 rewriter::(normalize)::rewrite::BV_ADD_EVAL=2 rewriter::(normalize)::rewrite::BV_ADD_SPECIAL_CONST=6 rewriter::(normalize)::rewrite::BV_MUL_ONES=4 rewriter::(normalize)::rewrite::BV_NEG_ELIM=4 rewriter::(normalize)::rewrite::BV_NOT_BV_NOT=8 rewriter::(normalize)::rewrite::NORMALIZE_COMM=31 rewriter::num_evals=0 rewriter::num_rewrites=542 rewriter::rewrite::AND_SPECIAL_CONST=47 rewriter::rewrite::BV_ADD_CONST=8 rewriter::rewrite::BV_ADD_EVAL=14 rewriter::rewrite::BV_ADD_ITE2=19 rewriter::rewrite::BV_ADD_SPECIAL_CONST=19 rewriter::rewrite::BV_AND_EVAL=1 rewriter::rewrite::BV_AND_SPECIAL_CONST=31 rewriter::rewrite::BV_CONCAT_EVAL=2 rewriter::rewrite::BV_EXTRACT_EVAL=36 rewriter::rewrite::BV_EXTRACT_FULL=1 rewriter::rewrite::BV_MUL_ONES=2 rewriter::rewrite::BV_NEG_ELIM=12 rewriter::rewrite::BV_NOT_BV_NOT=20 rewriter::rewrite::BV_NOT_EVAL=7 rewriter::rewrite::BV_OR_ELIM=2 rewriter::rewrite::BV_SADDO_ELIM=9 rewriter::rewrite::BV_SDIVO_ELIM=5 rewriter::rewrite::BV_SDIV_ELIM=2 rewriter::rewrite::BV_SIGN_EXTEND_ELIM=4 rewriter::rewrite::BV_SLE_ELIM=5 rewriter::rewrite::BV_SLT_EVAL=2 rewriter::rewrite::BV_SMULO_ELIM=1 rewriter::rewrite::BV_SREM_ELIM=3 rewriter::rewrite::BV_SSUBO_ELIM=1 rewriter::rewrite::BV_SUB_ELIM=1 rewriter::rewrite::BV_UDIV_EVAL=2 rewriter::rewrite::BV_XOR_EVAL=1 rewriter::rewrite::BV_XOR_SPECIAL_CONST=2 rewriter::rewrite::DISTINCT_ELIM=17 rewriter::rewrite::EQUAL_CONST_BV_NOT=2 rewriter::rewrite::EQUAL_EVAL=12 rewriter::rewrite::EQUAL_ITE_SAME=12 rewriter::rewrite::EQUAL_SPECIAL_CONST=1 rewriter::rewrite::EQUAL_TRUE=4 rewriter::rewrite::ITE_EVAL=13 rewriter::rewrite::NORMALIZE_COMM=167 rewriter::rewrite::NOT_EQUAL_BV1_BOOL=9 rewriter::rewrite::NOT_EVAL=2 rewriter::rewrite::NOT_NOT=22 rewriter::rewrite::OR_ELIM=22 solver::abstract::num_checks=2 solver::abstract::terms::total=0 solver::abstract::time_check=0ms solver::array::equalities=0 solver::array::num_checks=0 solver::array::propagations=0 solver::array::propagations_down=0 solver::array::propagations_up=0 solver::array::selects=0 solver::array::time_check=0ms solver::bv::bitblast::aig::num_ands=36563 solver::bv::bitblast::aig::num_consts=192 solver::bv::bitblast::aig::num_shared=8202 solver::bv::bitblast::aig::time_bitblast=4ms solver::bv::bitblast::cnf::num_clauses=89365 solver::bv::bitblast::cnf::num_literals=218775 solver::bv::bitblast::cnf::num_vars=28680 solver::bv::bitblast::cnf::time_encode=31ms solver::bv::bitblast::sat::time_solve=5ms solver::bv::num_assertions=18 solver::bv::num_checks=2 solver::bv::time_check=36ms solver::engine::lemmas::abstr=0 solver::engine::lemmas::array=0 solver::engine::lemmas::fp=0 solver::engine::lemmas::fun=0 solver::engine::lemmas::quant=0 solver::engine::lemmas::total=0 solver::engine::time_register_term=0ms solver::engine::time_solve=41ms solver::fun::num_checks=2 solver::fun::time_check=0ms solver::quant::mbqi_checks=0 solver::quant::num_lemma_iterations=0 solver::quant::num_lemmas=0 solver::quant::time_check=0ms solver::quant::time_mbqi=0ms solver::quant::time_process=0ms solving_context::max_memory=45109248 solving_context::time_ensure_model=0ms solving_context::time_solve=45ms
SAT
Extract initialization: param=v0, value=1
Extract initialization: param=v1, value=1
Extract initialization: param=v2, value=0
Extract initialization: param=v3, value=1
Extract initialization: param=v4, value=0
Extract initialization: param=v5, value=1
Extract finalization: param=v0, value=-1
Extract finalization: param=v1, value=1
Extract finalization: param=v2, value=-3
Extract finalization: param=v3, value=1
Extract finalization: param=v4, value=0
Extract finalization: param=v5, value=-2
