----FunPlus: Generate Function func_0g6z1t_0------------------------------------------------
------GraphPlus::Generate----------------------------------------------
Randomly generating a graph with 15 nodes
------CfgSketch::GenerateReduLoop----------------------------------------------
--------GraphPlus::Generate--------------------------------------------
Randomly generating a graph with 4 nodes
Removing cycles from the generated graph
Started replacing bimpo #3 (successors=[13]) with a reducible loop of size=5
Updated 11 bimpos' indices by +4 if it is behind #3 in our unflattened CFG
Updated 18 bimpos' successors by +4 if it is behind #3 in our flattened CFG
Updated the successors of the loop's latch to [3, 7]
Updated the successors of the loop's exit to [17]
Constructed the basic blocks of the newly inserted loop
Inserted all the loop's basic blocks into the flattened CFG
------CfgSketch: Unflattened CFG Sketch----------------------------------------------
Bimpo: type=0, id=0, size=1, start=0
Bimpo: type=0, id=1, size=1, start=1
Bimpo: type=0, id=2, size=1, start=2
Bimpo: type=1, id=3, size=5, start=3
Bimpo: type=0, id=4, size=1, start=8
Bimpo: type=0, id=5, size=1, start=9
Bimpo: type=0, id=6, size=1, start=10
Bimpo: type=0, id=7, size=1, start=11
Bimpo: type=0, id=8, size=1, start=12
Bimpo: type=0, id=9, size=1, start=13
Bimpo: type=0, id=10, size=1, start=14
Bimpo: type=0, id=11, size=1, start=15
Bimpo: type=0, id=12, size=1, start=16
Bimpo: type=0, id=13, size=1, start=17
Bimpo: type=0, id=14, size=1, start=18
------CfgSketch: Flattened CFG Sketch----------------------------------------------
Block: 0 -> [18]
Block: 1 -> [10, 14]
Block: 2 -> [8, 16]
Block: 3 -> [6]
Block: 4 -> [5, 6]
Block: 5 -> [6]
Block: 6 -> [3, 7]
Block: 7 -> [17]
Block: 8 -> [18]
Block: 9 -> [11, 16]
Block: 10 -> [11]
Block: 11 -> [8, 9]
Block: 12 -> [14]
Block: 13 -> [18]
Block: 14 -> [1]
Block: 15 -> [12]
Block: 16 -> [11, 18]
Block: 17 -> [3, 18]
Block: 18 -> []
------FunPlus: Generate Block #0----------------------------------------------
Generate assignment: 5 <- 4, 0
Generate assignment: 0 <- 1, 4
------FunPlus: Generate Block #1----------------------------------------------
Generate assignment: 1 <- 3, 5
Generate assignment: 7 <- 0, 7
Generate conditional: 1, 7, 2
------FunPlus: Generate Block #2----------------------------------------------
Generate assignment: 4 <- 3, 6
Generate assignment: 1 <- 3, 7
Generate conditional: 4, 1, 5
------FunPlus: Generate Block #3----------------------------------------------
Generate assignment: 1 <- 0, 5
Generate assignment: 5 <- 5, 6
------FunPlus: Generate Block #4----------------------------------------------
Generate assignment: 6 <- 6, 2
Generate assignment: 7 <- 4, 2
Generate conditional: 6, 7, 5
------FunPlus: Generate Block #5----------------------------------------------
Generate assignment: 1 <- 3, 6
Generate assignment: 5 <- 2, 4
------FunPlus: Generate Block #6----------------------------------------------
Generate assignment: 3 <- 2, 6
Generate assignment: 1 <- 2, 6
Generate conditional: 3, 1, 5
------FunPlus: Generate Block #7----------------------------------------------
Generate assignment: 7 <- 1, 5
Generate assignment: 1 <- 7, 5
------FunPlus: Generate Block #8----------------------------------------------
Generate assignment: 4 <- 3, 4
Generate assignment: 0 <- 0, 2
------FunPlus: Generate Block #9----------------------------------------------
Generate assignment: 3 <- 5, 7
Generate assignment: 4 <- 7, 1
Generate conditional: 3, 4, 2
------FunPlus: Generate Block #10----------------------------------------------
Generate assignment: 6 <- 1, 4
Generate assignment: 0 <- 4, 6
------FunPlus: Generate Block #11----------------------------------------------
Generate assignment: 2 <- 3, 0
Generate assignment: 0 <- 7, 2
Generate conditional: 2, 0, 4
------FunPlus: Generate Block #12----------------------------------------------
Generate assignment: 5 <- 4, 3
Generate assignment: 0 <- 6, 4
------FunPlus: Generate Block #13----------------------------------------------
Generate assignment: 7 <- 4, 0
Generate assignment: 3 <- 5, 3
------FunPlus: Generate Block #14----------------------------------------------
Generate assignment: 5 <- 5, 3
Generate assignment: 2 <- 0, 5
------FunPlus: Generate Block #15----------------------------------------------
Generate assignment: 6 <- 1, 6
Generate assignment: 1 <- 3, 1
------FunPlus: Generate Block #16----------------------------------------------
Generate assignment: 0 <- 6, 5
Generate assignment: 6 <- 4, 3
Generate conditional: 0, 6, 3
------FunPlus: Generate Block #17----------------------------------------------
Generate assignment: 6 <- 1, 2
Generate assignment: 2 <- 7, 5
Generate conditional: 6, 2, 3
------FunPlus: Generate Block #18----------------------------------------------
Generate assignment: 1 <- 7, 2
Generate assignment: 0 <- 6, 0
----SymExec: Solve------------------------------------------------
Execution Path: 0->18
------SymExec: Iteration 0----------------------------------------------
Generating or re-generating UB-free constraints
Initial constraints: 
```
(bvsle (bvadd (bvadd (bvadd (bvadd (bvadd (bvadd (bvadd (bvadd (bvadd (bvadd (bvadd (bvadd (bvadd (bvadd (ite (= v0_v0 #b00000000000000000000000000000000) #b00000000000000000000000000000001 #b00000000000000000000000000000000) (ite (= v1_v0 #b00000000000000000000000000000000) #b00000000000000000000000000000001 #b00000000000000000000000000000000)) (ite (= v2_el0_v0 #b00000000000000000000000000000000) #b00000000000000000000000000000001 #b00000000000000000000000000000000)) (ite (= v2_el1_v0 #b00000000000000000000000000000000) #b00000000000000000000000000000001 #b00000000000000000000000000000000)) (ite (= v3_el0_v0 #b00000000000000000000000000000000) #b00000000000000000000000000000001 #b00000000000000000000000000000000)) (ite (= v3_el1_v0 #b00000000000000000000000000000000) #b00000000000000000000000000000001 #b00000000000000000000000000000000)) (ite (= v3_el2_v0 #b00000000000000000000000000000000) #b00000000000000000000000000000001 #b00000000000000000000000000000000)) (ite (= v3_el3_v0 #b00000000000000000000000000000000) #b00000000000000000000000000000001 #b00000000000000000000000000000000)) (ite (= v3_el4_v0 #b00000000000000000000000000000000) #b00000000000000000000000000000001 #b00000000000000000000000000000000)) (ite (= v3_el5_v0 #b00000000000000000000000000000000) #b00000000000000000000000000000001 #b00000000000000000000000000000000)) (ite (= v3_el6_v0 #b00000000000000000000000000000000) #b00000000000000000000000000000001 #b00000000000000000000000000000000)) (ite (= v3_el7_v0 #b00000000000000000000000000000000) #b00000000000000000000000000000001 #b00000000000000000000000000000000)) (ite (= v3_el8_v0 #b00000000000000000000000000000000) #b00000000000000000000000000000001 #b00000000000000000000000000000000)) (ite (= v4_v0 #b00000000000000000000000000000000) #b00000000000000000000000000000001 #b00000000000000000000000000000000)) (ite (= v5_v0 #b00000000000000000000000000000000) #b00000000000000000000000000000001 #b00000000000000000000000000000000)) #b00000000000000000000000000000111)
```
Final constraints: 
```
(bvsle (bvadd (bvadd (bvadd (bvadd (bvadd (bvadd (bvadd (bvadd (bvadd (bvadd (bvadd (bvadd (bvadd (bvadd (ite (= v0_v0 #b00000000000000000000000000000000) #b00000000000000000000000000000001 #b00000000000000000000000000000000) (ite (= v1_v0 #b00000000000000000000000000000000) #b00000000000000000000000000000001 #b00000000000000000000000000000000)) (ite (= v2_el0_v0 #b00000000000000000000000000000000) #b00000000000000000000000000000001 #b00000000000000000000000000000000)) (ite (= v2_el1_v0 #b00000000000000000000000000000000) #b00000000000000000000000000000001 #b00000000000000000000000000000000)) (ite (= v3_el0_v0 #b00000000000000000000000000000000) #b00000000000000000000000000000001 #b00000000000000000000000000000000)) (ite (= v3_el1_v0 #b00000000000000000000000000000000) #b00000000000000000000000000000001 #b00000000000000000000000000000000)) (ite (= v3_el2_v0 #b00000000000000000000000000000000) #b00000000000000000000000000000001 #b00000000000000000000000000000000)) (ite (= v3_el3_v0 #b00000000000000000000000000000000) #b00000000000000000000000000000001 #b00000000000000000000000000000000)) (ite (= v3_el4_v0 #b00000000000000000000000000000000) #b00000000000000000000000000000001 #b00000000000000000000000000000000)) (ite (= v3_el5_v0 #b00000000000000000000000000000000) #b00000000000000000000000000000001 #b00000000000000000000000000000000)) (ite (= v3_el6_v0 #b00000000000000000000000000000000) #b00000000000000000000000000000001 #b00000000000000000000000000000000)) (ite (= v3_el7_v0 #b00000000000000000000000000000000) #b00000000000000000000000000000001 #b00000000000000000000000000000000)) (ite (= v3_el8_v0 #b00000000000000000000000000000000) #b00000000000000000000000000000001 #b00000000000000000000000000000000)) (ite (= v4_v0 #b00000000000000000000000000000000) #b00000000000000000000000000000001 #b00000000000000000000000000000000)) (ite (= v5_v0 #b00000000000000000000000000000000) #b00000000000000000000000000000001 #b00000000000000000000000000000000)) #b00000000000000000000000000000111)
(= v6_v0 init_var6)
(= v7_el0_v0 init_var7_el0)
(= v7_el1_v0 init_var7_el1)
(bvsle (bvadd (ite (= init_var7_el0 #b00000000000000000000000000000000) #b00000000000000000000000000000001 #b00000000000000000000000000000000) (ite (= init_var7_el1 #b00000000000000000000000000000000) #b00000000000000000000000000000001 #b00000000000000000000000000000000)) #b00000000000000000000000000000001)
(not (bvsaddo a0_0_1 v4_v0))
(not (bvsaddo a0_0_2 v0_v0))
(not (bvssubo (bvadd a0_0_1 v4_v0) (bvadd a0_0_2 v0_v0)))
(not (bvssubo (bvsub (bvadd a0_0_1 v4_v0) (bvadd a0_0_2 v0_v0)) a0_0))
(bvsle (bvadd (bvadd (ite (= a0_0_1 #b00000000000000000000000000000000) #b00000000000000000000000000000001 #b00000000000000000000000000000000) (ite (= a0_0_2 #b00000000000000000000000000000000) #b00000000000000000000000000000001 #b00000000000000000000000000000000)) (ite (= a0_0 #b00000000000000000000000000000000) #b00000000000000000000000000000001 #b00000000000000000000000000000000)) #b00000000000000000000000000000001)
(= v5_v1 (bvsub (bvsub (bvadd a0_0_1 v4_v0) (bvadd a0_0_2 v0_v0)) a0_0))
(not (bvsmulo a0_1_1 v1_v0))
(distinct v4_v0 #b00000000000000000000000000000000)
(not (bvsdivo a0_1_2 v4_v0))
(not (bvssubo (bvmul a0_1_1 v1_v0) (bvsdiv a0_1_2 v4_v0)))
(not (bvssubo (bvsub (bvmul a0_1_1 v1_v0) (bvsdiv a0_1_2 v4_v0)) a0_1))
(bvsle (bvadd (bvadd (ite (= a0_1_1 #b00000000000000000000000000000000) #b00000000000000000000000000000001 #b00000000000000000000000000000000) (ite (= a0_1_2 #b00000000000000000000000000000000) #b00000000000000000000000000000001 #b00000000000000000000000000000000)) (ite (= a0_1 #b00000000000000000000000000000000) #b00000000000000000000000000000001 #b00000000000000000000000000000000)) #b00000000000000000000000000000001)
(= v0_v1 (bvsub (bvsub (bvmul a0_1_1 v1_v0) (bvsdiv a0_1_2 v4_v0)) a0_1))
(not (bvsmulo a18_0_1 v7_el1_v0))
(distinct v2_el1_v0 #b00000000000000000000000000000000)
(not (bvsdivo a18_0_2 v2_el1_v0))
(not (bvsaddo (bvmul a18_0_1 v7_el1_v0) (bvsrem a18_0_2 v2_el1_v0)))
(not (bvsaddo (bvadd (bvmul a18_0_1 v7_el1_v0) (bvsrem a18_0_2 v2_el1_v0)) a18_0))
(bvsle (bvadd (bvadd (ite (= a18_0_1 #b00000000000000000000000000000000) #b00000000000000000000000000000001 #b00000000000000000000000000000000) (ite (= a18_0_2 #b00000000000000000000000000000000) #b00000000000000000000000000000001 #b00000000000000000000000000000000)) (ite (= a18_0 #b00000000000000000000000000000000) #b00000000000000000000000000000001 #b00000000000000000000000000000000)) #b00000000000000000000000000000001)
(= v1_v1 (bvadd (bvadd (bvmul a18_0_1 v7_el1_v0) (bvsrem a18_0_2 v2_el1_v0)) a18_0))
(not (bvsaddo a18_1_1 v6_v0))
(not (bvsmulo a18_1_2 v0_v1))
(not (bvsaddo (bvadd a18_1_1 v6_v0) (bvmul a18_1_2 v0_v1)))
(not (bvsaddo (bvadd (bvadd a18_1_1 v6_v0) (bvmul a18_1_2 v0_v1)) a18_1))
(bvsle (bvadd (bvadd (ite (= a18_1_1 #b00000000000000000000000000000000) #b00000000000000000000000000000001 #b00000000000000000000000000000000) (ite (= a18_1_2 #b00000000000000000000000000000000) #b00000000000000000000000000000001 #b00000000000000000000000000000000)) (ite (= a18_1 #b00000000000000000000000000000000) #b00000000000000000000000000000001 #b00000000000000000000000000000000)) #b00000000000000000000000000000001)
(= v0_v2 (bvadd (bvadd (bvadd a18_1_1 v6_v0) (bvmul a18_1_2 v0_v1)) a18_1))
```
Optimized constraints: 
```
(bvsle (bvadd (bvadd (bvadd (bvadd (bvadd (bvadd (bvadd (bvadd (bvadd (bvadd (bvadd (bvadd (bvadd (bvadd (ite (= v0_v0 #b00000000000000000000000000000000) #b00000000000000000000000000000001 #b00000000000000000000000000000000) (ite (= v1_v0 #b00000000000000000000000000000000) #b00000000000000000000000000000001 #b00000000000000000000000000000000)) (ite (= v2_el0_v0 #b00000000000000000000000000000000) #b00000000000000000000000000000001 #b00000000000000000000000000000000)) (ite (= v2_el1_v0 #b00000000000000000000000000000000) #b00000000000000000000000000000001 #b00000000000000000000000000000000)) (ite (= v3_el0_v0 #b00000000000000000000000000000000) #b00000000000000000000000000000001 #b00000000000000000000000000000000)) (ite (= v3_el1_v0 #b00000000000000000000000000000000) #b00000000000000000000000000000001 #b00000000000000000000000000000000)) (ite (= v3_el2_v0 #b00000000000000000000000000000000) #b00000000000000000000000000000001 #b00000000000000000000000000000000)) (ite (= v3_el3_v0 #b00000000000000000000000000000000) #b00000000000000000000000000000001 #b00000000000000000000000000000000)) (ite (= v3_el4_v0 #b00000000000000000000000000000000) #b00000000000000000000000000000001 #b00000000000000000000000000000000)) (ite (= v3_el5_v0 #b00000000000000000000000000000000) #b00000000000000000000000000000001 #b00000000000000000000000000000000)) (ite (= v3_el6_v0 #b00000000000000000000000000000000) #b00000000000000000000000000000001 #b00000000000000000000000000000000)) (ite (= v3_el7_v0 #b00000000000000000000000000000000) #b00000000000000000000000000000001 #b00000000000000000000000000000000)) (ite (= v3_el8_v0 #b00000000000000000000000000000000) #b00000000000000000000000000000001 #b00000000000000000000000000000000)) (ite (= v4_v0 #b00000000000000000000000000000000) #b00000000000000000000000000000001 #b00000000000000000000000000000000)) (ite (= v5_v0 #b00000000000000000000000000000000) #b00000000000000000000000000000001 #b00000000000000000000000000000000)) #b00000000000000000000000000000111)
(= v6_v0 init_var6)
(= v7_el0_v0 init_var7_el0)
(= v7_el1_v0 init_var7_el1)
(bvsle (bvadd (ite (= init_var7_el0 #b00000000000000000000000000000000) #b00000000000000000000000000000001 #b00000000000000000000000000000000) (ite (= init_var7_el1 #b00000000000000000000000000000000) #b00000000000000000000000000000001 #b00000000000000000000000000000000)) #b00000000000000000000000000000001)
(not (bvsaddo a0_0_1 v4_v0))
(not (bvsaddo a0_0_2 v0_v0))
(not (bvssubo (bvadd a0_0_1 v4_v0) (bvadd a0_0_2 v0_v0)))
(not (bvssubo (bvsub (bvadd a0_0_1 v4_v0) (bvadd a0_0_2 v0_v0)) a0_0))
(bvsle (bvadd (bvadd (ite (= a0_0_1 #b00000000000000000000000000000000) #b00000000000000000000000000000001 #b00000000000000000000000000000000) (ite (= a0_0_2 #b00000000000000000000000000000000) #b00000000000000000000000000000001 #b00000000000000000000000000000000)) (ite (= a0_0 #b00000000000000000000000000000000) #b00000000000000000000000000000001 #b00000000000000000000000000000000)) #b00000000000000000000000000000001)
(= v5_v1 (bvsub (bvsub (bvadd a0_0_1 v4_v0) (bvadd a0_0_2 v0_v0)) a0_0))
(not (bvsmulo a0_1_1 v1_v0))
(distinct v4_v0 #b00000000000000000000000000000000)
(not (bvsdivo a0_1_2 v4_v0))
(not (bvssubo (bvmul a0_1_1 v1_v0) (bvsdiv a0_1_2 v4_v0)))
(not (bvssubo (bvsub (bvmul a0_1_1 v1_v0) (bvsdiv a0_1_2 v4_v0)) a0_1))
(bvsle (bvadd (bvadd (ite (= a0_1_1 #b00000000000000000000000000000000) #b00000000000000000000000000000001 #b00000000000000000000000000000000) (ite (= a0_1_2 #b00000000000000000000000000000000) #b00000000000000000000000000000001 #b00000000000000000000000000000000)) (ite (= a0_1 #b00000000000000000000000000000000) #b00000000000000000000000000000001 #b00000000000000000000000000000000)) #b00000000000000000000000000000001)
(= v0_v1 (bvsub (bvsub (bvmul a0_1_1 v1_v0) (bvsdiv a0_1_2 v4_v0)) a0_1))
(not (bvsmulo a18_0_1 v7_el1_v0))
(distinct v2_el1_v0 #b00000000000000000000000000000000)
(not (bvsdivo a18_0_2 v2_el1_v0))
(not (bvsaddo (bvmul a18_0_1 v7_el1_v0) (bvsrem a18_0_2 v2_el1_v0)))
(not (bvsaddo (bvadd (bvmul a18_0_1 v7_el1_v0) (bvsrem a18_0_2 v2_el1_v0)) a18_0))
(bvsle (bvadd (bvadd (ite (= a18_0_1 #b00000000000000000000000000000000) #b00000000000000000000000000000001 #b00000000000000000000000000000000) (ite (= a18_0_2 #b00000000000000000000000000000000) #b00000000000000000000000000000001 #b00000000000000000000000000000000)) (ite (= a18_0 #b00000000000000000000000000000000) #b00000000000000000000000000000001 #b00000000000000000000000000000000)) #b00000000000000000000000000000001)
(= v1_v1 (bvadd (bvadd (bvmul a18_0_1 v7_el1_v0) (bvsrem a18_0_2 v2_el1_v0)) a18_0))
(not (bvsaddo a18_1_1 v6_v0))
(not (bvsmulo a18_1_2 v0_v1))
(not (bvsaddo (bvadd a18_1_1 v6_v0) (bvmul a18_1_2 v0_v1)))
(not (bvsaddo (bvadd (bvadd a18_1_1 v6_v0) (bvmul a18_1_2 v0_v1)) a18_1))
(bvsle (bvadd (bvadd (ite (= a18_1_1 #b00000000000000000000000000000000) #b00000000000000000000000000000001 #b00000000000000000000000000000000) (ite (= a18_1_2 #b00000000000000000000000000000000) #b00000000000000000000000000000001 #b00000000000000000000000000000000)) (ite (= a18_1 #b00000000000000000000000000000000) #b00000000000000000000000000000001 #b00000000000000000000000000000000)) #b00000000000000000000000000000001)
(= v0_v2 (bvadd (bvadd (bvadd a18_1_1 v6_v0) (bvmul a18_1_2 v0_v1)) a18_1))
```
Constraint stats: asserted=31 addCalls=31 skippedTrue=0 deduped=0 ensureInRangeCalls=48 boundedAlready=0 uniqueConstraintIds=31 uniqueBoundedIds=0 (solverAsserted=0)
Bitwuzla check_sat time: 58ms
Bitwuzla statistics: preprocess::contradicting_ands::num_substs=0 preprocess::contradicting_ands::time_apply=0ms preprocess::elim_extract::num_elim=0 preprocess::elim_extract::time_apply=0ms preprocess::elim_lambda::time_apply=0ms preprocess::elim_udiv::num_eliminated=0 preprocess::elim_udiv::time_apply=0ms preprocess::embedded_constraints::num_substs=2 preprocess::embedded_constraints::time_apply=1ms preprocess::flatten_and::num_assertions=115 preprocess::flatten_and::num_flattened=101 preprocess::flatten_and::time_apply=0ms preprocess::lambda::num_elim=0 preprocess::normalize::num_common_normalizations=5 preprocess::normalize::num_normalizations=20 preprocess::normalize::num_normalized_assertions=15 preprocess::normalize::num_pass1=0 preprocess::normalize::num_pass2=1 preprocess::normalize::time_adder_chains=0ms preprocess::normalize::time_apply=12ms preprocess::normalize::time_compute_occs=0ms preprocess::normalize::time_normalize_add=0ms preprocess::normalize::time_normalize_mul=0ms preprocess::normalize::time_score=9ms preprocess::rewrite::time_apply=1ms preprocess::skeleton_preproc::cnf::clauses=265 preprocess::skeleton_preproc::cnf::lits=449 preprocess::skeleton_preproc::new_assertions=0 preprocess::skeleton_preproc::resets=1 preprocess::skeleton_preproc::time_apply=0ms preprocess::skeleton_preproc::time_encode=0ms preprocess::skeleton_preproc::time_fixed=0ms preprocess::skeleton_preproc::time_sat=0ms preprocess::uninterpreted::num_substs=0 preprocess::uninterpreted::time_apply=0ms preprocess::varsubst::normalize_bv_ineq::num_slt=0 preprocess::varsubst::normalize_bv_ineq::num_ult=0 preprocess::varsubst::normalize_eq::num_bv_concat=0 preprocess::varsubst::normalize_eq::num_gauss_elim=4 preprocess::varsubst::normalize_eq::num_linear_eq=4 preprocess::varsubst::num_substs=7 preprocess::varsubst::time_apply=0ms preprocess::varsubst::time_direct_cycle_check=0ms preprocess::varsubst::time_find_substitution=0ms preprocess::varsubst::time_find_vars=0ms preprocess::varsubst::time_register=0ms preprocess::varsubst::time_remove_cycles=0ms preprocess::varsubst::time_substitute=0ms preprocessor::num_iterations=2 preprocessor::time_preprocess=16ms preprocessor::time_process=0ms rewriter::(normalize)::num_evals=0 rewriter::(normalize)::num_rewrites=124 rewriter::(normalize)::rewrite::BV_ADD_SPECIAL_CONST=16 rewriter::(normalize)::rewrite::BV_MUL_ONES=3 rewriter::(normalize)::rewrite::BV_NEG_ELIM=3 rewriter::(normalize)::rewrite::BV_NOT_BV_NOT=19 rewriter::(normalize)::rewrite::NORMALIZE_COMM=83 rewriter::eval::BV_MUL_EVAL=1 rewriter::eval::BV_NEG_EVAL=1 rewriter::eval::BV_SHL_EVAL=1 rewriter::eval::EQUAL_EVAL=2 rewriter::eval::IMPLIES_EVAL=1 rewriter::num_evals=6 rewriter::num_rewrites=1170 rewriter::rewrite::BV_ADD_EVAL=2 rewriter::rewrite::BV_ADD_ITE2=29 rewriter::rewrite::BV_ADD_SPECIAL_CONST=28 rewriter::rewrite::BV_EXTRACT_ADD_MUL=5 rewriter::rewrite::BV_EXTRACT_EVAL=1 rewriter::rewrite::BV_EXTRACT_FULL=6 rewriter::rewrite::BV_MUL_ONE=4 rewriter::rewrite::BV_MUL_POW2=5 rewriter::rewrite::BV_NEG_ELIM=21 rewriter::rewrite::BV_NOT_BV_NOT=214 rewriter::rewrite::BV_NOT_EVAL=2 rewriter::rewrite::BV_OR_ELIM=177 rewriter::rewrite::BV_SADDO_ELIM=7 rewriter::rewrite::BV_SDIVO_ELIM=2 rewriter::rewrite::BV_SDIV_ELIM=1 rewriter::rewrite::BV_SHL_CONST=5 rewriter::rewrite::BV_SHL_SPECIAL_CONST=3 rewriter::rewrite::BV_SIGN_EXTEND_ELIM=12 rewriter::rewrite::BV_SLE_ELIM=6 rewriter::rewrite::BV_SMULO_ELIM=3 rewriter::rewrite::BV_SREM_ELIM=1 rewriter::rewrite::BV_SSUBO_ELIM=4 rewriter::rewrite::BV_SUB_ELIM=8 rewriter::rewrite::DISTINCT_ELIM=2 rewriter::rewrite::EQUAL_BV_SUB=7 rewriter::rewrite::EQUAL_CONST_BV_NOT=93 rewriter::rewrite::EQUAL_SPECIAL_CONST=6 rewriter::rewrite::EQUAL_TRUE=5 rewriter::rewrite::IMPLIES_ELIM=3 rewriter::rewrite::ITE_EVAL=2 rewriter::rewrite::NORMALIZE_COMM=459 rewriter::rewrite::NOT_EQUAL_BV1_BOOL=25 rewriter::rewrite::NOT_NOT=11 rewriter::rewrite::OR_ELIM=11 solver::abstract::lemmas::MUL_NEG_POW2=3 solver::abstract::num_checks=2 solver::abstract::terms::BV_MUL=3 solver::abstract::terms::total=3 solver::abstract::time_check=0ms solver::array::equalities=0 solver::array::num_checks=0 solver::array::propagations=0 solver::array::propagations_down=0 solver::array::propagations_up=0 solver::array::selects=0 solver::array::time_check=0ms solver::bv::bitblast::aig::num_ands=38095 solver::bv::bitblast::aig::num_consts=1059 solver::bv::bitblast::aig::num_shared=4022 solver::bv::bitblast::aig::time_bitblast=4ms solver::bv::bitblast::cnf::num_clauses=99606 solver::bv::bitblast::cnf::num_literals=239444 solver::bv::bitblast::cnf::num_vars=33284 solver::bv::bitblast::cnf::time_encode=30ms solver::bv::bitblast::sat::time_solve=3ms solver::bv::num_assertions=129 solver::bv::num_checks=2 solver::bv::time_check=34ms solver::engine::lemmas::abstr=3 solver::engine::lemmas::array=0 solver::engine::lemmas::fp=0 solver::engine::lemmas::fun=0 solver::engine::lemmas::quant=0 solver::engine::lemmas::total=3 solver::engine::time_register_term=0ms solver::engine::time_solve=41ms solver::fun::num_checks=1 solver::fun::time_check=0ms solver::quant::mbqi_checks=0 solver::quant::num_lemma_iterations=0 solver::quant::num_lemmas=0 solver::quant::time_check=0ms solver::quant::time_mbqi=0ms solver::quant::time_process=0ms solving_context::max_memory=36012032 solving_context::time_ensure_model=0ms solving_context::time_solve=58ms
SAT
Extract symbols: sym=init_var6, value=-1
Extract symbols: sym=init_var7_el0, value=-1
Extract symbols: sym=init_var7_el1, value=-1
Extract symbols: sym=a0_0_1, value=-1
Extract symbols: sym=a0_0_2, value=-1
Extract symbols: sym=a0_0, value=-1
Extract symbols: sym=a0_1_1, value=-1
Extract symbols: sym=a0_1_2, value=-1
Extract symbols: sym=a0_1, value=2
Extract symbols: sym=a1_0_1, value=<unresolved>
Extract symbols: sym=a1_0_2, value=<unresolved>
Extract symbols: sym=a1_0, value=<unresolved>
Extract symbols: sym=a1_1_1, value=<unresolved>
Extract symbols: sym=a1_1_2, value=<unresolved>
Extract symbols: sym=a1_1, value=<unresolved>
Extract symbols: sym=b1_2_1, value=<unresolved>
Extract symbols: sym=b1_2_2, value=<unresolved>
Extract symbols: sym=b1_2_3, value=<unresolved>
Extract symbols: sym=b1_2, value=<unresolved>
Extract symbols: sym=a2_0_1, value=<unresolved>
Extract symbols: sym=a2_0_2, value=<unresolved>
Extract symbols: sym=a2_0, value=<unresolved>
Extract symbols: sym=a2_1_1, value=<unresolved>
Extract symbols: sym=a2_1_2, value=<unresolved>
Extract symbols: sym=a2_1, value=<unresolved>
Extract symbols: sym=b2_2_1, value=<unresolved>
Extract symbols: sym=b2_2_2, value=<unresolved>
Extract symbols: sym=b2_2_3, value=<unresolved>
Extract symbols: sym=b2_2, value=<unresolved>
Extract symbols: sym=a3_0_1, value=<unresolved>
Extract symbols: sym=a3_0_2, value=<unresolved>
Extract symbols: sym=a3_0, value=<unresolved>
Extract symbols: sym=a3_1_1, value=<unresolved>
Extract symbols: sym=a3_1_2, value=<unresolved>
Extract symbols: sym=a3_1, value=<unresolved>
Extract symbols: sym=a4_0_1, value=<unresolved>
Extract symbols: sym=a4_0_2, value=<unresolved>
Extract symbols: sym=a4_0, value=<unresolved>
Extract symbols: sym=a4_1_1, value=<unresolved>
Extract symbols: sym=a4_1_2, value=<unresolved>
Extract symbols: sym=a4_1, value=<unresolved>
Extract symbols: sym=b4_2_1, value=<unresolved>
Extract symbols: sym=b4_2_2, value=<unresolved>
Extract symbols: sym=b4_2_3, value=<unresolved>
Extract symbols: sym=b4_2, value=<unresolved>
Extract symbols: sym=a5_0_1, value=<unresolved>
Extract symbols: sym=a5_0_2, value=<unresolved>
Extract symbols: sym=a5_0, value=<unresolved>
Extract symbols: sym=a5_1_1, value=<unresolved>
Extract symbols: sym=a5_1_2, value=<unresolved>
Extract symbols: sym=a5_1, value=<unresolved>
Extract symbols: sym=a6_0_1, value=<unresolved>
Extract symbols: sym=a6_0_2, value=<unresolved>
Extract symbols: sym=a6_0, value=<unresolved>
Extract symbols: sym=a6_1_1, value=<unresolved>
Extract symbols: sym=a6_1_2, value=<unresolved>
Extract symbols: sym=a6_1, value=<unresolved>
Extract symbols: sym=b6_2_1, value=<unresolved>
Extract symbols: sym=b6_2_2, value=<unresolved>
Extract symbols: sym=b6_2_3, value=<unresolved>
Extract symbols: sym=b6_2, value=<unresolved>
Extract symbols: sym=a7_0_1, value=<unresolved>
Extract symbols: sym=a7_0_2, value=<unresolved>
Extract symbols: sym=a7_0, value=<unresolved>
Extract symbols: sym=a7_1_1, value=<unresolved>
Extract symbols: sym=a7_1_2, value=<unresolved>
Extract symbols: sym=a7_1, value=<unresolved>
Extract symbols: sym=a8_0_1, value=<unresolved>
Extract symbols: sym=a8_0_2, value=<unresolved>
Extract symbols: sym=a8_0, value=<unresolved>
Extract symbols: sym=a8_1_1, value=<unresolved>
Extract symbols: sym=a8_1_2, value=<unresolved>
Extract symbols: sym=a8_1, value=<unresolved>
Extract symbols: sym=a9_0_1, value=<unresolved>
Extract symbols: sym=a9_0_2, value=<unresolved>
Extract symbols: sym=a9_0, value=<unresolved>
Extract symbols: sym=a9_1_1, value=<unresolved>
Extract symbols: sym=a9_1_2, value=<unresolved>
Extract symbols: sym=a9_1, value=<unresolved>
Extract symbols: sym=b9_2_1, value=<unresolved>
Extract symbols: sym=b9_2_2, value=<unresolved>
Extract symbols: sym=b9_2_3, value=<unresolved>
Extract symbols: sym=b9_2, value=<unresolved>
Extract symbols: sym=a10_0_1, value=<unresolved>
Extract symbols: sym=a10_0_2, value=<unresolved>
Extract symbols: sym=a10_0, value=<unresolved>
Extract symbols: sym=a10_1_1, value=<unresolved>
Extract symbols: sym=a10_1_2, value=<unresolved>
Extract symbols: sym=a10_1, value=<unresolved>
Extract symbols: sym=a11_0_1, value=<unresolved>
Extract symbols: sym=a11_0_2, value=<unresolved>
Extract symbols: sym=a11_0, value=<unresolved>
Extract symbols: sym=a11_1_1, value=<unresolved>
Extract symbols: sym=a11_1_2, value=<unresolved>
Extract symbols: sym=a11_1, value=<unresolved>
Extract symbols: sym=b11_2_1, value=<unresolved>
Extract symbols: sym=b11_2_2, value=<unresolved>
Extract symbols: sym=b11_2_3, value=<unresolved>
Extract symbols: sym=b11_2, value=<unresolved>
Extract symbols: sym=a12_0_1, value=<unresolved>
Extract symbols: sym=a12_0_2, value=<unresolved>
Extract symbols: sym=a12_0, value=<unresolved>
Extract symbols: sym=a12_1_1, value=<unresolved>
Extract symbols: sym=a12_1_2, value=<unresolved>
Extract symbols: sym=a12_1, value=<unresolved>
Extract symbols: sym=a13_0_1, value=<unresolved>
Extract symbols: sym=a13_0_2, value=<unresolved>
Extract symbols: sym=a13_0, value=<unresolved>
Extract symbols: sym=a13_1_1, value=<unresolved>
Extract symbols: sym=a13_1_2, value=<unresolved>
Extract symbols: sym=a13_1, value=<unresolved>
Extract symbols: sym=a14_0_1, value=<unresolved>
Extract symbols: sym=a14_0_2, value=<unresolved>
Extract symbols: sym=a14_0, value=<unresolved>
Extract symbols: sym=a14_1_1, value=<unresolved>
Extract symbols: sym=a14_1_2, value=<unresolved>
Extract symbols: sym=a14_1, value=<unresolved>
Extract symbols: sym=a15_0_1, value=<unresolved>
Extract symbols: sym=a15_0_2, value=<unresolved>
Extract symbols: sym=a15_0, value=<unresolved>
Extract symbols: sym=a15_1_1, value=<unresolved>
Extract symbols: sym=a15_1_2, value=<unresolved>
Extract symbols: sym=a15_1, value=<unresolved>
Extract symbols: sym=a16_0_1, value=<unresolved>
Extract symbols: sym=a16_0_2, value=<unresolved>
Extract symbols: sym=a16_0, value=<unresolved>
Extract symbols: sym=a16_1_1, value=<unresolved>
Extract symbols: sym=a16_1_2, value=<unresolved>
Extract symbols: sym=a16_1, value=<unresolved>
Extract symbols: sym=b16_2_1, value=<unresolved>
Extract symbols: sym=b16_2_2, value=<unresolved>
Extract symbols: sym=b16_2_3, value=<unresolved>
Extract symbols: sym=b16_2, value=<unresolved>
Extract symbols: sym=a17_0_1, value=<unresolved>
Extract symbols: sym=a17_0_2, value=<unresolved>
Extract symbols: sym=a17_0, value=<unresolved>
Extract symbols: sym=a17_1_1, value=<unresolved>
Extract symbols: sym=a17_1_2, value=<unresolved>
Extract symbols: sym=a17_1, value=<unresolved>
Extract symbols: sym=b17_2_1, value=<unresolved>
Extract symbols: sym=b17_2_2, value=<unresolved>
Extract symbols: sym=b17_2_3, value=<unresolved>
Extract symbols: sym=b17_2, value=<unresolved>
Extract symbols: sym=a18_0_1, value=-1
Extract symbols: sym=a18_0_2, value=-1
Extract symbols: sym=a18_0, value=-1
Extract symbols: sym=a18_1_1, value=-1
Extract symbols: sym=a18_1_2, value=-1
Extract symbols: sym=a18_1, value=-1
--------IntUBInject: Inject Int UBs to Block BB3--------------------------------------------
Collected constraints:
(bvsle v0_v0 #b001111111111111111111111111111111)
(bvsge v0_v0 #b110000000000000000000000000000000)
(bvsle v5_v0 #b001111111111111111111111111111111)
(bvsge v5_v0 #b110000000000000000000000000000000)
(bvsle v5_v0 #b001111111111111111111111111111111)
(bvsge v5_v0 #b110000000000000000000000000000000)
(bvsle v6_v0 #b001111111111111111111111111111111)
(bvsge v6_v0 #b110000000000000000000000000000000)
(bvsge a3_0_1 #b110000000000000000000000000000000)
(bvsle a3_0_1 #b001111111111111111111111111111111)
(bvsge a3_0_2 #b110000000000000000000000000000000)
(bvsle a3_0_2 #b001111111111111111111111111111111)
(distinct v5_v0 #b000000000000000000000000000000000)
(bvsge a3_0 #b110000000000000000000000000000000)
(bvsle a3_0 #b001111111111111111111111111111111)
(bvsle (bvadd (bvadd (ite (= a3_0_1 #b000000000000000000000000000000000) #b000000000000000000000000000000001 #b000000000000000000000000000000000) (ite (= a3_0_2 #b000000000000000000000000000000000) #b000000000000000000000000000000001 #b000000000000000000000000000000000)) (ite (= a3_0 #b000000000000000000000000000000000) #b000000000000000000000000000000001 #b000000000000000000000000000000000)) #b000000000000000000000000000000001)
(= v1_v1 (bvadd (bvadd a3_0 (bvsrem a3_0_2 v5_v0)) (bvadd a3_0_1 v0_v0)))
(bvsge a3_1_1 #b110000000000000000000000000000000)
(bvsle a3_1_1 #b001111111111111111111111111111111)
(bvsge a3_1_2 #b110000000000000000000000000000000)
(bvsle a3_1_2 #b001111111111111111111111111111111)
(bvsge a3_1 #b110000000000000000000000000000000)
(bvsle a3_1 #b001111111111111111111111111111111)
(bvsle (bvadd (bvadd (ite (= a3_1_1 #b000000000000000000000000000000000) #b000000000000000000000000000000001 #b000000000000000000000000000000000) (ite (= a3_1_2 #b000000000000000000000000000000000) #b000000000000000000000000000000001 #b000000000000000000000000000000000)) (ite (= a3_1 #b000000000000000000000000000000000) #b000000000000000000000000000000001 #b000000000000000000000000000000000)) #b000000000000000000000000000000001)
(= v5_v1 (bvsub (bvsub a3_1 (bvadd a3_1_2 v6_v0)) (bvmul a3_1_1 v5_v0)))
(let ((_let0 (bvadd (bvadd a3_0 (bvsrem a3_0_2 v5_v0)) (bvadd a3_0_1 v0_v0)))) (let ((_let1 (bvsub (bvsub a3_1 (bvadd a3_1_2 v6_v0)) (bvmul a3_1_1 v5_v0)))) (or (or false (or (bvsgt _let0 #b001111111111111111111111111111111) (bvslt _let0 #b110000000000000000000000000000000))) (or (bvsgt _let1 #b001111111111111111111111111111111) (bvslt _let1 #b110000000000000000000000000000000)))))
SAT
Adding initializations to ensure undefined behaviors
Let variable: var=v0, value=-2147483648
Let variable: var=v5, value=1
Let variable: var=v5, value=1
Let variable: var=v6, value=-1
Let symbol: sym=a3_0_1, value=-1
Let symbol: sym=a3_0_2, value=1
Let symbol: sym=a3_0, value=0
Let symbol: sym=a3_1_1, value=1
Let symbol: sym=a3_1_2, value=1
Let symbol: sym=a3_1, value=0
--------IntUBInject: Inject Int UBs to Block BB16--------------------------------------------
Collected constraints:
(bvsle v6_v0 #b001111111111111111111111111111111)
(bvsge v6_v0 #b110000000000000000000000000000000)
(bvsle v5_v0 #b001111111111111111111111111111111)
(bvsge v5_v0 #b110000000000000000000000000000000)
(bvsle v4_v0 #b001111111111111111111111111111111)
(bvsge v4_v0 #b110000000000000000000000000000000)
(bvsle v3_el8_v0 #b001111111111111111111111111111111)
(bvsge v3_el8_v0 #b110000000000000000000000000000000)
(bvsge a16_0_1 #b110000000000000000000000000000000)
(bvsle a16_0_1 #b001111111111111111111111111111111)
(distinct v6_v0 #b000000000000000000000000000000000)
(bvsge a16_0_2 #b110000000000000000000000000000000)
(bvsle a16_0_2 #b001111111111111111111111111111111)
(bvsge a16_0 #b110000000000000000000000000000000)
(bvsle a16_0 #b001111111111111111111111111111111)
(bvsle (bvadd (bvadd (ite (= a16_0_1 #b000000000000000000000000000000000) #b000000000000000000000000000000001 #b000000000000000000000000000000000) (ite (= a16_0_2 #b000000000000000000000000000000000) #b000000000000000000000000000000001 #b000000000000000000000000000000000)) (ite (= a16_0 #b000000000000000000000000000000000) #b000000000000000000000000000000001 #b000000000000000000000000000000000)) #b000000000000000000000000000000001)
(= v0_v1 (bvadd (bvadd a16_0 (bvmul a16_0_2 v5_v0)) (bvsdiv a16_0_1 v6_v0)))
(bvsge a16_1_1 #b110000000000000000000000000000000)
(bvsle a16_1_1 #b001111111111111111111111111111111)
(bvsge a16_1_2 #b110000000000000000000000000000000)
(bvsle a16_1_2 #b001111111111111111111111111111111)
(= #b000000000000000000000000000000010 #b000000000000000000000000000000010)
(= #b000000000000000000000000000000010 #b000000000000000000000000000000010)
(= #b000000000000000000000000000000000 #b000000000000000000000000000000000)
(distinct v3_el8_v0 #b000000000000000000000000000000000)
(bvsge a16_1 #b110000000000000000000000000000000)
(bvsle a16_1 #b001111111111111111111111111111111)
(bvsle (bvadd (bvadd (ite (= a16_1_1 #b000000000000000000000000000000000) #b000000000000000000000000000000001 #b000000000000000000000000000000000) (ite (= a16_1_2 #b000000000000000000000000000000000) #b000000000000000000000000000000001 #b000000000000000000000000000000000)) (ite (= a16_1 #b000000000000000000000000000000000) #b000000000000000000000000000000001 #b000000000000000000000000000000000)) #b000000000000000000000000000000001)
(= v6_v1 (bvsub (bvsub a16_1 (bvsdiv a16_1_2 v3_el8_v0)) (bvadd a16_1_1 v4_v0)))
(bvsge b16_2_1 #b110000000000000000000000000000000)
(bvsle b16_2_1 #b001111111111111111111111111111111)
(distinct v0_v1 #b000000000000000000000000000000000)
(bvsge b16_2_2 #b110000000000000000000000000000000)
(bvsle b16_2_2 #b001111111111111111111111111111111)
(bvsge b16_2_3 #b110000000000000000000000000000000)
(bvsle b16_2_3 #b001111111111111111111111111111111)
(= #b000000000000000000000000000000010 #b000000000000000000000000000000010)
(= #b000000000000000000000000000000010 #b000000000000000000000000000000010)
(= #b000000000000000000000000000000000 #b000000000000000000000000000000000)
(bvsge b16_2 #b110000000000000000000000000000000)
(bvsle b16_2 #b001111111111111111111111111111111)
(bvsle (bvadd (bvadd (bvadd (ite (= b16_2_1 #b000000000000000000000000000000000) #b000000000000000000000000000000001 #b000000000000000000000000000000000) (ite (= b16_2_2 #b000000000000000000000000000000000) #b000000000000000000000000000000001 #b000000000000000000000000000000000)) (ite (= b16_2_3 #b000000000000000000000000000000000) #b000000000000000000000000000000001 #b000000000000000000000000000000000)) (ite (= b16_2 #b000000000000000000000000000000000) #b000000000000000000000000000000001 #b000000000000000000000000000000000)) #b000000000000000000000000000000010)
(let ((_let0 (bvadd (bvadd a16_0 (bvmul a16_0_2 v5_v0)) (bvsdiv a16_0_1 v6_v0)))) (let ((_let1 (bvsub (bvsub a16_1 (bvsdiv a16_1_2 v3_el8_v0)) (bvadd a16_1_1 v4_v0)))) (let ((_let2 (bvsub (bvsub (bvsub b16_2 (bvsub b16_2_3 v3_el8_v0)) (bvadd b16_2_2 v6_v1)) (bvsdiv b16_2_1 v0_v1)))) (or (or (or false (or (bvsgt _let0 #b001111111111111111111111111111111) (bvslt _let0 #b110000000000000000000000000000000))) (or (bvsgt _let1 #b001111111111111111111111111111111) (bvslt _let1 #b110000000000000000000000000000000))) (or (bvsgt _let2 #b001111111111111111111111111111111) (bvslt _let2 #b110000000000000000000000000000000))))))
SAT
Adding initializations to ensure undefined behaviors
Let variable: var=v6, value=-1
Let variable: var=v5, value=-67108865
Let variable: var=v4, value=1073741828
Let variable: var=v3_el8, value=-1
Let symbol: sym=a16_0_1, value=-928339284
Let symbol: sym=a16_0_2, value=2
Let symbol: sym=a16_0, value=-257250642
Let symbol: sym=a16_1_1, value=2147483644
Let symbol: sym=a16_1_2, value=-2147483648
Let symbol: sym=a16_1, value=-1073741952
Let symbol: sym=b16_2_1, value=1073741826
Let symbol: sym=b16_2_2, value=-2147483648
Let symbol: sym=b16_2_3, value=-2147483522
Let symbol: sym=b16_2, value=1879048192
Define symbols: sym=a1_0_1, val=1011740756 (for unexecuted basic blocks)
Define symbols: sym=a1_0_2, val=181190366 (for unexecuted basic blocks)
Define symbols: sym=a1_0, val=1306169031 (for unexecuted basic blocks)
Define symbols: sym=a1_1_1, val=-1124525722 (for unexecuted basic blocks)
Define symbols: sym=a1_1_2, val=-1844749629 (for unexecuted basic blocks)
Define symbols: sym=a1_1, val=704661949 (for unexecuted basic blocks)
Define symbols: sym=b1_2_1, val=-759341700 (for unexecuted basic blocks)
Define symbols: sym=b1_2_2, val=-835329883 (for unexecuted basic blocks)
Define symbols: sym=b1_2_3, val=1228165639 (for unexecuted basic blocks)
Define symbols: sym=b1_2, val=-1086230818 (for unexecuted basic blocks)
Define symbols: sym=a2_0_1, val=2059214946 (for unexecuted basic blocks)
Define symbols: sym=a2_0_2, val=-2003307546 (for unexecuted basic blocks)
Define symbols: sym=a2_0, val=-837727810 (for unexecuted basic blocks)
Define symbols: sym=a2_1_1, val=151187512 (for unexecuted basic blocks)
Define symbols: sym=a2_1_2, val=2012881495 (for unexecuted basic blocks)
Define symbols: sym=a2_1, val=-11494829 (for unexecuted basic blocks)
Define symbols: sym=b2_2_1, val=-898686344 (for unexecuted basic blocks)
Define symbols: sym=b2_2_2, val=1699684126 (for unexecuted basic blocks)
Define symbols: sym=b2_2_3, val=625841016 (for unexecuted basic blocks)
Define symbols: sym=b2_2, val=530747399 (for unexecuted basic blocks)
Define symbols: sym=a4_0_1, val=-1591042392 (for unexecuted basic blocks)
Define symbols: sym=a4_0_2, val=-1659341686 (for unexecuted basic blocks)
Define symbols: sym=a4_0, val=2107541399 (for unexecuted basic blocks)
Define symbols: sym=a4_1_1, val=-1987059969 (for unexecuted basic blocks)
Define symbols: sym=a4_1_2, val=1474625446 (for unexecuted basic blocks)
Define symbols: sym=a4_1, val=547811269 (for unexecuted basic blocks)
Define symbols: sym=b4_2_1, val=166629648 (for unexecuted basic blocks)
Define symbols: sym=b4_2_2, val=782566967 (for unexecuted basic blocks)
Define symbols: sym=b4_2_3, val=-2146865855 (for unexecuted basic blocks)
Define symbols: sym=b4_2, val=-2100500484 (for unexecuted basic blocks)
Define symbols: sym=a5_0_1, val=-1677081073 (for unexecuted basic blocks)
Define symbols: sym=a5_0_2, val=24314911 (for unexecuted basic blocks)
Define symbols: sym=a5_0, val=-1152231477 (for unexecuted basic blocks)
Define symbols: sym=a5_1_1, val=825189041 (for unexecuted basic blocks)
Define symbols: sym=a5_1_2, val=987101822 (for unexecuted basic blocks)
Define symbols: sym=a5_1, val=1437463384 (for unexecuted basic blocks)
Define symbols: sym=a6_0_1, val=-1092240599 (for unexecuted basic blocks)
Define symbols: sym=a6_0_2, val=2128561633 (for unexecuted basic blocks)
Define symbols: sym=a6_0, val=-1388292136 (for unexecuted basic blocks)
Define symbols: sym=a6_1_1, val=531699386 (for unexecuted basic blocks)
Define symbols: sym=a6_1_2, val=-242418611 (for unexecuted basic blocks)
Define symbols: sym=a6_1, val=-704826698 (for unexecuted basic blocks)
Define symbols: sym=b6_2_1, val=-758152267 (for unexecuted basic blocks)
Define symbols: sym=b6_2_2, val=-1370422472 (for unexecuted basic blocks)
Define symbols: sym=b6_2_3, val=833074964 (for unexecuted basic blocks)
Define symbols: sym=b6_2, val=-389252278 (for unexecuted basic blocks)
Define symbols: sym=a7_0_1, val=885947174 (for unexecuted basic blocks)
Define symbols: sym=a7_0_2, val=-1208190551 (for unexecuted basic blocks)
Define symbols: sym=a7_0, val=1261154004 (for unexecuted basic blocks)
Define symbols: sym=a7_1_1, val=-1995739138 (for unexecuted basic blocks)
Define symbols: sym=a7_1_2, val=-443793405 (for unexecuted basic blocks)
Define symbols: sym=a7_1, val=-1632525004 (for unexecuted basic blocks)
Define symbols: sym=a8_0_1, val=376253754 (for unexecuted basic blocks)
Define symbols: sym=a8_0_2, val=869801393 (for unexecuted basic blocks)
Define symbols: sym=a8_0, val=633975068 (for unexecuted basic blocks)
Define symbols: sym=a8_1_1, val=1524262268 (for unexecuted basic blocks)
Define symbols: sym=a8_1_2, val=182854458 (for unexecuted basic blocks)
Define symbols: sym=a8_1, val=1368841349 (for unexecuted basic blocks)
Define symbols: sym=a9_0_1, val=-1193559796 (for unexecuted basic blocks)
Define symbols: sym=a9_0_2, val=2054904154 (for unexecuted basic blocks)
Define symbols: sym=a9_0, val=-1402305938 (for unexecuted basic blocks)
Define symbols: sym=a9_1_1, val=1101960135 (for unexecuted basic blocks)
Define symbols: sym=a9_1_2, val=1171900307 (for unexecuted basic blocks)
Define symbols: sym=a9_1, val=-2133541649 (for unexecuted basic blocks)
Define symbols: sym=b9_2_1, val=1801336691 (for unexecuted basic blocks)
Define symbols: sym=b9_2_2, val=211739088 (for unexecuted basic blocks)
Define symbols: sym=b9_2_3, val=-996158857 (for unexecuted basic blocks)
Define symbols: sym=b9_2, val=509296889 (for unexecuted basic blocks)
Define symbols: sym=a10_0_1, val=-1316653022 (for unexecuted basic blocks)
Define symbols: sym=a10_0_2, val=187825725 (for unexecuted basic blocks)
Define symbols: sym=a10_0, val=-432861868 (for unexecuted basic blocks)
Define symbols: sym=a10_1_1, val=603940306 (for unexecuted basic blocks)
Define symbols: sym=a10_1_2, val=-1993619874 (for unexecuted basic blocks)
Define symbols: sym=a10_1, val=-2143801938 (for unexecuted basic blocks)
Define symbols: sym=a11_0_1, val=509024457 (for unexecuted basic blocks)
Define symbols: sym=a11_0_2, val=1407490312 (for unexecuted basic blocks)
Define symbols: sym=a11_0, val=2113965323 (for unexecuted basic blocks)
Define symbols: sym=a11_1_1, val=-1798578388 (for unexecuted basic blocks)
Define symbols: sym=a11_1_2, val=803826996 (for unexecuted basic blocks)
Define symbols: sym=a11_1, val=-495294672 (for unexecuted basic blocks)
Define symbols: sym=b11_2_1, val=-410326266 (for unexecuted basic blocks)
Define symbols: sym=b11_2_2, val=-857448561 (for unexecuted basic blocks)
Define symbols: sym=b11_2_3, val=-1675216622 (for unexecuted basic blocks)
Define symbols: sym=b11_2, val=738670526 (for unexecuted basic blocks)
Define symbols: sym=a12_0_1, val=-237268178 (for unexecuted basic blocks)
Define symbols: sym=a12_0_2, val=461351834 (for unexecuted basic blocks)
Define symbols: sym=a12_0, val=1468244409 (for unexecuted basic blocks)
Define symbols: sym=a12_1_1, val=2015523462 (for unexecuted basic blocks)
Define symbols: sym=a12_1_2, val=-1343485949 (for unexecuted basic blocks)
Define symbols: sym=a12_1, val=373514585 (for unexecuted basic blocks)
Define symbols: sym=a13_0_1, val=-1912287527 (for unexecuted basic blocks)
Define symbols: sym=a13_0_2, val=-1533892707 (for unexecuted basic blocks)
Define symbols: sym=a13_0, val=1533824245 (for unexecuted basic blocks)
Define symbols: sym=a13_1_1, val=2076680476 (for unexecuted basic blocks)
Define symbols: sym=a13_1_2, val=961421154 (for unexecuted basic blocks)
Define symbols: sym=a13_1, val=-904356435 (for unexecuted basic blocks)
Define symbols: sym=a14_0_1, val=2023800045 (for unexecuted basic blocks)
Define symbols: sym=a14_0_2, val=1460566550 (for unexecuted basic blocks)
Define symbols: sym=a14_0, val=-1579650762 (for unexecuted basic blocks)
Define symbols: sym=a14_1_1, val=1873543213 (for unexecuted basic blocks)
Define symbols: sym=a14_1_2, val=-1963371347 (for unexecuted basic blocks)
Define symbols: sym=a14_1, val=-636824626 (for unexecuted basic blocks)
Define symbols: sym=a15_0_1, val=-204902560 (for unexecuted basic blocks)
Define symbols: sym=a15_0_2, val=-1884634963 (for unexecuted basic blocks)
Define symbols: sym=a15_0, val=-706835572 (for unexecuted basic blocks)
Define symbols: sym=a15_1_1, val=-1049972256 (for unexecuted basic blocks)
Define symbols: sym=a15_1_2, val=1960422264 (for unexecuted basic blocks)
Define symbols: sym=a15_1, val=1631259593 (for unexecuted basic blocks)
Define symbols: sym=a17_0_1, val=-1935488018 (for unexecuted basic blocks)
Define symbols: sym=a17_0_2, val=-761338558 (for unexecuted basic blocks)
Define symbols: sym=a17_0, val=-245264865 (for unexecuted basic blocks)
Define symbols: sym=a17_1_1, val=-830141491 (for unexecuted basic blocks)
Define symbols: sym=a17_1_2, val=640655372 (for unexecuted basic blocks)
Define symbols: sym=a17_1, val=809672985 (for unexecuted basic blocks)
Define symbols: sym=b17_2_1, val=660098731 (for unexecuted basic blocks)
Define symbols: sym=b17_2_2, val=583894854 (for unexecuted basic blocks)
Define symbols: sym=b17_2_3, val=1964889796 (for unexecuted basic blocks)
Define symbols: sym=b17_2, val=-1458175048 (for unexecuted basic blocks)
Extract initialization: param=v0, value=-1
Extract initialization: param=v1, value=-1
Extract initialization: param=v2, value=-1
Extract initialization: param=v2, value=-1
Extract initialization: param=v3, value=-1
Extract initialization: param=v3, value=-1
Extract initialization: param=v3, value=-1
Extract initialization: param=v3, value=-1
Extract initialization: param=v3, value=-1
Extract initialization: param=v3, value=-1
Extract initialization: param=v3, value=-1
Extract initialization: param=v3, value=-1
Extract initialization: param=v3, value=-1
Extract initialization: param=v4, value=-3
Extract initialization: param=v5, value=-1
Extract finalization: param=v0, value=-2
Extract finalization: param=v1, value=0
Extract finalization: param=v2, value=-1
Extract finalization: param=v2, value=-1
Extract finalization: param=v3, value=-1
Extract finalization: param=v3, value=-1
Extract finalization: param=v3, value=-1
Extract finalization: param=v3, value=-1
Extract finalization: param=v3, value=-1
Extract finalization: param=v3, value=-1
Extract finalization: param=v3, value=-1
Extract finalization: param=v3, value=-1
Extract finalization: param=v3, value=-1
Extract finalization: param=v4, value=-3
Extract finalization: param=v5, value=-1
------SymExec: Iteration 1----------------------------------------------
Generating or re-generating UB-free constraints
Initial constraints: 
```
(bvsle (bvadd (bvadd (bvadd (bvadd (bvadd (bvadd (bvadd (bvadd (bvadd (bvadd (bvadd (bvadd (bvadd (bvadd (ite (= v0_v0 #b00000000000000000000000000000000) #b00000000000000000000000000000001 #b00000000000000000000000000000000) (ite (= v1_v0 #b00000000000000000000000000000000) #b00000000000000000000000000000001 #b00000000000000000000000000000000)) (ite (= v2_el0_v0 #b00000000000000000000000000000000) #b00000000000000000000000000000001 #b00000000000000000000000000000000)) (ite (= v2_el1_v0 #b00000000000000000000000000000000) #b00000000000000000000000000000001 #b00000000000000000000000000000000)) (ite (= v3_el0_v0 #b00000000000000000000000000000000) #b00000000000000000000000000000001 #b00000000000000000000000000000000)) (ite (= v3_el1_v0 #b00000000000000000000000000000000) #b00000000000000000000000000000001 #b00000000000000000000000000000000)) (ite (= v3_el2_v0 #b00000000000000000000000000000000) #b00000000000000000000000000000001 #b00000000000000000000000000000000)) (ite (= v3_el3_v0 #b00000000000000000000000000000000) #b00000000000000000000000000000001 #b00000000000000000000000000000000)) (ite (= v3_el4_v0 #b00000000000000000000000000000000) #b00000000000000000000000000000001 #b00000000000000000000000000000000)) (ite (= v3_el5_v0 #b00000000000000000000000000000000) #b00000000000000000000000000000001 #b00000000000000000000000000000000)) (ite (= v3_el6_v0 #b00000000000000000000000000000000) #b00000000000000000000000000000001 #b00000000000000000000000000000000)) (ite (= v3_el7_v0 #b00000000000000000000000000000000) #b00000000000000000000000000000001 #b00000000000000000000000000000000)) (ite (= v3_el8_v0 #b00000000000000000000000000000000) #b00000000000000000000000000000001 #b00000000000000000000000000000000)) (ite (= v4_v0 #b00000000000000000000000000000000) #b00000000000000000000000000000001 #b00000000000000000000000000000000)) (ite (= v5_v0 #b00000000000000000000000000000000) #b00000000000000000000000000000001 #b00000000000000000000000000000000)) #b00000000000000000000000000000111)
```
Final constraints: 
```
(bvsle (bvadd (bvadd (bvadd (bvadd (bvadd (bvadd (bvadd (bvadd (bvadd (bvadd (bvadd (bvadd (bvadd (bvadd (ite (= v0_v0 #b00000000000000000000000000000000) #b00000000000000000000000000000001 #b00000000000000000000000000000000) (ite (= v1_v0 #b00000000000000000000000000000000) #b00000000000000000000000000000001 #b00000000000000000000000000000000)) (ite (= v2_el0_v0 #b00000000000000000000000000000000) #b00000000000000000000000000000001 #b00000000000000000000000000000000)) (ite (= v2_el1_v0 #b00000000000000000000000000000000) #b00000000000000000000000000000001 #b00000000000000000000000000000000)) (ite (= v3_el0_v0 #b00000000000000000000000000000000) #b00000000000000000000000000000001 #b00000000000000000000000000000000)) (ite (= v3_el1_v0 #b00000000000000000000000000000000) #b00000000000000000000000000000001 #b00000000000000000000000000000000)) (ite (= v3_el2_v0 #b00000000000000000000000000000000) #b00000000000000000000000000000001 #b00000000000000000000000000000000)) (ite (= v3_el3_v0 #b00000000000000000000000000000000) #b00000000000000000000000000000001 #b00000000000000000000000000000000)) (ite (= v3_el4_v0 #b00000000000000000000000000000000) #b00000000000000000000000000000001 #b00000000000000000000000000000000)) (ite (= v3_el5_v0 #b00000000000000000000000000000000) #b00000000000000000000000000000001 #b00000000000000000000000000000000)) (ite (= v3_el6_v0 #b00000000000000000000000000000000) #b00000000000000000000000000000001 #b00000000000000000000000000000000)) (ite (= v3_el7_v0 #b00000000000000000000000000000000) #b00000000000000000000000000000001 #b00000000000000000000000000000000)) (ite (= v3_el8_v0 #b00000000000000000000000000000000) #b00000000000000000000000000000001 #b00000000000000000000000000000000)) (ite (= v4_v0 #b00000000000000000000000000000000) #b00000000000000000000000000000001 #b00000000000000000000000000000000)) (ite (= v5_v0 #b00000000000000000000000000000000) #b00000000000000000000000000000001 #b00000000000000000000000000000000)) #b00000000000000000000000000000111)
(= v6_v0 #b11111111111111111111111111111111)
(= v7_el0_v0 #b11111111111111111111111111111111)
(= v7_el1_v0 #b11111111111111111111111111111111)
(let ((_let0 (ite (= #b11111111111111111111111111111111 #b00000000000000000000000000000000) #b00000000000000000000000000000001 #b00000000000000000000000000000000))) (bvsle (bvadd _let0 _let0) #b00000000000000000000000000000001))
(not (bvsaddo #b11111111111111111111111111111111 v4_v0))
(not (bvsaddo #b11111111111111111111111111111111 v0_v0))
(not (bvssubo (bvadd #b11111111111111111111111111111111 v4_v0) (bvadd #b11111111111111111111111111111111 v0_v0)))
(not (bvssubo (bvsub (bvadd #b11111111111111111111111111111111 v4_v0) (bvadd #b11111111111111111111111111111111 v0_v0)) #b11111111111111111111111111111111))
(let ((_let0 (ite (= #b11111111111111111111111111111111 #b00000000000000000000000000000000) #b00000000000000000000000000000001 #b00000000000000000000000000000000))) (bvsle (bvadd (bvadd _let0 _let0) _let0) #b00000000000000000000000000000001))
(= v5_v1 (bvsub (bvsub (bvadd #b11111111111111111111111111111111 v4_v0) (bvadd #b11111111111111111111111111111111 v0_v0)) #b11111111111111111111111111111111))
(not (bvsmulo #b11111111111111111111111111111111 v1_v0))
(distinct v4_v0 #b00000000000000000000000000000000)
(not (bvsdivo #b11111111111111111111111111111111 v4_v0))
(not (bvssubo (bvmul #b11111111111111111111111111111111 v1_v0) (bvsdiv #b11111111111111111111111111111111 v4_v0)))
(not (bvssubo (bvsub (bvmul #b11111111111111111111111111111111 v1_v0) (bvsdiv #b11111111111111111111111111111111 v4_v0)) #b00000000000000000000000000000010))
(let ((_let0 (ite (= #b11111111111111111111111111111111 #b00000000000000000000000000000000) #b00000000000000000000000000000001 #b00000000000000000000000000000000))) (bvsle (bvadd (bvadd _let0 _let0) (ite (= #b00000000000000000000000000000010 #b00000000000000000000000000000000) #b00000000000000000000000000000001 #b00000000000000000000000000000000)) #b00000000000000000000000000000001))
(= v0_v1 (bvsub (bvsub (bvmul #b11111111111111111111111111111111 v1_v0) (bvsdiv #b11111111111111111111111111111111 v4_v0)) #b00000000000000000000000000000010))
(not (bvsmulo #b11111111111111111111111111111111 v7_el1_v0))
(distinct v2_el1_v0 #b00000000000000000000000000000000)
(not (bvsdivo #b11111111111111111111111111111111 v2_el1_v0))
(not (bvsaddo (bvmul #b11111111111111111111111111111111 v7_el1_v0) (bvsrem #b11111111111111111111111111111111 v2_el1_v0)))
(not (bvsaddo (bvadd (bvmul #b11111111111111111111111111111111 v7_el1_v0) (bvsrem #b11111111111111111111111111111111 v2_el1_v0)) #b11111111111111111111111111111111))
(= v1_v1 (bvadd (bvadd (bvmul #b11111111111111111111111111111111 v7_el1_v0) (bvsrem #b11111111111111111111111111111111 v2_el1_v0)) #b11111111111111111111111111111111))
(not (bvsaddo #b11111111111111111111111111111111 v6_v0))
(not (bvsmulo #b11111111111111111111111111111111 v0_v1))
(not (bvsaddo (bvadd #b11111111111111111111111111111111 v6_v0) (bvmul #b11111111111111111111111111111111 v0_v1)))
(not (bvsaddo (bvadd (bvadd #b11111111111111111111111111111111 v6_v0) (bvmul #b11111111111111111111111111111111 v0_v1)) #b11111111111111111111111111111111))
(= v0_v2 (bvadd (bvadd (bvadd #b11111111111111111111111111111111 v6_v0) (bvmul #b11111111111111111111111111111111 v0_v1)) #b11111111111111111111111111111111))
(bvsle (bvadd (bvadd (bvadd (bvadd (bvadd (bvadd (bvadd (bvadd (bvadd (bvadd (bvadd (bvadd (bvadd (bvadd (ite (= (ite (distinct v0_v0 #b11111111111111111111111111111111) #b00000000000000000000000000000001 #b00000000000000000000000000000000) #b00000000000000000000000000000000) #b00000000000000000000000000000001 #b00000000000000000000000000000000) (ite (= (ite (distinct v1_v0 #b11111111111111111111111111111111) #b00000000000000000000000000000001 #b00000000000000000000000000000000) #b00000000000000000000000000000000) #b00000000000000000000000000000001 #b00000000000000000000000000000000)) (ite (= (ite (distinct v2_el0_v0 #b11111111111111111111111111111111) #b00000000000000000000000000000001 #b00000000000000000000000000000000) #b00000000000000000000000000000000) #b00000000000000000000000000000001 #b00000000000000000000000000000000)) (ite (= (ite (distinct v2_el1_v0 #b11111111111111111111111111111111) #b00000000000000000000000000000001 #b00000000000000000000000000000000) #b00000000000000000000000000000000) #b00000000000000000000000000000001 #b00000000000000000000000000000000)) (ite (= (ite (distinct v3_el0_v0 #b11111111111111111111111111111111) #b00000000000000000000000000000001 #b00000000000000000000000000000000) #b00000000000000000000000000000000) #b00000000000000000000000000000001 #b00000000000000000000000000000000)) (ite (= (ite (distinct v3_el1_v0 #b11111111111111111111111111111111) #b00000000000000000000000000000001 #b00000000000000000000000000000000) #b00000000000000000000000000000000) #b00000000000000000000000000000001 #b00000000000000000000000000000000)) (ite (= (ite (distinct v3_el2_v0 #b11111111111111111111111111111111) #b00000000000000000000000000000001 #b00000000000000000000000000000000) #b00000000000000000000000000000000) #b00000000000000000000000000000001 #b00000000000000000000000000000000)) (ite (= (ite (distinct v3_el3_v0 #b11111111111111111111111111111111) #b00000000000000000000000000000001 #b00000000000000000000000000000000) #b00000000000000000000000000000000) #b00000000000000000000000000000001 #b00000000000000000000000000000000)) (ite (= (ite (distinct v3_el4_v0 #b11111111111111111111111111111111) #b00000000000000000000000000000001 #b00000000000000000000000000000000) #b00000000000000000000000000000000) #b00000000000000000000000000000001 #b00000000000000000000000000000000)) (ite (= (ite (distinct v3_el5_v0 #b11111111111111111111111111111111) #b00000000000000000000000000000001 #b00000000000000000000000000000000) #b00000000000000000000000000000000) #b00000000000000000000000000000001 #b00000000000000000000000000000000)) (ite (= (ite (distinct v3_el6_v0 #b11111111111111111111111111111111) #b00000000000000000000000000000001 #b00000000000000000000000000000000) #b00000000000000000000000000000000) #b00000000000000000000000000000001 #b00000000000000000000000000000000)) (ite (= (ite (distinct v3_el7_v0 #b11111111111111111111111111111111) #b00000000000000000000000000000001 #b00000000000000000000000000000000) #b00000000000000000000000000000000) #b00000000000000000000000000000001 #b00000000000000000000000000000000)) (ite (= (ite (distinct v3_el8_v0 #b11111111111111111111111111111111) #b00000000000000000000000000000001 #b00000000000000000000000000000000) #b00000000000000000000000000000000) #b00000000000000000000000000000001 #b00000000000000000000000000000000)) (ite (= (ite (distinct v4_v0 #b11111111111111111111111111111101) #b00000000000000000000000000000001 #b00000000000000000000000000000000) #b00000000000000000000000000000000) #b00000000000000000000000000000001 #b00000000000000000000000000000000)) (ite (= (ite (distinct v5_v0 #b11111111111111111111111111111111) #b00000000000000000000000000000001 #b00000000000000000000000000000000) #b00000000000000000000000000000000) #b00000000000000000000000000000001 #b00000000000000000000000000000000)) #b00000000000000000000000000000011)
```
Constraint stats: asserted=30 addCalls=32 skippedTrue=0 deduped=2 ensureInRangeCalls=48 boundedAlready=0 uniqueConstraintIds=30 uniqueBoundedIds=0 (solverAsserted=0)
Bitwuzla check_sat time: 21ms
Bitwuzla statistics: preprocess::contradicting_ands::num_substs=0 preprocess::contradicting_ands::time_apply=0ms preprocess::elim_extract::num_elim=0 preprocess::elim_extract::time_apply=0ms preprocess::elim_lambda::time_apply=0ms preprocess::elim_udiv::num_eliminated=0 preprocess::elim_udiv::time_apply=0ms preprocess::embedded_constraints::num_substs=2 preprocess::embedded_constraints::time_apply=0ms preprocess::flatten_and::num_assertions=8 preprocess::flatten_and::num_flattened=4 preprocess::flatten_and::time_apply=0ms preprocess::lambda::num_elim=0 preprocess::normalize::num_common_normalizations=0 preprocess::normalize::num_normalizations=7 preprocess::normalize::num_normalized_assertions=9 preprocess::normalize::num_pass1=0 preprocess::normalize::num_pass2=1 preprocess::normalize::time_adder_chains=0ms preprocess::normalize::time_apply=1ms preprocess::normalize::time_compute_occs=0ms preprocess::normalize::time_normalize_add=0ms preprocess::normalize::time_normalize_mul=0ms preprocess::normalize::time_score=0ms preprocess::rewrite::time_apply=0ms preprocess::skeleton_preproc::cnf::clauses=62 preprocess::skeleton_preproc::cnf::lits=122 preprocess::skeleton_preproc::new_assertions=0 preprocess::skeleton_preproc::resets=1 preprocess::skeleton_preproc::time_apply=0ms preprocess::skeleton_preproc::time_encode=0ms preprocess::skeleton_preproc::time_fixed=0ms preprocess::skeleton_preproc::time_sat=0ms preprocess::uninterpreted::num_substs=0 preprocess::uninterpreted::time_apply=0ms preprocess::varsubst::normalize_bv_ineq::num_slt=0 preprocess::varsubst::normalize_bv_ineq::num_ult=0 preprocess::varsubst::normalize_eq::num_bv_concat=0 preprocess::varsubst::normalize_eq::num_gauss_elim=0 preprocess::varsubst::normalize_eq::num_linear_eq=0 preprocess::varsubst::num_substs=7 preprocess::varsubst::time_apply=0ms preprocess::varsubst::time_direct_cycle_check=0ms preprocess::varsubst::time_find_substitution=0ms preprocess::varsubst::time_find_vars=0ms preprocess::varsubst::time_register=0ms preprocess::varsubst::time_remove_cycles=0ms preprocess::varsubst::time_substitute=0ms preprocessor::num_iterations=2 preprocessor::time_preprocess=3ms preprocessor::time_process=0ms rewriter::(normalize)::num_evals=0 rewriter::(normalize)::num_rewrites=96 rewriter::(normalize)::rewrite::BV_ADD_CONST=4 rewriter::(normalize)::rewrite::BV_ADD_EVAL=3 rewriter::(normalize)::rewrite::BV_ADD_SPECIAL_CONST=8 rewriter::(normalize)::rewrite::BV_MUL_ONES=6 rewriter::(normalize)::rewrite::BV_NEG_ELIM=6 rewriter::(normalize)::rewrite::BV_NOT_BV_NOT=12 rewriter::(normalize)::rewrite::NORMALIZE_COMM=57 rewriter::num_evals=0 rewriter::num_rewrites=719 rewriter::rewrite::AND_EVAL=1 rewriter::rewrite::AND_SPECIAL_CONST=51 rewriter::rewrite::BV_ADD_CONST=4 rewriter::rewrite::BV_ADD_EVAL=9 rewriter::rewrite::BV_ADD_ITE2=30 rewriter::rewrite::BV_ADD_SPECIAL_CONST=28 rewriter::rewrite::BV_AND_EVAL=1 rewriter::rewrite::BV_AND_SPECIAL_CONST=93 rewriter::rewrite::BV_CONCAT_EVAL=2 rewriter::rewrite::BV_EXTRACT_EVAL=37 rewriter::rewrite::BV_EXTRACT_FULL=3 rewriter::rewrite::BV_MUL_ONES=6 rewriter::rewrite::BV_NEG_ELIM=14 rewriter::rewrite::BV_NOT_BV_NOT=26 rewriter::rewrite::BV_NOT_EVAL=5 rewriter::rewrite::BV_OR_ELIM=4 rewriter::rewrite::BV_SADDO_ELIM=7 rewriter::rewrite::BV_SDIVO_ELIM=2 rewriter::rewrite::BV_SDIV_ELIM=1 rewriter::rewrite::BV_SIGN_EXTEND_ELIM=8 rewriter::rewrite::BV_SLE_ELIM=3 rewriter::rewrite::BV_SLT_EVAL=1 rewriter::rewrite::BV_SMULO_ELIM=3 rewriter::rewrite::BV_SREM_ELIM=1 rewriter::rewrite::BV_SSUBO_ELIM=4 rewriter::rewrite::BV_SUB_ELIM=4 rewriter::rewrite::BV_XOR_EVAL=1 rewriter::rewrite::BV_XOR_SPECIAL_CONST=1 rewriter::rewrite::DISTINCT_ELIM=17 rewriter::rewrite::EQUAL_CONST_BV_NOT=1 rewriter::rewrite::EQUAL_EVAL=9 rewriter::rewrite::EQUAL_ITE_SAME=15 rewriter::rewrite::EQUAL_SPECIAL_CONST=3 rewriter::rewrite::EQUAL_TRUE=4 rewriter::rewrite::ITE_EVAL=7 rewriter::rewrite::NORMALIZE_COMM=249 rewriter::rewrite::NOT_EQUAL_BV1_BOOL=11 rewriter::rewrite::NOT_EVAL=1 rewriter::rewrite::NOT_NOT=26 rewriter::rewrite::OR_ELIM=26 solver::abstract::num_checks=1 solver::abstract::terms::total=0 solver::abstract::time_check=0ms solver::array::equalities=0 solver::array::num_checks=0 solver::array::propagations=0 solver::array::propagations_down=0 solver::array::propagations_up=0 solver::array::selects=0 solver::array::time_check=0ms solver::bv::bitblast::aig::num_ands=21152 solver::bv::bitblast::aig::num_consts=480 solver::bv::bitblast::aig::num_shared=4302 solver::bv::bitblast::aig::time_bitblast=2ms solver::bv::bitblast::cnf::num_clauses=50787 solver::bv::bitblast::cnf::num_literals=123949 solver::bv::bitblast::cnf::num_vars=16690 solver::bv::bitblast::cnf::time_encode=11ms solver::bv::bitblast::sat::time_solve=3ms solver::bv::num_assertions=18 solver::bv::num_checks=1 solver::bv::time_check=15ms solver::engine::lemmas::abstr=0 solver::engine::lemmas::array=0 solver::engine::lemmas::fp=0 solver::engine::lemmas::fun=0 solver::engine::lemmas::quant=0 solver::engine::lemmas::total=0 solver::engine::time_register_term=0ms solver::engine::time_solve=18ms solver::fun::num_checks=1 solver::fun::time_check=0ms solver::quant::mbqi_checks=0 solver::quant::num_lemma_iterations=0 solver::quant::num_lemmas=0 solver::quant::time_check=0ms solver::quant::time_mbqi=0ms solver::quant::time_process=0ms solving_context::max_memory=41385984 solving_context::time_ensure_model=0ms solving_context::time_solve=21ms
SAT
Extract initialization: param=v0, value=-2
Extract initialization: param=v1, value=-536870913
Extract initialization: param=v2, value=-2
Extract initialization: param=v2, value=-2
Extract initialization: param=v3, value=-2
Extract initialization: param=v3, value=-2
Extract initialization: param=v3, value=-2
Extract initialization: param=v3, value=-2
Extract initialization: param=v3, value=-2
Extract initialization: param=v3, value=-2
Extract initialization: param=v3, value=-2
Extract initialization: param=v3, value=-2
Extract initialization: param=v3, value=-2
Extract initialization: param=v4, value=-1073741824
Extract initialization: param=v5, value=-1
Extract finalization: param=v0, value=-536870914
Extract finalization: param=v1, value=-1
Extract finalization: param=v2, value=-2
Extract finalization: param=v2, value=-2
Extract finalization: param=v3, value=-2
Extract finalization: param=v3, value=-2
Extract finalization: param=v3, value=-2
Extract finalization: param=v3, value=-2
Extract finalization: param=v3, value=-2
Extract finalization: param=v3, value=-2
Extract finalization: param=v3, value=-2
Extract finalization: param=v3, value=-2
Extract finalization: param=v3, value=-2
Extract finalization: param=v4, value=-1073741824
Extract finalization: param=v5, value=-1073741821
------SymExec: Iteration 2----------------------------------------------
Final constraints: 
```
(bvsle (bvadd (bvadd (bvadd (bvadd (bvadd (bvadd (bvadd (bvadd (bvadd (bvadd (bvadd (bvadd (bvadd (bvadd (ite (= v0_v0 #b00000000000000000000000000000000) #b00000000000000000000000000000001 #b00000000000000000000000000000000) (ite (= v1_v0 #b00000000000000000000000000000000) #b00000000000000000000000000000001 #b00000000000000000000000000000000)) (ite (= v2_el0_v0 #b00000000000000000000000000000000) #b00000000000000000000000000000001 #b00000000000000000000000000000000)) (ite (= v2_el1_v0 #b00000000000000000000000000000000) #b00000000000000000000000000000001 #b00000000000000000000000000000000)) (ite (= v3_el0_v0 #b00000000000000000000000000000000) #b00000000000000000000000000000001 #b00000000000000000000000000000000)) (ite (= v3_el1_v0 #b00000000000000000000000000000000) #b00000000000000000000000000000001 #b00000000000000000000000000000000)) (ite (= v3_el2_v0 #b00000000000000000000000000000000) #b00000000000000000000000000000001 #b00000000000000000000000000000000)) (ite (= v3_el3_v0 #b00000000000000000000000000000000) #b00000000000000000000000000000001 #b00000000000000000000000000000000)) (ite (= v3_el4_v0 #b00000000000000000000000000000000) #b00000000000000000000000000000001 #b00000000000000000000000000000000)) (ite (= v3_el5_v0 #b00000000000000000000000000000000) #b00000000000000000000000000000001 #b00000000000000000000000000000000)) (ite (= v3_el6_v0 #b00000000000000000000000000000000) #b00000000000000000000000000000001 #b00000000000000000000000000000000)) (ite (= v3_el7_v0 #b00000000000000000000000000000000) #b00000000000000000000000000000001 #b00000000000000000000000000000000)) (ite (= v3_el8_v0 #b00000000000000000000000000000000) #b00000000000000000000000000000001 #b00000000000000000000000000000000)) (ite (= v4_v0 #b00000000000000000000000000000000) #b00000000000000000000000000000001 #b00000000000000000000000000000000)) (ite (= v5_v0 #b00000000000000000000000000000000) #b00000000000000000000000000000001 #b00000000000000000000000000000000)) #b00000000000000000000000000000111)
(= v6_v0 #b11111111111111111111111111111111)
(= v7_el0_v0 #b11111111111111111111111111111111)
(= v7_el1_v0 #b11111111111111111111111111111111)
(let ((_let0 (ite (= #b11111111111111111111111111111111 #b00000000000000000000000000000000) #b00000000000000000000000000000001 #b00000000000000000000000000000000))) (bvsle (bvadd _let0 _let0) #b00000000000000000000000000000001))
(not (bvsaddo #b11111111111111111111111111111111 v4_v0))
(not (bvsaddo #b11111111111111111111111111111111 v0_v0))
(not (bvssubo (bvadd #b11111111111111111111111111111111 v4_v0) (bvadd #b11111111111111111111111111111111 v0_v0)))
(not (bvssubo (bvsub (bvadd #b11111111111111111111111111111111 v4_v0) (bvadd #b11111111111111111111111111111111 v0_v0)) #b11111111111111111111111111111111))
(let ((_let0 (ite (= #b11111111111111111111111111111111 #b00000000000000000000000000000000) #b00000000000000000000000000000001 #b00000000000000000000000000000000))) (bvsle (bvadd (bvadd _let0 _let0) _let0) #b00000000000000000000000000000001))
(= v5_v1 (bvsub (bvsub (bvadd #b11111111111111111111111111111111 v4_v0) (bvadd #b11111111111111111111111111111111 v0_v0)) #b11111111111111111111111111111111))
(not (bvsmulo #b11111111111111111111111111111111 v1_v0))
(distinct v4_v0 #b00000000000000000000000000000000)
(not (bvsdivo #b11111111111111111111111111111111 v4_v0))
(not (bvssubo (bvmul #b11111111111111111111111111111111 v1_v0) (bvsdiv #b11111111111111111111111111111111 v4_v0)))
(not (bvssubo (bvsub (bvmul #b11111111111111111111111111111111 v1_v0) (bvsdiv #b11111111111111111111111111111111 v4_v0)) #b00000000000000000000000000000010))
(let ((_let0 (ite (= #b11111111111111111111111111111111 #b00000000000000000000000000000000) #b00000000000000000000000000000001 #b00000000000000000000000000000000))) (bvsle (bvadd (bvadd _let0 _let0) (ite (= #b00000000000000000000000000000010 #b00000000000000000000000000000000) #b00000000000000000000000000000001 #b00000000000000000000000000000000)) #b00000000000000000000000000000001))
(= v0_v1 (bvsub (bvsub (bvmul #b11111111111111111111111111111111 v1_v0) (bvsdiv #b11111111111111111111111111111111 v4_v0)) #b00000000000000000000000000000010))
(not (bvsmulo #b11111111111111111111111111111111 v7_el1_v0))
(distinct v2_el1_v0 #b00000000000000000000000000000000)
(not (bvsdivo #b11111111111111111111111111111111 v2_el1_v0))
(not (bvsaddo (bvmul #b11111111111111111111111111111111 v7_el1_v0) (bvsrem #b11111111111111111111111111111111 v2_el1_v0)))
(not (bvsaddo (bvadd (bvmul #b11111111111111111111111111111111 v7_el1_v0) (bvsrem #b11111111111111111111111111111111 v2_el1_v0)) #b11111111111111111111111111111111))
(= v1_v1 (bvadd (bvadd (bvmul #b11111111111111111111111111111111 v7_el1_v0) (bvsrem #b11111111111111111111111111111111 v2_el1_v0)) #b11111111111111111111111111111111))
(not (bvsaddo #b11111111111111111111111111111111 v6_v0))
(not (bvsmulo #b11111111111111111111111111111111 v0_v1))
(not (bvsaddo (bvadd #b11111111111111111111111111111111 v6_v0) (bvmul #b11111111111111111111111111111111 v0_v1)))
(not (bvsaddo (bvadd (bvadd #b11111111111111111111111111111111 v6_v0) (bvmul #b11111111111111111111111111111111 v0_v1)) #b11111111111111111111111111111111))
(= v0_v2 (bvadd (bvadd (bvadd #b11111111111111111111111111111111 v6_v0) (bvmul #b11111111111111111111111111111111 v0_v1)) #b11111111111111111111111111111111))
(bvsle (bvadd (bvadd (bvadd (bvadd (bvadd (bvadd (bvadd (bvadd (bvadd (bvadd (bvadd (bvadd (bvadd (bvadd (ite (= (ite (distinct v0_v0 #b11111111111111111111111111111111) #b00000000000000000000000000000001 #b00000000000000000000000000000000) #b00000000000000000000000000000000) #b00000000000000000000000000000001 #b00000000000000000000000000000000) (ite (= (ite (distinct v1_v0 #b11111111111111111111111111111111) #b00000000000000000000000000000001 #b00000000000000000000000000000000) #b00000000000000000000000000000000) #b00000000000000000000000000000001 #b00000000000000000000000000000000)) (ite (= (ite (distinct v2_el0_v0 #b11111111111111111111111111111111) #b00000000000000000000000000000001 #b00000000000000000000000000000000) #b00000000000000000000000000000000) #b00000000000000000000000000000001 #b00000000000000000000000000000000)) (ite (= (ite (distinct v2_el1_v0 #b11111111111111111111111111111111) #b00000000000000000000000000000001 #b00000000000000000000000000000000) #b00000000000000000000000000000000) #b00000000000000000000000000000001 #b00000000000000000000000000000000)) (ite (= (ite (distinct v3_el0_v0 #b11111111111111111111111111111111) #b00000000000000000000000000000001 #b00000000000000000000000000000000) #b00000000000000000000000000000000) #b00000000000000000000000000000001 #b00000000000000000000000000000000)) (ite (= (ite (distinct v3_el1_v0 #b11111111111111111111111111111111) #b00000000000000000000000000000001 #b00000000000000000000000000000000) #b00000000000000000000000000000000) #b00000000000000000000000000000001 #b00000000000000000000000000000000)) (ite (= (ite (distinct v3_el2_v0 #b11111111111111111111111111111111) #b00000000000000000000000000000001 #b00000000000000000000000000000000) #b00000000000000000000000000000000) #b00000000000000000000000000000001 #b00000000000000000000000000000000)) (ite (= (ite (distinct v3_el3_v0 #b11111111111111111111111111111111) #b00000000000000000000000000000001 #b00000000000000000000000000000000) #b00000000000000000000000000000000) #b00000000000000000000000000000001 #b00000000000000000000000000000000)) (ite (= (ite (distinct v3_el4_v0 #b11111111111111111111111111111111) #b00000000000000000000000000000001 #b00000000000000000000000000000000) #b00000000000000000000000000000000) #b00000000000000000000000000000001 #b00000000000000000000000000000000)) (ite (= (ite (distinct v3_el5_v0 #b11111111111111111111111111111111) #b00000000000000000000000000000001 #b00000000000000000000000000000000) #b00000000000000000000000000000000) #b00000000000000000000000000000001 #b00000000000000000000000000000000)) (ite (= (ite (distinct v3_el6_v0 #b11111111111111111111111111111111) #b00000000000000000000000000000001 #b00000000000000000000000000000000) #b00000000000000000000000000000000) #b00000000000000000000000000000001 #b00000000000000000000000000000000)) (ite (= (ite (distinct v3_el7_v0 #b11111111111111111111111111111111) #b00000000000000000000000000000001 #b00000000000000000000000000000000) #b00000000000000000000000000000000) #b00000000000000000000000000000001 #b00000000000000000000000000000000)) (ite (= (ite (distinct v3_el8_v0 #b11111111111111111111111111111111) #b00000000000000000000000000000001 #b00000000000000000000000000000000) #b00000000000000000000000000000000) #b00000000000000000000000000000001 #b00000000000000000000000000000000)) (ite (= (ite (distinct v4_v0 #b11111111111111111111111111111101) #b00000000000000000000000000000001 #b00000000000000000000000000000000) #b00000000000000000000000000000000) #b00000000000000000000000000000001 #b00000000000000000000000000000000)) (ite (= (ite (distinct v5_v0 #b11111111111111111111111111111111) #b00000000000000000000000000000001 #b00000000000000000000000000000000) #b00000000000000000000000000000000) #b00000000000000000000000000000001 #b00000000000000000000000000000000)) #b00000000000000000000000000000011)
(bvsle (bvadd (bvadd (bvadd (bvadd (bvadd (bvadd (bvadd (bvadd (bvadd (bvadd (bvadd (bvadd (bvadd (bvadd (ite (= (ite (distinct v0_v0 #b11111111111111111111111111111110) #b00000000000000000000000000000001 #b00000000000000000000000000000000) #b00000000000000000000000000000000) #b00000000000000000000000000000001 #b00000000000000000000000000000000) (ite (= (ite (distinct v1_v0 #b11011111111111111111111111111111) #b00000000000000000000000000000001 #b00000000000000000000000000000000) #b00000000000000000000000000000000) #b00000000000000000000000000000001 #b00000000000000000000000000000000)) (ite (= (ite (distinct v2_el0_v0 #b11111111111111111111111111111110) #b00000000000000000000000000000001 #b00000000000000000000000000000000) #b00000000000000000000000000000000) #b00000000000000000000000000000001 #b00000000000000000000000000000000)) (ite (= (ite (distinct v2_el1_v0 #b11111111111111111111111111111110) #b00000000000000000000000000000001 #b00000000000000000000000000000000) #b00000000000000000000000000000000) #b00000000000000000000000000000001 #b00000000000000000000000000000000)) (ite (= (ite (distinct v3_el0_v0 #b11111111111111111111111111111110) #b00000000000000000000000000000001 #b00000000000000000000000000000000) #b00000000000000000000000000000000) #b00000000000000000000000000000001 #b00000000000000000000000000000000)) (ite (= (ite (distinct v3_el1_v0 #b11111111111111111111111111111110) #b00000000000000000000000000000001 #b00000000000000000000000000000000) #b00000000000000000000000000000000) #b00000000000000000000000000000001 #b00000000000000000000000000000000)) (ite (= (ite (distinct v3_el2_v0 #b11111111111111111111111111111110) #b00000000000000000000000000000001 #b00000000000000000000000000000000) #b00000000000000000000000000000000) #b00000000000000000000000000000001 #b00000000000000000000000000000000)) (ite (= (ite (distinct v3_el3_v0 #b11111111111111111111111111111110) #b00000000000000000000000000000001 #b00000000000000000000000000000000) #b00000000000000000000000000000000) #b00000000000000000000000000000001 #b00000000000000000000000000000000)) (ite (= (ite (distinct v3_el4_v0 #b11111111111111111111111111111110) #b00000000000000000000000000000001 #b00000000000000000000000000000000) #b00000000000000000000000000000000) #b00000000000000000000000000000001 #b00000000000000000000000000000000)) (ite (= (ite (distinct v3_el5_v0 #b11111111111111111111111111111110) #b00000000000000000000000000000001 #b00000000000000000000000000000000) #b00000000000000000000000000000000) #b00000000000000000000000000000001 #b00000000000000000000000000000000)) (ite (= (ite (distinct v3_el6_v0 #b11111111111111111111111111111110) #b00000000000000000000000000000001 #b00000000000000000000000000000000) #b00000000000000000000000000000000) #b00000000000000000000000000000001 #b00000000000000000000000000000000)) (ite (= (ite (distinct v3_el7_v0 #b11111111111111111111111111111110) #b00000000000000000000000000000001 #b00000000000000000000000000000000) #b00000000000000000000000000000000) #b00000000000000000000000000000001 #b00000000000000000000000000000000)) (ite (= (ite (distinct v3_el8_v0 #b11111111111111111111111111111110) #b00000000000000000000000000000001 #b00000000000000000000000000000000) #b00000000000000000000000000000000) #b00000000000000000000000000000001 #b00000000000000000000000000000000)) (ite (= (ite (distinct v4_v0 #b11000000000000000000000000000000) #b00000000000000000000000000000001 #b00000000000000000000000000000000) #b00000000000000000000000000000000) #b00000000000000000000000000000001 #b00000000000000000000000000000000)) (ite (= (ite (distinct v5_v0 #b11111111111111111111111111111111) #b00000000000000000000000000000001 #b00000000000000000000000000000000) #b00000000000000000000000000000000) #b00000000000000000000000000000001 #b00000000000000000000000000000000)) #b00000000000000000000000000000011)
```
Constraint stats: asserted=31 addCalls=33 skippedTrue=0 deduped=2 ensureInRangeCalls=48 boundedAlready=0 uniqueConstraintIds=31 uniqueBoundedIds=0 (solverAsserted=30)
Bitwuzla check_sat time: 2ms
Bitwuzla statistics: preprocess::contradicting_ands::num_substs=0 preprocess::contradicting_ands::time_apply=0ms preprocess::elim_extract::num_elim=0 preprocess::elim_extract::time_apply=0ms preprocess::elim_lambda::time_apply=0ms preprocess::elim_udiv::num_eliminated=0 preprocess::elim_udiv::time_apply=0ms preprocess::embedded_constraints::num_substs=2 preprocess::embedded_constraints::time_apply=0ms preprocess::flatten_and::num_assertions=8 preprocess::flatten_and::num_flattened=4 preprocess::flatten_and::time_apply=0ms preprocess::lambda::num_elim=0 preprocess::normalize::num_common_normalizations=0 preprocess::normalize::num_normalizations=7 preprocess::normalize::num_normalized_assertions=9 preprocess::normalize::num_pass1=0 preprocess::normalize::num_pass2=1 preprocess::normalize::time_adder_chains=0ms preprocess::normalize::time_apply=1ms preprocess::normalize::time_compute_occs=0ms preprocess::normalize::time_normalize_add=0ms preprocess::normalize::time_normalize_mul=0ms preprocess::normalize::time_score=0ms preprocess::rewrite::time_apply=0ms preprocess::skeleton_preproc::cnf::clauses=62 preprocess::skeleton_preproc::cnf::lits=122 preprocess::skeleton_preproc::new_assertions=0 preprocess::skeleton_preproc::resets=1 preprocess::skeleton_preproc::time_apply=0ms preprocess::skeleton_preproc::time_encode=0ms preprocess::skeleton_preproc::time_fixed=0ms preprocess::skeleton_preproc::time_sat=0ms preprocess::uninterpreted::num_substs=0 preprocess::uninterpreted::time_apply=0ms preprocess::varsubst::normalize_bv_ineq::num_slt=0 preprocess::varsubst::normalize_bv_ineq::num_ult=0 preprocess::varsubst::normalize_eq::num_bv_concat=0 preprocess::varsubst::normalize_eq::num_gauss_elim=0 preprocess::varsubst::normalize_eq::num_linear_eq=0 preprocess::varsubst::num_substs=7 preprocess::varsubst::time_apply=0ms preprocess::varsubst::time_direct_cycle_check=0ms preprocess::varsubst::time_find_substitution=0ms preprocess::varsubst::time_find_vars=0ms preprocess::varsubst::time_register=0ms preprocess::varsubst::time_remove_cycles=0ms preprocess::varsubst::time_substitute=0ms preprocessor::num_iterations=3 preprocessor::time_preprocess=3ms preprocessor::time_process=0ms rewriter::(normalize)::num_evals=0 rewriter::(normalize)::num_rewrites=96 rewriter::(normalize)::rewrite::BV_ADD_CONST=4 rewriter::(normalize)::rewrite::BV_ADD_EVAL=3 rewriter::(normalize)::rewrite::BV_ADD_SPECIAL_CONST=8 rewriter::(normalize)::rewrite::BV_MUL_ONES=6 rewriter::(normalize)::rewrite::BV_NEG_ELIM=6 rewriter::(normalize)::rewrite::BV_NOT_BV_NOT=12 rewriter::(normalize)::rewrite::NORMALIZE_COMM=57 rewriter::num_evals=0 rewriter::num_rewrites=888 rewriter::rewrite::AND_EVAL=1 rewriter::rewrite::AND_SPECIAL_CONST=66 rewriter::rewrite::BV_ADD_CONST=8 rewriter::rewrite::BV_ADD_EVAL=15 rewriter::rewrite::BV_ADD_ITE2=45 rewriter::rewrite::BV_ADD_SPECIAL_CONST=42 rewriter::rewrite::BV_AND_EVAL=1 rewriter::rewrite::BV_AND_SPECIAL_CONST=93 rewriter::rewrite::BV_CONCAT_EVAL=2 rewriter::rewrite::BV_EXTRACT_EVAL=37 rewriter::rewrite::BV_EXTRACT_FULL=3 rewriter::rewrite::BV_MUL_ONES=6 rewriter::rewrite::BV_NEG_ELIM=14 rewriter::rewrite::BV_NOT_BV_NOT=29 rewriter::rewrite::BV_NOT_EVAL=6 rewriter::rewrite::BV_OR_ELIM=4 rewriter::rewrite::BV_SADDO_ELIM=7 rewriter::rewrite::BV_SDIVO_ELIM=2 rewriter::rewrite::BV_SDIV_ELIM=1 rewriter::rewrite::BV_SIGN_EXTEND_ELIM=8 rewriter::rewrite::BV_SLE_ELIM=4 rewriter::rewrite::BV_SLT_EVAL=1 rewriter::rewrite::BV_SMULO_ELIM=3 rewriter::rewrite::BV_SREM_ELIM=1 rewriter::rewrite::BV_SSUBO_ELIM=4 rewriter::rewrite::BV_SUB_ELIM=4 rewriter::rewrite::BV_XOR_EVAL=1 rewriter::rewrite::BV_XOR_SPECIAL_CONST=1 rewriter::rewrite::DISTINCT_ELIM=32 rewriter::rewrite::EQUAL_CONST_BV_NOT=1 rewriter::rewrite::EQUAL_EVAL=10 rewriter::rewrite::EQUAL_ITE_SAME=30 rewriter::rewrite::EQUAL_SPECIAL_CONST=3 rewriter::rewrite::EQUAL_TRUE=4 rewriter::rewrite::ITE_EVAL=7 rewriter::rewrite::NORMALIZE_COMM=297 rewriter::rewrite::NOT_EQUAL_BV1_BOOL=11 rewriter::rewrite::NOT_EVAL=2 rewriter::rewrite::NOT_NOT=41 rewriter::rewrite::OR_ELIM=41 solver::abstract::num_checks=2 solver::abstract::terms::total=0 solver::abstract::time_check=0ms solver::array::equalities=0 solver::array::num_checks=0 solver::array::propagations=0 solver::array::propagations_down=0 solver::array::propagations_up=0 solver::array::selects=0 solver::array::time_check=0ms solver::bv::bitblast::aig::num_ands=21838 solver::bv::bitblast::aig::num_consts=480 solver::bv::bitblast::aig::num_shared=4664 solver::bv::bitblast::aig::time_bitblast=2ms solver::bv::bitblast::cnf::num_clauses=52319 solver::bv::bitblast::cnf::num_literals=127708 solver::bv::bitblast::cnf::num_vars=17162 solver::bv::bitblast::cnf::time_encode=12ms solver::bv::bitblast::sat::time_solve=4ms solver::bv::num_assertions=19 solver::bv::num_checks=2 solver::bv::time_check=16ms solver::engine::lemmas::abstr=0 solver::engine::lemmas::array=0 solver::engine::lemmas::fp=0 solver::engine::lemmas::fun=0 solver::engine::lemmas::quant=0 solver::engine::lemmas::total=0 solver::engine::time_register_term=0ms solver::engine::time_solve=19ms solver::fun::num_checks=2 solver::fun::time_check=0ms solver::quant::mbqi_checks=0 solver::quant::num_lemma_iterations=0 solver::quant::num_lemmas=0 solver::quant::time_check=0ms solver::quant::time_mbqi=0ms solver::quant::time_process=0ms solving_context::max_memory=41385984 solving_context::time_ensure_model=0ms solving_context::time_solve=23ms
SAT
Extract initialization: param=v0, value=-3
Extract initialization: param=v1, value=-536870914
Extract initialization: param=v2, value=-3
Extract initialization: param=v2, value=-4
Extract initialization: param=v3, value=-3
Extract initialization: param=v3, value=-3
Extract initialization: param=v3, value=-3
Extract initialization: param=v3, value=-3
Extract initialization: param=v3, value=-3
Extract initialization: param=v3, value=-3
Extract initialization: param=v3, value=-3
Extract initialization: param=v3, value=-2
Extract initialization: param=v3, value=-2
Extract initialization: param=v4, value=-1073741824
Extract initialization: param=v5, value=-2
Extract finalization: param=v0, value=-536870915
Extract finalization: param=v1, value=-1
Extract finalization: param=v2, value=-3
Extract finalization: param=v2, value=-4
Extract finalization: param=v3, value=-3
Extract finalization: param=v3, value=-3
Extract finalization: param=v3, value=-3
Extract finalization: param=v3, value=-3
Extract finalization: param=v3, value=-3
Extract finalization: param=v3, value=-3
Extract finalization: param=v3, value=-3
Extract finalization: param=v3, value=-2
Extract finalization: param=v3, value=-2
Extract finalization: param=v4, value=-1073741824
Extract finalization: param=v5, value=-1073741820
