----FunPlus: Generate Function func_xb1v6r_54------------------------------------------------
------GraphPlus::Generate----------------------------------------------
Randomly generating a graph with 15 nodes
------CfgSketch::GenerateReduLoop----------------------------------------------
--------GraphPlus::Generate--------------------------------------------
Randomly generating a graph with 4 nodes
Removing cycles from the generated graph
Started replacing bimpo #13 (successors=[4]) with a reducible loop of size=5
Updated 1 bimpos' indices by +4 if it is behind #13 in our unflattened CFG
Updated 1 bimpos' successors by +4 if it is behind #13 in our flattened CFG
Updated the successors of the loop's latch to [13, 17]
Updated the successors of the loop's exit to [4]
Constructed the basic blocks of the newly inserted loop
Inserted all the loop's basic blocks into the flattened CFG
------CfgSketch: Unflattened CFG Sketch----------------------------------------------
Bimpo: type=0, id=0, size=1, start=0
Bimpo: type=0, id=1, size=1, start=1
Bimpo: type=0, id=2, size=1, start=2
Bimpo: type=0, id=3, size=1, start=3
Bimpo: type=0, id=4, size=1, start=4
Bimpo: type=0, id=5, size=1, start=5
Bimpo: type=0, id=6, size=1, start=6
Bimpo: type=0, id=7, size=1, start=7
Bimpo: type=0, id=8, size=1, start=8
Bimpo: type=0, id=9, size=1, start=9
Bimpo: type=0, id=10, size=1, start=10
Bimpo: type=0, id=11, size=1, start=11
Bimpo: type=0, id=12, size=1, start=12
Bimpo: type=1, id=13, size=5, start=13
Bimpo: type=0, id=14, size=1, start=18
------CfgSketch: Flattened CFG Sketch----------------------------------------------
Block: 0 -> [3, 4]
Block: 1 -> [5, 6]
Block: 2 -> [8, 10]
Block: 3 -> [5, 11]
Block: 4 -> [9, 10]
Block: 5 -> [1, 11]
Block: 6 -> [2, 5]
Block: 7 -> [8, 9]
Block: 8 -> [4, 6]
Block: 9 -> [13, 18]
Block: 10 -> [12, 13]
Block: 11 -> [3, 7]
Block: 12 -> [4, 13]
Block: 13 -> [14, 16]
Block: 14 -> [15]
Block: 15 -> [16]
Block: 16 -> [13, 17]
Block: 17 -> [4]
Block: 18 -> []
------FunPlus: Generate Block #0----------------------------------------------
Generate assignment: 0 <- 2, 3
Generate assignment: 7 <- 4, 6
Generate conditional: 0, 7, 6
------FunPlus: Generate Block #1----------------------------------------------
Generate assignment: 2 <- 0, 2
Generate assignment: 7 <- 1, 6
Generate conditional: 2, 7, 3
------FunPlus: Generate Block #2----------------------------------------------
Generate assignment: 4 <- 6, 1
Generate assignment: 2 <- 2, 3
Generate conditional: 4, 2, 6
------FunPlus: Generate Block #3----------------------------------------------
Generate assignment: 4 <- 5, 6
Generate assignment: 1 <- 5, 6
Generate conditional: 4, 1, 3
------FunPlus: Generate Block #4----------------------------------------------
Generate assignment: 6 <- 3, 7
Generate assignment: 5 <- 4, 3
Generate conditional: 6, 5, 0
------FunPlus: Generate Block #5----------------------------------------------
Generate assignment: 6 <- 1, 5
Generate assignment: 5 <- 5, 3
Generate conditional: 6, 5, 1
------FunPlus: Generate Block #6----------------------------------------------
Generate assignment: 2 <- 0, 3
Generate assignment: 3 <- 5, 0
Generate conditional: 2, 3, 5
------FunPlus: Generate Block #7----------------------------------------------
Generate assignment: 6 <- 2, 0
Generate assignment: 2 <- 4, 7
Generate conditional: 6, 2, 5
------FunPlus: Generate Block #8----------------------------------------------
Generate assignment: 1 <- 2, 3
Generate assignment: 5 <- 2, 5
Generate conditional: 1, 5, 7
------FunPlus: Generate Block #9----------------------------------------------
Generate assignment: 2 <- 0, 5
Generate assignment: 1 <- 6, 5
Generate conditional: 2, 1, 6
------FunPlus: Generate Block #10----------------------------------------------
Generate assignment: 4 <- 5, 0
Generate assignment: 7 <- 3, 7
Generate conditional: 4, 7, 0
------FunPlus: Generate Block #11----------------------------------------------
Generate assignment: 6 <- 5, 7
Generate assignment: 4 <- 6, 2
Generate conditional: 6, 4, 0
------FunPlus: Generate Block #12----------------------------------------------
Generate assignment: 7 <- 0, 4
Generate assignment: 3 <- 7, 2
Generate conditional: 7, 3, 1
------FunPlus: Generate Block #13----------------------------------------------
Generate assignment: 7 <- 0, 3
Generate assignment: 4 <- 6, 2
Generate conditional: 7, 4, 6
------FunPlus: Generate Block #14----------------------------------------------
Generate assignment: 4 <- 0, 5
Generate assignment: 5 <- 1, 0
------FunPlus: Generate Block #15----------------------------------------------
Generate assignment: 5 <- 0, 7
Generate assignment: 2 <- 3, 0
------FunPlus: Generate Block #16----------------------------------------------
Generate assignment: 1 <- 6, 5
Generate assignment: 2 <- 4, 3
Generate conditional: 1, 2, 7
------FunPlus: Generate Block #17----------------------------------------------
Generate assignment: 6 <- 3, 6
Generate assignment: 2 <- 4, 0
------FunPlus: Generate Block #18----------------------------------------------
Generate assignment: 4 <- 1, 4
Generate assignment: 3 <- 7, 2
----SymExec: Solve------------------------------------------------
Execution Path: 0->4->9->18
------SymExec: Iteration 0----------------------------------------------
Generating or re-generating UB-free constraints
Initial constraints: 
```
(bvsle (bvadd (bvadd (bvadd (bvadd (bvadd (ite (= v0_v0 #b00000000000000000000000000000000) #b00000000000000000000000000000001 #b00000000000000000000000000000000) (ite (= v1_v0 #b00000000000000000000000000000000) #b00000000000000000000000000000001 #b00000000000000000000000000000000)) (ite (= v2_v0 #b00000000000000000000000000000000) #b00000000000000000000000000000001 #b00000000000000000000000000000000)) (ite (= v3_v0 #b00000000000000000000000000000000) #b00000000000000000000000000000001 #b00000000000000000000000000000000)) (ite (= v4_v0 #b00000000000000000000000000000000) #b00000000000000000000000000000001 #b00000000000000000000000000000000)) (ite (= v5_v0 #b00000000000000000000000000000000) #b00000000000000000000000000000001 #b00000000000000000000000000000000)) #b00000000000000000000000000000011)
```
Final constraints: 
```
(bvsle (bvadd (bvadd (bvadd (bvadd (bvadd (ite (= v0_v0 #b00000000000000000000000000000000) #b00000000000000000000000000000001 #b00000000000000000000000000000000) (ite (= v1_v0 #b00000000000000000000000000000000) #b00000000000000000000000000000001 #b00000000000000000000000000000000)) (ite (= v2_v0 #b00000000000000000000000000000000) #b00000000000000000000000000000001 #b00000000000000000000000000000000)) (ite (= v3_v0 #b00000000000000000000000000000000) #b00000000000000000000000000000001 #b00000000000000000000000000000000)) (ite (= v4_v0 #b00000000000000000000000000000000) #b00000000000000000000000000000001 #b00000000000000000000000000000000)) (ite (= v5_v0 #b00000000000000000000000000000000) #b00000000000000000000000000000001 #b00000000000000000000000000000000)) #b00000000000000000000000000000011)
(= v6_v0 init_var6)
(= v7_v0 init_var7)
(not (bvsaddo a0_0_1 v2_v0))
(distinct v3_v0 #b00000000000000000000000000000000)
(not (bvsdivo a0_0_2 v3_v0))
(not (bvssubo (bvadd a0_0_1 v2_v0) (bvsdiv a0_0_2 v3_v0)))
(not (bvssubo (bvsub (bvadd a0_0_1 v2_v0) (bvsdiv a0_0_2 v3_v0)) a0_0))
(bvsle (bvadd (bvadd (ite (= a0_0_1 #b00000000000000000000000000000000) #b00000000000000000000000000000001 #b00000000000000000000000000000000) (ite (= a0_0_2 #b00000000000000000000000000000000) #b00000000000000000000000000000001 #b00000000000000000000000000000000)) (ite (= a0_0 #b00000000000000000000000000000000) #b00000000000000000000000000000001 #b00000000000000000000000000000000)) #b00000000000000000000000000000001)
(= v0_v1 (bvsub (bvsub (bvadd a0_0_1 v2_v0) (bvsdiv a0_0_2 v3_v0)) a0_0))
(distinct v4_v0 #b00000000000000000000000000000000)
(not (bvsdivo a0_1_1 v4_v0))
(not (bvsaddo a0_1_2 v6_v0))
(not (bvsaddo (bvsrem a0_1_1 v4_v0) (bvadd a0_1_2 v6_v0)))
(not (bvsaddo (bvadd (bvsrem a0_1_1 v4_v0) (bvadd a0_1_2 v6_v0)) a0_1))
(bvsle (bvadd (bvadd (ite (= a0_1_1 #b00000000000000000000000000000000) #b00000000000000000000000000000001 #b00000000000000000000000000000000) (ite (= a0_1_2 #b00000000000000000000000000000000) #b00000000000000000000000000000001 #b00000000000000000000000000000000)) (ite (= a0_1 #b00000000000000000000000000000000) #b00000000000000000000000000000001 #b00000000000000000000000000000000)) #b00000000000000000000000000000001)
(= v7_v1 (bvadd (bvadd (bvsrem a0_1_1 v4_v0) (bvadd a0_1_2 v6_v0)) a0_1))
(distinct v0_v1 #b00000000000000000000000000000000)
(not (bvsdivo b0_2_1 v0_v1))
(distinct v7_v1 #b00000000000000000000000000000000)
(not (bvsdivo b0_2_2 v7_v1))
(not (bvsaddo (bvsdiv b0_2_1 v0_v1) (bvsdiv b0_2_2 v7_v1)))
(not (bvsaddo b0_2_3 v6_v0))
(not (bvsaddo (bvadd (bvsdiv b0_2_1 v0_v1) (bvsdiv b0_2_2 v7_v1)) (bvadd b0_2_3 v6_v0)))
(not (bvsaddo (bvadd (bvadd (bvsdiv b0_2_1 v0_v1) (bvsdiv b0_2_2 v7_v1)) (bvadd b0_2_3 v6_v0)) b0_2))
(bvsle (bvadd (bvadd (bvadd (ite (= b0_2_1 #b00000000000000000000000000000000) #b00000000000000000000000000000001 #b00000000000000000000000000000000) (ite (= b0_2_2 #b00000000000000000000000000000000) #b00000000000000000000000000000001 #b00000000000000000000000000000000)) (ite (= b0_2_3 #b00000000000000000000000000000000) #b00000000000000000000000000000001 #b00000000000000000000000000000000)) (ite (= b0_2 #b00000000000000000000000000000000) #b00000000000000000000000000000001 #b00000000000000000000000000000000)) #b00000000000000000000000000000001)
(not (= (bvadd (bvadd (bvadd (bvsdiv b0_2_1 v0_v1) (bvsdiv b0_2_2 v7_v1)) (bvadd b0_2_3 v6_v0)) b0_2) #b00000000000000000000000000000000))
(not (bvsdivo a4_0_1 v3_v0))
(not (bvssubo a4_0_2 v7_v1))
(not (bvsaddo (bvsdiv a4_0_1 v3_v0) (bvsub a4_0_2 v7_v1)))
(not (bvsaddo (bvadd (bvsdiv a4_0_1 v3_v0) (bvsub a4_0_2 v7_v1)) a4_0))
(bvsle (bvadd (bvadd (ite (= a4_0_1 #b00000000000000000000000000000000) #b00000000000000000000000000000001 #b00000000000000000000000000000000) (ite (= a4_0_2 #b00000000000000000000000000000000) #b00000000000000000000000000000001 #b00000000000000000000000000000000)) (ite (= a4_0 #b00000000000000000000000000000000) #b00000000000000000000000000000001 #b00000000000000000000000000000000)) #b00000000000000000000000000000001)
(= v6_v1 (bvadd (bvadd (bvsdiv a4_0_1 v3_v0) (bvsub a4_0_2 v7_v1)) a4_0))
(not (bvsdivo a4_1_1 v4_v0))
(not (bvssubo a4_1_2 v3_v0))
(not (bvssubo (bvsdiv a4_1_1 v4_v0) (bvsub a4_1_2 v3_v0)))
(not (bvssubo (bvsub (bvsdiv a4_1_1 v4_v0) (bvsub a4_1_2 v3_v0)) a4_1))
(bvsle (bvadd (bvadd (ite (= a4_1_1 #b00000000000000000000000000000000) #b00000000000000000000000000000001 #b00000000000000000000000000000000) (ite (= a4_1_2 #b00000000000000000000000000000000) #b00000000000000000000000000000001 #b00000000000000000000000000000000)) (ite (= a4_1 #b00000000000000000000000000000000) #b00000000000000000000000000000001 #b00000000000000000000000000000000)) #b00000000000000000000000000000001)
(= v5_v1 (bvsub (bvsub (bvsdiv a4_1_1 v4_v0) (bvsub a4_1_2 v3_v0)) a4_1))
(not (bvssubo b4_2_1 v6_v1))
(not (bvsmulo b4_2_2 v5_v1))
(not (bvssubo (bvsub b4_2_1 v6_v1) (bvmul b4_2_2 v5_v1)))
(not (bvsaddo b4_2_3 v0_v1))
(not (bvssubo (bvsub (bvsub b4_2_1 v6_v1) (bvmul b4_2_2 v5_v1)) (bvadd b4_2_3 v0_v1)))
(not (bvssubo (bvsub (bvsub (bvsub b4_2_1 v6_v1) (bvmul b4_2_2 v5_v1)) (bvadd b4_2_3 v0_v1)) b4_2))
(bvsle (bvadd (bvadd (bvadd (ite (= b4_2_1 #b00000000000000000000000000000000) #b00000000000000000000000000000001 #b00000000000000000000000000000000) (ite (= b4_2_2 #b00000000000000000000000000000000) #b00000000000000000000000000000001 #b00000000000000000000000000000000)) (ite (= b4_2_3 #b00000000000000000000000000000000) #b00000000000000000000000000000001 #b00000000000000000000000000000000)) (ite (= b4_2 #b00000000000000000000000000000000) #b00000000000000000000000000000001 #b00000000000000000000000000000000)) #b00000000000000000000000000000001)
(= (bvsub (bvsub (bvsub (bvsub b4_2_1 v6_v1) (bvmul b4_2_2 v5_v1)) (bvadd b4_2_3 v0_v1)) b4_2) #b00000000000000000000000000000000)
(not (bvsdivo a9_0_1 v0_v1))
(not (bvsmulo a9_0_2 v5_v1))
(not (bvssubo (bvsrem a9_0_1 v0_v1) (bvmul a9_0_2 v5_v1)))
(not (bvssubo (bvsub (bvsrem a9_0_1 v0_v1) (bvmul a9_0_2 v5_v1)) a9_0))
(bvsle (bvadd (bvadd (ite (= a9_0_1 #b00000000000000000000000000000000) #b00000000000000000000000000000001 #b00000000000000000000000000000000) (ite (= a9_0_2 #b00000000000000000000000000000000) #b00000000000000000000000000000001 #b00000000000000000000000000000000)) (ite (= a9_0 #b00000000000000000000000000000000) #b00000000000000000000000000000001 #b00000000000000000000000000000000)) #b00000000000000000000000000000001)
(= v2_v1 (bvsub (bvsub (bvsrem a9_0_1 v0_v1) (bvmul a9_0_2 v5_v1)) a9_0))
(distinct v6_v1 #b00000000000000000000000000000000)
(not (bvsdivo a9_1_1 v6_v1))
(not (bvsmulo a9_1_2 v5_v1))
(not (bvsaddo (bvsrem a9_1_1 v6_v1) (bvmul a9_1_2 v5_v1)))
(not (bvsaddo (bvadd (bvsrem a9_1_1 v6_v1) (bvmul a9_1_2 v5_v1)) a9_1))
(bvsle (bvadd (bvadd (ite (= a9_1_1 #b00000000000000000000000000000000) #b00000000000000000000000000000001 #b00000000000000000000000000000000) (ite (= a9_1_2 #b00000000000000000000000000000000) #b00000000000000000000000000000001 #b00000000000000000000000000000000)) (ite (= a9_1 #b00000000000000000000000000000000) #b00000000000000000000000000000001 #b00000000000000000000000000000000)) #b00000000000000000000000000000001)
(= v1_v1 (bvadd (bvadd (bvsrem a9_1_1 v6_v1) (bvmul a9_1_2 v5_v1)) a9_1))
(not (bvsaddo b9_2_1 v2_v1))
(not (bvssubo b9_2_2 v1_v1))
(not (bvsaddo (bvadd b9_2_1 v2_v1) (bvsub b9_2_2 v1_v1)))
(not (bvsmulo b9_2_3 v6_v1))
(not (bvsaddo (bvadd (bvadd b9_2_1 v2_v1) (bvsub b9_2_2 v1_v1)) (bvmul b9_2_3 v6_v1)))
(not (bvsaddo (bvadd (bvadd (bvadd b9_2_1 v2_v1) (bvsub b9_2_2 v1_v1)) (bvmul b9_2_3 v6_v1)) b9_2))
(bvsle (bvadd (bvadd (bvadd (ite (= b9_2_1 #b00000000000000000000000000000000) #b00000000000000000000000000000001 #b00000000000000000000000000000000) (ite (= b9_2_2 #b00000000000000000000000000000000) #b00000000000000000000000000000001 #b00000000000000000000000000000000)) (ite (= b9_2_3 #b00000000000000000000000000000000) #b00000000000000000000000000000001 #b00000000000000000000000000000000)) (ite (= b9_2 #b00000000000000000000000000000000) #b00000000000000000000000000000001 #b00000000000000000000000000000000)) #b00000000000000000000000000000001)
(not (bvslt (bvadd (bvadd (bvadd (bvadd b9_2_1 v2_v1) (bvsub b9_2_2 v1_v1)) (bvmul b9_2_3 v6_v1)) b9_2) #b00000000000000000000000000000000))
(not (bvssubo a18_0_1 v1_v1))
(not (bvsaddo a18_0_2 v4_v0))
(not (bvsaddo (bvsub a18_0_1 v1_v1) (bvadd a18_0_2 v4_v0)))
(not (bvsaddo (bvadd (bvsub a18_0_1 v1_v1) (bvadd a18_0_2 v4_v0)) a18_0))
(bvsle (bvadd (bvadd (ite (= a18_0_1 #b00000000000000000000000000000000) #b00000000000000000000000000000001 #b00000000000000000000000000000000) (ite (= a18_0_2 #b00000000000000000000000000000000) #b00000000000000000000000000000001 #b00000000000000000000000000000000)) (ite (= a18_0 #b00000000000000000000000000000000) #b00000000000000000000000000000001 #b00000000000000000000000000000000)) #b00000000000000000000000000000001)
(= v4_v1 (bvadd (bvadd (bvsub a18_0_1 v1_v1) (bvadd a18_0_2 v4_v0)) a18_0))
(not (bvsdivo a18_1_1 v7_v1))
(not (bvssubo a18_1_2 v2_v1))
(not (bvsaddo (bvsrem a18_1_1 v7_v1) (bvsub a18_1_2 v2_v1)))
(not (bvsaddo (bvadd (bvsrem a18_1_1 v7_v1) (bvsub a18_1_2 v2_v1)) a18_1))
(bvsle (bvadd (bvadd (ite (= a18_1_1 #b00000000000000000000000000000000) #b00000000000000000000000000000001 #b00000000000000000000000000000000) (ite (= a18_1_2 #b00000000000000000000000000000000) #b00000000000000000000000000000001 #b00000000000000000000000000000000)) (ite (= a18_1 #b00000000000000000000000000000000) #b00000000000000000000000000000001 #b00000000000000000000000000000000)) #b00000000000000000000000000000001)
(= v3_v1 (bvadd (bvadd (bvsrem a18_1_1 v7_v1) (bvsub a18_1_2 v2_v1)) a18_1))
```
Optimized constraints: 
```
(bvsle (bvadd (bvadd (bvadd (bvadd (bvadd (ite (= v0_v0 #b00000000000000000000000000000000) #b00000000000000000000000000000001 #b00000000000000000000000000000000) (ite (= v1_v0 #b00000000000000000000000000000000) #b00000000000000000000000000000001 #b00000000000000000000000000000000)) (ite (= v2_v0 #b00000000000000000000000000000000) #b00000000000000000000000000000001 #b00000000000000000000000000000000)) (ite (= v3_v0 #b00000000000000000000000000000000) #b00000000000000000000000000000001 #b00000000000000000000000000000000)) (ite (= v4_v0 #b00000000000000000000000000000000) #b00000000000000000000000000000001 #b00000000000000000000000000000000)) (ite (= v5_v0 #b00000000000000000000000000000000) #b00000000000000000000000000000001 #b00000000000000000000000000000000)) #b00000000000000000000000000000011)
(= v6_v0 init_var6)
(= v7_v0 init_var7)
(not (bvsaddo a0_0_1 v2_v0))
(distinct v3_v0 #b00000000000000000000000000000000)
(not (bvsdivo a0_0_2 v3_v0))
(not (bvssubo (bvadd a0_0_1 v2_v0) (bvsdiv a0_0_2 v3_v0)))
(not (bvssubo (bvsub (bvadd a0_0_1 v2_v0) (bvsdiv a0_0_2 v3_v0)) a0_0))
(bvsle (bvadd (bvadd (ite (= a0_0_1 #b00000000000000000000000000000000) #b00000000000000000000000000000001 #b00000000000000000000000000000000) (ite (= a0_0_2 #b00000000000000000000000000000000) #b00000000000000000000000000000001 #b00000000000000000000000000000000)) (ite (= a0_0 #b00000000000000000000000000000000) #b00000000000000000000000000000001 #b00000000000000000000000000000000)) #b00000000000000000000000000000001)
(= v0_v1 (bvsub (bvsub (bvadd a0_0_1 v2_v0) (bvsdiv a0_0_2 v3_v0)) a0_0))
(distinct v4_v0 #b00000000000000000000000000000000)
(not (bvsdivo a0_1_1 v4_v0))
(not (bvsaddo a0_1_2 v6_v0))
(not (bvsaddo (bvsrem a0_1_1 v4_v0) (bvadd a0_1_2 v6_v0)))
(not (bvsaddo (bvadd (bvsrem a0_1_1 v4_v0) (bvadd a0_1_2 v6_v0)) a0_1))
(bvsle (bvadd (bvadd (ite (= a0_1_1 #b00000000000000000000000000000000) #b00000000000000000000000000000001 #b00000000000000000000000000000000) (ite (= a0_1_2 #b00000000000000000000000000000000) #b00000000000000000000000000000001 #b00000000000000000000000000000000)) (ite (= a0_1 #b00000000000000000000000000000000) #b00000000000000000000000000000001 #b00000000000000000000000000000000)) #b00000000000000000000000000000001)
(= v7_v1 (bvadd (bvadd (bvsrem a0_1_1 v4_v0) (bvadd a0_1_2 v6_v0)) a0_1))
(distinct v0_v1 #b00000000000000000000000000000000)
(not (bvsdivo b0_2_1 v0_v1))
(distinct v7_v1 #b00000000000000000000000000000000)
(not (bvsdivo b0_2_2 v7_v1))
(not (bvsaddo (bvsdiv b0_2_1 v0_v1) (bvsdiv b0_2_2 v7_v1)))
(not (bvsaddo b0_2_3 v6_v0))
(not (bvsaddo (bvadd (bvsdiv b0_2_1 v0_v1) (bvsdiv b0_2_2 v7_v1)) (bvadd b0_2_3 v6_v0)))
(not (bvsaddo (bvadd (bvadd (bvsdiv b0_2_1 v0_v1) (bvsdiv b0_2_2 v7_v1)) (bvadd b0_2_3 v6_v0)) b0_2))
(bvsle (bvadd (bvadd (bvadd (ite (= b0_2_1 #b00000000000000000000000000000000) #b00000000000000000000000000000001 #b00000000000000000000000000000000) (ite (= b0_2_2 #b00000000000000000000000000000000) #b00000000000000000000000000000001 #b00000000000000000000000000000000)) (ite (= b0_2_3 #b00000000000000000000000000000000) #b00000000000000000000000000000001 #b00000000000000000000000000000000)) (ite (= b0_2 #b00000000000000000000000000000000) #b00000000000000000000000000000001 #b00000000000000000000000000000000)) #b00000000000000000000000000000001)
(not (= (bvadd (bvadd (bvadd (bvsdiv b0_2_1 v0_v1) (bvsdiv b0_2_2 v7_v1)) (bvadd b0_2_3 v6_v0)) b0_2) #b00000000000000000000000000000000))
(not (bvsdivo a4_0_1 v3_v0))
(not (bvssubo a4_0_2 v7_v1))
(not (bvsaddo (bvsdiv a4_0_1 v3_v0) (bvsub a4_0_2 v7_v1)))
(not (bvsaddo (bvadd (bvsdiv a4_0_1 v3_v0) (bvsub a4_0_2 v7_v1)) a4_0))
(bvsle (bvadd (bvadd (ite (= a4_0_1 #b00000000000000000000000000000000) #b00000000000000000000000000000001 #b00000000000000000000000000000000) (ite (= a4_0_2 #b00000000000000000000000000000000) #b00000000000000000000000000000001 #b00000000000000000000000000000000)) (ite (= a4_0 #b00000000000000000000000000000000) #b00000000000000000000000000000001 #b00000000000000000000000000000000)) #b00000000000000000000000000000001)
(= v6_v1 (bvadd (bvadd (bvsdiv a4_0_1 v3_v0) (bvsub a4_0_2 v7_v1)) a4_0))
(not (bvsdivo a4_1_1 v4_v0))
(not (bvssubo a4_1_2 v3_v0))
(not (bvssubo (bvsdiv a4_1_1 v4_v0) (bvsub a4_1_2 v3_v0)))
(not (bvssubo (bvsub (bvsdiv a4_1_1 v4_v0) (bvsub a4_1_2 v3_v0)) a4_1))
(bvsle (bvadd (bvadd (ite (= a4_1_1 #b00000000000000000000000000000000) #b00000000000000000000000000000001 #b00000000000000000000000000000000) (ite (= a4_1_2 #b00000000000000000000000000000000) #b00000000000000000000000000000001 #b00000000000000000000000000000000)) (ite (= a4_1 #b00000000000000000000000000000000) #b00000000000000000000000000000001 #b00000000000000000000000000000000)) #b00000000000000000000000000000001)
(= v5_v1 (bvsub (bvsub (bvsdiv a4_1_1 v4_v0) (bvsub a4_1_2 v3_v0)) a4_1))
(not (bvssubo b4_2_1 v6_v1))
(not (bvsmulo b4_2_2 v5_v1))
(not (bvssubo (bvsub b4_2_1 v6_v1) (bvmul b4_2_2 v5_v1)))
(not (bvsaddo b4_2_3 v0_v1))
(not (bvssubo (bvsub (bvsub b4_2_1 v6_v1) (bvmul b4_2_2 v5_v1)) (bvadd b4_2_3 v0_v1)))
(not (bvssubo (bvsub (bvsub (bvsub b4_2_1 v6_v1) (bvmul b4_2_2 v5_v1)) (bvadd b4_2_3 v0_v1)) b4_2))
(bvsle (bvadd (bvadd (bvadd (ite (= b4_2_1 #b00000000000000000000000000000000) #b00000000000000000000000000000001 #b00000000000000000000000000000000) (ite (= b4_2_2 #b00000000000000000000000000000000) #b00000000000000000000000000000001 #b00000000000000000000000000000000)) (ite (= b4_2_3 #b00000000000000000000000000000000) #b00000000000000000000000000000001 #b00000000000000000000000000000000)) (ite (= b4_2 #b00000000000000000000000000000000) #b00000000000000000000000000000001 #b00000000000000000000000000000000)) #b00000000000000000000000000000001)
(= (bvsub (bvsub (bvsub (bvsub b4_2_1 v6_v1) (bvmul b4_2_2 v5_v1)) (bvadd b4_2_3 v0_v1)) b4_2) #b00000000000000000000000000000000)
(not (bvsdivo a9_0_1 v0_v1))
(not (bvsmulo a9_0_2 v5_v1))
(not (bvssubo (bvsrem a9_0_1 v0_v1) (bvmul a9_0_2 v5_v1)))
(not (bvssubo (bvsub (bvsrem a9_0_1 v0_v1) (bvmul a9_0_2 v5_v1)) a9_0))
(bvsle (bvadd (bvadd (ite (= a9_0_1 #b00000000000000000000000000000000) #b00000000000000000000000000000001 #b00000000000000000000000000000000) (ite (= a9_0_2 #b00000000000000000000000000000000) #b00000000000000000000000000000001 #b00000000000000000000000000000000)) (ite (= a9_0 #b00000000000000000000000000000000) #b00000000000000000000000000000001 #b00000000000000000000000000000000)) #b00000000000000000000000000000001)
(= v2_v1 (bvsub (bvsub (bvsrem a9_0_1 v0_v1) (bvmul a9_0_2 v5_v1)) a9_0))
(distinct v6_v1 #b00000000000000000000000000000000)
(not (bvsdivo a9_1_1 v6_v1))
(not (bvsmulo a9_1_2 v5_v1))
(not (bvsaddo (bvsrem a9_1_1 v6_v1) (bvmul a9_1_2 v5_v1)))
(not (bvsaddo (bvadd (bvsrem a9_1_1 v6_v1) (bvmul a9_1_2 v5_v1)) a9_1))
(bvsle (bvadd (bvadd (ite (= a9_1_1 #b00000000000000000000000000000000) #b00000000000000000000000000000001 #b00000000000000000000000000000000) (ite (= a9_1_2 #b00000000000000000000000000000000) #b00000000000000000000000000000001 #b00000000000000000000000000000000)) (ite (= a9_1 #b00000000000000000000000000000000) #b00000000000000000000000000000001 #b00000000000000000000000000000000)) #b00000000000000000000000000000001)
(= v1_v1 (bvadd (bvadd (bvsrem a9_1_1 v6_v1) (bvmul a9_1_2 v5_v1)) a9_1))
(not (bvsaddo b9_2_1 v2_v1))
(not (bvssubo b9_2_2 v1_v1))
(not (bvsaddo (bvadd b9_2_1 v2_v1) (bvsub b9_2_2 v1_v1)))
(not (bvsmulo b9_2_3 v6_v1))
(not (bvsaddo (bvadd (bvadd b9_2_1 v2_v1) (bvsub b9_2_2 v1_v1)) (bvmul b9_2_3 v6_v1)))
(not (bvsaddo (bvadd (bvadd (bvadd b9_2_1 v2_v1) (bvsub b9_2_2 v1_v1)) (bvmul b9_2_3 v6_v1)) b9_2))
(bvsle (bvadd (bvadd (bvadd (ite (= b9_2_1 #b00000000000000000000000000000000) #b00000000000000000000000000000001 #b00000000000000000000000000000000) (ite (= b9_2_2 #b00000000000000000000000000000000) #b00000000000000000000000000000001 #b00000000000000000000000000000000)) (ite (= b9_2_3 #b00000000000000000000000000000000) #b00000000000000000000000000000001 #b00000000000000000000000000000000)) (ite (= b9_2 #b00000000000000000000000000000000) #b00000000000000000000000000000001 #b00000000000000000000000000000000)) #b00000000000000000000000000000001)
(not (bvslt (bvadd (bvadd (bvadd (bvadd b9_2_1 v2_v1) (bvsub b9_2_2 v1_v1)) (bvmul b9_2_3 v6_v1)) b9_2) #b00000000000000000000000000000000))
(not (bvssubo a18_0_1 v1_v1))
(not (bvsaddo a18_0_2 v4_v0))
(not (bvsaddo (bvsub a18_0_1 v1_v1) (bvadd a18_0_2 v4_v0)))
(not (bvsaddo (bvadd (bvsub a18_0_1 v1_v1) (bvadd a18_0_2 v4_v0)) a18_0))
(bvsle (bvadd (bvadd (ite (= a18_0_1 #b00000000000000000000000000000000) #b00000000000000000000000000000001 #b00000000000000000000000000000000) (ite (= a18_0_2 #b00000000000000000000000000000000) #b00000000000000000000000000000001 #b00000000000000000000000000000000)) (ite (= a18_0 #b00000000000000000000000000000000) #b00000000000000000000000000000001 #b00000000000000000000000000000000)) #b00000000000000000000000000000001)
(= v4_v1 (bvadd (bvadd (bvsub a18_0_1 v1_v1) (bvadd a18_0_2 v4_v0)) a18_0))
(not (bvsdivo a18_1_1 v7_v1))
(not (bvssubo a18_1_2 v2_v1))
(not (bvsaddo (bvsrem a18_1_1 v7_v1) (bvsub a18_1_2 v2_v1)))
(not (bvsaddo (bvadd (bvsrem a18_1_1 v7_v1) (bvsub a18_1_2 v2_v1)) a18_1))
(bvsle (bvadd (bvadd (ite (= a18_1_1 #b00000000000000000000000000000000) #b00000000000000000000000000000001 #b00000000000000000000000000000000) (ite (= a18_1_2 #b00000000000000000000000000000000) #b00000000000000000000000000000001 #b00000000000000000000000000000000)) (ite (= a18_1 #b00000000000000000000000000000000) #b00000000000000000000000000000001 #b00000000000000000000000000000000)) #b00000000000000000000000000000001)
(= v3_v1 (bvadd (bvadd (bvsrem a18_1_1 v7_v1) (bvsub a18_1_2 v2_v1)) a18_1))
```
Constraint stats: asserted=80 addCalls=84 skippedTrue=0 deduped=4 ensureInRangeCalls=79 boundedAlready=0 uniqueConstraintIds=80 uniqueBoundedIds=0 (solverAsserted=0)
Bitwuzla check_sat time: 202ms
Bitwuzla statistics: preprocess::contradicting_ands::num_substs=0 preprocess::contradicting_ands::time_apply=0ms preprocess::elim_extract::num_elim=0 preprocess::elim_extract::time_apply=0ms preprocess::elim_lambda::time_apply=0ms preprocess::elim_udiv::num_eliminated=0 preprocess::elim_udiv::time_apply=0ms preprocess::embedded_constraints::num_substs=2 preprocess::embedded_constraints::time_apply=1ms preprocess::flatten_and::num_assertions=198 preprocess::flatten_and::num_flattened=157 preprocess::flatten_and::time_apply=0ms preprocess::lambda::num_elim=0 preprocess::normalize::num_common_normalizations=10 preprocess::normalize::num_normalizations=140 preprocess::normalize::num_normalized_assertions=0 preprocess::normalize::num_pass1=0 preprocess::normalize::num_pass2=0 preprocess::normalize::time_adder_chains=2ms preprocess::normalize::time_apply=73ms preprocess::normalize::time_compute_occs=1ms preprocess::normalize::time_normalize_add=0ms preprocess::normalize::time_normalize_mul=0ms preprocess::normalize::time_score=65ms preprocess::rewrite::time_apply=4ms preprocess::skeleton_preproc::cnf::clauses=700 preprocess::skeleton_preproc::cnf::lits=1328 preprocess::skeleton_preproc::new_assertions=0 preprocess::skeleton_preproc::resets=1 preprocess::skeleton_preproc::time_apply=1ms preprocess::skeleton_preproc::time_encode=0ms preprocess::skeleton_preproc::time_fixed=0ms preprocess::skeleton_preproc::time_sat=0ms preprocess::uninterpreted::num_substs=0 preprocess::uninterpreted::time_apply=0ms preprocess::varsubst::normalize_bv_ineq::num_slt=0 preprocess::varsubst::normalize_bv_ineq::num_ult=0 preprocess::varsubst::normalize_eq::num_bv_concat=0 preprocess::varsubst::normalize_eq::num_gauss_elim=6 preprocess::varsubst::normalize_eq::num_linear_eq=6 preprocess::varsubst::num_substs=11 preprocess::varsubst::time_apply=2ms preprocess::varsubst::time_direct_cycle_check=0ms preprocess::varsubst::time_find_substitution=0ms preprocess::varsubst::time_find_vars=0ms preprocess::varsubst::time_register=0ms preprocess::varsubst::time_remove_cycles=0ms preprocess::varsubst::time_substitute=0ms preprocessor::num_iterations=2 preprocessor::time_preprocess=84ms preprocessor::time_process=0ms rewriter::(normalize)::num_evals=0 rewriter::(normalize)::num_rewrites=475 rewriter::(normalize)::rewrite::AND_SPECIAL_CONST=2 rewriter::(normalize)::rewrite::BV_ADD_SPECIAL_CONST=46 rewriter::(normalize)::rewrite::BV_EXTRACT_EVAL=1 rewriter::(normalize)::rewrite::BV_MUL_EVAL=3 rewriter::(normalize)::rewrite::BV_MUL_NEG=1 rewriter::(normalize)::rewrite::BV_MUL_ONES=16 rewriter::(normalize)::rewrite::BV_NEG_ELIM=17 rewriter::(normalize)::rewrite::BV_NOT_BV_NOT=57 rewriter::(normalize)::rewrite::EQUAL_EVAL=2 rewriter::(normalize)::rewrite::NORMALIZE_COMM=329 rewriter::(normalize)::rewrite::NOT_EVAL=1 rewriter::eval::BV_MUL_EVAL=2 rewriter::eval::BV_NEG_EVAL=1 rewriter::eval::BV_SHL_EVAL=2 rewriter::eval::EQUAL_EVAL=4 rewriter::eval::IMPLIES_EVAL=1 rewriter::num_evals=10 rewriter::num_rewrites=2036 rewriter::rewrite::BV_ADD_EVAL=2 rewriter::rewrite::BV_ADD_ITE2=42 rewriter::rewrite::BV_ADD_SPECIAL_CONST=39 rewriter::rewrite::BV_EXTRACT_ADD_MUL=7 rewriter::rewrite::BV_EXTRACT_CONCAT_LHS_RHS=1 rewriter::rewrite::BV_EXTRACT_EVAL=1 rewriter::rewrite::BV_EXTRACT_FULL=7 rewriter::rewrite::BV_MUL_ONE=6 rewriter::rewrite::BV_MUL_POW2=7 rewriter::rewrite::BV_NEG_ELIM=50 rewriter::rewrite::BV_NOT_BV_NOT=344 rewriter::rewrite::BV_NOT_EVAL=2 rewriter::rewrite::BV_OR_ELIM=236 rewriter::rewrite::BV_SADDO_ELIM=22 rewriter::rewrite::BV_SDIVO_ELIM=9 rewriter::rewrite::BV_SDIV_ELIM=5 rewriter::rewrite::BV_SHL_CONST=8 rewriter::rewrite::BV_SHL_SPECIAL_CONST=3 rewriter::rewrite::BV_SIGN_EXTEND_ELIM=12 rewriter::rewrite::BV_SLE_ELIM=12 rewriter::rewrite::BV_SMULO_ELIM=4 rewriter::rewrite::BV_SREM_ELIM=4 rewriter::rewrite::BV_SSUBO_ELIM=15 rewriter::rewrite::BV_SUB_ELIM=21 rewriter::rewrite::DISTINCT_ELIM=5 rewriter::rewrite::EQUAL_BV_SUB=14 rewriter::rewrite::EQUAL_CONST_BV_NOT=124 rewriter::rewrite::EQUAL_SPECIAL_CONST=8 rewriter::rewrite::EQUAL_TRUE=8 rewriter::rewrite::IMPLIES_ELIM=4 rewriter::rewrite::ITE_EVAL=1 rewriter::rewrite::NORMALIZE_COMM=861 rewriter::rewrite::NOT_EQUAL_BV1_BOOL=78 rewriter::rewrite::NOT_NOT=37 rewriter::rewrite::OR_ELIM=37 solver::abstract::lemmas::MUL_NEG_POW2=3 solver::abstract::lemmas::MUL_POW2=1 solver::abstract::num_checks=2 solver::abstract::terms::BV_MUL=4 solver::abstract::terms::total=4 solver::abstract::time_check=2ms solver::array::equalities=0 solver::array::num_checks=0 solver::array::propagations=0 solver::array::propagations_down=0 solver::array::propagations_up=0 solver::array::selects=0 solver::array::time_check=0ms solver::bv::bitblast::aig::num_ands=115056 solver::bv::bitblast::aig::num_consts=1476 solver::bv::bitblast::aig::num_shared=17649 solver::bv::bitblast::aig::time_bitblast=12ms solver::bv::bitblast::cnf::num_clauses=293506 solver::bv::bitblast::cnf::num_literals=710433 solver::bv::bitblast::cnf::num_vars=95828 solver::bv::bitblast::cnf::time_encode=85ms solver::bv::bitblast::sat::time_solve=16ms solver::bv::num_assertions=234 solver::bv::num_checks=2 solver::bv::time_check=101ms solver::engine::lemmas::abstr=4 solver::engine::lemmas::array=0 solver::engine::lemmas::fp=0 solver::engine::lemmas::fun=0 solver::engine::lemmas::quant=0 solver::engine::lemmas::total=4 solver::engine::time_register_term=0ms solver::engine::time_solve=118ms solver::fun::num_checks=1 solver::fun::time_check=0ms solver::quant::mbqi_checks=0 solver::quant::num_lemma_iterations=0 solver::quant::num_lemmas=0 solver::quant::time_check=0ms solver::quant::time_mbqi=0ms solver::quant::time_process=0ms solving_context::max_memory=80453632 solving_context::time_ensure_model=0ms solving_context::time_solve=202ms
SAT
Extract symbols: sym=init_var6, value=-1
Extract symbols: sym=init_var7, value=0
Extract symbols: sym=a0_0_1, value=-1
Extract symbols: sym=a0_0_2, value=-1
Extract symbols: sym=a0_0, value=-1
Extract symbols: sym=a0_1_1, value=-1
Extract symbols: sym=a0_1_2, value=-1
Extract symbols: sym=a0_1, value=-1
Extract symbols: sym=b0_2_1, value=-1
Extract symbols: sym=b0_2_2, value=-1
Extract symbols: sym=b0_2_3, value=-1
Extract symbols: sym=b0_2, value=-1
Extract symbols: sym=a1_0_1, value=0
Extract symbols: sym=a1_0_2, value=0
Extract symbols: sym=a1_0, value=0
Extract symbols: sym=a1_1_1, value=0
Extract symbols: sym=a1_1_2, value=0
Extract symbols: sym=a1_1, value=0
Extract symbols: sym=b1_2_1, value=0
Extract symbols: sym=b1_2_2, value=0
Extract symbols: sym=b1_2_3, value=0
Extract symbols: sym=b1_2, value=0
Extract symbols: sym=a2_0_1, value=0
Extract symbols: sym=a2_0_2, value=0
Extract symbols: sym=a2_0, value=0
Extract symbols: sym=a2_1_1, value=0
Extract symbols: sym=a2_1_2, value=0
Extract symbols: sym=a2_1, value=0
Extract symbols: sym=b2_2_1, value=0
Extract symbols: sym=b2_2_2, value=0
Extract symbols: sym=b2_2_3, value=0
Extract symbols: sym=b2_2, value=0
Extract symbols: sym=a3_0_1, value=0
Extract symbols: sym=a3_0_2, value=0
Extract symbols: sym=a3_0, value=0
Extract symbols: sym=a3_1_1, value=0
Extract symbols: sym=a3_1_2, value=0
Extract symbols: sym=a3_1, value=0
Extract symbols: sym=b3_2_1, value=0
Extract symbols: sym=b3_2_2, value=0
Extract symbols: sym=b3_2_3, value=0
Extract symbols: sym=b3_2, value=0
Extract symbols: sym=a4_0_1, value=-1
Extract symbols: sym=a4_0_2, value=-1
Extract symbols: sym=a4_0, value=-1
Extract symbols: sym=a4_1_1, value=-1
Extract symbols: sym=a4_1_2, value=2
Extract symbols: sym=a4_1, value=-1
Extract symbols: sym=b4_2_1, value=0
Extract symbols: sym=b4_2_2, value=-1
Extract symbols: sym=b4_2_3, value=-1
Extract symbols: sym=b4_2, value=-1
Extract symbols: sym=a5_0_1, value=0
Extract symbols: sym=a5_0_2, value=0
Extract symbols: sym=a5_0, value=0
Extract symbols: sym=a5_1_1, value=0
Extract symbols: sym=a5_1_2, value=0
Extract symbols: sym=a5_1, value=0
Extract symbols: sym=b5_2_1, value=0
Extract symbols: sym=b5_2_2, value=0
Extract symbols: sym=b5_2_3, value=0
Extract symbols: sym=b5_2, value=0
Extract symbols: sym=a6_0_1, value=0
Extract symbols: sym=a6_0_2, value=0
Extract symbols: sym=a6_0, value=0
Extract symbols: sym=a6_1_1, value=0
Extract symbols: sym=a6_1_2, value=0
Extract symbols: sym=a6_1, value=0
Extract symbols: sym=b6_2_1, value=0
Extract symbols: sym=b6_2_2, value=0
Extract symbols: sym=b6_2_3, value=0
Extract symbols: sym=b6_2, value=0
Extract symbols: sym=a7_0_1, value=0
Extract symbols: sym=a7_0_2, value=0
Extract symbols: sym=a7_0, value=0
Extract symbols: sym=a7_1_1, value=0
Extract symbols: sym=a7_1_2, value=0
Extract symbols: sym=a7_1, value=0
Extract symbols: sym=b7_2_1, value=0
Extract symbols: sym=b7_2_2, value=0
Extract symbols: sym=b7_2_3, value=0
Extract symbols: sym=b7_2, value=0
Extract symbols: sym=a8_0_1, value=0
Extract symbols: sym=a8_0_2, value=0
Extract symbols: sym=a8_0, value=0
Extract symbols: sym=a8_1_1, value=0
Extract symbols: sym=a8_1_2, value=0
Extract symbols: sym=a8_1, value=0
Extract symbols: sym=b8_2_1, value=0
Extract symbols: sym=b8_2_2, value=0
Extract symbols: sym=b8_2_3, value=0
Extract symbols: sym=b8_2, value=0
Extract symbols: sym=a9_0_1, value=-1
Extract symbols: sym=a9_0_2, value=-1
Extract symbols: sym=a9_0, value=0
Extract symbols: sym=a9_1_1, value=-1
Extract symbols: sym=a9_1_2, value=-1
Extract symbols: sym=a9_1, value=-1
Extract symbols: sym=b9_2_1, value=-1
Extract symbols: sym=b9_2_2, value=-1
Extract symbols: sym=b9_2_3, value=-1
Extract symbols: sym=b9_2, value=2147483647
Extract symbols: sym=a10_0_1, value=0
Extract symbols: sym=a10_0_2, value=0
Extract symbols: sym=a10_0, value=0
Extract symbols: sym=a10_1_1, value=0
Extract symbols: sym=a10_1_2, value=0
Extract symbols: sym=a10_1, value=0
Extract symbols: sym=b10_2_1, value=0
Extract symbols: sym=b10_2_2, value=0
Extract symbols: sym=b10_2_3, value=0
Extract symbols: sym=b10_2, value=0
Extract symbols: sym=a11_0_1, value=0
Extract symbols: sym=a11_0_2, value=0
Extract symbols: sym=a11_0, value=0
Extract symbols: sym=a11_1_1, value=0
Extract symbols: sym=a11_1_2, value=0
Extract symbols: sym=a11_1, value=0
Extract symbols: sym=b11_2_1, value=0
Extract symbols: sym=b11_2_2, value=0
Extract symbols: sym=b11_2_3, value=0
Extract symbols: sym=b11_2, value=0
Extract symbols: sym=a12_0_1, value=0
Extract symbols: sym=a12_0_2, value=0
Extract symbols: sym=a12_0, value=0
Extract symbols: sym=a12_1_1, value=0
Extract symbols: sym=a12_1_2, value=0
Extract symbols: sym=a12_1, value=0
Extract symbols: sym=b12_2_1, value=0
Extract symbols: sym=b12_2_2, value=0
Extract symbols: sym=b12_2_3, value=0
Extract symbols: sym=b12_2, value=0
Extract symbols: sym=a13_0_1, value=0
Extract symbols: sym=a13_0_2, value=0
Extract symbols: sym=a13_0, value=0
Extract symbols: sym=a13_1_1, value=0
Extract symbols: sym=a13_1_2, value=0
Extract symbols: sym=a13_1, value=0
Extract symbols: sym=b13_2_1, value=0
Extract symbols: sym=b13_2_2, value=0
Extract symbols: sym=b13_2_3, value=0
Extract symbols: sym=b13_2, value=0
Extract symbols: sym=a14_0_1, value=0
Extract symbols: sym=a14_0_2, value=0
Extract symbols: sym=a14_0, value=0
Extract symbols: sym=a14_1_1, value=0
Extract symbols: sym=a14_1_2, value=0
Extract symbols: sym=a14_1, value=0
Extract symbols: sym=a15_0_1, value=0
Extract symbols: sym=a15_0_2, value=0
Extract symbols: sym=a15_0, value=0
Extract symbols: sym=a15_1_1, value=0
Extract symbols: sym=a15_1_2, value=0
Extract symbols: sym=a15_1, value=0
Extract symbols: sym=a16_0_1, value=0
Extract symbols: sym=a16_0_2, value=0
Extract symbols: sym=a16_0, value=0
Extract symbols: sym=a16_1_1, value=0
Extract symbols: sym=a16_1_2, value=0
Extract symbols: sym=a16_1, value=0
Extract symbols: sym=b16_2_1, value=0
Extract symbols: sym=b16_2_2, value=0
Extract symbols: sym=b16_2_3, value=0
Extract symbols: sym=b16_2, value=0
Extract symbols: sym=a17_0_1, value=0
Extract symbols: sym=a17_0_2, value=0
Extract symbols: sym=a17_0, value=0
Extract symbols: sym=a17_1_1, value=0
Extract symbols: sym=a17_1_2, value=0
Extract symbols: sym=a17_1, value=0
Extract symbols: sym=a18_0_1, value=-1
Extract symbols: sym=a18_0_2, value=-1
Extract symbols: sym=a18_0, value=-1
Extract symbols: sym=a18_1_1, value=-1
Extract symbols: sym=a18_1_2, value=-1
Extract symbols: sym=a18_1, value=-1
--------IntUBInject: Inject Int UBs to Block BB8--------------------------------------------
Collected constraints:
(bvsle v2_v0 #b001111111111111111111111111111111)
(bvsge v2_v0 #b110000000000000000000000000000000)
(bvsle v3_v0 #b001111111111111111111111111111111)
(bvsge v3_v0 #b110000000000000000000000000000000)
(bvsle v2_v0 #b001111111111111111111111111111111)
(bvsge v2_v0 #b110000000000000000000000000000000)
(bvsle v5_v0 #b001111111111111111111111111111111)
(bvsge v5_v0 #b110000000000000000000000000000000)
(distinct v2_v0 #b000000000000000000000000000000000)
(= v1_v1 (bvadd (bvadd #b000000000000000000000000000000000 (bvsub #b000000000000000000000000000000000 v3_v0)) (bvsrem #b000000000000000000000000000000000 v2_v0)))
(distinct v2_v0 #b000000000000000000000000000000000)
(= v5_v1 (bvsub (bvsub #b000000000000000000000000000000000 (bvadd #b000000000000000000000000000000000 v5_v0)) (bvsdiv #b000000000000000000000000000000000 v2_v0)))
(distinct v1_v1 #b000000000000000000000000000000000)
(let ((_let0 (bvadd (bvadd #b000000000000000000000000000000000 (bvsub #b000000000000000000000000000000000 v3_v0)) (bvsrem #b000000000000000000000000000000000 v2_v0)))) (let ((_let1 (bvsub (bvsub #b000000000000000000000000000000000 (bvadd #b000000000000000000000000000000000 v5_v0)) (bvsdiv #b000000000000000000000000000000000 v2_v0)))) (let ((_let2 (bvadd (bvadd (bvadd #b000000000000000000000000000000000 (bvadd #b000000000000000000000000000000000 v7_v0)) (bvadd #b000000000000000000000000000000000 v5_v1)) (bvsdiv #b000000000000000000000000000000000 v1_v1)))) (or (or (or false (or (bvsgt _let0 #b001111111111111111111111111111111) (bvslt _let0 #b110000000000000000000000000000000))) (or (bvsgt _let1 #b001111111111111111111111111111111) (bvslt _let1 #b110000000000000000000000000000000))) (or (bvsgt _let2 #b001111111111111111111111111111111) (bvslt _let2 #b110000000000000000000000000000000))))))
SAT
Adding initializations to ensure undefined behaviors
Let variable: var=v2, value=-1
Let variable: var=v3, value=-1
Let variable: var=v2, value=-1
Let variable: var=v5, value=1
--------IntUBInject: Inject Int UBs to Block BB13--------------------------------------------
Collected constraints:
(bvsle v0_v0 #b001111111111111111111111111111111)
(bvsge v0_v0 #b110000000000000000000000000000000)
(bvsle v3_v0 #b001111111111111111111111111111111)
(bvsge v3_v0 #b110000000000000000000000000000000)
(bvsle v6_v0 #b001111111111111111111111111111111)
(bvsge v6_v0 #b110000000000000000000000000000000)
(bvsle v2_v0 #b001111111111111111111111111111111)
(bvsge v2_v0 #b110000000000000000000000000000000)
(distinct v0_v0 #b000000000000000000000000000000000)
(= v7_v1 (bvadd (bvadd #b000000000000000000000000000000000 (bvadd #b000000000000000000000000000000000 v3_v0)) (bvsrem #b000000000000000000000000000000000 v0_v0)))
(distinct v2_v0 #b000000000000000000000000000000000)
(= v4_v1 (bvadd (bvadd #b000000000000000000000000000000000 (bvsdiv #b000000000000000000000000000000000 v2_v0)) (bvsub #b000000000000000000000000000000000 v6_v0)))
(distinct v7_v1 #b000000000000000000000000000000000)
(distinct v6_v0 #b000000000000000000000000000000000)
(let ((_let0 (bvadd (bvadd #b000000000000000000000000000000000 (bvadd #b000000000000000000000000000000000 v3_v0)) (bvsrem #b000000000000000000000000000000000 v0_v0)))) (let ((_let1 (bvadd (bvadd #b000000000000000000000000000000000 (bvsdiv #b000000000000000000000000000000000 v2_v0)) (bvsub #b000000000000000000000000000000000 v6_v0)))) (let ((_let2 (bvsub (bvsub (bvsub #b000000000000000000000000000000000 (bvsdiv #b000000000000000000000000000000000 v6_v0)) (bvmul #b000000000000000000000000000000000 v4_v1)) (bvsrem #b000000000000000000000000000000000 v7_v1)))) (or (or (or false (or (bvsgt _let0 #b001111111111111111111111111111111) (bvslt _let0 #b110000000000000000000000000000000))) (or (bvsgt _let1 #b001111111111111111111111111111111) (bvslt _let1 #b110000000000000000000000000000000))) (or (bvsgt _let2 #b001111111111111111111111111111111) (bvslt _let2 #b110000000000000000000000000000000))))))
SAT
Adding initializations to ensure undefined behaviors
Let variable: var=v0, value=1
Let variable: var=v3, value=1
Let variable: var=v6, value=-2147483648
Let variable: var=v2, value=1
--------IntUBInject: Inject Int UBs to Block BB15--------------------------------------------
Collected constraints:
(bvsle v0_v0 #b001111111111111111111111111111111)
(bvsge v0_v0 #b110000000000000000000000000000000)
(bvsle v7_v0 #b001111111111111111111111111111111)
(bvsge v7_v0 #b110000000000000000000000000000000)
(bvsle v3_v0 #b001111111111111111111111111111111)
(bvsge v3_v0 #b110000000000000000000000000000000)
(bvsle v0_v0 #b001111111111111111111111111111111)
(bvsge v0_v0 #b110000000000000000000000000000000)
(distinct v0_v0 #b000000000000000000000000000000000)
(= v5_v1 (bvsub (bvsub #b000000000000000000000000000000000 (bvmul #b000000000000000000000000000000000 v7_v0)) (bvsdiv #b000000000000000000000000000000000 v0_v0)))
(distinct v0_v0 #b000000000000000000000000000000000)
(= v2_v1 (bvsub (bvsub #b000000000000000000000000000000000 (bvsdiv #b000000000000000000000000000000000 v0_v0)) (bvadd #b000000000000000000000000000000000 v3_v0)))
(let ((_let0 (bvsdiv #b000000000000000000000000000000000 v0_v0))) (let ((_let1 (bvsub (bvsub #b000000000000000000000000000000000 (bvmul #b000000000000000000000000000000000 v7_v0)) _let0))) (let ((_let2 (bvsub (bvsub #b000000000000000000000000000000000 _let0) (bvadd #b000000000000000000000000000000000 v3_v0)))) (or (or false (or (bvsgt _let1 #b001111111111111111111111111111111) (bvslt _let1 #b110000000000000000000000000000000))) (or (bvsgt _let2 #b001111111111111111111111111111111) (bvslt _let2 #b110000000000000000000000000000000))))))
SAT
Adding initializations to ensure undefined behaviors
Let variable: var=v0, value=-1
Let variable: var=v7, value=-2147483648
Let variable: var=v3, value=-2147483648
Let variable: var=v0, value=-1
Extract initialization: param=v0, value=-1
Extract initialization: param=v1, value=-1
Extract initialization: param=v2, value=0
Extract initialization: param=v3, value=-1
Extract initialization: param=v4, value=-1
Extract initialization: param=v5, value=-1
Extract finalization: param=v0, value=-1
Extract finalization: param=v1, value=-1
Extract finalization: param=v2, value=-1
Extract finalization: param=v3, value=-2
Extract finalization: param=v4, value=-3
Extract finalization: param=v5, value=-1
------SymExec: Iteration 1----------------------------------------------
Generating or re-generating UB-free constraints
Initial constraints: 
```
(bvsle (bvadd (bvadd (bvadd (bvadd (bvadd (ite (= v0_v0 #b00000000000000000000000000000000) #b00000000000000000000000000000001 #b00000000000000000000000000000000) (ite (= v1_v0 #b00000000000000000000000000000000) #b00000000000000000000000000000001 #b00000000000000000000000000000000)) (ite (= v2_v0 #b00000000000000000000000000000000) #b00000000000000000000000000000001 #b00000000000000000000000000000000)) (ite (= v3_v0 #b00000000000000000000000000000000) #b00000000000000000000000000000001 #b00000000000000000000000000000000)) (ite (= v4_v0 #b00000000000000000000000000000000) #b00000000000000000000000000000001 #b00000000000000000000000000000000)) (ite (= v5_v0 #b00000000000000000000000000000000) #b00000000000000000000000000000001 #b00000000000000000000000000000000)) #b00000000000000000000000000000011)
```
Final constraints: 
```
(bvsle (bvadd (bvadd (bvadd (bvadd (bvadd (ite (= v0_v0 #b00000000000000000000000000000000) #b00000000000000000000000000000001 #b00000000000000000000000000000000) (ite (= v1_v0 #b00000000000000000000000000000000) #b00000000000000000000000000000001 #b00000000000000000000000000000000)) (ite (= v2_v0 #b00000000000000000000000000000000) #b00000000000000000000000000000001 #b00000000000000000000000000000000)) (ite (= v3_v0 #b00000000000000000000000000000000) #b00000000000000000000000000000001 #b00000000000000000000000000000000)) (ite (= v4_v0 #b00000000000000000000000000000000) #b00000000000000000000000000000001 #b00000000000000000000000000000000)) (ite (= v5_v0 #b00000000000000000000000000000000) #b00000000000000000000000000000001 #b00000000000000000000000000000000)) #b00000000000000000000000000000011)
(= v6_v0 #b11111111111111111111111111111111)
(= v7_v0 #b00000000000000000000000000000000)
(not (bvsaddo #b11111111111111111111111111111111 v2_v0))
(distinct v3_v0 #b00000000000000000000000000000000)
(not (bvsdivo #b11111111111111111111111111111111 v3_v0))
(not (bvssubo (bvadd #b11111111111111111111111111111111 v2_v0) (bvsdiv #b11111111111111111111111111111111 v3_v0)))
(not (bvssubo (bvsub (bvadd #b11111111111111111111111111111111 v2_v0) (bvsdiv #b11111111111111111111111111111111 v3_v0)) #b11111111111111111111111111111111))
(let ((_let0 (ite (= #b11111111111111111111111111111111 #b00000000000000000000000000000000) #b00000000000000000000000000000001 #b00000000000000000000000000000000))) (bvsle (bvadd (bvadd _let0 _let0) _let0) #b00000000000000000000000000000001))
(= v0_v1 (bvsub (bvsub (bvadd #b11111111111111111111111111111111 v2_v0) (bvsdiv #b11111111111111111111111111111111 v3_v0)) #b11111111111111111111111111111111))
(distinct v4_v0 #b00000000000000000000000000000000)
(not (bvsdivo #b11111111111111111111111111111111 v4_v0))
(not (bvsaddo #b11111111111111111111111111111111 v6_v0))
(not (bvsaddo (bvsrem #b11111111111111111111111111111111 v4_v0) (bvadd #b11111111111111111111111111111111 v6_v0)))
(not (bvsaddo (bvadd (bvsrem #b11111111111111111111111111111111 v4_v0) (bvadd #b11111111111111111111111111111111 v6_v0)) #b11111111111111111111111111111111))
(= v7_v1 (bvadd (bvadd (bvsrem #b11111111111111111111111111111111 v4_v0) (bvadd #b11111111111111111111111111111111 v6_v0)) #b11111111111111111111111111111111))
(distinct v0_v1 #b00000000000000000000000000000000)
(not (bvsdivo #b11111111111111111111111111111111 v0_v1))
(distinct v7_v1 #b00000000000000000000000000000000)
(not (bvsdivo #b11111111111111111111111111111111 v7_v1))
(not (bvsaddo (bvsdiv #b11111111111111111111111111111111 v0_v1) (bvsdiv #b11111111111111111111111111111111 v7_v1)))
(not (bvsaddo (bvadd (bvsdiv #b11111111111111111111111111111111 v0_v1) (bvsdiv #b11111111111111111111111111111111 v7_v1)) (bvadd #b11111111111111111111111111111111 v6_v0)))
(not (bvsaddo (bvadd (bvadd (bvsdiv #b11111111111111111111111111111111 v0_v1) (bvsdiv #b11111111111111111111111111111111 v7_v1)) (bvadd #b11111111111111111111111111111111 v6_v0)) #b11111111111111111111111111111111))
(let ((_let0 (ite (= #b11111111111111111111111111111111 #b00000000000000000000000000000000) #b00000000000000000000000000000001 #b00000000000000000000000000000000))) (bvsle (bvadd (bvadd (bvadd _let0 _let0) _let0) _let0) #b00000000000000000000000000000001))
(not (= (bvadd (bvadd (bvadd (bvsdiv #b11111111111111111111111111111111 v0_v1) (bvsdiv #b11111111111111111111111111111111 v7_v1)) (bvadd #b11111111111111111111111111111111 v6_v0)) #b11111111111111111111111111111111) #b00000000000000000000000000000000))
(not (bvssubo #b11111111111111111111111111111111 v7_v1))
(not (bvsaddo (bvsdiv #b11111111111111111111111111111111 v3_v0) (bvsub #b11111111111111111111111111111111 v7_v1)))
(not (bvsaddo (bvadd (bvsdiv #b11111111111111111111111111111111 v3_v0) (bvsub #b11111111111111111111111111111111 v7_v1)) #b11111111111111111111111111111111))
(= v6_v1 (bvadd (bvadd (bvsdiv #b11111111111111111111111111111111 v3_v0) (bvsub #b11111111111111111111111111111111 v7_v1)) #b11111111111111111111111111111111))
(not (bvssubo #b00000000000000000000000000000010 v3_v0))
(not (bvssubo (bvsdiv #b11111111111111111111111111111111 v4_v0) (bvsub #b00000000000000000000000000000010 v3_v0)))
(not (bvssubo (bvsub (bvsdiv #b11111111111111111111111111111111 v4_v0) (bvsub #b00000000000000000000000000000010 v3_v0)) #b11111111111111111111111111111111))
(let ((_let0 (ite (= #b11111111111111111111111111111111 #b00000000000000000000000000000000) #b00000000000000000000000000000001 #b00000000000000000000000000000000))) (bvsle (bvadd (bvadd _let0 (ite (= #b00000000000000000000000000000010 #b00000000000000000000000000000000) #b00000000000000000000000000000001 #b00000000000000000000000000000000)) _let0) #b00000000000000000000000000000001))
(= v5_v1 (bvsub (bvsub (bvsdiv #b11111111111111111111111111111111 v4_v0) (bvsub #b00000000000000000000000000000010 v3_v0)) #b11111111111111111111111111111111))
(not (bvssubo #b00000000000000000000000000000000 v6_v1))
(not (bvsmulo #b11111111111111111111111111111111 v5_v1))
(not (bvssubo (bvsub #b00000000000000000000000000000000 v6_v1) (bvmul #b11111111111111111111111111111111 v5_v1)))
(not (bvsaddo #b11111111111111111111111111111111 v0_v1))
(not (bvssubo (bvsub (bvsub #b00000000000000000000000000000000 v6_v1) (bvmul #b11111111111111111111111111111111 v5_v1)) (bvadd #b11111111111111111111111111111111 v0_v1)))
(not (bvssubo (bvsub (bvsub (bvsub #b00000000000000000000000000000000 v6_v1) (bvmul #b11111111111111111111111111111111 v5_v1)) (bvadd #b11111111111111111111111111111111 v0_v1)) #b11111111111111111111111111111111))
(let ((_let0 (ite (= #b11111111111111111111111111111111 #b00000000000000000000000000000000) #b00000000000000000000000000000001 #b00000000000000000000000000000000))) (bvsle (bvadd (bvadd (bvadd (ite (= #b00000000000000000000000000000000 #b00000000000000000000000000000000) #b00000000000000000000000000000001 #b00000000000000000000000000000000) _let0) _let0) _let0) #b00000000000000000000000000000001))
(= (bvsub (bvsub (bvsub (bvsub #b00000000000000000000000000000000 v6_v1) (bvmul #b11111111111111111111111111111111 v5_v1)) (bvadd #b11111111111111111111111111111111 v0_v1)) #b11111111111111111111111111111111) #b00000000000000000000000000000000)
(not (bvssubo (bvsrem #b11111111111111111111111111111111 v0_v1) (bvmul #b11111111111111111111111111111111 v5_v1)))
(not (bvssubo (bvsub (bvsrem #b11111111111111111111111111111111 v0_v1) (bvmul #b11111111111111111111111111111111 v5_v1)) #b00000000000000000000000000000000))
(let ((_let0 (ite (= #b11111111111111111111111111111111 #b00000000000000000000000000000000) #b00000000000000000000000000000001 #b00000000000000000000000000000000))) (bvsle (bvadd (bvadd _let0 _let0) (ite (= #b00000000000000000000000000000000 #b00000000000000000000000000000000) #b00000000000000000000000000000001 #b00000000000000000000000000000000)) #b00000000000000000000000000000001))
(= v2_v1 (bvsub (bvsub (bvsrem #b11111111111111111111111111111111 v0_v1) (bvmul #b11111111111111111111111111111111 v5_v1)) #b00000000000000000000000000000000))
(distinct v6_v1 #b00000000000000000000000000000000)
(not (bvsdivo #b11111111111111111111111111111111 v6_v1))
(not (bvsaddo (bvsrem #b11111111111111111111111111111111 v6_v1) (bvmul #b11111111111111111111111111111111 v5_v1)))
(not (bvsaddo (bvadd (bvsrem #b11111111111111111111111111111111 v6_v1) (bvmul #b11111111111111111111111111111111 v5_v1)) #b11111111111111111111111111111111))
(= v1_v1 (bvadd (bvadd (bvsrem #b11111111111111111111111111111111 v6_v1) (bvmul #b11111111111111111111111111111111 v5_v1)) #b11111111111111111111111111111111))
(not (bvsaddo #b11111111111111111111111111111111 v2_v1))
(not (bvssubo #b11111111111111111111111111111111 v1_v1))
(not (bvsaddo (bvadd #b11111111111111111111111111111111 v2_v1) (bvsub #b11111111111111111111111111111111 v1_v1)))
(not (bvsmulo #b11111111111111111111111111111111 v6_v1))
(not (bvsaddo (bvadd (bvadd #b11111111111111111111111111111111 v2_v1) (bvsub #b11111111111111111111111111111111 v1_v1)) (bvmul #b11111111111111111111111111111111 v6_v1)))
(not (bvsaddo (bvadd (bvadd (bvadd #b11111111111111111111111111111111 v2_v1) (bvsub #b11111111111111111111111111111111 v1_v1)) (bvmul #b11111111111111111111111111111111 v6_v1)) #b01111111111111111111111111111111))
(let ((_let0 (ite (= #b11111111111111111111111111111111 #b00000000000000000000000000000000) #b00000000000000000000000000000001 #b00000000000000000000000000000000))) (bvsle (bvadd (bvadd (bvadd _let0 _let0) _let0) (ite (= #b01111111111111111111111111111111 #b00000000000000000000000000000000) #b00000000000000000000000000000001 #b00000000000000000000000000000000)) #b00000000000000000000000000000001))
(not (bvslt (bvadd (bvadd (bvadd (bvadd #b11111111111111111111111111111111 v2_v1) (bvsub #b11111111111111111111111111111111 v1_v1)) (bvmul #b11111111111111111111111111111111 v6_v1)) #b01111111111111111111111111111111) #b00000000000000000000000000000000))
(not (bvsaddo #b11111111111111111111111111111111 v4_v0))
(not (bvsaddo (bvsub #b11111111111111111111111111111111 v1_v1) (bvadd #b11111111111111111111111111111111 v4_v0)))
(not (bvsaddo (bvadd (bvsub #b11111111111111111111111111111111 v1_v1) (bvadd #b11111111111111111111111111111111 v4_v0)) #b11111111111111111111111111111111))
(= v4_v1 (bvadd (bvadd (bvsub #b11111111111111111111111111111111 v1_v1) (bvadd #b11111111111111111111111111111111 v4_v0)) #b11111111111111111111111111111111))
(not (bvssubo #b11111111111111111111111111111111 v2_v1))
(not (bvsaddo (bvsrem #b11111111111111111111111111111111 v7_v1) (bvsub #b11111111111111111111111111111111 v2_v1)))
(not (bvsaddo (bvadd (bvsrem #b11111111111111111111111111111111 v7_v1) (bvsub #b11111111111111111111111111111111 v2_v1)) #b11111111111111111111111111111111))
(= v3_v1 (bvadd (bvadd (bvsrem #b11111111111111111111111111111111 v7_v1) (bvsub #b11111111111111111111111111111111 v2_v1)) #b11111111111111111111111111111111))
(bvsle (bvadd (bvadd (bvadd (bvadd (bvadd (ite (= (ite (distinct v0_v0 #b11111111111111111111111111111111) #b00000000000000000000000000000001 #b00000000000000000000000000000000) #b00000000000000000000000000000000) #b00000000000000000000000000000001 #b00000000000000000000000000000000) (ite (= (ite (distinct v1_v0 #b11111111111111111111111111111111) #b00000000000000000000000000000001 #b00000000000000000000000000000000) #b00000000000000000000000000000000) #b00000000000000000000000000000001 #b00000000000000000000000000000000)) (ite (= (ite (distinct v2_v0 #b00000000000000000000000000000000) #b00000000000000000000000000000001 #b00000000000000000000000000000000) #b00000000000000000000000000000000) #b00000000000000000000000000000001 #b00000000000000000000000000000000)) (ite (= (ite (distinct v3_v0 #b11111111111111111111111111111111) #b00000000000000000000000000000001 #b00000000000000000000000000000000) #b00000000000000000000000000000000) #b00000000000000000000000000000001 #b00000000000000000000000000000000)) (ite (= (ite (distinct v4_v0 #b11111111111111111111111111111111) #b00000000000000000000000000000001 #b00000000000000000000000000000000) #b00000000000000000000000000000000) #b00000000000000000000000000000001 #b00000000000000000000000000000000)) (ite (= (ite (distinct v5_v0 #b11111111111111111111111111111111) #b00000000000000000000000000000001 #b00000000000000000000000000000000) #b00000000000000000000000000000000) #b00000000000000000000000000000001 #b00000000000000000000000000000000)) #b00000000000000000000000000000011)
```
Constraint stats: asserted=68 addCalls=85 skippedTrue=0 deduped=17 ensureInRangeCalls=79 boundedAlready=0 uniqueConstraintIds=68 uniqueBoundedIds=0 (solverAsserted=0)
Bitwuzla check_sat time: 602ms
Bitwuzla statistics: preprocess::contradicting_ands::num_substs=0 preprocess::contradicting_ands::time_apply=0ms preprocess::elim_extract::num_elim=0 preprocess::elim_extract::time_apply=0ms preprocess::elim_lambda::time_apply=0ms preprocess::elim_udiv::num_eliminated=0 preprocess::elim_udiv::time_apply=0ms preprocess::embedded_constraints::num_substs=2 preprocess::embedded_constraints::time_apply=0ms preprocess::flatten_and::num_assertions=28 preprocess::flatten_and::num_flattened=14 preprocess::flatten_and::time_apply=0ms preprocess::lambda::num_elim=0 preprocess::normalize::num_common_normalizations=4 preprocess::normalize::num_normalizations=96 preprocess::normalize::num_normalized_assertions=0 preprocess::normalize::num_pass1=0 preprocess::normalize::num_pass2=0 preprocess::normalize::time_adder_chains=1ms preprocess::normalize::time_apply=13ms preprocess::normalize::time_compute_occs=0ms preprocess::normalize::time_normalize_add=0ms preprocess::normalize::time_normalize_mul=0ms preprocess::normalize::time_score=10ms preprocess::rewrite::time_apply=0ms preprocess::skeleton_preproc::cnf::clauses=265 preprocess::skeleton_preproc::cnf::lits=541 preprocess::skeleton_preproc::new_assertions=0 preprocess::skeleton_preproc::resets=1 preprocess::skeleton_preproc::time_apply=1ms preprocess::skeleton_preproc::time_encode=0ms preprocess::skeleton_preproc::time_fixed=0ms preprocess::skeleton_preproc::time_sat=0ms preprocess::uninterpreted::num_substs=0 preprocess::uninterpreted::time_apply=0ms preprocess::varsubst::normalize_bv_ineq::num_slt=0 preprocess::varsubst::normalize_bv_ineq::num_ult=0 preprocess::varsubst::normalize_eq::num_bv_concat=0 preprocess::varsubst::normalize_eq::num_gauss_elim=1 preprocess::varsubst::normalize_eq::num_linear_eq=1 preprocess::varsubst::num_substs=10 preprocess::varsubst::time_apply=0ms preprocess::varsubst::time_direct_cycle_check=0ms preprocess::varsubst::time_find_substitution=0ms preprocess::varsubst::time_find_vars=0ms preprocess::varsubst::time_register=0ms preprocess::varsubst::time_remove_cycles=0ms preprocess::varsubst::time_substitute=0ms preprocessor::num_iterations=2 preprocessor::time_preprocess=17ms preprocessor::time_process=0ms rewriter::(normalize)::num_evals=0 rewriter::(normalize)::num_rewrites=281 rewriter::(normalize)::rewrite::BV_ADD_CONST=17 rewriter::(normalize)::rewrite::BV_ADD_EVAL=15 rewriter::(normalize)::rewrite::BV_ADD_SPECIAL_CONST=17 rewriter::(normalize)::rewrite::BV_MUL_EVAL=5 rewriter::(normalize)::rewrite::BV_MUL_ONES=10 rewriter::(normalize)::rewrite::BV_NEG_ELIM=10 rewriter::(normalize)::rewrite::BV_NOT_BV_NOT=31 rewriter::(normalize)::rewrite::NORMALIZE_COMM=175 rewriter::(normalize)::rewrite::NORM_FACT_BV_ADD_MUL=1 rewriter::num_evals=0 rewriter::num_rewrites=1055 rewriter::rewrite::AND_EVAL=1 rewriter::rewrite::AND_SPECIAL_CONST=101 rewriter::rewrite::BV_ADD_CONST=13 rewriter::rewrite::BV_ADD_EVAL=10 rewriter::rewrite::BV_ADD_ITE2=12 rewriter::rewrite::BV_ADD_SPECIAL_CONST=20 rewriter::rewrite::BV_AND_EVAL=1 rewriter::rewrite::BV_AND_SPECIAL_CONST=62 rewriter::rewrite::BV_CONCAT_EVAL=2 rewriter::rewrite::BV_EXTRACT_ADD_MUL=4 rewriter::rewrite::BV_EXTRACT_EVAL=37 rewriter::rewrite::BV_EXTRACT_FULL=2 rewriter::rewrite::BV_MUL_ONE=1 rewriter::rewrite::BV_MUL_ONES=4 rewriter::rewrite::BV_MUL_POW2=6 rewriter::rewrite::BV_NEG_ELIM=27 rewriter::rewrite::BV_NOT_BV_NEG=3 rewriter::rewrite::BV_NOT_BV_NOT=65 rewriter::rewrite::BV_NOT_EVAL=5 rewriter::rewrite::BV_OR_ELIM=3 rewriter::rewrite::BV_SADDO_ELIM=21 rewriter::rewrite::BV_SDIVO_ELIM=5 rewriter::rewrite::BV_SDIV_ELIM=4 rewriter::rewrite::BV_SHL_CONST=6 rewriter::rewrite::BV_SIGN_EXTEND_ELIM=6 rewriter::rewrite::BV_SLE_ELIM=4 rewriter::rewrite::BV_SLT_EVAL=2 rewriter::rewrite::BV_SMULO_ELIM=2 rewriter::rewrite::BV_SREM_ELIM=4 rewriter::rewrite::BV_SSUBO_ELIM=14 rewriter::rewrite::BV_SUB_ELIM=15 rewriter::rewrite::BV_XOR_EVAL=1 rewriter::rewrite::BV_XOR_SPECIAL_CONST=4 rewriter::rewrite::DISTINCT_ELIM=11 rewriter::rewrite::EQUAL_BV_ADD_ADD=1 rewriter::rewrite::EQUAL_BV_SUB=4 rewriter::rewrite::EQUAL_CONST_BV_ADD=6 rewriter::rewrite::EQUAL_CONST_BV_NOT=5 rewriter::rewrite::EQUAL_EVAL=11 rewriter::rewrite::EQUAL_ITE_SAME=6 rewriter::rewrite::EQUAL_SPECIAL_CONST=2 rewriter::rewrite::EQUAL_TRUE=7 rewriter::rewrite::ITE_EVAL=10 rewriter::rewrite::NORMALIZE_COMM=412 rewriter::rewrite::NOT_EQUAL_BV1_BOOL=30 rewriter::rewrite::NOT_EVAL=1 rewriter::rewrite::NOT_NOT=41 rewriter::rewrite::OR_ELIM=41 solver::abstract::num_checks=1 solver::abstract::terms::total=0 solver::abstract::time_check=0ms solver::array::equalities=0 solver::array::num_checks=0 solver::array::propagations=0 solver::array::propagations_down=0 solver::array::propagations_up=0 solver::array::selects=0 solver::array::time_check=0ms solver::bv::bitblast::aig::num_ands=50852 solver::bv::bitblast::aig::num_consts=192 solver::bv::bitblast::aig::num_shared=41932 solver::bv::bitblast::aig::time_bitblast=7ms solver::bv::bitblast::cnf::num_clauses=124150 solver::bv::bitblast::cnf::num_literals=303099 solver::bv::bitblast::cnf::num_vars=39777 solver::bv::bitblast::cnf::time_encode=27ms solver::bv::bitblast::sat::time_solve=550ms solver::bv::num_assertions=59 solver::bv::num_checks=1 solver::bv::time_check=577ms solver::engine::lemmas::abstr=0 solver::engine::lemmas::array=0 solver::engine::lemmas::fp=0 solver::engine::lemmas::fun=0 solver::engine::lemmas::quant=0 solver::engine::lemmas::total=0 solver::engine::time_register_term=0ms solver::engine::time_solve=585ms solver::fun::num_checks=1 solver::fun::time_check=0ms solver::quant::mbqi_checks=0 solver::quant::num_lemma_iterations=0 solver::quant::num_lemmas=0 solver::quant::time_check=0ms solver::quant::time_mbqi=0ms solver::quant::time_process=0ms solving_context::max_memory=81633280 solving_context::time_ensure_model=0ms solving_context::time_solve=602ms
SAT
Extract initialization: param=v0, value=0
Extract initialization: param=v1, value=1
Extract initialization: param=v2, value=-25
Extract initialization: param=v3, value=-24
Extract initialization: param=v4, value=-268435472
Extract initialization: param=v5, value=0
Extract finalization: param=v0, value=-25
Extract finalization: param=v1, value=23
Extract finalization: param=v2, value=-26
Extract finalization: param=v3, value=23
Extract finalization: param=v4, value=-268435498
Extract finalization: param=v5, value=-25
------SymExec: Iteration 2----------------------------------------------
Final constraints: 
```
(bvsle (bvadd (bvadd (bvadd (bvadd (bvadd (ite (= v0_v0 #b00000000000000000000000000000000) #b00000000000000000000000000000001 #b00000000000000000000000000000000) (ite (= v1_v0 #b00000000000000000000000000000000) #b00000000000000000000000000000001 #b00000000000000000000000000000000)) (ite (= v2_v0 #b00000000000000000000000000000000) #b00000000000000000000000000000001 #b00000000000000000000000000000000)) (ite (= v3_v0 #b00000000000000000000000000000000) #b00000000000000000000000000000001 #b00000000000000000000000000000000)) (ite (= v4_v0 #b00000000000000000000000000000000) #b00000000000000000000000000000001 #b00000000000000000000000000000000)) (ite (= v5_v0 #b00000000000000000000000000000000) #b00000000000000000000000000000001 #b00000000000000000000000000000000)) #b00000000000000000000000000000011)
(= v6_v0 #b11111111111111111111111111111111)
(= v7_v0 #b00000000000000000000000000000000)
(not (bvsaddo #b11111111111111111111111111111111 v2_v0))
(distinct v3_v0 #b00000000000000000000000000000000)
(not (bvsdivo #b11111111111111111111111111111111 v3_v0))
(not (bvssubo (bvadd #b11111111111111111111111111111111 v2_v0) (bvsdiv #b11111111111111111111111111111111 v3_v0)))
(not (bvssubo (bvsub (bvadd #b11111111111111111111111111111111 v2_v0) (bvsdiv #b11111111111111111111111111111111 v3_v0)) #b11111111111111111111111111111111))
(let ((_let0 (ite (= #b11111111111111111111111111111111 #b00000000000000000000000000000000) #b00000000000000000000000000000001 #b00000000000000000000000000000000))) (bvsle (bvadd (bvadd _let0 _let0) _let0) #b00000000000000000000000000000001))
(= v0_v1 (bvsub (bvsub (bvadd #b11111111111111111111111111111111 v2_v0) (bvsdiv #b11111111111111111111111111111111 v3_v0)) #b11111111111111111111111111111111))
(distinct v4_v0 #b00000000000000000000000000000000)
(not (bvsdivo #b11111111111111111111111111111111 v4_v0))
(not (bvsaddo #b11111111111111111111111111111111 v6_v0))
(not (bvsaddo (bvsrem #b11111111111111111111111111111111 v4_v0) (bvadd #b11111111111111111111111111111111 v6_v0)))
(not (bvsaddo (bvadd (bvsrem #b11111111111111111111111111111111 v4_v0) (bvadd #b11111111111111111111111111111111 v6_v0)) #b11111111111111111111111111111111))
(= v7_v1 (bvadd (bvadd (bvsrem #b11111111111111111111111111111111 v4_v0) (bvadd #b11111111111111111111111111111111 v6_v0)) #b11111111111111111111111111111111))
(distinct v0_v1 #b00000000000000000000000000000000)
(not (bvsdivo #b11111111111111111111111111111111 v0_v1))
(distinct v7_v1 #b00000000000000000000000000000000)
(not (bvsdivo #b11111111111111111111111111111111 v7_v1))
(not (bvsaddo (bvsdiv #b11111111111111111111111111111111 v0_v1) (bvsdiv #b11111111111111111111111111111111 v7_v1)))
(not (bvsaddo (bvadd (bvsdiv #b11111111111111111111111111111111 v0_v1) (bvsdiv #b11111111111111111111111111111111 v7_v1)) (bvadd #b11111111111111111111111111111111 v6_v0)))
(not (bvsaddo (bvadd (bvadd (bvsdiv #b11111111111111111111111111111111 v0_v1) (bvsdiv #b11111111111111111111111111111111 v7_v1)) (bvadd #b11111111111111111111111111111111 v6_v0)) #b11111111111111111111111111111111))
(let ((_let0 (ite (= #b11111111111111111111111111111111 #b00000000000000000000000000000000) #b00000000000000000000000000000001 #b00000000000000000000000000000000))) (bvsle (bvadd (bvadd (bvadd _let0 _let0) _let0) _let0) #b00000000000000000000000000000001))
(not (= (bvadd (bvadd (bvadd (bvsdiv #b11111111111111111111111111111111 v0_v1) (bvsdiv #b11111111111111111111111111111111 v7_v1)) (bvadd #b11111111111111111111111111111111 v6_v0)) #b11111111111111111111111111111111) #b00000000000000000000000000000000))
(not (bvssubo #b11111111111111111111111111111111 v7_v1))
(not (bvsaddo (bvsdiv #b11111111111111111111111111111111 v3_v0) (bvsub #b11111111111111111111111111111111 v7_v1)))
(not (bvsaddo (bvadd (bvsdiv #b11111111111111111111111111111111 v3_v0) (bvsub #b11111111111111111111111111111111 v7_v1)) #b11111111111111111111111111111111))
(= v6_v1 (bvadd (bvadd (bvsdiv #b11111111111111111111111111111111 v3_v0) (bvsub #b11111111111111111111111111111111 v7_v1)) #b11111111111111111111111111111111))
(not (bvssubo #b00000000000000000000000000000010 v3_v0))
(not (bvssubo (bvsdiv #b11111111111111111111111111111111 v4_v0) (bvsub #b00000000000000000000000000000010 v3_v0)))
(not (bvssubo (bvsub (bvsdiv #b11111111111111111111111111111111 v4_v0) (bvsub #b00000000000000000000000000000010 v3_v0)) #b11111111111111111111111111111111))
(let ((_let0 (ite (= #b11111111111111111111111111111111 #b00000000000000000000000000000000) #b00000000000000000000000000000001 #b00000000000000000000000000000000))) (bvsle (bvadd (bvadd _let0 (ite (= #b00000000000000000000000000000010 #b00000000000000000000000000000000) #b00000000000000000000000000000001 #b00000000000000000000000000000000)) _let0) #b00000000000000000000000000000001))
(= v5_v1 (bvsub (bvsub (bvsdiv #b11111111111111111111111111111111 v4_v0) (bvsub #b00000000000000000000000000000010 v3_v0)) #b11111111111111111111111111111111))
(not (bvssubo #b00000000000000000000000000000000 v6_v1))
(not (bvsmulo #b11111111111111111111111111111111 v5_v1))
(not (bvssubo (bvsub #b00000000000000000000000000000000 v6_v1) (bvmul #b11111111111111111111111111111111 v5_v1)))
(not (bvsaddo #b11111111111111111111111111111111 v0_v1))
(not (bvssubo (bvsub (bvsub #b00000000000000000000000000000000 v6_v1) (bvmul #b11111111111111111111111111111111 v5_v1)) (bvadd #b11111111111111111111111111111111 v0_v1)))
(not (bvssubo (bvsub (bvsub (bvsub #b00000000000000000000000000000000 v6_v1) (bvmul #b11111111111111111111111111111111 v5_v1)) (bvadd #b11111111111111111111111111111111 v0_v1)) #b11111111111111111111111111111111))
(let ((_let0 (ite (= #b11111111111111111111111111111111 #b00000000000000000000000000000000) #b00000000000000000000000000000001 #b00000000000000000000000000000000))) (bvsle (bvadd (bvadd (bvadd (ite (= #b00000000000000000000000000000000 #b00000000000000000000000000000000) #b00000000000000000000000000000001 #b00000000000000000000000000000000) _let0) _let0) _let0) #b00000000000000000000000000000001))
(= (bvsub (bvsub (bvsub (bvsub #b00000000000000000000000000000000 v6_v1) (bvmul #b11111111111111111111111111111111 v5_v1)) (bvadd #b11111111111111111111111111111111 v0_v1)) #b11111111111111111111111111111111) #b00000000000000000000000000000000)
(not (bvssubo (bvsrem #b11111111111111111111111111111111 v0_v1) (bvmul #b11111111111111111111111111111111 v5_v1)))
(not (bvssubo (bvsub (bvsrem #b11111111111111111111111111111111 v0_v1) (bvmul #b11111111111111111111111111111111 v5_v1)) #b00000000000000000000000000000000))
(let ((_let0 (ite (= #b11111111111111111111111111111111 #b00000000000000000000000000000000) #b00000000000000000000000000000001 #b00000000000000000000000000000000))) (bvsle (bvadd (bvadd _let0 _let0) (ite (= #b00000000000000000000000000000000 #b00000000000000000000000000000000) #b00000000000000000000000000000001 #b00000000000000000000000000000000)) #b00000000000000000000000000000001))
(= v2_v1 (bvsub (bvsub (bvsrem #b11111111111111111111111111111111 v0_v1) (bvmul #b11111111111111111111111111111111 v5_v1)) #b00000000000000000000000000000000))
(distinct v6_v1 #b00000000000000000000000000000000)
(not (bvsdivo #b11111111111111111111111111111111 v6_v1))
(not (bvsaddo (bvsrem #b11111111111111111111111111111111 v6_v1) (bvmul #b11111111111111111111111111111111 v5_v1)))
(not (bvsaddo (bvadd (bvsrem #b11111111111111111111111111111111 v6_v1) (bvmul #b11111111111111111111111111111111 v5_v1)) #b11111111111111111111111111111111))
(= v1_v1 (bvadd (bvadd (bvsrem #b11111111111111111111111111111111 v6_v1) (bvmul #b11111111111111111111111111111111 v5_v1)) #b11111111111111111111111111111111))
(not (bvsaddo #b11111111111111111111111111111111 v2_v1))
(not (bvssubo #b11111111111111111111111111111111 v1_v1))
(not (bvsaddo (bvadd #b11111111111111111111111111111111 v2_v1) (bvsub #b11111111111111111111111111111111 v1_v1)))
(not (bvsmulo #b11111111111111111111111111111111 v6_v1))
(not (bvsaddo (bvadd (bvadd #b11111111111111111111111111111111 v2_v1) (bvsub #b11111111111111111111111111111111 v1_v1)) (bvmul #b11111111111111111111111111111111 v6_v1)))
(not (bvsaddo (bvadd (bvadd (bvadd #b11111111111111111111111111111111 v2_v1) (bvsub #b11111111111111111111111111111111 v1_v1)) (bvmul #b11111111111111111111111111111111 v6_v1)) #b01111111111111111111111111111111))
(let ((_let0 (ite (= #b11111111111111111111111111111111 #b00000000000000000000000000000000) #b00000000000000000000000000000001 #b00000000000000000000000000000000))) (bvsle (bvadd (bvadd (bvadd _let0 _let0) _let0) (ite (= #b01111111111111111111111111111111 #b00000000000000000000000000000000) #b00000000000000000000000000000001 #b00000000000000000000000000000000)) #b00000000000000000000000000000001))
(not (bvslt (bvadd (bvadd (bvadd (bvadd #b11111111111111111111111111111111 v2_v1) (bvsub #b11111111111111111111111111111111 v1_v1)) (bvmul #b11111111111111111111111111111111 v6_v1)) #b01111111111111111111111111111111) #b00000000000000000000000000000000))
(not (bvsaddo #b11111111111111111111111111111111 v4_v0))
(not (bvsaddo (bvsub #b11111111111111111111111111111111 v1_v1) (bvadd #b11111111111111111111111111111111 v4_v0)))
(not (bvsaddo (bvadd (bvsub #b11111111111111111111111111111111 v1_v1) (bvadd #b11111111111111111111111111111111 v4_v0)) #b11111111111111111111111111111111))
(= v4_v1 (bvadd (bvadd (bvsub #b11111111111111111111111111111111 v1_v1) (bvadd #b11111111111111111111111111111111 v4_v0)) #b11111111111111111111111111111111))
(not (bvssubo #b11111111111111111111111111111111 v2_v1))
(not (bvsaddo (bvsrem #b11111111111111111111111111111111 v7_v1) (bvsub #b11111111111111111111111111111111 v2_v1)))
(not (bvsaddo (bvadd (bvsrem #b11111111111111111111111111111111 v7_v1) (bvsub #b11111111111111111111111111111111 v2_v1)) #b11111111111111111111111111111111))
(= v3_v1 (bvadd (bvadd (bvsrem #b11111111111111111111111111111111 v7_v1) (bvsub #b11111111111111111111111111111111 v2_v1)) #b11111111111111111111111111111111))
(bvsle (bvadd (bvadd (bvadd (bvadd (bvadd (ite (= (ite (distinct v0_v0 #b11111111111111111111111111111111) #b00000000000000000000000000000001 #b00000000000000000000000000000000) #b00000000000000000000000000000000) #b00000000000000000000000000000001 #b00000000000000000000000000000000) (ite (= (ite (distinct v1_v0 #b11111111111111111111111111111111) #b00000000000000000000000000000001 #b00000000000000000000000000000000) #b00000000000000000000000000000000) #b00000000000000000000000000000001 #b00000000000000000000000000000000)) (ite (= (ite (distinct v2_v0 #b00000000000000000000000000000000) #b00000000000000000000000000000001 #b00000000000000000000000000000000) #b00000000000000000000000000000000) #b00000000000000000000000000000001 #b00000000000000000000000000000000)) (ite (= (ite (distinct v3_v0 #b11111111111111111111111111111111) #b00000000000000000000000000000001 #b00000000000000000000000000000000) #b00000000000000000000000000000000) #b00000000000000000000000000000001 #b00000000000000000000000000000000)) (ite (= (ite (distinct v4_v0 #b11111111111111111111111111111111) #b00000000000000000000000000000001 #b00000000000000000000000000000000) #b00000000000000000000000000000000) #b00000000000000000000000000000001 #b00000000000000000000000000000000)) (ite (= (ite (distinct v5_v0 #b11111111111111111111111111111111) #b00000000000000000000000000000001 #b00000000000000000000000000000000) #b00000000000000000000000000000000) #b00000000000000000000000000000001 #b00000000000000000000000000000000)) #b00000000000000000000000000000011)
(bvsle (bvadd (bvadd (bvadd (bvadd (bvadd (ite (= (ite (distinct v0_v0 #b00000000000000000000000000000000) #b00000000000000000000000000000001 #b00000000000000000000000000000000) #b00000000000000000000000000000000) #b00000000000000000000000000000001 #b00000000000000000000000000000000) (ite (= (ite (distinct v1_v0 #b00000000000000000000000000000001) #b00000000000000000000000000000001 #b00000000000000000000000000000000) #b00000000000000000000000000000000) #b00000000000000000000000000000001 #b00000000000000000000000000000000)) (ite (= (ite (distinct v2_v0 #b11111111111111111111111111100111) #b00000000000000000000000000000001 #b00000000000000000000000000000000) #b00000000000000000000000000000000) #b00000000000000000000000000000001 #b00000000000000000000000000000000)) (ite (= (ite (distinct v3_v0 #b11111111111111111111111111101000) #b00000000000000000000000000000001 #b00000000000000000000000000000000) #b00000000000000000000000000000000) #b00000000000000000000000000000001 #b00000000000000000000000000000000)) (ite (= (ite (distinct v4_v0 #b11101111111111111111111111110000) #b00000000000000000000000000000001 #b00000000000000000000000000000000) #b00000000000000000000000000000000) #b00000000000000000000000000000001 #b00000000000000000000000000000000)) (ite (= (ite (distinct v5_v0 #b00000000000000000000000000000000) #b00000000000000000000000000000001 #b00000000000000000000000000000000) #b00000000000000000000000000000000) #b00000000000000000000000000000001 #b00000000000000000000000000000000)) #b00000000000000000000000000000011)
```
Constraint stats: asserted=69 addCalls=86 skippedTrue=0 deduped=17 ensureInRangeCalls=79 boundedAlready=0 uniqueConstraintIds=69 uniqueBoundedIds=0 (solverAsserted=68)
Bitwuzla check_sat time: 6ms
Bitwuzla statistics: preprocess::contradicting_ands::num_substs=0 preprocess::contradicting_ands::time_apply=0ms preprocess::elim_extract::num_elim=0 preprocess::elim_extract::time_apply=0ms preprocess::elim_lambda::time_apply=0ms preprocess::elim_udiv::num_eliminated=0 preprocess::elim_udiv::time_apply=0ms preprocess::embedded_constraints::num_substs=2 preprocess::embedded_constraints::time_apply=0ms preprocess::flatten_and::num_assertions=28 preprocess::flatten_and::num_flattened=14 preprocess::flatten_and::time_apply=0ms preprocess::lambda::num_elim=0 preprocess::normalize::num_common_normalizations=4 preprocess::normalize::num_normalizations=96 preprocess::normalize::num_normalized_assertions=0 preprocess::normalize::num_pass1=0 preprocess::normalize::num_pass2=0 preprocess::normalize::time_adder_chains=1ms preprocess::normalize::time_apply=13ms preprocess::normalize::time_compute_occs=0ms preprocess::normalize::time_normalize_add=0ms preprocess::normalize::time_normalize_mul=0ms preprocess::normalize::time_score=10ms preprocess::rewrite::time_apply=1ms preprocess::skeleton_preproc::cnf::clauses=265 preprocess::skeleton_preproc::cnf::lits=541 preprocess::skeleton_preproc::new_assertions=0 preprocess::skeleton_preproc::resets=1 preprocess::skeleton_preproc::time_apply=1ms preprocess::skeleton_preproc::time_encode=0ms preprocess::skeleton_preproc::time_fixed=0ms preprocess::skeleton_preproc::time_sat=0ms preprocess::uninterpreted::num_substs=0 preprocess::uninterpreted::time_apply=0ms preprocess::varsubst::normalize_bv_ineq::num_slt=0 preprocess::varsubst::normalize_bv_ineq::num_ult=0 preprocess::varsubst::normalize_eq::num_bv_concat=0 preprocess::varsubst::normalize_eq::num_gauss_elim=1 preprocess::varsubst::normalize_eq::num_linear_eq=1 preprocess::varsubst::num_substs=10 preprocess::varsubst::time_apply=0ms preprocess::varsubst::time_direct_cycle_check=0ms preprocess::varsubst::time_find_substitution=0ms preprocess::varsubst::time_find_vars=0ms preprocess::varsubst::time_register=0ms preprocess::varsubst::time_remove_cycles=0ms preprocess::varsubst::time_substitute=0ms preprocessor::num_iterations=3 preprocessor::time_preprocess=17ms preprocessor::time_process=0ms rewriter::(normalize)::num_evals=0 rewriter::(normalize)::num_rewrites=281 rewriter::(normalize)::rewrite::BV_ADD_CONST=17 rewriter::(normalize)::rewrite::BV_ADD_EVAL=15 rewriter::(normalize)::rewrite::BV_ADD_SPECIAL_CONST=17 rewriter::(normalize)::rewrite::BV_MUL_EVAL=5 rewriter::(normalize)::rewrite::BV_MUL_ONES=10 rewriter::(normalize)::rewrite::BV_NEG_ELIM=10 rewriter::(normalize)::rewrite::BV_NOT_BV_NOT=31 rewriter::(normalize)::rewrite::NORMALIZE_COMM=175 rewriter::(normalize)::rewrite::NORM_FACT_BV_ADD_MUL=1 rewriter::num_evals=0 rewriter::num_rewrites=1131 rewriter::rewrite::AND_EVAL=1 rewriter::rewrite::AND_SPECIAL_CONST=107 rewriter::rewrite::BV_ADD_CONST=16 rewriter::rewrite::BV_ADD_EVAL=15 rewriter::rewrite::BV_ADD_ITE2=18 rewriter::rewrite::BV_ADD_SPECIAL_CONST=26 rewriter::rewrite::BV_AND_EVAL=1 rewriter::rewrite::BV_AND_SPECIAL_CONST=62 rewriter::rewrite::BV_CONCAT_EVAL=2 rewriter::rewrite::BV_EXTRACT_ADD_MUL=4 rewriter::rewrite::BV_EXTRACT_EVAL=37 rewriter::rewrite::BV_EXTRACT_FULL=2 rewriter::rewrite::BV_MUL_ONE=1 rewriter::rewrite::BV_MUL_ONES=4 rewriter::rewrite::BV_MUL_POW2=6 rewriter::rewrite::BV_NEG_ELIM=27 rewriter::rewrite::BV_NOT_BV_NEG=4 rewriter::rewrite::BV_NOT_BV_NOT=65 rewriter::rewrite::BV_NOT_EVAL=5 rewriter::rewrite::BV_OR_ELIM=3 rewriter::rewrite::BV_SADDO_ELIM=21 rewriter::rewrite::BV_SDIVO_ELIM=5 rewriter::rewrite::BV_SDIV_ELIM=4 rewriter::rewrite::BV_SHL_CONST=6 rewriter::rewrite::BV_SIGN_EXTEND_ELIM=6 rewriter::rewrite::BV_SLE_ELIM=5 rewriter::rewrite::BV_SLT_EVAL=2 rewriter::rewrite::BV_SMULO_ELIM=2 rewriter::rewrite::BV_SREM_ELIM=4 rewriter::rewrite::BV_SSUBO_ELIM=14 rewriter::rewrite::BV_SUB_ELIM=15 rewriter::rewrite::BV_XOR_EVAL=1 rewriter::rewrite::BV_XOR_SPECIAL_CONST=4 rewriter::rewrite::DISTINCT_ELIM=17 rewriter::rewrite::EQUAL_BV_ADD_ADD=1 rewriter::rewrite::EQUAL_BV_SUB=4 rewriter::rewrite::EQUAL_CONST_BV_ADD=6 rewriter::rewrite::EQUAL_CONST_BV_NOT=5 rewriter::rewrite::EQUAL_EVAL=12 rewriter::rewrite::EQUAL_ITE_SAME=12 rewriter::rewrite::EQUAL_SPECIAL_CONST=2 rewriter::rewrite::EQUAL_TRUE=7 rewriter::rewrite::ITE_EVAL=10 rewriter::rewrite::NORMALIZE_COMM=434 rewriter::rewrite::NOT_EQUAL_BV1_BOOL=30 rewriter::rewrite::NOT_EVAL=2 rewriter::rewrite::NOT_NOT=47 rewriter::rewrite::OR_ELIM=47 solver::abstract::num_checks=2 solver::abstract::terms::total=0 solver::abstract::time_check=0ms solver::array::equalities=0 solver::array::num_checks=0 solver::array::propagations=0 solver::array::propagations_down=0 solver::array::propagations_up=0 solver::array::selects=0 solver::array::time_check=0ms solver::bv::bitblast::aig::num_ands=51001 solver::bv::bitblast::aig::num_consts=192 solver::bv::bitblast::aig::num_shared=41990 solver::bv::bitblast::aig::time_bitblast=7ms solver::bv::bitblast::cnf::num_clauses=124512 solver::bv::bitblast::cnf::num_literals=303954 solver::bv::bitblast::cnf::num_vars=39892 solver::bv::bitblast::cnf::time_encode=28ms solver::bv::bitblast::sat::time_solve=555ms solver::bv::num_assertions=60 solver::bv::num_checks=2 solver::bv::time_check=584ms solver::engine::lemmas::abstr=0 solver::engine::lemmas::array=0 solver::engine::lemmas::fp=0 solver::engine::lemmas::fun=0 solver::engine::lemmas::quant=0 solver::engine::lemmas::total=0 solver::engine::time_register_term=0ms solver::engine::time_solve=591ms solver::fun::num_checks=2 solver::fun::time_check=0ms solver::quant::mbqi_checks=0 solver::quant::num_lemma_iterations=0 solver::quant::num_lemmas=0 solver::quant::time_check=0ms solver::quant::time_mbqi=0ms solver::quant::time_process=0ms solving_context::max_memory=81633280 solving_context::time_ensure_model=0ms solving_context::time_solve=609ms
SAT
Extract initialization: param=v0, value=1
Extract initialization: param=v1, value=0
Extract initialization: param=v2, value=-25
Extract initialization: param=v3, value=-24
Extract initialization: param=v4, value=-268435472
Extract initialization: param=v5, value=1
Extract finalization: param=v0, value=-25
Extract finalization: param=v1, value=23
Extract finalization: param=v2, value=-26
Extract finalization: param=v3, value=23
Extract finalization: param=v4, value=-268435498
Extract finalization: param=v5, value=-25
