----FunPlus: Generate Function func_0g6z1t_8------------------------------------------------
------GraphPlus::Generate----------------------------------------------
Randomly generating a graph with 15 nodes
------CfgSketch: Unflattened CFG Sketch----------------------------------------------
Bimpo: type=0, id=0, size=1, start=0
Bimpo: type=0, id=1, size=1, start=1
Bimpo: type=0, id=2, size=1, start=2
Bimpo: type=0, id=3, size=1, start=3
Bimpo: type=0, id=4, size=1, start=4
Bimpo: type=0, id=5, size=1, start=5
Bimpo: type=0, id=6, size=1, start=6
Bimpo: type=0, id=7, size=1, start=7
Bimpo: type=0, id=8, size=1, start=8
Bimpo: type=0, id=9, size=1, start=9
Bimpo: type=0, id=10, size=1, start=10
Bimpo: type=0, id=11, size=1, start=11
Bimpo: type=0, id=12, size=1, start=12
Bimpo: type=0, id=13, size=1, start=13
Bimpo: type=0, id=14, size=1, start=14
------CfgSketch: Flattened CFG Sketch----------------------------------------------
Block: 0 -> [13]
Block: 1 -> [5, 14]
Block: 2 -> [6, 8]
Block: 3 -> [6, 14]
Block: 4 -> [5, 14]
Block: 5 -> [1, 2]
Block: 6 -> [1, 3]
Block: 7 -> [3]
Block: 8 -> [9, 10]
Block: 9 -> [6, 10]
Block: 10 -> [5, 11]
Block: 11 -> [8, 12]
Block: 12 -> [4]
Block: 13 -> [4]
Block: 14 -> []
------FunPlus: Generate Block #0----------------------------------------------
Generate assignment: 0 <- 0, 1
Generate assignment: 2 <- 5, 7
------FunPlus: Generate Block #1----------------------------------------------
Generate assignment: 1 <- 2, 5
Generate assignment: 5 <- 6, 1
Generate conditional: 1, 5, 3
------FunPlus: Generate Block #2----------------------------------------------
Generate assignment: 1 <- 6, 7
Generate assignment: 2 <- 3, 6
Generate conditional: 1, 2, 4
------FunPlus: Generate Block #3----------------------------------------------
Generate assignment: 2 <- 3, 4
Generate assignment: 5 <- 5, 1
Generate conditional: 2, 5, 7
------FunPlus: Generate Block #4----------------------------------------------
Generate assignment: 2 <- 1, 4
Generate assignment: 3 <- 4, 3
Generate conditional: 2, 3, 7
------FunPlus: Generate Block #5----------------------------------------------
Generate assignment: 5 <- 4, 0
Generate assignment: 1 <- 0, 4
Generate conditional: 5, 1, 7
------FunPlus: Generate Block #6----------------------------------------------
Generate assignment: 3 <- 3, 0
Generate assignment: 5 <- 5, 3
Generate conditional: 3, 5, 7
------FunPlus: Generate Block #7----------------------------------------------
Generate assignment: 4 <- 5, 3
Generate assignment: 3 <- 5, 3
------FunPlus: Generate Block #8----------------------------------------------
Generate assignment: 5 <- 1, 5
Generate assignment: 4 <- 0, 6
Generate conditional: 5, 4, 3
------FunPlus: Generate Block #9----------------------------------------------
Generate assignment: 4 <- 1, 3
Generate assignment: 3 <- 4, 2
Generate conditional: 4, 3, 0
------FunPlus: Generate Block #10----------------------------------------------
Generate assignment: 2 <- 2, 4
Generate assignment: 3 <- 7, 0
Generate conditional: 2, 3, 1
------FunPlus: Generate Block #11----------------------------------------------
Generate assignment: 2 <- 1, 5
Generate assignment: 7 <- 7, 4
Generate conditional: 2, 7, 5
------FunPlus: Generate Block #12----------------------------------------------
Generate assignment: 7 <- 0, 2
Generate assignment: 1 <- 1, 4
------FunPlus: Generate Block #13----------------------------------------------
Generate assignment: 6 <- 1, 7
Generate assignment: 0 <- 5, 1
------FunPlus: Generate Block #14----------------------------------------------
Generate assignment: 4 <- 4, 5
Generate assignment: 1 <- 0, 4
----SymExec: Solve------------------------------------------------
Execution Path: 0->13->4->14
------SymExec: Iteration 0----------------------------------------------
Generating or re-generating UB-free constraints
Initial constraints: 
```
(bvsle (bvadd (bvadd (bvadd (bvadd (bvadd (ite (= v0_v0 #b00000000000000000000000000000000) #b00000000000000000000000000000001 #b00000000000000000000000000000000) (ite (= v1_v0 #b00000000000000000000000000000000) #b00000000000000000000000000000001 #b00000000000000000000000000000000)) (ite (= v2_v0 #b00000000000000000000000000000000) #b00000000000000000000000000000001 #b00000000000000000000000000000000)) (ite (= v3_v0 #b00000000000000000000000000000000) #b00000000000000000000000000000001 #b00000000000000000000000000000000)) (ite (= v4_v0 #b00000000000000000000000000000000) #b00000000000000000000000000000001 #b00000000000000000000000000000000)) (ite (= v5_el0_v0 #b00000000000000000000000000000000) #b00000000000000000000000000000001 #b00000000000000000000000000000000)) #b00000000000000000000000000000011)
```
Final constraints: 
```
(bvsle (bvadd (bvadd (bvadd (bvadd (bvadd (ite (= v0_v0 #b00000000000000000000000000000000) #b00000000000000000000000000000001 #b00000000000000000000000000000000) (ite (= v1_v0 #b00000000000000000000000000000000) #b00000000000000000000000000000001 #b00000000000000000000000000000000)) (ite (= v2_v0 #b00000000000000000000000000000000) #b00000000000000000000000000000001 #b00000000000000000000000000000000)) (ite (= v3_v0 #b00000000000000000000000000000000) #b00000000000000000000000000000001 #b00000000000000000000000000000000)) (ite (= v4_v0 #b00000000000000000000000000000000) #b00000000000000000000000000000001 #b00000000000000000000000000000000)) (ite (= v5_el0_v0 #b00000000000000000000000000000000) #b00000000000000000000000000000001 #b00000000000000000000000000000000)) #b00000000000000000000000000000011)
(= v6_v0 init_var6)
(= v7_v0 init_var7)
(not (bvsmulo a0_0_1 v0_v0))
(distinct v1_v0 #b00000000000000000000000000000000)
(not (bvsdivo a0_0_2 v1_v0))
(not (bvsaddo (bvmul a0_0_1 v0_v0) (bvsdiv a0_0_2 v1_v0)))
(not (bvsaddo (bvadd (bvmul a0_0_1 v0_v0) (bvsdiv a0_0_2 v1_v0)) a0_0))
(bvsle (bvadd (bvadd (ite (= a0_0_1 #b00000000000000000000000000000000) #b00000000000000000000000000000001 #b00000000000000000000000000000000) (ite (= a0_0_2 #b00000000000000000000000000000000) #b00000000000000000000000000000001 #b00000000000000000000000000000000)) (ite (= a0_0 #b00000000000000000000000000000000) #b00000000000000000000000000000001 #b00000000000000000000000000000000)) #b00000000000000000000000000000001)
(= v0_v1 (bvadd (bvadd (bvmul a0_0_1 v0_v0) (bvsdiv a0_0_2 v1_v0)) a0_0))
(not (bvssubo a0_1_1 v5_el0_v0))
(distinct v7_v0 #b00000000000000000000000000000000)
(not (bvsdivo a0_1_2 v7_v0))
(not (bvsaddo (bvsub a0_1_1 v5_el0_v0) (bvsrem a0_1_2 v7_v0)))
(not (bvsaddo (bvadd (bvsub a0_1_1 v5_el0_v0) (bvsrem a0_1_2 v7_v0)) a0_1))
(bvsle (bvadd (bvadd (ite (= a0_1_1 #b00000000000000000000000000000000) #b00000000000000000000000000000001 #b00000000000000000000000000000000) (ite (= a0_1_2 #b00000000000000000000000000000000) #b00000000000000000000000000000001 #b00000000000000000000000000000000)) (ite (= a0_1 #b00000000000000000000000000000000) #b00000000000000000000000000000001 #b00000000000000000000000000000000)) #b00000000000000000000000000000001)
(= v2_v1 (bvadd (bvadd (bvsub a0_1_1 v5_el0_v0) (bvsrem a0_1_2 v7_v0)) a0_1))
(not (bvssubo a13_0_1 v1_v0))
(not (bvssubo a13_0_2 v7_v0))
(not (bvsaddo (bvsub a13_0_1 v1_v0) (bvsub a13_0_2 v7_v0)))
(not (bvsaddo (bvadd (bvsub a13_0_1 v1_v0) (bvsub a13_0_2 v7_v0)) a13_0))
(bvsle (bvadd (bvadd (ite (= a13_0_1 #b00000000000000000000000000000000) #b00000000000000000000000000000001 #b00000000000000000000000000000000) (ite (= a13_0_2 #b00000000000000000000000000000000) #b00000000000000000000000000000001 #b00000000000000000000000000000000)) (ite (= a13_0 #b00000000000000000000000000000000) #b00000000000000000000000000000001 #b00000000000000000000000000000000)) #b00000000000000000000000000000001)
(= v6_v1 (bvadd (bvadd (bvsub a13_0_1 v1_v0) (bvsub a13_0_2 v7_v0)) a13_0))
(distinct v5_el0_v0 #b00000000000000000000000000000000)
(not (bvsdivo a13_1_1 v5_el0_v0))
(not (bvsaddo a13_1_2 v1_v0))
(not (bvssubo (bvsdiv a13_1_1 v5_el0_v0) (bvadd a13_1_2 v1_v0)))
(not (bvssubo (bvsub (bvsdiv a13_1_1 v5_el0_v0) (bvadd a13_1_2 v1_v0)) a13_1))
(bvsle (bvadd (bvadd (ite (= a13_1_1 #b00000000000000000000000000000000) #b00000000000000000000000000000001 #b00000000000000000000000000000000) (ite (= a13_1_2 #b00000000000000000000000000000000) #b00000000000000000000000000000001 #b00000000000000000000000000000000)) (ite (= a13_1 #b00000000000000000000000000000000) #b00000000000000000000000000000001 #b00000000000000000000000000000000)) #b00000000000000000000000000000001)
(= v0_v2 (bvsub (bvsub (bvsdiv a13_1_1 v5_el0_v0) (bvadd a13_1_2 v1_v0)) a13_1))
(not (bvsmulo a4_0_1 v1_v0))
(distinct v4_v0 #b00000000000000000000000000000000)
(not (bvsdivo a4_0_2 v4_v0))
(not (bvsaddo (bvmul a4_0_1 v1_v0) (bvsrem a4_0_2 v4_v0)))
(not (bvsaddo (bvadd (bvmul a4_0_1 v1_v0) (bvsrem a4_0_2 v4_v0)) a4_0))
(bvsle (bvadd (bvadd (ite (= a4_0_1 #b00000000000000000000000000000000) #b00000000000000000000000000000001 #b00000000000000000000000000000000) (ite (= a4_0_2 #b00000000000000000000000000000000) #b00000000000000000000000000000001 #b00000000000000000000000000000000)) (ite (= a4_0 #b00000000000000000000000000000000) #b00000000000000000000000000000001 #b00000000000000000000000000000000)) #b00000000000000000000000000000001)
(= v2_v2 (bvadd (bvadd (bvmul a4_0_1 v1_v0) (bvsrem a4_0_2 v4_v0)) a4_0))
(not (bvsmulo a4_1_1 v4_v0))
(not (bvssubo a4_1_2 v3_v0))
(not (bvsaddo (bvmul a4_1_1 v4_v0) (bvsub a4_1_2 v3_v0)))
(not (bvsaddo (bvadd (bvmul a4_1_1 v4_v0) (bvsub a4_1_2 v3_v0)) a4_1))
(bvsle (bvadd (bvadd (ite (= a4_1_1 #b00000000000000000000000000000000) #b00000000000000000000000000000001 #b00000000000000000000000000000000) (ite (= a4_1_2 #b00000000000000000000000000000000) #b00000000000000000000000000000001 #b00000000000000000000000000000000)) (ite (= a4_1 #b00000000000000000000000000000000) #b00000000000000000000000000000001 #b00000000000000000000000000000000)) #b00000000000000000000000000000001)
(= v3_v1 (bvadd (bvadd (bvmul a4_1_1 v4_v0) (bvsub a4_1_2 v3_v0)) a4_1))
(distinct v2_v2 #b00000000000000000000000000000000)
(not (bvsdivo b4_2_1 v2_v2))
(not (bvsmulo b4_2_2 v3_v1))
(not (bvssubo (bvsdiv b4_2_1 v2_v2) (bvmul b4_2_2 v3_v1)))
(not (bvsaddo b4_2_3 v7_v0))
(not (bvssubo (bvsub (bvsdiv b4_2_1 v2_v2) (bvmul b4_2_2 v3_v1)) (bvadd b4_2_3 v7_v0)))
(not (bvssubo (bvsub (bvsub (bvsdiv b4_2_1 v2_v2) (bvmul b4_2_2 v3_v1)) (bvadd b4_2_3 v7_v0)) b4_2))
(bvsle (bvadd (bvadd (bvadd (ite (= b4_2_1 #b00000000000000000000000000000000) #b00000000000000000000000000000001 #b00000000000000000000000000000000) (ite (= b4_2_2 #b00000000000000000000000000000000) #b00000000000000000000000000000001 #b00000000000000000000000000000000)) (ite (= b4_2_3 #b00000000000000000000000000000000) #b00000000000000000000000000000001 #b00000000000000000000000000000000)) (ite (= b4_2 #b00000000000000000000000000000000) #b00000000000000000000000000000001 #b00000000000000000000000000000000)) #b00000000000000000000000000000010)
(not (= (bvsub (bvsub (bvsub (bvsdiv b4_2_1 v2_v2) (bvmul b4_2_2 v3_v1)) (bvadd b4_2_3 v7_v0)) b4_2) #b00000000000000000000000000000000))
(not (bvsdivo a14_0_1 v4_v0))
(not (bvsdivo a14_0_2 v5_el0_v0))
(not (bvsaddo (bvsrem a14_0_1 v4_v0) (bvsdiv a14_0_2 v5_el0_v0)))
(not (bvsaddo (bvadd (bvsrem a14_0_1 v4_v0) (bvsdiv a14_0_2 v5_el0_v0)) a14_0))
(bvsle (bvadd (bvadd (ite (= a14_0_1 #b00000000000000000000000000000000) #b00000000000000000000000000000001 #b00000000000000000000000000000000) (ite (= a14_0_2 #b00000000000000000000000000000000) #b00000000000000000000000000000001 #b00000000000000000000000000000000)) (ite (= a14_0 #b00000000000000000000000000000000) #b00000000000000000000000000000001 #b00000000000000000000000000000000)) #b00000000000000000000000000000001)
(= v4_v1 (bvadd (bvadd (bvsrem a14_0_1 v4_v0) (bvsdiv a14_0_2 v5_el0_v0)) a14_0))
(not (bvssubo a14_1_1 v0_v2))
(not (bvsaddo a14_1_2 v4_v1))
(not (bvsaddo (bvsub a14_1_1 v0_v2) (bvadd a14_1_2 v4_v1)))
(not (bvsaddo (bvadd (bvsub a14_1_1 v0_v2) (bvadd a14_1_2 v4_v1)) a14_1))
(bvsle (bvadd (bvadd (ite (= a14_1_1 #b00000000000000000000000000000000) #b00000000000000000000000000000001 #b00000000000000000000000000000000) (ite (= a14_1_2 #b00000000000000000000000000000000) #b00000000000000000000000000000001 #b00000000000000000000000000000000)) (ite (= a14_1 #b00000000000000000000000000000000) #b00000000000000000000000000000001 #b00000000000000000000000000000000)) #b00000000000000000000000000000001)
(= v1_v1 (bvadd (bvadd (bvsub a14_1_1 v0_v2) (bvadd a14_1_2 v4_v1)) a14_1))
```
Optimized constraints: 
```
(bvsle (bvadd (bvadd (bvadd (bvadd (bvadd (ite (= v0_v0 #b00000000000000000000000000000000) #b00000000000000000000000000000001 #b00000000000000000000000000000000) (ite (= v1_v0 #b00000000000000000000000000000000) #b00000000000000000000000000000001 #b00000000000000000000000000000000)) (ite (= v2_v0 #b00000000000000000000000000000000) #b00000000000000000000000000000001 #b00000000000000000000000000000000)) (ite (= v3_v0 #b00000000000000000000000000000000) #b00000000000000000000000000000001 #b00000000000000000000000000000000)) (ite (= v4_v0 #b00000000000000000000000000000000) #b00000000000000000000000000000001 #b00000000000000000000000000000000)) (ite (= v5_el0_v0 #b00000000000000000000000000000000) #b00000000000000000000000000000001 #b00000000000000000000000000000000)) #b00000000000000000000000000000011)
(= v6_v0 init_var6)
(= v7_v0 init_var7)
(not (bvsmulo a0_0_1 v0_v0))
(distinct v1_v0 #b00000000000000000000000000000000)
(not (bvsdivo a0_0_2 v1_v0))
(not (bvsaddo (bvmul a0_0_1 v0_v0) (bvsdiv a0_0_2 v1_v0)))
(not (bvsaddo (bvadd (bvmul a0_0_1 v0_v0) (bvsdiv a0_0_2 v1_v0)) a0_0))
(bvsle (bvadd (bvadd (ite (= a0_0_1 #b00000000000000000000000000000000) #b00000000000000000000000000000001 #b00000000000000000000000000000000) (ite (= a0_0_2 #b00000000000000000000000000000000) #b00000000000000000000000000000001 #b00000000000000000000000000000000)) (ite (= a0_0 #b00000000000000000000000000000000) #b00000000000000000000000000000001 #b00000000000000000000000000000000)) #b00000000000000000000000000000001)
(= v0_v1 (bvadd (bvadd (bvmul a0_0_1 v0_v0) (bvsdiv a0_0_2 v1_v0)) a0_0))
(not (bvssubo a0_1_1 v5_el0_v0))
(distinct v7_v0 #b00000000000000000000000000000000)
(not (bvsdivo a0_1_2 v7_v0))
(not (bvsaddo (bvsub a0_1_1 v5_el0_v0) (bvsrem a0_1_2 v7_v0)))
(not (bvsaddo (bvadd (bvsub a0_1_1 v5_el0_v0) (bvsrem a0_1_2 v7_v0)) a0_1))
(bvsle (bvadd (bvadd (ite (= a0_1_1 #b00000000000000000000000000000000) #b00000000000000000000000000000001 #b00000000000000000000000000000000) (ite (= a0_1_2 #b00000000000000000000000000000000) #b00000000000000000000000000000001 #b00000000000000000000000000000000)) (ite (= a0_1 #b00000000000000000000000000000000) #b00000000000000000000000000000001 #b00000000000000000000000000000000)) #b00000000000000000000000000000001)
(= v2_v1 (bvadd (bvadd (bvsub a0_1_1 v5_el0_v0) (bvsrem a0_1_2 v7_v0)) a0_1))
(not (bvssubo a13_0_1 v1_v0))
(not (bvssubo a13_0_2 v7_v0))
(not (bvsaddo (bvsub a13_0_1 v1_v0) (bvsub a13_0_2 v7_v0)))
(not (bvsaddo (bvadd (bvsub a13_0_1 v1_v0) (bvsub a13_0_2 v7_v0)) a13_0))
(bvsle (bvadd (bvadd (ite (= a13_0_1 #b00000000000000000000000000000000) #b00000000000000000000000000000001 #b00000000000000000000000000000000) (ite (= a13_0_2 #b00000000000000000000000000000000) #b00000000000000000000000000000001 #b00000000000000000000000000000000)) (ite (= a13_0 #b00000000000000000000000000000000) #b00000000000000000000000000000001 #b00000000000000000000000000000000)) #b00000000000000000000000000000001)
(= v6_v1 (bvadd (bvadd (bvsub a13_0_1 v1_v0) (bvsub a13_0_2 v7_v0)) a13_0))
(distinct v5_el0_v0 #b00000000000000000000000000000000)
(not (bvsdivo a13_1_1 v5_el0_v0))
(not (bvsaddo a13_1_2 v1_v0))
(not (bvssubo (bvsdiv a13_1_1 v5_el0_v0) (bvadd a13_1_2 v1_v0)))
(not (bvssubo (bvsub (bvsdiv a13_1_1 v5_el0_v0) (bvadd a13_1_2 v1_v0)) a13_1))
(bvsle (bvadd (bvadd (ite (= a13_1_1 #b00000000000000000000000000000000) #b00000000000000000000000000000001 #b00000000000000000000000000000000) (ite (= a13_1_2 #b00000000000000000000000000000000) #b00000000000000000000000000000001 #b00000000000000000000000000000000)) (ite (= a13_1 #b00000000000000000000000000000000) #b00000000000000000000000000000001 #b00000000000000000000000000000000)) #b00000000000000000000000000000001)
(= v0_v2 (bvsub (bvsub (bvsdiv a13_1_1 v5_el0_v0) (bvadd a13_1_2 v1_v0)) a13_1))
(not (bvsmulo a4_0_1 v1_v0))
(distinct v4_v0 #b00000000000000000000000000000000)
(not (bvsdivo a4_0_2 v4_v0))
(not (bvsaddo (bvmul a4_0_1 v1_v0) (bvsrem a4_0_2 v4_v0)))
(not (bvsaddo (bvadd (bvmul a4_0_1 v1_v0) (bvsrem a4_0_2 v4_v0)) a4_0))
(bvsle (bvadd (bvadd (ite (= a4_0_1 #b00000000000000000000000000000000) #b00000000000000000000000000000001 #b00000000000000000000000000000000) (ite (= a4_0_2 #b00000000000000000000000000000000) #b00000000000000000000000000000001 #b00000000000000000000000000000000)) (ite (= a4_0 #b00000000000000000000000000000000) #b00000000000000000000000000000001 #b00000000000000000000000000000000)) #b00000000000000000000000000000001)
(= v2_v2 (bvadd (bvadd (bvmul a4_0_1 v1_v0) (bvsrem a4_0_2 v4_v0)) a4_0))
(not (bvsmulo a4_1_1 v4_v0))
(not (bvssubo a4_1_2 v3_v0))
(not (bvsaddo (bvmul a4_1_1 v4_v0) (bvsub a4_1_2 v3_v0)))
(not (bvsaddo (bvadd (bvmul a4_1_1 v4_v0) (bvsub a4_1_2 v3_v0)) a4_1))
(bvsle (bvadd (bvadd (ite (= a4_1_1 #b00000000000000000000000000000000) #b00000000000000000000000000000001 #b00000000000000000000000000000000) (ite (= a4_1_2 #b00000000000000000000000000000000) #b00000000000000000000000000000001 #b00000000000000000000000000000000)) (ite (= a4_1 #b00000000000000000000000000000000) #b00000000000000000000000000000001 #b00000000000000000000000000000000)) #b00000000000000000000000000000001)
(= v3_v1 (bvadd (bvadd (bvmul a4_1_1 v4_v0) (bvsub a4_1_2 v3_v0)) a4_1))
(distinct v2_v2 #b00000000000000000000000000000000)
(not (bvsdivo b4_2_1 v2_v2))
(not (bvsmulo b4_2_2 v3_v1))
(not (bvssubo (bvsdiv b4_2_1 v2_v2) (bvmul b4_2_2 v3_v1)))
(not (bvsaddo b4_2_3 v7_v0))
(not (bvssubo (bvsub (bvsdiv b4_2_1 v2_v2) (bvmul b4_2_2 v3_v1)) (bvadd b4_2_3 v7_v0)))
(not (bvssubo (bvsub (bvsub (bvsdiv b4_2_1 v2_v2) (bvmul b4_2_2 v3_v1)) (bvadd b4_2_3 v7_v0)) b4_2))
(bvsle (bvadd (bvadd (bvadd (ite (= b4_2_1 #b00000000000000000000000000000000) #b00000000000000000000000000000001 #b00000000000000000000000000000000) (ite (= b4_2_2 #b00000000000000000000000000000000) #b00000000000000000000000000000001 #b00000000000000000000000000000000)) (ite (= b4_2_3 #b00000000000000000000000000000000) #b00000000000000000000000000000001 #b00000000000000000000000000000000)) (ite (= b4_2 #b00000000000000000000000000000000) #b00000000000000000000000000000001 #b00000000000000000000000000000000)) #b00000000000000000000000000000010)
(not (= (bvsub (bvsub (bvsub (bvsdiv b4_2_1 v2_v2) (bvmul b4_2_2 v3_v1)) (bvadd b4_2_3 v7_v0)) b4_2) #b00000000000000000000000000000000))
(not (bvsdivo a14_0_1 v4_v0))
(not (bvsdivo a14_0_2 v5_el0_v0))
(not (bvsaddo (bvsrem a14_0_1 v4_v0) (bvsdiv a14_0_2 v5_el0_v0)))
(not (bvsaddo (bvadd (bvsrem a14_0_1 v4_v0) (bvsdiv a14_0_2 v5_el0_v0)) a14_0))
(bvsle (bvadd (bvadd (ite (= a14_0_1 #b00000000000000000000000000000000) #b00000000000000000000000000000001 #b00000000000000000000000000000000) (ite (= a14_0_2 #b00000000000000000000000000000000) #b00000000000000000000000000000001 #b00000000000000000000000000000000)) (ite (= a14_0 #b00000000000000000000000000000000) #b00000000000000000000000000000001 #b00000000000000000000000000000000)) #b00000000000000000000000000000001)
(= v4_v1 (bvadd (bvadd (bvsrem a14_0_1 v4_v0) (bvsdiv a14_0_2 v5_el0_v0)) a14_0))
(not (bvssubo a14_1_1 v0_v2))
(not (bvsaddo a14_1_2 v4_v1))
(not (bvsaddo (bvsub a14_1_1 v0_v2) (bvadd a14_1_2 v4_v1)))
(not (bvsaddo (bvadd (bvsub a14_1_1 v0_v2) (bvadd a14_1_2 v4_v1)) a14_1))
(bvsle (bvadd (bvadd (ite (= a14_1_1 #b00000000000000000000000000000000) #b00000000000000000000000000000001 #b00000000000000000000000000000000) (ite (= a14_1_2 #b00000000000000000000000000000000) #b00000000000000000000000000000001 #b00000000000000000000000000000000)) (ite (= a14_1 #b00000000000000000000000000000000) #b00000000000000000000000000000001 #b00000000000000000000000000000000)) #b00000000000000000000000000000001)
(= v1_v1 (bvadd (bvadd (bvsub a14_1_1 v0_v2) (bvadd a14_1_2 v4_v1)) a14_1))
```
Constraint stats: asserted=64 addCalls=66 skippedTrue=0 deduped=2 ensureInRangeCalls=68 boundedAlready=0 uniqueConstraintIds=64 uniqueBoundedIds=0 (solverAsserted=0)
Bitwuzla check_sat time: 188ms
Bitwuzla statistics: preprocess::contradicting_ands::num_substs=0 preprocess::contradicting_ands::time_apply=0ms preprocess::elim_extract::num_elim=0 preprocess::elim_extract::time_apply=0ms preprocess::elim_lambda::time_apply=0ms preprocess::elim_udiv::num_eliminated=0 preprocess::elim_udiv::time_apply=0ms preprocess::embedded_constraints::num_substs=3 preprocess::embedded_constraints::time_apply=1ms preprocess::flatten_and::num_assertions=178 preprocess::flatten_and::num_flattened=147 preprocess::flatten_and::time_apply=0ms preprocess::lambda::num_elim=0 preprocess::normalize::num_common_normalizations=2 preprocess::normalize::num_normalizations=88 preprocess::normalize::num_normalized_assertions=0 preprocess::normalize::num_pass1=0 preprocess::normalize::num_pass2=0 preprocess::normalize::time_adder_chains=2ms preprocess::normalize::time_apply=81ms preprocess::normalize::time_compute_occs=0ms preprocess::normalize::time_normalize_add=0ms preprocess::normalize::time_normalize_mul=0ms preprocess::normalize::time_score=74ms preprocess::rewrite::time_apply=2ms preprocess::skeleton_preproc::cnf::clauses=547 preprocess::skeleton_preproc::cnf::lits=1007 preprocess::skeleton_preproc::new_assertions=0 preprocess::skeleton_preproc::resets=1 preprocess::skeleton_preproc::time_apply=1ms preprocess::skeleton_preproc::time_encode=0ms preprocess::skeleton_preproc::time_fixed=0ms preprocess::skeleton_preproc::time_sat=0ms preprocess::uninterpreted::num_substs=0 preprocess::uninterpreted::time_apply=0ms preprocess::varsubst::normalize_bv_ineq::num_slt=0 preprocess::varsubst::normalize_bv_ineq::num_ult=0 preprocess::varsubst::normalize_eq::num_bv_concat=0 preprocess::varsubst::normalize_eq::num_gauss_elim=2 preprocess::varsubst::normalize_eq::num_linear_eq=2 preprocess::varsubst::num_substs=10 preprocess::varsubst::time_apply=1ms preprocess::varsubst::time_direct_cycle_check=0ms preprocess::varsubst::time_find_substitution=0ms preprocess::varsubst::time_find_vars=0ms preprocess::varsubst::time_register=0ms preprocess::varsubst::time_remove_cycles=0ms preprocess::varsubst::time_substitute=0ms preprocessor::num_iterations=2 preprocessor::time_preprocess=88ms preprocessor::time_process=0ms rewriter::(normalize)::num_evals=0 rewriter::(normalize)::num_rewrites=367 rewriter::(normalize)::rewrite::BV_ADD_SPECIAL_CONST=33 rewriter::(normalize)::rewrite::BV_MUL_EVAL=3 rewriter::(normalize)::rewrite::BV_MUL_NEG=2 rewriter::(normalize)::rewrite::BV_MUL_ONES=15 rewriter::(normalize)::rewrite::BV_NEG_ELIM=17 rewriter::(normalize)::rewrite::BV_NOT_BV_NOT=42 rewriter::(normalize)::rewrite::NORMALIZE_COMM=253 rewriter::(normalize)::rewrite::NORM_FACT_BV_ADD_MUL=2 rewriter::eval::BV_MUL_EVAL=3 rewriter::eval::BV_NEG_EVAL=2 rewriter::eval::BV_SHL_EVAL=3 rewriter::eval::EQUAL_EVAL=5 rewriter::eval::IMPLIES_EVAL=1 rewriter::num_evals=14 rewriter::num_rewrites=1827 rewriter::rewrite::BV_ADD_EVAL=2 rewriter::rewrite::BV_ADD_ITE2=35 rewriter::rewrite::BV_ADD_SPECIAL_CONST=28 rewriter::rewrite::BV_EXTRACT_ADD_MUL=10 rewriter::rewrite::BV_EXTRACT_CONCAT=3 rewriter::rewrite::BV_EXTRACT_CONCAT_LHS_RHS=1 rewriter::rewrite::BV_EXTRACT_EVAL=3 rewriter::rewrite::BV_EXTRACT_EXTRACT=3 rewriter::rewrite::BV_EXTRACT_FULL=8 rewriter::rewrite::BV_MUL_ONE=2 rewriter::rewrite::BV_MUL_POW2=7 rewriter::rewrite::BV_NEG_ELIM=36 rewriter::rewrite::BV_NOT_BV_NOT=318 rewriter::rewrite::BV_NOT_EVAL=2 rewriter::rewrite::BV_OR_ELIM=236 rewriter::rewrite::BV_SADDO_ELIM=17 rewriter::rewrite::BV_SDIVO_ELIM=7 rewriter::rewrite::BV_SDIV_ELIM=4 rewriter::rewrite::BV_SHL_CONST=8 rewriter::rewrite::BV_SHL_SPECIAL_CONST=3 rewriter::rewrite::BV_SIGN_EXTEND_ELIM=16 rewriter::rewrite::BV_SLE_ELIM=10 rewriter::rewrite::BV_SMULO_ELIM=4 rewriter::rewrite::BV_SREM_ELIM=3 rewriter::rewrite::BV_SSUBO_ELIM=10 rewriter::rewrite::BV_SUB_ELIM=12 rewriter::rewrite::DISTINCT_ELIM=5 rewriter::rewrite::EQUAL_BV_SUB=7 rewriter::rewrite::EQUAL_CONST_BV_NOT=124 rewriter::rewrite::EQUAL_SPECIAL_CONST=8 rewriter::rewrite::EQUAL_TRUE=9 rewriter::rewrite::IMPLIES_ELIM=4 rewriter::rewrite::ITE_EVAL=3 rewriter::rewrite::NORMALIZE_COMM=767 rewriter::rewrite::NOT_EQUAL_BV1_BOOL=58 rewriter::rewrite::NOT_NOT=27 rewriter::rewrite::OR_ELIM=27 solver::abstract::lemmas::MUL_NEG_POW2=3 solver::abstract::lemmas::MUL_POW2=1 solver::abstract::num_checks=2 solver::abstract::terms::BV_MUL=4 solver::abstract::terms::total=4 solver::abstract::time_check=1ms solver::array::equalities=0 solver::array::num_checks=0 solver::array::propagations=0 solver::array::propagations_down=0 solver::array::propagations_up=0 solver::array::selects=0 solver::array::time_check=0ms solver::bv::bitblast::aig::num_ands=91738 solver::bv::bitblast::aig::num_consts=1252 solver::bv::bitblast::aig::num_shared=13835 solver::bv::bitblast::aig::time_bitblast=11ms solver::bv::bitblast::cnf::num_clauses=233884 solver::bv::bitblast::cnf::num_literals=566423 solver::bv::bitblast::cnf::num_vars=76444 solver::bv::bitblast::cnf::time_encode=71ms solver::bv::bitblast::sat::time_solve=13ms solver::bv::num_assertions=207 solver::bv::num_checks=2 solver::bv::time_check=84ms solver::engine::lemmas::abstr=4 solver::engine::lemmas::array=0 solver::engine::lemmas::fp=0 solver::engine::lemmas::fun=0 solver::engine::lemmas::quant=0 solver::engine::lemmas::total=4 solver::engine::time_register_term=0ms solver::engine::time_solve=99ms solver::fun::num_checks=1 solver::fun::time_check=0ms solver::quant::mbqi_checks=0 solver::quant::num_lemma_iterations=0 solver::quant::num_lemmas=0 solver::quant::time_check=0ms solver::quant::time_mbqi=0ms solver::quant::time_process=0ms solving_context::max_memory=72204288 solving_context::time_ensure_model=0ms solving_context::time_solve=188ms
SAT
Extract symbols: sym=init_var6, value=0
Extract symbols: sym=init_var7, value=-1
Extract symbols: sym=a0_0_1, value=-1
Extract symbols: sym=a0_0_2, value=-1
Extract symbols: sym=a0_0, value=-1
Extract symbols: sym=a0_1_1, value=-1
Extract symbols: sym=a0_1_2, value=-1
Extract symbols: sym=a0_1, value=-1
Extract symbols: sym=a1_0_1, value=<unresolved>
Extract symbols: sym=a1_0_2, value=<unresolved>
Extract symbols: sym=a1_0, value=<unresolved>
Extract symbols: sym=a1_1_1, value=<unresolved>
Extract symbols: sym=a1_1_2, value=<unresolved>
Extract symbols: sym=a1_1, value=<unresolved>
Extract symbols: sym=b1_2_1, value=<unresolved>
Extract symbols: sym=b1_2_2, value=<unresolved>
Extract symbols: sym=b1_2_3, value=<unresolved>
Extract symbols: sym=b1_2, value=<unresolved>
Extract symbols: sym=a2_0_1, value=<unresolved>
Extract symbols: sym=a2_0_2, value=<unresolved>
Extract symbols: sym=a2_0, value=<unresolved>
Extract symbols: sym=a2_1_1, value=<unresolved>
Extract symbols: sym=a2_1_2, value=<unresolved>
Extract symbols: sym=a2_1, value=<unresolved>
Extract symbols: sym=b2_2_1, value=<unresolved>
Extract symbols: sym=b2_2_2, value=<unresolved>
Extract symbols: sym=b2_2_3, value=<unresolved>
Extract symbols: sym=b2_2, value=<unresolved>
Extract symbols: sym=a3_0_1, value=<unresolved>
Extract symbols: sym=a3_0_2, value=<unresolved>
Extract symbols: sym=a3_0, value=<unresolved>
Extract symbols: sym=a3_1_1, value=<unresolved>
Extract symbols: sym=a3_1_2, value=<unresolved>
Extract symbols: sym=a3_1, value=<unresolved>
Extract symbols: sym=b3_2_1, value=<unresolved>
Extract symbols: sym=b3_2_2, value=<unresolved>
Extract symbols: sym=b3_2_3, value=<unresolved>
Extract symbols: sym=b3_2, value=<unresolved>
Extract symbols: sym=a4_0_1, value=-1
Extract symbols: sym=a4_0_2, value=-1
Extract symbols: sym=a4_0, value=-1
Extract symbols: sym=a4_1_1, value=-1
Extract symbols: sym=a4_1_2, value=-1
Extract symbols: sym=a4_1, value=-1
Extract symbols: sym=b4_2_1, value=-1
Extract symbols: sym=b4_2_2, value=-1
Extract symbols: sym=b4_2_3, value=-1
Extract symbols: sym=b4_2, value=-1
Extract symbols: sym=a5_0_1, value=<unresolved>
Extract symbols: sym=a5_0_2, value=<unresolved>
Extract symbols: sym=a5_0, value=<unresolved>
Extract symbols: sym=a5_1_1, value=<unresolved>
Extract symbols: sym=a5_1_2, value=<unresolved>
Extract symbols: sym=a5_1, value=<unresolved>
Extract symbols: sym=b5_2_1, value=<unresolved>
Extract symbols: sym=b5_2_2, value=<unresolved>
Extract symbols: sym=b5_2_3, value=<unresolved>
Extract symbols: sym=b5_2, value=<unresolved>
Extract symbols: sym=a6_0_1, value=<unresolved>
Extract symbols: sym=a6_0_2, value=<unresolved>
Extract symbols: sym=a6_0, value=<unresolved>
Extract symbols: sym=a6_1_1, value=<unresolved>
Extract symbols: sym=a6_1_2, value=<unresolved>
Extract symbols: sym=a6_1, value=<unresolved>
Extract symbols: sym=b6_2_1, value=<unresolved>
Extract symbols: sym=b6_2_2, value=<unresolved>
Extract symbols: sym=b6_2_3, value=<unresolved>
Extract symbols: sym=b6_2, value=<unresolved>
Extract symbols: sym=a7_0_1, value=<unresolved>
Extract symbols: sym=a7_0_2, value=<unresolved>
Extract symbols: sym=a7_0, value=<unresolved>
Extract symbols: sym=a7_1_1, value=<unresolved>
Extract symbols: sym=a7_1_2, value=<unresolved>
Extract symbols: sym=a7_1, value=<unresolved>
Extract symbols: sym=a8_0_1, value=<unresolved>
Extract symbols: sym=a8_0_2, value=<unresolved>
Extract symbols: sym=a8_0, value=<unresolved>
Extract symbols: sym=a8_1_1, value=<unresolved>
Extract symbols: sym=a8_1_2, value=<unresolved>
Extract symbols: sym=a8_1, value=<unresolved>
Extract symbols: sym=b8_2_1, value=<unresolved>
Extract symbols: sym=b8_2_2, value=<unresolved>
Extract symbols: sym=b8_2_3, value=<unresolved>
Extract symbols: sym=b8_2, value=<unresolved>
Extract symbols: sym=a9_0_1, value=<unresolved>
Extract symbols: sym=a9_0_2, value=<unresolved>
Extract symbols: sym=a9_0, value=<unresolved>
Extract symbols: sym=a9_1_1, value=<unresolved>
Extract symbols: sym=a9_1_2, value=<unresolved>
Extract symbols: sym=a9_1, value=<unresolved>
Extract symbols: sym=b9_2_1, value=<unresolved>
Extract symbols: sym=b9_2_2, value=<unresolved>
Extract symbols: sym=b9_2_3, value=<unresolved>
Extract symbols: sym=b9_2, value=<unresolved>
Extract symbols: sym=a10_0_1, value=<unresolved>
Extract symbols: sym=a10_0_2, value=<unresolved>
Extract symbols: sym=a10_0, value=<unresolved>
Extract symbols: sym=a10_1_1, value=<unresolved>
Extract symbols: sym=a10_1_2, value=<unresolved>
Extract symbols: sym=a10_1, value=<unresolved>
Extract symbols: sym=b10_2_1, value=<unresolved>
Extract symbols: sym=b10_2_2, value=<unresolved>
Extract symbols: sym=b10_2_3, value=<unresolved>
Extract symbols: sym=b10_2, value=<unresolved>
Extract symbols: sym=a11_0_1, value=<unresolved>
Extract symbols: sym=a11_0_2, value=<unresolved>
Extract symbols: sym=a11_0, value=<unresolved>
Extract symbols: sym=a11_1_1, value=<unresolved>
Extract symbols: sym=a11_1_2, value=<unresolved>
Extract symbols: sym=a11_1, value=<unresolved>
Extract symbols: sym=b11_2_1, value=<unresolved>
Extract symbols: sym=b11_2_2, value=<unresolved>
Extract symbols: sym=b11_2_3, value=<unresolved>
Extract symbols: sym=b11_2, value=<unresolved>
Extract symbols: sym=a12_0_1, value=<unresolved>
Extract symbols: sym=a12_0_2, value=<unresolved>
Extract symbols: sym=a12_0, value=<unresolved>
Extract symbols: sym=a12_1_1, value=<unresolved>
Extract symbols: sym=a12_1_2, value=<unresolved>
Extract symbols: sym=a12_1, value=<unresolved>
Extract symbols: sym=a13_0_1, value=-1
Extract symbols: sym=a13_0_2, value=-1
Extract symbols: sym=a13_0, value=-1
Extract symbols: sym=a13_1_1, value=-1
Extract symbols: sym=a13_1_2, value=-1
Extract symbols: sym=a13_1, value=-1
Extract symbols: sym=a14_0_1, value=-1
Extract symbols: sym=a14_0_2, value=-1
Extract symbols: sym=a14_0, value=-1
Extract symbols: sym=a14_1_1, value=-1
Extract symbols: sym=a14_1_2, value=-1
Extract symbols: sym=a14_1, value=-1
--------IntUBInject: Inject Int UBs to Block BB1--------------------------------------------
Collected constraints:
(bvsle v2_v0 #b001111111111111111111111111111111)
(bvsge v2_v0 #b110000000000000000000000000000000)
(bvsle v5_el0_v0 #b001111111111111111111111111111111)
(bvsge v5_el0_v0 #b110000000000000000000000000000000)
(bvsle v6_v0 #b001111111111111111111111111111111)
(bvsge v6_v0 #b110000000000000000000000000000000)
(bvsge a1_0_1 #b110000000000000000000000000000000)
(bvsle a1_0_1 #b001111111111111111111111111111111)
(bvsge a1_0_2 #b110000000000000000000000000000000)
(bvsle a1_0_2 #b001111111111111111111111111111111)
(= #b000000000000000000000000000000000 #b000000000000000000000000000000000)
(distinct v5_el0_v0 #b000000000000000000000000000000000)
(bvsge a1_0 #b110000000000000000000000000000000)
(bvsle a1_0 #b001111111111111111111111111111111)
(bvsle (bvadd (bvadd (ite (= a1_0_1 #b000000000000000000000000000000000) #b000000000000000000000000000000001 #b000000000000000000000000000000000) (ite (= a1_0_2 #b000000000000000000000000000000000) #b000000000000000000000000000000001 #b000000000000000000000000000000000)) (ite (= a1_0 #b000000000000000000000000000000000) #b000000000000000000000000000000001 #b000000000000000000000000000000000)) #b000000000000000000000000000000001)
(= v1_v1 (bvadd (bvadd a1_0 (bvsrem a1_0_2 v5_el0_v0)) (bvadd a1_0_1 v2_v0)))
(bvsge a1_1_1 #b110000000000000000000000000000000)
(bvsle a1_1_1 #b001111111111111111111111111111111)
(bvsge a1_1_2 #b110000000000000000000000000000000)
(bvsle a1_1_2 #b001111111111111111111111111111111)
(bvsge a1_1 #b110000000000000000000000000000000)
(bvsle a1_1 #b001111111111111111111111111111111)
(bvsle (bvadd (bvadd (ite (= a1_1_1 #b000000000000000000000000000000000) #b000000000000000000000000000000001 #b000000000000000000000000000000000) (ite (= a1_1_2 #b000000000000000000000000000000000) #b000000000000000000000000000000001 #b000000000000000000000000000000000)) (ite (= a1_1 #b000000000000000000000000000000000) #b000000000000000000000000000000001 #b000000000000000000000000000000000)) #b000000000000000000000000000000001)
(= v5_el0_v1 (bvsub (bvsub a1_1 (bvadd a1_1_2 v1_v1)) (bvadd a1_1_1 v6_v0)))
(bvsge b1_2_1 #b110000000000000000000000000000000)
(bvsle b1_2_1 #b001111111111111111111111111111111)
(distinct v1_v1 #b000000000000000000000000000000000)
(bvsge b1_2_2 #b110000000000000000000000000000000)
(bvsle b1_2_2 #b001111111111111111111111111111111)
(= #b000000000000000000000000000000000 #b000000000000000000000000000000000)
(bvsge b1_2_3 #b110000000000000000000000000000000)
(bvsle b1_2_3 #b001111111111111111111111111111111)
(distinct v3_v0 #b000000000000000000000000000000000)
(bvsge b1_2 #b110000000000000000000000000000000)
(bvsle b1_2 #b001111111111111111111111111111111)
(bvsle (bvadd (bvadd (bvadd (ite (= b1_2_1 #b000000000000000000000000000000000) #b000000000000000000000000000000001 #b000000000000000000000000000000000) (ite (= b1_2_2 #b000000000000000000000000000000000) #b000000000000000000000000000000001 #b000000000000000000000000000000000)) (ite (= b1_2_3 #b000000000000000000000000000000000) #b000000000000000000000000000000001 #b000000000000000000000000000000000)) (ite (= b1_2 #b000000000000000000000000000000000) #b000000000000000000000000000000001 #b000000000000000000000000000000000)) #b000000000000000000000000000000010)
(let ((_let0 (bvadd (bvadd a1_0 (bvsrem a1_0_2 v5_el0_v0)) (bvadd a1_0_1 v2_v0)))) (let ((_let1 (bvsub (bvsub a1_1 (bvadd a1_1_2 v1_v1)) (bvadd a1_1_1 v6_v0)))) (let ((_let2 (bvsub (bvsub (bvsub b1_2 (bvsdiv b1_2_3 v3_v0)) (bvsub b1_2_2 v5_el0_v1)) (bvsrem b1_2_1 v1_v1)))) (or (or (or false (or (bvsgt _let0 #b001111111111111111111111111111111) (bvslt _let0 #b110000000000000000000000000000000))) (or (bvsgt _let1 #b001111111111111111111111111111111) (bvslt _let1 #b110000000000000000000000000000000))) (or (bvsgt _let2 #b001111111111111111111111111111111) (bvslt _let2 #b110000000000000000000000000000000))))))
SAT
Adding initializations to ensure undefined behaviors
Let variable: var=v2, value=2147483521
Let variable: var=v5_el0, value=1
Let variable: var=v6, value=-1073741824
Let symbol: sym=a1_0_1, value=2147483520
Let symbol: sym=a1_0_2, value=-2147483647
Let symbol: sym=a1_0, value=-256
Let symbol: sym=a1_1_1, value=0
Let symbol: sym=a1_1_2, value=511
Let symbol: sym=a1_1, value=536870912
Let symbol: sym=b1_2_1, value=1
Let symbol: sym=b1_2_2, value=-1610612736
Let symbol: sym=b1_2_3, value=1
Let symbol: sym=b1_2, value=1073741825
--------IntUBInject: Inject Int UBs to Block BB3--------------------------------------------
Collected constraints:
(bvsle v3_v0 #b001111111111111111111111111111111)
(bvsge v3_v0 #b110000000000000000000000000000000)
(bvsle v4_v0 #b001111111111111111111111111111111)
(bvsge v4_v0 #b110000000000000000000000000000000)
(bvsle v5_el0_v0 #b001111111111111111111111111111111)
(bvsge v5_el0_v0 #b110000000000000000000000000000000)
(bvsle v1_v0 #b001111111111111111111111111111111)
(bvsge v1_v0 #b110000000000000000000000000000000)
(bvsge a3_0_1 #b110000000000000000000000000000000)
(bvsle a3_0_1 #b001111111111111111111111111111111)
(bvsge a3_0_2 #b110000000000000000000000000000000)
(bvsle a3_0_2 #b001111111111111111111111111111111)
(bvsge a3_0 #b110000000000000000000000000000000)
(bvsle a3_0 #b001111111111111111111111111111111)
(bvsle (bvadd (bvadd (ite (= a3_0_1 #b000000000000000000000000000000000) #b000000000000000000000000000000001 #b000000000000000000000000000000000) (ite (= a3_0_2 #b000000000000000000000000000000000) #b000000000000000000000000000000001 #b000000000000000000000000000000000)) (ite (= a3_0 #b000000000000000000000000000000000) #b000000000000000000000000000000001 #b000000000000000000000000000000000)) #b000000000000000000000000000000001)
(= v2_v1 (bvadd (bvadd a3_0 (bvadd a3_0_2 v4_v0)) (bvadd a3_0_1 v3_v0)))
(bvsge a3_1_1 #b110000000000000000000000000000000)
(bvsle a3_1_1 #b001111111111111111111111111111111)
(= #b000000000000000000000000000000000 #b000000000000000000000000000000000)
(bvsge a3_1_2 #b110000000000000000000000000000000)
(bvsle a3_1_2 #b001111111111111111111111111111111)
(bvsge a3_1 #b110000000000000000000000000000000)
(bvsle a3_1 #b001111111111111111111111111111111)
(bvsle (bvadd (bvadd (ite (= a3_1_1 #b000000000000000000000000000000000) #b000000000000000000000000000000001 #b000000000000000000000000000000000) (ite (= a3_1_2 #b000000000000000000000000000000000) #b000000000000000000000000000000001 #b000000000000000000000000000000000)) (ite (= a3_1 #b000000000000000000000000000000000) #b000000000000000000000000000000001 #b000000000000000000000000000000000)) #b000000000000000000000000000000001)
(= v5_el0_v1 (bvsub (bvsub a3_1 (bvadd a3_1_2 v1_v0)) (bvmul a3_1_1 v5_el0_v0)))
(bvsge b3_2_1 #b110000000000000000000000000000000)
(bvsle b3_2_1 #b001111111111111111111111111111111)
(bvsge b3_2_2 #b110000000000000000000000000000000)
(bvsle b3_2_2 #b001111111111111111111111111111111)
(= #b000000000000000000000000000000000 #b000000000000000000000000000000000)
(bvsge b3_2_3 #b110000000000000000000000000000000)
(bvsle b3_2_3 #b001111111111111111111111111111111)
(bvsge b3_2 #b110000000000000000000000000000000)
(bvsle b3_2 #b001111111111111111111111111111111)
(bvsle (bvadd (bvadd (bvadd (ite (= b3_2_1 #b000000000000000000000000000000000) #b000000000000000000000000000000001 #b000000000000000000000000000000000) (ite (= b3_2_2 #b000000000000000000000000000000000) #b000000000000000000000000000000001 #b000000000000000000000000000000000)) (ite (= b3_2_3 #b000000000000000000000000000000000) #b000000000000000000000000000000001 #b000000000000000000000000000000000)) (ite (= b3_2 #b000000000000000000000000000000000) #b000000000000000000000000000000001 #b000000000000000000000000000000000)) #b000000000000000000000000000000010)
(let ((_let0 (bvadd (bvadd a3_0 (bvadd a3_0_2 v4_v0)) (bvadd a3_0_1 v3_v0)))) (let ((_let1 (bvsub (bvsub a3_1 (bvadd a3_1_2 v1_v0)) (bvmul a3_1_1 v5_el0_v0)))) (let ((_let2 (bvadd (bvadd (bvadd b3_2 (bvadd b3_2_3 v7_v0)) (bvmul b3_2_2 v5_el0_v1)) (bvadd b3_2_1 v2_v1)))) (or (or (or false (or (bvsgt _let0 #b001111111111111111111111111111111) (bvslt _let0 #b110000000000000000000000000000000))) (or (bvsgt _let1 #b001111111111111111111111111111111) (bvslt _let1 #b110000000000000000000000000000000))) (or (bvsgt _let2 #b001111111111111111111111111111111) (bvslt _let2 #b110000000000000000000000000000000))))))
SAT
Adding initializations to ensure undefined behaviors
Let variable: var=v3, value=0
Let variable: var=v4, value=-1073741824
Let variable: var=v5_el0, value=-2147483648
Let variable: var=v1, value=0
Let symbol: sym=a3_0_1, value=536870912
Let symbol: sym=a3_0_2, value=0
Let symbol: sym=a3_0, value=1610612736
Let symbol: sym=a3_1_1, value=1
Let symbol: sym=a3_1_2, value=1
Let symbol: sym=a3_1, value=0
Let symbol: sym=b3_2_1, value=1073741824
Let symbol: sym=b3_2_2, value=0
Let symbol: sym=b3_2_3, value=-2147483648
Let symbol: sym=b3_2, value=0
--------IntUBInject: Inject Int UBs to Block BB5--------------------------------------------
Collected constraints:
(bvsle v4_v0 #b001111111111111111111111111111111)
(bvsge v4_v0 #b110000000000000000000000000000000)
(bvsle v0_v0 #b001111111111111111111111111111111)
(bvsge v0_v0 #b110000000000000000000000000000000)
(bvsle v0_v0 #b001111111111111111111111111111111)
(bvsge v0_v0 #b110000000000000000000000000000000)
(bvsle v4_v0 #b001111111111111111111111111111111)
(bvsge v4_v0 #b110000000000000000000000000000000)
(bvsge a5_0_1 #b110000000000000000000000000000000)
(bvsle a5_0_1 #b001111111111111111111111111111111)
(distinct v4_v0 #b000000000000000000000000000000000)
(bvsge a5_0_2 #b110000000000000000000000000000000)
(bvsle a5_0_2 #b001111111111111111111111111111111)
(distinct v0_v0 #b000000000000000000000000000000000)
(bvsge a5_0 #b110000000000000000000000000000000)
(bvsle a5_0 #b001111111111111111111111111111111)
(bvsle (bvadd (bvadd (ite (= a5_0_1 #b000000000000000000000000000000000) #b000000000000000000000000000000001 #b000000000000000000000000000000000) (ite (= a5_0_2 #b000000000000000000000000000000000) #b000000000000000000000000000000001 #b000000000000000000000000000000000)) (ite (= a5_0 #b000000000000000000000000000000000) #b000000000000000000000000000000001 #b000000000000000000000000000000000)) #b000000000000000000000000000000001)
(= v5_el0_v1 (bvadd (bvadd a5_0 (bvsdiv a5_0_2 v0_v0)) (bvsdiv a5_0_1 v4_v0)))
(bvsge a5_1_1 #b110000000000000000000000000000000)
(bvsle a5_1_1 #b001111111111111111111111111111111)
(distinct v0_v0 #b000000000000000000000000000000000)
(bvsge a5_1_2 #b110000000000000000000000000000000)
(bvsle a5_1_2 #b001111111111111111111111111111111)
(bvsge a5_1 #b110000000000000000000000000000000)
(bvsle a5_1 #b001111111111111111111111111111111)
(bvsle (bvadd (bvadd (ite (= a5_1_1 #b000000000000000000000000000000000) #b000000000000000000000000000000001 #b000000000000000000000000000000000) (ite (= a5_1_2 #b000000000000000000000000000000000) #b000000000000000000000000000000001 #b000000000000000000000000000000000)) (ite (= a5_1 #b000000000000000000000000000000000) #b000000000000000000000000000000001 #b000000000000000000000000000000000)) #b000000000000000000000000000000001)
(= v1_v1 (bvsub (bvsub a5_1 (bvadd a5_1_2 v4_v0)) (bvsrem a5_1_1 v0_v0)))
(bvsge b5_2_1 #b110000000000000000000000000000000)
(bvsle b5_2_1 #b001111111111111111111111111111111)
(= #b000000000000000000000000000000000 #b000000000000000000000000000000000)
(bvsge b5_2_2 #b110000000000000000000000000000000)
(bvsle b5_2_2 #b001111111111111111111111111111111)
(bvsge b5_2_3 #b110000000000000000000000000000000)
(bvsle b5_2_3 #b001111111111111111111111111111111)
(distinct v7_v0 #b000000000000000000000000000000000)
(bvsge b5_2 #b110000000000000000000000000000000)
(bvsle b5_2 #b001111111111111111111111111111111)
(bvsle (bvadd (bvadd (bvadd (ite (= b5_2_1 #b000000000000000000000000000000000) #b000000000000000000000000000000001 #b000000000000000000000000000000000) (ite (= b5_2_2 #b000000000000000000000000000000000) #b000000000000000000000000000000001 #b000000000000000000000000000000000)) (ite (= b5_2_3 #b000000000000000000000000000000000) #b000000000000000000000000000000001 #b000000000000000000000000000000000)) (ite (= b5_2 #b000000000000000000000000000000000) #b000000000000000000000000000000001 #b000000000000000000000000000000000)) #b000000000000000000000000000000010)
(let ((_let0 (bvadd (bvadd a5_0 (bvsdiv a5_0_2 v0_v0)) (bvsdiv a5_0_1 v4_v0)))) (let ((_let1 (bvsub (bvsub a5_1 (bvadd a5_1_2 v4_v0)) (bvsrem a5_1_1 v0_v0)))) (let ((_let2 (bvadd (bvadd (bvadd b5_2 (bvsdiv b5_2_3 v7_v0)) (bvadd b5_2_2 v1_v1)) (bvmul b5_2_1 v5_el0_v1)))) (or (or (or false (or (bvsgt _let0 #b001111111111111111111111111111111) (bvslt _let0 #b110000000000000000000000000000000))) (or (bvsgt _let1 #b001111111111111111111111111111111) (bvslt _let1 #b110000000000000000000000000000000))) (or (bvsgt _let2 #b001111111111111111111111111111111) (bvslt _let2 #b110000000000000000000000000000000))))))
SAT
Adding initializations to ensure undefined behaviors
Let variable: var=v4, value=1
Let variable: var=v0, value=1
Let variable: var=v0, value=1
Let variable: var=v4, value=1
Let symbol: sym=a5_0_1, value=1
Let symbol: sym=a5_0_2, value=1
Let symbol: sym=a5_0, value=-1
Let symbol: sym=a5_1_1, value=0
Let symbol: sym=a5_1_2, value=2147483647
Let symbol: sym=a5_1, value=-2147483647
Let symbol: sym=b5_2_1, value=-1
Let symbol: sym=b5_2_2, value=2147483647
Let symbol: sym=b5_2_3, value=1
Let symbol: sym=b5_2, value=2147483647
Define symbols: sym=a2_0_1, val=-1542844041 (for unexecuted basic blocks)
Define symbols: sym=a2_0_2, val=1873229291 (for unexecuted basic blocks)
Define symbols: sym=a2_0, val=-485264002 (for unexecuted basic blocks)
Define symbols: sym=a2_1_1, val=490856031 (for unexecuted basic blocks)
Define symbols: sym=a2_1_2, val=-1803350618 (for unexecuted basic blocks)
Define symbols: sym=a2_1, val=-1849403168 (for unexecuted basic blocks)
Define symbols: sym=b2_2_1, val=-99625615 (for unexecuted basic blocks)
Define symbols: sym=b2_2_2, val=-828936973 (for unexecuted basic blocks)
Define symbols: sym=b2_2_3, val=-2023187043 (for unexecuted basic blocks)
Define symbols: sym=b2_2, val=-1533860457 (for unexecuted basic blocks)
Define symbols: sym=a6_0_1, val=769623968 (for unexecuted basic blocks)
Define symbols: sym=a6_0_2, val=723781351 (for unexecuted basic blocks)
Define symbols: sym=a6_0, val=-1247580523 (for unexecuted basic blocks)
Define symbols: sym=a6_1_1, val=1648418766 (for unexecuted basic blocks)
Define symbols: sym=a6_1_2, val=127815452 (for unexecuted basic blocks)
Define symbols: sym=a6_1, val=1009889282 (for unexecuted basic blocks)
Define symbols: sym=b6_2_1, val=1630497682 (for unexecuted basic blocks)
Define symbols: sym=b6_2_2, val=991734032 (for unexecuted basic blocks)
Define symbols: sym=b6_2_3, val=-1554454076 (for unexecuted basic blocks)
Define symbols: sym=b6_2, val=-1375094557 (for unexecuted basic blocks)
Define symbols: sym=a7_0_1, val=-1151326118 (for unexecuted basic blocks)
Define symbols: sym=a7_0_2, val=1582527844 (for unexecuted basic blocks)
Define symbols: sym=a7_0, val=-1735619306 (for unexecuted basic blocks)
Define symbols: sym=a7_1_1, val=1746201861 (for unexecuted basic blocks)
Define symbols: sym=a7_1_2, val=-1621595893 (for unexecuted basic blocks)
Define symbols: sym=a7_1, val=-859940151 (for unexecuted basic blocks)
Define symbols: sym=a8_0_1, val=6562350 (for unexecuted basic blocks)
Define symbols: sym=a8_0_2, val=-1813605349 (for unexecuted basic blocks)
Define symbols: sym=a8_0, val=1610075961 (for unexecuted basic blocks)
Define symbols: sym=a8_1_1, val=820847761 (for unexecuted basic blocks)
Define symbols: sym=a8_1_2, val=234402781 (for unexecuted basic blocks)
Define symbols: sym=a8_1, val=-2123378354 (for unexecuted basic blocks)
Define symbols: sym=b8_2_1, val=583424499 (for unexecuted basic blocks)
Define symbols: sym=b8_2_2, val=1523138461 (for unexecuted basic blocks)
Define symbols: sym=b8_2_3, val=1078396364 (for unexecuted basic blocks)
Define symbols: sym=b8_2, val=1758534093 (for unexecuted basic blocks)
Define symbols: sym=a9_0_1, val=1499518115 (for unexecuted basic blocks)
Define symbols: sym=a9_0_2, val=35589453 (for unexecuted basic blocks)
Define symbols: sym=a9_0, val=-955932948 (for unexecuted basic blocks)
Define symbols: sym=a9_1_1, val=-1871009794 (for unexecuted basic blocks)
Define symbols: sym=a9_1_2, val=-2030679022 (for unexecuted basic blocks)
Define symbols: sym=a9_1, val=-569302978 (for unexecuted basic blocks)
Define symbols: sym=b9_2_1, val=-2105348963 (for unexecuted basic blocks)
Define symbols: sym=b9_2_2, val=-1601996502 (for unexecuted basic blocks)
Define symbols: sym=b9_2_3, val=2066055021 (for unexecuted basic blocks)
Define symbols: sym=b9_2, val=1988743446 (for unexecuted basic blocks)
Define symbols: sym=a10_0_1, val=-328311013 (for unexecuted basic blocks)
Define symbols: sym=a10_0_2, val=227457577 (for unexecuted basic blocks)
Define symbols: sym=a10_0, val=-415520214 (for unexecuted basic blocks)
Define symbols: sym=a10_1_1, val=2024024603 (for unexecuted basic blocks)
Define symbols: sym=a10_1_2, val=106547714 (for unexecuted basic blocks)
Define symbols: sym=a10_1, val=-622134091 (for unexecuted basic blocks)
Define symbols: sym=b10_2_1, val=167568404 (for unexecuted basic blocks)
Define symbols: sym=b10_2_2, val=-291047266 (for unexecuted basic blocks)
Define symbols: sym=b10_2_3, val=1046911823 (for unexecuted basic blocks)
Define symbols: sym=b10_2, val=-656760773 (for unexecuted basic blocks)
Define symbols: sym=a11_0_1, val=1591780501 (for unexecuted basic blocks)
Define symbols: sym=a11_0_2, val=-1218245788 (for unexecuted basic blocks)
Define symbols: sym=a11_0, val=-114756334 (for unexecuted basic blocks)
Define symbols: sym=a11_1_1, val=1464086264 (for unexecuted basic blocks)
Define symbols: sym=a11_1_2, val=-1908802734 (for unexecuted basic blocks)
Define symbols: sym=a11_1, val=500047098 (for unexecuted basic blocks)
Define symbols: sym=b11_2_1, val=1515098620 (for unexecuted basic blocks)
Define symbols: sym=b11_2_2, val=1399721864 (for unexecuted basic blocks)
Define symbols: sym=b11_2_3, val=1348436602 (for unexecuted basic blocks)
Define symbols: sym=b11_2, val=-1394665985 (for unexecuted basic blocks)
Define symbols: sym=a12_0_1, val=-896711431 (for unexecuted basic blocks)
Define symbols: sym=a12_0_2, val=372749799 (for unexecuted basic blocks)
Define symbols: sym=a12_0, val=734790698 (for unexecuted basic blocks)
Define symbols: sym=a12_1_1, val=858403978 (for unexecuted basic blocks)
Define symbols: sym=a12_1_2, val=-2052617944 (for unexecuted basic blocks)
Define symbols: sym=a12_1, val=-46157105 (for unexecuted basic blocks)
Extract initialization: param=v0, value=-1
Extract initialization: param=v1, value=4
Extract initialization: param=v2, value=-1
Extract initialization: param=v3, value=-1
Extract initialization: param=v4, value=-1
Extract initialization: param=v5, value=-1
Extract finalization: param=v0, value=-1
Extract finalization: param=v1, value=-2
Extract finalization: param=v2, value=-5
Extract finalization: param=v3, value=0
Extract finalization: param=v4, value=0
Extract finalization: param=v5, value=-1
------SymExec: Iteration 1----------------------------------------------
Generating or re-generating UB-free constraints
Initial constraints: 
```
(bvsle (bvadd (bvadd (bvadd (bvadd (bvadd (ite (= v0_v0 #b00000000000000000000000000000000) #b00000000000000000000000000000001 #b00000000000000000000000000000000) (ite (= v1_v0 #b00000000000000000000000000000000) #b00000000000000000000000000000001 #b00000000000000000000000000000000)) (ite (= v2_v0 #b00000000000000000000000000000000) #b00000000000000000000000000000001 #b00000000000000000000000000000000)) (ite (= v3_v0 #b00000000000000000000000000000000) #b00000000000000000000000000000001 #b00000000000000000000000000000000)) (ite (= v4_v0 #b00000000000000000000000000000000) #b00000000000000000000000000000001 #b00000000000000000000000000000000)) (ite (= v5_el0_v0 #b00000000000000000000000000000000) #b00000000000000000000000000000001 #b00000000000000000000000000000000)) #b00000000000000000000000000000011)
```
Final constraints: 
```
(bvsle (bvadd (bvadd (bvadd (bvadd (bvadd (ite (= v0_v0 #b00000000000000000000000000000000) #b00000000000000000000000000000001 #b00000000000000000000000000000000) (ite (= v1_v0 #b00000000000000000000000000000000) #b00000000000000000000000000000001 #b00000000000000000000000000000000)) (ite (= v2_v0 #b00000000000000000000000000000000) #b00000000000000000000000000000001 #b00000000000000000000000000000000)) (ite (= v3_v0 #b00000000000000000000000000000000) #b00000000000000000000000000000001 #b00000000000000000000000000000000)) (ite (= v4_v0 #b00000000000000000000000000000000) #b00000000000000000000000000000001 #b00000000000000000000000000000000)) (ite (= v5_el0_v0 #b00000000000000000000000000000000) #b00000000000000000000000000000001 #b00000000000000000000000000000000)) #b00000000000000000000000000000011)
(= v6_v0 #b00000000000000000000000000000000)
(= v7_v0 #b11111111111111111111111111111111)
(not (bvsmulo #b11111111111111111111111111111111 v0_v0))
(distinct v1_v0 #b00000000000000000000000000000000)
(not (bvsdivo #b11111111111111111111111111111111 v1_v0))
(not (bvsaddo (bvmul #b11111111111111111111111111111111 v0_v0) (bvsdiv #b11111111111111111111111111111111 v1_v0)))
(not (bvsaddo (bvadd (bvmul #b11111111111111111111111111111111 v0_v0) (bvsdiv #b11111111111111111111111111111111 v1_v0)) #b11111111111111111111111111111111))
(let ((_let0 (ite (= #b11111111111111111111111111111111 #b00000000000000000000000000000000) #b00000000000000000000000000000001 #b00000000000000000000000000000000))) (bvsle (bvadd (bvadd _let0 _let0) _let0) #b00000000000000000000000000000001))
(= v0_v1 (bvadd (bvadd (bvmul #b11111111111111111111111111111111 v0_v0) (bvsdiv #b11111111111111111111111111111111 v1_v0)) #b11111111111111111111111111111111))
(not (bvssubo #b11111111111111111111111111111111 v5_el0_v0))
(distinct v7_v0 #b00000000000000000000000000000000)
(not (bvsdivo #b11111111111111111111111111111111 v7_v0))
(not (bvsaddo (bvsub #b11111111111111111111111111111111 v5_el0_v0) (bvsrem #b11111111111111111111111111111111 v7_v0)))
(not (bvsaddo (bvadd (bvsub #b11111111111111111111111111111111 v5_el0_v0) (bvsrem #b11111111111111111111111111111111 v7_v0)) #b11111111111111111111111111111111))
(= v2_v1 (bvadd (bvadd (bvsub #b11111111111111111111111111111111 v5_el0_v0) (bvsrem #b11111111111111111111111111111111 v7_v0)) #b11111111111111111111111111111111))
(not (bvssubo #b11111111111111111111111111111111 v1_v0))
(not (bvssubo #b11111111111111111111111111111111 v7_v0))
(not (bvsaddo (bvsub #b11111111111111111111111111111111 v1_v0) (bvsub #b11111111111111111111111111111111 v7_v0)))
(not (bvsaddo (bvadd (bvsub #b11111111111111111111111111111111 v1_v0) (bvsub #b11111111111111111111111111111111 v7_v0)) #b11111111111111111111111111111111))
(= v6_v1 (bvadd (bvadd (bvsub #b11111111111111111111111111111111 v1_v0) (bvsub #b11111111111111111111111111111111 v7_v0)) #b11111111111111111111111111111111))
(distinct v5_el0_v0 #b00000000000000000000000000000000)
(not (bvsdivo #b11111111111111111111111111111111 v5_el0_v0))
(not (bvsaddo #b11111111111111111111111111111111 v1_v0))
(not (bvssubo (bvsdiv #b11111111111111111111111111111111 v5_el0_v0) (bvadd #b11111111111111111111111111111111 v1_v0)))
(not (bvssubo (bvsub (bvsdiv #b11111111111111111111111111111111 v5_el0_v0) (bvadd #b11111111111111111111111111111111 v1_v0)) #b11111111111111111111111111111111))
(= v0_v2 (bvsub (bvsub (bvsdiv #b11111111111111111111111111111111 v5_el0_v0) (bvadd #b11111111111111111111111111111111 v1_v0)) #b11111111111111111111111111111111))
(not (bvsmulo #b11111111111111111111111111111111 v1_v0))
(distinct v4_v0 #b00000000000000000000000000000000)
(not (bvsdivo #b11111111111111111111111111111111 v4_v0))
(not (bvsaddo (bvmul #b11111111111111111111111111111111 v1_v0) (bvsrem #b11111111111111111111111111111111 v4_v0)))
(not (bvsaddo (bvadd (bvmul #b11111111111111111111111111111111 v1_v0) (bvsrem #b11111111111111111111111111111111 v4_v0)) #b11111111111111111111111111111111))
(= v2_v2 (bvadd (bvadd (bvmul #b11111111111111111111111111111111 v1_v0) (bvsrem #b11111111111111111111111111111111 v4_v0)) #b11111111111111111111111111111111))
(not (bvsmulo #b11111111111111111111111111111111 v4_v0))
(not (bvssubo #b11111111111111111111111111111111 v3_v0))
(not (bvsaddo (bvmul #b11111111111111111111111111111111 v4_v0) (bvsub #b11111111111111111111111111111111 v3_v0)))
(not (bvsaddo (bvadd (bvmul #b11111111111111111111111111111111 v4_v0) (bvsub #b11111111111111111111111111111111 v3_v0)) #b11111111111111111111111111111111))
(= v3_v1 (bvadd (bvadd (bvmul #b11111111111111111111111111111111 v4_v0) (bvsub #b11111111111111111111111111111111 v3_v0)) #b11111111111111111111111111111111))
(distinct v2_v2 #b00000000000000000000000000000000)
(not (bvsdivo #b11111111111111111111111111111111 v2_v2))
(not (bvsmulo #b11111111111111111111111111111111 v3_v1))
(not (bvssubo (bvsdiv #b11111111111111111111111111111111 v2_v2) (bvmul #b11111111111111111111111111111111 v3_v1)))
(not (bvsaddo #b11111111111111111111111111111111 v7_v0))
(not (bvssubo (bvsub (bvsdiv #b11111111111111111111111111111111 v2_v2) (bvmul #b11111111111111111111111111111111 v3_v1)) (bvadd #b11111111111111111111111111111111 v7_v0)))
(not (bvssubo (bvsub (bvsub (bvsdiv #b11111111111111111111111111111111 v2_v2) (bvmul #b11111111111111111111111111111111 v3_v1)) (bvadd #b11111111111111111111111111111111 v7_v0)) #b11111111111111111111111111111111))
(let ((_let0 (ite (= #b11111111111111111111111111111111 #b00000000000000000000000000000000) #b00000000000000000000000000000001 #b00000000000000000000000000000000))) (bvsle (bvadd (bvadd (bvadd _let0 _let0) _let0) _let0) #b00000000000000000000000000000010))
(not (= (bvsub (bvsub (bvsub (bvsdiv #b11111111111111111111111111111111 v2_v2) (bvmul #b11111111111111111111111111111111 v3_v1)) (bvadd #b11111111111111111111111111111111 v7_v0)) #b11111111111111111111111111111111) #b00000000000000000000000000000000))
(not (bvsaddo (bvsrem #b11111111111111111111111111111111 v4_v0) (bvsdiv #b11111111111111111111111111111111 v5_el0_v0)))
(not (bvsaddo (bvadd (bvsrem #b11111111111111111111111111111111 v4_v0) (bvsdiv #b11111111111111111111111111111111 v5_el0_v0)) #b11111111111111111111111111111111))
(= v4_v1 (bvadd (bvadd (bvsrem #b11111111111111111111111111111111 v4_v0) (bvsdiv #b11111111111111111111111111111111 v5_el0_v0)) #b11111111111111111111111111111111))
(not (bvssubo #b11111111111111111111111111111111 v0_v2))
(not (bvsaddo #b11111111111111111111111111111111 v4_v1))
(not (bvsaddo (bvsub #b11111111111111111111111111111111 v0_v2) (bvadd #b11111111111111111111111111111111 v4_v1)))
(not (bvsaddo (bvadd (bvsub #b11111111111111111111111111111111 v0_v2) (bvadd #b11111111111111111111111111111111 v4_v1)) #b11111111111111111111111111111111))
(= v1_v1 (bvadd (bvadd (bvsub #b11111111111111111111111111111111 v0_v2) (bvadd #b11111111111111111111111111111111 v4_v1)) #b11111111111111111111111111111111))
(bvsle (bvadd (bvadd (bvadd (bvadd (bvadd (ite (= (ite (distinct v0_v0 #b11111111111111111111111111111111) #b00000000000000000000000000000001 #b00000000000000000000000000000000) #b00000000000000000000000000000000) #b00000000000000000000000000000001 #b00000000000000000000000000000000) (ite (= (ite (distinct v1_v0 #b00000000000000000000000000000100) #b00000000000000000000000000000001 #b00000000000000000000000000000000) #b00000000000000000000000000000000) #b00000000000000000000000000000001 #b00000000000000000000000000000000)) (ite (= (ite (distinct v2_v0 #b11111111111111111111111111111111) #b00000000000000000000000000000001 #b00000000000000000000000000000000) #b00000000000000000000000000000000) #b00000000000000000000000000000001 #b00000000000000000000000000000000)) (ite (= (ite (distinct v3_v0 #b11111111111111111111111111111111) #b00000000000000000000000000000001 #b00000000000000000000000000000000) #b00000000000000000000000000000000) #b00000000000000000000000000000001 #b00000000000000000000000000000000)) (ite (= (ite (distinct v4_v0 #b11111111111111111111111111111111) #b00000000000000000000000000000001 #b00000000000000000000000000000000) #b00000000000000000000000000000000) #b00000000000000000000000000000001 #b00000000000000000000000000000000)) (ite (= (ite (distinct v5_el0_v0 #b11111111111111111111111111111111) #b00000000000000000000000000000001 #b00000000000000000000000000000000) #b00000000000000000000000000000000) #b00000000000000000000000000000001 #b00000000000000000000000000000000)) #b00000000000000000000000000000011)
```
Constraint stats: asserted=56 addCalls=67 skippedTrue=0 deduped=11 ensureInRangeCalls=68 boundedAlready=0 uniqueConstraintIds=56 uniqueBoundedIds=0 (solverAsserted=0)
Bitwuzla check_sat time: 44ms
Bitwuzla statistics: preprocess::contradicting_ands::num_substs=0 preprocess::contradicting_ands::time_apply=0ms preprocess::elim_extract::num_elim=0 preprocess::elim_extract::time_apply=0ms preprocess::elim_lambda::time_apply=0ms preprocess::elim_udiv::num_eliminated=0 preprocess::elim_udiv::time_apply=0ms preprocess::embedded_constraints::num_substs=3 preprocess::embedded_constraints::time_apply=0ms preprocess::flatten_and::num_assertions=20 preprocess::flatten_and::num_flattened=10 preprocess::flatten_and::time_apply=0ms preprocess::lambda::num_elim=0 preprocess::normalize::num_common_normalizations=0 preprocess::normalize::num_normalizations=42 preprocess::normalize::num_normalized_assertions=0 preprocess::normalize::num_pass1=0 preprocess::normalize::num_pass2=0 preprocess::normalize::time_adder_chains=0ms preprocess::normalize::time_apply=7ms preprocess::normalize::time_compute_occs=0ms preprocess::normalize::time_normalize_add=0ms preprocess::normalize::time_normalize_mul=0ms preprocess::normalize::time_score=5ms preprocess::rewrite::time_apply=0ms preprocess::skeleton_preproc::cnf::clauses=181 preprocess::skeleton_preproc::cnf::lits=365 preprocess::skeleton_preproc::new_assertions=0 preprocess::skeleton_preproc::resets=1 preprocess::skeleton_preproc::time_apply=1ms preprocess::skeleton_preproc::time_encode=0ms preprocess::skeleton_preproc::time_fixed=0ms preprocess::skeleton_preproc::time_sat=0ms preprocess::uninterpreted::num_substs=0 preprocess::uninterpreted::time_apply=0ms preprocess::varsubst::normalize_bv_ineq::num_slt=0 preprocess::varsubst::normalize_bv_ineq::num_ult=0 preprocess::varsubst::normalize_eq::num_bv_concat=0 preprocess::varsubst::normalize_eq::num_gauss_elim=0 preprocess::varsubst::normalize_eq::num_linear_eq=0 preprocess::varsubst::num_substs=10 preprocess::varsubst::time_apply=0ms preprocess::varsubst::time_direct_cycle_check=0ms preprocess::varsubst::time_find_substitution=0ms preprocess::varsubst::time_find_vars=0ms preprocess::varsubst::time_register=0ms preprocess::varsubst::time_remove_cycles=0ms preprocess::varsubst::time_substitute=0ms preprocessor::num_iterations=2 preprocessor::time_preprocess=10ms preprocessor::time_process=0ms rewriter::(normalize)::num_evals=0 rewriter::(normalize)::num_rewrites=163 rewriter::(normalize)::rewrite::BV_ADD_CONST=4 rewriter::(normalize)::rewrite::BV_ADD_EVAL=3 rewriter::(normalize)::rewrite::BV_ADD_SPECIAL_CONST=16 rewriter::(normalize)::rewrite::BV_MUL_EVAL=2 rewriter::(normalize)::rewrite::BV_MUL_ONES=11 rewriter::(normalize)::rewrite::BV_NEG_ELIM=11 rewriter::(normalize)::rewrite::BV_NOT_BV_NOT=20 rewriter::(normalize)::rewrite::NORMALIZE_COMM=96 rewriter::num_evals=0 rewriter::num_rewrites=981 rewriter::rewrite::AND_EVAL=2 rewriter::rewrite::AND_SPECIAL_CONST=88 rewriter::rewrite::BV_ADD_CONST=9 rewriter::rewrite::BV_ADD_EVAL=9 rewriter::rewrite::BV_ADD_ITE2=13 rewriter::rewrite::BV_ADD_SPECIAL_CONST=18 rewriter::rewrite::BV_AND_EVAL=1 rewriter::rewrite::BV_AND_SPECIAL_CONST=124 rewriter::rewrite::BV_CONCAT_EVAL=2 rewriter::rewrite::BV_EXTRACT_ADD_MUL=2 rewriter::rewrite::BV_EXTRACT_EVAL=35 rewriter::rewrite::BV_EXTRACT_FULL=4 rewriter::rewrite::BV_MUL_ONES=8 rewriter::rewrite::BV_MUL_POW2=2 rewriter::rewrite::BV_NEG_ELIM=24 rewriter::rewrite::BV_NOT_BV_NEG=2 rewriter::rewrite::BV_NOT_BV_NOT=47 rewriter::rewrite::BV_NOT_EVAL=5 rewriter::rewrite::BV_OR_ELIM=5 rewriter::rewrite::BV_SADDO_ELIM=17 rewriter::rewrite::BV_SDIVO_ELIM=5 rewriter::rewrite::BV_SDIV_ELIM=3 rewriter::rewrite::BV_SHL_CONST=2 rewriter::rewrite::BV_SIGN_EXTEND_ELIM=10 rewriter::rewrite::BV_SLE_ELIM=4 rewriter::rewrite::BV_SLT_EVAL=2 rewriter::rewrite::BV_SMULO_ELIM=4 rewriter::rewrite::BV_SREM_ELIM=2 rewriter::rewrite::BV_SSUBO_ELIM=10 rewriter::rewrite::BV_SUB_ELIM=10 rewriter::rewrite::BV_UREM_EVAL=1 rewriter::rewrite::BV_XOR_EVAL=1 rewriter::rewrite::BV_XOR_SPECIAL_CONST=3 rewriter::rewrite::DISTINCT_ELIM=11 rewriter::rewrite::EQUAL_BV_ADD_ADD=1 rewriter::rewrite::EQUAL_BV_SUB=2 rewriter::rewrite::EQUAL_CONST_BV_ADD=2 rewriter::rewrite::EQUAL_CONST_BV_NOT=3 rewriter::rewrite::EQUAL_EVAL=10 rewriter::rewrite::EQUAL_ITE_SAME=6 rewriter::rewrite::EQUAL_SPECIAL_CONST=4 rewriter::rewrite::EQUAL_TRUE=8 rewriter::rewrite::ITE_EVAL=8 rewriter::rewrite::NORMALIZE_COMM=361 rewriter::rewrite::NOT_EQUAL_BV1_BOOL=24 rewriter::rewrite::NOT_EVAL=1 rewriter::rewrite::NOT_NOT=33 rewriter::rewrite::OR_ELIM=33 solver::abstract::num_checks=1 solver::abstract::terms::total=0 solver::abstract::time_check=0ms solver::array::equalities=0 solver::array::num_checks=0 solver::array::propagations=0 solver::array::propagations_down=0 solver::array::propagations_up=0 solver::array::selects=0 solver::array::time_check=0ms solver::bv::bitblast::aig::num_ands=39019 solver::bv::bitblast::aig::num_consts=192 solver::bv::bitblast::aig::num_shared=8641 solver::bv::bitblast::aig::time_bitblast=4ms solver::bv::bitblast::cnf::num_clauses=94646 solver::bv::bitblast::cnf::num_literals=231556 solver::bv::bitblast::cnf::num_vars=30368 solver::bv::bitblast::cnf::time_encode=22ms solver::bv::bitblast::sat::time_solve=6ms solver::bv::num_assertions=44 solver::bv::num_checks=1 solver::bv::time_check=28ms solver::engine::lemmas::abstr=0 solver::engine::lemmas::array=0 solver::engine::lemmas::fp=0 solver::engine::lemmas::fun=0 solver::engine::lemmas::quant=0 solver::engine::lemmas::total=0 solver::engine::time_register_term=0ms solver::engine::time_solve=33ms solver::fun::num_checks=1 solver::fun::time_check=0ms solver::quant::mbqi_checks=0 solver::quant::num_lemma_iterations=0 solver::quant::num_lemmas=0 solver::quant::time_check=0ms solver::quant::time_mbqi=0ms solver::quant::time_process=0ms solving_context::max_memory=77578240 solving_context::time_ensure_model=0ms solving_context::time_solve=44ms
SAT
Extract initialization: param=v0, value=-2
Extract initialization: param=v1, value=-1073741818
Extract initialization: param=v2, value=-2
Extract initialization: param=v3, value=-2
Extract initialization: param=v4, value=-2
Extract initialization: param=v5, value=-1
Extract finalization: param=v0, value=1073741821
Extract finalization: param=v1, value=-1073741825
Extract finalization: param=v2, value=1073741816
Extract finalization: param=v3, value=2
Extract finalization: param=v4, value=-1
Extract finalization: param=v5, value=-1
------SymExec: Iteration 2----------------------------------------------
Final constraints: 
```
(bvsle (bvadd (bvadd (bvadd (bvadd (bvadd (ite (= v0_v0 #b00000000000000000000000000000000) #b00000000000000000000000000000001 #b00000000000000000000000000000000) (ite (= v1_v0 #b00000000000000000000000000000000) #b00000000000000000000000000000001 #b00000000000000000000000000000000)) (ite (= v2_v0 #b00000000000000000000000000000000) #b00000000000000000000000000000001 #b00000000000000000000000000000000)) (ite (= v3_v0 #b00000000000000000000000000000000) #b00000000000000000000000000000001 #b00000000000000000000000000000000)) (ite (= v4_v0 #b00000000000000000000000000000000) #b00000000000000000000000000000001 #b00000000000000000000000000000000)) (ite (= v5_el0_v0 #b00000000000000000000000000000000) #b00000000000000000000000000000001 #b00000000000000000000000000000000)) #b00000000000000000000000000000011)
(= v6_v0 #b00000000000000000000000000000000)
(= v7_v0 #b11111111111111111111111111111111)
(not (bvsmulo #b11111111111111111111111111111111 v0_v0))
(distinct v1_v0 #b00000000000000000000000000000000)
(not (bvsdivo #b11111111111111111111111111111111 v1_v0))
(not (bvsaddo (bvmul #b11111111111111111111111111111111 v0_v0) (bvsdiv #b11111111111111111111111111111111 v1_v0)))
(not (bvsaddo (bvadd (bvmul #b11111111111111111111111111111111 v0_v0) (bvsdiv #b11111111111111111111111111111111 v1_v0)) #b11111111111111111111111111111111))
(let ((_let0 (ite (= #b11111111111111111111111111111111 #b00000000000000000000000000000000) #b00000000000000000000000000000001 #b00000000000000000000000000000000))) (bvsle (bvadd (bvadd _let0 _let0) _let0) #b00000000000000000000000000000001))
(= v0_v1 (bvadd (bvadd (bvmul #b11111111111111111111111111111111 v0_v0) (bvsdiv #b11111111111111111111111111111111 v1_v0)) #b11111111111111111111111111111111))
(not (bvssubo #b11111111111111111111111111111111 v5_el0_v0))
(distinct v7_v0 #b00000000000000000000000000000000)
(not (bvsdivo #b11111111111111111111111111111111 v7_v0))
(not (bvsaddo (bvsub #b11111111111111111111111111111111 v5_el0_v0) (bvsrem #b11111111111111111111111111111111 v7_v0)))
(not (bvsaddo (bvadd (bvsub #b11111111111111111111111111111111 v5_el0_v0) (bvsrem #b11111111111111111111111111111111 v7_v0)) #b11111111111111111111111111111111))
(= v2_v1 (bvadd (bvadd (bvsub #b11111111111111111111111111111111 v5_el0_v0) (bvsrem #b11111111111111111111111111111111 v7_v0)) #b11111111111111111111111111111111))
(not (bvssubo #b11111111111111111111111111111111 v1_v0))
(not (bvssubo #b11111111111111111111111111111111 v7_v0))
(not (bvsaddo (bvsub #b11111111111111111111111111111111 v1_v0) (bvsub #b11111111111111111111111111111111 v7_v0)))
(not (bvsaddo (bvadd (bvsub #b11111111111111111111111111111111 v1_v0) (bvsub #b11111111111111111111111111111111 v7_v0)) #b11111111111111111111111111111111))
(= v6_v1 (bvadd (bvadd (bvsub #b11111111111111111111111111111111 v1_v0) (bvsub #b11111111111111111111111111111111 v7_v0)) #b11111111111111111111111111111111))
(distinct v5_el0_v0 #b00000000000000000000000000000000)
(not (bvsdivo #b11111111111111111111111111111111 v5_el0_v0))
(not (bvsaddo #b11111111111111111111111111111111 v1_v0))
(not (bvssubo (bvsdiv #b11111111111111111111111111111111 v5_el0_v0) (bvadd #b11111111111111111111111111111111 v1_v0)))
(not (bvssubo (bvsub (bvsdiv #b11111111111111111111111111111111 v5_el0_v0) (bvadd #b11111111111111111111111111111111 v1_v0)) #b11111111111111111111111111111111))
(= v0_v2 (bvsub (bvsub (bvsdiv #b11111111111111111111111111111111 v5_el0_v0) (bvadd #b11111111111111111111111111111111 v1_v0)) #b11111111111111111111111111111111))
(not (bvsmulo #b11111111111111111111111111111111 v1_v0))
(distinct v4_v0 #b00000000000000000000000000000000)
(not (bvsdivo #b11111111111111111111111111111111 v4_v0))
(not (bvsaddo (bvmul #b11111111111111111111111111111111 v1_v0) (bvsrem #b11111111111111111111111111111111 v4_v0)))
(not (bvsaddo (bvadd (bvmul #b11111111111111111111111111111111 v1_v0) (bvsrem #b11111111111111111111111111111111 v4_v0)) #b11111111111111111111111111111111))
(= v2_v2 (bvadd (bvadd (bvmul #b11111111111111111111111111111111 v1_v0) (bvsrem #b11111111111111111111111111111111 v4_v0)) #b11111111111111111111111111111111))
(not (bvsmulo #b11111111111111111111111111111111 v4_v0))
(not (bvssubo #b11111111111111111111111111111111 v3_v0))
(not (bvsaddo (bvmul #b11111111111111111111111111111111 v4_v0) (bvsub #b11111111111111111111111111111111 v3_v0)))
(not (bvsaddo (bvadd (bvmul #b11111111111111111111111111111111 v4_v0) (bvsub #b11111111111111111111111111111111 v3_v0)) #b11111111111111111111111111111111))
(= v3_v1 (bvadd (bvadd (bvmul #b11111111111111111111111111111111 v4_v0) (bvsub #b11111111111111111111111111111111 v3_v0)) #b11111111111111111111111111111111))
(distinct v2_v2 #b00000000000000000000000000000000)
(not (bvsdivo #b11111111111111111111111111111111 v2_v2))
(not (bvsmulo #b11111111111111111111111111111111 v3_v1))
(not (bvssubo (bvsdiv #b11111111111111111111111111111111 v2_v2) (bvmul #b11111111111111111111111111111111 v3_v1)))
(not (bvsaddo #b11111111111111111111111111111111 v7_v0))
(not (bvssubo (bvsub (bvsdiv #b11111111111111111111111111111111 v2_v2) (bvmul #b11111111111111111111111111111111 v3_v1)) (bvadd #b11111111111111111111111111111111 v7_v0)))
(not (bvssubo (bvsub (bvsub (bvsdiv #b11111111111111111111111111111111 v2_v2) (bvmul #b11111111111111111111111111111111 v3_v1)) (bvadd #b11111111111111111111111111111111 v7_v0)) #b11111111111111111111111111111111))
(let ((_let0 (ite (= #b11111111111111111111111111111111 #b00000000000000000000000000000000) #b00000000000000000000000000000001 #b00000000000000000000000000000000))) (bvsle (bvadd (bvadd (bvadd _let0 _let0) _let0) _let0) #b00000000000000000000000000000010))
(not (= (bvsub (bvsub (bvsub (bvsdiv #b11111111111111111111111111111111 v2_v2) (bvmul #b11111111111111111111111111111111 v3_v1)) (bvadd #b11111111111111111111111111111111 v7_v0)) #b11111111111111111111111111111111) #b00000000000000000000000000000000))
(not (bvsaddo (bvsrem #b11111111111111111111111111111111 v4_v0) (bvsdiv #b11111111111111111111111111111111 v5_el0_v0)))
(not (bvsaddo (bvadd (bvsrem #b11111111111111111111111111111111 v4_v0) (bvsdiv #b11111111111111111111111111111111 v5_el0_v0)) #b11111111111111111111111111111111))
(= v4_v1 (bvadd (bvadd (bvsrem #b11111111111111111111111111111111 v4_v0) (bvsdiv #b11111111111111111111111111111111 v5_el0_v0)) #b11111111111111111111111111111111))
(not (bvssubo #b11111111111111111111111111111111 v0_v2))
(not (bvsaddo #b11111111111111111111111111111111 v4_v1))
(not (bvsaddo (bvsub #b11111111111111111111111111111111 v0_v2) (bvadd #b11111111111111111111111111111111 v4_v1)))
(not (bvsaddo (bvadd (bvsub #b11111111111111111111111111111111 v0_v2) (bvadd #b11111111111111111111111111111111 v4_v1)) #b11111111111111111111111111111111))
(= v1_v1 (bvadd (bvadd (bvsub #b11111111111111111111111111111111 v0_v2) (bvadd #b11111111111111111111111111111111 v4_v1)) #b11111111111111111111111111111111))
(bvsle (bvadd (bvadd (bvadd (bvadd (bvadd (ite (= (ite (distinct v0_v0 #b11111111111111111111111111111111) #b00000000000000000000000000000001 #b00000000000000000000000000000000) #b00000000000000000000000000000000) #b00000000000000000000000000000001 #b00000000000000000000000000000000) (ite (= (ite (distinct v1_v0 #b00000000000000000000000000000100) #b00000000000000000000000000000001 #b00000000000000000000000000000000) #b00000000000000000000000000000000) #b00000000000000000000000000000001 #b00000000000000000000000000000000)) (ite (= (ite (distinct v2_v0 #b11111111111111111111111111111111) #b00000000000000000000000000000001 #b00000000000000000000000000000000) #b00000000000000000000000000000000) #b00000000000000000000000000000001 #b00000000000000000000000000000000)) (ite (= (ite (distinct v3_v0 #b11111111111111111111111111111111) #b00000000000000000000000000000001 #b00000000000000000000000000000000) #b00000000000000000000000000000000) #b00000000000000000000000000000001 #b00000000000000000000000000000000)) (ite (= (ite (distinct v4_v0 #b11111111111111111111111111111111) #b00000000000000000000000000000001 #b00000000000000000000000000000000) #b00000000000000000000000000000000) #b00000000000000000000000000000001 #b00000000000000000000000000000000)) (ite (= (ite (distinct v5_el0_v0 #b11111111111111111111111111111111) #b00000000000000000000000000000001 #b00000000000000000000000000000000) #b00000000000000000000000000000000) #b00000000000000000000000000000001 #b00000000000000000000000000000000)) #b00000000000000000000000000000011)
(bvsle (bvadd (bvadd (bvadd (bvadd (bvadd (ite (= (ite (distinct v0_v0 #b11111111111111111111111111111110) #b00000000000000000000000000000001 #b00000000000000000000000000000000) #b00000000000000000000000000000000) #b00000000000000000000000000000001 #b00000000000000000000000000000000) (ite (= (ite (distinct v1_v0 #b11000000000000000000000000000110) #b00000000000000000000000000000001 #b00000000000000000000000000000000) #b00000000000000000000000000000000) #b00000000000000000000000000000001 #b00000000000000000000000000000000)) (ite (= (ite (distinct v2_v0 #b11111111111111111111111111111110) #b00000000000000000000000000000001 #b00000000000000000000000000000000) #b00000000000000000000000000000000) #b00000000000000000000000000000001 #b00000000000000000000000000000000)) (ite (= (ite (distinct v3_v0 #b11111111111111111111111111111110) #b00000000000000000000000000000001 #b00000000000000000000000000000000) #b00000000000000000000000000000000) #b00000000000000000000000000000001 #b00000000000000000000000000000000)) (ite (= (ite (distinct v4_v0 #b11111111111111111111111111111110) #b00000000000000000000000000000001 #b00000000000000000000000000000000) #b00000000000000000000000000000000) #b00000000000000000000000000000001 #b00000000000000000000000000000000)) (ite (= (ite (distinct v5_el0_v0 #b11111111111111111111111111111111) #b00000000000000000000000000000001 #b00000000000000000000000000000000) #b00000000000000000000000000000000) #b00000000000000000000000000000001 #b00000000000000000000000000000000)) #b00000000000000000000000000000011)
```
Constraint stats: asserted=57 addCalls=68 skippedTrue=0 deduped=11 ensureInRangeCalls=68 boundedAlready=0 uniqueConstraintIds=57 uniqueBoundedIds=0 (solverAsserted=56)
Bitwuzla check_sat time: 3ms
Bitwuzla statistics: preprocess::contradicting_ands::num_substs=0 preprocess::contradicting_ands::time_apply=0ms preprocess::elim_extract::num_elim=0 preprocess::elim_extract::time_apply=0ms preprocess::elim_lambda::time_apply=0ms preprocess::elim_udiv::num_eliminated=0 preprocess::elim_udiv::time_apply=0ms preprocess::embedded_constraints::num_substs=3 preprocess::embedded_constraints::time_apply=0ms preprocess::flatten_and::num_assertions=20 preprocess::flatten_and::num_flattened=10 preprocess::flatten_and::time_apply=0ms preprocess::lambda::num_elim=0 preprocess::normalize::num_common_normalizations=0 preprocess::normalize::num_normalizations=42 preprocess::normalize::num_normalized_assertions=0 preprocess::normalize::num_pass1=0 preprocess::normalize::num_pass2=0 preprocess::normalize::time_adder_chains=0ms preprocess::normalize::time_apply=7ms preprocess::normalize::time_compute_occs=0ms preprocess::normalize::time_normalize_add=0ms preprocess::normalize::time_normalize_mul=0ms preprocess::normalize::time_score=5ms preprocess::rewrite::time_apply=0ms preprocess::skeleton_preproc::cnf::clauses=181 preprocess::skeleton_preproc::cnf::lits=365 preprocess::skeleton_preproc::new_assertions=0 preprocess::skeleton_preproc::resets=1 preprocess::skeleton_preproc::time_apply=1ms preprocess::skeleton_preproc::time_encode=0ms preprocess::skeleton_preproc::time_fixed=0ms preprocess::skeleton_preproc::time_sat=0ms preprocess::uninterpreted::num_substs=0 preprocess::uninterpreted::time_apply=0ms preprocess::varsubst::normalize_bv_ineq::num_slt=0 preprocess::varsubst::normalize_bv_ineq::num_ult=0 preprocess::varsubst::normalize_eq::num_bv_concat=0 preprocess::varsubst::normalize_eq::num_gauss_elim=0 preprocess::varsubst::normalize_eq::num_linear_eq=0 preprocess::varsubst::num_substs=10 preprocess::varsubst::time_apply=0ms preprocess::varsubst::time_direct_cycle_check=0ms preprocess::varsubst::time_find_substitution=0ms preprocess::varsubst::time_find_vars=0ms preprocess::varsubst::time_register=0ms preprocess::varsubst::time_remove_cycles=0ms preprocess::varsubst::time_substitute=0ms preprocessor::num_iterations=3 preprocessor::time_preprocess=10ms preprocessor::time_process=0ms rewriter::(normalize)::num_evals=0 rewriter::(normalize)::num_rewrites=163 rewriter::(normalize)::rewrite::BV_ADD_CONST=4 rewriter::(normalize)::rewrite::BV_ADD_EVAL=3 rewriter::(normalize)::rewrite::BV_ADD_SPECIAL_CONST=16 rewriter::(normalize)::rewrite::BV_MUL_EVAL=2 rewriter::(normalize)::rewrite::BV_MUL_ONES=11 rewriter::(normalize)::rewrite::BV_NEG_ELIM=11 rewriter::(normalize)::rewrite::BV_NOT_BV_NOT=20 rewriter::(normalize)::rewrite::NORMALIZE_COMM=96 rewriter::num_evals=0 rewriter::num_rewrites=1049 rewriter::rewrite::AND_EVAL=2 rewriter::rewrite::AND_SPECIAL_CONST=94 rewriter::rewrite::BV_ADD_CONST=10 rewriter::rewrite::BV_ADD_EVAL=12 rewriter::rewrite::BV_ADD_ITE2=19 rewriter::rewrite::BV_ADD_SPECIAL_CONST=23 rewriter::rewrite::BV_AND_EVAL=1 rewriter::rewrite::BV_AND_SPECIAL_CONST=124 rewriter::rewrite::BV_CONCAT_EVAL=2 rewriter::rewrite::BV_EXTRACT_ADD_MUL=2 rewriter::rewrite::BV_EXTRACT_EVAL=35 rewriter::rewrite::BV_EXTRACT_FULL=4 rewriter::rewrite::BV_MUL_ONES=8 rewriter::rewrite::BV_MUL_POW2=2 rewriter::rewrite::BV_NEG_ELIM=24 rewriter::rewrite::BV_NOT_BV_NEG=3 rewriter::rewrite::BV_NOT_BV_NOT=47 rewriter::rewrite::BV_NOT_EVAL=5 rewriter::rewrite::BV_OR_ELIM=5 rewriter::rewrite::BV_SADDO_ELIM=17 rewriter::rewrite::BV_SDIVO_ELIM=5 rewriter::rewrite::BV_SDIV_ELIM=3 rewriter::rewrite::BV_SHL_CONST=2 rewriter::rewrite::BV_SIGN_EXTEND_ELIM=10 rewriter::rewrite::BV_SLE_ELIM=5 rewriter::rewrite::BV_SLT_EVAL=2 rewriter::rewrite::BV_SMULO_ELIM=4 rewriter::rewrite::BV_SREM_ELIM=2 rewriter::rewrite::BV_SSUBO_ELIM=10 rewriter::rewrite::BV_SUB_ELIM=10 rewriter::rewrite::BV_UREM_EVAL=1 rewriter::rewrite::BV_XOR_EVAL=1 rewriter::rewrite::BV_XOR_SPECIAL_CONST=3 rewriter::rewrite::DISTINCT_ELIM=17 rewriter::rewrite::EQUAL_BV_ADD_ADD=1 rewriter::rewrite::EQUAL_BV_SUB=2 rewriter::rewrite::EQUAL_CONST_BV_ADD=2 rewriter::rewrite::EQUAL_CONST_BV_NOT=3 rewriter::rewrite::EQUAL_EVAL=11 rewriter::rewrite::EQUAL_ITE_SAME=12 rewriter::rewrite::EQUAL_SPECIAL_CONST=4 rewriter::rewrite::EQUAL_TRUE=8 rewriter::rewrite::ITE_EVAL=8 rewriter::rewrite::NORMALIZE_COMM=380 rewriter::rewrite::NOT_EQUAL_BV1_BOOL=24 rewriter::rewrite::NOT_EVAL=2 rewriter::rewrite::NOT_NOT=39 rewriter::rewrite::OR_ELIM=39 solver::abstract::num_checks=2 solver::abstract::terms::total=0 solver::abstract::time_check=0ms solver::array::equalities=0 solver::array::num_checks=0 solver::array::propagations=0 solver::array::propagations_down=0 solver::array::propagations_up=0 solver::array::selects=0 solver::array::time_check=0ms solver::bv::bitblast::aig::num_ands=39137 solver::bv::bitblast::aig::num_consts=192 solver::bv::bitblast::aig::num_shared=8761 solver::bv::bitblast::aig::time_bitblast=4ms solver::bv::bitblast::cnf::num_clauses=94915 solver::bv::bitblast::cnf::num_literals=232194 solver::bv::bitblast::cnf::num_vars=30452 solver::bv::bitblast::cnf::time_encode=22ms solver::bv::bitblast::sat::time_solve=10ms solver::bv::num_assertions=45 solver::bv::num_checks=2 solver::bv::time_check=32ms solver::engine::lemmas::abstr=0 solver::engine::lemmas::array=0 solver::engine::lemmas::fp=0 solver::engine::lemmas::fun=0 solver::engine::lemmas::quant=0 solver::engine::lemmas::total=0 solver::engine::time_register_term=0ms solver::engine::time_solve=37ms solver::fun::num_checks=2 solver::fun::time_check=0ms solver::quant::mbqi_checks=0 solver::quant::num_lemma_iterations=0 solver::quant::num_lemmas=0 solver::quant::time_check=0ms solver::quant::time_mbqi=0ms solver::quant::time_process=0ms solving_context::max_memory=77578240 solving_context::time_ensure_model=0ms solving_context::time_solve=48ms
SAT
Extract initialization: param=v0, value=-3
Extract initialization: param=v1, value=-1073741817
Extract initialization: param=v2, value=-2
Extract initialization: param=v3, value=-2
Extract initialization: param=v4, value=-2
Extract initialization: param=v5, value=-2
Extract finalization: param=v0, value=1073741819
Extract finalization: param=v1, value=-1073741824
Extract finalization: param=v2, value=1073741815
Extract finalization: param=v3, value=2
Extract finalization: param=v4, value=-2
Extract finalization: param=v5, value=-2
