----FunPlus: Generate Function func_0g6z1t_91------------------------------------------------
------GraphPlus::Generate----------------------------------------------
Randomly generating a graph with 15 nodes
------CfgSketch::GenerateReduLoop----------------------------------------------
--------GraphPlus::Generate--------------------------------------------
Randomly generating a graph with 4 nodes
Removing cycles from the generated graph
Started replacing bimpo #1 (successors=[3, 7]) with a reducible loop of size=5
Updated 13 bimpos' indices by +4 if it is behind #1 in our unflattened CFG
Updated 26 bimpos' successors by +4 if it is behind #1 in our flattened CFG
Updated the successors of the loop's latch to [1, 5]
Updated the successors of the loop's exit to [7, 11]
Constructed the basic blocks of the newly inserted loop
Inserted all the loop's basic blocks into the flattened CFG
------CfgSketch::GenerateReduLoop----------------------------------------------
--------GraphPlus::Generate--------------------------------------------
Randomly generating a graph with 4 nodes
Removing cycles from the generated graph
Removed edge 2 -> 1
Started replacing bimpo #11 (successors=[10, 12]) with a reducible loop of size=5
Updated 3 bimpos' indices by +4 if it is behind #11 in our unflattened CFG
Updated 7 bimpos' successors by +4 if it is behind #15 in our flattened CFG
Updated the successors of the loop's latch to [15, 19]
Updated the successors of the loop's exit to [10, 12]
Constructed the basic blocks of the newly inserted loop
Inserted all the loop's basic blocks into the flattened CFG
------CfgSketch: Unflattened CFG Sketch----------------------------------------------
Bimpo: type=0, id=0, size=1, start=0
Bimpo: type=1, id=1, size=5, start=1
Bimpo: type=0, id=2, size=1, start=6
Bimpo: type=0, id=3, size=1, start=7
Bimpo: type=0, id=4, size=1, start=8
Bimpo: type=0, id=5, size=1, start=9
Bimpo: type=0, id=6, size=1, start=10
Bimpo: type=0, id=7, size=1, start=11
Bimpo: type=0, id=8, size=1, start=12
Bimpo: type=0, id=9, size=1, start=13
Bimpo: type=0, id=10, size=1, start=14
Bimpo: type=1, id=11, size=5, start=15
Bimpo: type=0, id=12, size=1, start=20
Bimpo: type=0, id=13, size=1, start=21
Bimpo: type=0, id=14, size=1, start=22
------CfgSketch: Flattened CFG Sketch----------------------------------------------
Block: 0 -> [13, 22]
Block: 1 -> [3, 4]
Block: 2 -> [4]
Block: 3 -> [4]
Block: 4 -> [1, 5]
Block: 5 -> [7, 11]
Block: 6 -> [15, 22]
Block: 7 -> [14, 21]
Block: 8 -> [6, 12]
Block: 9 -> [8, 11]
Block: 10 -> [9, 15]
Block: 11 -> [13, 22]
Block: 12 -> [1, 22]
Block: 13 -> [9, 22]
Block: 14 -> [6, 22]
Block: 15 -> [16, 18]
Block: 16 -> [17, 18]
Block: 17 -> [18]
Block: 18 -> [15, 19]
Block: 19 -> [10, 12]
Block: 20 -> [9, 10]
Block: 21 -> [13]
Block: 22 -> []
------FunPlus: Generate Block #0----------------------------------------------
Generate assignment: 0 <- 2, 0
Generate assignment: 6 <- 4, 7
Generate conditional: 0, 6, 2
------FunPlus: Generate Block #1----------------------------------------------
Generate assignment: 4 <- 0, 4
Generate assignment: 7 <- 5, 2
Generate conditional: 4, 7, 6
------FunPlus: Generate Block #2----------------------------------------------
Generate assignment: 4 <- 6, 0
Generate assignment: 6 <- 4, 7
------FunPlus: Generate Block #3----------------------------------------------
Generate assignment: 1 <- 0, 3
Generate assignment: 6 <- 7, 5
------FunPlus: Generate Block #4----------------------------------------------
Generate assignment: 0 <- 0, 1
Generate assignment: 4 <- 5, 0
Generate conditional: 0, 4, 6
------FunPlus: Generate Block #5----------------------------------------------
Generate assignment: 3 <- 6, 0
Generate assignment: 5 <- 4, 6
Generate conditional: 3, 5, 0
------FunPlus: Generate Block #6----------------------------------------------
Generate assignment: 5 <- 4, 0
Generate assignment: 4 <- 5, 2
Generate conditional: 5, 4, 3
------FunPlus: Generate Block #7----------------------------------------------
Generate assignment: 3 <- 5, 4
Generate assignment: 2 <- 3, 0
Generate conditional: 3, 2, 6
------FunPlus: Generate Block #8----------------------------------------------
Generate assignment: 7 <- 1, 0
Generate assignment: 3 <- 5, 3
Generate conditional: 7, 3, 0
------FunPlus: Generate Block #9----------------------------------------------
Generate assignment: 5 <- 1, 7
Generate assignment: 7 <- 1, 0
Generate conditional: 5, 7, 4
------FunPlus: Generate Block #10----------------------------------------------
Generate assignment: 3 <- 5, 0
Generate assignment: 4 <- 5, 1
Generate conditional: 3, 4, 0
------FunPlus: Generate Block #11----------------------------------------------
Generate assignment: 7 <- 5, 7
Generate assignment: 1 <- 3, 5
Generate conditional: 7, 1, 2
------FunPlus: Generate Block #12----------------------------------------------
Generate assignment: 1 <- 2, 6
Generate assignment: 5 <- 5, 0
Generate conditional: 1, 5, 6
------FunPlus: Generate Block #13----------------------------------------------
Generate assignment: 1 <- 6, 2
Generate assignment: 5 <- 7, 4
Generate conditional: 1, 5, 7
------FunPlus: Generate Block #14----------------------------------------------
Generate assignment: 3 <- 5, 0
Generate assignment: 1 <- 1, 3
Generate conditional: 3, 1, 0
------FunPlus: Generate Block #15----------------------------------------------
Generate assignment: 5 <- 2, 0
Generate assignment: 3 <- 5, 4
Generate conditional: 5, 3, 2
------FunPlus: Generate Block #16----------------------------------------------
Generate assignment: 6 <- 3, 2
Generate assignment: 7 <- 7, 0
Generate conditional: 6, 7, 5
------FunPlus: Generate Block #17----------------------------------------------
Generate assignment: 0 <- 6, 7
Generate assignment: 6 <- 3, 0
------FunPlus: Generate Block #18----------------------------------------------
Generate assignment: 6 <- 6, 3
Generate assignment: 0 <- 7, 0
Generate conditional: 6, 0, 5
------FunPlus: Generate Block #19----------------------------------------------
Generate assignment: 4 <- 6, 1
Generate assignment: 5 <- 1, 2
Generate conditional: 4, 5, 1
------FunPlus: Generate Block #20----------------------------------------------
Generate assignment: 2 <- 4, 0
Generate assignment: 7 <- 3, 6
Generate conditional: 2, 7, 6
------FunPlus: Generate Block #21----------------------------------------------
Generate assignment: 0 <- 7, 1
Generate assignment: 6 <- 4, 7
------FunPlus: Generate Block #22----------------------------------------------
Generate assignment: 0 <- 3, 1
Generate assignment: 3 <- 1, 3
----SymExec: Solve------------------------------------------------
Execution Path: 0->22
------SymExec: Iteration 0----------------------------------------------
Generating or re-generating UB-free constraints
Initial constraints: 
```
(bvsle (bvadd (bvadd (bvadd (bvadd (bvadd (ite (= v0_v0 #b00000000000000000000000000000000) #b00000000000000000000000000000001 #b00000000000000000000000000000000) (ite (= v1_v0 #b00000000000000000000000000000000) #b00000000000000000000000000000001 #b00000000000000000000000000000000)) (ite (= v2_v0 #b00000000000000000000000000000000) #b00000000000000000000000000000001 #b00000000000000000000000000000000)) (ite (= v3_v0 #b00000000000000000000000000000000) #b00000000000000000000000000000001 #b00000000000000000000000000000000)) (ite (= v4_v0 #b00000000000000000000000000000000) #b00000000000000000000000000000001 #b00000000000000000000000000000000)) (ite (= v5_v0 #b00000000000000000000000000000000) #b00000000000000000000000000000001 #b00000000000000000000000000000000)) #b00000000000000000000000000000011)
```
Final constraints: 
```
(bvsle (bvadd (bvadd (bvadd (bvadd (bvadd (ite (= v0_v0 #b00000000000000000000000000000000) #b00000000000000000000000000000001 #b00000000000000000000000000000000) (ite (= v1_v0 #b00000000000000000000000000000000) #b00000000000000000000000000000001 #b00000000000000000000000000000000)) (ite (= v2_v0 #b00000000000000000000000000000000) #b00000000000000000000000000000001 #b00000000000000000000000000000000)) (ite (= v3_v0 #b00000000000000000000000000000000) #b00000000000000000000000000000001 #b00000000000000000000000000000000)) (ite (= v4_v0 #b00000000000000000000000000000000) #b00000000000000000000000000000001 #b00000000000000000000000000000000)) (ite (= v5_v0 #b00000000000000000000000000000000) #b00000000000000000000000000000001 #b00000000000000000000000000000000)) #b00000000000000000000000000000011)
(= v6_el0_v0 init_var6_el0)
(= v6_el1_v0 init_var6_el1)
(= v6_el2_v0 init_var6_el2)
(bvsle (bvadd (bvadd (ite (= init_var6_el0 #b00000000000000000000000000000000) #b00000000000000000000000000000001 #b00000000000000000000000000000000) (ite (= init_var6_el1 #b00000000000000000000000000000000) #b00000000000000000000000000000001 #b00000000000000000000000000000000)) (ite (= init_var6_el2 #b00000000000000000000000000000000) #b00000000000000000000000000000001 #b00000000000000000000000000000000)) #b00000000000000000000000000000001)
(= v7_v0 init_var7)
(not (bvsaddo a0_0_1 v2_v0))
(distinct v0_v0 #b00000000000000000000000000000000)
(not (bvsdivo a0_0_2 v0_v0))
(not (bvssubo (bvadd a0_0_1 v2_v0) (bvsrem a0_0_2 v0_v0)))
(not (bvssubo (bvsub (bvadd a0_0_1 v2_v0) (bvsrem a0_0_2 v0_v0)) a0_0))
(bvsle (bvadd (bvadd (ite (= a0_0_1 #b00000000000000000000000000000000) #b00000000000000000000000000000001 #b00000000000000000000000000000000) (ite (= a0_0_2 #b00000000000000000000000000000000) #b00000000000000000000000000000001 #b00000000000000000000000000000000)) (ite (= a0_0 #b00000000000000000000000000000000) #b00000000000000000000000000000001 #b00000000000000000000000000000000)) #b00000000000000000000000000000001)
(= v0_v1 (bvsub (bvsub (bvadd a0_0_1 v2_v0) (bvsrem a0_0_2 v0_v0)) a0_0))
(not (bvssubo a0_1_1 v4_v0))
(distinct v7_v0 #b00000000000000000000000000000000)
(not (bvsdivo a0_1_2 v7_v0))
(not (bvsaddo (bvsub a0_1_1 v4_v0) (bvsdiv a0_1_2 v7_v0)))
(not (bvsaddo (bvadd (bvsub a0_1_1 v4_v0) (bvsdiv a0_1_2 v7_v0)) a0_1))
(bvsle (bvadd (bvadd (ite (= a0_1_1 #b00000000000000000000000000000000) #b00000000000000000000000000000001 #b00000000000000000000000000000000) (ite (= a0_1_2 #b00000000000000000000000000000000) #b00000000000000000000000000000001 #b00000000000000000000000000000000)) (ite (= a0_1 #b00000000000000000000000000000000) #b00000000000000000000000000000001 #b00000000000000000000000000000000)) #b00000000000000000000000000000001)
(= v6_el2_v1 (bvadd (bvadd (bvsub a0_1_1 v4_v0) (bvsdiv a0_1_2 v7_v0)) a0_1))
(not (bvsmulo b0_2_1 v0_v1))
(distinct v6_el2_v1 #b00000000000000000000000000000000)
(not (bvsdivo b0_2_2 v6_el2_v1))
(not (bvsaddo (bvmul b0_2_1 v0_v1) (bvsrem b0_2_2 v6_el2_v1)))
(distinct v2_v0 #b00000000000000000000000000000000)
(not (bvsdivo b0_2_3 v2_v0))
(not (bvsaddo (bvadd (bvmul b0_2_1 v0_v1) (bvsrem b0_2_2 v6_el2_v1)) (bvsrem b0_2_3 v2_v0)))
(not (bvsaddo (bvadd (bvadd (bvmul b0_2_1 v0_v1) (bvsrem b0_2_2 v6_el2_v1)) (bvsrem b0_2_3 v2_v0)) b0_2))
(bvsle (bvadd (bvadd (bvadd (ite (= b0_2_1 #b00000000000000000000000000000000) #b00000000000000000000000000000001 #b00000000000000000000000000000000) (ite (= b0_2_2 #b00000000000000000000000000000000) #b00000000000000000000000000000001 #b00000000000000000000000000000000)) (ite (= b0_2_3 #b00000000000000000000000000000000) #b00000000000000000000000000000001 #b00000000000000000000000000000000)) (ite (= b0_2 #b00000000000000000000000000000000) #b00000000000000000000000000000001 #b00000000000000000000000000000000)) #b00000000000000000000000000000010)
(not (= (bvadd (bvadd (bvadd (bvmul b0_2_1 v0_v1) (bvsrem b0_2_2 v6_el2_v1)) (bvsrem b0_2_3 v2_v0)) b0_2) #b00000000000000000000000000000000))
(not (bvssubo a22_0_1 v3_v0))
(not (bvsaddo a22_0_2 v1_v0))
(not (bvsaddo (bvsub a22_0_1 v3_v0) (bvadd a22_0_2 v1_v0)))
(not (bvsaddo (bvadd (bvsub a22_0_1 v3_v0) (bvadd a22_0_2 v1_v0)) a22_0))
(bvsle (bvadd (bvadd (ite (= a22_0_1 #b00000000000000000000000000000000) #b00000000000000000000000000000001 #b00000000000000000000000000000000) (ite (= a22_0_2 #b00000000000000000000000000000000) #b00000000000000000000000000000001 #b00000000000000000000000000000000)) (ite (= a22_0 #b00000000000000000000000000000000) #b00000000000000000000000000000001 #b00000000000000000000000000000000)) #b00000000000000000000000000000001)
(= v0_v2 (bvadd (bvadd (bvsub a22_0_1 v3_v0) (bvadd a22_0_2 v1_v0)) a22_0))
(not (bvsmulo a22_1_1 v1_v0))
(not (bvsaddo a22_1_2 v3_v0))
(not (bvsaddo (bvmul a22_1_1 v1_v0) (bvadd a22_1_2 v3_v0)))
(not (bvsaddo (bvadd (bvmul a22_1_1 v1_v0) (bvadd a22_1_2 v3_v0)) a22_1))
(bvsle (bvadd (bvadd (ite (= a22_1_1 #b00000000000000000000000000000000) #b00000000000000000000000000000001 #b00000000000000000000000000000000) (ite (= a22_1_2 #b00000000000000000000000000000000) #b00000000000000000000000000000001 #b00000000000000000000000000000000)) (ite (= a22_1 #b00000000000000000000000000000000) #b00000000000000000000000000000001 #b00000000000000000000000000000000)) #b00000000000000000000000000000001)
(= v3_v1 (bvadd (bvadd (bvmul a22_1_1 v1_v0) (bvadd a22_1_2 v3_v0)) a22_1))
```
Optimized constraints: 
```
(bvsle (bvadd (bvadd (bvadd (bvadd (bvadd (ite (= v0_v0 #b00000000000000000000000000000000) #b00000000000000000000000000000001 #b00000000000000000000000000000000) (ite (= v1_v0 #b00000000000000000000000000000000) #b00000000000000000000000000000001 #b00000000000000000000000000000000)) (ite (= v2_v0 #b00000000000000000000000000000000) #b00000000000000000000000000000001 #b00000000000000000000000000000000)) (ite (= v3_v0 #b00000000000000000000000000000000) #b00000000000000000000000000000001 #b00000000000000000000000000000000)) (ite (= v4_v0 #b00000000000000000000000000000000) #b00000000000000000000000000000001 #b00000000000000000000000000000000)) (ite (= v5_v0 #b00000000000000000000000000000000) #b00000000000000000000000000000001 #b00000000000000000000000000000000)) #b00000000000000000000000000000011)
(= v6_el0_v0 init_var6_el0)
(= v6_el1_v0 init_var6_el1)
(= v6_el2_v0 init_var6_el2)
(bvsle (bvadd (bvadd (ite (= init_var6_el0 #b00000000000000000000000000000000) #b00000000000000000000000000000001 #b00000000000000000000000000000000) (ite (= init_var6_el1 #b00000000000000000000000000000000) #b00000000000000000000000000000001 #b00000000000000000000000000000000)) (ite (= init_var6_el2 #b00000000000000000000000000000000) #b00000000000000000000000000000001 #b00000000000000000000000000000000)) #b00000000000000000000000000000001)
(= v7_v0 init_var7)
(not (bvsaddo a0_0_1 v2_v0))
(distinct v0_v0 #b00000000000000000000000000000000)
(not (bvsdivo a0_0_2 v0_v0))
(not (bvssubo (bvadd a0_0_1 v2_v0) (bvsrem a0_0_2 v0_v0)))
(not (bvssubo (bvsub (bvadd a0_0_1 v2_v0) (bvsrem a0_0_2 v0_v0)) a0_0))
(bvsle (bvadd (bvadd (ite (= a0_0_1 #b00000000000000000000000000000000) #b00000000000000000000000000000001 #b00000000000000000000000000000000) (ite (= a0_0_2 #b00000000000000000000000000000000) #b00000000000000000000000000000001 #b00000000000000000000000000000000)) (ite (= a0_0 #b00000000000000000000000000000000) #b00000000000000000000000000000001 #b00000000000000000000000000000000)) #b00000000000000000000000000000001)
(= v0_v1 (bvsub (bvsub (bvadd a0_0_1 v2_v0) (bvsrem a0_0_2 v0_v0)) a0_0))
(not (bvssubo a0_1_1 v4_v0))
(distinct v7_v0 #b00000000000000000000000000000000)
(not (bvsdivo a0_1_2 v7_v0))
(not (bvsaddo (bvsub a0_1_1 v4_v0) (bvsdiv a0_1_2 v7_v0)))
(not (bvsaddo (bvadd (bvsub a0_1_1 v4_v0) (bvsdiv a0_1_2 v7_v0)) a0_1))
(bvsle (bvadd (bvadd (ite (= a0_1_1 #b00000000000000000000000000000000) #b00000000000000000000000000000001 #b00000000000000000000000000000000) (ite (= a0_1_2 #b00000000000000000000000000000000) #b00000000000000000000000000000001 #b00000000000000000000000000000000)) (ite (= a0_1 #b00000000000000000000000000000000) #b00000000000000000000000000000001 #b00000000000000000000000000000000)) #b00000000000000000000000000000001)
(= v6_el2_v1 (bvadd (bvadd (bvsub a0_1_1 v4_v0) (bvsdiv a0_1_2 v7_v0)) a0_1))
(not (bvsmulo b0_2_1 v0_v1))
(distinct v6_el2_v1 #b00000000000000000000000000000000)
(not (bvsdivo b0_2_2 v6_el2_v1))
(not (bvsaddo (bvmul b0_2_1 v0_v1) (bvsrem b0_2_2 v6_el2_v1)))
(distinct v2_v0 #b00000000000000000000000000000000)
(not (bvsdivo b0_2_3 v2_v0))
(not (bvsaddo (bvadd (bvmul b0_2_1 v0_v1) (bvsrem b0_2_2 v6_el2_v1)) (bvsrem b0_2_3 v2_v0)))
(not (bvsaddo (bvadd (bvadd (bvmul b0_2_1 v0_v1) (bvsrem b0_2_2 v6_el2_v1)) (bvsrem b0_2_3 v2_v0)) b0_2))
(bvsle (bvadd (bvadd (bvadd (ite (= b0_2_1 #b00000000000000000000000000000000) #b00000000000000000000000000000001 #b00000000000000000000000000000000) (ite (= b0_2_2 #b00000000000000000000000000000000) #b00000000000000000000000000000001 #b00000000000000000000000000000000)) (ite (= b0_2_3 #b00000000000000000000000000000000) #b00000000000000000000000000000001 #b00000000000000000000000000000000)) (ite (= b0_2 #b00000000000000000000000000000000) #b00000000000000000000000000000001 #b00000000000000000000000000000000)) #b00000000000000000000000000000010)
(not (= (bvadd (bvadd (bvadd (bvmul b0_2_1 v0_v1) (bvsrem b0_2_2 v6_el2_v1)) (bvsrem b0_2_3 v2_v0)) b0_2) #b00000000000000000000000000000000))
(not (bvssubo a22_0_1 v3_v0))
(not (bvsaddo a22_0_2 v1_v0))
(not (bvsaddo (bvsub a22_0_1 v3_v0) (bvadd a22_0_2 v1_v0)))
(not (bvsaddo (bvadd (bvsub a22_0_1 v3_v0) (bvadd a22_0_2 v1_v0)) a22_0))
(bvsle (bvadd (bvadd (ite (= a22_0_1 #b00000000000000000000000000000000) #b00000000000000000000000000000001 #b00000000000000000000000000000000) (ite (= a22_0_2 #b00000000000000000000000000000000) #b00000000000000000000000000000001 #b00000000000000000000000000000000)) (ite (= a22_0 #b00000000000000000000000000000000) #b00000000000000000000000000000001 #b00000000000000000000000000000000)) #b00000000000000000000000000000001)
(= v0_v2 (bvadd (bvadd (bvsub a22_0_1 v3_v0) (bvadd a22_0_2 v1_v0)) a22_0))
(not (bvsmulo a22_1_1 v1_v0))
(not (bvsaddo a22_1_2 v3_v0))
(not (bvsaddo (bvmul a22_1_1 v1_v0) (bvadd a22_1_2 v3_v0)))
(not (bvsaddo (bvadd (bvmul a22_1_1 v1_v0) (bvadd a22_1_2 v3_v0)) a22_1))
(bvsle (bvadd (bvadd (ite (= a22_1_1 #b00000000000000000000000000000000) #b00000000000000000000000000000001 #b00000000000000000000000000000000) (ite (= a22_1_2 #b00000000000000000000000000000000) #b00000000000000000000000000000001 #b00000000000000000000000000000000)) (ite (= a22_1 #b00000000000000000000000000000000) #b00000000000000000000000000000001 #b00000000000000000000000000000000)) #b00000000000000000000000000000001)
(= v3_v1 (bvadd (bvadd (bvmul a22_1_1 v1_v0) (bvadd a22_1_2 v3_v0)) a22_1))
```
Constraint stats: asserted=42 addCalls=42 skippedTrue=0 deduped=0 ensureInRangeCalls=49 boundedAlready=0 uniqueConstraintIds=42 uniqueBoundedIds=0 (solverAsserted=0)
Bitwuzla check_sat time: 125ms
Bitwuzla statistics: preprocess::contradicting_ands::num_substs=0 preprocess::contradicting_ands::time_apply=0ms preprocess::elim_extract::num_elim=0 preprocess::elim_extract::time_apply=0ms preprocess::elim_lambda::time_apply=0ms preprocess::elim_udiv::num_eliminated=0 preprocess::elim_udiv::time_apply=0ms preprocess::embedded_constraints::num_substs=2 preprocess::embedded_constraints::time_apply=0ms preprocess::flatten_and::num_assertions=94 preprocess::flatten_and::num_flattened=76 preprocess::flatten_and::time_apply=0ms preprocess::lambda::num_elim=0 preprocess::normalize::num_common_normalizations=6 preprocess::normalize::num_normalizations=44 preprocess::normalize::num_normalized_assertions=0 preprocess::normalize::num_pass1=0 preprocess::normalize::num_pass2=0 preprocess::normalize::time_adder_chains=1ms preprocess::normalize::time_apply=21ms preprocess::normalize::time_compute_occs=0ms preprocess::normalize::time_normalize_add=0ms preprocess::normalize::time_normalize_mul=0ms preprocess::normalize::time_score=17ms preprocess::rewrite::time_apply=1ms preprocess::skeleton_preproc::cnf::clauses=315 preprocess::skeleton_preproc::cnf::lits=587 preprocess::skeleton_preproc::new_assertions=0 preprocess::skeleton_preproc::resets=1 preprocess::skeleton_preproc::time_apply=0ms preprocess::skeleton_preproc::time_encode=0ms preprocess::skeleton_preproc::time_fixed=0ms preprocess::skeleton_preproc::time_sat=0ms preprocess::uninterpreted::num_substs=0 preprocess::uninterpreted::time_apply=0ms preprocess::varsubst::normalize_bv_ineq::num_slt=0 preprocess::varsubst::normalize_bv_ineq::num_ult=0 preprocess::varsubst::normalize_eq::num_bv_concat=0 preprocess::varsubst::normalize_eq::num_gauss_elim=2 preprocess::varsubst::normalize_eq::num_linear_eq=2 preprocess::varsubst::num_substs=8 preprocess::varsubst::time_apply=0ms preprocess::varsubst::time_direct_cycle_check=0ms preprocess::varsubst::time_find_substitution=0ms preprocess::varsubst::time_find_vars=0ms preprocess::varsubst::time_register=0ms preprocess::varsubst::time_remove_cycles=0ms preprocess::varsubst::time_substitute=0ms preprocessor::num_iterations=2 preprocessor::time_preprocess=25ms preprocessor::time_process=0ms rewriter::(normalize)::num_evals=0 rewriter::(normalize)::num_rewrites=171 rewriter::(normalize)::rewrite::BV_ADD_SPECIAL_CONST=20 rewriter::(normalize)::rewrite::BV_MUL_ONES=3 rewriter::(normalize)::rewrite::BV_NEG_ELIM=3 rewriter::(normalize)::rewrite::BV_NOT_BV_NOT=21 rewriter::(normalize)::rewrite::NORMALIZE_COMM=124 rewriter::eval::BV_AND_EVAL=2 rewriter::eval::BV_MUL_EVAL=3 rewriter::eval::BV_NEG_EVAL=3 rewriter::eval::BV_OR_EVAL=2 rewriter::eval::BV_SHL_EVAL=1 rewriter::eval::EQUAL_EVAL=4 rewriter::eval::IMPLIES_EVAL=1 rewriter::num_evals=16 rewriter::num_rewrites=1007 rewriter::rewrite::BV_ADD_EVAL=2 rewriter::rewrite::BV_ADD_ITE2=25 rewriter::rewrite::BV_ADD_SPECIAL_CONST=20 rewriter::rewrite::BV_EXTRACT_ADD_MUL=8 rewriter::rewrite::BV_EXTRACT_EVAL=1 rewriter::rewrite::BV_EXTRACT_FULL=4 rewriter::rewrite::BV_MUL_ONE=2 rewriter::rewrite::BV_MUL_POW2=8 rewriter::rewrite::BV_NEG_ELIM=26 rewriter::rewrite::BV_NOT_BV_NEG=1 rewriter::rewrite::BV_NOT_BV_NOT=169 rewriter::rewrite::BV_NOT_EVAL=2 rewriter::rewrite::BV_OR_ELIM=119 rewriter::rewrite::BV_SADDO_ELIM=12 rewriter::rewrite::BV_SDIVO_ELIM=4 rewriter::rewrite::BV_SDIV_ELIM=1 rewriter::rewrite::BV_SHL_CONST=8 rewriter::rewrite::BV_SHL_SPECIAL_CONST=1 rewriter::rewrite::BV_SIGN_EXTEND_ELIM=8 rewriter::rewrite::BV_SLE_ELIM=7 rewriter::rewrite::BV_SMULO_ELIM=2 rewriter::rewrite::BV_SREM_ELIM=3 rewriter::rewrite::BV_SSUBO_ELIM=4 rewriter::rewrite::BV_SUB_ELIM=6 rewriter::rewrite::DISTINCT_ELIM=4 rewriter::rewrite::EQUAL_BV_SUB=4 rewriter::rewrite::EQUAL_CONST_BV_NOT=62 rewriter::rewrite::EQUAL_SPECIAL_CONST=4 rewriter::rewrite::EQUAL_TRUE=7 rewriter::rewrite::IMPLIES_ELIM=1 rewriter::rewrite::ITE_EVAL=1 rewriter::rewrite::NORMALIZE_COMM=415 rewriter::rewrite::NOT_EQUAL_BV1_BOOL=34 rewriter::rewrite::NOT_NOT=16 rewriter::rewrite::OR_ELIM=16 solver::abstract::lemmas::MUL_IC=1 solver::abstract::lemmas::MUL_NEG_POW2=1 solver::abstract::num_checks=2 solver::abstract::terms::BV_MUL=2 solver::abstract::terms::total=2 solver::abstract::time_check=1ms solver::array::equalities=0 solver::array::num_checks=0 solver::array::propagations=0 solver::array::propagations_down=0 solver::array::propagations_up=0 solver::array::selects=0 solver::array::time_check=0ms solver::bv::bitblast::aig::num_ands=52175 solver::bv::bitblast::aig::num_consts=898 solver::bv::bitblast::aig::num_shared=7872 solver::bv::bitblast::aig::time_bitblast=6ms solver::bv::bitblast::cnf::num_clauses=132474 solver::bv::bitblast::cnf::num_literals=320940 solver::bv::bitblast::cnf::num_vars=43436 solver::bv::bitblast::cnf::time_encode=46ms solver::bv::bitblast::sat::time_solve=45ms solver::bv::num_assertions=114 solver::bv::num_checks=2 solver::bv::time_check=91ms solver::engine::lemmas::abstr=2 solver::engine::lemmas::array=0 solver::engine::lemmas::fp=0 solver::engine::lemmas::fun=0 solver::engine::lemmas::quant=0 solver::engine::lemmas::total=2 solver::engine::time_register_term=0ms solver::engine::time_solve=100ms solver::fun::num_checks=1 solver::fun::time_check=0ms solver::quant::mbqi_checks=0 solver::quant::num_lemma_iterations=0 solver::quant::num_lemmas=0 solver::quant::time_check=0ms solver::quant::time_mbqi=0ms solver::quant::time_process=0ms solving_context::max_memory=41086976 solving_context::time_ensure_model=0ms solving_context::time_solve=125ms
SAT
Extract symbols: sym=init_var6_el0, value=1
Extract symbols: sym=init_var6_el1, value=1
Extract symbols: sym=init_var6_el2, value=0
Extract symbols: sym=init_var7, value=-1
Extract symbols: sym=a0_0_1, value=-905301953
Extract symbols: sym=a0_0_2, value=-116785152
Extract symbols: sym=a0_0, value=-1811727552
Extract symbols: sym=a0_1_1, value=1073741571
Extract symbols: sym=a0_1_2, value=1342177280
Extract symbols: sym=a0_1, value=1879048192
Extract symbols: sym=b0_2_1, value=0
Extract symbols: sym=b0_2_2, value=-1073741826
Extract symbols: sym=b0_2_3, value=3
Extract symbols: sym=b0_2, value=1073741824
Extract symbols: sym=a1_0_1, value=<unresolved>
Extract symbols: sym=a1_0_2, value=<unresolved>
Extract symbols: sym=a1_0, value=<unresolved>
Extract symbols: sym=a1_1_1, value=<unresolved>
Extract symbols: sym=a1_1_2, value=<unresolved>
Extract symbols: sym=a1_1, value=<unresolved>
Extract symbols: sym=b1_2_1, value=<unresolved>
Extract symbols: sym=b1_2_2, value=<unresolved>
Extract symbols: sym=b1_2_3, value=<unresolved>
Extract symbols: sym=b1_2, value=<unresolved>
Extract symbols: sym=a2_0_1, value=<unresolved>
Extract symbols: sym=a2_0_2, value=<unresolved>
Extract symbols: sym=a2_0, value=<unresolved>
Extract symbols: sym=a2_1_1, value=<unresolved>
Extract symbols: sym=a2_1_2, value=<unresolved>
Extract symbols: sym=a2_1, value=<unresolved>
Extract symbols: sym=a3_0_1, value=<unresolved>
Extract symbols: sym=a3_0_2, value=<unresolved>
Extract symbols: sym=a3_0, value=<unresolved>
Extract symbols: sym=a3_1_1, value=<unresolved>
Extract symbols: sym=a3_1_2, value=<unresolved>
Extract symbols: sym=a3_1, value=<unresolved>
Extract symbols: sym=a4_0_1, value=<unresolved>
Extract symbols: sym=a4_0_2, value=<unresolved>
Extract symbols: sym=a4_0, value=<unresolved>
Extract symbols: sym=a4_1_1, value=<unresolved>
Extract symbols: sym=a4_1_2, value=<unresolved>
Extract symbols: sym=a4_1, value=<unresolved>
Extract symbols: sym=b4_2_1, value=<unresolved>
Extract symbols: sym=b4_2_2, value=<unresolved>
Extract symbols: sym=b4_2_3, value=<unresolved>
Extract symbols: sym=b4_2, value=<unresolved>
Extract symbols: sym=a5_0_1, value=<unresolved>
Extract symbols: sym=a5_0_2, value=<unresolved>
Extract symbols: sym=a5_0, value=<unresolved>
Extract symbols: sym=a5_1_1, value=<unresolved>
Extract symbols: sym=a5_1_2, value=<unresolved>
Extract symbols: sym=a5_1, value=<unresolved>
Extract symbols: sym=b5_2_1, value=<unresolved>
Extract symbols: sym=b5_2_2, value=<unresolved>
Extract symbols: sym=b5_2_3, value=<unresolved>
Extract symbols: sym=b5_2, value=<unresolved>
Extract symbols: sym=a6_0_1, value=<unresolved>
Extract symbols: sym=a6_0_2, value=<unresolved>
Extract symbols: sym=a6_0, value=<unresolved>
Extract symbols: sym=a6_1_1, value=<unresolved>
Extract symbols: sym=a6_1_2, value=<unresolved>
Extract symbols: sym=a6_1, value=<unresolved>
Extract symbols: sym=b6_2_1, value=<unresolved>
Extract symbols: sym=b6_2_2, value=<unresolved>
Extract symbols: sym=b6_2_3, value=<unresolved>
Extract symbols: sym=b6_2, value=<unresolved>
Extract symbols: sym=a7_0_1, value=<unresolved>
Extract symbols: sym=a7_0_2, value=<unresolved>
Extract symbols: sym=a7_0, value=<unresolved>
Extract symbols: sym=a7_1_1, value=<unresolved>
Extract symbols: sym=a7_1_2, value=<unresolved>
Extract symbols: sym=a7_1, value=<unresolved>
Extract symbols: sym=b7_2_1, value=<unresolved>
Extract symbols: sym=b7_2_2, value=<unresolved>
Extract symbols: sym=b7_2_3, value=<unresolved>
Extract symbols: sym=b7_2, value=<unresolved>
Extract symbols: sym=a8_0_1, value=<unresolved>
Extract symbols: sym=a8_0_2, value=<unresolved>
Extract symbols: sym=a8_0, value=<unresolved>
Extract symbols: sym=a8_1_1, value=<unresolved>
Extract symbols: sym=a8_1_2, value=<unresolved>
Extract symbols: sym=a8_1, value=<unresolved>
Extract symbols: sym=b8_2_1, value=<unresolved>
Extract symbols: sym=b8_2_2, value=<unresolved>
Extract symbols: sym=b8_2_3, value=<unresolved>
Extract symbols: sym=b8_2, value=<unresolved>
Extract symbols: sym=a9_0_1, value=<unresolved>
Extract symbols: sym=a9_0_2, value=<unresolved>
Extract symbols: sym=a9_0, value=<unresolved>
Extract symbols: sym=a9_1_1, value=<unresolved>
Extract symbols: sym=a9_1_2, value=<unresolved>
Extract symbols: sym=a9_1, value=<unresolved>
Extract symbols: sym=b9_2_1, value=<unresolved>
Extract symbols: sym=b9_2_2, value=<unresolved>
Extract symbols: sym=b9_2_3, value=<unresolved>
Extract symbols: sym=b9_2, value=<unresolved>
Extract symbols: sym=a10_0_1, value=<unresolved>
Extract symbols: sym=a10_0_2, value=<unresolved>
Extract symbols: sym=a10_0, value=<unresolved>
Extract symbols: sym=a10_1_1, value=<unresolved>
Extract symbols: sym=a10_1_2, value=<unresolved>
Extract symbols: sym=a10_1, value=<unresolved>
Extract symbols: sym=b10_2_1, value=<unresolved>
Extract symbols: sym=b10_2_2, value=<unresolved>
Extract symbols: sym=b10_2_3, value=<unresolved>
Extract symbols: sym=b10_2, value=<unresolved>
Extract symbols: sym=a11_0_1, value=<unresolved>
Extract symbols: sym=a11_0_2, value=<unresolved>
Extract symbols: sym=a11_0, value=<unresolved>
Extract symbols: sym=a11_1_1, value=<unresolved>
Extract symbols: sym=a11_1_2, value=<unresolved>
Extract symbols: sym=a11_1, value=<unresolved>
Extract symbols: sym=b11_2_1, value=<unresolved>
Extract symbols: sym=b11_2_2, value=<unresolved>
Extract symbols: sym=b11_2_3, value=<unresolved>
Extract symbols: sym=b11_2, value=<unresolved>
Extract symbols: sym=a12_0_1, value=<unresolved>
Extract symbols: sym=a12_0_2, value=<unresolved>
Extract symbols: sym=a12_0, value=<unresolved>
Extract symbols: sym=a12_1_1, value=<unresolved>
Extract symbols: sym=a12_1_2, value=<unresolved>
Extract symbols: sym=a12_1, value=<unresolved>
Extract symbols: sym=b12_2_1, value=<unresolved>
Extract symbols: sym=b12_2_2, value=<unresolved>
Extract symbols: sym=b12_2_3, value=<unresolved>
Extract symbols: sym=b12_2, value=<unresolved>
Extract symbols: sym=a13_0_1, value=<unresolved>
Extract symbols: sym=a13_0_2, value=<unresolved>
Extract symbols: sym=a13_0, value=<unresolved>
Extract symbols: sym=a13_1_1, value=<unresolved>
Extract symbols: sym=a13_1_2, value=<unresolved>
Extract symbols: sym=a13_1, value=<unresolved>
Extract symbols: sym=b13_2_1, value=<unresolved>
Extract symbols: sym=b13_2_2, value=<unresolved>
Extract symbols: sym=b13_2_3, value=<unresolved>
Extract symbols: sym=b13_2, value=<unresolved>
Extract symbols: sym=a14_0_1, value=<unresolved>
Extract symbols: sym=a14_0_2, value=<unresolved>
Extract symbols: sym=a14_0, value=<unresolved>
Extract symbols: sym=a14_1_1, value=<unresolved>
Extract symbols: sym=a14_1_2, value=<unresolved>
Extract symbols: sym=a14_1, value=<unresolved>
Extract symbols: sym=b14_2_1, value=<unresolved>
Extract symbols: sym=b14_2_2, value=<unresolved>
Extract symbols: sym=b14_2_3, value=<unresolved>
Extract symbols: sym=b14_2, value=<unresolved>
Extract symbols: sym=a15_0_1, value=<unresolved>
Extract symbols: sym=a15_0_2, value=<unresolved>
Extract symbols: sym=a15_0, value=<unresolved>
Extract symbols: sym=a15_1_1, value=<unresolved>
Extract symbols: sym=a15_1_2, value=<unresolved>
Extract symbols: sym=a15_1, value=<unresolved>
Extract symbols: sym=b15_2_1, value=<unresolved>
Extract symbols: sym=b15_2_2, value=<unresolved>
Extract symbols: sym=b15_2_3, value=<unresolved>
Extract symbols: sym=b15_2, value=<unresolved>
Extract symbols: sym=a16_0_1, value=<unresolved>
Extract symbols: sym=a16_0_2, value=<unresolved>
Extract symbols: sym=a16_0, value=<unresolved>
Extract symbols: sym=a16_1_1, value=<unresolved>
Extract symbols: sym=a16_1_2, value=<unresolved>
Extract symbols: sym=a16_1, value=<unresolved>
Extract symbols: sym=b16_2_1, value=<unresolved>
Extract symbols: sym=b16_2_2, value=<unresolved>
Extract symbols: sym=b16_2_3, value=<unresolved>
Extract symbols: sym=b16_2, value=<unresolved>
Extract symbols: sym=a17_0_1, value=<unresolved>
Extract symbols: sym=a17_0_2, value=<unresolved>
Extract symbols: sym=a17_0, value=<unresolved>
Extract symbols: sym=a17_1_1, value=<unresolved>
Extract symbols: sym=a17_1_2, value=<unresolved>
Extract symbols: sym=a17_1, value=<unresolved>
Extract symbols: sym=a18_0_1, value=<unresolved>
Extract symbols: sym=a18_0_2, value=<unresolved>
Extract symbols: sym=a18_0, value=<unresolved>
Extract symbols: sym=a18_1_1, value=<unresolved>
Extract symbols: sym=a18_1_2, value=<unresolved>
Extract symbols: sym=a18_1, value=<unresolved>
Extract symbols: sym=b18_2_1, value=<unresolved>
Extract symbols: sym=b18_2_2, value=<unresolved>
Extract symbols: sym=b18_2_3, value=<unresolved>
Extract symbols: sym=b18_2, value=<unresolved>
Extract symbols: sym=a19_0_1, value=<unresolved>
Extract symbols: sym=a19_0_2, value=<unresolved>
Extract symbols: sym=a19_0, value=<unresolved>
Extract symbols: sym=a19_1_1, value=<unresolved>
Extract symbols: sym=a19_1_2, value=<unresolved>
Extract symbols: sym=a19_1, value=<unresolved>
Extract symbols: sym=b19_2_1, value=<unresolved>
Extract symbols: sym=b19_2_2, value=<unresolved>
Extract symbols: sym=b19_2_3, value=<unresolved>
Extract symbols: sym=b19_2, value=<unresolved>
Extract symbols: sym=a20_0_1, value=<unresolved>
Extract symbols: sym=a20_0_2, value=<unresolved>
Extract symbols: sym=a20_0, value=<unresolved>
Extract symbols: sym=a20_1_1, value=<unresolved>
Extract symbols: sym=a20_1_2, value=<unresolved>
Extract symbols: sym=a20_1, value=<unresolved>
Extract symbols: sym=b20_2_1, value=<unresolved>
Extract symbols: sym=b20_2_2, value=<unresolved>
Extract symbols: sym=b20_2_3, value=<unresolved>
Extract symbols: sym=b20_2, value=<unresolved>
Extract symbols: sym=a21_0_1, value=<unresolved>
Extract symbols: sym=a21_0_2, value=<unresolved>
Extract symbols: sym=a21_0, value=<unresolved>
Extract symbols: sym=a21_1_1, value=<unresolved>
Extract symbols: sym=a21_1_2, value=<unresolved>
Extract symbols: sym=a21_1, value=<unresolved>
Extract symbols: sym=a22_0_1, value=-1
Extract symbols: sym=a22_0_2, value=-2
Extract symbols: sym=a22_0, value=0
Extract symbols: sym=a22_1_1, value=-1
Extract symbols: sym=a22_1_2, value=1
Extract symbols: sym=a22_1, value=0
--------IntUBInject: Inject Int UBs to Block BB2--------------------------------------------
Collected constraints:
(bvsle v6_el2_v0 #b001111111111111111111111111111111)
(bvsge v6_el2_v0 #b110000000000000000000000000000000)
(bvsle v0_v0 #b001111111111111111111111111111111)
(bvsge v0_v0 #b110000000000000000000000000000000)
(bvsle v7_v0 #b001111111111111111111111111111111)
(bvsge v7_v0 #b110000000000000000000000000000000)
(bvsge a2_0_1 #b110000000000000000000000000000000)
(bvsle a2_0_1 #b001111111111111111111111111111111)
(= #b000000000000000000000000000000000 #b000000000000000000000000000000000)
(= #b000000000000000000000000000000010 #b000000000000000000000000000000010)
(distinct v6_el2_v0 #b000000000000000000000000000000000)
(bvsge a2_0_2 #b110000000000000000000000000000000)
(bvsle a2_0_2 #b001111111111111111111111111111111)
(bvsge a2_0 #b110000000000000000000000000000000)
(bvsle a2_0 #b001111111111111111111111111111111)
(bvsle (bvadd (bvadd (ite (= a2_0_1 #b000000000000000000000000000000000) #b000000000000000000000000000000001 #b000000000000000000000000000000000) (ite (= a2_0_2 #b000000000000000000000000000000000) #b000000000000000000000000000000001 #b000000000000000000000000000000000)) (ite (= a2_0 #b000000000000000000000000000000000) #b000000000000000000000000000000001 #b000000000000000000000000000000000)) #b000000000000000000000000000000001)
(= v4_v1 (bvadd (bvadd a2_0 (bvsub a2_0_2 v0_v0)) (bvsdiv a2_0_1 v6_el2_v0)))
(bvsge a2_1_1 #b110000000000000000000000000000000)
(bvsle a2_1_1 #b001111111111111111111111111111111)
(bvsge a2_1_2 #b110000000000000000000000000000000)
(bvsle a2_1_2 #b001111111111111111111111111111111)
(bvsge a2_1 #b110000000000000000000000000000000)
(bvsle a2_1 #b001111111111111111111111111111111)
(bvsle (bvadd (bvadd (ite (= a2_1_1 #b000000000000000000000000000000000) #b000000000000000000000000000000001 #b000000000000000000000000000000000) (ite (= a2_1_2 #b000000000000000000000000000000000) #b000000000000000000000000000000001 #b000000000000000000000000000000000)) (ite (= a2_1 #b000000000000000000000000000000000) #b000000000000000000000000000000001 #b000000000000000000000000000000000)) #b000000000000000000000000000000001)
(= v6_el2_v1 (bvadd (bvadd a2_1 (bvmul a2_1_2 v7_v0)) (bvmul a2_1_1 v4_v1)))
(let ((_let0 (bvadd (bvadd a2_0 (bvsub a2_0_2 v0_v0)) (bvsdiv a2_0_1 v6_el2_v0)))) (let ((_let1 (bvadd (bvadd a2_1 (bvmul a2_1_2 v7_v0)) (bvmul a2_1_1 v4_v1)))) (or (or false (or (bvsgt _let0 #b001111111111111111111111111111111) (bvslt _let0 #b110000000000000000000000000000000))) (or (bvsgt _let1 #b001111111111111111111111111111111) (bvslt _let1 #b110000000000000000000000000000000)))))
SAT
Adding initializations to ensure undefined behaviors
Let variable: var=v6_el2, value=1
Let variable: var=v0, value=-256
Let variable: var=v7, value=-1
Let symbol: sym=a2_0_1, value=1
Let symbol: sym=a2_0_2, value=2147483392
Let symbol: sym=a2_0, value=-2147483648
Let symbol: sym=a2_1_1, value=-1
Let symbol: sym=a2_1_2, value=1
Let symbol: sym=a2_1, value=-2147483647
--------IntUBInject: Inject Int UBs to Block BB9--------------------------------------------
Collected constraints:
(bvsle v1_v0 #b001111111111111111111111111111111)
(bvsge v1_v0 #b110000000000000000000000000000000)
(bvsle v7_v0 #b001111111111111111111111111111111)
(bvsge v7_v0 #b110000000000000000000000000000000)
(bvsle v1_v0 #b001111111111111111111111111111111)
(bvsge v1_v0 #b110000000000000000000000000000000)
(bvsle v0_v0 #b001111111111111111111111111111111)
(bvsge v0_v0 #b110000000000000000000000000000000)
(bvsge a9_0_1 #b110000000000000000000000000000000)
(bvsle a9_0_1 #b001111111111111111111111111111111)
(distinct v1_v0 #b000000000000000000000000000000000)
(bvsge a9_0_2 #b110000000000000000000000000000000)
(bvsle a9_0_2 #b001111111111111111111111111111111)
(distinct v7_v0 #b000000000000000000000000000000000)
(bvsge a9_0 #b110000000000000000000000000000000)
(bvsle a9_0 #b001111111111111111111111111111111)
(bvsle (bvadd (bvadd (ite (= a9_0_1 #b000000000000000000000000000000000) #b000000000000000000000000000000001 #b000000000000000000000000000000000) (ite (= a9_0_2 #b000000000000000000000000000000000) #b000000000000000000000000000000001 #b000000000000000000000000000000000)) (ite (= a9_0 #b000000000000000000000000000000000) #b000000000000000000000000000000001 #b000000000000000000000000000000000)) #b000000000000000000000000000000001)
(= v5_v1 (bvadd (bvadd a9_0 (bvsdiv a9_0_2 v7_v0)) (bvsdiv a9_0_1 v1_v0)))
(bvsge a9_1_1 #b110000000000000000000000000000000)
(bvsle a9_1_1 #b001111111111111111111111111111111)
(bvsge a9_1_2 #b110000000000000000000000000000000)
(bvsle a9_1_2 #b001111111111111111111111111111111)
(bvsge a9_1 #b110000000000000000000000000000000)
(bvsle a9_1 #b001111111111111111111111111111111)
(bvsle (bvadd (bvadd (ite (= a9_1_1 #b000000000000000000000000000000000) #b000000000000000000000000000000001 #b000000000000000000000000000000000) (ite (= a9_1_2 #b000000000000000000000000000000000) #b000000000000000000000000000000001 #b000000000000000000000000000000000)) (ite (= a9_1 #b000000000000000000000000000000000) #b000000000000000000000000000000001 #b000000000000000000000000000000000)) #b000000000000000000000000000000001)
(= v7_v1 (bvadd (bvadd a9_1 (bvadd a9_1_2 v0_v0)) (bvadd a9_1_1 v1_v0)))
(bvsge b9_2_1 #b110000000000000000000000000000000)
(bvsle b9_2_1 #b001111111111111111111111111111111)
(bvsge b9_2_2 #b110000000000000000000000000000000)
(bvsle b9_2_2 #b001111111111111111111111111111111)
(bvsge b9_2_3 #b110000000000000000000000000000000)
(bvsle b9_2_3 #b001111111111111111111111111111111)
(distinct v4_v0 #b000000000000000000000000000000000)
(bvsge b9_2 #b110000000000000000000000000000000)
(bvsle b9_2 #b001111111111111111111111111111111)
(bvsle (bvadd (bvadd (bvadd (ite (= b9_2_1 #b000000000000000000000000000000000) #b000000000000000000000000000000001 #b000000000000000000000000000000000) (ite (= b9_2_2 #b000000000000000000000000000000000) #b000000000000000000000000000000001 #b000000000000000000000000000000000)) (ite (= b9_2_3 #b000000000000000000000000000000000) #b000000000000000000000000000000001 #b000000000000000000000000000000000)) (ite (= b9_2 #b000000000000000000000000000000000) #b000000000000000000000000000000001 #b000000000000000000000000000000000)) #b000000000000000000000000000000010)
(let ((_let0 (bvadd (bvadd a9_0 (bvsdiv a9_0_2 v7_v0)) (bvsdiv a9_0_1 v1_v0)))) (let ((_let1 (bvadd (bvadd a9_1 (bvadd a9_1_2 v0_v0)) (bvadd a9_1_1 v1_v0)))) (let ((_let2 (bvadd (bvadd (bvadd b9_2 (bvsrem b9_2_3 v4_v0)) (bvadd b9_2_2 v7_v1)) (bvsub b9_2_1 v5_v1)))) (or (or (or false (or (bvsgt _let0 #b001111111111111111111111111111111) (bvslt _let0 #b110000000000000000000000000000000))) (or (bvsgt _let1 #b001111111111111111111111111111111) (bvslt _let1 #b110000000000000000000000000000000))) (or (bvsgt _let2 #b001111111111111111111111111111111) (bvslt _let2 #b110000000000000000000000000000000))))))
SAT
Adding initializations to ensure undefined behaviors
Let variable: var=v1, value=-2147483648
Let variable: var=v7, value=1
Let variable: var=v1, value=-2147483648
Let variable: var=v0, value=1073741824
Let symbol: sym=a9_0_1, value=1073741824
Let symbol: sym=a9_0_2, value=1
Let symbol: sym=a9_0, value=-1
Let symbol: sym=a9_1_1, value=-1
Let symbol: sym=a9_1_2, value=1073741824
Let symbol: sym=a9_1, value=-2147483648
Let symbol: sym=b9_2_1, value=0
Let symbol: sym=b9_2_2, value=2147483647
Let symbol: sym=b9_2_3, value=-2147483648
Let symbol: sym=b9_2, value=1
--------IntUBInject: Inject Int UBs to Block BB10--------------------------------------------
Collected constraints:
(bvsle v5_v0 #b001111111111111111111111111111111)
(bvsge v5_v0 #b110000000000000000000000000000000)
(bvsle v0_v0 #b001111111111111111111111111111111)
(bvsge v0_v0 #b110000000000000000000000000000000)
(bvsle v5_v0 #b001111111111111111111111111111111)
(bvsge v5_v0 #b110000000000000000000000000000000)
(bvsle v1_v0 #b001111111111111111111111111111111)
(bvsge v1_v0 #b110000000000000000000000000000000)
(bvsge a10_0_1 #b110000000000000000000000000000000)
(bvsle a10_0_1 #b001111111111111111111111111111111)
(bvsge a10_0_2 #b110000000000000000000000000000000)
(bvsle a10_0_2 #b001111111111111111111111111111111)
(distinct v0_v0 #b000000000000000000000000000000000)
(bvsge a10_0 #b110000000000000000000000000000000)
(bvsle a10_0 #b001111111111111111111111111111111)
(bvsle (bvadd (bvadd (ite (= a10_0_1 #b000000000000000000000000000000000) #b000000000000000000000000000000001 #b000000000000000000000000000000000) (ite (= a10_0_2 #b000000000000000000000000000000000) #b000000000000000000000000000000001 #b000000000000000000000000000000000)) (ite (= a10_0 #b000000000000000000000000000000000) #b000000000000000000000000000000001 #b000000000000000000000000000000000)) #b000000000000000000000000000000001)
(= v3_v1 (bvsub (bvsub a10_0 (bvsrem a10_0_2 v0_v0)) (bvsub a10_0_1 v5_v0)))
(bvsge a10_1_1 #b110000000000000000000000000000000)
(bvsle a10_1_1 #b001111111111111111111111111111111)
(bvsge a10_1_2 #b110000000000000000000000000000000)
(bvsle a10_1_2 #b001111111111111111111111111111111)
(bvsge a10_1 #b110000000000000000000000000000000)
(bvsle a10_1 #b001111111111111111111111111111111)
(bvsle (bvadd (bvadd (ite (= a10_1_1 #b000000000000000000000000000000000) #b000000000000000000000000000000001 #b000000000000000000000000000000000) (ite (= a10_1_2 #b000000000000000000000000000000000) #b000000000000000000000000000000001 #b000000000000000000000000000000000)) (ite (= a10_1 #b000000000000000000000000000000000) #b000000000000000000000000000000001 #b000000000000000000000000000000000)) #b000000000000000000000000000000001)
(= v4_v1 (bvadd (bvadd a10_1 (bvsub a10_1_2 v1_v0)) (bvsub a10_1_1 v5_v0)))
(bvsge b10_2_1 #b110000000000000000000000000000000)
(bvsle b10_2_1 #b001111111111111111111111111111111)
(bvsge b10_2_2 #b110000000000000000000000000000000)
(bvsle b10_2_2 #b001111111111111111111111111111111)
(bvsge b10_2_3 #b110000000000000000000000000000000)
(bvsle b10_2_3 #b001111111111111111111111111111111)
(distinct v0_v0 #b000000000000000000000000000000000)
(bvsge b10_2 #b110000000000000000000000000000000)
(bvsle b10_2 #b001111111111111111111111111111111)
(bvsle (bvadd (bvadd (bvadd (ite (= b10_2_1 #b000000000000000000000000000000000) #b000000000000000000000000000000001 #b000000000000000000000000000000000) (ite (= b10_2_2 #b000000000000000000000000000000000) #b000000000000000000000000000000001 #b000000000000000000000000000000000)) (ite (= b10_2_3 #b000000000000000000000000000000000) #b000000000000000000000000000000001 #b000000000000000000000000000000000)) (ite (= b10_2 #b000000000000000000000000000000000) #b000000000000000000000000000000001 #b000000000000000000000000000000000)) #b000000000000000000000000000000010)
(let ((_let0 (bvsub (bvsub a10_0 (bvsrem a10_0_2 v0_v0)) (bvsub a10_0_1 v5_v0)))) (let ((_let1 (bvadd (bvadd a10_1 (bvsub a10_1_2 v1_v0)) (bvsub a10_1_1 v5_v0)))) (let ((_let2 (bvsub (bvsub (bvsub b10_2 (bvsdiv b10_2_3 v0_v0)) (bvmul b10_2_2 v4_v1)) (bvadd b10_2_1 v3_v1)))) (or (or (or false (or (bvsgt _let0 #b001111111111111111111111111111111) (bvslt _let0 #b110000000000000000000000000000000))) (or (bvsgt _let1 #b001111111111111111111111111111111) (bvslt _let1 #b110000000000000000000000000000000))) (or (bvsgt _let2 #b001111111111111111111111111111111) (bvslt _let2 #b110000000000000000000000000000000))))))
SAT
Adding initializations to ensure undefined behaviors
Let variable: var=v5, value=1073741824
Let variable: var=v0, value=1
Let variable: var=v5, value=1073741824
Let variable: var=v1, value=-256
Let symbol: sym=a10_0_1, value=2147483646
Let symbol: sym=a10_0_2, value=-2147483647
Let symbol: sym=a10_0, value=1073741824
Let symbol: sym=a10_1_1, value=-1073741824
Let symbol: sym=a10_1_2, value=2147483392
Let symbol: sym=a10_1, value=-2147483648
Let symbol: sym=b10_2_1, value=-2147483648
Let symbol: sym=b10_2_2, value=1
Let symbol: sym=b10_2_3, value=1
Let symbol: sym=b10_2, value=-1879048190
--------IntUBInject: Inject Int UBs to Block BB11--------------------------------------------
Collected constraints:
(bvsle v5_v0 #b001111111111111111111111111111111)
(bvsge v5_v0 #b110000000000000000000000000000000)
(bvsle v7_v0 #b001111111111111111111111111111111)
(bvsge v7_v0 #b110000000000000000000000000000000)
(bvsle v3_v0 #b001111111111111111111111111111111)
(bvsge v3_v0 #b110000000000000000000000000000000)
(bvsle v5_v0 #b001111111111111111111111111111111)
(bvsge v5_v0 #b110000000000000000000000000000000)
(bvsge a11_0_1 #b110000000000000000000000000000000)
(bvsle a11_0_1 #b001111111111111111111111111111111)
(bvsge a11_0_2 #b110000000000000000000000000000000)
(bvsle a11_0_2 #b001111111111111111111111111111111)
(distinct v7_v0 #b000000000000000000000000000000000)
(bvsge a11_0 #b110000000000000000000000000000000)
(bvsle a11_0 #b001111111111111111111111111111111)
(bvsle (bvadd (bvadd (ite (= a11_0_1 #b000000000000000000000000000000000) #b000000000000000000000000000000001 #b000000000000000000000000000000000) (ite (= a11_0_2 #b000000000000000000000000000000000) #b000000000000000000000000000000001 #b000000000000000000000000000000000)) (ite (= a11_0 #b000000000000000000000000000000000) #b000000000000000000000000000000001 #b000000000000000000000000000000000)) #b000000000000000000000000000000001)
(= v7_v1 (bvsub (bvsub a11_0 (bvsrem a11_0_2 v7_v0)) (bvadd a11_0_1 v5_v0)))
(bvsge a11_1_1 #b110000000000000000000000000000000)
(bvsle a11_1_1 #b001111111111111111111111111111111)
(bvsge a11_1_2 #b110000000000000000000000000000000)
(bvsle a11_1_2 #b001111111111111111111111111111111)
(distinct v5_v0 #b000000000000000000000000000000000)
(bvsge a11_1 #b110000000000000000000000000000000)
(bvsle a11_1 #b001111111111111111111111111111111)
(bvsle (bvadd (bvadd (ite (= a11_1_1 #b000000000000000000000000000000000) #b000000000000000000000000000000001 #b000000000000000000000000000000000) (ite (= a11_1_2 #b000000000000000000000000000000000) #b000000000000000000000000000000001 #b000000000000000000000000000000000)) (ite (= a11_1 #b000000000000000000000000000000000) #b000000000000000000000000000000001 #b000000000000000000000000000000000)) #b000000000000000000000000000000001)
(= v1_v1 (bvsub (bvsub a11_1 (bvsrem a11_1_2 v5_v0)) (bvadd a11_1_1 v3_v0)))
(bvsge b11_2_1 #b110000000000000000000000000000000)
(bvsle b11_2_1 #b001111111111111111111111111111111)
(bvsge b11_2_2 #b110000000000000000000000000000000)
(bvsle b11_2_2 #b001111111111111111111111111111111)
(bvsge b11_2_3 #b110000000000000000000000000000000)
(bvsle b11_2_3 #b001111111111111111111111111111111)
(bvsge b11_2 #b110000000000000000000000000000000)
(bvsle b11_2 #b001111111111111111111111111111111)
(bvsle (bvadd (bvadd (bvadd (ite (= b11_2_1 #b000000000000000000000000000000000) #b000000000000000000000000000000001 #b000000000000000000000000000000000) (ite (= b11_2_2 #b000000000000000000000000000000000) #b000000000000000000000000000000001 #b000000000000000000000000000000000)) (ite (= b11_2_3 #b000000000000000000000000000000000) #b000000000000000000000000000000001 #b000000000000000000000000000000000)) (ite (= b11_2 #b000000000000000000000000000000000) #b000000000000000000000000000000001 #b000000000000000000000000000000000)) #b000000000000000000000000000000010)
(let ((_let0 (bvsub (bvsub a11_0 (bvsrem a11_0_2 v7_v0)) (bvadd a11_0_1 v5_v0)))) (let ((_let1 (bvsub (bvsub a11_1 (bvsrem a11_1_2 v5_v0)) (bvadd a11_1_1 v3_v0)))) (let ((_let2 (bvadd (bvadd (bvadd b11_2 (bvsub b11_2_3 v2_v0)) (bvsub b11_2_2 v1_v1)) (bvadd b11_2_1 v7_v1)))) (or (or (or false (or (bvsgt _let0 #b001111111111111111111111111111111) (bvslt _let0 #b110000000000000000000000000000000))) (or (bvsgt _let1 #b001111111111111111111111111111111) (bvslt _let1 #b110000000000000000000000000000000))) (or (bvsgt _let2 #b001111111111111111111111111111111) (bvslt _let2 #b110000000000000000000000000000000))))))
SAT
Adding initializations to ensure undefined behaviors
Let variable: var=v5, value=1
Let variable: var=v7, value=1
Let variable: var=v3, value=1879048191
Let variable: var=v5, value=1
Let symbol: sym=a11_0_1, value=-1879048193
Let symbol: sym=a11_0_2, value=-2147483647
Let symbol: sym=a11_0, value=0
Let symbol: sym=a11_1_1, value=1
Let symbol: sym=a11_1_2, value=1
Let symbol: sym=a11_1, value=0
Let symbol: sym=b11_2_1, value=-536870912
Let symbol: sym=b11_2_2, value=-1073741824
Let symbol: sym=b11_2_3, value=-2147483648
Let symbol: sym=b11_2, value=0
--------IntUBInject: Inject Int UBs to Block BB14--------------------------------------------
Collected constraints:
(bvsle v5_v0 #b001111111111111111111111111111111)
(bvsge v5_v0 #b110000000000000000000000000000000)
(bvsle v0_v0 #b001111111111111111111111111111111)
(bvsge v0_v0 #b110000000000000000000000000000000)
(bvsle v1_v0 #b001111111111111111111111111111111)
(bvsge v1_v0 #b110000000000000000000000000000000)
(bvsge a14_0_1 #b110000000000000000000000000000000)
(bvsle a14_0_1 #b001111111111111111111111111111111)
(distinct v5_v0 #b000000000000000000000000000000000)
(bvsge a14_0_2 #b110000000000000000000000000000000)
(bvsle a14_0_2 #b001111111111111111111111111111111)
(distinct v0_v0 #b000000000000000000000000000000000)
(bvsge a14_0 #b110000000000000000000000000000000)
(bvsle a14_0 #b001111111111111111111111111111111)
(bvsle (bvadd (bvadd (ite (= a14_0_1 #b000000000000000000000000000000000) #b000000000000000000000000000000001 #b000000000000000000000000000000000) (ite (= a14_0_2 #b000000000000000000000000000000000) #b000000000000000000000000000000001 #b000000000000000000000000000000000)) (ite (= a14_0 #b000000000000000000000000000000000) #b000000000000000000000000000000001 #b000000000000000000000000000000000)) #b000000000000000000000000000000001)
(= v3_v1 (bvsub (bvsub a14_0 (bvsrem a14_0_2 v0_v0)) (bvsrem a14_0_1 v5_v0)))
(bvsge a14_1_1 #b110000000000000000000000000000000)
(bvsle a14_1_1 #b001111111111111111111111111111111)
(bvsge a14_1_2 #b110000000000000000000000000000000)
(bvsle a14_1_2 #b001111111111111111111111111111111)
(bvsge a14_1 #b110000000000000000000000000000000)
(bvsle a14_1 #b001111111111111111111111111111111)
(bvsle (bvadd (bvadd (ite (= a14_1_1 #b000000000000000000000000000000000) #b000000000000000000000000000000001 #b000000000000000000000000000000000) (ite (= a14_1_2 #b000000000000000000000000000000000) #b000000000000000000000000000000001 #b000000000000000000000000000000000)) (ite (= a14_1 #b000000000000000000000000000000000) #b000000000000000000000000000000001 #b000000000000000000000000000000000)) #b000000000000000000000000000000001)
(= v1_v1 (bvsub (bvsub a14_1 (bvadd a14_1_2 v3_v1)) (bvsub a14_1_1 v1_v0)))
(bvsge b14_2_1 #b110000000000000000000000000000000)
(bvsle b14_2_1 #b001111111111111111111111111111111)
(distinct v3_v1 #b000000000000000000000000000000000)
(bvsge b14_2_2 #b110000000000000000000000000000000)
(bvsle b14_2_2 #b001111111111111111111111111111111)
(bvsge b14_2_3 #b110000000000000000000000000000000)
(bvsle b14_2_3 #b001111111111111111111111111111111)
(bvsge b14_2 #b110000000000000000000000000000000)
(bvsle b14_2 #b001111111111111111111111111111111)
(bvsle (bvadd (bvadd (bvadd (ite (= b14_2_1 #b000000000000000000000000000000000) #b000000000000000000000000000000001 #b000000000000000000000000000000000) (ite (= b14_2_2 #b000000000000000000000000000000000) #b000000000000000000000000000000001 #b000000000000000000000000000000000)) (ite (= b14_2_3 #b000000000000000000000000000000000) #b000000000000000000000000000000001 #b000000000000000000000000000000000)) (ite (= b14_2 #b000000000000000000000000000000000) #b000000000000000000000000000000001 #b000000000000000000000000000000000)) #b000000000000000000000000000000010)
(let ((_let0 (bvsub (bvsub a14_0 (bvsrem a14_0_2 v0_v0)) (bvsrem a14_0_1 v5_v0)))) (let ((_let1 (bvsub (bvsub a14_1 (bvadd a14_1_2 v3_v1)) (bvsub a14_1_1 v1_v0)))) (let ((_let2 (bvsub (bvsub (bvsub b14_2 (bvmul b14_2_3 v0_v0)) (bvmul b14_2_2 v1_v1)) (bvsdiv b14_2_1 v3_v1)))) (or (or (or false (or (bvsgt _let0 #b001111111111111111111111111111111) (bvslt _let0 #b110000000000000000000000000000000))) (or (bvsgt _let1 #b001111111111111111111111111111111) (bvslt _let1 #b110000000000000000000000000000000))) (or (bvsgt _let2 #b001111111111111111111111111111111) (bvslt _let2 #b110000000000000000000000000000000))))))
SAT
Adding initializations to ensure undefined behaviors
Let variable: var=v5, value=1
Let variable: var=v0, value=-1
Let variable: var=v1, value=-1
Let symbol: sym=a14_0_1, value=0
Let symbol: sym=a14_0_2, value=1
Let symbol: sym=a14_0, value=1
Let symbol: sym=a14_1_1, value=2147483647
Let symbol: sym=a14_1_2, value=-2147483648
Let symbol: sym=a14_1, value=0
Let symbol: sym=b14_2_1, value=1
Let symbol: sym=b14_2_2, value=2
Let symbol: sym=b14_2_3, value=2
Let symbol: sym=b14_2, value=2147483647
Define symbols: sym=a1_0_1, val=-288211288 (for unexecuted basic blocks)
Define symbols: sym=a1_0_2, val=-1139975249 (for unexecuted basic blocks)
Define symbols: sym=a1_0, val=-79958730 (for unexecuted basic blocks)
Define symbols: sym=a1_1_1, val=-1440841332 (for unexecuted basic blocks)
Define symbols: sym=a1_1_2, val=-1806565115 (for unexecuted basic blocks)
Define symbols: sym=a1_1, val=1723405235 (for unexecuted basic blocks)
Define symbols: sym=b1_2_1, val=-547003518 (for unexecuted basic blocks)
Define symbols: sym=b1_2_2, val=-799135143 (for unexecuted basic blocks)
Define symbols: sym=b1_2_3, val=205416680 (for unexecuted basic blocks)
Define symbols: sym=b1_2, val=1484458269 (for unexecuted basic blocks)
Define symbols: sym=a3_0_1, val=1816241411 (for unexecuted basic blocks)
Define symbols: sym=a3_0_2, val=-1347863749 (for unexecuted basic blocks)
Define symbols: sym=a3_0, val=780037079 (for unexecuted basic blocks)
Define symbols: sym=a3_1_1, val=589882098 (for unexecuted basic blocks)
Define symbols: sym=a3_1_2, val=-1009748235 (for unexecuted basic blocks)
Define symbols: sym=a3_1, val=1146584117 (for unexecuted basic blocks)
Define symbols: sym=a4_0_1, val=-1554021316 (for unexecuted basic blocks)
Define symbols: sym=a4_0_2, val=-1773503723 (for unexecuted basic blocks)
Define symbols: sym=a4_0, val=575012484 (for unexecuted basic blocks)
Define symbols: sym=a4_1_1, val=494356645 (for unexecuted basic blocks)
Define symbols: sym=a4_1_2, val=468004179 (for unexecuted basic blocks)
Define symbols: sym=a4_1, val=-718098901 (for unexecuted basic blocks)
Define symbols: sym=b4_2_1, val=1079172397 (for unexecuted basic blocks)
Define symbols: sym=b4_2_2, val=434451884 (for unexecuted basic blocks)
Define symbols: sym=b4_2_3, val=457897590 (for unexecuted basic blocks)
Define symbols: sym=b4_2, val=713501758 (for unexecuted basic blocks)
Define symbols: sym=a5_0_1, val=1762092374 (for unexecuted basic blocks)
Define symbols: sym=a5_0_2, val=-177620519 (for unexecuted basic blocks)
Define symbols: sym=a5_0, val=1193786919 (for unexecuted basic blocks)
Define symbols: sym=a5_1_1, val=1420299512 (for unexecuted basic blocks)
Define symbols: sym=a5_1_2, val=1146786055 (for unexecuted basic blocks)
Define symbols: sym=a5_1, val=2114201635 (for unexecuted basic blocks)
Define symbols: sym=b5_2_1, val=-1321388915 (for unexecuted basic blocks)
Define symbols: sym=b5_2_2, val=-1146491700 (for unexecuted basic blocks)
Define symbols: sym=b5_2_3, val=-238149373 (for unexecuted basic blocks)
Define symbols: sym=b5_2, val=1893581581 (for unexecuted basic blocks)
Define symbols: sym=a6_0_1, val=1343798223 (for unexecuted basic blocks)
Define symbols: sym=a6_0_2, val=1568287167 (for unexecuted basic blocks)
Define symbols: sym=a6_0, val=37953918 (for unexecuted basic blocks)
Define symbols: sym=a6_1_1, val=418694134 (for unexecuted basic blocks)
Define symbols: sym=a6_1_2, val=1135864011 (for unexecuted basic blocks)
Define symbols: sym=a6_1, val=102345618 (for unexecuted basic blocks)
Define symbols: sym=b6_2_1, val=-16503221 (for unexecuted basic blocks)
Define symbols: sym=b6_2_2, val=481327320 (for unexecuted basic blocks)
Define symbols: sym=b6_2_3, val=-375708016 (for unexecuted basic blocks)
Define symbols: sym=b6_2, val=-1748564197 (for unexecuted basic blocks)
Define symbols: sym=a7_0_1, val=-762179468 (for unexecuted basic blocks)
Define symbols: sym=a7_0_2, val=-455949835 (for unexecuted basic blocks)
Define symbols: sym=a7_0, val=24785571 (for unexecuted basic blocks)
Define symbols: sym=a7_1_1, val=-1612192709 (for unexecuted basic blocks)
Define symbols: sym=a7_1_2, val=-1248229093 (for unexecuted basic blocks)
Define symbols: sym=a7_1, val=-168581077 (for unexecuted basic blocks)
Define symbols: sym=b7_2_1, val=1944000603 (for unexecuted basic blocks)
Define symbols: sym=b7_2_2, val=1610195838 (for unexecuted basic blocks)
Define symbols: sym=b7_2_3, val=1304688560 (for unexecuted basic blocks)
Define symbols: sym=b7_2, val=1247989806 (for unexecuted basic blocks)
Define symbols: sym=a8_0_1, val=-1757364163 (for unexecuted basic blocks)
Define symbols: sym=a8_0_2, val=-615088173 (for unexecuted basic blocks)
Define symbols: sym=a8_0, val=851405360 (for unexecuted basic blocks)
Define symbols: sym=a8_1_1, val=-935835640 (for unexecuted basic blocks)
Define symbols: sym=a8_1_2, val=-2115689376 (for unexecuted basic blocks)
Define symbols: sym=a8_1, val=266248455 (for unexecuted basic blocks)
Define symbols: sym=b8_2_1, val=60227188 (for unexecuted basic blocks)
Define symbols: sym=b8_2_2, val=748199531 (for unexecuted basic blocks)
Define symbols: sym=b8_2_3, val=610991356 (for unexecuted basic blocks)
Define symbols: sym=b8_2, val=-963173140 (for unexecuted basic blocks)
Define symbols: sym=a12_0_1, val=323930100 (for unexecuted basic blocks)
Define symbols: sym=a12_0_2, val=685741053 (for unexecuted basic blocks)
Define symbols: sym=a12_0, val=2132854751 (for unexecuted basic blocks)
Define symbols: sym=a12_1_1, val=-811445901 (for unexecuted basic blocks)
Define symbols: sym=a12_1_2, val=1019753725 (for unexecuted basic blocks)
Define symbols: sym=a12_1, val=1149579620 (for unexecuted basic blocks)
Define symbols: sym=b12_2_1, val=-1574074159 (for unexecuted basic blocks)
Define symbols: sym=b12_2_2, val=-657561678 (for unexecuted basic blocks)
Define symbols: sym=b12_2_3, val=-541655223 (for unexecuted basic blocks)
Define symbols: sym=b12_2, val=768014625 (for unexecuted basic blocks)
Define symbols: sym=a13_0_1, val=-1969483456 (for unexecuted basic blocks)
Define symbols: sym=a13_0_2, val=-1573603155 (for unexecuted basic blocks)
Define symbols: sym=a13_0, val=1620805521 (for unexecuted basic blocks)
Define symbols: sym=a13_1_1, val=1740534317 (for unexecuted basic blocks)
Define symbols: sym=a13_1_2, val=-1258401766 (for unexecuted basic blocks)
Define symbols: sym=a13_1, val=1822362121 (for unexecuted basic blocks)
Define symbols: sym=b13_2_1, val=2005895313 (for unexecuted basic blocks)
Define symbols: sym=b13_2_2, val=1974234560 (for unexecuted basic blocks)
Define symbols: sym=b13_2_3, val=-2000300159 (for unexecuted basic blocks)
Define symbols: sym=b13_2, val=1223069044 (for unexecuted basic blocks)
Define symbols: sym=a15_0_1, val=1553985993 (for unexecuted basic blocks)
Define symbols: sym=a15_0_2, val=-2078148890 (for unexecuted basic blocks)
Define symbols: sym=a15_0, val=-224547556 (for unexecuted basic blocks)
Define symbols: sym=a15_1_1, val=1452731526 (for unexecuted basic blocks)
Define symbols: sym=a15_1_2, val=374873231 (for unexecuted basic blocks)
Define symbols: sym=a15_1, val=-966562629 (for unexecuted basic blocks)
Define symbols: sym=b15_2_1, val=-1699936420 (for unexecuted basic blocks)
Define symbols: sym=b15_2_2, val=388902029 (for unexecuted basic blocks)
Define symbols: sym=b15_2_3, val=-108142800 (for unexecuted basic blocks)
Define symbols: sym=b15_2, val=-958802114 (for unexecuted basic blocks)
Define symbols: sym=a16_0_1, val=1456980106 (for unexecuted basic blocks)
Define symbols: sym=a16_0_2, val=-1113092740 (for unexecuted basic blocks)
Define symbols: sym=a16_0, val=768034871 (for unexecuted basic blocks)
Define symbols: sym=a16_1_1, val=-461071642 (for unexecuted basic blocks)
Define symbols: sym=a16_1_2, val=-598324401 (for unexecuted basic blocks)
Define symbols: sym=a16_1, val=352542103 (for unexecuted basic blocks)
Define symbols: sym=b16_2_1, val=394892326 (for unexecuted basic blocks)
Define symbols: sym=b16_2_2, val=-107423680 (for unexecuted basic blocks)
Define symbols: sym=b16_2_3, val=-382716636 (for unexecuted basic blocks)
Define symbols: sym=b16_2, val=-107105111 (for unexecuted basic blocks)
Define symbols: sym=a17_0_1, val=-1598337208 (for unexecuted basic blocks)
Define symbols: sym=a17_0_2, val=-325006348 (for unexecuted basic blocks)
Define symbols: sym=a17_0, val=-672481448 (for unexecuted basic blocks)
Define symbols: sym=a17_1_1, val=-1834816705 (for unexecuted basic blocks)
Define symbols: sym=a17_1_2, val=1962487718 (for unexecuted basic blocks)
Define symbols: sym=a17_1, val=-1187297872 (for unexecuted basic blocks)
Define symbols: sym=a18_0_1, val=2094598049 (for unexecuted basic blocks)
Define symbols: sym=a18_0_2, val=-524858257 (for unexecuted basic blocks)
Define symbols: sym=a18_0, val=-1113574260 (for unexecuted basic blocks)
Define symbols: sym=a18_1_1, val=-1258753609 (for unexecuted basic blocks)
Define symbols: sym=a18_1_2, val=1381290079 (for unexecuted basic blocks)
Define symbols: sym=a18_1, val=-13263864 (for unexecuted basic blocks)
Define symbols: sym=b18_2_1, val=-971142122 (for unexecuted basic blocks)
Define symbols: sym=b18_2_2, val=406251410 (for unexecuted basic blocks)
Define symbols: sym=b18_2_3, val=1185875460 (for unexecuted basic blocks)
Define symbols: sym=b18_2, val=2139114505 (for unexecuted basic blocks)
Define symbols: sym=a19_0_1, val=1353250778 (for unexecuted basic blocks)
Define symbols: sym=a19_0_2, val=-349187342 (for unexecuted basic blocks)
Define symbols: sym=a19_0, val=842986892 (for unexecuted basic blocks)
Define symbols: sym=a19_1_1, val=948776362 (for unexecuted basic blocks)
Define symbols: sym=a19_1_2, val=727014651 (for unexecuted basic blocks)
Define symbols: sym=a19_1, val=-650930356 (for unexecuted basic blocks)
Define symbols: sym=b19_2_1, val=505617132 (for unexecuted basic blocks)
Define symbols: sym=b19_2_2, val=-274033107 (for unexecuted basic blocks)
Define symbols: sym=b19_2_3, val=-1471744523 (for unexecuted basic blocks)
Define symbols: sym=b19_2, val=-1357805604 (for unexecuted basic blocks)
Define symbols: sym=a20_0_1, val=-389037251 (for unexecuted basic blocks)
Define symbols: sym=a20_0_2, val=1354053092 (for unexecuted basic blocks)
Define symbols: sym=a20_0, val=1339158709 (for unexecuted basic blocks)
Define symbols: sym=a20_1_1, val=-55777932 (for unexecuted basic blocks)
Define symbols: sym=a20_1_2, val=2042162234 (for unexecuted basic blocks)
Define symbols: sym=a20_1, val=1438171634 (for unexecuted basic blocks)
Define symbols: sym=b20_2_1, val=-1298506739 (for unexecuted basic blocks)
Define symbols: sym=b20_2_2, val=930982581 (for unexecuted basic blocks)
Define symbols: sym=b20_2_3, val=-1908631036 (for unexecuted basic blocks)
Define symbols: sym=b20_2, val=382168475 (for unexecuted basic blocks)
Define symbols: sym=a21_0_1, val=717815775 (for unexecuted basic blocks)
Define symbols: sym=a21_0_2, val=-752128919 (for unexecuted basic blocks)
Define symbols: sym=a21_0, val=1710887976 (for unexecuted basic blocks)
Define symbols: sym=a21_1_1, val=2000769235 (for unexecuted basic blocks)
Define symbols: sym=a21_1_2, val=-227375428 (for unexecuted basic blocks)
Define symbols: sym=a21_1, val=-788500449 (for unexecuted basic blocks)
Extract initialization: param=v0, value=233570305
Extract initialization: param=v1, value=1
Extract initialization: param=v2, value=1073741824
Extract initialization: param=v3, value=-1
Extract initialization: param=v4, value=-256
Extract initialization: param=v5, value=0
Extract finalization: param=v0, value=-1
Extract finalization: param=v1, value=1
Extract finalization: param=v2, value=1073741824
Extract finalization: param=v3, value=-1
Extract finalization: param=v4, value=-256
Extract finalization: param=v5, value=0
------SymExec: Iteration 1----------------------------------------------
Generating or re-generating UB-free constraints
Initial constraints: 
```
(bvsle (bvadd (bvadd (bvadd (bvadd (bvadd (ite (= v0_v0 #b00000000000000000000000000000000) #b00000000000000000000000000000001 #b00000000000000000000000000000000) (ite (= v1_v0 #b00000000000000000000000000000000) #b00000000000000000000000000000001 #b00000000000000000000000000000000)) (ite (= v2_v0 #b00000000000000000000000000000000) #b00000000000000000000000000000001 #b00000000000000000000000000000000)) (ite (= v3_v0 #b00000000000000000000000000000000) #b00000000000000000000000000000001 #b00000000000000000000000000000000)) (ite (= v4_v0 #b00000000000000000000000000000000) #b00000000000000000000000000000001 #b00000000000000000000000000000000)) (ite (= v5_v0 #b00000000000000000000000000000000) #b00000000000000000000000000000001 #b00000000000000000000000000000000)) #b00000000000000000000000000000011)
```
Final constraints: 
```
(bvsle (bvadd (bvadd (bvadd (bvadd (bvadd (ite (= v0_v0 #b00000000000000000000000000000000) #b00000000000000000000000000000001 #b00000000000000000000000000000000) (ite (= v1_v0 #b00000000000000000000000000000000) #b00000000000000000000000000000001 #b00000000000000000000000000000000)) (ite (= v2_v0 #b00000000000000000000000000000000) #b00000000000000000000000000000001 #b00000000000000000000000000000000)) (ite (= v3_v0 #b00000000000000000000000000000000) #b00000000000000000000000000000001 #b00000000000000000000000000000000)) (ite (= v4_v0 #b00000000000000000000000000000000) #b00000000000000000000000000000001 #b00000000000000000000000000000000)) (ite (= v5_v0 #b00000000000000000000000000000000) #b00000000000000000000000000000001 #b00000000000000000000000000000000)) #b00000000000000000000000000000011)
(= v6_el0_v0 #b00000000000000000000000000000001)
(= v6_el1_v0 #b00000000000000000000000000000001)
(= v6_el2_v0 #b00000000000000000000000000000000)
(let ((_let0 (ite (= #b00000000000000000000000000000001 #b00000000000000000000000000000000) #b00000000000000000000000000000001 #b00000000000000000000000000000000))) (bvsle (bvadd (bvadd _let0 _let0) (ite (= #b00000000000000000000000000000000 #b00000000000000000000000000000000) #b00000000000000000000000000000001 #b00000000000000000000000000000000)) #b00000000000000000000000000000001))
(= v7_v0 #b11111111111111111111111111111111)
(not (bvsaddo #b11001010000010100011000000111111 v2_v0))
(distinct v0_v0 #b00000000000000000000000000000000)
(not (bvsdivo #b11111001000010100000000000000000 v0_v0))
(not (bvssubo (bvadd #b11001010000010100011000000111111 v2_v0) (bvsrem #b11111001000010100000000000000000 v0_v0)))
(not (bvssubo (bvsub (bvadd #b11001010000010100011000000111111 v2_v0) (bvsrem #b11111001000010100000000000000000 v0_v0)) #b10010100000000110011101101000000))
(bvsle (bvadd (bvadd (ite (= #b11001010000010100011000000111111 #b00000000000000000000000000000000) #b00000000000000000000000000000001 #b00000000000000000000000000000000) (ite (= #b11111001000010100000000000000000 #b00000000000000000000000000000000) #b00000000000000000000000000000001 #b00000000000000000000000000000000)) (ite (= #b10010100000000110011101101000000 #b00000000000000000000000000000000) #b00000000000000000000000000000001 #b00000000000000000000000000000000)) #b00000000000000000000000000000001)
(= v0_v1 (bvsub (bvsub (bvadd #b11001010000010100011000000111111 v2_v0) (bvsrem #b11111001000010100000000000000000 v0_v0)) #b10010100000000110011101101000000))
(not (bvssubo #b00111111111111111111111100000011 v4_v0))
(distinct v7_v0 #b00000000000000000000000000000000)
(not (bvsdivo #b01010000000000000000000000000000 v7_v0))
(not (bvsaddo (bvsub #b00111111111111111111111100000011 v4_v0) (bvsdiv #b01010000000000000000000000000000 v7_v0)))
(not (bvsaddo (bvadd (bvsub #b00111111111111111111111100000011 v4_v0) (bvsdiv #b01010000000000000000000000000000 v7_v0)) #b01110000000000000000000000000000))
(bvsle (bvadd (bvadd (ite (= #b00111111111111111111111100000011 #b00000000000000000000000000000000) #b00000000000000000000000000000001 #b00000000000000000000000000000000) (ite (= #b01010000000000000000000000000000 #b00000000000000000000000000000000) #b00000000000000000000000000000001 #b00000000000000000000000000000000)) (ite (= #b01110000000000000000000000000000 #b00000000000000000000000000000000) #b00000000000000000000000000000001 #b00000000000000000000000000000000)) #b00000000000000000000000000000001)
(= v6_el2_v1 (bvadd (bvadd (bvsub #b00111111111111111111111100000011 v4_v0) (bvsdiv #b01010000000000000000000000000000 v7_v0)) #b01110000000000000000000000000000))
(not (bvsmulo #b00000000000000000000000000000000 v0_v1))
(distinct v6_el2_v1 #b00000000000000000000000000000000)
(not (bvsdivo #b10111111111111111111111111111110 v6_el2_v1))
(not (bvsaddo (bvmul #b00000000000000000000000000000000 v0_v1) (bvsrem #b10111111111111111111111111111110 v6_el2_v1)))
(distinct v2_v0 #b00000000000000000000000000000000)
(not (bvsdivo #b00000000000000000000000000000011 v2_v0))
(not (bvsaddo (bvadd (bvmul #b00000000000000000000000000000000 v0_v1) (bvsrem #b10111111111111111111111111111110 v6_el2_v1)) (bvsrem #b00000000000000000000000000000011 v2_v0)))
(not (bvsaddo (bvadd (bvadd (bvmul #b00000000000000000000000000000000 v0_v1) (bvsrem #b10111111111111111111111111111110 v6_el2_v1)) (bvsrem #b00000000000000000000000000000011 v2_v0)) #b01000000000000000000000000000000))
(bvsle (bvadd (bvadd (bvadd (ite (= #b00000000000000000000000000000000 #b00000000000000000000000000000000) #b00000000000000000000000000000001 #b00000000000000000000000000000000) (ite (= #b10111111111111111111111111111110 #b00000000000000000000000000000000) #b00000000000000000000000000000001 #b00000000000000000000000000000000)) (ite (= #b00000000000000000000000000000011 #b00000000000000000000000000000000) #b00000000000000000000000000000001 #b00000000000000000000000000000000)) (ite (= #b01000000000000000000000000000000 #b00000000000000000000000000000000) #b00000000000000000000000000000001 #b00000000000000000000000000000000)) #b00000000000000000000000000000010)
(not (= (bvadd (bvadd (bvadd (bvmul #b00000000000000000000000000000000 v0_v1) (bvsrem #b10111111111111111111111111111110 v6_el2_v1)) (bvsrem #b00000000000000000000000000000011 v2_v0)) #b01000000000000000000000000000000) #b00000000000000000000000000000000))
(not (bvssubo #b11111111111111111111111111111111 v3_v0))
(not (bvsaddo #b11111111111111111111111111111110 v1_v0))
(not (bvsaddo (bvsub #b11111111111111111111111111111111 v3_v0) (bvadd #b11111111111111111111111111111110 v1_v0)))
(not (bvsaddo (bvadd (bvsub #b11111111111111111111111111111111 v3_v0) (bvadd #b11111111111111111111111111111110 v1_v0)) #b00000000000000000000000000000000))
(bvsle (bvadd (bvadd (ite (= #b11111111111111111111111111111111 #b00000000000000000000000000000000) #b00000000000000000000000000000001 #b00000000000000000000000000000000) (ite (= #b11111111111111111111111111111110 #b00000000000000000000000000000000) #b00000000000000000000000000000001 #b00000000000000000000000000000000)) (ite (= #b00000000000000000000000000000000 #b00000000000000000000000000000000) #b00000000000000000000000000000001 #b00000000000000000000000000000000)) #b00000000000000000000000000000001)
(= v0_v2 (bvadd (bvadd (bvsub #b11111111111111111111111111111111 v3_v0) (bvadd #b11111111111111111111111111111110 v1_v0)) #b00000000000000000000000000000000))
(not (bvsmulo #b11111111111111111111111111111111 v1_v0))
(not (bvsaddo #b00000000000000000000000000000001 v3_v0))
(not (bvsaddo (bvmul #b11111111111111111111111111111111 v1_v0) (bvadd #b00000000000000000000000000000001 v3_v0)))
(not (bvsaddo (bvadd (bvmul #b11111111111111111111111111111111 v1_v0) (bvadd #b00000000000000000000000000000001 v3_v0)) #b00000000000000000000000000000000))
(bvsle (bvadd (bvadd (ite (= #b11111111111111111111111111111111 #b00000000000000000000000000000000) #b00000000000000000000000000000001 #b00000000000000000000000000000000) (ite (= #b00000000000000000000000000000001 #b00000000000000000000000000000000) #b00000000000000000000000000000001 #b00000000000000000000000000000000)) (ite (= #b00000000000000000000000000000000 #b00000000000000000000000000000000) #b00000000000000000000000000000001 #b00000000000000000000000000000000)) #b00000000000000000000000000000001)
(= v3_v1 (bvadd (bvadd (bvmul #b11111111111111111111111111111111 v1_v0) (bvadd #b00000000000000000000000000000001 v3_v0)) #b00000000000000000000000000000000))
(bvsle (bvadd (bvadd (bvadd (bvadd (bvadd (ite (= (ite (distinct v0_v0 #b00001101111011000000000000000001) #b00000000000000000000000000000001 #b00000000000000000000000000000000) #b00000000000000000000000000000000) #b00000000000000000000000000000001 #b00000000000000000000000000000000) (ite (= (ite (distinct v1_v0 #b00000000000000000000000000000001) #b00000000000000000000000000000001 #b00000000000000000000000000000000) #b00000000000000000000000000000000) #b00000000000000000000000000000001 #b00000000000000000000000000000000)) (ite (= (ite (distinct v2_v0 #b01000000000000000000000000000000) #b00000000000000000000000000000001 #b00000000000000000000000000000000) #b00000000000000000000000000000000) #b00000000000000000000000000000001 #b00000000000000000000000000000000)) (ite (= (ite (distinct v3_v0 #b11111111111111111111111111111111) #b00000000000000000000000000000001 #b00000000000000000000000000000000) #b00000000000000000000000000000000) #b00000000000000000000000000000001 #b00000000000000000000000000000000)) (ite (= (ite (distinct v4_v0 #b11111111111111111111111100000000) #b00000000000000000000000000000001 #b00000000000000000000000000000000) #b00000000000000000000000000000000) #b00000000000000000000000000000001 #b00000000000000000000000000000000)) (ite (= (ite (distinct v5_v0 #b00000000000000000000000000000000) #b00000000000000000000000000000001 #b00000000000000000000000000000000) #b00000000000000000000000000000000) #b00000000000000000000000000000001 #b00000000000000000000000000000000)) #b00000000000000000000000000000011)
```
Constraint stats: asserted=43 addCalls=43 skippedTrue=0 deduped=0 ensureInRangeCalls=49 boundedAlready=0 uniqueConstraintIds=43 uniqueBoundedIds=0 (solverAsserted=0)
Bitwuzla check_sat time: 26ms
Bitwuzla statistics: preprocess::contradicting_ands::num_substs=0 preprocess::contradicting_ands::time_apply=0ms preprocess::elim_extract::num_elim=0 preprocess::elim_extract::time_apply=0ms preprocess::elim_lambda::time_apply=0ms preprocess::elim_udiv::num_eliminated=0 preprocess::elim_udiv::time_apply=0ms preprocess::embedded_constraints::num_substs=2 preprocess::embedded_constraints::time_apply=0ms preprocess::flatten_and::num_assertions=10 preprocess::flatten_and::num_flattened=5 preprocess::flatten_and::time_apply=0ms preprocess::lambda::num_elim=0 preprocess::normalize::num_common_normalizations=0 preprocess::normalize::num_normalizations=16 preprocess::normalize::num_normalized_assertions=0 preprocess::normalize::num_pass1=0 preprocess::normalize::num_pass2=0 preprocess::normalize::time_adder_chains=0ms preprocess::normalize::time_apply=3ms preprocess::normalize::time_compute_occs=0ms preprocess::normalize::time_normalize_add=0ms preprocess::normalize::time_normalize_mul=0ms preprocess::normalize::time_score=2ms preprocess::rewrite::time_apply=0ms preprocess::skeleton_preproc::cnf::clauses=112 preprocess::skeleton_preproc::cnf::lits=224 preprocess::skeleton_preproc::new_assertions=0 preprocess::skeleton_preproc::resets=1 preprocess::skeleton_preproc::time_apply=0ms preprocess::skeleton_preproc::time_encode=0ms preprocess::skeleton_preproc::time_fixed=0ms preprocess::skeleton_preproc::time_sat=0ms preprocess::uninterpreted::num_substs=0 preprocess::uninterpreted::time_apply=0ms preprocess::varsubst::normalize_bv_ineq::num_slt=0 preprocess::varsubst::normalize_bv_ineq::num_ult=0 preprocess::varsubst::normalize_eq::num_bv_concat=0 preprocess::varsubst::normalize_eq::num_gauss_elim=1 preprocess::varsubst::normalize_eq::num_linear_eq=1 preprocess::varsubst::num_substs=8 preprocess::varsubst::time_apply=0ms preprocess::varsubst::time_direct_cycle_check=0ms preprocess::varsubst::time_find_substitution=0ms preprocess::varsubst::time_find_vars=0ms preprocess::varsubst::time_register=0ms preprocess::varsubst::time_remove_cycles=0ms preprocess::varsubst::time_substitute=0ms preprocessor::num_iterations=2 preprocessor::time_preprocess=5ms preprocessor::time_process=0ms rewriter::(normalize)::num_evals=0 rewriter::(normalize)::num_rewrites=92 rewriter::(normalize)::rewrite::BV_ADD_CONST=5 rewriter::(normalize)::rewrite::BV_ADD_EVAL=5 rewriter::(normalize)::rewrite::BV_ADD_SPECIAL_CONST=6 rewriter::(normalize)::rewrite::BV_MUL_EVAL=1 rewriter::(normalize)::rewrite::BV_MUL_ONES=6 rewriter::(normalize)::rewrite::BV_NEG_ELIM=6 rewriter::(normalize)::rewrite::BV_NOT_BV_NOT=10 rewriter::(normalize)::rewrite::NORMALIZE_COMM=53 rewriter::num_evals=0 rewriter::num_rewrites=685 rewriter::rewrite::AND_SPECIAL_CONST=57 rewriter::rewrite::BV_ADD_CONST=5 rewriter::rewrite::BV_ADD_EVAL=15 rewriter::rewrite::BV_ADD_ITE2=12 rewriter::rewrite::BV_ADD_SPECIAL_CONST=18 rewriter::rewrite::BV_AND_EVAL=1 rewriter::rewrite::BV_AND_SPECIAL_CONST=61 rewriter::rewrite::BV_CONCAT_EVAL=4 rewriter::rewrite::BV_EXTRACT_ADD_MUL=1 rewriter::rewrite::BV_EXTRACT_EVAL=49 rewriter::rewrite::BV_EXTRACT_FULL=2 rewriter::rewrite::BV_MUL_ONE=1 rewriter::rewrite::BV_MUL_ONES=2 rewriter::rewrite::BV_MUL_POW2=1 rewriter::rewrite::BV_MUL_ZERO=2 rewriter::rewrite::BV_NEG_ELIM=20 rewriter::rewrite::BV_NOT_BV_NEG=1 rewriter::rewrite::BV_NOT_BV_NOT=23 rewriter::rewrite::BV_NOT_EVAL=9 rewriter::rewrite::BV_OR_ELIM=2 rewriter::rewrite::BV_SADDO_ELIM=12 rewriter::rewrite::BV_SDIVO_ELIM=4 rewriter::rewrite::BV_SDIV_ELIM=1 rewriter::rewrite::BV_SHL_CONST=1 rewriter::rewrite::BV_SIGN_EXTEND_ELIM=8 rewriter::rewrite::BV_SLE_ELIM=5 rewriter::rewrite::BV_SLT_EVAL=3 rewriter::rewrite::BV_SMULO_ELIM=2 rewriter::rewrite::BV_SREM_ELIM=3 rewriter::rewrite::BV_SSUBO_ELIM=4 rewriter::rewrite::BV_SUB_ELIM=5 rewriter::rewrite::BV_UDIV_EVAL=1 rewriter::rewrite::BV_XOR_EVAL=3 rewriter::rewrite::BV_XOR_SPECIAL_CONST=1 rewriter::rewrite::DISTINCT_ELIM=10 rewriter::rewrite::EQUAL_BV_SUB=2 rewriter::rewrite::EQUAL_CONST_BV_ADD=2 rewriter::rewrite::EQUAL_CONST_BV_NOT=1 rewriter::rewrite::EQUAL_EVAL=25 rewriter::rewrite::EQUAL_ITE_SAME=6 rewriter::rewrite::EQUAL_SPECIAL_CONST=1 rewriter::rewrite::EQUAL_TRUE=3 rewriter::rewrite::ITE_EVAL=16 rewriter::rewrite::NORMALIZE_COMM=224 rewriter::rewrite::NOT_EQUAL_BV1_BOOL=11 rewriter::rewrite::NOT_EVAL=1 rewriter::rewrite::NOT_NOT=22 rewriter::rewrite::OR_ELIM=22 solver::abstract::num_checks=1 solver::abstract::terms::total=0 solver::abstract::time_check=0ms solver::array::equalities=0 solver::array::num_checks=0 solver::array::propagations=0 solver::array::propagations_down=0 solver::array::propagations_up=0 solver::array::selects=0 solver::array::time_check=0ms solver::bv::bitblast::aig::num_ands=28825 solver::bv::bitblast::aig::num_consts=192 solver::bv::bitblast::aig::num_shared=6415 solver::bv::bitblast::aig::time_bitblast=3ms solver::bv::bitblast::cnf::num_clauses=70467 solver::bv::bitblast::cnf::num_literals=172210 solver::bv::bitblast::cnf::num_vars=22645 solver::bv::bitblast::cnf::time_encode=16ms solver::bv::bitblast::sat::time_solve=1ms solver::bv::num_assertions=29 solver::bv::num_checks=1 solver::bv::time_check=17ms solver::engine::lemmas::abstr=0 solver::engine::lemmas::array=0 solver::engine::lemmas::fp=0 solver::engine::lemmas::fun=0 solver::engine::lemmas::quant=0 solver::engine::lemmas::total=0 solver::engine::time_register_term=0ms solver::engine::time_solve=21ms solver::fun::num_checks=1 solver::fun::time_check=0ms solver::quant::mbqi_checks=0 solver::quant::num_lemma_iterations=0 solver::quant::num_lemmas=0 solver::quant::time_check=0ms solver::quant::time_mbqi=0ms solver::quant::time_process=0ms solving_context::max_memory=46592000 solving_context::time_ensure_model=0ms solving_context::time_solve=26ms
SAT
Extract initialization: param=v0, value=-1
Extract initialization: param=v1, value=-1
Extract initialization: param=v2, value=-1
Extract initialization: param=v3, value=-1
Extract initialization: param=v4, value=-1
Extract initialization: param=v5, value=-1
Extract finalization: param=v0, value=-3
Extract finalization: param=v1, value=-1
Extract finalization: param=v2, value=-1
Extract finalization: param=v3, value=1
Extract finalization: param=v4, value=-1
Extract finalization: param=v5, value=-1
------SymExec: Iteration 2----------------------------------------------
Final constraints: 
```
(bvsle (bvadd (bvadd (bvadd (bvadd (bvadd (ite (= v0_v0 #b00000000000000000000000000000000) #b00000000000000000000000000000001 #b00000000000000000000000000000000) (ite (= v1_v0 #b00000000000000000000000000000000) #b00000000000000000000000000000001 #b00000000000000000000000000000000)) (ite (= v2_v0 #b00000000000000000000000000000000) #b00000000000000000000000000000001 #b00000000000000000000000000000000)) (ite (= v3_v0 #b00000000000000000000000000000000) #b00000000000000000000000000000001 #b00000000000000000000000000000000)) (ite (= v4_v0 #b00000000000000000000000000000000) #b00000000000000000000000000000001 #b00000000000000000000000000000000)) (ite (= v5_v0 #b00000000000000000000000000000000) #b00000000000000000000000000000001 #b00000000000000000000000000000000)) #b00000000000000000000000000000011)
(= v6_el0_v0 #b00000000000000000000000000000001)
(= v6_el1_v0 #b00000000000000000000000000000001)
(= v6_el2_v0 #b00000000000000000000000000000000)
(let ((_let0 (ite (= #b00000000000000000000000000000001 #b00000000000000000000000000000000) #b00000000000000000000000000000001 #b00000000000000000000000000000000))) (bvsle (bvadd (bvadd _let0 _let0) (ite (= #b00000000000000000000000000000000 #b00000000000000000000000000000000) #b00000000000000000000000000000001 #b00000000000000000000000000000000)) #b00000000000000000000000000000001))
(= v7_v0 #b11111111111111111111111111111111)
(not (bvsaddo #b11001010000010100011000000111111 v2_v0))
(distinct v0_v0 #b00000000000000000000000000000000)
(not (bvsdivo #b11111001000010100000000000000000 v0_v0))
(not (bvssubo (bvadd #b11001010000010100011000000111111 v2_v0) (bvsrem #b11111001000010100000000000000000 v0_v0)))
(not (bvssubo (bvsub (bvadd #b11001010000010100011000000111111 v2_v0) (bvsrem #b11111001000010100000000000000000 v0_v0)) #b10010100000000110011101101000000))
(bvsle (bvadd (bvadd (ite (= #b11001010000010100011000000111111 #b00000000000000000000000000000000) #b00000000000000000000000000000001 #b00000000000000000000000000000000) (ite (= #b11111001000010100000000000000000 #b00000000000000000000000000000000) #b00000000000000000000000000000001 #b00000000000000000000000000000000)) (ite (= #b10010100000000110011101101000000 #b00000000000000000000000000000000) #b00000000000000000000000000000001 #b00000000000000000000000000000000)) #b00000000000000000000000000000001)
(= v0_v1 (bvsub (bvsub (bvadd #b11001010000010100011000000111111 v2_v0) (bvsrem #b11111001000010100000000000000000 v0_v0)) #b10010100000000110011101101000000))
(not (bvssubo #b00111111111111111111111100000011 v4_v0))
(distinct v7_v0 #b00000000000000000000000000000000)
(not (bvsdivo #b01010000000000000000000000000000 v7_v0))
(not (bvsaddo (bvsub #b00111111111111111111111100000011 v4_v0) (bvsdiv #b01010000000000000000000000000000 v7_v0)))
(not (bvsaddo (bvadd (bvsub #b00111111111111111111111100000011 v4_v0) (bvsdiv #b01010000000000000000000000000000 v7_v0)) #b01110000000000000000000000000000))
(bvsle (bvadd (bvadd (ite (= #b00111111111111111111111100000011 #b00000000000000000000000000000000) #b00000000000000000000000000000001 #b00000000000000000000000000000000) (ite (= #b01010000000000000000000000000000 #b00000000000000000000000000000000) #b00000000000000000000000000000001 #b00000000000000000000000000000000)) (ite (= #b01110000000000000000000000000000 #b00000000000000000000000000000000) #b00000000000000000000000000000001 #b00000000000000000000000000000000)) #b00000000000000000000000000000001)
(= v6_el2_v1 (bvadd (bvadd (bvsub #b00111111111111111111111100000011 v4_v0) (bvsdiv #b01010000000000000000000000000000 v7_v0)) #b01110000000000000000000000000000))
(not (bvsmulo #b00000000000000000000000000000000 v0_v1))
(distinct v6_el2_v1 #b00000000000000000000000000000000)
(not (bvsdivo #b10111111111111111111111111111110 v6_el2_v1))
(not (bvsaddo (bvmul #b00000000000000000000000000000000 v0_v1) (bvsrem #b10111111111111111111111111111110 v6_el2_v1)))
(distinct v2_v0 #b00000000000000000000000000000000)
(not (bvsdivo #b00000000000000000000000000000011 v2_v0))
(not (bvsaddo (bvadd (bvmul #b00000000000000000000000000000000 v0_v1) (bvsrem #b10111111111111111111111111111110 v6_el2_v1)) (bvsrem #b00000000000000000000000000000011 v2_v0)))
(not (bvsaddo (bvadd (bvadd (bvmul #b00000000000000000000000000000000 v0_v1) (bvsrem #b10111111111111111111111111111110 v6_el2_v1)) (bvsrem #b00000000000000000000000000000011 v2_v0)) #b01000000000000000000000000000000))
(bvsle (bvadd (bvadd (bvadd (ite (= #b00000000000000000000000000000000 #b00000000000000000000000000000000) #b00000000000000000000000000000001 #b00000000000000000000000000000000) (ite (= #b10111111111111111111111111111110 #b00000000000000000000000000000000) #b00000000000000000000000000000001 #b00000000000000000000000000000000)) (ite (= #b00000000000000000000000000000011 #b00000000000000000000000000000000) #b00000000000000000000000000000001 #b00000000000000000000000000000000)) (ite (= #b01000000000000000000000000000000 #b00000000000000000000000000000000) #b00000000000000000000000000000001 #b00000000000000000000000000000000)) #b00000000000000000000000000000010)
(not (= (bvadd (bvadd (bvadd (bvmul #b00000000000000000000000000000000 v0_v1) (bvsrem #b10111111111111111111111111111110 v6_el2_v1)) (bvsrem #b00000000000000000000000000000011 v2_v0)) #b01000000000000000000000000000000) #b00000000000000000000000000000000))
(not (bvssubo #b11111111111111111111111111111111 v3_v0))
(not (bvsaddo #b11111111111111111111111111111110 v1_v0))
(not (bvsaddo (bvsub #b11111111111111111111111111111111 v3_v0) (bvadd #b11111111111111111111111111111110 v1_v0)))
(not (bvsaddo (bvadd (bvsub #b11111111111111111111111111111111 v3_v0) (bvadd #b11111111111111111111111111111110 v1_v0)) #b00000000000000000000000000000000))
(bvsle (bvadd (bvadd (ite (= #b11111111111111111111111111111111 #b00000000000000000000000000000000) #b00000000000000000000000000000001 #b00000000000000000000000000000000) (ite (= #b11111111111111111111111111111110 #b00000000000000000000000000000000) #b00000000000000000000000000000001 #b00000000000000000000000000000000)) (ite (= #b00000000000000000000000000000000 #b00000000000000000000000000000000) #b00000000000000000000000000000001 #b00000000000000000000000000000000)) #b00000000000000000000000000000001)
(= v0_v2 (bvadd (bvadd (bvsub #b11111111111111111111111111111111 v3_v0) (bvadd #b11111111111111111111111111111110 v1_v0)) #b00000000000000000000000000000000))
(not (bvsmulo #b11111111111111111111111111111111 v1_v0))
(not (bvsaddo #b00000000000000000000000000000001 v3_v0))
(not (bvsaddo (bvmul #b11111111111111111111111111111111 v1_v0) (bvadd #b00000000000000000000000000000001 v3_v0)))
(not (bvsaddo (bvadd (bvmul #b11111111111111111111111111111111 v1_v0) (bvadd #b00000000000000000000000000000001 v3_v0)) #b00000000000000000000000000000000))
(bvsle (bvadd (bvadd (ite (= #b11111111111111111111111111111111 #b00000000000000000000000000000000) #b00000000000000000000000000000001 #b00000000000000000000000000000000) (ite (= #b00000000000000000000000000000001 #b00000000000000000000000000000000) #b00000000000000000000000000000001 #b00000000000000000000000000000000)) (ite (= #b00000000000000000000000000000000 #b00000000000000000000000000000000) #b00000000000000000000000000000001 #b00000000000000000000000000000000)) #b00000000000000000000000000000001)
(= v3_v1 (bvadd (bvadd (bvmul #b11111111111111111111111111111111 v1_v0) (bvadd #b00000000000000000000000000000001 v3_v0)) #b00000000000000000000000000000000))
(bvsle (bvadd (bvadd (bvadd (bvadd (bvadd (ite (= (ite (distinct v0_v0 #b00001101111011000000000000000001) #b00000000000000000000000000000001 #b00000000000000000000000000000000) #b00000000000000000000000000000000) #b00000000000000000000000000000001 #b00000000000000000000000000000000) (ite (= (ite (distinct v1_v0 #b00000000000000000000000000000001) #b00000000000000000000000000000001 #b00000000000000000000000000000000) #b00000000000000000000000000000000) #b00000000000000000000000000000001 #b00000000000000000000000000000000)) (ite (= (ite (distinct v2_v0 #b01000000000000000000000000000000) #b00000000000000000000000000000001 #b00000000000000000000000000000000) #b00000000000000000000000000000000) #b00000000000000000000000000000001 #b00000000000000000000000000000000)) (ite (= (ite (distinct v3_v0 #b11111111111111111111111111111111) #b00000000000000000000000000000001 #b00000000000000000000000000000000) #b00000000000000000000000000000000) #b00000000000000000000000000000001 #b00000000000000000000000000000000)) (ite (= (ite (distinct v4_v0 #b11111111111111111111111100000000) #b00000000000000000000000000000001 #b00000000000000000000000000000000) #b00000000000000000000000000000000) #b00000000000000000000000000000001 #b00000000000000000000000000000000)) (ite (= (ite (distinct v5_v0 #b00000000000000000000000000000000) #b00000000000000000000000000000001 #b00000000000000000000000000000000) #b00000000000000000000000000000000) #b00000000000000000000000000000001 #b00000000000000000000000000000000)) #b00000000000000000000000000000011)
(bvsle (bvadd (bvadd (bvadd (bvadd (bvadd (ite (= (ite (distinct v0_v0 #b11111111111111111111111111111111) #b00000000000000000000000000000001 #b00000000000000000000000000000000) #b00000000000000000000000000000000) #b00000000000000000000000000000001 #b00000000000000000000000000000000) (ite (= (ite (distinct v1_v0 #b11111111111111111111111111111111) #b00000000000000000000000000000001 #b00000000000000000000000000000000) #b00000000000000000000000000000000) #b00000000000000000000000000000001 #b00000000000000000000000000000000)) (ite (= (ite (distinct v2_v0 #b11111111111111111111111111111111) #b00000000000000000000000000000001 #b00000000000000000000000000000000) #b00000000000000000000000000000000) #b00000000000000000000000000000001 #b00000000000000000000000000000000)) (ite (= (ite (distinct v3_v0 #b11111111111111111111111111111111) #b00000000000000000000000000000001 #b00000000000000000000000000000000) #b00000000000000000000000000000000) #b00000000000000000000000000000001 #b00000000000000000000000000000000)) (ite (= (ite (distinct v4_v0 #b11111111111111111111111111111111) #b00000000000000000000000000000001 #b00000000000000000000000000000000) #b00000000000000000000000000000000) #b00000000000000000000000000000001 #b00000000000000000000000000000000)) (ite (= (ite (distinct v5_v0 #b11111111111111111111111111111111) #b00000000000000000000000000000001 #b00000000000000000000000000000000) #b00000000000000000000000000000000) #b00000000000000000000000000000001 #b00000000000000000000000000000000)) #b00000000000000000000000000000011)
```
Constraint stats: asserted=44 addCalls=44 skippedTrue=0 deduped=0 ensureInRangeCalls=49 boundedAlready=0 uniqueConstraintIds=44 uniqueBoundedIds=0 (solverAsserted=43)
Bitwuzla check_sat time: 1ms
Bitwuzla statistics: preprocess::contradicting_ands::num_substs=0 preprocess::contradicting_ands::time_apply=0ms preprocess::elim_extract::num_elim=0 preprocess::elim_extract::time_apply=0ms preprocess::elim_lambda::time_apply=0ms preprocess::elim_udiv::num_eliminated=0 preprocess::elim_udiv::time_apply=0ms preprocess::embedded_constraints::num_substs=2 preprocess::embedded_constraints::time_apply=0ms preprocess::flatten_and::num_assertions=10 preprocess::flatten_and::num_flattened=5 preprocess::flatten_and::time_apply=0ms preprocess::lambda::num_elim=0 preprocess::normalize::num_common_normalizations=0 preprocess::normalize::num_normalizations=16 preprocess::normalize::num_normalized_assertions=0 preprocess::normalize::num_pass1=0 preprocess::normalize::num_pass2=0 preprocess::normalize::time_adder_chains=0ms preprocess::normalize::time_apply=3ms preprocess::normalize::time_compute_occs=0ms preprocess::normalize::time_normalize_add=0ms preprocess::normalize::time_normalize_mul=0ms preprocess::normalize::time_score=2ms preprocess::rewrite::time_apply=0ms preprocess::skeleton_preproc::cnf::clauses=112 preprocess::skeleton_preproc::cnf::lits=224 preprocess::skeleton_preproc::new_assertions=0 preprocess::skeleton_preproc::resets=1 preprocess::skeleton_preproc::time_apply=0ms preprocess::skeleton_preproc::time_encode=0ms preprocess::skeleton_preproc::time_fixed=0ms preprocess::skeleton_preproc::time_sat=0ms preprocess::uninterpreted::num_substs=0 preprocess::uninterpreted::time_apply=0ms preprocess::varsubst::normalize_bv_ineq::num_slt=0 preprocess::varsubst::normalize_bv_ineq::num_ult=0 preprocess::varsubst::normalize_eq::num_bv_concat=0 preprocess::varsubst::normalize_eq::num_gauss_elim=1 preprocess::varsubst::normalize_eq::num_linear_eq=1 preprocess::varsubst::num_substs=8 preprocess::varsubst::time_apply=0ms preprocess::varsubst::time_direct_cycle_check=0ms preprocess::varsubst::time_find_substitution=0ms preprocess::varsubst::time_find_vars=0ms preprocess::varsubst::time_register=0ms preprocess::varsubst::time_remove_cycles=0ms preprocess::varsubst::time_substitute=0ms preprocessor::num_iterations=3 preprocessor::time_preprocess=5ms preprocessor::time_process=0ms rewriter::(normalize)::num_evals=0 rewriter::(normalize)::num_rewrites=92 rewriter::(normalize)::rewrite::BV_ADD_CONST=5 rewriter::(normalize)::rewrite::BV_ADD_EVAL=5 rewriter::(normalize)::rewrite::BV_ADD_SPECIAL_CONST=6 rewriter::(normalize)::rewrite::BV_MUL_EVAL=1 rewriter::(normalize)::rewrite::BV_MUL_ONES=6 rewriter::(normalize)::rewrite::BV_NEG_ELIM=6 rewriter::(normalize)::rewrite::BV_NOT_BV_NOT=10 rewriter::(normalize)::rewrite::NORMALIZE_COMM=53 rewriter::num_evals=0 rewriter::num_rewrites=756 rewriter::rewrite::AND_SPECIAL_CONST=63 rewriter::rewrite::BV_ADD_CONST=5 rewriter::rewrite::BV_ADD_EVAL=17 rewriter::rewrite::BV_ADD_ITE2=18 rewriter::rewrite::BV_ADD_SPECIAL_CONST=24 rewriter::rewrite::BV_AND_EVAL=1 rewriter::rewrite::BV_AND_SPECIAL_CONST=61 rewriter::rewrite::BV_CONCAT_EVAL=4 rewriter::rewrite::BV_EXTRACT_ADD_MUL=1 rewriter::rewrite::BV_EXTRACT_EVAL=49 rewriter::rewrite::BV_EXTRACT_FULL=2 rewriter::rewrite::BV_MUL_ONE=2 rewriter::rewrite::BV_MUL_ONES=2 rewriter::rewrite::BV_MUL_POW2=1 rewriter::rewrite::BV_MUL_ZERO=2 rewriter::rewrite::BV_NEG_ELIM=21 rewriter::rewrite::BV_NOT_BV_NEG=1 rewriter::rewrite::BV_NOT_BV_NOT=24 rewriter::rewrite::BV_NOT_EVAL=9 rewriter::rewrite::BV_OR_ELIM=2 rewriter::rewrite::BV_SADDO_ELIM=12 rewriter::rewrite::BV_SDIVO_ELIM=4 rewriter::rewrite::BV_SDIV_ELIM=1 rewriter::rewrite::BV_SHL_CONST=1 rewriter::rewrite::BV_SIGN_EXTEND_ELIM=8 rewriter::rewrite::BV_SLE_ELIM=6 rewriter::rewrite::BV_SLT_EVAL=3 rewriter::rewrite::BV_SMULO_ELIM=2 rewriter::rewrite::BV_SREM_ELIM=3 rewriter::rewrite::BV_SSUBO_ELIM=4 rewriter::rewrite::BV_SUB_ELIM=6 rewriter::rewrite::BV_UDIV_EVAL=1 rewriter::rewrite::BV_XOR_EVAL=3 rewriter::rewrite::BV_XOR_SPECIAL_CONST=1 rewriter::rewrite::DISTINCT_ELIM=16 rewriter::rewrite::EQUAL_BV_SUB=2 rewriter::rewrite::EQUAL_CONST_BV_ADD=2 rewriter::rewrite::EQUAL_CONST_BV_NOT=1 rewriter::rewrite::EQUAL_EVAL=26 rewriter::rewrite::EQUAL_ITE_SAME=12 rewriter::rewrite::EQUAL_SPECIAL_CONST=1 rewriter::rewrite::EQUAL_TRUE=3 rewriter::rewrite::ITE_EVAL=16 rewriter::rewrite::NORMALIZE_COMM=244 rewriter::rewrite::NOT_EQUAL_BV1_BOOL=11 rewriter::rewrite::NOT_EVAL=2 rewriter::rewrite::NOT_NOT=28 rewriter::rewrite::OR_ELIM=28 solver::abstract::num_checks=2 solver::abstract::terms::total=0 solver::abstract::time_check=0ms solver::array::equalities=0 solver::array::num_checks=0 solver::array::propagations=0 solver::array::propagations_down=0 solver::array::propagations_up=0 solver::array::selects=0 solver::array::time_check=0ms solver::bv::bitblast::aig::num_ands=29040 solver::bv::bitblast::aig::num_consts=192 solver::bv::bitblast::aig::num_shared=6438 solver::bv::bitblast::aig::time_bitblast=3ms solver::bv::bitblast::cnf::num_clauses=71027 solver::bv::bitblast::cnf::num_literals=173527 solver::bv::bitblast::cnf::num_vars=22826 solver::bv::bitblast::cnf::time_encode=16ms solver::bv::bitblast::sat::time_solve=3ms solver::bv::num_assertions=30 solver::bv::num_checks=2 solver::bv::time_check=19ms solver::engine::lemmas::abstr=0 solver::engine::lemmas::array=0 solver::engine::lemmas::fp=0 solver::engine::lemmas::fun=0 solver::engine::lemmas::quant=0 solver::engine::lemmas::total=0 solver::engine::time_register_term=0ms solver::engine::time_solve=22ms solver::fun::num_checks=2 solver::fun::time_check=0ms solver::quant::mbqi_checks=0 solver::quant::num_lemma_iterations=0 solver::quant::num_lemmas=0 solver::quant::time_check=0ms solver::quant::time_mbqi=0ms solver::quant::time_process=0ms solving_context::max_memory=46592000 solving_context::time_ensure_model=0ms solving_context::time_solve=28ms
SAT
Extract initialization: param=v0, value=1
Extract initialization: param=v1, value=0
Extract initialization: param=v2, value=1
Extract initialization: param=v3, value=0
Extract initialization: param=v4, value=0
Extract initialization: param=v5, value=1
Extract finalization: param=v0, value=-3
Extract finalization: param=v1, value=0
Extract finalization: param=v2, value=1
Extract finalization: param=v3, value=1
Extract finalization: param=v4, value=0
Extract finalization: param=v5, value=1
