----FunPlus: Generate Function func_xb1v6r_78------------------------------------------------
------GraphPlus::Generate----------------------------------------------
Randomly generating a graph with 15 nodes
------CfgSketch: Unflattened CFG Sketch----------------------------------------------
Bimpo: type=0, id=0, size=1, start=0
Bimpo: type=0, id=1, size=1, start=1
Bimpo: type=0, id=2, size=1, start=2
Bimpo: type=0, id=3, size=1, start=3
Bimpo: type=0, id=4, size=1, start=4
Bimpo: type=0, id=5, size=1, start=5
Bimpo: type=0, id=6, size=1, start=6
Bimpo: type=0, id=7, size=1, start=7
Bimpo: type=0, id=8, size=1, start=8
Bimpo: type=0, id=9, size=1, start=9
Bimpo: type=0, id=10, size=1, start=10
Bimpo: type=0, id=11, size=1, start=11
Bimpo: type=0, id=12, size=1, start=12
Bimpo: type=0, id=13, size=1, start=13
Bimpo: type=0, id=14, size=1, start=14
------CfgSketch: Flattened CFG Sketch----------------------------------------------
Block: 0 -> [7]
Block: 1 -> [3, 5]
Block: 2 -> [7, 14]
Block: 3 -> [11, 14]
Block: 4 -> [9, 13]
Block: 5 -> [2, 13]
Block: 6 -> [11, 12]
Block: 7 -> [1, 8]
Block: 8 -> [2, 10]
Block: 9 -> [1, 12]
Block: 10 -> [2, 4]
Block: 11 -> [4]
Block: 12 -> [7]
Block: 13 -> [4]
Block: 14 -> []
------FunPlus: Generate Block #0----------------------------------------------
Generate assignment: 7 <- 4, 0
Generate assignment: 2 <- 5, 4
------FunPlus: Generate Block #1----------------------------------------------
Generate assignment: 0 <- 0, 7
Generate assignment: 1 <- 7, 5
Generate conditional: 0, 1, 4
------FunPlus: Generate Block #2----------------------------------------------
Generate assignment: 0 <- 6, 0
Generate assignment: 7 <- 6, 4
Generate conditional: 0, 7, 6
------FunPlus: Generate Block #3----------------------------------------------
Generate assignment: 0 <- 2, 3
Generate assignment: 3 <- 7, 4
Generate conditional: 0, 3, 6
------FunPlus: Generate Block #4----------------------------------------------
Generate assignment: 0 <- 2, 6
Generate assignment: 3 <- 5, 7
Generate conditional: 0, 3, 7
------FunPlus: Generate Block #5----------------------------------------------
Generate assignment: 3 <- 5, 1
Generate assignment: 5 <- 6, 7
Generate conditional: 3, 5, 2
------FunPlus: Generate Block #6----------------------------------------------
Generate assignment: 0 <- 4, 3
Generate assignment: 4 <- 7, 4
Generate conditional: 0, 4, 2
------FunPlus: Generate Block #7----------------------------------------------
Generate assignment: 1 <- 0, 5
Generate assignment: 7 <- 1, 7
Generate conditional: 1, 7, 6
------FunPlus: Generate Block #8----------------------------------------------
Generate assignment: 3 <- 4, 3
Generate assignment: 2 <- 3, 5
Generate conditional: 3, 2, 4
------FunPlus: Generate Block #9----------------------------------------------
Generate assignment: 4 <- 7, 4
Generate assignment: 3 <- 2, 5
Generate conditional: 4, 3, 5
------FunPlus: Generate Block #10----------------------------------------------
Generate assignment: 7 <- 1, 2
Generate assignment: 4 <- 3, 7
Generate conditional: 7, 4, 1
------FunPlus: Generate Block #11----------------------------------------------
Generate assignment: 0 <- 6, 2
Generate assignment: 6 <- 1, 2
------FunPlus: Generate Block #12----------------------------------------------
Generate assignment: 6 <- 2, 3
Generate assignment: 2 <- 5, 1
------FunPlus: Generate Block #13----------------------------------------------
Generate assignment: 3 <- 1, 0
Generate assignment: 6 <- 0, 5
------FunPlus: Generate Block #14----------------------------------------------
Generate assignment: 1 <- 2, 6
Generate assignment: 3 <- 3, 1
----SymExec: Solve------------------------------------------------
Execution Path: 0->7->1->5->2->14
------SymExec: Iteration 0----------------------------------------------
Generating or re-generating UB-free constraints
Initial constraints: 
```
(bvsle (bvadd (bvadd (bvadd (bvadd (bvadd (bvadd (bvadd (ite (= v0_v0 #b00000000000000000000000000000000) #b00000000000000000000000000000001 #b00000000000000000000000000000000) (ite (= v1_el0_v0 #b00000000000000000000000000000000) #b00000000000000000000000000000001 #b00000000000000000000000000000000)) (ite (= v1_el1_v0 #b00000000000000000000000000000000) #b00000000000000000000000000000001 #b00000000000000000000000000000000)) (ite (= v2_f0_v0 #b00000000000000000000000000000000) #b00000000000000000000000000000001 #b00000000000000000000000000000000)) (ite (= v3_v0 #b00000000000000000000000000000000) #b00000000000000000000000000000001 #b00000000000000000000000000000000)) (ite (= v4_v0 #b00000000000000000000000000000000) #b00000000000000000000000000000001 #b00000000000000000000000000000000)) (ite (= v5_el0_v0 #b00000000000000000000000000000000) #b00000000000000000000000000000001 #b00000000000000000000000000000000)) (ite (= v5_el1_v0 #b00000000000000000000000000000000) #b00000000000000000000000000000001 #b00000000000000000000000000000000)) #b00000000000000000000000000000100)
```
Final constraints: 
```
(bvsle (bvadd (bvadd (bvadd (bvadd (bvadd (bvadd (bvadd (ite (= v0_v0 #b00000000000000000000000000000000) #b00000000000000000000000000000001 #b00000000000000000000000000000000) (ite (= v1_el0_v0 #b00000000000000000000000000000000) #b00000000000000000000000000000001 #b00000000000000000000000000000000)) (ite (= v1_el1_v0 #b00000000000000000000000000000000) #b00000000000000000000000000000001 #b00000000000000000000000000000000)) (ite (= v2_f0_v0 #b00000000000000000000000000000000) #b00000000000000000000000000000001 #b00000000000000000000000000000000)) (ite (= v3_v0 #b00000000000000000000000000000000) #b00000000000000000000000000000001 #b00000000000000000000000000000000)) (ite (= v4_v0 #b00000000000000000000000000000000) #b00000000000000000000000000000001 #b00000000000000000000000000000000)) (ite (= v5_el0_v0 #b00000000000000000000000000000000) #b00000000000000000000000000000001 #b00000000000000000000000000000000)) (ite (= v5_el1_v0 #b00000000000000000000000000000000) #b00000000000000000000000000000001 #b00000000000000000000000000000000)) #b00000000000000000000000000000100)
(= v6_v0 init_var6)
(= v7_v0 init_var7)
(not (bvsaddo a0_0_1 v4_v0))
(not (bvssubo a0_0_2 v0_v0))
(not (bvssubo (bvadd a0_0_1 v4_v0) (bvsub a0_0_2 v0_v0)))
(not (bvssubo (bvsub (bvadd a0_0_1 v4_v0) (bvsub a0_0_2 v0_v0)) a0_0))
(bvsle (bvadd (bvadd (ite (= a0_0_1 #b00000000000000000000000000000000) #b00000000000000000000000000000001 #b00000000000000000000000000000000) (ite (= a0_0_2 #b00000000000000000000000000000000) #b00000000000000000000000000000001 #b00000000000000000000000000000000)) (ite (= a0_0 #b00000000000000000000000000000000) #b00000000000000000000000000000001 #b00000000000000000000000000000000)) #b00000000000000000000000000000001)
(= v7_v1 (bvsub (bvsub (bvadd a0_0_1 v4_v0) (bvsub a0_0_2 v0_v0)) a0_0))
(distinct v5_el1_v0 #b00000000000000000000000000000000)
(not (bvsdivo a0_1_1 v5_el1_v0))
(distinct v4_v0 #b00000000000000000000000000000000)
(not (bvsdivo a0_1_2 v4_v0))
(not (bvssubo (bvsrem a0_1_1 v5_el1_v0) (bvsrem a0_1_2 v4_v0)))
(not (bvssubo (bvsub (bvsrem a0_1_1 v5_el1_v0) (bvsrem a0_1_2 v4_v0)) a0_1))
(bvsle (bvadd (bvadd (ite (= a0_1_1 #b00000000000000000000000000000000) #b00000000000000000000000000000001 #b00000000000000000000000000000000) (ite (= a0_1_2 #b00000000000000000000000000000000) #b00000000000000000000000000000001 #b00000000000000000000000000000000)) (ite (= a0_1 #b00000000000000000000000000000000) #b00000000000000000000000000000001 #b00000000000000000000000000000000)) #b00000000000000000000000000000001)
(= v2_f0_v1 (bvsub (bvsub (bvsrem a0_1_1 v5_el1_v0) (bvsrem a0_1_2 v4_v0)) a0_1))
(distinct v0_v0 #b00000000000000000000000000000000)
(not (bvsdivo a7_0_1 v0_v0))
(not (bvsaddo a7_0_2 v5_el1_v0))
(not (bvssubo (bvsrem a7_0_1 v0_v0) (bvadd a7_0_2 v5_el1_v0)))
(not (bvssubo (bvsub (bvsrem a7_0_1 v0_v0) (bvadd a7_0_2 v5_el1_v0)) a7_0))
(bvsle (bvadd (bvadd (ite (= a7_0_1 #b00000000000000000000000000000000) #b00000000000000000000000000000001 #b00000000000000000000000000000000) (ite (= a7_0_2 #b00000000000000000000000000000000) #b00000000000000000000000000000001 #b00000000000000000000000000000000)) (ite (= a7_0 #b00000000000000000000000000000000) #b00000000000000000000000000000001 #b00000000000000000000000000000000)) #b00000000000000000000000000000001)
(= v1_el1_v1 (bvsub (bvsub (bvsrem a7_0_1 v0_v0) (bvadd a7_0_2 v5_el1_v0)) a7_0))
(not (bvsmulo a7_1_1 v1_el1_v1))
(not (bvsmulo a7_1_2 v7_v1))
(not (bvsaddo (bvmul a7_1_1 v1_el1_v1) (bvmul a7_1_2 v7_v1)))
(not (bvsaddo (bvadd (bvmul a7_1_1 v1_el1_v1) (bvmul a7_1_2 v7_v1)) a7_1))
(bvsle (bvadd (bvadd (ite (= a7_1_1 #b00000000000000000000000000000000) #b00000000000000000000000000000001 #b00000000000000000000000000000000) (ite (= a7_1_2 #b00000000000000000000000000000000) #b00000000000000000000000000000001 #b00000000000000000000000000000000)) (ite (= a7_1 #b00000000000000000000000000000000) #b00000000000000000000000000000001 #b00000000000000000000000000000000)) #b00000000000000000000000000000001)
(= v7_v2 (bvadd (bvadd (bvmul a7_1_1 v1_el1_v1) (bvmul a7_1_2 v7_v1)) a7_1))
(not (bvsmulo b7_2_1 v1_el1_v1))
(not (bvssubo b7_2_2 v7_v2))
(not (bvssubo (bvmul b7_2_1 v1_el1_v1) (bvsub b7_2_2 v7_v2)))
(distinct v6_v0 #b00000000000000000000000000000000)
(not (bvsdivo b7_2_3 v6_v0))
(not (bvssubo (bvsub (bvmul b7_2_1 v1_el1_v1) (bvsub b7_2_2 v7_v2)) (bvsdiv b7_2_3 v6_v0)))
(not (bvssubo (bvsub (bvsub (bvmul b7_2_1 v1_el1_v1) (bvsub b7_2_2 v7_v2)) (bvsdiv b7_2_3 v6_v0)) b7_2))
(bvsle (bvadd (bvadd (bvadd (ite (= b7_2_1 #b00000000000000000000000000000000) #b00000000000000000000000000000001 #b00000000000000000000000000000000) (ite (= b7_2_2 #b00000000000000000000000000000000) #b00000000000000000000000000000001 #b00000000000000000000000000000000)) (ite (= b7_2_3 #b00000000000000000000000000000000) #b00000000000000000000000000000001 #b00000000000000000000000000000000)) (ite (= b7_2 #b00000000000000000000000000000000) #b00000000000000000000000000000001 #b00000000000000000000000000000000)) #b00000000000000000000000000000001)
(= (bvsub (bvsub (bvsub (bvmul b7_2_1 v1_el1_v1) (bvsub b7_2_2 v7_v2)) (bvsdiv b7_2_3 v6_v0)) b7_2) #b00000000000000000000000000000000)
(not (bvsaddo a1_0_1 v0_v0))
(not (bvsaddo a1_0_2 v7_v2))
(not (bvssubo (bvadd a1_0_1 v0_v0) (bvadd a1_0_2 v7_v2)))
(not (bvssubo (bvsub (bvadd a1_0_1 v0_v0) (bvadd a1_0_2 v7_v2)) a1_0))
(bvsle (bvadd (bvadd (ite (= a1_0_1 #b00000000000000000000000000000000) #b00000000000000000000000000000001 #b00000000000000000000000000000000) (ite (= a1_0_2 #b00000000000000000000000000000000) #b00000000000000000000000000000001 #b00000000000000000000000000000000)) (ite (= a1_0 #b00000000000000000000000000000000) #b00000000000000000000000000000001 #b00000000000000000000000000000000)) #b00000000000000000000000000000001)
(= v0_v1 (bvsub (bvsub (bvadd a1_0_1 v0_v0) (bvadd a1_0_2 v7_v2)) a1_0))
(not (bvsmulo a1_1_1 v7_v2))
(not (bvsaddo a1_1_2 v5_el1_v0))
(not (bvssubo (bvmul a1_1_1 v7_v2) (bvadd a1_1_2 v5_el1_v0)))
(not (bvssubo (bvsub (bvmul a1_1_1 v7_v2) (bvadd a1_1_2 v5_el1_v0)) a1_1))
(bvsle (bvadd (bvadd (ite (= a1_1_1 #b00000000000000000000000000000000) #b00000000000000000000000000000001 #b00000000000000000000000000000000) (ite (= a1_1_2 #b00000000000000000000000000000000) #b00000000000000000000000000000001 #b00000000000000000000000000000000)) (ite (= a1_1 #b00000000000000000000000000000000) #b00000000000000000000000000000001 #b00000000000000000000000000000000)) #b00000000000000000000000000000001)
(= v1_el1_v2 (bvsub (bvsub (bvmul a1_1_1 v7_v2) (bvadd a1_1_2 v5_el1_v0)) a1_1))
(not (bvsmulo b1_2_1 v0_v1))
(not (bvssubo b1_2_2 v1_el1_v2))
(not (bvssubo (bvmul b1_2_1 v0_v1) (bvsub b1_2_2 v1_el1_v2)))
(not (bvsmulo b1_2_3 v4_v0))
(not (bvssubo (bvsub (bvmul b1_2_1 v0_v1) (bvsub b1_2_2 v1_el1_v2)) (bvmul b1_2_3 v4_v0)))
(not (bvssubo (bvsub (bvsub (bvmul b1_2_1 v0_v1) (bvsub b1_2_2 v1_el1_v2)) (bvmul b1_2_3 v4_v0)) b1_2))
(bvsle (bvadd (bvadd (bvadd (ite (= b1_2_1 #b00000000000000000000000000000000) #b00000000000000000000000000000001 #b00000000000000000000000000000000) (ite (= b1_2_2 #b00000000000000000000000000000000) #b00000000000000000000000000000001 #b00000000000000000000000000000000)) (ite (= b1_2_3 #b00000000000000000000000000000000) #b00000000000000000000000000000001 #b00000000000000000000000000000000)) (ite (= b1_2 #b00000000000000000000000000000000) #b00000000000000000000000000000001 #b00000000000000000000000000000000)) #b00000000000000000000000000000001)
(not (= (bvsub (bvsub (bvsub (bvmul b1_2_1 v0_v1) (bvsub b1_2_2 v1_el1_v2)) (bvmul b1_2_3 v4_v0)) b1_2) #b00000000000000000000000000000000))
(not (bvssubo a5_0_1 v5_el1_v0))
(distinct v1_el1_v2 #b00000000000000000000000000000000)
(not (bvsdivo a5_0_2 v1_el1_v2))
(not (bvssubo (bvsub a5_0_1 v5_el1_v0) (bvsdiv a5_0_2 v1_el1_v2)))
(not (bvssubo (bvsub (bvsub a5_0_1 v5_el1_v0) (bvsdiv a5_0_2 v1_el1_v2)) a5_0))
(bvsle (bvadd (bvadd (ite (= a5_0_1 #b00000000000000000000000000000000) #b00000000000000000000000000000001 #b00000000000000000000000000000000) (ite (= a5_0_2 #b00000000000000000000000000000000) #b00000000000000000000000000000001 #b00000000000000000000000000000000)) (ite (= a5_0 #b00000000000000000000000000000000) #b00000000000000000000000000000001 #b00000000000000000000000000000000)) #b00000000000000000000000000000001)
(= v3_v1 (bvsub (bvsub (bvsub a5_0_1 v5_el1_v0) (bvsdiv a5_0_2 v1_el1_v2)) a5_0))
(not (bvsaddo a5_1_1 v6_v0))
(not (bvsmulo a5_1_2 v7_v2))
(not (bvsaddo (bvadd a5_1_1 v6_v0) (bvmul a5_1_2 v7_v2)))
(not (bvsaddo (bvadd (bvadd a5_1_1 v6_v0) (bvmul a5_1_2 v7_v2)) a5_1))
(bvsle (bvadd (bvadd (ite (= a5_1_1 #b00000000000000000000000000000000) #b00000000000000000000000000000001 #b00000000000000000000000000000000) (ite (= a5_1_2 #b00000000000000000000000000000000) #b00000000000000000000000000000001 #b00000000000000000000000000000000)) (ite (= a5_1 #b00000000000000000000000000000000) #b00000000000000000000000000000001 #b00000000000000000000000000000000)) #b00000000000000000000000000000001)
(= v5_el1_v1 (bvadd (bvadd (bvadd a5_1_1 v6_v0) (bvmul a5_1_2 v7_v2)) a5_1))
(distinct v3_v1 #b00000000000000000000000000000000)
(not (bvsdivo b5_2_1 v3_v1))
(not (bvssubo b5_2_2 v5_el1_v1))
(not (bvssubo (bvsrem b5_2_1 v3_v1) (bvsub b5_2_2 v5_el1_v1)))
(not (bvssubo b5_2_3 v2_f0_v1))
(not (bvssubo (bvsub (bvsrem b5_2_1 v3_v1) (bvsub b5_2_2 v5_el1_v1)) (bvsub b5_2_3 v2_f0_v1)))
(not (bvssubo (bvsub (bvsub (bvsrem b5_2_1 v3_v1) (bvsub b5_2_2 v5_el1_v1)) (bvsub b5_2_3 v2_f0_v1)) b5_2))
(bvsle (bvadd (bvadd (bvadd (ite (= b5_2_1 #b00000000000000000000000000000000) #b00000000000000000000000000000001 #b00000000000000000000000000000000) (ite (= b5_2_2 #b00000000000000000000000000000000) #b00000000000000000000000000000001 #b00000000000000000000000000000000)) (ite (= b5_2_3 #b00000000000000000000000000000000) #b00000000000000000000000000000001 #b00000000000000000000000000000000)) (ite (= b5_2 #b00000000000000000000000000000000) #b00000000000000000000000000000001 #b00000000000000000000000000000000)) #b00000000000000000000000000000001)
(= (bvsub (bvsub (bvsub (bvsrem b5_2_1 v3_v1) (bvsub b5_2_2 v5_el1_v1)) (bvsub b5_2_3 v2_f0_v1)) b5_2) #b00000000000000000000000000000000)
(not (bvsdivo a2_0_1 v6_v0))
(not (bvssubo a2_0_2 v0_v1))
(not (bvsaddo (bvsdiv a2_0_1 v6_v0) (bvsub a2_0_2 v0_v1)))
(not (bvsaddo (bvadd (bvsdiv a2_0_1 v6_v0) (bvsub a2_0_2 v0_v1)) a2_0))
(bvsle (bvadd (bvadd (ite (= a2_0_1 #b00000000000000000000000000000000) #b00000000000000000000000000000001 #b00000000000000000000000000000000) (ite (= a2_0_2 #b00000000000000000000000000000000) #b00000000000000000000000000000001 #b00000000000000000000000000000000)) (ite (= a2_0 #b00000000000000000000000000000000) #b00000000000000000000000000000001 #b00000000000000000000000000000000)) #b00000000000000000000000000000001)
(= v0_v2 (bvadd (bvadd (bvsdiv a2_0_1 v6_v0) (bvsub a2_0_2 v0_v1)) a2_0))
(not (bvsmulo a2_1_1 v6_v0))
(not (bvsdivo a2_1_2 v4_v0))
(not (bvssubo (bvmul a2_1_1 v6_v0) (bvsrem a2_1_2 v4_v0)))
(not (bvssubo (bvsub (bvmul a2_1_1 v6_v0) (bvsrem a2_1_2 v4_v0)) a2_1))
(bvsle (bvadd (bvadd (ite (= a2_1_1 #b00000000000000000000000000000000) #b00000000000000000000000000000001 #b00000000000000000000000000000000) (ite (= a2_1_2 #b00000000000000000000000000000000) #b00000000000000000000000000000001 #b00000000000000000000000000000000)) (ite (= a2_1 #b00000000000000000000000000000000) #b00000000000000000000000000000001 #b00000000000000000000000000000000)) #b00000000000000000000000000000001)
(= v7_v3 (bvsub (bvsub (bvmul a2_1_1 v6_v0) (bvsrem a2_1_2 v4_v0)) a2_1))
(not (bvsmulo b2_2_1 v0_v2))
(distinct v7_v3 #b00000000000000000000000000000000)
(not (bvsdivo b2_2_2 v7_v3))
(not (bvsaddo (bvmul b2_2_1 v0_v2) (bvsdiv b2_2_2 v7_v3)))
(not (bvsmulo b2_2_3 v6_v0))
(not (bvsaddo (bvadd (bvmul b2_2_1 v0_v2) (bvsdiv b2_2_2 v7_v3)) (bvmul b2_2_3 v6_v0)))
(not (bvsaddo (bvadd (bvadd (bvmul b2_2_1 v0_v2) (bvsdiv b2_2_2 v7_v3)) (bvmul b2_2_3 v6_v0)) b2_2))
(bvsle (bvadd (bvadd (bvadd (ite (= b2_2_1 #b00000000000000000000000000000000) #b00000000000000000000000000000001 #b00000000000000000000000000000000) (ite (= b2_2_2 #b00000000000000000000000000000000) #b00000000000000000000000000000001 #b00000000000000000000000000000000)) (ite (= b2_2_3 #b00000000000000000000000000000000) #b00000000000000000000000000000001 #b00000000000000000000000000000000)) (ite (= b2_2 #b00000000000000000000000000000000) #b00000000000000000000000000000001 #b00000000000000000000000000000000)) #b00000000000000000000000000000001)
(not (bvsgt (bvadd (bvadd (bvadd (bvmul b2_2_1 v0_v2) (bvsdiv b2_2_2 v7_v3)) (bvmul b2_2_3 v6_v0)) b2_2) #b00000000000000000000000000000000))
(not (bvssubo a14_0_1 v2_f0_v1))
(not (bvssubo a14_0_2 v6_v0))
(not (bvsaddo (bvsub a14_0_1 v2_f0_v1) (bvsub a14_0_2 v6_v0)))
(not (bvsaddo (bvadd (bvsub a14_0_1 v2_f0_v1) (bvsub a14_0_2 v6_v0)) a14_0))
(bvsle (bvadd (bvadd (ite (= a14_0_1 #b00000000000000000000000000000000) #b00000000000000000000000000000001 #b00000000000000000000000000000000) (ite (= a14_0_2 #b00000000000000000000000000000000) #b00000000000000000000000000000001 #b00000000000000000000000000000000)) (ite (= a14_0 #b00000000000000000000000000000000) #b00000000000000000000000000000001 #b00000000000000000000000000000000)) #b00000000000000000000000000000001)
(= v1_el1_v3 (bvadd (bvadd (bvsub a14_0_1 v2_f0_v1) (bvsub a14_0_2 v6_v0)) a14_0))
(not (bvssubo a14_1_1 v3_v1))
(distinct v1_el1_v3 #b00000000000000000000000000000000)
(not (bvsdivo a14_1_2 v1_el1_v3))
(not (bvsaddo (bvsub a14_1_1 v3_v1) (bvsdiv a14_1_2 v1_el1_v3)))
(not (bvsaddo (bvadd (bvsub a14_1_1 v3_v1) (bvsdiv a14_1_2 v1_el1_v3)) a14_1))
(bvsle (bvadd (bvadd (ite (= a14_1_1 #b00000000000000000000000000000000) #b00000000000000000000000000000001 #b00000000000000000000000000000000) (ite (= a14_1_2 #b00000000000000000000000000000000) #b00000000000000000000000000000001 #b00000000000000000000000000000000)) (ite (= a14_1 #b00000000000000000000000000000000) #b00000000000000000000000000000001 #b00000000000000000000000000000000)) #b00000000000000000000000000000001)
(= v3_v2 (bvadd (bvadd (bvsub a14_1_1 v3_v1) (bvsdiv a14_1_2 v1_el1_v3)) a14_1))
```
Optimized constraints: 
```
(bvsle (bvadd (bvadd (bvadd (bvadd (bvadd (bvadd (bvadd (ite (= v0_v0 #b00000000000000000000000000000000) #b00000000000000000000000000000001 #b00000000000000000000000000000000) (ite (= v1_el0_v0 #b00000000000000000000000000000000) #b00000000000000000000000000000001 #b00000000000000000000000000000000)) (ite (= v1_el1_v0 #b00000000000000000000000000000000) #b00000000000000000000000000000001 #b00000000000000000000000000000000)) (ite (= v2_f0_v0 #b00000000000000000000000000000000) #b00000000000000000000000000000001 #b00000000000000000000000000000000)) (ite (= v3_v0 #b00000000000000000000000000000000) #b00000000000000000000000000000001 #b00000000000000000000000000000000)) (ite (= v4_v0 #b00000000000000000000000000000000) #b00000000000000000000000000000001 #b00000000000000000000000000000000)) (ite (= v5_el0_v0 #b00000000000000000000000000000000) #b00000000000000000000000000000001 #b00000000000000000000000000000000)) (ite (= v5_el1_v0 #b00000000000000000000000000000000) #b00000000000000000000000000000001 #b00000000000000000000000000000000)) #b00000000000000000000000000000100)
(= v6_v0 init_var6)
(= v7_v0 init_var7)
(not (bvsaddo a0_0_1 v4_v0))
(not (bvssubo a0_0_2 v0_v0))
(not (bvssubo (bvadd a0_0_1 v4_v0) (bvsub a0_0_2 v0_v0)))
(not (bvssubo (bvsub (bvadd a0_0_1 v4_v0) (bvsub a0_0_2 v0_v0)) a0_0))
(bvsle (bvadd (bvadd (ite (= a0_0_1 #b00000000000000000000000000000000) #b00000000000000000000000000000001 #b00000000000000000000000000000000) (ite (= a0_0_2 #b00000000000000000000000000000000) #b00000000000000000000000000000001 #b00000000000000000000000000000000)) (ite (= a0_0 #b00000000000000000000000000000000) #b00000000000000000000000000000001 #b00000000000000000000000000000000)) #b00000000000000000000000000000001)
(= v7_v1 (bvsub (bvsub (bvadd a0_0_1 v4_v0) (bvsub a0_0_2 v0_v0)) a0_0))
(distinct v5_el1_v0 #b00000000000000000000000000000000)
(not (bvsdivo a0_1_1 v5_el1_v0))
(distinct v4_v0 #b00000000000000000000000000000000)
(not (bvsdivo a0_1_2 v4_v0))
(not (bvssubo (bvsrem a0_1_1 v5_el1_v0) (bvsrem a0_1_2 v4_v0)))
(not (bvssubo (bvsub (bvsrem a0_1_1 v5_el1_v0) (bvsrem a0_1_2 v4_v0)) a0_1))
(bvsle (bvadd (bvadd (ite (= a0_1_1 #b00000000000000000000000000000000) #b00000000000000000000000000000001 #b00000000000000000000000000000000) (ite (= a0_1_2 #b00000000000000000000000000000000) #b00000000000000000000000000000001 #b00000000000000000000000000000000)) (ite (= a0_1 #b00000000000000000000000000000000) #b00000000000000000000000000000001 #b00000000000000000000000000000000)) #b00000000000000000000000000000001)
(= v2_f0_v1 (bvsub (bvsub (bvsrem a0_1_1 v5_el1_v0) (bvsrem a0_1_2 v4_v0)) a0_1))
(distinct v0_v0 #b00000000000000000000000000000000)
(not (bvsdivo a7_0_1 v0_v0))
(not (bvsaddo a7_0_2 v5_el1_v0))
(not (bvssubo (bvsrem a7_0_1 v0_v0) (bvadd a7_0_2 v5_el1_v0)))
(not (bvssubo (bvsub (bvsrem a7_0_1 v0_v0) (bvadd a7_0_2 v5_el1_v0)) a7_0))
(bvsle (bvadd (bvadd (ite (= a7_0_1 #b00000000000000000000000000000000) #b00000000000000000000000000000001 #b00000000000000000000000000000000) (ite (= a7_0_2 #b00000000000000000000000000000000) #b00000000000000000000000000000001 #b00000000000000000000000000000000)) (ite (= a7_0 #b00000000000000000000000000000000) #b00000000000000000000000000000001 #b00000000000000000000000000000000)) #b00000000000000000000000000000001)
(= v1_el1_v1 (bvsub (bvsub (bvsrem a7_0_1 v0_v0) (bvadd a7_0_2 v5_el1_v0)) a7_0))
(not (bvsmulo a7_1_1 v1_el1_v1))
(not (bvsmulo a7_1_2 v7_v1))
(not (bvsaddo (bvmul a7_1_1 v1_el1_v1) (bvmul a7_1_2 v7_v1)))
(not (bvsaddo (bvadd (bvmul a7_1_1 v1_el1_v1) (bvmul a7_1_2 v7_v1)) a7_1))
(bvsle (bvadd (bvadd (ite (= a7_1_1 #b00000000000000000000000000000000) #b00000000000000000000000000000001 #b00000000000000000000000000000000) (ite (= a7_1_2 #b00000000000000000000000000000000) #b00000000000000000000000000000001 #b00000000000000000000000000000000)) (ite (= a7_1 #b00000000000000000000000000000000) #b00000000000000000000000000000001 #b00000000000000000000000000000000)) #b00000000000000000000000000000001)
(= v7_v2 (bvadd (bvadd (bvmul a7_1_1 v1_el1_v1) (bvmul a7_1_2 v7_v1)) a7_1))
(not (bvsmulo b7_2_1 v1_el1_v1))
(not (bvssubo b7_2_2 v7_v2))
(not (bvssubo (bvmul b7_2_1 v1_el1_v1) (bvsub b7_2_2 v7_v2)))
(distinct v6_v0 #b00000000000000000000000000000000)
(not (bvsdivo b7_2_3 v6_v0))
(not (bvssubo (bvsub (bvmul b7_2_1 v1_el1_v1) (bvsub b7_2_2 v7_v2)) (bvsdiv b7_2_3 v6_v0)))
(not (bvssubo (bvsub (bvsub (bvmul b7_2_1 v1_el1_v1) (bvsub b7_2_2 v7_v2)) (bvsdiv b7_2_3 v6_v0)) b7_2))
(bvsle (bvadd (bvadd (bvadd (ite (= b7_2_1 #b00000000000000000000000000000000) #b00000000000000000000000000000001 #b00000000000000000000000000000000) (ite (= b7_2_2 #b00000000000000000000000000000000) #b00000000000000000000000000000001 #b00000000000000000000000000000000)) (ite (= b7_2_3 #b00000000000000000000000000000000) #b00000000000000000000000000000001 #b00000000000000000000000000000000)) (ite (= b7_2 #b00000000000000000000000000000000) #b00000000000000000000000000000001 #b00000000000000000000000000000000)) #b00000000000000000000000000000001)
(= (bvsub (bvsub (bvsub (bvmul b7_2_1 v1_el1_v1) (bvsub b7_2_2 v7_v2)) (bvsdiv b7_2_3 v6_v0)) b7_2) #b00000000000000000000000000000000)
(not (bvsaddo a1_0_1 v0_v0))
(not (bvsaddo a1_0_2 v7_v2))
(not (bvssubo (bvadd a1_0_1 v0_v0) (bvadd a1_0_2 v7_v2)))
(not (bvssubo (bvsub (bvadd a1_0_1 v0_v0) (bvadd a1_0_2 v7_v2)) a1_0))
(bvsle (bvadd (bvadd (ite (= a1_0_1 #b00000000000000000000000000000000) #b00000000000000000000000000000001 #b00000000000000000000000000000000) (ite (= a1_0_2 #b00000000000000000000000000000000) #b00000000000000000000000000000001 #b00000000000000000000000000000000)) (ite (= a1_0 #b00000000000000000000000000000000) #b00000000000000000000000000000001 #b00000000000000000000000000000000)) #b00000000000000000000000000000001)
(= v0_v1 (bvsub (bvsub (bvadd a1_0_1 v0_v0) (bvadd a1_0_2 v7_v2)) a1_0))
(not (bvsmulo a1_1_1 v7_v2))
(not (bvsaddo a1_1_2 v5_el1_v0))
(not (bvssubo (bvmul a1_1_1 v7_v2) (bvadd a1_1_2 v5_el1_v0)))
(not (bvssubo (bvsub (bvmul a1_1_1 v7_v2) (bvadd a1_1_2 v5_el1_v0)) a1_1))
(bvsle (bvadd (bvadd (ite (= a1_1_1 #b00000000000000000000000000000000) #b00000000000000000000000000000001 #b00000000000000000000000000000000) (ite (= a1_1_2 #b00000000000000000000000000000000) #b00000000000000000000000000000001 #b00000000000000000000000000000000)) (ite (= a1_1 #b00000000000000000000000000000000) #b00000000000000000000000000000001 #b00000000000000000000000000000000)) #b00000000000000000000000000000001)
(= v1_el1_v2 (bvsub (bvsub (bvmul a1_1_1 v7_v2) (bvadd a1_1_2 v5_el1_v0)) a1_1))
(not (bvsmulo b1_2_1 v0_v1))
(not (bvssubo b1_2_2 v1_el1_v2))
(not (bvssubo (bvmul b1_2_1 v0_v1) (bvsub b1_2_2 v1_el1_v2)))
(not (bvsmulo b1_2_3 v4_v0))
(not (bvssubo (bvsub (bvmul b1_2_1 v0_v1) (bvsub b1_2_2 v1_el1_v2)) (bvmul b1_2_3 v4_v0)))
(not (bvssubo (bvsub (bvsub (bvmul b1_2_1 v0_v1) (bvsub b1_2_2 v1_el1_v2)) (bvmul b1_2_3 v4_v0)) b1_2))
(bvsle (bvadd (bvadd (bvadd (ite (= b1_2_1 #b00000000000000000000000000000000) #b00000000000000000000000000000001 #b00000000000000000000000000000000) (ite (= b1_2_2 #b00000000000000000000000000000000) #b00000000000000000000000000000001 #b00000000000000000000000000000000)) (ite (= b1_2_3 #b00000000000000000000000000000000) #b00000000000000000000000000000001 #b00000000000000000000000000000000)) (ite (= b1_2 #b00000000000000000000000000000000) #b00000000000000000000000000000001 #b00000000000000000000000000000000)) #b00000000000000000000000000000001)
(not (= (bvsub (bvsub (bvsub (bvmul b1_2_1 v0_v1) (bvsub b1_2_2 v1_el1_v2)) (bvmul b1_2_3 v4_v0)) b1_2) #b00000000000000000000000000000000))
(not (bvssubo a5_0_1 v5_el1_v0))
(distinct v1_el1_v2 #b00000000000000000000000000000000)
(not (bvsdivo a5_0_2 v1_el1_v2))
(not (bvssubo (bvsub a5_0_1 v5_el1_v0) (bvsdiv a5_0_2 v1_el1_v2)))
(not (bvssubo (bvsub (bvsub a5_0_1 v5_el1_v0) (bvsdiv a5_0_2 v1_el1_v2)) a5_0))
(bvsle (bvadd (bvadd (ite (= a5_0_1 #b00000000000000000000000000000000) #b00000000000000000000000000000001 #b00000000000000000000000000000000) (ite (= a5_0_2 #b00000000000000000000000000000000) #b00000000000000000000000000000001 #b00000000000000000000000000000000)) (ite (= a5_0 #b00000000000000000000000000000000) #b00000000000000000000000000000001 #b00000000000000000000000000000000)) #b00000000000000000000000000000001)
(= v3_v1 (bvsub (bvsub (bvsub a5_0_1 v5_el1_v0) (bvsdiv a5_0_2 v1_el1_v2)) a5_0))
(not (bvsaddo a5_1_1 v6_v0))
(not (bvsmulo a5_1_2 v7_v2))
(not (bvsaddo (bvadd a5_1_1 v6_v0) (bvmul a5_1_2 v7_v2)))
(not (bvsaddo (bvadd (bvadd a5_1_1 v6_v0) (bvmul a5_1_2 v7_v2)) a5_1))
(bvsle (bvadd (bvadd (ite (= a5_1_1 #b00000000000000000000000000000000) #b00000000000000000000000000000001 #b00000000000000000000000000000000) (ite (= a5_1_2 #b00000000000000000000000000000000) #b00000000000000000000000000000001 #b00000000000000000000000000000000)) (ite (= a5_1 #b00000000000000000000000000000000) #b00000000000000000000000000000001 #b00000000000000000000000000000000)) #b00000000000000000000000000000001)
(= v5_el1_v1 (bvadd (bvadd (bvadd a5_1_1 v6_v0) (bvmul a5_1_2 v7_v2)) a5_1))
(distinct v3_v1 #b00000000000000000000000000000000)
(not (bvsdivo b5_2_1 v3_v1))
(not (bvssubo b5_2_2 v5_el1_v1))
(not (bvssubo (bvsrem b5_2_1 v3_v1) (bvsub b5_2_2 v5_el1_v1)))
(not (bvssubo b5_2_3 v2_f0_v1))
(not (bvssubo (bvsub (bvsrem b5_2_1 v3_v1) (bvsub b5_2_2 v5_el1_v1)) (bvsub b5_2_3 v2_f0_v1)))
(not (bvssubo (bvsub (bvsub (bvsrem b5_2_1 v3_v1) (bvsub b5_2_2 v5_el1_v1)) (bvsub b5_2_3 v2_f0_v1)) b5_2))
(bvsle (bvadd (bvadd (bvadd (ite (= b5_2_1 #b00000000000000000000000000000000) #b00000000000000000000000000000001 #b00000000000000000000000000000000) (ite (= b5_2_2 #b00000000000000000000000000000000) #b00000000000000000000000000000001 #b00000000000000000000000000000000)) (ite (= b5_2_3 #b00000000000000000000000000000000) #b00000000000000000000000000000001 #b00000000000000000000000000000000)) (ite (= b5_2 #b00000000000000000000000000000000) #b00000000000000000000000000000001 #b00000000000000000000000000000000)) #b00000000000000000000000000000001)
(= (bvsub (bvsub (bvsub (bvsrem b5_2_1 v3_v1) (bvsub b5_2_2 v5_el1_v1)) (bvsub b5_2_3 v2_f0_v1)) b5_2) #b00000000000000000000000000000000)
(not (bvsdivo a2_0_1 v6_v0))
(not (bvssubo a2_0_2 v0_v1))
(not (bvsaddo (bvsdiv a2_0_1 v6_v0) (bvsub a2_0_2 v0_v1)))
(not (bvsaddo (bvadd (bvsdiv a2_0_1 v6_v0) (bvsub a2_0_2 v0_v1)) a2_0))
(bvsle (bvadd (bvadd (ite (= a2_0_1 #b00000000000000000000000000000000) #b00000000000000000000000000000001 #b00000000000000000000000000000000) (ite (= a2_0_2 #b00000000000000000000000000000000) #b00000000000000000000000000000001 #b00000000000000000000000000000000)) (ite (= a2_0 #b00000000000000000000000000000000) #b00000000000000000000000000000001 #b00000000000000000000000000000000)) #b00000000000000000000000000000001)
(= v0_v2 (bvadd (bvadd (bvsdiv a2_0_1 v6_v0) (bvsub a2_0_2 v0_v1)) a2_0))
(not (bvsmulo a2_1_1 v6_v0))
(not (bvsdivo a2_1_2 v4_v0))
(not (bvssubo (bvmul a2_1_1 v6_v0) (bvsrem a2_1_2 v4_v0)))
(not (bvssubo (bvsub (bvmul a2_1_1 v6_v0) (bvsrem a2_1_2 v4_v0)) a2_1))
(bvsle (bvadd (bvadd (ite (= a2_1_1 #b00000000000000000000000000000000) #b00000000000000000000000000000001 #b00000000000000000000000000000000) (ite (= a2_1_2 #b00000000000000000000000000000000) #b00000000000000000000000000000001 #b00000000000000000000000000000000)) (ite (= a2_1 #b00000000000000000000000000000000) #b00000000000000000000000000000001 #b00000000000000000000000000000000)) #b00000000000000000000000000000001)
(= v7_v3 (bvsub (bvsub (bvmul a2_1_1 v6_v0) (bvsrem a2_1_2 v4_v0)) a2_1))
(not (bvsmulo b2_2_1 v0_v2))
(distinct v7_v3 #b00000000000000000000000000000000)
(not (bvsdivo b2_2_2 v7_v3))
(not (bvsaddo (bvmul b2_2_1 v0_v2) (bvsdiv b2_2_2 v7_v3)))
(not (bvsmulo b2_2_3 v6_v0))
(not (bvsaddo (bvadd (bvmul b2_2_1 v0_v2) (bvsdiv b2_2_2 v7_v3)) (bvmul b2_2_3 v6_v0)))
(not (bvsaddo (bvadd (bvadd (bvmul b2_2_1 v0_v2) (bvsdiv b2_2_2 v7_v3)) (bvmul b2_2_3 v6_v0)) b2_2))
(bvsle (bvadd (bvadd (bvadd (ite (= b2_2_1 #b00000000000000000000000000000000) #b00000000000000000000000000000001 #b00000000000000000000000000000000) (ite (= b2_2_2 #b00000000000000000000000000000000) #b00000000000000000000000000000001 #b00000000000000000000000000000000)) (ite (= b2_2_3 #b00000000000000000000000000000000) #b00000000000000000000000000000001 #b00000000000000000000000000000000)) (ite (= b2_2 #b00000000000000000000000000000000) #b00000000000000000000000000000001 #b00000000000000000000000000000000)) #b00000000000000000000000000000001)
(not (bvsgt (bvadd (bvadd (bvadd (bvmul b2_2_1 v0_v2) (bvsdiv b2_2_2 v7_v3)) (bvmul b2_2_3 v6_v0)) b2_2) #b00000000000000000000000000000000))
(not (bvssubo a14_0_1 v2_f0_v1))
(not (bvssubo a14_0_2 v6_v0))
(not (bvsaddo (bvsub a14_0_1 v2_f0_v1) (bvsub a14_0_2 v6_v0)))
(not (bvsaddo (bvadd (bvsub a14_0_1 v2_f0_v1) (bvsub a14_0_2 v6_v0)) a14_0))
(bvsle (bvadd (bvadd (ite (= a14_0_1 #b00000000000000000000000000000000) #b00000000000000000000000000000001 #b00000000000000000000000000000000) (ite (= a14_0_2 #b00000000000000000000000000000000) #b00000000000000000000000000000001 #b00000000000000000000000000000000)) (ite (= a14_0 #b00000000000000000000000000000000) #b00000000000000000000000000000001 #b00000000000000000000000000000000)) #b00000000000000000000000000000001)
(= v1_el1_v3 (bvadd (bvadd (bvsub a14_0_1 v2_f0_v1) (bvsub a14_0_2 v6_v0)) a14_0))
(not (bvssubo a14_1_1 v3_v1))
(distinct v1_el1_v3 #b00000000000000000000000000000000)
(not (bvsdivo a14_1_2 v1_el1_v3))
(not (bvsaddo (bvsub a14_1_1 v3_v1) (bvsdiv a14_1_2 v1_el1_v3)))
(not (bvsaddo (bvadd (bvsub a14_1_1 v3_v1) (bvsdiv a14_1_2 v1_el1_v3)) a14_1))
(bvsle (bvadd (bvadd (ite (= a14_1_1 #b00000000000000000000000000000000) #b00000000000000000000000000000001 #b00000000000000000000000000000000) (ite (= a14_1_2 #b00000000000000000000000000000000) #b00000000000000000000000000000001 #b00000000000000000000000000000000)) (ite (= a14_1 #b00000000000000000000000000000000) #b00000000000000000000000000000001 #b00000000000000000000000000000000)) #b00000000000000000000000000000001)
(= v3_v2 (bvadd (bvadd (bvsub a14_1_1 v3_v1) (bvsdiv a14_1_2 v1_el1_v3)) a14_1))
```
Constraint stats: asserted=115 addCalls=117 skippedTrue=0 deduped=2 ensureInRangeCalls=129 boundedAlready=0 uniqueConstraintIds=115 uniqueBoundedIds=0 (solverAsserted=0)
Bitwuzla check_sat time: 316ms
Bitwuzla statistics: preprocess::contradicting_ands::num_substs=0 preprocess::contradicting_ands::time_apply=0ms preprocess::elim_extract::num_elim=0 preprocess::elim_extract::time_apply=0ms preprocess::elim_lambda::time_apply=0ms preprocess::elim_udiv::num_eliminated=0 preprocess::elim_udiv::time_apply=0ms preprocess::embedded_constraints::num_substs=3 preprocess::embedded_constraints::time_apply=2ms preprocess::flatten_and::num_assertions=414 preprocess::flatten_and::num_flattened=352 preprocess::flatten_and::time_apply=0ms preprocess::lambda::num_elim=0 preprocess::normalize::num_common_normalizations=36 preprocess::normalize::num_normalizations=240 preprocess::normalize::num_normalized_assertions=0 preprocess::normalize::num_pass1=0 preprocess::normalize::num_pass2=0 preprocess::normalize::time_adder_chains=5ms preprocess::normalize::time_apply=116ms preprocess::normalize::time_compute_occs=1ms preprocess::normalize::time_normalize_add=1ms preprocess::normalize::time_normalize_mul=0ms preprocess::normalize::time_score=99ms preprocess::rewrite::time_apply=8ms preprocess::skeleton_preproc::cnf::clauses=1113 preprocess::skeleton_preproc::cnf::lits=1985 preprocess::skeleton_preproc::new_assertions=0 preprocess::skeleton_preproc::resets=1 preprocess::skeleton_preproc::time_apply=2ms preprocess::skeleton_preproc::time_encode=1ms preprocess::skeleton_preproc::time_fixed=0ms preprocess::skeleton_preproc::time_sat=0ms preprocess::uninterpreted::num_substs=0 preprocess::uninterpreted::time_apply=0ms preprocess::varsubst::normalize_bv_ineq::num_slt=0 preprocess::varsubst::normalize_bv_ineq::num_ult=0 preprocess::varsubst::normalize_eq::num_bv_concat=0 preprocess::varsubst::normalize_eq::num_gauss_elim=17 preprocess::varsubst::normalize_eq::num_linear_eq=17 preprocess::varsubst::num_substs=16 preprocess::varsubst::time_apply=4ms preprocess::varsubst::time_direct_cycle_check=0ms preprocess::varsubst::time_find_substitution=0ms preprocess::varsubst::time_find_vars=0ms preprocess::varsubst::time_register=0ms preprocess::varsubst::time_remove_cycles=0ms preprocess::varsubst::time_substitute=1ms preprocessor::num_iterations=2 preprocessor::time_preprocess=135ms preprocessor::time_process=0ms rewriter::(normalize)::num_evals=0 rewriter::(normalize)::num_rewrites=854 rewriter::(normalize)::rewrite::AND_SPECIAL_CONST=4 rewriter::(normalize)::rewrite::BV_ADD_EVAL=1 rewriter::(normalize)::rewrite::BV_ADD_SPECIAL_CONST=80 rewriter::(normalize)::rewrite::BV_EXTRACT_EVAL=1 rewriter::(normalize)::rewrite::BV_MUL_EVAL=5 rewriter::(normalize)::rewrite::BV_MUL_NEG=4 rewriter::(normalize)::rewrite::BV_MUL_ONES=31 rewriter::(normalize)::rewrite::BV_NEG_ELIM=33 rewriter::(normalize)::rewrite::BV_NOT_BV_NOT=103 rewriter::(normalize)::rewrite::EQUAL_EVAL=2 rewriter::(normalize)::rewrite::NORMALIZE_COMM=589 rewriter::(normalize)::rewrite::NOT_EVAL=1 rewriter::eval::BV_MUL_EVAL=3 rewriter::eval::BV_NEG_EVAL=2 rewriter::eval::BV_SHL_EVAL=3 rewriter::eval::EQUAL_EVAL=5 rewriter::eval::IMPLIES_EVAL=1 rewriter::num_evals=14 rewriter::num_rewrites=4184 rewriter::rewrite::BV_ADD_EVAL=2 rewriter::rewrite::BV_ADD_ITE2=60 rewriter::rewrite::BV_ADD_SPECIAL_CONST=68 rewriter::rewrite::BV_EXTRACT_ADD_MUL=20 rewriter::rewrite::BV_EXTRACT_EVAL=1 rewriter::rewrite::BV_EXTRACT_FULL=17 rewriter::rewrite::BV_MUL_ONE=16 rewriter::rewrite::BV_MUL_POW2=20 rewriter::rewrite::BV_NEG_ELIM=95 rewriter::rewrite::BV_NOT_BV_NOT=787 rewriter::rewrite::BV_NOT_EVAL=2 rewriter::rewrite::BV_OR_ELIM=590 rewriter::rewrite::BV_SADDO_ELIM=19 rewriter::rewrite::BV_SDIVO_ELIM=10 rewriter::rewrite::BV_SDIV_ELIM=5 rewriter::rewrite::BV_SGT_ELIM=1 rewriter::rewrite::BV_SHL_CONST=20 rewriter::rewrite::BV_SHL_SPECIAL_CONST=10 rewriter::rewrite::BV_SIGN_EXTEND_ELIM=34 rewriter::rewrite::BV_SLE_ELIM=17 rewriter::rewrite::BV_SMULO_ELIM=10 rewriter::rewrite::BV_SREM_ELIM=5 rewriter::rewrite::BV_SSUBO_ELIM=33 rewriter::rewrite::BV_SUB_ELIM=49 rewriter::rewrite::DISTINCT_ELIM=8 rewriter::rewrite::EQUAL_BV_SUB=37 rewriter::rewrite::EQUAL_CONST_BV_NOT=310 rewriter::rewrite::EQUAL_SPECIAL_CONST=20 rewriter::rewrite::EQUAL_TRUE=8 rewriter::rewrite::IMPLIES_ELIM=10 rewriter::rewrite::ITE_EVAL=3 rewriter::rewrite::NORMALIZE_COMM=1679 rewriter::rewrite::NOT_EQUAL_BV1_BOOL=114 rewriter::rewrite::NOT_NOT=52 rewriter::rewrite::OR_ELIM=52 solver::abstract::lemmas::MUL_NEG_POW2=8 solver::abstract::lemmas::MUL_POW2=2 solver::abstract::num_checks=2 solver::abstract::terms::BV_MUL=10 solver::abstract::terms::total=10 solver::abstract::time_check=3ms solver::array::equalities=0 solver::array::num_checks=0 solver::array::propagations=0 solver::array::propagations_down=0 solver::array::propagations_up=0 solver::array::selects=0 solver::array::time_check=0ms solver::bv::bitblast::aig::num_ands=163162 solver::bv::bitblast::aig::num_consts=2218 solver::bv::bitblast::aig::num_shared=19989 solver::bv::bitblast::aig::time_bitblast=22ms solver::bv::bitblast::cnf::num_clauses=424041 solver::bv::bitblast::cnf::num_literals=1020346 solver::bv::bitblast::cnf::num_vars=139059 solver::bv::bitblast::cnf::time_encode=127ms solver::bv::bitblast::sat::time_solve=22ms solver::bv::num_assertions=470 solver::bv::num_checks=2 solver::bv::time_check=150ms solver::engine::lemmas::abstr=10 solver::engine::lemmas::array=0 solver::engine::lemmas::fp=0 solver::engine::lemmas::fun=0 solver::engine::lemmas::quant=0 solver::engine::lemmas::total=10 solver::engine::time_register_term=0ms solver::engine::time_solve=180ms solver::fun::num_checks=1 solver::fun::time_check=0ms solver::quant::mbqi_checks=0 solver::quant::num_lemma_iterations=0 solver::quant::num_lemmas=0 solver::quant::time_check=0ms solver::quant::time_mbqi=0ms solver::quant::time_process=0ms solving_context::max_memory=125841408 solving_context::time_ensure_model=0ms solving_context::time_solve=316ms
SAT
Extract symbols: sym=init_var6, value=-1
Extract symbols: sym=init_var7, value=0
Extract symbols: sym=a0_0_1, value=-1
Extract symbols: sym=a0_0_2, value=-1
Extract symbols: sym=a0_0, value=-1
Extract symbols: sym=a0_1_1, value=-1
Extract symbols: sym=a0_1_2, value=-1
Extract symbols: sym=a0_1, value=0
Extract symbols: sym=a1_0_1, value=-1
Extract symbols: sym=a1_0_2, value=-1
Extract symbols: sym=a1_0, value=-1
Extract symbols: sym=a1_1_1, value=-1
Extract symbols: sym=a1_1_2, value=-1
Extract symbols: sym=a1_1, value=-2
Extract symbols: sym=b1_2_1, value=-1
Extract symbols: sym=b1_2_2, value=-1
Extract symbols: sym=b1_2_3, value=-1
Extract symbols: sym=b1_2, value=-1
Extract symbols: sym=a2_0_1, value=-1
Extract symbols: sym=a2_0_2, value=-1
Extract symbols: sym=a2_0, value=-1
Extract symbols: sym=a2_1_1, value=-1
Extract symbols: sym=a2_1_2, value=-1
Extract symbols: sym=a2_1, value=2
Extract symbols: sym=b2_2_1, value=-1
Extract symbols: sym=b2_2_2, value=-1
Extract symbols: sym=b2_2_3, value=-1
Extract symbols: sym=b2_2, value=-2
Extract symbols: sym=a3_0_1, value=0
Extract symbols: sym=a3_0_2, value=0
Extract symbols: sym=a3_0, value=0
Extract symbols: sym=a3_1_1, value=0
Extract symbols: sym=a3_1_2, value=0
Extract symbols: sym=a3_1, value=0
Extract symbols: sym=b3_2_1, value=0
Extract symbols: sym=b3_2_2, value=0
Extract symbols: sym=b3_2_3, value=0
Extract symbols: sym=b3_2, value=0
Extract symbols: sym=a4_0_1, value=0
Extract symbols: sym=a4_0_2, value=0
Extract symbols: sym=a4_0, value=0
Extract symbols: sym=a4_1_1, value=0
Extract symbols: sym=a4_1_2, value=0
Extract symbols: sym=a4_1, value=0
Extract symbols: sym=b4_2_1, value=0
Extract symbols: sym=b4_2_2, value=0
Extract symbols: sym=b4_2_3, value=0
Extract symbols: sym=b4_2, value=0
Extract symbols: sym=a5_0_1, value=2
Extract symbols: sym=a5_0_2, value=-1
Extract symbols: sym=a5_0, value=-1
Extract symbols: sym=a5_1_1, value=-1
Extract symbols: sym=a5_1_2, value=-1
Extract symbols: sym=a5_1, value=-1
Extract symbols: sym=b5_2_1, value=-1
Extract symbols: sym=b5_2_2, value=-3
Extract symbols: sym=b5_2_3, value=-1
Extract symbols: sym=b5_2, value=-1
Extract symbols: sym=a6_0_1, value=0
Extract symbols: sym=a6_0_2, value=0
Extract symbols: sym=a6_0, value=0
Extract symbols: sym=a6_1_1, value=0
Extract symbols: sym=a6_1_2, value=0
Extract symbols: sym=a6_1, value=0
Extract symbols: sym=b6_2_1, value=0
Extract symbols: sym=b6_2_2, value=0
Extract symbols: sym=b6_2_3, value=0
Extract symbols: sym=b6_2, value=0
Extract symbols: sym=a7_0_1, value=-1
Extract symbols: sym=a7_0_2, value=-1
Extract symbols: sym=a7_0, value=-1
Extract symbols: sym=a7_1_1, value=-1
Extract symbols: sym=a7_1_2, value=-1
Extract symbols: sym=a7_1, value=-1
Extract symbols: sym=b7_2_1, value=-1
Extract symbols: sym=b7_2_2, value=2
Extract symbols: sym=b7_2_3, value=-1
Extract symbols: sym=b7_2, value=-1
Extract symbols: sym=a8_0_1, value=0
Extract symbols: sym=a8_0_2, value=0
Extract symbols: sym=a8_0, value=0
Extract symbols: sym=a8_1_1, value=0
Extract symbols: sym=a8_1_2, value=0
Extract symbols: sym=a8_1, value=0
Extract symbols: sym=b8_2_1, value=0
Extract symbols: sym=b8_2_2, value=0
Extract symbols: sym=b8_2_3, value=0
Extract symbols: sym=b8_2, value=0
Extract symbols: sym=a9_0_1, value=0
Extract symbols: sym=a9_0_2, value=0
Extract symbols: sym=a9_0, value=0
Extract symbols: sym=a9_1_1, value=0
Extract symbols: sym=a9_1_2, value=0
Extract symbols: sym=a9_1, value=0
Extract symbols: sym=b9_2_1, value=0
Extract symbols: sym=b9_2_2, value=0
Extract symbols: sym=b9_2_3, value=0
Extract symbols: sym=b9_2, value=0
Extract symbols: sym=a10_0_1, value=0
Extract symbols: sym=a10_0_2, value=0
Extract symbols: sym=a10_0, value=0
Extract symbols: sym=a10_1_1, value=0
Extract symbols: sym=a10_1_2, value=0
Extract symbols: sym=a10_1, value=0
Extract symbols: sym=b10_2_1, value=0
Extract symbols: sym=b10_2_2, value=0
Extract symbols: sym=b10_2_3, value=0
Extract symbols: sym=b10_2, value=0
Extract symbols: sym=a11_0_1, value=0
Extract symbols: sym=a11_0_2, value=0
Extract symbols: sym=a11_0, value=0
Extract symbols: sym=a11_1_1, value=0
Extract symbols: sym=a11_1_2, value=0
Extract symbols: sym=a11_1, value=0
Extract symbols: sym=a12_0_1, value=0
Extract symbols: sym=a12_0_2, value=0
Extract symbols: sym=a12_0, value=0
Extract symbols: sym=a12_1_1, value=0
Extract symbols: sym=a12_1_2, value=0
Extract symbols: sym=a12_1, value=0
Extract symbols: sym=a13_0_1, value=0
Extract symbols: sym=a13_0_2, value=0
Extract symbols: sym=a13_0, value=0
Extract symbols: sym=a13_1_1, value=0
Extract symbols: sym=a13_1_2, value=0
Extract symbols: sym=a13_1, value=0
Extract symbols: sym=a14_0_1, value=-1
Extract symbols: sym=a14_0_2, value=-1
Extract symbols: sym=a14_0, value=-1
Extract symbols: sym=a14_1_1, value=-1
Extract symbols: sym=a14_1_2, value=-1
Extract symbols: sym=a14_1, value=-1
Extract initialization: param=v0, value=-1
Extract initialization: param=v1, value=-1
Extract initialization: param=v1, value=-1
Extract initialization: param=v2, value=-1
Extract initialization: param=v3, value=-1
Extract initialization: param=v4, value=-1
Extract initialization: param=v5, value=-1
Extract initialization: param=v5, value=3
Extract finalization: param=v0, value=0
Extract finalization: param=v1, value=-1
Extract finalization: param=v1, value=-1
Extract finalization: param=v2, value=-1
Extract finalization: param=v3, value=0
Extract finalization: param=v4, value=-1
Extract finalization: param=v5, value=-1
Extract finalization: param=v5, value=-4
------SymExec: Iteration 1----------------------------------------------
Generating or re-generating UB-free constraints
Initial constraints: 
```
(bvsle (bvadd (bvadd (bvadd (bvadd (bvadd (bvadd (bvadd (ite (= v0_v0 #b00000000000000000000000000000000) #b00000000000000000000000000000001 #b00000000000000000000000000000000) (ite (= v1_el0_v0 #b00000000000000000000000000000000) #b00000000000000000000000000000001 #b00000000000000000000000000000000)) (ite (= v1_el1_v0 #b00000000000000000000000000000000) #b00000000000000000000000000000001 #b00000000000000000000000000000000)) (ite (= v2_f0_v0 #b00000000000000000000000000000000) #b00000000000000000000000000000001 #b00000000000000000000000000000000)) (ite (= v3_v0 #b00000000000000000000000000000000) #b00000000000000000000000000000001 #b00000000000000000000000000000000)) (ite (= v4_v0 #b00000000000000000000000000000000) #b00000000000000000000000000000001 #b00000000000000000000000000000000)) (ite (= v5_el0_v0 #b00000000000000000000000000000000) #b00000000000000000000000000000001 #b00000000000000000000000000000000)) (ite (= v5_el1_v0 #b00000000000000000000000000000000) #b00000000000000000000000000000001 #b00000000000000000000000000000000)) #b00000000000000000000000000000100)
```
Final constraints: 
```
(bvsle (bvadd (bvadd (bvadd (bvadd (bvadd (bvadd (bvadd (ite (= v0_v0 #b00000000000000000000000000000000) #b00000000000000000000000000000001 #b00000000000000000000000000000000) (ite (= v1_el0_v0 #b00000000000000000000000000000000) #b00000000000000000000000000000001 #b00000000000000000000000000000000)) (ite (= v1_el1_v0 #b00000000000000000000000000000000) #b00000000000000000000000000000001 #b00000000000000000000000000000000)) (ite (= v2_f0_v0 #b00000000000000000000000000000000) #b00000000000000000000000000000001 #b00000000000000000000000000000000)) (ite (= v3_v0 #b00000000000000000000000000000000) #b00000000000000000000000000000001 #b00000000000000000000000000000000)) (ite (= v4_v0 #b00000000000000000000000000000000) #b00000000000000000000000000000001 #b00000000000000000000000000000000)) (ite (= v5_el0_v0 #b00000000000000000000000000000000) #b00000000000000000000000000000001 #b00000000000000000000000000000000)) (ite (= v5_el1_v0 #b00000000000000000000000000000000) #b00000000000000000000000000000001 #b00000000000000000000000000000000)) #b00000000000000000000000000000100)
(= v6_v0 #b11111111111111111111111111111111)
(= v7_v0 #b00000000000000000000000000000000)
(not (bvsaddo #b11111111111111111111111111111111 v4_v0))
(not (bvssubo #b11111111111111111111111111111111 v0_v0))
(not (bvssubo (bvadd #b11111111111111111111111111111111 v4_v0) (bvsub #b11111111111111111111111111111111 v0_v0)))
(not (bvssubo (bvsub (bvadd #b11111111111111111111111111111111 v4_v0) (bvsub #b11111111111111111111111111111111 v0_v0)) #b11111111111111111111111111111111))
(let ((_let0 (ite (= #b11111111111111111111111111111111 #b00000000000000000000000000000000) #b00000000000000000000000000000001 #b00000000000000000000000000000000))) (bvsle (bvadd (bvadd _let0 _let0) _let0) #b00000000000000000000000000000001))
(= v7_v1 (bvsub (bvsub (bvadd #b11111111111111111111111111111111 v4_v0) (bvsub #b11111111111111111111111111111111 v0_v0)) #b11111111111111111111111111111111))
(distinct v5_el1_v0 #b00000000000000000000000000000000)
(not (bvsdivo #b11111111111111111111111111111111 v5_el1_v0))
(distinct v4_v0 #b00000000000000000000000000000000)
(not (bvsdivo #b11111111111111111111111111111111 v4_v0))
(not (bvssubo (bvsrem #b11111111111111111111111111111111 v5_el1_v0) (bvsrem #b11111111111111111111111111111111 v4_v0)))
(not (bvssubo (bvsub (bvsrem #b11111111111111111111111111111111 v5_el1_v0) (bvsrem #b11111111111111111111111111111111 v4_v0)) #b00000000000000000000000000000000))
(let ((_let0 (ite (= #b11111111111111111111111111111111 #b00000000000000000000000000000000) #b00000000000000000000000000000001 #b00000000000000000000000000000000))) (bvsle (bvadd (bvadd _let0 _let0) (ite (= #b00000000000000000000000000000000 #b00000000000000000000000000000000) #b00000000000000000000000000000001 #b00000000000000000000000000000000)) #b00000000000000000000000000000001))
(= v2_f0_v1 (bvsub (bvsub (bvsrem #b11111111111111111111111111111111 v5_el1_v0) (bvsrem #b11111111111111111111111111111111 v4_v0)) #b00000000000000000000000000000000))
(distinct v0_v0 #b00000000000000000000000000000000)
(not (bvsdivo #b11111111111111111111111111111111 v0_v0))
(not (bvsaddo #b11111111111111111111111111111111 v5_el1_v0))
(not (bvssubo (bvsrem #b11111111111111111111111111111111 v0_v0) (bvadd #b11111111111111111111111111111111 v5_el1_v0)))
(not (bvssubo (bvsub (bvsrem #b11111111111111111111111111111111 v0_v0) (bvadd #b11111111111111111111111111111111 v5_el1_v0)) #b11111111111111111111111111111111))
(= v1_el1_v1 (bvsub (bvsub (bvsrem #b11111111111111111111111111111111 v0_v0) (bvadd #b11111111111111111111111111111111 v5_el1_v0)) #b11111111111111111111111111111111))
(not (bvsmulo #b11111111111111111111111111111111 v1_el1_v1))
(not (bvsmulo #b11111111111111111111111111111111 v7_v1))
(not (bvsaddo (bvmul #b11111111111111111111111111111111 v1_el1_v1) (bvmul #b11111111111111111111111111111111 v7_v1)))
(not (bvsaddo (bvadd (bvmul #b11111111111111111111111111111111 v1_el1_v1) (bvmul #b11111111111111111111111111111111 v7_v1)) #b11111111111111111111111111111111))
(= v7_v2 (bvadd (bvadd (bvmul #b11111111111111111111111111111111 v1_el1_v1) (bvmul #b11111111111111111111111111111111 v7_v1)) #b11111111111111111111111111111111))
(not (bvssubo #b00000000000000000000000000000010 v7_v2))
(not (bvssubo (bvmul #b11111111111111111111111111111111 v1_el1_v1) (bvsub #b00000000000000000000000000000010 v7_v2)))
(distinct v6_v0 #b00000000000000000000000000000000)
(not (bvsdivo #b11111111111111111111111111111111 v6_v0))
(not (bvssubo (bvsub (bvmul #b11111111111111111111111111111111 v1_el1_v1) (bvsub #b00000000000000000000000000000010 v7_v2)) (bvsdiv #b11111111111111111111111111111111 v6_v0)))
(not (bvssubo (bvsub (bvsub (bvmul #b11111111111111111111111111111111 v1_el1_v1) (bvsub #b00000000000000000000000000000010 v7_v2)) (bvsdiv #b11111111111111111111111111111111 v6_v0)) #b11111111111111111111111111111111))
(let ((_let0 (ite (= #b11111111111111111111111111111111 #b00000000000000000000000000000000) #b00000000000000000000000000000001 #b00000000000000000000000000000000))) (bvsle (bvadd (bvadd (bvadd _let0 (ite (= #b00000000000000000000000000000010 #b00000000000000000000000000000000) #b00000000000000000000000000000001 #b00000000000000000000000000000000)) _let0) _let0) #b00000000000000000000000000000001))
(= (bvsub (bvsub (bvsub (bvmul #b11111111111111111111111111111111 v1_el1_v1) (bvsub #b00000000000000000000000000000010 v7_v2)) (bvsdiv #b11111111111111111111111111111111 v6_v0)) #b11111111111111111111111111111111) #b00000000000000000000000000000000)
(not (bvsaddo #b11111111111111111111111111111111 v0_v0))
(not (bvsaddo #b11111111111111111111111111111111 v7_v2))
(not (bvssubo (bvadd #b11111111111111111111111111111111 v0_v0) (bvadd #b11111111111111111111111111111111 v7_v2)))
(not (bvssubo (bvsub (bvadd #b11111111111111111111111111111111 v0_v0) (bvadd #b11111111111111111111111111111111 v7_v2)) #b11111111111111111111111111111111))
(= v0_v1 (bvsub (bvsub (bvadd #b11111111111111111111111111111111 v0_v0) (bvadd #b11111111111111111111111111111111 v7_v2)) #b11111111111111111111111111111111))
(not (bvsmulo #b11111111111111111111111111111111 v7_v2))
(not (bvssubo (bvmul #b11111111111111111111111111111111 v7_v2) (bvadd #b11111111111111111111111111111111 v5_el1_v0)))
(not (bvssubo (bvsub (bvmul #b11111111111111111111111111111111 v7_v2) (bvadd #b11111111111111111111111111111111 v5_el1_v0)) #b11111111111111111111111111111110))
(let ((_let0 (ite (= #b11111111111111111111111111111111 #b00000000000000000000000000000000) #b00000000000000000000000000000001 #b00000000000000000000000000000000))) (bvsle (bvadd (bvadd _let0 _let0) (ite (= #b11111111111111111111111111111110 #b00000000000000000000000000000000) #b00000000000000000000000000000001 #b00000000000000000000000000000000)) #b00000000000000000000000000000001))
(= v1_el1_v2 (bvsub (bvsub (bvmul #b11111111111111111111111111111111 v7_v2) (bvadd #b11111111111111111111111111111111 v5_el1_v0)) #b11111111111111111111111111111110))
(not (bvsmulo #b11111111111111111111111111111111 v0_v1))
(not (bvssubo #b11111111111111111111111111111111 v1_el1_v2))
(not (bvssubo (bvmul #b11111111111111111111111111111111 v0_v1) (bvsub #b11111111111111111111111111111111 v1_el1_v2)))
(not (bvsmulo #b11111111111111111111111111111111 v4_v0))
(not (bvssubo (bvsub (bvmul #b11111111111111111111111111111111 v0_v1) (bvsub #b11111111111111111111111111111111 v1_el1_v2)) (bvmul #b11111111111111111111111111111111 v4_v0)))
(not (bvssubo (bvsub (bvsub (bvmul #b11111111111111111111111111111111 v0_v1) (bvsub #b11111111111111111111111111111111 v1_el1_v2)) (bvmul #b11111111111111111111111111111111 v4_v0)) #b11111111111111111111111111111111))
(let ((_let0 (ite (= #b11111111111111111111111111111111 #b00000000000000000000000000000000) #b00000000000000000000000000000001 #b00000000000000000000000000000000))) (bvsle (bvadd (bvadd (bvadd _let0 _let0) _let0) _let0) #b00000000000000000000000000000001))
(not (= (bvsub (bvsub (bvsub (bvmul #b11111111111111111111111111111111 v0_v1) (bvsub #b11111111111111111111111111111111 v1_el1_v2)) (bvmul #b11111111111111111111111111111111 v4_v0)) #b11111111111111111111111111111111) #b00000000000000000000000000000000))
(not (bvssubo #b00000000000000000000000000000010 v5_el1_v0))
(distinct v1_el1_v2 #b00000000000000000000000000000000)
(not (bvsdivo #b11111111111111111111111111111111 v1_el1_v2))
(not (bvssubo (bvsub #b00000000000000000000000000000010 v5_el1_v0) (bvsdiv #b11111111111111111111111111111111 v1_el1_v2)))
(not (bvssubo (bvsub (bvsub #b00000000000000000000000000000010 v5_el1_v0) (bvsdiv #b11111111111111111111111111111111 v1_el1_v2)) #b11111111111111111111111111111111))
(let ((_let0 (ite (= #b11111111111111111111111111111111 #b00000000000000000000000000000000) #b00000000000000000000000000000001 #b00000000000000000000000000000000))) (bvsle (bvadd (bvadd (ite (= #b00000000000000000000000000000010 #b00000000000000000000000000000000) #b00000000000000000000000000000001 #b00000000000000000000000000000000) _let0) _let0) #b00000000000000000000000000000001))
(= v3_v1 (bvsub (bvsub (bvsub #b00000000000000000000000000000010 v5_el1_v0) (bvsdiv #b11111111111111111111111111111111 v1_el1_v2)) #b11111111111111111111111111111111))
(not (bvsaddo #b11111111111111111111111111111111 v6_v0))
(not (bvsaddo (bvadd #b11111111111111111111111111111111 v6_v0) (bvmul #b11111111111111111111111111111111 v7_v2)))
(not (bvsaddo (bvadd (bvadd #b11111111111111111111111111111111 v6_v0) (bvmul #b11111111111111111111111111111111 v7_v2)) #b11111111111111111111111111111111))
(= v5_el1_v1 (bvadd (bvadd (bvadd #b11111111111111111111111111111111 v6_v0) (bvmul #b11111111111111111111111111111111 v7_v2)) #b11111111111111111111111111111111))
(distinct v3_v1 #b00000000000000000000000000000000)
(not (bvsdivo #b11111111111111111111111111111111 v3_v1))
(not (bvssubo #b11111111111111111111111111111101 v5_el1_v1))
(not (bvssubo (bvsrem #b11111111111111111111111111111111 v3_v1) (bvsub #b11111111111111111111111111111101 v5_el1_v1)))
(not (bvssubo #b11111111111111111111111111111111 v2_f0_v1))
(not (bvssubo (bvsub (bvsrem #b11111111111111111111111111111111 v3_v1) (bvsub #b11111111111111111111111111111101 v5_el1_v1)) (bvsub #b11111111111111111111111111111111 v2_f0_v1)))
(not (bvssubo (bvsub (bvsub (bvsrem #b11111111111111111111111111111111 v3_v1) (bvsub #b11111111111111111111111111111101 v5_el1_v1)) (bvsub #b11111111111111111111111111111111 v2_f0_v1)) #b11111111111111111111111111111111))
(let ((_let0 (ite (= #b11111111111111111111111111111111 #b00000000000000000000000000000000) #b00000000000000000000000000000001 #b00000000000000000000000000000000))) (bvsle (bvadd (bvadd (bvadd _let0 (ite (= #b11111111111111111111111111111101 #b00000000000000000000000000000000) #b00000000000000000000000000000001 #b00000000000000000000000000000000)) _let0) _let0) #b00000000000000000000000000000001))
(= (bvsub (bvsub (bvsub (bvsrem #b11111111111111111111111111111111 v3_v1) (bvsub #b11111111111111111111111111111101 v5_el1_v1)) (bvsub #b11111111111111111111111111111111 v2_f0_v1)) #b11111111111111111111111111111111) #b00000000000000000000000000000000)
(not (bvssubo #b11111111111111111111111111111111 v0_v1))
(not (bvsaddo (bvsdiv #b11111111111111111111111111111111 v6_v0) (bvsub #b11111111111111111111111111111111 v0_v1)))
(not (bvsaddo (bvadd (bvsdiv #b11111111111111111111111111111111 v6_v0) (bvsub #b11111111111111111111111111111111 v0_v1)) #b11111111111111111111111111111111))
(= v0_v2 (bvadd (bvadd (bvsdiv #b11111111111111111111111111111111 v6_v0) (bvsub #b11111111111111111111111111111111 v0_v1)) #b11111111111111111111111111111111))
(not (bvsmulo #b11111111111111111111111111111111 v6_v0))
(not (bvssubo (bvmul #b11111111111111111111111111111111 v6_v0) (bvsrem #b11111111111111111111111111111111 v4_v0)))
(not (bvssubo (bvsub (bvmul #b11111111111111111111111111111111 v6_v0) (bvsrem #b11111111111111111111111111111111 v4_v0)) #b00000000000000000000000000000010))
(let ((_let0 (ite (= #b11111111111111111111111111111111 #b00000000000000000000000000000000) #b00000000000000000000000000000001 #b00000000000000000000000000000000))) (bvsle (bvadd (bvadd _let0 _let0) (ite (= #b00000000000000000000000000000010 #b00000000000000000000000000000000) #b00000000000000000000000000000001 #b00000000000000000000000000000000)) #b00000000000000000000000000000001))
(= v7_v3 (bvsub (bvsub (bvmul #b11111111111111111111111111111111 v6_v0) (bvsrem #b11111111111111111111111111111111 v4_v0)) #b00000000000000000000000000000010))
(not (bvsmulo #b11111111111111111111111111111111 v0_v2))
(distinct v7_v3 #b00000000000000000000000000000000)
(not (bvsdivo #b11111111111111111111111111111111 v7_v3))
(not (bvsaddo (bvmul #b11111111111111111111111111111111 v0_v2) (bvsdiv #b11111111111111111111111111111111 v7_v3)))
(not (bvsaddo (bvadd (bvmul #b11111111111111111111111111111111 v0_v2) (bvsdiv #b11111111111111111111111111111111 v7_v3)) (bvmul #b11111111111111111111111111111111 v6_v0)))
(not (bvsaddo (bvadd (bvadd (bvmul #b11111111111111111111111111111111 v0_v2) (bvsdiv #b11111111111111111111111111111111 v7_v3)) (bvmul #b11111111111111111111111111111111 v6_v0)) #b11111111111111111111111111111110))
(let ((_let0 (ite (= #b11111111111111111111111111111111 #b00000000000000000000000000000000) #b00000000000000000000000000000001 #b00000000000000000000000000000000))) (bvsle (bvadd (bvadd (bvadd _let0 _let0) _let0) (ite (= #b11111111111111111111111111111110 #b00000000000000000000000000000000) #b00000000000000000000000000000001 #b00000000000000000000000000000000)) #b00000000000000000000000000000001))
(not (bvsgt (bvadd (bvadd (bvadd (bvmul #b11111111111111111111111111111111 v0_v2) (bvsdiv #b11111111111111111111111111111111 v7_v3)) (bvmul #b11111111111111111111111111111111 v6_v0)) #b11111111111111111111111111111110) #b00000000000000000000000000000000))
(not (bvssubo #b11111111111111111111111111111111 v6_v0))
(not (bvsaddo (bvsub #b11111111111111111111111111111111 v2_f0_v1) (bvsub #b11111111111111111111111111111111 v6_v0)))
(not (bvsaddo (bvadd (bvsub #b11111111111111111111111111111111 v2_f0_v1) (bvsub #b11111111111111111111111111111111 v6_v0)) #b11111111111111111111111111111111))
(= v1_el1_v3 (bvadd (bvadd (bvsub #b11111111111111111111111111111111 v2_f0_v1) (bvsub #b11111111111111111111111111111111 v6_v0)) #b11111111111111111111111111111111))
(not (bvssubo #b11111111111111111111111111111111 v3_v1))
(distinct v1_el1_v3 #b00000000000000000000000000000000)
(not (bvsdivo #b11111111111111111111111111111111 v1_el1_v3))
(not (bvsaddo (bvsub #b11111111111111111111111111111111 v3_v1) (bvsdiv #b11111111111111111111111111111111 v1_el1_v3)))
(not (bvsaddo (bvadd (bvsub #b11111111111111111111111111111111 v3_v1) (bvsdiv #b11111111111111111111111111111111 v1_el1_v3)) #b11111111111111111111111111111111))
(= v3_v2 (bvadd (bvadd (bvsub #b11111111111111111111111111111111 v3_v1) (bvsdiv #b11111111111111111111111111111111 v1_el1_v3)) #b11111111111111111111111111111111))
(bvsle (bvadd (bvadd (bvadd (bvadd (bvadd (bvadd (bvadd (ite (= (ite (distinct v0_v0 #b11111111111111111111111111111111) #b00000000000000000000000000000001 #b00000000000000000000000000000000) #b00000000000000000000000000000000) #b00000000000000000000000000000001 #b00000000000000000000000000000000) (ite (= (ite (distinct v1_el0_v0 #b11111111111111111111111111111111) #b00000000000000000000000000000001 #b00000000000000000000000000000000) #b00000000000000000000000000000000) #b00000000000000000000000000000001 #b00000000000000000000000000000000)) (ite (= (ite (distinct v1_el1_v0 #b11111111111111111111111111111111) #b00000000000000000000000000000001 #b00000000000000000000000000000000) #b00000000000000000000000000000000) #b00000000000000000000000000000001 #b00000000000000000000000000000000)) (ite (= (ite (distinct v2_f0_v0 #b11111111111111111111111111111111) #b00000000000000000000000000000001 #b00000000000000000000000000000000) #b00000000000000000000000000000000) #b00000000000000000000000000000001 #b00000000000000000000000000000000)) (ite (= (ite (distinct v3_v0 #b11111111111111111111111111111111) #b00000000000000000000000000000001 #b00000000000000000000000000000000) #b00000000000000000000000000000000) #b00000000000000000000000000000001 #b00000000000000000000000000000000)) (ite (= (ite (distinct v4_v0 #b11111111111111111111111111111111) #b00000000000000000000000000000001 #b00000000000000000000000000000000) #b00000000000000000000000000000000) #b00000000000000000000000000000001 #b00000000000000000000000000000000)) (ite (= (ite (distinct v5_el0_v0 #b11111111111111111111111111111111) #b00000000000000000000000000000001 #b00000000000000000000000000000000) #b00000000000000000000000000000000) #b00000000000000000000000000000001 #b00000000000000000000000000000000)) (ite (= (ite (distinct v5_el1_v0 #b00000000000000000000000000000011) #b00000000000000000000000000000001 #b00000000000000000000000000000000) #b00000000000000000000000000000000) #b00000000000000000000000000000001 #b00000000000000000000000000000000)) #b00000000000000000000000000000011)
```
Constraint stats: asserted=102 addCalls=118 skippedTrue=0 deduped=16 ensureInRangeCalls=129 boundedAlready=0 uniqueConstraintIds=102 uniqueBoundedIds=0 (solverAsserted=0)
Bitwuzla check_sat time: 316ms
Bitwuzla statistics: preprocess::contradicting_ands::num_substs=0 preprocess::contradicting_ands::time_apply=0ms preprocess::elim_extract::num_elim=0 preprocess::elim_extract::time_apply=0ms preprocess::elim_lambda::time_apply=0ms preprocess::elim_udiv::num_eliminated=0 preprocess::elim_udiv::time_apply=0ms preprocess::embedded_constraints::num_substs=3 preprocess::embedded_constraints::time_apply=0ms preprocess::flatten_and::num_assertions=40 preprocess::flatten_and::num_flattened=20 preprocess::flatten_and::time_apply=0ms preprocess::lambda::num_elim=0 preprocess::normalize::num_common_normalizations=2 preprocess::normalize::num_normalizations=156 preprocess::normalize::num_normalized_assertions=0 preprocess::normalize::num_pass1=0 preprocess::normalize::num_pass2=0 preprocess::normalize::time_adder_chains=2ms preprocess::normalize::time_apply=21ms preprocess::normalize::time_compute_occs=1ms preprocess::normalize::time_normalize_add=0ms preprocess::normalize::time_normalize_mul=0ms preprocess::normalize::time_score=16ms preprocess::rewrite::time_apply=1ms preprocess::skeleton_preproc::cnf::clauses=344 preprocess::skeleton_preproc::cnf::lits=696 preprocess::skeleton_preproc::new_assertions=0 preprocess::skeleton_preproc::resets=1 preprocess::skeleton_preproc::time_apply=1ms preprocess::skeleton_preproc::time_encode=1ms preprocess::skeleton_preproc::time_fixed=0ms preprocess::skeleton_preproc::time_sat=0ms preprocess::uninterpreted::num_substs=0 preprocess::uninterpreted::time_apply=0ms preprocess::varsubst::normalize_bv_ineq::num_slt=0 preprocess::varsubst::normalize_bv_ineq::num_ult=0 preprocess::varsubst::normalize_eq::num_bv_concat=0 preprocess::varsubst::normalize_eq::num_gauss_elim=2 preprocess::varsubst::normalize_eq::num_linear_eq=2 preprocess::varsubst::num_substs=14 preprocess::varsubst::time_apply=1ms preprocess::varsubst::time_direct_cycle_check=0ms preprocess::varsubst::time_find_substitution=0ms preprocess::varsubst::time_find_vars=0ms preprocess::varsubst::time_register=0ms preprocess::varsubst::time_remove_cycles=0ms preprocess::varsubst::time_substitute=0ms preprocessor::num_iterations=2 preprocessor::time_preprocess=27ms preprocessor::time_process=0ms rewriter::(normalize)::num_evals=0 rewriter::(normalize)::num_rewrites=411 rewriter::(normalize)::rewrite::BV_ADD_CONST=32 rewriter::(normalize)::rewrite::BV_ADD_EVAL=23 rewriter::(normalize)::rewrite::BV_ADD_SPECIAL_CONST=22 rewriter::(normalize)::rewrite::BV_MUL_EVAL=9 rewriter::(normalize)::rewrite::BV_MUL_ONES=14 rewriter::(normalize)::rewrite::BV_NEG_ELIM=14 rewriter::(normalize)::rewrite::BV_NOT_BV_NOT=44 rewriter::(normalize)::rewrite::NORMALIZE_COMM=252 rewriter::(normalize)::rewrite::NORM_FACT_BV_ADD_MUL=1 rewriter::num_evals=0 rewriter::num_rewrites=1880 rewriter::rewrite::AND_EVAL=2 rewriter::rewrite::AND_SPECIAL_CONST=154 rewriter::rewrite::BV_ADD_CONST=23 rewriter::rewrite::BV_ADD_EVAL=14 rewriter::rewrite::BV_ADD_ITE2=16 rewriter::rewrite::BV_ADD_SPECIAL_CONST=31 rewriter::rewrite::BV_AND_EVAL=1 rewriter::rewrite::BV_AND_SPECIAL_CONST=217 rewriter::rewrite::BV_CONCAT_EVAL=2 rewriter::rewrite::BV_EXTRACT_ADD_MUL=7 rewriter::rewrite::BV_EXTRACT_EVAL=40 rewriter::rewrite::BV_EXTRACT_FULL=7 rewriter::rewrite::BV_MUL_ONE=1 rewriter::rewrite::BV_MUL_ONES=14 rewriter::rewrite::BV_MUL_POW2=10 rewriter::rewrite::BV_NEG_ELIM=47 rewriter::rewrite::BV_NOT_BV_NEG=6 rewriter::rewrite::BV_NOT_BV_NOT=109 rewriter::rewrite::BV_NOT_EVAL=8 rewriter::rewrite::BV_OR_ELIM=8 rewriter::rewrite::BV_SADDO_ELIM=18 rewriter::rewrite::BV_SDIVO_ELIM=8 rewriter::rewrite::BV_SDIV_ELIM=4 rewriter::rewrite::BV_SGT_ELIM=1 rewriter::rewrite::BV_SHL_CONST=10 rewriter::rewrite::BV_SIGN_EXTEND_ELIM=16 rewriter::rewrite::BV_SLE_ELIM=4 rewriter::rewrite::BV_SLT_EVAL=2 rewriter::rewrite::BV_SMULO_ELIM=7 rewriter::rewrite::BV_SREM_ELIM=4 rewriter::rewrite::BV_SSUBO_ELIM=32 rewriter::rewrite::BV_SUB_ELIM=33 rewriter::rewrite::BV_UDIV_EVAL=1 rewriter::rewrite::BV_XOR_EVAL=1 rewriter::rewrite::BV_XOR_SPECIAL_CONST=4 rewriter::rewrite::DISTINCT_ELIM=16 rewriter::rewrite::EQUAL_BV_ADD_ADD=1 rewriter::rewrite::EQUAL_BV_SUB=9 rewriter::rewrite::EQUAL_CONST_BV_ADD=7 rewriter::rewrite::EQUAL_CONST_BV_NOT=5 rewriter::rewrite::EQUAL_EVAL=13 rewriter::rewrite::EQUAL_ITE_SAME=8 rewriter::rewrite::EQUAL_SPECIAL_CONST=7 rewriter::rewrite::EQUAL_TRUE=11 rewriter::rewrite::ITE_EVAL=13 rewriter::rewrite::NORMALIZE_COMM=764 rewriter::rewrite::NOT_EQUAL_BV1_BOOL=47 rewriter::rewrite::NOT_EVAL=1 rewriter::rewrite::NOT_NOT=58 rewriter::rewrite::OR_ELIM=58 solver::abstract::num_checks=1 solver::abstract::terms::total=0 solver::abstract::time_check=0ms solver::array::equalities=0 solver::array::num_checks=0 solver::array::propagations=0 solver::array::propagations_down=0 solver::array::propagations_up=0 solver::array::selects=0 solver::array::time_check=0ms solver::bv::bitblast::aig::num_ands=70999 solver::bv::bitblast::aig::num_consts=256 solver::bv::bitblast::aig::num_shared=14904 solver::bv::bitblast::aig::time_bitblast=7ms solver::bv::bitblast::cnf::num_clauses=173520 solver::bv::bitblast::cnf::num_literals=423879 solver::bv::bitblast::cnf::num_vars=55541 solver::bv::bitblast::cnf::time_encode=38ms solver::bv::bitblast::sat::time_solve=241ms solver::bv::num_assertions=81 solver::bv::num_checks=1 solver::bv::time_check=280ms solver::engine::lemmas::abstr=0 solver::engine::lemmas::array=0 solver::engine::lemmas::fp=0 solver::engine::lemmas::fun=0 solver::engine::lemmas::quant=0 solver::engine::lemmas::total=0 solver::engine::time_register_term=0ms solver::engine::time_solve=289ms solver::fun::num_checks=1 solver::fun::time_check=0ms solver::quant::mbqi_checks=0 solver::quant::num_lemma_iterations=0 solver::quant::num_lemmas=0 solver::quant::time_check=0ms solver::quant::time_mbqi=0ms solver::quant::time_process=0ms solving_context::max_memory=125841408 solving_context::time_ensure_model=0ms solving_context::time_solve=316ms
SAT
Extract initialization: param=v0, value=-1
Extract initialization: param=v1, value=-5
Extract initialization: param=v1, value=-2
Extract initialization: param=v2, value=-3
Extract initialization: param=v3, value=-5
Extract initialization: param=v4, value=-1
Extract initialization: param=v5, value=-2
Extract initialization: param=v5, value=3
Extract finalization: param=v0, value=0
Extract finalization: param=v1, value=-5
Extract finalization: param=v1, value=-1
Extract finalization: param=v2, value=-1
Extract finalization: param=v3, value=0
Extract finalization: param=v4, value=-1
Extract finalization: param=v5, value=-2
Extract finalization: param=v5, value=-4
------SymExec: Iteration 2----------------------------------------------
Final constraints: 
```
(bvsle (bvadd (bvadd (bvadd (bvadd (bvadd (bvadd (bvadd (ite (= v0_v0 #b00000000000000000000000000000000) #b00000000000000000000000000000001 #b00000000000000000000000000000000) (ite (= v1_el0_v0 #b00000000000000000000000000000000) #b00000000000000000000000000000001 #b00000000000000000000000000000000)) (ite (= v1_el1_v0 #b00000000000000000000000000000000) #b00000000000000000000000000000001 #b00000000000000000000000000000000)) (ite (= v2_f0_v0 #b00000000000000000000000000000000) #b00000000000000000000000000000001 #b00000000000000000000000000000000)) (ite (= v3_v0 #b00000000000000000000000000000000) #b00000000000000000000000000000001 #b00000000000000000000000000000000)) (ite (= v4_v0 #b00000000000000000000000000000000) #b00000000000000000000000000000001 #b00000000000000000000000000000000)) (ite (= v5_el0_v0 #b00000000000000000000000000000000) #b00000000000000000000000000000001 #b00000000000000000000000000000000)) (ite (= v5_el1_v0 #b00000000000000000000000000000000) #b00000000000000000000000000000001 #b00000000000000000000000000000000)) #b00000000000000000000000000000100)
(= v6_v0 #b11111111111111111111111111111111)
(= v7_v0 #b00000000000000000000000000000000)
(not (bvsaddo #b11111111111111111111111111111111 v4_v0))
(not (bvssubo #b11111111111111111111111111111111 v0_v0))
(not (bvssubo (bvadd #b11111111111111111111111111111111 v4_v0) (bvsub #b11111111111111111111111111111111 v0_v0)))
(not (bvssubo (bvsub (bvadd #b11111111111111111111111111111111 v4_v0) (bvsub #b11111111111111111111111111111111 v0_v0)) #b11111111111111111111111111111111))
(let ((_let0 (ite (= #b11111111111111111111111111111111 #b00000000000000000000000000000000) #b00000000000000000000000000000001 #b00000000000000000000000000000000))) (bvsle (bvadd (bvadd _let0 _let0) _let0) #b00000000000000000000000000000001))
(= v7_v1 (bvsub (bvsub (bvadd #b11111111111111111111111111111111 v4_v0) (bvsub #b11111111111111111111111111111111 v0_v0)) #b11111111111111111111111111111111))
(distinct v5_el1_v0 #b00000000000000000000000000000000)
(not (bvsdivo #b11111111111111111111111111111111 v5_el1_v0))
(distinct v4_v0 #b00000000000000000000000000000000)
(not (bvsdivo #b11111111111111111111111111111111 v4_v0))
(not (bvssubo (bvsrem #b11111111111111111111111111111111 v5_el1_v0) (bvsrem #b11111111111111111111111111111111 v4_v0)))
(not (bvssubo (bvsub (bvsrem #b11111111111111111111111111111111 v5_el1_v0) (bvsrem #b11111111111111111111111111111111 v4_v0)) #b00000000000000000000000000000000))
(let ((_let0 (ite (= #b11111111111111111111111111111111 #b00000000000000000000000000000000) #b00000000000000000000000000000001 #b00000000000000000000000000000000))) (bvsle (bvadd (bvadd _let0 _let0) (ite (= #b00000000000000000000000000000000 #b00000000000000000000000000000000) #b00000000000000000000000000000001 #b00000000000000000000000000000000)) #b00000000000000000000000000000001))
(= v2_f0_v1 (bvsub (bvsub (bvsrem #b11111111111111111111111111111111 v5_el1_v0) (bvsrem #b11111111111111111111111111111111 v4_v0)) #b00000000000000000000000000000000))
(distinct v0_v0 #b00000000000000000000000000000000)
(not (bvsdivo #b11111111111111111111111111111111 v0_v0))
(not (bvsaddo #b11111111111111111111111111111111 v5_el1_v0))
(not (bvssubo (bvsrem #b11111111111111111111111111111111 v0_v0) (bvadd #b11111111111111111111111111111111 v5_el1_v0)))
(not (bvssubo (bvsub (bvsrem #b11111111111111111111111111111111 v0_v0) (bvadd #b11111111111111111111111111111111 v5_el1_v0)) #b11111111111111111111111111111111))
(= v1_el1_v1 (bvsub (bvsub (bvsrem #b11111111111111111111111111111111 v0_v0) (bvadd #b11111111111111111111111111111111 v5_el1_v0)) #b11111111111111111111111111111111))
(not (bvsmulo #b11111111111111111111111111111111 v1_el1_v1))
(not (bvsmulo #b11111111111111111111111111111111 v7_v1))
(not (bvsaddo (bvmul #b11111111111111111111111111111111 v1_el1_v1) (bvmul #b11111111111111111111111111111111 v7_v1)))
(not (bvsaddo (bvadd (bvmul #b11111111111111111111111111111111 v1_el1_v1) (bvmul #b11111111111111111111111111111111 v7_v1)) #b11111111111111111111111111111111))
(= v7_v2 (bvadd (bvadd (bvmul #b11111111111111111111111111111111 v1_el1_v1) (bvmul #b11111111111111111111111111111111 v7_v1)) #b11111111111111111111111111111111))
(not (bvssubo #b00000000000000000000000000000010 v7_v2))
(not (bvssubo (bvmul #b11111111111111111111111111111111 v1_el1_v1) (bvsub #b00000000000000000000000000000010 v7_v2)))
(distinct v6_v0 #b00000000000000000000000000000000)
(not (bvsdivo #b11111111111111111111111111111111 v6_v0))
(not (bvssubo (bvsub (bvmul #b11111111111111111111111111111111 v1_el1_v1) (bvsub #b00000000000000000000000000000010 v7_v2)) (bvsdiv #b11111111111111111111111111111111 v6_v0)))
(not (bvssubo (bvsub (bvsub (bvmul #b11111111111111111111111111111111 v1_el1_v1) (bvsub #b00000000000000000000000000000010 v7_v2)) (bvsdiv #b11111111111111111111111111111111 v6_v0)) #b11111111111111111111111111111111))
(let ((_let0 (ite (= #b11111111111111111111111111111111 #b00000000000000000000000000000000) #b00000000000000000000000000000001 #b00000000000000000000000000000000))) (bvsle (bvadd (bvadd (bvadd _let0 (ite (= #b00000000000000000000000000000010 #b00000000000000000000000000000000) #b00000000000000000000000000000001 #b00000000000000000000000000000000)) _let0) _let0) #b00000000000000000000000000000001))
(= (bvsub (bvsub (bvsub (bvmul #b11111111111111111111111111111111 v1_el1_v1) (bvsub #b00000000000000000000000000000010 v7_v2)) (bvsdiv #b11111111111111111111111111111111 v6_v0)) #b11111111111111111111111111111111) #b00000000000000000000000000000000)
(not (bvsaddo #b11111111111111111111111111111111 v0_v0))
(not (bvsaddo #b11111111111111111111111111111111 v7_v2))
(not (bvssubo (bvadd #b11111111111111111111111111111111 v0_v0) (bvadd #b11111111111111111111111111111111 v7_v2)))
(not (bvssubo (bvsub (bvadd #b11111111111111111111111111111111 v0_v0) (bvadd #b11111111111111111111111111111111 v7_v2)) #b11111111111111111111111111111111))
(= v0_v1 (bvsub (bvsub (bvadd #b11111111111111111111111111111111 v0_v0) (bvadd #b11111111111111111111111111111111 v7_v2)) #b11111111111111111111111111111111))
(not (bvsmulo #b11111111111111111111111111111111 v7_v2))
(not (bvssubo (bvmul #b11111111111111111111111111111111 v7_v2) (bvadd #b11111111111111111111111111111111 v5_el1_v0)))
(not (bvssubo (bvsub (bvmul #b11111111111111111111111111111111 v7_v2) (bvadd #b11111111111111111111111111111111 v5_el1_v0)) #b11111111111111111111111111111110))
(let ((_let0 (ite (= #b11111111111111111111111111111111 #b00000000000000000000000000000000) #b00000000000000000000000000000001 #b00000000000000000000000000000000))) (bvsle (bvadd (bvadd _let0 _let0) (ite (= #b11111111111111111111111111111110 #b00000000000000000000000000000000) #b00000000000000000000000000000001 #b00000000000000000000000000000000)) #b00000000000000000000000000000001))
(= v1_el1_v2 (bvsub (bvsub (bvmul #b11111111111111111111111111111111 v7_v2) (bvadd #b11111111111111111111111111111111 v5_el1_v0)) #b11111111111111111111111111111110))
(not (bvsmulo #b11111111111111111111111111111111 v0_v1))
(not (bvssubo #b11111111111111111111111111111111 v1_el1_v2))
(not (bvssubo (bvmul #b11111111111111111111111111111111 v0_v1) (bvsub #b11111111111111111111111111111111 v1_el1_v2)))
(not (bvsmulo #b11111111111111111111111111111111 v4_v0))
(not (bvssubo (bvsub (bvmul #b11111111111111111111111111111111 v0_v1) (bvsub #b11111111111111111111111111111111 v1_el1_v2)) (bvmul #b11111111111111111111111111111111 v4_v0)))
(not (bvssubo (bvsub (bvsub (bvmul #b11111111111111111111111111111111 v0_v1) (bvsub #b11111111111111111111111111111111 v1_el1_v2)) (bvmul #b11111111111111111111111111111111 v4_v0)) #b11111111111111111111111111111111))
(let ((_let0 (ite (= #b11111111111111111111111111111111 #b00000000000000000000000000000000) #b00000000000000000000000000000001 #b00000000000000000000000000000000))) (bvsle (bvadd (bvadd (bvadd _let0 _let0) _let0) _let0) #b00000000000000000000000000000001))
(not (= (bvsub (bvsub (bvsub (bvmul #b11111111111111111111111111111111 v0_v1) (bvsub #b11111111111111111111111111111111 v1_el1_v2)) (bvmul #b11111111111111111111111111111111 v4_v0)) #b11111111111111111111111111111111) #b00000000000000000000000000000000))
(not (bvssubo #b00000000000000000000000000000010 v5_el1_v0))
(distinct v1_el1_v2 #b00000000000000000000000000000000)
(not (bvsdivo #b11111111111111111111111111111111 v1_el1_v2))
(not (bvssubo (bvsub #b00000000000000000000000000000010 v5_el1_v0) (bvsdiv #b11111111111111111111111111111111 v1_el1_v2)))
(not (bvssubo (bvsub (bvsub #b00000000000000000000000000000010 v5_el1_v0) (bvsdiv #b11111111111111111111111111111111 v1_el1_v2)) #b11111111111111111111111111111111))
(let ((_let0 (ite (= #b11111111111111111111111111111111 #b00000000000000000000000000000000) #b00000000000000000000000000000001 #b00000000000000000000000000000000))) (bvsle (bvadd (bvadd (ite (= #b00000000000000000000000000000010 #b00000000000000000000000000000000) #b00000000000000000000000000000001 #b00000000000000000000000000000000) _let0) _let0) #b00000000000000000000000000000001))
(= v3_v1 (bvsub (bvsub (bvsub #b00000000000000000000000000000010 v5_el1_v0) (bvsdiv #b11111111111111111111111111111111 v1_el1_v2)) #b11111111111111111111111111111111))
(not (bvsaddo #b11111111111111111111111111111111 v6_v0))
(not (bvsaddo (bvadd #b11111111111111111111111111111111 v6_v0) (bvmul #b11111111111111111111111111111111 v7_v2)))
(not (bvsaddo (bvadd (bvadd #b11111111111111111111111111111111 v6_v0) (bvmul #b11111111111111111111111111111111 v7_v2)) #b11111111111111111111111111111111))
(= v5_el1_v1 (bvadd (bvadd (bvadd #b11111111111111111111111111111111 v6_v0) (bvmul #b11111111111111111111111111111111 v7_v2)) #b11111111111111111111111111111111))
(distinct v3_v1 #b00000000000000000000000000000000)
(not (bvsdivo #b11111111111111111111111111111111 v3_v1))
(not (bvssubo #b11111111111111111111111111111101 v5_el1_v1))
(not (bvssubo (bvsrem #b11111111111111111111111111111111 v3_v1) (bvsub #b11111111111111111111111111111101 v5_el1_v1)))
(not (bvssubo #b11111111111111111111111111111111 v2_f0_v1))
(not (bvssubo (bvsub (bvsrem #b11111111111111111111111111111111 v3_v1) (bvsub #b11111111111111111111111111111101 v5_el1_v1)) (bvsub #b11111111111111111111111111111111 v2_f0_v1)))
(not (bvssubo (bvsub (bvsub (bvsrem #b11111111111111111111111111111111 v3_v1) (bvsub #b11111111111111111111111111111101 v5_el1_v1)) (bvsub #b11111111111111111111111111111111 v2_f0_v1)) #b11111111111111111111111111111111))
(let ((_let0 (ite (= #b11111111111111111111111111111111 #b00000000000000000000000000000000) #b00000000000000000000000000000001 #b00000000000000000000000000000000))) (bvsle (bvadd (bvadd (bvadd _let0 (ite (= #b11111111111111111111111111111101 #b00000000000000000000000000000000) #b00000000000000000000000000000001 #b00000000000000000000000000000000)) _let0) _let0) #b00000000000000000000000000000001))
(= (bvsub (bvsub (bvsub (bvsrem #b11111111111111111111111111111111 v3_v1) (bvsub #b11111111111111111111111111111101 v5_el1_v1)) (bvsub #b11111111111111111111111111111111 v2_f0_v1)) #b11111111111111111111111111111111) #b00000000000000000000000000000000)
(not (bvssubo #b11111111111111111111111111111111 v0_v1))
(not (bvsaddo (bvsdiv #b11111111111111111111111111111111 v6_v0) (bvsub #b11111111111111111111111111111111 v0_v1)))
(not (bvsaddo (bvadd (bvsdiv #b11111111111111111111111111111111 v6_v0) (bvsub #b11111111111111111111111111111111 v0_v1)) #b11111111111111111111111111111111))
(= v0_v2 (bvadd (bvadd (bvsdiv #b11111111111111111111111111111111 v6_v0) (bvsub #b11111111111111111111111111111111 v0_v1)) #b11111111111111111111111111111111))
(not (bvsmulo #b11111111111111111111111111111111 v6_v0))
(not (bvssubo (bvmul #b11111111111111111111111111111111 v6_v0) (bvsrem #b11111111111111111111111111111111 v4_v0)))
(not (bvssubo (bvsub (bvmul #b11111111111111111111111111111111 v6_v0) (bvsrem #b11111111111111111111111111111111 v4_v0)) #b00000000000000000000000000000010))
(let ((_let0 (ite (= #b11111111111111111111111111111111 #b00000000000000000000000000000000) #b00000000000000000000000000000001 #b00000000000000000000000000000000))) (bvsle (bvadd (bvadd _let0 _let0) (ite (= #b00000000000000000000000000000010 #b00000000000000000000000000000000) #b00000000000000000000000000000001 #b00000000000000000000000000000000)) #b00000000000000000000000000000001))
(= v7_v3 (bvsub (bvsub (bvmul #b11111111111111111111111111111111 v6_v0) (bvsrem #b11111111111111111111111111111111 v4_v0)) #b00000000000000000000000000000010))
(not (bvsmulo #b11111111111111111111111111111111 v0_v2))
(distinct v7_v3 #b00000000000000000000000000000000)
(not (bvsdivo #b11111111111111111111111111111111 v7_v3))
(not (bvsaddo (bvmul #b11111111111111111111111111111111 v0_v2) (bvsdiv #b11111111111111111111111111111111 v7_v3)))
(not (bvsaddo (bvadd (bvmul #b11111111111111111111111111111111 v0_v2) (bvsdiv #b11111111111111111111111111111111 v7_v3)) (bvmul #b11111111111111111111111111111111 v6_v0)))
(not (bvsaddo (bvadd (bvadd (bvmul #b11111111111111111111111111111111 v0_v2) (bvsdiv #b11111111111111111111111111111111 v7_v3)) (bvmul #b11111111111111111111111111111111 v6_v0)) #b11111111111111111111111111111110))
(let ((_let0 (ite (= #b11111111111111111111111111111111 #b00000000000000000000000000000000) #b00000000000000000000000000000001 #b00000000000000000000000000000000))) (bvsle (bvadd (bvadd (bvadd _let0 _let0) _let0) (ite (= #b11111111111111111111111111111110 #b00000000000000000000000000000000) #b00000000000000000000000000000001 #b00000000000000000000000000000000)) #b00000000000000000000000000000001))
(not (bvsgt (bvadd (bvadd (bvadd (bvmul #b11111111111111111111111111111111 v0_v2) (bvsdiv #b11111111111111111111111111111111 v7_v3)) (bvmul #b11111111111111111111111111111111 v6_v0)) #b11111111111111111111111111111110) #b00000000000000000000000000000000))
(not (bvssubo #b11111111111111111111111111111111 v6_v0))
(not (bvsaddo (bvsub #b11111111111111111111111111111111 v2_f0_v1) (bvsub #b11111111111111111111111111111111 v6_v0)))
(not (bvsaddo (bvadd (bvsub #b11111111111111111111111111111111 v2_f0_v1) (bvsub #b11111111111111111111111111111111 v6_v0)) #b11111111111111111111111111111111))
(= v1_el1_v3 (bvadd (bvadd (bvsub #b11111111111111111111111111111111 v2_f0_v1) (bvsub #b11111111111111111111111111111111 v6_v0)) #b11111111111111111111111111111111))
(not (bvssubo #b11111111111111111111111111111111 v3_v1))
(distinct v1_el1_v3 #b00000000000000000000000000000000)
(not (bvsdivo #b11111111111111111111111111111111 v1_el1_v3))
(not (bvsaddo (bvsub #b11111111111111111111111111111111 v3_v1) (bvsdiv #b11111111111111111111111111111111 v1_el1_v3)))
(not (bvsaddo (bvadd (bvsub #b11111111111111111111111111111111 v3_v1) (bvsdiv #b11111111111111111111111111111111 v1_el1_v3)) #b11111111111111111111111111111111))
(= v3_v2 (bvadd (bvadd (bvsub #b11111111111111111111111111111111 v3_v1) (bvsdiv #b11111111111111111111111111111111 v1_el1_v3)) #b11111111111111111111111111111111))
(bvsle (bvadd (bvadd (bvadd (bvadd (bvadd (bvadd (bvadd (ite (= (ite (distinct v0_v0 #b11111111111111111111111111111111) #b00000000000000000000000000000001 #b00000000000000000000000000000000) #b00000000000000000000000000000000) #b00000000000000000000000000000001 #b00000000000000000000000000000000) (ite (= (ite (distinct v1_el0_v0 #b11111111111111111111111111111111) #b00000000000000000000000000000001 #b00000000000000000000000000000000) #b00000000000000000000000000000000) #b00000000000000000000000000000001 #b00000000000000000000000000000000)) (ite (= (ite (distinct v1_el1_v0 #b11111111111111111111111111111111) #b00000000000000000000000000000001 #b00000000000000000000000000000000) #b00000000000000000000000000000000) #b00000000000000000000000000000001 #b00000000000000000000000000000000)) (ite (= (ite (distinct v2_f0_v0 #b11111111111111111111111111111111) #b00000000000000000000000000000001 #b00000000000000000000000000000000) #b00000000000000000000000000000000) #b00000000000000000000000000000001 #b00000000000000000000000000000000)) (ite (= (ite (distinct v3_v0 #b11111111111111111111111111111111) #b00000000000000000000000000000001 #b00000000000000000000000000000000) #b00000000000000000000000000000000) #b00000000000000000000000000000001 #b00000000000000000000000000000000)) (ite (= (ite (distinct v4_v0 #b11111111111111111111111111111111) #b00000000000000000000000000000001 #b00000000000000000000000000000000) #b00000000000000000000000000000000) #b00000000000000000000000000000001 #b00000000000000000000000000000000)) (ite (= (ite (distinct v5_el0_v0 #b11111111111111111111111111111111) #b00000000000000000000000000000001 #b00000000000000000000000000000000) #b00000000000000000000000000000000) #b00000000000000000000000000000001 #b00000000000000000000000000000000)) (ite (= (ite (distinct v5_el1_v0 #b00000000000000000000000000000011) #b00000000000000000000000000000001 #b00000000000000000000000000000000) #b00000000000000000000000000000000) #b00000000000000000000000000000001 #b00000000000000000000000000000000)) #b00000000000000000000000000000011)
(bvsle (bvadd (bvadd (bvadd (bvadd (bvadd (bvadd (bvadd (ite (= (ite (distinct v0_v0 #b11111111111111111111111111111111) #b00000000000000000000000000000001 #b00000000000000000000000000000000) #b00000000000000000000000000000000) #b00000000000000000000000000000001 #b00000000000000000000000000000000) (ite (= (ite (distinct v1_el0_v0 #b11111111111111111111111111111011) #b00000000000000000000000000000001 #b00000000000000000000000000000000) #b00000000000000000000000000000000) #b00000000000000000000000000000001 #b00000000000000000000000000000000)) (ite (= (ite (distinct v1_el1_v0 #b11111111111111111111111111111110) #b00000000000000000000000000000001 #b00000000000000000000000000000000) #b00000000000000000000000000000000) #b00000000000000000000000000000001 #b00000000000000000000000000000000)) (ite (= (ite (distinct v2_f0_v0 #b11111111111111111111111111111101) #b00000000000000000000000000000001 #b00000000000000000000000000000000) #b00000000000000000000000000000000) #b00000000000000000000000000000001 #b00000000000000000000000000000000)) (ite (= (ite (distinct v3_v0 #b11111111111111111111111111111011) #b00000000000000000000000000000001 #b00000000000000000000000000000000) #b00000000000000000000000000000000) #b00000000000000000000000000000001 #b00000000000000000000000000000000)) (ite (= (ite (distinct v4_v0 #b11111111111111111111111111111111) #b00000000000000000000000000000001 #b00000000000000000000000000000000) #b00000000000000000000000000000000) #b00000000000000000000000000000001 #b00000000000000000000000000000000)) (ite (= (ite (distinct v5_el0_v0 #b11111111111111111111111111111110) #b00000000000000000000000000000001 #b00000000000000000000000000000000) #b00000000000000000000000000000000) #b00000000000000000000000000000001 #b00000000000000000000000000000000)) (ite (= (ite (distinct v5_el1_v0 #b00000000000000000000000000000011) #b00000000000000000000000000000001 #b00000000000000000000000000000000) #b00000000000000000000000000000000) #b00000000000000000000000000000001 #b00000000000000000000000000000000)) #b00000000000000000000000000000011)
```
Constraint stats: asserted=103 addCalls=119 skippedTrue=0 deduped=16 ensureInRangeCalls=129 boundedAlready=0 uniqueConstraintIds=103 uniqueBoundedIds=0 (solverAsserted=102)
Bitwuzla check_sat time: 119ms
Bitwuzla statistics: preprocess::contradicting_ands::num_substs=0 preprocess::contradicting_ands::time_apply=0ms preprocess::elim_extract::num_elim=0 preprocess::elim_extract::time_apply=0ms preprocess::elim_lambda::time_apply=0ms preprocess::elim_udiv::num_eliminated=0 preprocess::elim_udiv::time_apply=0ms preprocess::embedded_constraints::num_substs=3 preprocess::embedded_constraints::time_apply=0ms preprocess::flatten_and::num_assertions=40 preprocess::flatten_and::num_flattened=20 preprocess::flatten_and::time_apply=0ms preprocess::lambda::num_elim=0 preprocess::normalize::num_common_normalizations=2 preprocess::normalize::num_normalizations=156 preprocess::normalize::num_normalized_assertions=0 preprocess::normalize::num_pass1=0 preprocess::normalize::num_pass2=0 preprocess::normalize::time_adder_chains=2ms preprocess::normalize::time_apply=21ms preprocess::normalize::time_compute_occs=1ms preprocess::normalize::time_normalize_add=0ms preprocess::normalize::time_normalize_mul=0ms preprocess::normalize::time_score=16ms preprocess::rewrite::time_apply=1ms preprocess::skeleton_preproc::cnf::clauses=344 preprocess::skeleton_preproc::cnf::lits=696 preprocess::skeleton_preproc::new_assertions=0 preprocess::skeleton_preproc::resets=1 preprocess::skeleton_preproc::time_apply=1ms preprocess::skeleton_preproc::time_encode=1ms preprocess::skeleton_preproc::time_fixed=0ms preprocess::skeleton_preproc::time_sat=0ms preprocess::uninterpreted::num_substs=0 preprocess::uninterpreted::time_apply=0ms preprocess::varsubst::normalize_bv_ineq::num_slt=0 preprocess::varsubst::normalize_bv_ineq::num_ult=0 preprocess::varsubst::normalize_eq::num_bv_concat=0 preprocess::varsubst::normalize_eq::num_gauss_elim=2 preprocess::varsubst::normalize_eq::num_linear_eq=2 preprocess::varsubst::num_substs=14 preprocess::varsubst::time_apply=1ms preprocess::varsubst::time_direct_cycle_check=0ms preprocess::varsubst::time_find_substitution=0ms preprocess::varsubst::time_find_vars=0ms preprocess::varsubst::time_register=0ms preprocess::varsubst::time_remove_cycles=0ms preprocess::varsubst::time_substitute=0ms preprocessor::num_iterations=3 preprocessor::time_preprocess=27ms preprocessor::time_process=0ms rewriter::(normalize)::num_evals=0 rewriter::(normalize)::num_rewrites=411 rewriter::(normalize)::rewrite::BV_ADD_CONST=32 rewriter::(normalize)::rewrite::BV_ADD_EVAL=23 rewriter::(normalize)::rewrite::BV_ADD_SPECIAL_CONST=22 rewriter::(normalize)::rewrite::BV_MUL_EVAL=9 rewriter::(normalize)::rewrite::BV_MUL_ONES=14 rewriter::(normalize)::rewrite::BV_NEG_ELIM=14 rewriter::(normalize)::rewrite::BV_NOT_BV_NOT=44 rewriter::(normalize)::rewrite::NORMALIZE_COMM=252 rewriter::(normalize)::rewrite::NORM_FACT_BV_ADD_MUL=1 rewriter::num_evals=0 rewriter::num_rewrites=2005 rewriter::rewrite::AND_EVAL=2 rewriter::rewrite::AND_SPECIAL_CONST=162 rewriter::rewrite::BV_ADD_CONST=29 rewriter::rewrite::BV_ADD_EVAL=21 rewriter::rewrite::BV_ADD_ITE2=24 rewriter::rewrite::BV_ADD_SPECIAL_CONST=43 rewriter::rewrite::BV_AND_EVAL=1 rewriter::rewrite::BV_AND_SPECIAL_CONST=217 rewriter::rewrite::BV_CONCAT_EVAL=2 rewriter::rewrite::BV_EXTRACT_ADD_MUL=7 rewriter::rewrite::BV_EXTRACT_EVAL=41 rewriter::rewrite::BV_EXTRACT_FULL=7 rewriter::rewrite::BV_MUL_ONE=2 rewriter::rewrite::BV_MUL_ONES=14 rewriter::rewrite::BV_MUL_POW2=10 rewriter::rewrite::BV_NEG_ELIM=48 rewriter::rewrite::BV_NOT_BV_NEG=10 rewriter::rewrite::BV_NOT_BV_NOT=109 rewriter::rewrite::BV_NOT_EVAL=10 rewriter::rewrite::BV_OR_ELIM=8 rewriter::rewrite::BV_SADDO_ELIM=18 rewriter::rewrite::BV_SDIVO_ELIM=8 rewriter::rewrite::BV_SDIV_ELIM=4 rewriter::rewrite::BV_SGT_ELIM=1 rewriter::rewrite::BV_SHL_CONST=10 rewriter::rewrite::BV_SIGN_EXTEND_ELIM=16 rewriter::rewrite::BV_SLE_ELIM=5 rewriter::rewrite::BV_SLT_EVAL=2 rewriter::rewrite::BV_SMULO_ELIM=7 rewriter::rewrite::BV_SREM_ELIM=4 rewriter::rewrite::BV_SSUBO_ELIM=32 rewriter::rewrite::BV_SUB_ELIM=34 rewriter::rewrite::BV_UDIV_EVAL=2 rewriter::rewrite::BV_XOR_EVAL=1 rewriter::rewrite::BV_XOR_SPECIAL_CONST=4 rewriter::rewrite::DISTINCT_ELIM=24 rewriter::rewrite::EQUAL_BV_ADD_ADD=1 rewriter::rewrite::EQUAL_BV_SUB=9 rewriter::rewrite::EQUAL_CONST_BV_ADD=7 rewriter::rewrite::EQUAL_CONST_BV_NOT=5 rewriter::rewrite::EQUAL_EVAL=16 rewriter::rewrite::EQUAL_ITE_SAME=16 rewriter::rewrite::EQUAL_SPECIAL_CONST=7 rewriter::rewrite::EQUAL_TRUE=11 rewriter::rewrite::ITE_EVAL=15 rewriter::rewrite::NORMALIZE_COMM=798 rewriter::rewrite::NOT_EQUAL_BV1_BOOL=47 rewriter::rewrite::NOT_EVAL=2 rewriter::rewrite::NOT_NOT=66 rewriter::rewrite::OR_ELIM=66 solver::abstract::num_checks=2 solver::abstract::terms::total=0 solver::abstract::time_check=0ms solver::array::equalities=0 solver::array::num_checks=0 solver::array::propagations=0 solver::array::propagations_down=0 solver::array::propagations_up=0 solver::array::selects=0 solver::array::time_check=0ms solver::bv::bitblast::aig::num_ands=71168 solver::bv::bitblast::aig::num_consts=256 solver::bv::bitblast::aig::num_shared=15049 solver::bv::bitblast::aig::time_bitblast=8ms solver::bv::bitblast::cnf::num_clauses=173879 solver::bv::bitblast::cnf::num_literals=424747 solver::bv::bitblast::cnf::num_vars=55650 solver::bv::bitblast::cnf::time_encode=40ms solver::bv::bitblast::sat::time_solve=359ms solver::bv::num_assertions=82 solver::bv::num_checks=2 solver::bv::time_check=399ms solver::engine::lemmas::abstr=0 solver::engine::lemmas::array=0 solver::engine::lemmas::fp=0 solver::engine::lemmas::fun=0 solver::engine::lemmas::quant=0 solver::engine::lemmas::total=0 solver::engine::time_register_term=0ms solver::engine::time_solve=408ms solver::fun::num_checks=2 solver::fun::time_check=0ms solver::quant::mbqi_checks=0 solver::quant::num_lemma_iterations=0 solver::quant::num_lemmas=0 solver::quant::time_check=0ms solver::quant::time_mbqi=0ms solver::quant::time_process=0ms solving_context::max_memory=125841408 solving_context::time_ensure_model=0ms solving_context::time_solve=435ms
SAT
Extract initialization: param=v0, value=-1
Extract initialization: param=v1, value=-6
Extract initialization: param=v1, value=-3
Extract initialization: param=v2, value=-4
Extract initialization: param=v3, value=-6
Extract initialization: param=v4, value=-1
Extract initialization: param=v5, value=-3
Extract initialization: param=v5, value=3
Extract finalization: param=v0, value=0
Extract finalization: param=v1, value=-6
Extract finalization: param=v1, value=-1
Extract finalization: param=v2, value=-1
Extract finalization: param=v3, value=0
Extract finalization: param=v4, value=-1
Extract finalization: param=v5, value=-3
Extract finalization: param=v5, value=-4
