----FunPlus: Generate Function func_xb1v6r_8------------------------------------------------
------GraphPlus::Generate----------------------------------------------
Randomly generating a graph with 15 nodes
------CfgSketch: Unflattened CFG Sketch----------------------------------------------
Bimpo: type=0, id=0, size=1, start=0
Bimpo: type=0, id=1, size=1, start=1
Bimpo: type=0, id=2, size=1, start=2
Bimpo: type=0, id=3, size=1, start=3
Bimpo: type=0, id=4, size=1, start=4
Bimpo: type=0, id=5, size=1, start=5
Bimpo: type=0, id=6, size=1, start=6
Bimpo: type=0, id=7, size=1, start=7
Bimpo: type=0, id=8, size=1, start=8
Bimpo: type=0, id=9, size=1, start=9
Bimpo: type=0, id=10, size=1, start=10
Bimpo: type=0, id=11, size=1, start=11
Bimpo: type=0, id=12, size=1, start=12
Bimpo: type=0, id=13, size=1, start=13
Bimpo: type=0, id=14, size=1, start=14
------CfgSketch: Flattened CFG Sketch----------------------------------------------
Block: 0 -> [14]
Block: 1 -> [11, 14]
Block: 2 -> [10, 14]
Block: 3 -> [13]
Block: 4 -> [2, 9]
Block: 5 -> [2, 4]
Block: 6 -> [7, 10]
Block: 7 -> [1, 6]
Block: 8 -> [1]
Block: 9 -> [1, 14]
Block: 10 -> [11]
Block: 11 -> [1]
Block: 12 -> [3, 6]
Block: 13 -> [12]
Block: 14 -> []
------FunPlus: Generate Block #0----------------------------------------------
Generate assignment: 0 <- 5, 3
Generate assignment: 4 <- 2, 6
------FunPlus: Generate Block #1----------------------------------------------
Generate assignment: 0 <- 1, 5
Generate assignment: 4 <- 5, 6
Generate conditional: 0, 4, 6
------FunPlus: Generate Block #2----------------------------------------------
Generate assignment: 6 <- 6, 1
Generate assignment: 1 <- 4, 0
Generate conditional: 6, 1, 5
------FunPlus: Generate Block #3----------------------------------------------
Generate assignment: 3 <- 3, 1
Generate assignment: 7 <- 0, 5
------FunPlus: Generate Block #4----------------------------------------------
Generate assignment: 1 <- 7, 2
Generate assignment: 2 <- 3, 6
Generate conditional: 1, 2, 5
------FunPlus: Generate Block #5----------------------------------------------
Generate assignment: 5 <- 5, 1
Generate assignment: 1 <- 0, 7
Generate conditional: 5, 1, 3
------FunPlus: Generate Block #6----------------------------------------------
Generate assignment: 1 <- 4, 1
Generate assignment: 0 <- 7, 5
Generate conditional: 1, 0, 6
------FunPlus: Generate Block #7----------------------------------------------
Generate assignment: 5 <- 6, 5
Generate assignment: 3 <- 1, 7
Generate conditional: 5, 3, 0
------FunPlus: Generate Block #8----------------------------------------------
Generate assignment: 7 <- 6, 3
Generate assignment: 0 <- 4, 0
------FunPlus: Generate Block #9----------------------------------------------
Generate assignment: 4 <- 0, 4
Generate assignment: 5 <- 6, 2
Generate conditional: 4, 5, 1
------FunPlus: Generate Block #10----------------------------------------------
Generate assignment: 6 <- 3, 0
Generate assignment: 4 <- 1, 0
------FunPlus: Generate Block #11----------------------------------------------
Generate assignment: 7 <- 3, 4
Generate assignment: 5 <- 7, 5
------FunPlus: Generate Block #12----------------------------------------------
Generate assignment: 4 <- 4, 1
Generate assignment: 1 <- 7, 5
Generate conditional: 4, 1, 3
------FunPlus: Generate Block #13----------------------------------------------
Generate assignment: 7 <- 6, 0
Generate assignment: 4 <- 7, 4
------FunPlus: Generate Block #14----------------------------------------------
Generate assignment: 7 <- 7, 1
Generate assignment: 5 <- 1, 5
----SymExec: Solve------------------------------------------------
Execution Path: 0->14
------SymExec: Iteration 0----------------------------------------------
Generating or re-generating UB-free constraints
Initial constraints: 
```
(bvsle (bvadd (bvadd (bvadd (bvadd (bvadd (bvadd (bvadd (bvadd (bvadd (bvadd (bvadd (bvadd (bvadd (bvadd (bvadd (bvadd (bvadd (bvadd (bvadd (ite (= v0_v0 #b00000000000000000000000000000000) #b00000000000000000000000000000001 #b00000000000000000000000000000000) (ite (= v1_f0_el0_v0 #b00000000000000000000000000000000) #b00000000000000000000000000000001 #b00000000000000000000000000000000)) (ite (= v1_f0_el1_v0 #b00000000000000000000000000000000) #b00000000000000000000000000000001 #b00000000000000000000000000000000)) (ite (= v1_f0_el2_v0 #b00000000000000000000000000000000) #b00000000000000000000000000000001 #b00000000000000000000000000000000)) (ite (= v1_f0_el3_v0 #b00000000000000000000000000000000) #b00000000000000000000000000000001 #b00000000000000000000000000000000)) (ite (= v1_f0_el4_v0 #b00000000000000000000000000000000) #b00000000000000000000000000000001 #b00000000000000000000000000000000)) (ite (= v1_f0_el5_v0 #b00000000000000000000000000000000) #b00000000000000000000000000000001 #b00000000000000000000000000000000)) (ite (= v2_v0 #b00000000000000000000000000000000) #b00000000000000000000000000000001 #b00000000000000000000000000000000)) (ite (= v3_el0_v0 #b00000000000000000000000000000000) #b00000000000000000000000000000001 #b00000000000000000000000000000000)) (ite (= v3_el1_v0 #b00000000000000000000000000000000) #b00000000000000000000000000000001 #b00000000000000000000000000000000)) (ite (= v3_el2_v0 #b00000000000000000000000000000000) #b00000000000000000000000000000001 #b00000000000000000000000000000000)) (ite (= v4_v0 #b00000000000000000000000000000000) #b00000000000000000000000000000001 #b00000000000000000000000000000000)) (ite (= v5_f0_el0_v0 #b00000000000000000000000000000000) #b00000000000000000000000000000001 #b00000000000000000000000000000000)) (ite (= v5_f1_el0_v0 #b00000000000000000000000000000000) #b00000000000000000000000000000001 #b00000000000000000000000000000000)) (ite (= v5_f1_el1_v0 #b00000000000000000000000000000000) #b00000000000000000000000000000001 #b00000000000000000000000000000000)) (ite (= v5_f1_el2_v0 #b00000000000000000000000000000000) #b00000000000000000000000000000001 #b00000000000000000000000000000000)) (ite (= v5_f1_el3_v0 #b00000000000000000000000000000000) #b00000000000000000000000000000001 #b00000000000000000000000000000000)) (ite (= v5_f1_el4_v0 #b00000000000000000000000000000000) #b00000000000000000000000000000001 #b00000000000000000000000000000000)) (ite (= v5_f1_el5_v0 #b00000000000000000000000000000000) #b00000000000000000000000000000001 #b00000000000000000000000000000000)) (ite (= v5_f2_v0 #b00000000000000000000000000000000) #b00000000000000000000000000000001 #b00000000000000000000000000000000)) #b00000000000000000000000000001010)
```
Final constraints: 
```
(bvsle (bvadd (bvadd (bvadd (bvadd (bvadd (bvadd (bvadd (bvadd (bvadd (bvadd (bvadd (bvadd (bvadd (bvadd (bvadd (bvadd (bvadd (bvadd (bvadd (ite (= v0_v0 #b00000000000000000000000000000000) #b00000000000000000000000000000001 #b00000000000000000000000000000000) (ite (= v1_f0_el0_v0 #b00000000000000000000000000000000) #b00000000000000000000000000000001 #b00000000000000000000000000000000)) (ite (= v1_f0_el1_v0 #b00000000000000000000000000000000) #b00000000000000000000000000000001 #b00000000000000000000000000000000)) (ite (= v1_f0_el2_v0 #b00000000000000000000000000000000) #b00000000000000000000000000000001 #b00000000000000000000000000000000)) (ite (= v1_f0_el3_v0 #b00000000000000000000000000000000) #b00000000000000000000000000000001 #b00000000000000000000000000000000)) (ite (= v1_f0_el4_v0 #b00000000000000000000000000000000) #b00000000000000000000000000000001 #b00000000000000000000000000000000)) (ite (= v1_f0_el5_v0 #b00000000000000000000000000000000) #b00000000000000000000000000000001 #b00000000000000000000000000000000)) (ite (= v2_v0 #b00000000000000000000000000000000) #b00000000000000000000000000000001 #b00000000000000000000000000000000)) (ite (= v3_el0_v0 #b00000000000000000000000000000000) #b00000000000000000000000000000001 #b00000000000000000000000000000000)) (ite (= v3_el1_v0 #b00000000000000000000000000000000) #b00000000000000000000000000000001 #b00000000000000000000000000000000)) (ite (= v3_el2_v0 #b00000000000000000000000000000000) #b00000000000000000000000000000001 #b00000000000000000000000000000000)) (ite (= v4_v0 #b00000000000000000000000000000000) #b00000000000000000000000000000001 #b00000000000000000000000000000000)) (ite (= v5_f0_el0_v0 #b00000000000000000000000000000000) #b00000000000000000000000000000001 #b00000000000000000000000000000000)) (ite (= v5_f1_el0_v0 #b00000000000000000000000000000000) #b00000000000000000000000000000001 #b00000000000000000000000000000000)) (ite (= v5_f1_el1_v0 #b00000000000000000000000000000000) #b00000000000000000000000000000001 #b00000000000000000000000000000000)) (ite (= v5_f1_el2_v0 #b00000000000000000000000000000000) #b00000000000000000000000000000001 #b00000000000000000000000000000000)) (ite (= v5_f1_el3_v0 #b00000000000000000000000000000000) #b00000000000000000000000000000001 #b00000000000000000000000000000000)) (ite (= v5_f1_el4_v0 #b00000000000000000000000000000000) #b00000000000000000000000000000001 #b00000000000000000000000000000000)) (ite (= v5_f1_el5_v0 #b00000000000000000000000000000000) #b00000000000000000000000000000001 #b00000000000000000000000000000000)) (ite (= v5_f2_v0 #b00000000000000000000000000000000) #b00000000000000000000000000000001 #b00000000000000000000000000000000)) #b00000000000000000000000000001010)
(= v6_v0 init_var6)
(= v7_v0 init_var7)
(distinct v5_f0_el0_v0 #b00000000000000000000000000000000)
(not (bvsdivo a0_0_1 v5_f0_el0_v0))
(not (bvsaddo a0_0_2 v3_el2_v0))
(not (bvssubo (bvsdiv a0_0_1 v5_f0_el0_v0) (bvadd a0_0_2 v3_el2_v0)))
(not (bvssubo (bvsub (bvsdiv a0_0_1 v5_f0_el0_v0) (bvadd a0_0_2 v3_el2_v0)) a0_0))
(bvsle (bvadd (bvadd (ite (= a0_0_1 #b00000000000000000000000000000000) #b00000000000000000000000000000001 #b00000000000000000000000000000000) (ite (= a0_0_2 #b00000000000000000000000000000000) #b00000000000000000000000000000001 #b00000000000000000000000000000000)) (ite (= a0_0 #b00000000000000000000000000000000) #b00000000000000000000000000000001 #b00000000000000000000000000000000)) #b00000000000000000000000000000001)
(= v0_v1 (bvsub (bvsub (bvsdiv a0_0_1 v5_f0_el0_v0) (bvadd a0_0_2 v3_el2_v0)) a0_0))
(not (bvsmulo a0_1_1 v2_v0))
(not (bvssubo a0_1_2 v6_v0))
(not (bvsaddo (bvmul a0_1_1 v2_v0) (bvsub a0_1_2 v6_v0)))
(not (bvsaddo (bvadd (bvmul a0_1_1 v2_v0) (bvsub a0_1_2 v6_v0)) a0_1))
(bvsle (bvadd (bvadd (ite (= a0_1_1 #b00000000000000000000000000000000) #b00000000000000000000000000000001 #b00000000000000000000000000000000) (ite (= a0_1_2 #b00000000000000000000000000000000) #b00000000000000000000000000000001 #b00000000000000000000000000000000)) (ite (= a0_1 #b00000000000000000000000000000000) #b00000000000000000000000000000001 #b00000000000000000000000000000000)) #b00000000000000000000000000000001)
(= v4_v1 (bvadd (bvadd (bvmul a0_1_1 v2_v0) (bvsub a0_1_2 v6_v0)) a0_1))
(distinct v7_v0 #b00000000000000000000000000000000)
(not (bvsdivo a14_0_1 v7_v0))
(distinct v1_f0_el5_v0 #b00000000000000000000000000000000)
(not (bvsdivo a14_0_2 v1_f0_el5_v0))
(not (bvsaddo (bvsrem a14_0_1 v7_v0) (bvsrem a14_0_2 v1_f0_el5_v0)))
(not (bvsaddo (bvadd (bvsrem a14_0_1 v7_v0) (bvsrem a14_0_2 v1_f0_el5_v0)) a14_0))
(bvsle (bvadd (bvadd (ite (= a14_0_1 #b00000000000000000000000000000000) #b00000000000000000000000000000001 #b00000000000000000000000000000000) (ite (= a14_0_2 #b00000000000000000000000000000000) #b00000000000000000000000000000001 #b00000000000000000000000000000000)) (ite (= a14_0 #b00000000000000000000000000000000) #b00000000000000000000000000000001 #b00000000000000000000000000000000)) #b00000000000000000000000000000001)
(= v7_v1 (bvadd (bvadd (bvsrem a14_0_1 v7_v0) (bvsrem a14_0_2 v1_f0_el5_v0)) a14_0))
(not (bvsdivo a14_1_1 v1_f0_el5_v0))
(not (bvsdivo a14_1_2 v5_f0_el0_v0))
(not (bvsaddo (bvsdiv a14_1_1 v1_f0_el5_v0) (bvsdiv a14_1_2 v5_f0_el0_v0)))
(not (bvsaddo (bvadd (bvsdiv a14_1_1 v1_f0_el5_v0) (bvsdiv a14_1_2 v5_f0_el0_v0)) a14_1))
(bvsle (bvadd (bvadd (ite (= a14_1_1 #b00000000000000000000000000000000) #b00000000000000000000000000000001 #b00000000000000000000000000000000) (ite (= a14_1_2 #b00000000000000000000000000000000) #b00000000000000000000000000000001 #b00000000000000000000000000000000)) (ite (= a14_1 #b00000000000000000000000000000000) #b00000000000000000000000000000001 #b00000000000000000000000000000000)) #b00000000000000000000000000000001)
(= v5_f0_el0_v1 (bvadd (bvadd (bvsdiv a14_1_1 v1_f0_el5_v0) (bvsdiv a14_1_2 v5_f0_el0_v0)) a14_1))
```
Optimized constraints: 
```
(bvsle (bvadd (bvadd (bvadd (bvadd (bvadd (bvadd (bvadd (bvadd (bvadd (bvadd (bvadd (bvadd (bvadd (bvadd (bvadd (bvadd (bvadd (bvadd (bvadd (ite (= v0_v0 #b00000000000000000000000000000000) #b00000000000000000000000000000001 #b00000000000000000000000000000000) (ite (= v1_f0_el0_v0 #b00000000000000000000000000000000) #b00000000000000000000000000000001 #b00000000000000000000000000000000)) (ite (= v1_f0_el1_v0 #b00000000000000000000000000000000) #b00000000000000000000000000000001 #b00000000000000000000000000000000)) (ite (= v1_f0_el2_v0 #b00000000000000000000000000000000) #b00000000000000000000000000000001 #b00000000000000000000000000000000)) (ite (= v1_f0_el3_v0 #b00000000000000000000000000000000) #b00000000000000000000000000000001 #b00000000000000000000000000000000)) (ite (= v1_f0_el4_v0 #b00000000000000000000000000000000) #b00000000000000000000000000000001 #b00000000000000000000000000000000)) (ite (= v1_f0_el5_v0 #b00000000000000000000000000000000) #b00000000000000000000000000000001 #b00000000000000000000000000000000)) (ite (= v2_v0 #b00000000000000000000000000000000) #b00000000000000000000000000000001 #b00000000000000000000000000000000)) (ite (= v3_el0_v0 #b00000000000000000000000000000000) #b00000000000000000000000000000001 #b00000000000000000000000000000000)) (ite (= v3_el1_v0 #b00000000000000000000000000000000) #b00000000000000000000000000000001 #b00000000000000000000000000000000)) (ite (= v3_el2_v0 #b00000000000000000000000000000000) #b00000000000000000000000000000001 #b00000000000000000000000000000000)) (ite (= v4_v0 #b00000000000000000000000000000000) #b00000000000000000000000000000001 #b00000000000000000000000000000000)) (ite (= v5_f0_el0_v0 #b00000000000000000000000000000000) #b00000000000000000000000000000001 #b00000000000000000000000000000000)) (ite (= v5_f1_el0_v0 #b00000000000000000000000000000000) #b00000000000000000000000000000001 #b00000000000000000000000000000000)) (ite (= v5_f1_el1_v0 #b00000000000000000000000000000000) #b00000000000000000000000000000001 #b00000000000000000000000000000000)) (ite (= v5_f1_el2_v0 #b00000000000000000000000000000000) #b00000000000000000000000000000001 #b00000000000000000000000000000000)) (ite (= v5_f1_el3_v0 #b00000000000000000000000000000000) #b00000000000000000000000000000001 #b00000000000000000000000000000000)) (ite (= v5_f1_el4_v0 #b00000000000000000000000000000000) #b00000000000000000000000000000001 #b00000000000000000000000000000000)) (ite (= v5_f1_el5_v0 #b00000000000000000000000000000000) #b00000000000000000000000000000001 #b00000000000000000000000000000000)) (ite (= v5_f2_v0 #b00000000000000000000000000000000) #b00000000000000000000000000000001 #b00000000000000000000000000000000)) #b00000000000000000000000000001010)
(= v6_v0 init_var6)
(= v7_v0 init_var7)
(distinct v5_f0_el0_v0 #b00000000000000000000000000000000)
(not (bvsdivo a0_0_1 v5_f0_el0_v0))
(not (bvsaddo a0_0_2 v3_el2_v0))
(not (bvssubo (bvsdiv a0_0_1 v5_f0_el0_v0) (bvadd a0_0_2 v3_el2_v0)))
(not (bvssubo (bvsub (bvsdiv a0_0_1 v5_f0_el0_v0) (bvadd a0_0_2 v3_el2_v0)) a0_0))
(bvsle (bvadd (bvadd (ite (= a0_0_1 #b00000000000000000000000000000000) #b00000000000000000000000000000001 #b00000000000000000000000000000000) (ite (= a0_0_2 #b00000000000000000000000000000000) #b00000000000000000000000000000001 #b00000000000000000000000000000000)) (ite (= a0_0 #b00000000000000000000000000000000) #b00000000000000000000000000000001 #b00000000000000000000000000000000)) #b00000000000000000000000000000001)
(= v0_v1 (bvsub (bvsub (bvsdiv a0_0_1 v5_f0_el0_v0) (bvadd a0_0_2 v3_el2_v0)) a0_0))
(not (bvsmulo a0_1_1 v2_v0))
(not (bvssubo a0_1_2 v6_v0))
(not (bvsaddo (bvmul a0_1_1 v2_v0) (bvsub a0_1_2 v6_v0)))
(not (bvsaddo (bvadd (bvmul a0_1_1 v2_v0) (bvsub a0_1_2 v6_v0)) a0_1))
(bvsle (bvadd (bvadd (ite (= a0_1_1 #b00000000000000000000000000000000) #b00000000000000000000000000000001 #b00000000000000000000000000000000) (ite (= a0_1_2 #b00000000000000000000000000000000) #b00000000000000000000000000000001 #b00000000000000000000000000000000)) (ite (= a0_1 #b00000000000000000000000000000000) #b00000000000000000000000000000001 #b00000000000000000000000000000000)) #b00000000000000000000000000000001)
(= v4_v1 (bvadd (bvadd (bvmul a0_1_1 v2_v0) (bvsub a0_1_2 v6_v0)) a0_1))
(distinct v7_v0 #b00000000000000000000000000000000)
(not (bvsdivo a14_0_1 v7_v0))
(distinct v1_f0_el5_v0 #b00000000000000000000000000000000)
(not (bvsdivo a14_0_2 v1_f0_el5_v0))
(not (bvsaddo (bvsrem a14_0_1 v7_v0) (bvsrem a14_0_2 v1_f0_el5_v0)))
(not (bvsaddo (bvadd (bvsrem a14_0_1 v7_v0) (bvsrem a14_0_2 v1_f0_el5_v0)) a14_0))
(bvsle (bvadd (bvadd (ite (= a14_0_1 #b00000000000000000000000000000000) #b00000000000000000000000000000001 #b00000000000000000000000000000000) (ite (= a14_0_2 #b00000000000000000000000000000000) #b00000000000000000000000000000001 #b00000000000000000000000000000000)) (ite (= a14_0 #b00000000000000000000000000000000) #b00000000000000000000000000000001 #b00000000000000000000000000000000)) #b00000000000000000000000000000001)
(= v7_v1 (bvadd (bvadd (bvsrem a14_0_1 v7_v0) (bvsrem a14_0_2 v1_f0_el5_v0)) a14_0))
(not (bvsdivo a14_1_1 v1_f0_el5_v0))
(not (bvsdivo a14_1_2 v5_f0_el0_v0))
(not (bvsaddo (bvsdiv a14_1_1 v1_f0_el5_v0) (bvsdiv a14_1_2 v5_f0_el0_v0)))
(not (bvsaddo (bvadd (bvsdiv a14_1_1 v1_f0_el5_v0) (bvsdiv a14_1_2 v5_f0_el0_v0)) a14_1))
(bvsle (bvadd (bvadd (ite (= a14_1_1 #b00000000000000000000000000000000) #b00000000000000000000000000000001 #b00000000000000000000000000000000) (ite (= a14_1_2 #b00000000000000000000000000000000) #b00000000000000000000000000000001 #b00000000000000000000000000000000)) (ite (= a14_1 #b00000000000000000000000000000000) #b00000000000000000000000000000001 #b00000000000000000000000000000000)) #b00000000000000000000000000000001)
(= v5_f0_el0_v1 (bvadd (bvadd (bvsdiv a14_1_1 v1_f0_el5_v0) (bvsdiv a14_1_2 v5_f0_el0_v0)) a14_1))
```
Constraint stats: asserted=30 addCalls=32 skippedTrue=0 deduped=2 ensureInRangeCalls=63 boundedAlready=0 uniqueConstraintIds=30 uniqueBoundedIds=0 (solverAsserted=0)
Bitwuzla check_sat time: 73ms
Bitwuzla statistics: preprocess::contradicting_ands::num_substs=0 preprocess::contradicting_ands::time_apply=0ms preprocess::elim_extract::num_elim=0 preprocess::elim_extract::time_apply=0ms preprocess::elim_lambda::time_apply=0ms preprocess::elim_udiv::num_eliminated=0 preprocess::elim_udiv::time_apply=0ms preprocess::embedded_constraints::num_substs=2 preprocess::embedded_constraints::time_apply=0ms preprocess::flatten_and::num_assertions=51 preprocess::flatten_and::num_flattened=40 preprocess::flatten_and::time_apply=0ms preprocess::lambda::num_elim=0 preprocess::normalize::num_common_normalizations=1 preprocess::normalize::num_normalizations=16 preprocess::normalize::num_normalized_assertions=7 preprocess::normalize::num_pass1=0 preprocess::normalize::num_pass2=1 preprocess::normalize::time_adder_chains=0ms preprocess::normalize::time_apply=8ms preprocess::normalize::time_compute_occs=0ms preprocess::normalize::time_normalize_add=0ms preprocess::normalize::time_normalize_mul=0ms preprocess::normalize::time_score=6ms preprocess::rewrite::time_apply=0ms preprocess::skeleton_preproc::cnf::clauses=200 preprocess::skeleton_preproc::cnf::lits=380 preprocess::skeleton_preproc::new_assertions=0 preprocess::skeleton_preproc::resets=1 preprocess::skeleton_preproc::time_apply=0ms preprocess::skeleton_preproc::time_encode=0ms preprocess::skeleton_preproc::time_fixed=0ms preprocess::skeleton_preproc::time_sat=0ms preprocess::uninterpreted::num_substs=0 preprocess::uninterpreted::time_apply=0ms preprocess::varsubst::normalize_bv_ineq::num_slt=0 preprocess::varsubst::normalize_bv_ineq::num_ult=0 preprocess::varsubst::normalize_eq::num_bv_concat=0 preprocess::varsubst::normalize_eq::num_gauss_elim=2 preprocess::varsubst::normalize_eq::num_linear_eq=2 preprocess::varsubst::num_substs=6 preprocess::varsubst::time_apply=0ms preprocess::varsubst::time_direct_cycle_check=0ms preprocess::varsubst::time_find_substitution=0ms preprocess::varsubst::time_find_vars=0ms preprocess::varsubst::time_register=0ms preprocess::varsubst::time_remove_cycles=0ms preprocess::varsubst::time_substitute=0ms preprocessor::num_iterations=2 preprocessor::time_preprocess=11ms preprocessor::time_process=0ms rewriter::(normalize)::num_evals=0 rewriter::(normalize)::num_rewrites=121 rewriter::(normalize)::rewrite::BV_ADD_SPECIAL_CONST=13 rewriter::(normalize)::rewrite::BV_MUL_EVAL=1 rewriter::(normalize)::rewrite::BV_MUL_ONES=4 rewriter::(normalize)::rewrite::BV_NEG_ELIM=4 rewriter::(normalize)::rewrite::BV_NOT_BV_NOT=19 rewriter::(normalize)::rewrite::NORMALIZE_COMM=80 rewriter::eval::BV_MUL_EVAL=1 rewriter::eval::BV_NEG_EVAL=1 rewriter::eval::BV_SHL_EVAL=1 rewriter::eval::EQUAL_EVAL=2 rewriter::eval::IMPLIES_EVAL=1 rewriter::num_evals=6 rewriter::num_rewrites=627 rewriter::rewrite::BV_ADD_EVAL=2 rewriter::rewrite::BV_ADD_ITE2=32 rewriter::rewrite::BV_ADD_SPECIAL_CONST=30 rewriter::rewrite::BV_EXTRACT_FULL=2 rewriter::rewrite::BV_MUL_ONE=2 rewriter::rewrite::BV_NEG_ELIM=19 rewriter::rewrite::BV_NOT_BV_NOT=94 rewriter::rewrite::BV_NOT_EVAL=2 rewriter::rewrite::BV_OR_ELIM=59 rewriter::rewrite::BV_SADDO_ELIM=7 rewriter::rewrite::BV_SDIVO_ELIM=5 rewriter::rewrite::BV_SDIV_ELIM=3 rewriter::rewrite::BV_SHL_SPECIAL_CONST=1 rewriter::rewrite::BV_SIGN_EXTEND_ELIM=4 rewriter::rewrite::BV_SLE_ELIM=5 rewriter::rewrite::BV_SMULO_ELIM=1 rewriter::rewrite::BV_SREM_ELIM=2 rewriter::rewrite::BV_SSUBO_ELIM=3 rewriter::rewrite::BV_SUB_ELIM=5 rewriter::rewrite::DISTINCT_ELIM=3 rewriter::rewrite::EQUAL_BV_SUB=3 rewriter::rewrite::EQUAL_CONST_BV_NOT=31 rewriter::rewrite::EQUAL_SPECIAL_CONST=2 rewriter::rewrite::EQUAL_TRUE=5 rewriter::rewrite::IMPLIES_ELIM=1 rewriter::rewrite::ITE_EVAL=2 rewriter::rewrite::NORMALIZE_COMM=261 rewriter::rewrite::NOT_EQUAL_BV1_BOOL=21 rewriter::rewrite::NOT_NOT=10 rewriter::rewrite::OR_ELIM=10 solver::abstract::lemmas::MUL_NEG_POW2=1 solver::abstract::num_checks=2 solver::abstract::terms::BV_MUL=1 solver::abstract::terms::total=1 solver::abstract::time_check=1ms solver::array::equalities=0 solver::array::num_checks=0 solver::array::propagations=0 solver::array::propagations_down=0 solver::array::propagations_up=0 solver::array::selects=0 solver::array::time_check=0ms solver::bv::bitblast::aig::num_ands=55504 solver::bv::bitblast::aig::num_consts=1121 solver::bv::bitblast::aig::num_shared=9775 solver::bv::bitblast::aig::time_bitblast=9ms solver::bv::bitblast::cnf::num_clauses=138140 solver::bv::bitblast::cnf::num_literals=336698 solver::bv::bitblast::cnf::num_vars=45308 solver::bv::bitblast::cnf::time_encode=43ms solver::bv::bitblast::sat::time_solve=7ms solver::bv::num_assertions=66 solver::bv::num_checks=2 solver::bv::time_check=50ms solver::engine::lemmas::abstr=1 solver::engine::lemmas::array=0 solver::engine::lemmas::fp=0 solver::engine::lemmas::fun=0 solver::engine::lemmas::quant=0 solver::engine::lemmas::total=1 solver::engine::time_register_term=0ms solver::engine::time_solve=62ms solver::fun::num_checks=1 solver::fun::time_check=0ms solver::quant::mbqi_checks=0 solver::quant::num_lemma_iterations=0 solver::quant::num_lemmas=0 solver::quant::time_check=0ms solver::quant::time_mbqi=0ms solver::quant::time_process=0ms solving_context::max_memory=45248512 solving_context::time_ensure_model=0ms solving_context::time_solve=73ms
SAT
Extract symbols: sym=init_var6, value=-1
Extract symbols: sym=init_var7, value=-1
Extract symbols: sym=a0_0_1, value=-1
Extract symbols: sym=a0_0_2, value=-1
Extract symbols: sym=a0_0, value=-1
Extract symbols: sym=a0_1_1, value=-1
Extract symbols: sym=a0_1_2, value=-1
Extract symbols: sym=a0_1, value=-1
Extract symbols: sym=a1_0_1, value=0
Extract symbols: sym=a1_0_2, value=0
Extract symbols: sym=a1_0, value=0
Extract symbols: sym=a1_1_1, value=0
Extract symbols: sym=a1_1_2, value=0
Extract symbols: sym=a1_1, value=0
Extract symbols: sym=b1_2_1, value=0
Extract symbols: sym=b1_2_2, value=0
Extract symbols: sym=b1_2_3, value=0
Extract symbols: sym=b1_2, value=0
Extract symbols: sym=a2_0_1, value=0
Extract symbols: sym=a2_0_2, value=0
Extract symbols: sym=a2_0, value=0
Extract symbols: sym=a2_1_1, value=0
Extract symbols: sym=a2_1_2, value=0
Extract symbols: sym=a2_1, value=0
Extract symbols: sym=b2_2_1, value=0
Extract symbols: sym=b2_2_2, value=0
Extract symbols: sym=b2_2_3, value=0
Extract symbols: sym=b2_2, value=0
Extract symbols: sym=a3_0_1, value=0
Extract symbols: sym=a3_0_2, value=0
Extract symbols: sym=a3_0, value=0
Extract symbols: sym=a3_1_1, value=0
Extract symbols: sym=a3_1_2, value=0
Extract symbols: sym=a3_1, value=0
Extract symbols: sym=a4_0_1, value=0
Extract symbols: sym=a4_0_2, value=0
Extract symbols: sym=a4_0, value=0
Extract symbols: sym=a4_1_1, value=0
Extract symbols: sym=a4_1_2, value=0
Extract symbols: sym=a4_1, value=0
Extract symbols: sym=b4_2_1, value=0
Extract symbols: sym=b4_2_2, value=0
Extract symbols: sym=b4_2_3, value=0
Extract symbols: sym=b4_2, value=0
Extract symbols: sym=a5_0_1, value=0
Extract symbols: sym=a5_0_2, value=0
Extract symbols: sym=a5_0, value=0
Extract symbols: sym=a5_1_1, value=0
Extract symbols: sym=a5_1_2, value=0
Extract symbols: sym=a5_1, value=0
Extract symbols: sym=b5_2_1, value=0
Extract symbols: sym=b5_2_2, value=0
Extract symbols: sym=b5_2_3, value=0
Extract symbols: sym=b5_2, value=0
Extract symbols: sym=a6_0_1, value=0
Extract symbols: sym=a6_0_2, value=0
Extract symbols: sym=a6_0, value=0
Extract symbols: sym=a6_1_1, value=0
Extract symbols: sym=a6_1_2, value=0
Extract symbols: sym=a6_1, value=0
Extract symbols: sym=b6_2_1, value=0
Extract symbols: sym=b6_2_2, value=0
Extract symbols: sym=b6_2_3, value=0
Extract symbols: sym=b6_2, value=0
Extract symbols: sym=a7_0_1, value=0
Extract symbols: sym=a7_0_2, value=0
Extract symbols: sym=a7_0, value=0
Extract symbols: sym=a7_1_1, value=0
Extract symbols: sym=a7_1_2, value=0
Extract symbols: sym=a7_1, value=0
Extract symbols: sym=b7_2_1, value=0
Extract symbols: sym=b7_2_2, value=0
Extract symbols: sym=b7_2_3, value=0
Extract symbols: sym=b7_2, value=0
Extract symbols: sym=a8_0_1, value=0
Extract symbols: sym=a8_0_2, value=0
Extract symbols: sym=a8_0, value=0
Extract symbols: sym=a8_1_1, value=0
Extract symbols: sym=a8_1_2, value=0
Extract symbols: sym=a8_1, value=0
Extract symbols: sym=a9_0_1, value=0
Extract symbols: sym=a9_0_2, value=0
Extract symbols: sym=a9_0, value=0
Extract symbols: sym=a9_1_1, value=0
Extract symbols: sym=a9_1_2, value=0
Extract symbols: sym=a9_1, value=0
Extract symbols: sym=b9_2_1, value=0
Extract symbols: sym=b9_2_2, value=0
Extract symbols: sym=b9_2_3, value=0
Extract symbols: sym=b9_2, value=0
Extract symbols: sym=a10_0_1, value=0
Extract symbols: sym=a10_0_2, value=0
Extract symbols: sym=a10_0, value=0
Extract symbols: sym=a10_1_1, value=0
Extract symbols: sym=a10_1_2, value=0
Extract symbols: sym=a10_1, value=0
Extract symbols: sym=a11_0_1, value=0
Extract symbols: sym=a11_0_2, value=0
Extract symbols: sym=a11_0, value=0
Extract symbols: sym=a11_1_1, value=0
Extract symbols: sym=a11_1_2, value=0
Extract symbols: sym=a11_1, value=0
Extract symbols: sym=a12_0_1, value=0
Extract symbols: sym=a12_0_2, value=0
Extract symbols: sym=a12_0, value=0
Extract symbols: sym=a12_1_1, value=0
Extract symbols: sym=a12_1_2, value=0
Extract symbols: sym=a12_1, value=0
Extract symbols: sym=b12_2_1, value=0
Extract symbols: sym=b12_2_2, value=0
Extract symbols: sym=b12_2_3, value=0
Extract symbols: sym=b12_2, value=0
Extract symbols: sym=a13_0_1, value=0
Extract symbols: sym=a13_0_2, value=0
Extract symbols: sym=a13_0, value=0
Extract symbols: sym=a13_1_1, value=0
Extract symbols: sym=a13_1_2, value=0
Extract symbols: sym=a13_1, value=0
Extract symbols: sym=a14_0_1, value=-1
Extract symbols: sym=a14_0_2, value=-1
Extract symbols: sym=a14_0, value=-1
Extract symbols: sym=a14_1_1, value=-1
Extract symbols: sym=a14_1_2, value=-1
Extract symbols: sym=a14_1, value=-1
--------IntUBInject: Inject Int UBs to Block BB1--------------------------------------------
Collected constraints:
(bvsge v1_f0_v0 #b110000000000000000000000000000000)
(bvsle v1_f0_v0 #b001111111111111111111111111111111)
(bvsge v5_f0_v0 #b110000000000000000000000000000000)
(bvsle v5_f0_v0 #b001111111111111111111111111111111)
(bvsge v5_f1_v0 #b110000000000000000000000000000000)
(bvsle v5_f1_v0 #b001111111111111111111111111111111)
(bvsge v5_f2_v0 #b110000000000000000000000000000000)
(bvsle v5_f2_v0 #b001111111111111111111111111111111)
(bvsge v5_f0_v0 #b110000000000000000000000000000000)
(bvsle v5_f0_v0 #b001111111111111111111111111111111)
(bvsge v5_f1_v0 #b110000000000000000000000000000000)
(bvsle v5_f1_v0 #b001111111111111111111111111111111)
(bvsge v5_f2_v0 #b110000000000000000000000000000000)
(bvsle v5_f2_v0 #b001111111111111111111111111111111)
(bvsle v6_v0 #b001111111111111111111111111111111)
(bvsge v6_v0 #b110000000000000000000000000000000)
(= v0_v1 (bvadd (bvadd #b000000000000000000000000000000000 (bvsub #b000000000000000000000000000000000 v5_f2_v0)) (bvadd #b000000000000000000000000000000000 v1_f0_v0)))
(distinct v5_f2_v0 #b000000000000000000000000000000000)
(= v4_v1 (bvsub (bvsub #b000000000000000000000000000000000 (bvadd #b000000000000000000000000000000000 v6_v0)) (bvsrem #b000000000000000000000000000000000 v5_f2_v0)))
(let ((_let0 (bvadd (bvadd #b000000000000000000000000000000000 (bvsub #b000000000000000000000000000000000 v5_f2_v0)) (bvadd #b000000000000000000000000000000000 v1_f0_v0)))) (let ((_let1 (bvsub (bvsub #b000000000000000000000000000000000 (bvadd #b000000000000000000000000000000000 v6_v0)) (bvsrem #b000000000000000000000000000000000 v5_f2_v0)))) (let ((_let2 (bvsub (bvsub (bvsub #b000000000000000000000000000000000 (bvsub #b000000000000000000000000000000000 v6_v0)) (bvmul #b000000000000000000000000000000000 v4_v1)) (bvadd #b000000000000000000000000000000000 v0_v1)))) (or (or (or false (or (bvsgt _let0 #b001111111111111111111111111111111) (bvslt _let0 #b110000000000000000000000000000000))) (or (bvsgt _let1 #b001111111111111111111111111111111) (bvslt _let1 #b110000000000000000000000000000000))) (or (bvsgt _let2 #b001111111111111111111111111111111) (bvslt _let2 #b110000000000000000000000000000000))))))
SAT
Adding initializations to ensure undefined behaviors
Let variable: var=v1_f0, value=1
Let variable: var=v5_f2, value=-2147483647
Let variable: var=v5_f2, value=-2147483647
Let variable: var=v6, value=2147483647
--------IntUBInject: Inject Int UBs to Block BB3--------------------------------------------
Collected constraints:
(bvsle v3_el2_v0 #b001111111111111111111111111111111)
(bvsge v3_el2_v0 #b110000000000000000000000000000000)
(bvsge v1_f0_v0 #b110000000000000000000000000000000)
(bvsle v1_f0_v0 #b001111111111111111111111111111111)
(bvsle v0_v0 #b001111111111111111111111111111111)
(bvsge v0_v0 #b110000000000000000000000000000000)
(bvsge v5_f0_v0 #b110000000000000000000000000000000)
(bvsle v5_f0_v0 #b001111111111111111111111111111111)
(bvsge v5_f1_v0 #b110000000000000000000000000000000)
(bvsle v5_f1_v0 #b001111111111111111111111111111111)
(bvsge v5_f2_v0 #b110000000000000000000000000000000)
(bvsle v5_f2_v0 #b001111111111111111111111111111111)
(= #b000000000000000000000000000000000 #b000000000000000000000000000000000)
(= #b000000000000000000000000000000000 #b000000000000000000000000000000000)
(= #b000000000000000000000000000000010 #b000000000000000000000000000000010)
(= v3_el2_v1 (bvadd (bvadd #b000000000000000000000000000000000 (bvsub #b000000000000000000000000000000000 v1_f0_v0)) (bvsub #b000000000000000000000000000000000 v3_el2_v0)))
(distinct v5_f2_v0 #b000000000000000000000000000000000)
(= v7_v1 (bvadd (bvadd #b000000000000000000000000000000000 (bvsrem #b000000000000000000000000000000000 v5_f2_v0)) (bvsub #b000000000000000000000000000000000 v0_v0)))
(let ((_let0 (bvadd (bvadd #b000000000000000000000000000000000 (bvsub #b000000000000000000000000000000000 v1_f0_v0)) (bvsub #b000000000000000000000000000000000 v3_el2_v0)))) (let ((_let1 (bvadd (bvadd #b000000000000000000000000000000000 (bvsrem #b000000000000000000000000000000000 v5_f2_v0)) (bvsub #b000000000000000000000000000000000 v0_v0)))) (or (or false (or (bvsgt _let0 #b001111111111111111111111111111111) (bvslt _let0 #b110000000000000000000000000000000))) (or (bvsgt _let1 #b001111111111111111111111111111111) (bvslt _let1 #b110000000000000000000000000000000)))))
SAT
Adding initializations to ensure undefined behaviors
Let variable: var=v3_el2, value=2
Let variable: var=v1_f0, value=-1
Let variable: var=v0, value=-2147483648
Let variable: var=v5_f2, value=-1
--------IntUBInject: Inject Int UBs to Block BB4--------------------------------------------
Collected constraints:
(bvsle v7_v0 #b001111111111111111111111111111111)
(bvsge v7_v0 #b110000000000000000000000000000000)
(bvsle v2_v0 #b001111111111111111111111111111111)
(bvsge v2_v0 #b110000000000000000000000000000000)
(bvsle v3_el2_v0 #b001111111111111111111111111111111)
(bvsge v3_el2_v0 #b110000000000000000000000000000000)
(bvsle v6_v0 #b001111111111111111111111111111111)
(bvsge v6_v0 #b110000000000000000000000000000000)
(distinct v2_v0 #b000000000000000000000000000000000)
(= v1_f0_v1 (bvadd (bvadd #b000000000000000000000000000000000 (bvsrem #b000000000000000000000000000000000 v2_v0)) (bvmul #b000000000000000000000000000000000 v7_v0)))
(= #b000000000000000000000000000000000 #b000000000000000000000000000000000)
(= #b000000000000000000000000000000000 #b000000000000000000000000000000000)
(= #b000000000000000000000000000000010 #b000000000000000000000000000000010)
(distinct v3_el2_v0 #b000000000000000000000000000000000)
(distinct v6_v0 #b000000000000000000000000000000000)
(= v2_v1 (bvadd (bvadd #b000000000000000000000000000000000 (bvsrem #b000000000000000000000000000000000 v6_v0)) (bvsrem #b000000000000000000000000000000000 v3_el2_v0)))
(distinct v2_v1 #b000000000000000000000000000000000)
(distinct v5_f2_v0 #b000000000000000000000000000000000)
(let ((_let0 (bvadd (bvadd #b000000000000000000000000000000000 (bvsrem #b000000000000000000000000000000000 v2_v0)) (bvmul #b000000000000000000000000000000000 v7_v0)))) (let ((_let1 (bvadd (bvadd #b000000000000000000000000000000000 (bvsrem #b000000000000000000000000000000000 v6_v0)) (bvsrem #b000000000000000000000000000000000 v3_el2_v0)))) (let ((_let2 (bvadd (bvadd (bvadd #b000000000000000000000000000000000 (bvsrem #b000000000000000000000000000000000 v5_f2_v0)) (bvsdiv #b000000000000000000000000000000000 v2_v1)) (bvmul #b000000000000000000000000000000000 v1_f0_v1)))) (or (or (or false (or (bvsgt _let0 #b001111111111111111111111111111111) (bvslt _let0 #b110000000000000000000000000000000))) (or (bvsgt _let1 #b001111111111111111111111111111111) (bvslt _let1 #b110000000000000000000000000000000))) (or (bvsgt _let2 #b001111111111111111111111111111111) (bvslt _let2 #b110000000000000000000000000000000))))))
UNSAT
----------IntUBInject: Inject Int UBs to Block BB5------------------------------------------
Collected constraints:
(bvsge v5_f0_v0 #b110000000000000000000000000000000)
(bvsle v5_f0_v0 #b001111111111111111111111111111111)
(bvsge v5_f1_v0 #b110000000000000000000000000000000)
(bvsle v5_f1_v0 #b001111111111111111111111111111111)
(bvsge v5_f2_v0 #b110000000000000000000000000000000)
(bvsle v5_f2_v0 #b001111111111111111111111111111111)
(bvsge v1_f0_v0 #b110000000000000000000000000000000)
(bvsle v1_f0_v0 #b001111111111111111111111111111111)
(bvsle v0_v0 #b001111111111111111111111111111111)
(bvsge v0_v0 #b110000000000000000000000000000000)
(bvsle v7_v0 #b001111111111111111111111111111111)
(bvsge v7_v0 #b110000000000000000000000000000000)
(= v5_f1_v1 (bvsub (bvsub #b000000000000000000000000000000000 (bvadd #b000000000000000000000000000000000 v1_f0_v0)) (bvsub #b000000000000000000000000000000000 v5_f1_v0)))
(distinct v0_v0 #b000000000000000000000000000000000)
(distinct v7_v0 #b000000000000000000000000000000000)
(= v1_f0_v1 (bvsub (bvsub #b000000000000000000000000000000000 (bvsrem #b000000000000000000000000000000000 v7_v0)) (bvsdiv #b000000000000000000000000000000000 v0_v0)))
(distinct v5_f2_v0 #b000000000000000000000000000000000)
(= #b000000000000000000000000000000000 #b000000000000000000000000000000000)
(= #b000000000000000000000000000000000 #b000000000000000000000000000000000)
(= #b000000000000000000000000000000010 #b000000000000000000000000000000010)
(let ((_let0 (bvsub (bvsub #b000000000000000000000000000000000 (bvadd #b000000000000000000000000000000000 v1_f0_v0)) (bvsub #b000000000000000000000000000000000 v5_f1_v0)))) (let ((_let1 (bvsub (bvsub #b000000000000000000000000000000000 (bvsrem #b000000000000000000000000000000000 v7_v0)) (bvsdiv #b000000000000000000000000000000000 v0_v0)))) (let ((_let2 (bvsub (bvsub (bvsub #b000000000000000000000000000000000 (bvsub #b000000000000000000000000000000000 v3_el2_v0)) (bvsub #b000000000000000000000000000000000 v1_f0_v1)) (bvsrem #b000000000000000000000000000000000 v5_f2_v0)))) (or (or (or false (or (bvsgt _let0 #b001111111111111111111111111111111) (bvslt _let0 #b110000000000000000000000000000000))) (or (bvsgt _let1 #b001111111111111111111111111111111) (bvslt _let1 #b110000000000000000000000000000000))) (or (bvsgt _let2 #b001111111111111111111111111111111) (bvslt _let2 #b110000000000000000000000000000000))))))
SAT
Adding initializations to ensure undefined behaviors
Let variable: var=v5_f1, value=-2
Let variable: var=v1_f0, value=-1
Let variable: var=v0, value=-1
Let variable: var=v7, value=-1
----------IntUBInject: Inject Int UBs to Block BB10------------------------------------------
Collected constraints:
(bvsle v3_el2_v0 #b001111111111111111111111111111111)
(bvsge v3_el2_v0 #b110000000000000000000000000000000)
(bvsle v0_v0 #b001111111111111111111111111111111)
(bvsge v0_v0 #b110000000000000000000000000000000)
(bvsge v1_f0_v0 #b110000000000000000000000000000000)
(bvsle v1_f0_v0 #b001111111111111111111111111111111)
(bvsle v0_v0 #b001111111111111111111111111111111)
(bvsge v0_v0 #b110000000000000000000000000000000)
(= #b000000000000000000000000000000000 #b000000000000000000000000000000000)
(= #b000000000000000000000000000000000 #b000000000000000000000000000000000)
(= #b000000000000000000000000000000010 #b000000000000000000000000000000010)
(distinct v3_el2_v0 #b000000000000000000000000000000000)
(= v6_v1 (bvsub (bvsub #b000000000000000000000000000000000 (bvmul #b000000000000000000000000000000000 v0_v0)) (bvsdiv #b000000000000000000000000000000000 v3_el2_v0)))
(distinct v1_f0_v0 #b000000000000000000000000000000000)
(= v4_v1 (bvsub (bvsub #b000000000000000000000000000000000 (bvmul #b000000000000000000000000000000000 v0_v0)) (bvsdiv #b000000000000000000000000000000000 v1_f0_v0)))
(let ((_let0 (bvsub #b000000000000000000000000000000000 (bvmul #b000000000000000000000000000000000 v0_v0)))) (let ((_let1 (bvsub _let0 (bvsdiv #b000000000000000000000000000000000 v3_el2_v0)))) (let ((_let2 (bvsub _let0 (bvsdiv #b000000000000000000000000000000000 v1_f0_v0)))) (or (or false (or (bvsgt _let1 #b001111111111111111111111111111111) (bvslt _let1 #b110000000000000000000000000000000))) (or (bvsgt _let2 #b001111111111111111111111111111111) (bvslt _let2 #b110000000000000000000000000000000))))))
UNSAT
------------IntUBInject: Inject Int UBs to Block BB11----------------------------------------
Collected constraints:
(bvsle v3_el2_v0 #b001111111111111111111111111111111)
(bvsge v3_el2_v0 #b110000000000000000000000000000000)
(bvsle v4_v0 #b001111111111111111111111111111111)
(bvsge v4_v0 #b110000000000000000000000000000000)
(bvsge v5_f0_v0 #b110000000000000000000000000000000)
(bvsle v5_f0_v0 #b001111111111111111111111111111111)
(bvsge v5_f1_v0 #b110000000000000000000000000000000)
(bvsle v5_f1_v0 #b001111111111111111111111111111111)
(bvsge v5_f2_v0 #b110000000000000000000000000000000)
(bvsle v5_f2_v0 #b001111111111111111111111111111111)
(= #b000000000000000000000000000000000 #b000000000000000000000000000000000)
(= #b000000000000000000000000000000000 #b000000000000000000000000000000000)
(= #b000000000000000000000000000000010 #b000000000000000000000000000000010)
(= v7_v1 (bvadd (bvadd #b000000000000000000000000000000000 (bvadd #b000000000000000000000000000000000 v4_v0)) (bvsub #b000000000000000000000000000000000 v3_el2_v0)))
(distinct v5_f0_v0 #b000000000000000000000000000000000)
(= v5_f0_v1 (bvadd (bvadd #b000000000000000000000000000000000 (bvsdiv #b000000000000000000000000000000000 v5_f0_v0)) (bvmul #b000000000000000000000000000000000 v7_v1)))
(let ((_let0 (bvadd (bvadd #b000000000000000000000000000000000 (bvadd #b000000000000000000000000000000000 v4_v0)) (bvsub #b000000000000000000000000000000000 v3_el2_v0)))) (let ((_let1 (bvadd (bvadd #b000000000000000000000000000000000 (bvsdiv #b000000000000000000000000000000000 v5_f0_v0)) (bvmul #b000000000000000000000000000000000 v7_v1)))) (or (or false (or (bvsgt _let0 #b001111111111111111111111111111111) (bvslt _let0 #b110000000000000000000000000000000))) (or (bvsgt _let1 #b001111111111111111111111111111111) (bvslt _let1 #b110000000000000000000000000000000)))))
SAT
Adding initializations to ensure undefined behaviors
Let variable: var=v3_el2, value=1073741824
Let variable: var=v4, value=-1073741825
Let variable: var=v5_f0, value=1
------------IntUBInject: Inject Int UBs to Block BB12----------------------------------------
Collected constraints:
(bvsle v4_v0 #b001111111111111111111111111111111)
(bvsge v4_v0 #b110000000000000000000000000000000)
(bvsge v1_f0_v0 #b110000000000000000000000000000000)
(bvsle v1_f0_v0 #b001111111111111111111111111111111)
(bvsle v7_v0 #b001111111111111111111111111111111)
(bvsge v7_v0 #b110000000000000000000000000000000)
(bvsge v5_f0_v0 #b110000000000000000000000000000000)
(bvsle v5_f0_v0 #b001111111111111111111111111111111)
(bvsge v5_f1_v0 #b110000000000000000000000000000000)
(bvsle v5_f1_v0 #b001111111111111111111111111111111)
(bvsge v5_f2_v0 #b110000000000000000000000000000000)
(bvsle v5_f2_v0 #b001111111111111111111111111111111)
(distinct v1_f0_v0 #b000000000000000000000000000000000)
(= v4_v1 (bvsub (bvsub #b000000000000000000000000000000000 (bvsrem #b000000000000000000000000000000000 v1_f0_v0)) (bvadd #b000000000000000000000000000000000 v4_v0)))
(distinct v5_f0_v0 #b000000000000000000000000000000000)
(= v1_f0_v1 (bvadd (bvadd #b000000000000000000000000000000000 (bvsdiv #b000000000000000000000000000000000 v5_f0_v0)) (bvsub #b000000000000000000000000000000000 v7_v0)))
(distinct v4_v1 #b000000000000000000000000000000000)
(= #b000000000000000000000000000000000 #b000000000000000000000000000000000)
(= #b000000000000000000000000000000000 #b000000000000000000000000000000000)
(= #b000000000000000000000000000000010 #b000000000000000000000000000000010)
(let ((_let0 (bvsub (bvsub #b000000000000000000000000000000000 (bvsrem #b000000000000000000000000000000000 v1_f0_v0)) (bvadd #b000000000000000000000000000000000 v4_v0)))) (let ((_let1 (bvadd (bvadd #b000000000000000000000000000000000 (bvsdiv #b000000000000000000000000000000000 v5_f0_v0)) (bvsub #b000000000000000000000000000000000 v7_v0)))) (let ((_let2 (bvsub (bvsub (bvsub #b000000000000000000000000000000000 (bvsub #b000000000000000000000000000000000 v3_el2_v0)) (bvmul #b000000000000000000000000000000000 v1_f0_v1)) (bvsrem #b000000000000000000000000000000000 v4_v1)))) (or (or (or false (or (bvsgt _let0 #b001111111111111111111111111111111) (bvslt _let0 #b110000000000000000000000000000000))) (or (bvsgt _let1 #b001111111111111111111111111111111) (bvslt _let1 #b110000000000000000000000000000000))) (or (bvsgt _let2 #b001111111111111111111111111111111) (bvslt _let2 #b110000000000000000000000000000000))))))
SAT
Adding initializations to ensure undefined behaviors
Let variable: var=v4, value=-1
Let variable: var=v1_f0, value=-1
Let variable: var=v7, value=1
Let variable: var=v5_f0, value=-1
------------IntUBInject: Inject Int UBs to Block BB13----------------------------------------
Collected constraints:
(bvsle v6_v0 #b001111111111111111111111111111111)
(bvsge v6_v0 #b110000000000000000000000000000000)
(bvsle v0_v0 #b001111111111111111111111111111111)
(bvsge v0_v0 #b110000000000000000000000000000000)
(bvsle v4_v0 #b001111111111111111111111111111111)
(bvsge v4_v0 #b110000000000000000000000000000000)
(distinct v0_v0 #b000000000000000000000000000000000)
(= v7_v1 (bvsub (bvsub #b000000000000000000000000000000000 (bvsdiv #b000000000000000000000000000000000 v0_v0)) (bvsub #b000000000000000000000000000000000 v6_v0)))
(distinct v4_v0 #b000000000000000000000000000000000)
(= v4_v1 (bvsub (bvsub #b000000000000000000000000000000000 (bvsdiv #b000000000000000000000000000000000 v4_v0)) (bvadd #b000000000000000000000000000000000 v7_v1)))
(let ((_let0 (bvsub (bvsub #b000000000000000000000000000000000 (bvsdiv #b000000000000000000000000000000000 v0_v0)) (bvsub #b000000000000000000000000000000000 v6_v0)))) (let ((_let1 (bvsub (bvsub #b000000000000000000000000000000000 (bvsdiv #b000000000000000000000000000000000 v4_v0)) (bvadd #b000000000000000000000000000000000 v7_v1)))) (or (or false (or (bvsgt _let0 #b001111111111111111111111111111111) (bvslt _let0 #b110000000000000000000000000000000))) (or (bvsgt _let1 #b001111111111111111111111111111111) (bvslt _let1 #b110000000000000000000000000000000)))))
SAT
Adding initializations to ensure undefined behaviors
Let variable: var=v6, value=-2147483648
Let variable: var=v0, value=-1
Let variable: var=v4, value=-1
Extract initialization: param=v0, value=-1
Extract initialization: param=v1, value=-1
Extract initialization: param=v1, value=-1
Extract initialization: param=v1, value=-1
Extract initialization: param=v1, value=-1
Extract initialization: param=v1, value=-1
Extract initialization: param=v1, value=-1
Extract initialization: param=v2, value=-1
Extract initialization: param=v3, value=-1
Extract initialization: param=v3, value=-1
Extract initialization: param=v3, value=4
Extract initialization: param=v4, value=-1
Extract initialization: param=v5, value=-1
Extract initialization: param=v5, value=-1
Extract initialization: param=v5, value=-1
Extract initialization: param=v5, value=-1
Extract initialization: param=v5, value=-1
Extract initialization: param=v5, value=-1
Extract initialization: param=v5, value=-1
Extract initialization: param=v5, value=-1
Extract finalization: param=v0, value=-1
Extract finalization: param=v1, value=-1
Extract finalization: param=v1, value=-1
Extract finalization: param=v1, value=-1
Extract finalization: param=v1, value=-1
Extract finalization: param=v1, value=-1
Extract finalization: param=v1, value=-1
Extract finalization: param=v2, value=-1
Extract finalization: param=v3, value=-1
Extract finalization: param=v3, value=-1
Extract finalization: param=v3, value=4
Extract finalization: param=v4, value=0
Extract finalization: param=v5, value=1
Extract finalization: param=v5, value=-1
Extract finalization: param=v5, value=-1
Extract finalization: param=v5, value=-1
Extract finalization: param=v5, value=-1
Extract finalization: param=v5, value=-1
Extract finalization: param=v5, value=-1
Extract finalization: param=v5, value=-1
----------SymExec: Iteration 1------------------------------------------
Generating or re-generating UB-free constraints
Initial constraints: 
```
(bvsle (bvadd (bvadd (bvadd (bvadd (bvadd (bvadd (bvadd (bvadd (bvadd (bvadd (bvadd (bvadd (bvadd (bvadd (bvadd (bvadd (bvadd (bvadd (bvadd (ite (= v0_v0 #b00000000000000000000000000000000) #b00000000000000000000000000000001 #b00000000000000000000000000000000) (ite (= v1_f0_el0_v0 #b00000000000000000000000000000000) #b00000000000000000000000000000001 #b00000000000000000000000000000000)) (ite (= v1_f0_el1_v0 #b00000000000000000000000000000000) #b00000000000000000000000000000001 #b00000000000000000000000000000000)) (ite (= v1_f0_el2_v0 #b00000000000000000000000000000000) #b00000000000000000000000000000001 #b00000000000000000000000000000000)) (ite (= v1_f0_el3_v0 #b00000000000000000000000000000000) #b00000000000000000000000000000001 #b00000000000000000000000000000000)) (ite (= v1_f0_el4_v0 #b00000000000000000000000000000000) #b00000000000000000000000000000001 #b00000000000000000000000000000000)) (ite (= v1_f0_el5_v0 #b00000000000000000000000000000000) #b00000000000000000000000000000001 #b00000000000000000000000000000000)) (ite (= v2_v0 #b00000000000000000000000000000000) #b00000000000000000000000000000001 #b00000000000000000000000000000000)) (ite (= v3_el0_v0 #b00000000000000000000000000000000) #b00000000000000000000000000000001 #b00000000000000000000000000000000)) (ite (= v3_el1_v0 #b00000000000000000000000000000000) #b00000000000000000000000000000001 #b00000000000000000000000000000000)) (ite (= v3_el2_v0 #b00000000000000000000000000000000) #b00000000000000000000000000000001 #b00000000000000000000000000000000)) (ite (= v4_v0 #b00000000000000000000000000000000) #b00000000000000000000000000000001 #b00000000000000000000000000000000)) (ite (= v5_f0_el0_v0 #b00000000000000000000000000000000) #b00000000000000000000000000000001 #b00000000000000000000000000000000)) (ite (= v5_f1_el0_v0 #b00000000000000000000000000000000) #b00000000000000000000000000000001 #b00000000000000000000000000000000)) (ite (= v5_f1_el1_v0 #b00000000000000000000000000000000) #b00000000000000000000000000000001 #b00000000000000000000000000000000)) (ite (= v5_f1_el2_v0 #b00000000000000000000000000000000) #b00000000000000000000000000000001 #b00000000000000000000000000000000)) (ite (= v5_f1_el3_v0 #b00000000000000000000000000000000) #b00000000000000000000000000000001 #b00000000000000000000000000000000)) (ite (= v5_f1_el4_v0 #b00000000000000000000000000000000) #b00000000000000000000000000000001 #b00000000000000000000000000000000)) (ite (= v5_f1_el5_v0 #b00000000000000000000000000000000) #b00000000000000000000000000000001 #b00000000000000000000000000000000)) (ite (= v5_f2_v0 #b00000000000000000000000000000000) #b00000000000000000000000000000001 #b00000000000000000000000000000000)) #b00000000000000000000000000001010)
```
Final constraints: 
```
(bvsle (bvadd (bvadd (bvadd (bvadd (bvadd (bvadd (bvadd (bvadd (bvadd (bvadd (bvadd (bvadd (bvadd (bvadd (bvadd (bvadd (bvadd (bvadd (bvadd (ite (= v0_v0 #b00000000000000000000000000000000) #b00000000000000000000000000000001 #b00000000000000000000000000000000) (ite (= v1_f0_el0_v0 #b00000000000000000000000000000000) #b00000000000000000000000000000001 #b00000000000000000000000000000000)) (ite (= v1_f0_el1_v0 #b00000000000000000000000000000000) #b00000000000000000000000000000001 #b00000000000000000000000000000000)) (ite (= v1_f0_el2_v0 #b00000000000000000000000000000000) #b00000000000000000000000000000001 #b00000000000000000000000000000000)) (ite (= v1_f0_el3_v0 #b00000000000000000000000000000000) #b00000000000000000000000000000001 #b00000000000000000000000000000000)) (ite (= v1_f0_el4_v0 #b00000000000000000000000000000000) #b00000000000000000000000000000001 #b00000000000000000000000000000000)) (ite (= v1_f0_el5_v0 #b00000000000000000000000000000000) #b00000000000000000000000000000001 #b00000000000000000000000000000000)) (ite (= v2_v0 #b00000000000000000000000000000000) #b00000000000000000000000000000001 #b00000000000000000000000000000000)) (ite (= v3_el0_v0 #b00000000000000000000000000000000) #b00000000000000000000000000000001 #b00000000000000000000000000000000)) (ite (= v3_el1_v0 #b00000000000000000000000000000000) #b00000000000000000000000000000001 #b00000000000000000000000000000000)) (ite (= v3_el2_v0 #b00000000000000000000000000000000) #b00000000000000000000000000000001 #b00000000000000000000000000000000)) (ite (= v4_v0 #b00000000000000000000000000000000) #b00000000000000000000000000000001 #b00000000000000000000000000000000)) (ite (= v5_f0_el0_v0 #b00000000000000000000000000000000) #b00000000000000000000000000000001 #b00000000000000000000000000000000)) (ite (= v5_f1_el0_v0 #b00000000000000000000000000000000) #b00000000000000000000000000000001 #b00000000000000000000000000000000)) (ite (= v5_f1_el1_v0 #b00000000000000000000000000000000) #b00000000000000000000000000000001 #b00000000000000000000000000000000)) (ite (= v5_f1_el2_v0 #b00000000000000000000000000000000) #b00000000000000000000000000000001 #b00000000000000000000000000000000)) (ite (= v5_f1_el3_v0 #b00000000000000000000000000000000) #b00000000000000000000000000000001 #b00000000000000000000000000000000)) (ite (= v5_f1_el4_v0 #b00000000000000000000000000000000) #b00000000000000000000000000000001 #b00000000000000000000000000000000)) (ite (= v5_f1_el5_v0 #b00000000000000000000000000000000) #b00000000000000000000000000000001 #b00000000000000000000000000000000)) (ite (= v5_f2_v0 #b00000000000000000000000000000000) #b00000000000000000000000000000001 #b00000000000000000000000000000000)) #b00000000000000000000000000001010)
(= v6_v0 #b11111111111111111111111111111111)
(= v7_v0 #b11111111111111111111111111111111)
(distinct v5_f0_el0_v0 #b00000000000000000000000000000000)
(not (bvsdivo #b11111111111111111111111111111111 v5_f0_el0_v0))
(not (bvsaddo #b11111111111111111111111111111111 v3_el2_v0))
(not (bvssubo (bvsdiv #b11111111111111111111111111111111 v5_f0_el0_v0) (bvadd #b11111111111111111111111111111111 v3_el2_v0)))
(not (bvssubo (bvsub (bvsdiv #b11111111111111111111111111111111 v5_f0_el0_v0) (bvadd #b11111111111111111111111111111111 v3_el2_v0)) #b11111111111111111111111111111111))
(let ((_let0 (ite (= #b11111111111111111111111111111111 #b00000000000000000000000000000000) #b00000000000000000000000000000001 #b00000000000000000000000000000000))) (bvsle (bvadd (bvadd _let0 _let0) _let0) #b00000000000000000000000000000001))
(= v0_v1 (bvsub (bvsub (bvsdiv #b11111111111111111111111111111111 v5_f0_el0_v0) (bvadd #b11111111111111111111111111111111 v3_el2_v0)) #b11111111111111111111111111111111))
(not (bvsmulo #b11111111111111111111111111111111 v2_v0))
(not (bvssubo #b11111111111111111111111111111111 v6_v0))
(not (bvsaddo (bvmul #b11111111111111111111111111111111 v2_v0) (bvsub #b11111111111111111111111111111111 v6_v0)))
(not (bvsaddo (bvadd (bvmul #b11111111111111111111111111111111 v2_v0) (bvsub #b11111111111111111111111111111111 v6_v0)) #b11111111111111111111111111111111))
(= v4_v1 (bvadd (bvadd (bvmul #b11111111111111111111111111111111 v2_v0) (bvsub #b11111111111111111111111111111111 v6_v0)) #b11111111111111111111111111111111))
(distinct v7_v0 #b00000000000000000000000000000000)
(not (bvsdivo #b11111111111111111111111111111111 v7_v0))
(distinct v1_f0_el5_v0 #b00000000000000000000000000000000)
(not (bvsdivo #b11111111111111111111111111111111 v1_f0_el5_v0))
(not (bvsaddo (bvsrem #b11111111111111111111111111111111 v7_v0) (bvsrem #b11111111111111111111111111111111 v1_f0_el5_v0)))
(not (bvsaddo (bvadd (bvsrem #b11111111111111111111111111111111 v7_v0) (bvsrem #b11111111111111111111111111111111 v1_f0_el5_v0)) #b11111111111111111111111111111111))
(= v7_v1 (bvadd (bvadd (bvsrem #b11111111111111111111111111111111 v7_v0) (bvsrem #b11111111111111111111111111111111 v1_f0_el5_v0)) #b11111111111111111111111111111111))
(not (bvsaddo (bvsdiv #b11111111111111111111111111111111 v1_f0_el5_v0) (bvsdiv #b11111111111111111111111111111111 v5_f0_el0_v0)))
(not (bvsaddo (bvadd (bvsdiv #b11111111111111111111111111111111 v1_f0_el5_v0) (bvsdiv #b11111111111111111111111111111111 v5_f0_el0_v0)) #b11111111111111111111111111111111))
(= v5_f0_el0_v1 (bvadd (bvadd (bvsdiv #b11111111111111111111111111111111 v1_f0_el5_v0) (bvsdiv #b11111111111111111111111111111111 v5_f0_el0_v0)) #b11111111111111111111111111111111))
(bvsle (bvadd (bvadd (bvadd (bvadd (bvadd (bvadd (bvadd (bvadd (bvadd (bvadd (bvadd (bvadd (bvadd (bvadd (bvadd (bvadd (bvadd (bvadd (bvadd (ite (= (ite (distinct v0_v0 #b11111111111111111111111111111111) #b00000000000000000000000000000001 #b00000000000000000000000000000000) #b00000000000000000000000000000000) #b00000000000000000000000000000001 #b00000000000000000000000000000000) (ite (= (ite (distinct v1_f0_el0_v0 #b11111111111111111111111111111111) #b00000000000000000000000000000001 #b00000000000000000000000000000000) #b00000000000000000000000000000000) #b00000000000000000000000000000001 #b00000000000000000000000000000000)) (ite (= (ite (distinct v1_f0_el1_v0 #b11111111111111111111111111111111) #b00000000000000000000000000000001 #b00000000000000000000000000000000) #b00000000000000000000000000000000) #b00000000000000000000000000000001 #b00000000000000000000000000000000)) (ite (= (ite (distinct v1_f0_el2_v0 #b11111111111111111111111111111111) #b00000000000000000000000000000001 #b00000000000000000000000000000000) #b00000000000000000000000000000000) #b00000000000000000000000000000001 #b00000000000000000000000000000000)) (ite (= (ite (distinct v1_f0_el3_v0 #b11111111111111111111111111111111) #b00000000000000000000000000000001 #b00000000000000000000000000000000) #b00000000000000000000000000000000) #b00000000000000000000000000000001 #b00000000000000000000000000000000)) (ite (= (ite (distinct v1_f0_el4_v0 #b11111111111111111111111111111111) #b00000000000000000000000000000001 #b00000000000000000000000000000000) #b00000000000000000000000000000000) #b00000000000000000000000000000001 #b00000000000000000000000000000000)) (ite (= (ite (distinct v1_f0_el5_v0 #b11111111111111111111111111111111) #b00000000000000000000000000000001 #b00000000000000000000000000000000) #b00000000000000000000000000000000) #b00000000000000000000000000000001 #b00000000000000000000000000000000)) (ite (= (ite (distinct v2_v0 #b11111111111111111111111111111111) #b00000000000000000000000000000001 #b00000000000000000000000000000000) #b00000000000000000000000000000000) #b00000000000000000000000000000001 #b00000000000000000000000000000000)) (ite (= (ite (distinct v3_el0_v0 #b11111111111111111111111111111111) #b00000000000000000000000000000001 #b00000000000000000000000000000000) #b00000000000000000000000000000000) #b00000000000000000000000000000001 #b00000000000000000000000000000000)) (ite (= (ite (distinct v3_el1_v0 #b11111111111111111111111111111111) #b00000000000000000000000000000001 #b00000000000000000000000000000000) #b00000000000000000000000000000000) #b00000000000000000000000000000001 #b00000000000000000000000000000000)) (ite (= (ite (distinct v3_el2_v0 #b00000000000000000000000000000100) #b00000000000000000000000000000001 #b00000000000000000000000000000000) #b00000000000000000000000000000000) #b00000000000000000000000000000001 #b00000000000000000000000000000000)) (ite (= (ite (distinct v4_v0 #b11111111111111111111111111111111) #b00000000000000000000000000000001 #b00000000000000000000000000000000) #b00000000000000000000000000000000) #b00000000000000000000000000000001 #b00000000000000000000000000000000)) (ite (= (ite (distinct v5_f0_el0_v0 #b11111111111111111111111111111111) #b00000000000000000000000000000001 #b00000000000000000000000000000000) #b00000000000000000000000000000000) #b00000000000000000000000000000001 #b00000000000000000000000000000000)) (ite (= (ite (distinct v5_f1_el0_v0 #b11111111111111111111111111111111) #b00000000000000000000000000000001 #b00000000000000000000000000000000) #b00000000000000000000000000000000) #b00000000000000000000000000000001 #b00000000000000000000000000000000)) (ite (= (ite (distinct v5_f1_el1_v0 #b11111111111111111111111111111111) #b00000000000000000000000000000001 #b00000000000000000000000000000000) #b00000000000000000000000000000000) #b00000000000000000000000000000001 #b00000000000000000000000000000000)) (ite (= (ite (distinct v5_f1_el2_v0 #b11111111111111111111111111111111) #b00000000000000000000000000000001 #b00000000000000000000000000000000) #b00000000000000000000000000000000) #b00000000000000000000000000000001 #b00000000000000000000000000000000)) (ite (= (ite (distinct v5_f1_el3_v0 #b11111111111111111111111111111111) #b00000000000000000000000000000001 #b00000000000000000000000000000000) #b00000000000000000000000000000000) #b00000000000000000000000000000001 #b00000000000000000000000000000000)) (ite (= (ite (distinct v5_f1_el4_v0 #b11111111111111111111111111111111) #b00000000000000000000000000000001 #b00000000000000000000000000000000) #b00000000000000000000000000000000) #b00000000000000000000000000000001 #b00000000000000000000000000000000)) (ite (= (ite (distinct v5_f1_el5_v0 #b11111111111111111111111111111111) #b00000000000000000000000000000001 #b00000000000000000000000000000000) #b00000000000000000000000000000000) #b00000000000000000000000000000001 #b00000000000000000000000000000000)) (ite (= (ite (distinct v5_f2_v0 #b11111111111111111111111111111111) #b00000000000000000000000000000001 #b00000000000000000000000000000000) #b00000000000000000000000000000000) #b00000000000000000000000000000001 #b00000000000000000000000000000000)) #b00000000000000000000000000000011)
```
Constraint stats: asserted=26 addCalls=33 skippedTrue=0 deduped=7 ensureInRangeCalls=63 boundedAlready=0 uniqueConstraintIds=26 uniqueBoundedIds=0 (solverAsserted=0)
Bitwuzla check_sat time: 23ms
Bitwuzla statistics: preprocess::contradicting_ands::num_substs=0 preprocess::contradicting_ands::time_apply=0ms preprocess::elim_extract::num_elim=0 preprocess::elim_extract::time_apply=0ms preprocess::elim_lambda::time_apply=0ms preprocess::elim_udiv::num_eliminated=0 preprocess::elim_udiv::time_apply=0ms preprocess::embedded_constraints::num_substs=2 preprocess::embedded_constraints::time_apply=0ms preprocess::flatten_and::num_assertions=8 preprocess::flatten_and::num_flattened=4 preprocess::flatten_and::time_apply=0ms preprocess::lambda::num_elim=0 preprocess::normalize::num_common_normalizations=0 preprocess::normalize::num_normalizations=6 preprocess::normalize::num_normalized_assertions=0 preprocess::normalize::num_pass1=0 preprocess::normalize::num_pass2=0 preprocess::normalize::time_adder_chains=0ms preprocess::normalize::time_apply=2ms preprocess::normalize::time_compute_occs=0ms preprocess::normalize::time_normalize_add=0ms preprocess::normalize::time_normalize_mul=0ms preprocess::normalize::time_score=1ms preprocess::rewrite::time_apply=0ms preprocess::skeleton_preproc::cnf::clauses=61 preprocess::skeleton_preproc::cnf::lits=121 preprocess::skeleton_preproc::new_assertions=0 preprocess::skeleton_preproc::resets=1 preprocess::skeleton_preproc::time_apply=0ms preprocess::skeleton_preproc::time_encode=0ms preprocess::skeleton_preproc::time_fixed=0ms preprocess::skeleton_preproc::time_sat=0ms preprocess::uninterpreted::num_substs=0 preprocess::uninterpreted::time_apply=0ms preprocess::varsubst::normalize_bv_ineq::num_slt=0 preprocess::varsubst::normalize_bv_ineq::num_ult=0 preprocess::varsubst::normalize_eq::num_bv_concat=0 preprocess::varsubst::normalize_eq::num_gauss_elim=0 preprocess::varsubst::normalize_eq::num_linear_eq=0 preprocess::varsubst::num_substs=6 preprocess::varsubst::time_apply=0ms preprocess::varsubst::time_direct_cycle_check=0ms preprocess::varsubst::time_find_substitution=0ms preprocess::varsubst::time_find_vars=0ms preprocess::varsubst::time_register=0ms preprocess::varsubst::time_remove_cycles=0ms preprocess::varsubst::time_substitute=0ms preprocessor::num_iterations=2 preprocessor::time_preprocess=4ms preprocessor::time_process=0ms rewriter::(normalize)::num_evals=0 rewriter::(normalize)::num_rewrites=76 rewriter::(normalize)::rewrite::BV_ADD_SPECIAL_CONST=4 rewriter::(normalize)::rewrite::BV_MUL_ONES=4 rewriter::(normalize)::rewrite::BV_NEG_ELIM=4 rewriter::(normalize)::rewrite::BV_NOT_BV_NOT=9 rewriter::(normalize)::rewrite::NORMALIZE_COMM=55 rewriter::num_evals=0 rewriter::num_rewrites=618 rewriter::rewrite::AND_EVAL=1 rewriter::rewrite::AND_SPECIAL_CONST=53 rewriter::rewrite::BV_ADD_CONST=3 rewriter::rewrite::BV_ADD_EVAL=6 rewriter::rewrite::BV_ADD_ITE2=40 rewriter::rewrite::BV_ADD_SPECIAL_CONST=43 rewriter::rewrite::BV_AND_EVAL=1 rewriter::rewrite::BV_AND_SPECIAL_CONST=31 rewriter::rewrite::BV_CONCAT_EVAL=2 rewriter::rewrite::BV_EXTRACT_EVAL=33 rewriter::rewrite::BV_EXTRACT_FULL=1 rewriter::rewrite::BV_MUL_ONES=2 rewriter::rewrite::BV_NEG_ELIM=12 rewriter::rewrite::BV_NOT_BV_NOT=21 rewriter::rewrite::BV_NOT_EVAL=4 rewriter::rewrite::BV_OR_ELIM=2 rewriter::rewrite::BV_SADDO_ELIM=7 rewriter::rewrite::BV_SDIVO_ELIM=3 rewriter::rewrite::BV_SDIV_ELIM=2 rewriter::rewrite::BV_SIGN_EXTEND_ELIM=4 rewriter::rewrite::BV_SLE_ELIM=3 rewriter::rewrite::BV_SLT_EVAL=1 rewriter::rewrite::BV_SMULO_ELIM=1 rewriter::rewrite::BV_SREM_ELIM=2 rewriter::rewrite::BV_SSUBO_ELIM=3 rewriter::rewrite::BV_SUB_ELIM=3 rewriter::rewrite::BV_UREM_EVAL=1 rewriter::rewrite::BV_XOR_EVAL=1 rewriter::rewrite::BV_XOR_SPECIAL_CONST=2 rewriter::rewrite::DISTINCT_ELIM=23 rewriter::rewrite::EQUAL_CONST_BV_NOT=2 rewriter::rewrite::EQUAL_EVAL=9 rewriter::rewrite::EQUAL_ITE_SAME=20 rewriter::rewrite::EQUAL_SPECIAL_CONST=1 rewriter::rewrite::EQUAL_TRUE=4 rewriter::rewrite::ITE_EVAL=8 rewriter::rewrite::NORMALIZE_COMM=193 rewriter::rewrite::NOT_EQUAL_BV1_BOOL=9 rewriter::rewrite::NOT_EVAL=1 rewriter::rewrite::NOT_NOT=30 rewriter::rewrite::OR_ELIM=30 solver::abstract::num_checks=1 solver::abstract::terms::total=0 solver::abstract::time_check=0ms solver::array::equalities=0 solver::array::num_checks=0 solver::array::propagations=0 solver::array::propagations_down=0 solver::array::propagations_up=0 solver::array::selects=0 solver::array::time_check=0ms solver::bv::bitblast::aig::num_ands=21989 solver::bv::bitblast::aig::num_consts=640 solver::bv::bitblast::aig::num_shared=14821 solver::bv::bitblast::aig::time_bitblast=3ms solver::bv::bitblast::cnf::num_clauses=53497 solver::bv::bitblast::cnf::num_literals=130790 solver::bv::bitblast::cnf::num_vars=17678 solver::bv::bitblast::cnf::time_encode=12ms solver::bv::bitblast::sat::time_solve=2ms solver::bv::num_assertions=17 solver::bv::num_checks=1 solver::bv::time_check=15ms solver::engine::lemmas::abstr=0 solver::engine::lemmas::array=0 solver::engine::lemmas::fp=0 solver::engine::lemmas::fun=0 solver::engine::lemmas::quant=0 solver::engine::lemmas::total=0 solver::engine::time_register_term=0ms solver::engine::time_solve=18ms solver::fun::num_checks=1 solver::fun::time_check=0ms solver::quant::mbqi_checks=0 solver::quant::num_lemma_iterations=0 solver::quant::num_lemmas=0 solver::quant::time_check=0ms solver::quant::time_mbqi=0ms solver::quant::time_process=0ms solving_context::max_memory=46690304 solving_context::time_ensure_model=0ms solving_context::time_solve=23ms
SAT
Extract initialization: param=v0, value=-2
Extract initialization: param=v1, value=-2
Extract initialization: param=v1, value=-2
Extract initialization: param=v1, value=-2
Extract initialization: param=v1, value=-2
Extract initialization: param=v1, value=-2
Extract initialization: param=v1, value=-2
Extract initialization: param=v2, value=-2
Extract initialization: param=v3, value=-2
Extract initialization: param=v3, value=-2
Extract initialization: param=v3, value=-1073741818
Extract initialization: param=v4, value=-2
Extract initialization: param=v5, value=-2
Extract initialization: param=v5, value=-2
Extract initialization: param=v5, value=-2
Extract initialization: param=v5, value=-2
Extract initialization: param=v5, value=-2
Extract initialization: param=v5, value=-2
Extract initialization: param=v5, value=-2
Extract initialization: param=v5, value=-1
Extract finalization: param=v0, value=1073741820
Extract finalization: param=v1, value=-2
Extract finalization: param=v1, value=-2
Extract finalization: param=v1, value=-2
Extract finalization: param=v1, value=-2
Extract finalization: param=v1, value=-2
Extract finalization: param=v1, value=-2
Extract finalization: param=v2, value=-2
Extract finalization: param=v3, value=-2
Extract finalization: param=v3, value=-2
Extract finalization: param=v3, value=-1073741818
Extract finalization: param=v4, value=1
Extract finalization: param=v5, value=-1
Extract finalization: param=v5, value=-2
Extract finalization: param=v5, value=-2
Extract finalization: param=v5, value=-2
Extract finalization: param=v5, value=-2
Extract finalization: param=v5, value=-2
Extract finalization: param=v5, value=-2
Extract finalization: param=v5, value=-1
----------SymExec: Iteration 2------------------------------------------
Final constraints: 
```
(bvsle (bvadd (bvadd (bvadd (bvadd (bvadd (bvadd (bvadd (bvadd (bvadd (bvadd (bvadd (bvadd (bvadd (bvadd (bvadd (bvadd (bvadd (bvadd (bvadd (ite (= v0_v0 #b00000000000000000000000000000000) #b00000000000000000000000000000001 #b00000000000000000000000000000000) (ite (= v1_f0_el0_v0 #b00000000000000000000000000000000) #b00000000000000000000000000000001 #b00000000000000000000000000000000)) (ite (= v1_f0_el1_v0 #b00000000000000000000000000000000) #b00000000000000000000000000000001 #b00000000000000000000000000000000)) (ite (= v1_f0_el2_v0 #b00000000000000000000000000000000) #b00000000000000000000000000000001 #b00000000000000000000000000000000)) (ite (= v1_f0_el3_v0 #b00000000000000000000000000000000) #b00000000000000000000000000000001 #b00000000000000000000000000000000)) (ite (= v1_f0_el4_v0 #b00000000000000000000000000000000) #b00000000000000000000000000000001 #b00000000000000000000000000000000)) (ite (= v1_f0_el5_v0 #b00000000000000000000000000000000) #b00000000000000000000000000000001 #b00000000000000000000000000000000)) (ite (= v2_v0 #b00000000000000000000000000000000) #b00000000000000000000000000000001 #b00000000000000000000000000000000)) (ite (= v3_el0_v0 #b00000000000000000000000000000000) #b00000000000000000000000000000001 #b00000000000000000000000000000000)) (ite (= v3_el1_v0 #b00000000000000000000000000000000) #b00000000000000000000000000000001 #b00000000000000000000000000000000)) (ite (= v3_el2_v0 #b00000000000000000000000000000000) #b00000000000000000000000000000001 #b00000000000000000000000000000000)) (ite (= v4_v0 #b00000000000000000000000000000000) #b00000000000000000000000000000001 #b00000000000000000000000000000000)) (ite (= v5_f0_el0_v0 #b00000000000000000000000000000000) #b00000000000000000000000000000001 #b00000000000000000000000000000000)) (ite (= v5_f1_el0_v0 #b00000000000000000000000000000000) #b00000000000000000000000000000001 #b00000000000000000000000000000000)) (ite (= v5_f1_el1_v0 #b00000000000000000000000000000000) #b00000000000000000000000000000001 #b00000000000000000000000000000000)) (ite (= v5_f1_el2_v0 #b00000000000000000000000000000000) #b00000000000000000000000000000001 #b00000000000000000000000000000000)) (ite (= v5_f1_el3_v0 #b00000000000000000000000000000000) #b00000000000000000000000000000001 #b00000000000000000000000000000000)) (ite (= v5_f1_el4_v0 #b00000000000000000000000000000000) #b00000000000000000000000000000001 #b00000000000000000000000000000000)) (ite (= v5_f1_el5_v0 #b00000000000000000000000000000000) #b00000000000000000000000000000001 #b00000000000000000000000000000000)) (ite (= v5_f2_v0 #b00000000000000000000000000000000) #b00000000000000000000000000000001 #b00000000000000000000000000000000)) #b00000000000000000000000000001010)
(= v6_v0 #b11111111111111111111111111111111)
(= v7_v0 #b11111111111111111111111111111111)
(distinct v5_f0_el0_v0 #b00000000000000000000000000000000)
(not (bvsdivo #b11111111111111111111111111111111 v5_f0_el0_v0))
(not (bvsaddo #b11111111111111111111111111111111 v3_el2_v0))
(not (bvssubo (bvsdiv #b11111111111111111111111111111111 v5_f0_el0_v0) (bvadd #b11111111111111111111111111111111 v3_el2_v0)))
(not (bvssubo (bvsub (bvsdiv #b11111111111111111111111111111111 v5_f0_el0_v0) (bvadd #b11111111111111111111111111111111 v3_el2_v0)) #b11111111111111111111111111111111))
(let ((_let0 (ite (= #b11111111111111111111111111111111 #b00000000000000000000000000000000) #b00000000000000000000000000000001 #b00000000000000000000000000000000))) (bvsle (bvadd (bvadd _let0 _let0) _let0) #b00000000000000000000000000000001))
(= v0_v1 (bvsub (bvsub (bvsdiv #b11111111111111111111111111111111 v5_f0_el0_v0) (bvadd #b11111111111111111111111111111111 v3_el2_v0)) #b11111111111111111111111111111111))
(not (bvsmulo #b11111111111111111111111111111111 v2_v0))
(not (bvssubo #b11111111111111111111111111111111 v6_v0))
(not (bvsaddo (bvmul #b11111111111111111111111111111111 v2_v0) (bvsub #b11111111111111111111111111111111 v6_v0)))
(not (bvsaddo (bvadd (bvmul #b11111111111111111111111111111111 v2_v0) (bvsub #b11111111111111111111111111111111 v6_v0)) #b11111111111111111111111111111111))
(= v4_v1 (bvadd (bvadd (bvmul #b11111111111111111111111111111111 v2_v0) (bvsub #b11111111111111111111111111111111 v6_v0)) #b11111111111111111111111111111111))
(distinct v7_v0 #b00000000000000000000000000000000)
(not (bvsdivo #b11111111111111111111111111111111 v7_v0))
(distinct v1_f0_el5_v0 #b00000000000000000000000000000000)
(not (bvsdivo #b11111111111111111111111111111111 v1_f0_el5_v0))
(not (bvsaddo (bvsrem #b11111111111111111111111111111111 v7_v0) (bvsrem #b11111111111111111111111111111111 v1_f0_el5_v0)))
(not (bvsaddo (bvadd (bvsrem #b11111111111111111111111111111111 v7_v0) (bvsrem #b11111111111111111111111111111111 v1_f0_el5_v0)) #b11111111111111111111111111111111))
(= v7_v1 (bvadd (bvadd (bvsrem #b11111111111111111111111111111111 v7_v0) (bvsrem #b11111111111111111111111111111111 v1_f0_el5_v0)) #b11111111111111111111111111111111))
(not (bvsaddo (bvsdiv #b11111111111111111111111111111111 v1_f0_el5_v0) (bvsdiv #b11111111111111111111111111111111 v5_f0_el0_v0)))
(not (bvsaddo (bvadd (bvsdiv #b11111111111111111111111111111111 v1_f0_el5_v0) (bvsdiv #b11111111111111111111111111111111 v5_f0_el0_v0)) #b11111111111111111111111111111111))
(= v5_f0_el0_v1 (bvadd (bvadd (bvsdiv #b11111111111111111111111111111111 v1_f0_el5_v0) (bvsdiv #b11111111111111111111111111111111 v5_f0_el0_v0)) #b11111111111111111111111111111111))
(bvsle (bvadd (bvadd (bvadd (bvadd (bvadd (bvadd (bvadd (bvadd (bvadd (bvadd (bvadd (bvadd (bvadd (bvadd (bvadd (bvadd (bvadd (bvadd (bvadd (ite (= (ite (distinct v0_v0 #b11111111111111111111111111111111) #b00000000000000000000000000000001 #b00000000000000000000000000000000) #b00000000000000000000000000000000) #b00000000000000000000000000000001 #b00000000000000000000000000000000) (ite (= (ite (distinct v1_f0_el0_v0 #b11111111111111111111111111111111) #b00000000000000000000000000000001 #b00000000000000000000000000000000) #b00000000000000000000000000000000) #b00000000000000000000000000000001 #b00000000000000000000000000000000)) (ite (= (ite (distinct v1_f0_el1_v0 #b11111111111111111111111111111111) #b00000000000000000000000000000001 #b00000000000000000000000000000000) #b00000000000000000000000000000000) #b00000000000000000000000000000001 #b00000000000000000000000000000000)) (ite (= (ite (distinct v1_f0_el2_v0 #b11111111111111111111111111111111) #b00000000000000000000000000000001 #b00000000000000000000000000000000) #b00000000000000000000000000000000) #b00000000000000000000000000000001 #b00000000000000000000000000000000)) (ite (= (ite (distinct v1_f0_el3_v0 #b11111111111111111111111111111111) #b00000000000000000000000000000001 #b00000000000000000000000000000000) #b00000000000000000000000000000000) #b00000000000000000000000000000001 #b00000000000000000000000000000000)) (ite (= (ite (distinct v1_f0_el4_v0 #b11111111111111111111111111111111) #b00000000000000000000000000000001 #b00000000000000000000000000000000) #b00000000000000000000000000000000) #b00000000000000000000000000000001 #b00000000000000000000000000000000)) (ite (= (ite (distinct v1_f0_el5_v0 #b11111111111111111111111111111111) #b00000000000000000000000000000001 #b00000000000000000000000000000000) #b00000000000000000000000000000000) #b00000000000000000000000000000001 #b00000000000000000000000000000000)) (ite (= (ite (distinct v2_v0 #b11111111111111111111111111111111) #b00000000000000000000000000000001 #b00000000000000000000000000000000) #b00000000000000000000000000000000) #b00000000000000000000000000000001 #b00000000000000000000000000000000)) (ite (= (ite (distinct v3_el0_v0 #b11111111111111111111111111111111) #b00000000000000000000000000000001 #b00000000000000000000000000000000) #b00000000000000000000000000000000) #b00000000000000000000000000000001 #b00000000000000000000000000000000)) (ite (= (ite (distinct v3_el1_v0 #b11111111111111111111111111111111) #b00000000000000000000000000000001 #b00000000000000000000000000000000) #b00000000000000000000000000000000) #b00000000000000000000000000000001 #b00000000000000000000000000000000)) (ite (= (ite (distinct v3_el2_v0 #b00000000000000000000000000000100) #b00000000000000000000000000000001 #b00000000000000000000000000000000) #b00000000000000000000000000000000) #b00000000000000000000000000000001 #b00000000000000000000000000000000)) (ite (= (ite (distinct v4_v0 #b11111111111111111111111111111111) #b00000000000000000000000000000001 #b00000000000000000000000000000000) #b00000000000000000000000000000000) #b00000000000000000000000000000001 #b00000000000000000000000000000000)) (ite (= (ite (distinct v5_f0_el0_v0 #b11111111111111111111111111111111) #b00000000000000000000000000000001 #b00000000000000000000000000000000) #b00000000000000000000000000000000) #b00000000000000000000000000000001 #b00000000000000000000000000000000)) (ite (= (ite (distinct v5_f1_el0_v0 #b11111111111111111111111111111111) #b00000000000000000000000000000001 #b00000000000000000000000000000000) #b00000000000000000000000000000000) #b00000000000000000000000000000001 #b00000000000000000000000000000000)) (ite (= (ite (distinct v5_f1_el1_v0 #b11111111111111111111111111111111) #b00000000000000000000000000000001 #b00000000000000000000000000000000) #b00000000000000000000000000000000) #b00000000000000000000000000000001 #b00000000000000000000000000000000)) (ite (= (ite (distinct v5_f1_el2_v0 #b11111111111111111111111111111111) #b00000000000000000000000000000001 #b00000000000000000000000000000000) #b00000000000000000000000000000000) #b00000000000000000000000000000001 #b00000000000000000000000000000000)) (ite (= (ite (distinct v5_f1_el3_v0 #b11111111111111111111111111111111) #b00000000000000000000000000000001 #b00000000000000000000000000000000) #b00000000000000000000000000000000) #b00000000000000000000000000000001 #b00000000000000000000000000000000)) (ite (= (ite (distinct v5_f1_el4_v0 #b11111111111111111111111111111111) #b00000000000000000000000000000001 #b00000000000000000000000000000000) #b00000000000000000000000000000000) #b00000000000000000000000000000001 #b00000000000000000000000000000000)) (ite (= (ite (distinct v5_f1_el5_v0 #b11111111111111111111111111111111) #b00000000000000000000000000000001 #b00000000000000000000000000000000) #b00000000000000000000000000000000) #b00000000000000000000000000000001 #b00000000000000000000000000000000)) (ite (= (ite (distinct v5_f2_v0 #b11111111111111111111111111111111) #b00000000000000000000000000000001 #b00000000000000000000000000000000) #b00000000000000000000000000000000) #b00000000000000000000000000000001 #b00000000000000000000000000000000)) #b00000000000000000000000000000011)
(bvsle (bvadd (bvadd (bvadd (bvadd (bvadd (bvadd (bvadd (bvadd (bvadd (bvadd (bvadd (bvadd (bvadd (bvadd (bvadd (bvadd (bvadd (bvadd (bvadd (ite (= (ite (distinct v0_v0 #b11111111111111111111111111111110) #b00000000000000000000000000000001 #b00000000000000000000000000000000) #b00000000000000000000000000000000) #b00000000000000000000000000000001 #b00000000000000000000000000000000) (ite (= (ite (distinct v1_f0_el0_v0 #b11111111111111111111111111111110) #b00000000000000000000000000000001 #b00000000000000000000000000000000) #b00000000000000000000000000000000) #b00000000000000000000000000000001 #b00000000000000000000000000000000)) (ite (= (ite (distinct v1_f0_el1_v0 #b11111111111111111111111111111110) #b00000000000000000000000000000001 #b00000000000000000000000000000000) #b00000000000000000000000000000000) #b00000000000000000000000000000001 #b00000000000000000000000000000000)) (ite (= (ite (distinct v1_f0_el2_v0 #b11111111111111111111111111111110) #b00000000000000000000000000000001 #b00000000000000000000000000000000) #b00000000000000000000000000000000) #b00000000000000000000000000000001 #b00000000000000000000000000000000)) (ite (= (ite (distinct v1_f0_el3_v0 #b11111111111111111111111111111110) #b00000000000000000000000000000001 #b00000000000000000000000000000000) #b00000000000000000000000000000000) #b00000000000000000000000000000001 #b00000000000000000000000000000000)) (ite (= (ite (distinct v1_f0_el4_v0 #b11111111111111111111111111111110) #b00000000000000000000000000000001 #b00000000000000000000000000000000) #b00000000000000000000000000000000) #b00000000000000000000000000000001 #b00000000000000000000000000000000)) (ite (= (ite (distinct v1_f0_el5_v0 #b11111111111111111111111111111110) #b00000000000000000000000000000001 #b00000000000000000000000000000000) #b00000000000000000000000000000000) #b00000000000000000000000000000001 #b00000000000000000000000000000000)) (ite (= (ite (distinct v2_v0 #b11111111111111111111111111111110) #b00000000000000000000000000000001 #b00000000000000000000000000000000) #b00000000000000000000000000000000) #b00000000000000000000000000000001 #b00000000000000000000000000000000)) (ite (= (ite (distinct v3_el0_v0 #b11111111111111111111111111111110) #b00000000000000000000000000000001 #b00000000000000000000000000000000) #b00000000000000000000000000000000) #b00000000000000000000000000000001 #b00000000000000000000000000000000)) (ite (= (ite (distinct v3_el1_v0 #b11111111111111111111111111111110) #b00000000000000000000000000000001 #b00000000000000000000000000000000) #b00000000000000000000000000000000) #b00000000000000000000000000000001 #b00000000000000000000000000000000)) (ite (= (ite (distinct v3_el2_v0 #b11000000000000000000000000000110) #b00000000000000000000000000000001 #b00000000000000000000000000000000) #b00000000000000000000000000000000) #b00000000000000000000000000000001 #b00000000000000000000000000000000)) (ite (= (ite (distinct v4_v0 #b11111111111111111111111111111110) #b00000000000000000000000000000001 #b00000000000000000000000000000000) #b00000000000000000000000000000000) #b00000000000000000000000000000001 #b00000000000000000000000000000000)) (ite (= (ite (distinct v5_f0_el0_v0 #b11111111111111111111111111111110) #b00000000000000000000000000000001 #b00000000000000000000000000000000) #b00000000000000000000000000000000) #b00000000000000000000000000000001 #b00000000000000000000000000000000)) (ite (= (ite (distinct v5_f1_el0_v0 #b11111111111111111111111111111110) #b00000000000000000000000000000001 #b00000000000000000000000000000000) #b00000000000000000000000000000000) #b00000000000000000000000000000001 #b00000000000000000000000000000000)) (ite (= (ite (distinct v5_f1_el1_v0 #b11111111111111111111111111111110) #b00000000000000000000000000000001 #b00000000000000000000000000000000) #b00000000000000000000000000000000) #b00000000000000000000000000000001 #b00000000000000000000000000000000)) (ite (= (ite (distinct v5_f1_el2_v0 #b11111111111111111111111111111110) #b00000000000000000000000000000001 #b00000000000000000000000000000000) #b00000000000000000000000000000000) #b00000000000000000000000000000001 #b00000000000000000000000000000000)) (ite (= (ite (distinct v5_f1_el3_v0 #b11111111111111111111111111111110) #b00000000000000000000000000000001 #b00000000000000000000000000000000) #b00000000000000000000000000000000) #b00000000000000000000000000000001 #b00000000000000000000000000000000)) (ite (= (ite (distinct v5_f1_el4_v0 #b11111111111111111111111111111110) #b00000000000000000000000000000001 #b00000000000000000000000000000000) #b00000000000000000000000000000000) #b00000000000000000000000000000001 #b00000000000000000000000000000000)) (ite (= (ite (distinct v5_f1_el5_v0 #b11111111111111111111111111111110) #b00000000000000000000000000000001 #b00000000000000000000000000000000) #b00000000000000000000000000000000) #b00000000000000000000000000000001 #b00000000000000000000000000000000)) (ite (= (ite (distinct v5_f2_v0 #b11111111111111111111111111111111) #b00000000000000000000000000000001 #b00000000000000000000000000000000) #b00000000000000000000000000000000) #b00000000000000000000000000000001 #b00000000000000000000000000000000)) #b00000000000000000000000000000011)
```
Constraint stats: asserted=27 addCalls=34 skippedTrue=0 deduped=7 ensureInRangeCalls=63 boundedAlready=0 uniqueConstraintIds=27 uniqueBoundedIds=0 (solverAsserted=26)
Bitwuzla check_sat time: 7ms
Bitwuzla statistics: preprocess::contradicting_ands::num_substs=0 preprocess::contradicting_ands::time_apply=0ms preprocess::elim_extract::num_elim=0 preprocess::elim_extract::time_apply=0ms preprocess::elim_lambda::time_apply=0ms preprocess::elim_udiv::num_eliminated=0 preprocess::elim_udiv::time_apply=0ms preprocess::embedded_constraints::num_substs=2 preprocess::embedded_constraints::time_apply=0ms preprocess::flatten_and::num_assertions=8 preprocess::flatten_and::num_flattened=4 preprocess::flatten_and::time_apply=0ms preprocess::lambda::num_elim=0 preprocess::normalize::num_common_normalizations=0 preprocess::normalize::num_normalizations=6 preprocess::normalize::num_normalized_assertions=0 preprocess::normalize::num_pass1=0 preprocess::normalize::num_pass2=0 preprocess::normalize::time_adder_chains=0ms preprocess::normalize::time_apply=2ms preprocess::normalize::time_compute_occs=0ms preprocess::normalize::time_normalize_add=0ms preprocess::normalize::time_normalize_mul=0ms preprocess::normalize::time_score=1ms preprocess::rewrite::time_apply=0ms preprocess::skeleton_preproc::cnf::clauses=61 preprocess::skeleton_preproc::cnf::lits=121 preprocess::skeleton_preproc::new_assertions=0 preprocess::skeleton_preproc::resets=1 preprocess::skeleton_preproc::time_apply=0ms preprocess::skeleton_preproc::time_encode=0ms preprocess::skeleton_preproc::time_fixed=0ms preprocess::skeleton_preproc::time_sat=0ms preprocess::uninterpreted::num_substs=0 preprocess::uninterpreted::time_apply=0ms preprocess::varsubst::normalize_bv_ineq::num_slt=0 preprocess::varsubst::normalize_bv_ineq::num_ult=0 preprocess::varsubst::normalize_eq::num_bv_concat=0 preprocess::varsubst::normalize_eq::num_gauss_elim=0 preprocess::varsubst::normalize_eq::num_linear_eq=0 preprocess::varsubst::num_substs=6 preprocess::varsubst::time_apply=0ms preprocess::varsubst::time_direct_cycle_check=0ms preprocess::varsubst::time_find_substitution=0ms preprocess::varsubst::time_find_vars=0ms preprocess::varsubst::time_register=0ms preprocess::varsubst::time_remove_cycles=0ms preprocess::varsubst::time_substitute=0ms preprocessor::num_iterations=3 preprocessor::time_preprocess=4ms preprocessor::time_process=0ms rewriter::(normalize)::num_evals=0 rewriter::(normalize)::num_rewrites=76 rewriter::(normalize)::rewrite::BV_ADD_SPECIAL_CONST=4 rewriter::(normalize)::rewrite::BV_MUL_ONES=4 rewriter::(normalize)::rewrite::BV_NEG_ELIM=4 rewriter::(normalize)::rewrite::BV_NOT_BV_NOT=9 rewriter::(normalize)::rewrite::NORMALIZE_COMM=55 rewriter::num_evals=0 rewriter::num_rewrites=827 rewriter::rewrite::AND_EVAL=1 rewriter::rewrite::AND_SPECIAL_CONST=73 rewriter::rewrite::BV_ADD_CONST=4 rewriter::rewrite::BV_ADD_EVAL=9 rewriter::rewrite::BV_ADD_ITE2=60 rewriter::rewrite::BV_ADD_SPECIAL_CONST=64 rewriter::rewrite::BV_AND_EVAL=1 rewriter::rewrite::BV_AND_SPECIAL_CONST=31 rewriter::rewrite::BV_CONCAT_EVAL=2 rewriter::rewrite::BV_EXTRACT_EVAL=33 rewriter::rewrite::BV_EXTRACT_FULL=1 rewriter::rewrite::BV_MUL_ONES=2 rewriter::rewrite::BV_NEG_ELIM=12 rewriter::rewrite::BV_NOT_BV_NOT=21 rewriter::rewrite::BV_NOT_EVAL=5 rewriter::rewrite::BV_OR_ELIM=2 rewriter::rewrite::BV_SADDO_ELIM=7 rewriter::rewrite::BV_SDIVO_ELIM=3 rewriter::rewrite::BV_SDIV_ELIM=2 rewriter::rewrite::BV_SIGN_EXTEND_ELIM=4 rewriter::rewrite::BV_SLE_ELIM=4 rewriter::rewrite::BV_SLT_EVAL=1 rewriter::rewrite::BV_SMULO_ELIM=1 rewriter::rewrite::BV_SREM_ELIM=2 rewriter::rewrite::BV_SSUBO_ELIM=3 rewriter::rewrite::BV_SUB_ELIM=3 rewriter::rewrite::BV_UREM_EVAL=1 rewriter::rewrite::BV_XOR_EVAL=1 rewriter::rewrite::BV_XOR_SPECIAL_CONST=2 rewriter::rewrite::DISTINCT_ELIM=43 rewriter::rewrite::EQUAL_CONST_BV_NOT=2 rewriter::rewrite::EQUAL_EVAL=10 rewriter::rewrite::EQUAL_ITE_SAME=40 rewriter::rewrite::EQUAL_SPECIAL_CONST=1 rewriter::rewrite::EQUAL_TRUE=4 rewriter::rewrite::ITE_EVAL=8 rewriter::rewrite::NORMALIZE_COMM=253 rewriter::rewrite::NOT_EQUAL_BV1_BOOL=9 rewriter::rewrite::NOT_EVAL=2 rewriter::rewrite::NOT_NOT=50 rewriter::rewrite::OR_ELIM=50 solver::abstract::num_checks=2 solver::abstract::terms::total=0 solver::abstract::time_check=0ms solver::array::equalities=0 solver::array::num_checks=0 solver::array::propagations=0 solver::array::propagations_down=0 solver::array::propagations_up=0 solver::array::selects=0 solver::array::time_check=0ms solver::bv::bitblast::aig::num_ands=23157 solver::bv::bitblast::aig::num_consts=640 solver::bv::bitblast::aig::num_shared=15361 solver::bv::bitblast::aig::time_bitblast=3ms solver::bv::bitblast::cnf::num_clauses=56055 solver::bv::bitblast::cnf::num_literals=137133 solver::bv::bitblast::cnf::num_vars=18462 solver::bv::bitblast::cnf::time_encode=13ms solver::bv::bitblast::sat::time_solve=8ms solver::bv::num_assertions=18 solver::bv::num_checks=2 solver::bv::time_check=21ms solver::engine::lemmas::abstr=0 solver::engine::lemmas::array=0 solver::engine::lemmas::fp=0 solver::engine::lemmas::fun=0 solver::engine::lemmas::quant=0 solver::engine::lemmas::total=0 solver::engine::time_register_term=0ms solver::engine::time_solve=25ms solver::fun::num_checks=2 solver::fun::time_check=0ms solver::quant::mbqi_checks=0 solver::quant::num_lemma_iterations=0 solver::quant::num_lemmas=0 solver::quant::time_check=0ms solver::quant::time_mbqi=0ms solver::quant::time_process=0ms solving_context::max_memory=46690304 solving_context::time_ensure_model=0ms solving_context::time_solve=30ms
SAT
Extract initialization: param=v0, value=-3
Extract initialization: param=v1, value=-3
Extract initialization: param=v1, value=-3
Extract initialization: param=v1, value=-3
Extract initialization: param=v1, value=-3
Extract initialization: param=v1, value=-3
Extract initialization: param=v1, value=-4
Extract initialization: param=v2, value=-3
Extract initialization: param=v3, value=-3
Extract initialization: param=v3, value=-3
Extract initialization: param=v3, value=-1073741817
Extract initialization: param=v4, value=-1
Extract initialization: param=v5, value=-1
Extract initialization: param=v5, value=-3
Extract initialization: param=v5, value=-3
Extract initialization: param=v5, value=-3
Extract initialization: param=v5, value=-2
Extract initialization: param=v5, value=-2
Extract initialization: param=v5, value=-2
Extract initialization: param=v5, value=-2
Extract finalization: param=v0, value=1073741820
Extract finalization: param=v1, value=-3
Extract finalization: param=v1, value=-3
Extract finalization: param=v1, value=-3
Extract finalization: param=v1, value=-3
Extract finalization: param=v1, value=-3
Extract finalization: param=v1, value=-4
Extract finalization: param=v2, value=-3
Extract finalization: param=v3, value=-3
Extract finalization: param=v3, value=-3
Extract finalization: param=v3, value=-1073741817
Extract finalization: param=v4, value=2
Extract finalization: param=v5, value=0
Extract finalization: param=v5, value=-3
Extract finalization: param=v5, value=-3
Extract finalization: param=v5, value=-3
Extract finalization: param=v5, value=-2
Extract finalization: param=v5, value=-2
Extract finalization: param=v5, value=-2
Extract finalization: param=v5, value=-2
