----FunPlus: Generate Function func_xb1v6r_33------------------------------------------------
------GraphPlus::Generate----------------------------------------------
Randomly generating a graph with 15 nodes
------CfgSketch::GenerateReduLoop----------------------------------------------
--------GraphPlus::Generate--------------------------------------------
Randomly generating a graph with 4 nodes
Removing cycles from the generated graph
Removed edge 1 -> 2
Started replacing bimpo #1 (successors=[2, 12]) with a reducible loop of size=5
Updated 13 bimpos' indices by +4 if it is behind #1 in our unflattened CFG
Updated 24 bimpos' successors by +4 if it is behind #1 in our flattened CFG
Updated the successors of the loop's latch to [1, 5]
Updated the successors of the loop's exit to [6, 16]
Constructed the basic blocks of the newly inserted loop
Inserted all the loop's basic blocks into the flattened CFG
------CfgSketch::GenerateReduLoop----------------------------------------------
--------GraphPlus::Generate--------------------------------------------
Randomly generating a graph with 4 nodes
Removing cycles from the generated graph
Removed edge 1 -> 2
Started replacing bimpo #2 (successors=[1, 15]) with a reducible loop of size=5
Updated 12 bimpos' indices by +4 if it is behind #2 in our unflattened CFG
Updated 23 bimpos' successors by +4 if it is behind #6 in our flattened CFG
Updated the successors of the loop's latch to [6, 10]
Updated the successors of the loop's exit to [1, 19]
Constructed the basic blocks of the newly inserted loop
Inserted all the loop's basic blocks into the flattened CFG
------CfgSketch: Unflattened CFG Sketch----------------------------------------------
Bimpo: type=0, id=0, size=1, start=0
Bimpo: type=1, id=1, size=5, start=1
Bimpo: type=1, id=2, size=5, start=6
Bimpo: type=0, id=3, size=1, start=11
Bimpo: type=0, id=4, size=1, start=12
Bimpo: type=0, id=5, size=1, start=13
Bimpo: type=0, id=6, size=1, start=14
Bimpo: type=0, id=7, size=1, start=15
Bimpo: type=0, id=8, size=1, start=16
Bimpo: type=0, id=9, size=1, start=17
Bimpo: type=0, id=10, size=1, start=18
Bimpo: type=0, id=11, size=1, start=19
Bimpo: type=0, id=12, size=1, start=20
Bimpo: type=0, id=13, size=1, start=21
Bimpo: type=0, id=14, size=1, start=22
------CfgSketch: Flattened CFG Sketch----------------------------------------------
Block: 0 -> [16, 17]
Block: 1 -> [3]
Block: 2 -> [4]
Block: 3 -> [2]
Block: 4 -> [1, 5]
Block: 5 -> [6, 20]
Block: 6 -> [8, 9]
Block: 7 -> [9]
Block: 8 -> [7]
Block: 9 -> [6, 10]
Block: 10 -> [1, 19]
Block: 11 -> [13, 17]
Block: 12 -> [18, 21]
Block: 13 -> [1, 16]
Block: 14 -> [1, 19]
Block: 15 -> [18, 21]
Block: 16 -> [20, 22]
Block: 17 -> [12, 22]
Block: 18 -> [11, 22]
Block: 19 -> [14, 15]
Block: 20 -> [1, 21]
Block: 21 -> [17, 22]
Block: 22 -> []
------FunPlus: Generate Block #0----------------------------------------------
Generate assignment: 5 <- 7, 2
Generate assignment: 2 <- 0, 4
Generate conditional: 5, 2, 3
------FunPlus: Generate Block #1----------------------------------------------
Generate assignment: 5 <- 1, 2
Generate assignment: 0 <- 6, 3
------FunPlus: Generate Block #2----------------------------------------------
Generate assignment: 1 <- 1, 5
Generate assignment: 3 <- 7, 1
------FunPlus: Generate Block #3----------------------------------------------
Generate assignment: 4 <- 5, 7
Generate assignment: 2 <- 5, 3
------FunPlus: Generate Block #4----------------------------------------------
Generate assignment: 5 <- 5, 7
Generate assignment: 4 <- 5, 6
Generate conditional: 5, 4, 6
------FunPlus: Generate Block #5----------------------------------------------
Generate assignment: 2 <- 1, 7
Generate assignment: 4 <- 2, 6
Generate conditional: 2, 4, 7
------FunPlus: Generate Block #6----------------------------------------------
Generate assignment: 3 <- 4, 3
Generate assignment: 7 <- 6, 1
Generate conditional: 3, 7, 0
------FunPlus: Generate Block #7----------------------------------------------
Generate assignment: 2 <- 5, 1
Generate assignment: 4 <- 6, 4
------FunPlus: Generate Block #8----------------------------------------------
Generate assignment: 4 <- 7, 3
Generate assignment: 5 <- 6, 4
------FunPlus: Generate Block #9----------------------------------------------
Generate assignment: 4 <- 5, 3
Generate assignment: 1 <- 1, 6
Generate conditional: 4, 1, 7
------FunPlus: Generate Block #10----------------------------------------------
Generate assignment: 3 <- 5, 3
Generate assignment: 1 <- 3, 0
Generate conditional: 3, 1, 4
------FunPlus: Generate Block #11----------------------------------------------
Generate assignment: 1 <- 6, 4
Generate assignment: 6 <- 5, 6
Generate conditional: 1, 6, 7
------FunPlus: Generate Block #12----------------------------------------------
Generate assignment: 2 <- 3, 5
Generate assignment: 7 <- 4, 3
Generate conditional: 2, 7, 3
------FunPlus: Generate Block #13----------------------------------------------
Generate assignment: 4 <- 7, 0
Generate assignment: 1 <- 6, 1
Generate conditional: 4, 1, 0
------FunPlus: Generate Block #14----------------------------------------------
Generate assignment: 0 <- 5, 0
Generate assignment: 2 <- 5, 0
Generate conditional: 0, 2, 6
------FunPlus: Generate Block #15----------------------------------------------
Generate assignment: 3 <- 0, 7
Generate assignment: 0 <- 2, 0
Generate conditional: 3, 0, 7
------FunPlus: Generate Block #16----------------------------------------------
Generate assignment: 5 <- 0, 7
Generate assignment: 2 <- 2, 5
Generate conditional: 5, 2, 1
------FunPlus: Generate Block #17----------------------------------------------
Generate assignment: 5 <- 5, 0
Generate assignment: 6 <- 2, 3
Generate conditional: 5, 6, 2
------FunPlus: Generate Block #18----------------------------------------------
Generate assignment: 3 <- 3, 5
Generate assignment: 5 <- 7, 0
Generate conditional: 3, 5, 7
------FunPlus: Generate Block #19----------------------------------------------
Generate assignment: 3 <- 2, 3
Generate assignment: 6 <- 5, 7
Generate conditional: 3, 6, 4
------FunPlus: Generate Block #20----------------------------------------------
Generate assignment: 1 <- 0, 1
Generate assignment: 0 <- 1, 6
Generate conditional: 1, 0, 4
------FunPlus: Generate Block #21----------------------------------------------
Generate assignment: 7 <- 1, 0
Generate assignment: 4 <- 0, 2
Generate conditional: 7, 4, 1
------FunPlus: Generate Block #22----------------------------------------------
Generate assignment: 2 <- 7, 3
Generate assignment: 5 <- 6, 5
----SymExec: Solve------------------------------------------------
Execution Path: 0->17->22
------SymExec: Iteration 0----------------------------------------------
Generating or re-generating UB-free constraints
Initial constraints: 
```
(bvsle (bvadd (bvadd (bvadd (bvadd (bvadd (bvadd (bvadd (ite (= v0_el0_v0 #b00000000000000000000000000000000) #b00000000000000000000000000000001 #b00000000000000000000000000000000) (ite (= v0_el1_v0 #b00000000000000000000000000000000) #b00000000000000000000000000000001 #b00000000000000000000000000000000)) (ite (= v0_el2_v0 #b00000000000000000000000000000000) #b00000000000000000000000000000001 #b00000000000000000000000000000000)) (ite (= v1_v0 #b00000000000000000000000000000000) #b00000000000000000000000000000001 #b00000000000000000000000000000000)) (ite (= v2_v0 #b00000000000000000000000000000000) #b00000000000000000000000000000001 #b00000000000000000000000000000000)) (ite (= v3_v0 #b00000000000000000000000000000000) #b00000000000000000000000000000001 #b00000000000000000000000000000000)) (ite (= v4_v0 #b00000000000000000000000000000000) #b00000000000000000000000000000001 #b00000000000000000000000000000000)) (ite (= v5_v0 #b00000000000000000000000000000000) #b00000000000000000000000000000001 #b00000000000000000000000000000000)) #b00000000000000000000000000000100)
```
Final constraints: 
```
(bvsle (bvadd (bvadd (bvadd (bvadd (bvadd (bvadd (bvadd (ite (= v0_el0_v0 #b00000000000000000000000000000000) #b00000000000000000000000000000001 #b00000000000000000000000000000000) (ite (= v0_el1_v0 #b00000000000000000000000000000000) #b00000000000000000000000000000001 #b00000000000000000000000000000000)) (ite (= v0_el2_v0 #b00000000000000000000000000000000) #b00000000000000000000000000000001 #b00000000000000000000000000000000)) (ite (= v1_v0 #b00000000000000000000000000000000) #b00000000000000000000000000000001 #b00000000000000000000000000000000)) (ite (= v2_v0 #b00000000000000000000000000000000) #b00000000000000000000000000000001 #b00000000000000000000000000000000)) (ite (= v3_v0 #b00000000000000000000000000000000) #b00000000000000000000000000000001 #b00000000000000000000000000000000)) (ite (= v4_v0 #b00000000000000000000000000000000) #b00000000000000000000000000000001 #b00000000000000000000000000000000)) (ite (= v5_v0 #b00000000000000000000000000000000) #b00000000000000000000000000000001 #b00000000000000000000000000000000)) #b00000000000000000000000000000100)
(= v6_v0 init_var6)
(= v7_v0 init_var7)
(not (bvsaddo a0_0_1 v7_v0))
(distinct v2_v0 #b00000000000000000000000000000000)
(not (bvsdivo a0_0_2 v2_v0))
(not (bvssubo (bvadd a0_0_1 v7_v0) (bvsdiv a0_0_2 v2_v0)))
(not (bvssubo (bvsub (bvadd a0_0_1 v7_v0) (bvsdiv a0_0_2 v2_v0)) a0_0))
(bvsle (bvadd (bvadd (ite (= a0_0_1 #b00000000000000000000000000000000) #b00000000000000000000000000000001 #b00000000000000000000000000000000) (ite (= a0_0_2 #b00000000000000000000000000000000) #b00000000000000000000000000000001 #b00000000000000000000000000000000)) (ite (= a0_0 #b00000000000000000000000000000000) #b00000000000000000000000000000001 #b00000000000000000000000000000000)) #b00000000000000000000000000000001)
(= v5_v1 (bvsub (bvsub (bvadd a0_0_1 v7_v0) (bvsdiv a0_0_2 v2_v0)) a0_0))
(not (bvssubo a0_1_1 v0_el2_v0))
(not (bvsmulo a0_1_2 v4_v0))
(not (bvssubo (bvsub a0_1_1 v0_el2_v0) (bvmul a0_1_2 v4_v0)))
(not (bvssubo (bvsub (bvsub a0_1_1 v0_el2_v0) (bvmul a0_1_2 v4_v0)) a0_1))
(bvsle (bvadd (bvadd (ite (= a0_1_1 #b00000000000000000000000000000000) #b00000000000000000000000000000001 #b00000000000000000000000000000000) (ite (= a0_1_2 #b00000000000000000000000000000000) #b00000000000000000000000000000001 #b00000000000000000000000000000000)) (ite (= a0_1 #b00000000000000000000000000000000) #b00000000000000000000000000000001 #b00000000000000000000000000000000)) #b00000000000000000000000000000001)
(= v2_v1 (bvsub (bvsub (bvsub a0_1_1 v0_el2_v0) (bvmul a0_1_2 v4_v0)) a0_1))
(not (bvssubo b0_2_1 v5_v1))
(distinct v2_v1 #b00000000000000000000000000000000)
(not (bvsdivo b0_2_2 v2_v1))
(not (bvssubo (bvsub b0_2_1 v5_v1) (bvsrem b0_2_2 v2_v1)))
(distinct v3_v0 #b00000000000000000000000000000000)
(not (bvsdivo b0_2_3 v3_v0))
(not (bvssubo (bvsub (bvsub b0_2_1 v5_v1) (bvsrem b0_2_2 v2_v1)) (bvsrem b0_2_3 v3_v0)))
(not (bvssubo (bvsub (bvsub (bvsub b0_2_1 v5_v1) (bvsrem b0_2_2 v2_v1)) (bvsrem b0_2_3 v3_v0)) b0_2))
(bvsle (bvadd (bvadd (bvadd (ite (= b0_2_1 #b00000000000000000000000000000000) #b00000000000000000000000000000001 #b00000000000000000000000000000000) (ite (= b0_2_2 #b00000000000000000000000000000000) #b00000000000000000000000000000001 #b00000000000000000000000000000000)) (ite (= b0_2_3 #b00000000000000000000000000000000) #b00000000000000000000000000000001 #b00000000000000000000000000000000)) (ite (= b0_2 #b00000000000000000000000000000000) #b00000000000000000000000000000001 #b00000000000000000000000000000000)) #b00000000000000000000000000000001)
(not (= (bvsub (bvsub (bvsub (bvsub b0_2_1 v5_v1) (bvsrem b0_2_2 v2_v1)) (bvsrem b0_2_3 v3_v0)) b0_2) #b00000000000000000000000000000000))
(not (bvsaddo a17_0_1 v5_v1))
(not (bvssubo a17_0_2 v0_el2_v0))
(not (bvsaddo (bvadd a17_0_1 v5_v1) (bvsub a17_0_2 v0_el2_v0)))
(not (bvsaddo (bvadd (bvadd a17_0_1 v5_v1) (bvsub a17_0_2 v0_el2_v0)) a17_0))
(bvsle (bvadd (bvadd (ite (= a17_0_1 #b00000000000000000000000000000000) #b00000000000000000000000000000001 #b00000000000000000000000000000000) (ite (= a17_0_2 #b00000000000000000000000000000000) #b00000000000000000000000000000001 #b00000000000000000000000000000000)) (ite (= a17_0 #b00000000000000000000000000000000) #b00000000000000000000000000000001 #b00000000000000000000000000000000)) #b00000000000000000000000000000001)
(= v5_v2 (bvadd (bvadd (bvadd a17_0_1 v5_v1) (bvsub a17_0_2 v0_el2_v0)) a17_0))
(not (bvsmulo a17_1_1 v2_v1))
(not (bvssubo a17_1_2 v3_v0))
(not (bvsaddo (bvmul a17_1_1 v2_v1) (bvsub a17_1_2 v3_v0)))
(not (bvsaddo (bvadd (bvmul a17_1_1 v2_v1) (bvsub a17_1_2 v3_v0)) a17_1))
(bvsle (bvadd (bvadd (ite (= a17_1_1 #b00000000000000000000000000000000) #b00000000000000000000000000000001 #b00000000000000000000000000000000) (ite (= a17_1_2 #b00000000000000000000000000000000) #b00000000000000000000000000000001 #b00000000000000000000000000000000)) (ite (= a17_1 #b00000000000000000000000000000000) #b00000000000000000000000000000001 #b00000000000000000000000000000000)) #b00000000000000000000000000000001)
(= v6_v1 (bvadd (bvadd (bvmul a17_1_1 v2_v1) (bvsub a17_1_2 v3_v0)) a17_1))
(distinct v5_v2 #b00000000000000000000000000000000)
(not (bvsdivo b17_2_1 v5_v2))
(distinct v6_v1 #b00000000000000000000000000000000)
(not (bvsdivo b17_2_2 v6_v1))
(not (bvsaddo (bvsrem b17_2_1 v5_v2) (bvsdiv b17_2_2 v6_v1)))
(not (bvsaddo b17_2_3 v2_v1))
(not (bvsaddo (bvadd (bvsrem b17_2_1 v5_v2) (bvsdiv b17_2_2 v6_v1)) (bvadd b17_2_3 v2_v1)))
(not (bvsaddo (bvadd (bvadd (bvsrem b17_2_1 v5_v2) (bvsdiv b17_2_2 v6_v1)) (bvadd b17_2_3 v2_v1)) b17_2))
(bvsle (bvadd (bvadd (bvadd (ite (= b17_2_1 #b00000000000000000000000000000000) #b00000000000000000000000000000001 #b00000000000000000000000000000000) (ite (= b17_2_2 #b00000000000000000000000000000000) #b00000000000000000000000000000001 #b00000000000000000000000000000000)) (ite (= b17_2_3 #b00000000000000000000000000000000) #b00000000000000000000000000000001 #b00000000000000000000000000000000)) (ite (= b17_2 #b00000000000000000000000000000000) #b00000000000000000000000000000001 #b00000000000000000000000000000000)) #b00000000000000000000000000000001)
(not (bvsgt (bvadd (bvadd (bvadd (bvsrem b17_2_1 v5_v2) (bvsdiv b17_2_2 v6_v1)) (bvadd b17_2_3 v2_v1)) b17_2) #b00000000000000000000000000000000))
(distinct v7_v0 #b00000000000000000000000000000000)
(not (bvsdivo a22_0_1 v7_v0))
(not (bvsaddo a22_0_2 v3_v0))
(not (bvsaddo (bvsdiv a22_0_1 v7_v0) (bvadd a22_0_2 v3_v0)))
(not (bvsaddo (bvadd (bvsdiv a22_0_1 v7_v0) (bvadd a22_0_2 v3_v0)) a22_0))
(bvsle (bvadd (bvadd (ite (= a22_0_1 #b00000000000000000000000000000000) #b00000000000000000000000000000001 #b00000000000000000000000000000000) (ite (= a22_0_2 #b00000000000000000000000000000000) #b00000000000000000000000000000001 #b00000000000000000000000000000000)) (ite (= a22_0 #b00000000000000000000000000000000) #b00000000000000000000000000000001 #b00000000000000000000000000000000)) #b00000000000000000000000000000001)
(= v2_v2 (bvadd (bvadd (bvsdiv a22_0_1 v7_v0) (bvadd a22_0_2 v3_v0)) a22_0))
(not (bvsaddo a22_1_1 v6_v1))
(not (bvsaddo a22_1_2 v5_v2))
(not (bvsaddo (bvadd a22_1_1 v6_v1) (bvadd a22_1_2 v5_v2)))
(not (bvsaddo (bvadd (bvadd a22_1_1 v6_v1) (bvadd a22_1_2 v5_v2)) a22_1))
(bvsle (bvadd (bvadd (ite (= a22_1_1 #b00000000000000000000000000000000) #b00000000000000000000000000000001 #b00000000000000000000000000000000) (ite (= a22_1_2 #b00000000000000000000000000000000) #b00000000000000000000000000000001 #b00000000000000000000000000000000)) (ite (= a22_1 #b00000000000000000000000000000000) #b00000000000000000000000000000001 #b00000000000000000000000000000000)) #b00000000000000000000000000000001)
(= v5_v3 (bvadd (bvadd (bvadd a22_1_1 v6_v1) (bvadd a22_1_2 v5_v2)) a22_1))
```
Optimized constraints: 
```
(bvsle (bvadd (bvadd (bvadd (bvadd (bvadd (bvadd (bvadd (ite (= v0_el0_v0 #b00000000000000000000000000000000) #b00000000000000000000000000000001 #b00000000000000000000000000000000) (ite (= v0_el1_v0 #b00000000000000000000000000000000) #b00000000000000000000000000000001 #b00000000000000000000000000000000)) (ite (= v0_el2_v0 #b00000000000000000000000000000000) #b00000000000000000000000000000001 #b00000000000000000000000000000000)) (ite (= v1_v0 #b00000000000000000000000000000000) #b00000000000000000000000000000001 #b00000000000000000000000000000000)) (ite (= v2_v0 #b00000000000000000000000000000000) #b00000000000000000000000000000001 #b00000000000000000000000000000000)) (ite (= v3_v0 #b00000000000000000000000000000000) #b00000000000000000000000000000001 #b00000000000000000000000000000000)) (ite (= v4_v0 #b00000000000000000000000000000000) #b00000000000000000000000000000001 #b00000000000000000000000000000000)) (ite (= v5_v0 #b00000000000000000000000000000000) #b00000000000000000000000000000001 #b00000000000000000000000000000000)) #b00000000000000000000000000000100)
(= v6_v0 init_var6)
(= v7_v0 init_var7)
(not (bvsaddo a0_0_1 v7_v0))
(distinct v2_v0 #b00000000000000000000000000000000)
(not (bvsdivo a0_0_2 v2_v0))
(not (bvssubo (bvadd a0_0_1 v7_v0) (bvsdiv a0_0_2 v2_v0)))
(not (bvssubo (bvsub (bvadd a0_0_1 v7_v0) (bvsdiv a0_0_2 v2_v0)) a0_0))
(bvsle (bvadd (bvadd (ite (= a0_0_1 #b00000000000000000000000000000000) #b00000000000000000000000000000001 #b00000000000000000000000000000000) (ite (= a0_0_2 #b00000000000000000000000000000000) #b00000000000000000000000000000001 #b00000000000000000000000000000000)) (ite (= a0_0 #b00000000000000000000000000000000) #b00000000000000000000000000000001 #b00000000000000000000000000000000)) #b00000000000000000000000000000001)
(= v5_v1 (bvsub (bvsub (bvadd a0_0_1 v7_v0) (bvsdiv a0_0_2 v2_v0)) a0_0))
(not (bvssubo a0_1_1 v0_el2_v0))
(not (bvsmulo a0_1_2 v4_v0))
(not (bvssubo (bvsub a0_1_1 v0_el2_v0) (bvmul a0_1_2 v4_v0)))
(not (bvssubo (bvsub (bvsub a0_1_1 v0_el2_v0) (bvmul a0_1_2 v4_v0)) a0_1))
(bvsle (bvadd (bvadd (ite (= a0_1_1 #b00000000000000000000000000000000) #b00000000000000000000000000000001 #b00000000000000000000000000000000) (ite (= a0_1_2 #b00000000000000000000000000000000) #b00000000000000000000000000000001 #b00000000000000000000000000000000)) (ite (= a0_1 #b00000000000000000000000000000000) #b00000000000000000000000000000001 #b00000000000000000000000000000000)) #b00000000000000000000000000000001)
(= v2_v1 (bvsub (bvsub (bvsub a0_1_1 v0_el2_v0) (bvmul a0_1_2 v4_v0)) a0_1))
(not (bvssubo b0_2_1 v5_v1))
(distinct v2_v1 #b00000000000000000000000000000000)
(not (bvsdivo b0_2_2 v2_v1))
(not (bvssubo (bvsub b0_2_1 v5_v1) (bvsrem b0_2_2 v2_v1)))
(distinct v3_v0 #b00000000000000000000000000000000)
(not (bvsdivo b0_2_3 v3_v0))
(not (bvssubo (bvsub (bvsub b0_2_1 v5_v1) (bvsrem b0_2_2 v2_v1)) (bvsrem b0_2_3 v3_v0)))
(not (bvssubo (bvsub (bvsub (bvsub b0_2_1 v5_v1) (bvsrem b0_2_2 v2_v1)) (bvsrem b0_2_3 v3_v0)) b0_2))
(bvsle (bvadd (bvadd (bvadd (ite (= b0_2_1 #b00000000000000000000000000000000) #b00000000000000000000000000000001 #b00000000000000000000000000000000) (ite (= b0_2_2 #b00000000000000000000000000000000) #b00000000000000000000000000000001 #b00000000000000000000000000000000)) (ite (= b0_2_3 #b00000000000000000000000000000000) #b00000000000000000000000000000001 #b00000000000000000000000000000000)) (ite (= b0_2 #b00000000000000000000000000000000) #b00000000000000000000000000000001 #b00000000000000000000000000000000)) #b00000000000000000000000000000001)
(not (= (bvsub (bvsub (bvsub (bvsub b0_2_1 v5_v1) (bvsrem b0_2_2 v2_v1)) (bvsrem b0_2_3 v3_v0)) b0_2) #b00000000000000000000000000000000))
(not (bvsaddo a17_0_1 v5_v1))
(not (bvssubo a17_0_2 v0_el2_v0))
(not (bvsaddo (bvadd a17_0_1 v5_v1) (bvsub a17_0_2 v0_el2_v0)))
(not (bvsaddo (bvadd (bvadd a17_0_1 v5_v1) (bvsub a17_0_2 v0_el2_v0)) a17_0))
(bvsle (bvadd (bvadd (ite (= a17_0_1 #b00000000000000000000000000000000) #b00000000000000000000000000000001 #b00000000000000000000000000000000) (ite (= a17_0_2 #b00000000000000000000000000000000) #b00000000000000000000000000000001 #b00000000000000000000000000000000)) (ite (= a17_0 #b00000000000000000000000000000000) #b00000000000000000000000000000001 #b00000000000000000000000000000000)) #b00000000000000000000000000000001)
(= v5_v2 (bvadd (bvadd (bvadd a17_0_1 v5_v1) (bvsub a17_0_2 v0_el2_v0)) a17_0))
(not (bvsmulo a17_1_1 v2_v1))
(not (bvssubo a17_1_2 v3_v0))
(not (bvsaddo (bvmul a17_1_1 v2_v1) (bvsub a17_1_2 v3_v0)))
(not (bvsaddo (bvadd (bvmul a17_1_1 v2_v1) (bvsub a17_1_2 v3_v0)) a17_1))
(bvsle (bvadd (bvadd (ite (= a17_1_1 #b00000000000000000000000000000000) #b00000000000000000000000000000001 #b00000000000000000000000000000000) (ite (= a17_1_2 #b00000000000000000000000000000000) #b00000000000000000000000000000001 #b00000000000000000000000000000000)) (ite (= a17_1 #b00000000000000000000000000000000) #b00000000000000000000000000000001 #b00000000000000000000000000000000)) #b00000000000000000000000000000001)
(= v6_v1 (bvadd (bvadd (bvmul a17_1_1 v2_v1) (bvsub a17_1_2 v3_v0)) a17_1))
(distinct v5_v2 #b00000000000000000000000000000000)
(not (bvsdivo b17_2_1 v5_v2))
(distinct v6_v1 #b00000000000000000000000000000000)
(not (bvsdivo b17_2_2 v6_v1))
(not (bvsaddo (bvsrem b17_2_1 v5_v2) (bvsdiv b17_2_2 v6_v1)))
(not (bvsaddo b17_2_3 v2_v1))
(not (bvsaddo (bvadd (bvsrem b17_2_1 v5_v2) (bvsdiv b17_2_2 v6_v1)) (bvadd b17_2_3 v2_v1)))
(not (bvsaddo (bvadd (bvadd (bvsrem b17_2_1 v5_v2) (bvsdiv b17_2_2 v6_v1)) (bvadd b17_2_3 v2_v1)) b17_2))
(bvsle (bvadd (bvadd (bvadd (ite (= b17_2_1 #b00000000000000000000000000000000) #b00000000000000000000000000000001 #b00000000000000000000000000000000) (ite (= b17_2_2 #b00000000000000000000000000000000) #b00000000000000000000000000000001 #b00000000000000000000000000000000)) (ite (= b17_2_3 #b00000000000000000000000000000000) #b00000000000000000000000000000001 #b00000000000000000000000000000000)) (ite (= b17_2 #b00000000000000000000000000000000) #b00000000000000000000000000000001 #b00000000000000000000000000000000)) #b00000000000000000000000000000001)
(not (bvsgt (bvadd (bvadd (bvadd (bvsrem b17_2_1 v5_v2) (bvsdiv b17_2_2 v6_v1)) (bvadd b17_2_3 v2_v1)) b17_2) #b00000000000000000000000000000000))
(distinct v7_v0 #b00000000000000000000000000000000)
(not (bvsdivo a22_0_1 v7_v0))
(not (bvsaddo a22_0_2 v3_v0))
(not (bvsaddo (bvsdiv a22_0_1 v7_v0) (bvadd a22_0_2 v3_v0)))
(not (bvsaddo (bvadd (bvsdiv a22_0_1 v7_v0) (bvadd a22_0_2 v3_v0)) a22_0))
(bvsle (bvadd (bvadd (ite (= a22_0_1 #b00000000000000000000000000000000) #b00000000000000000000000000000001 #b00000000000000000000000000000000) (ite (= a22_0_2 #b00000000000000000000000000000000) #b00000000000000000000000000000001 #b00000000000000000000000000000000)) (ite (= a22_0 #b00000000000000000000000000000000) #b00000000000000000000000000000001 #b00000000000000000000000000000000)) #b00000000000000000000000000000001)
(= v2_v2 (bvadd (bvadd (bvsdiv a22_0_1 v7_v0) (bvadd a22_0_2 v3_v0)) a22_0))
(not (bvsaddo a22_1_1 v6_v1))
(not (bvsaddo a22_1_2 v5_v2))
(not (bvsaddo (bvadd a22_1_1 v6_v1) (bvadd a22_1_2 v5_v2)))
(not (bvsaddo (bvadd (bvadd a22_1_1 v6_v1) (bvadd a22_1_2 v5_v2)) a22_1))
(bvsle (bvadd (bvadd (ite (= a22_1_1 #b00000000000000000000000000000000) #b00000000000000000000000000000001 #b00000000000000000000000000000000) (ite (= a22_1_2 #b00000000000000000000000000000000) #b00000000000000000000000000000001 #b00000000000000000000000000000000)) (ite (= a22_1 #b00000000000000000000000000000000) #b00000000000000000000000000000001 #b00000000000000000000000000000000)) #b00000000000000000000000000000001)
(= v5_v3 (bvadd (bvadd (bvadd a22_1_1 v6_v1) (bvadd a22_1_2 v5_v2)) a22_1))
```
Constraint stats: asserted=61 addCalls=61 skippedTrue=0 deduped=0 ensureInRangeCalls=64 boundedAlready=0 uniqueConstraintIds=61 uniqueBoundedIds=0 (solverAsserted=0)
Bitwuzla check_sat time: 239ms
Bitwuzla statistics: preprocess::contradicting_ands::num_substs=0 preprocess::contradicting_ands::time_apply=0ms preprocess::elim_extract::num_elim=0 preprocess::elim_extract::time_apply=0ms preprocess::elim_lambda::time_apply=0ms preprocess::elim_udiv::num_eliminated=0 preprocess::elim_udiv::time_apply=0ms preprocess::embedded_constraints::num_substs=2 preprocess::embedded_constraints::time_apply=0ms preprocess::flatten_and::num_assertions=118 preprocess::flatten_and::num_flattened=88 preprocess::flatten_and::time_apply=0ms preprocess::lambda::num_elim=0 preprocess::normalize::num_common_normalizations=6 preprocess::normalize::num_normalizations=92 preprocess::normalize::num_normalized_assertions=0 preprocess::normalize::num_pass1=0 preprocess::normalize::num_pass2=0 preprocess::normalize::time_adder_chains=2ms preprocess::normalize::time_apply=29ms preprocess::normalize::time_compute_occs=0ms preprocess::normalize::time_normalize_add=0ms preprocess::normalize::time_normalize_mul=0ms preprocess::normalize::time_score=23ms preprocess::rewrite::time_apply=2ms preprocess::skeleton_preproc::cnf::clauses=496 preprocess::skeleton_preproc::cnf::lits=968 preprocess::skeleton_preproc::new_assertions=0 preprocess::skeleton_preproc::resets=1 preprocess::skeleton_preproc::time_apply=0ms preprocess::skeleton_preproc::time_encode=0ms preprocess::skeleton_preproc::time_fixed=0ms preprocess::skeleton_preproc::time_sat=0ms preprocess::uninterpreted::num_substs=0 preprocess::uninterpreted::time_apply=0ms preprocess::varsubst::normalize_bv_ineq::num_slt=0 preprocess::varsubst::normalize_bv_ineq::num_ult=0 preprocess::varsubst::normalize_eq::num_bv_concat=0 preprocess::varsubst::normalize_eq::num_gauss_elim=2 preprocess::varsubst::normalize_eq::num_linear_eq=2 preprocess::varsubst::num_substs=8 preprocess::varsubst::time_apply=1ms preprocess::varsubst::time_direct_cycle_check=0ms preprocess::varsubst::time_find_substitution=0ms preprocess::varsubst::time_find_vars=0ms preprocess::varsubst::time_register=0ms preprocess::varsubst::time_remove_cycles=0ms preprocess::varsubst::time_substitute=0ms preprocessor::num_iterations=2 preprocessor::time_preprocess=35ms preprocessor::time_process=0ms rewriter::(normalize)::num_evals=0 rewriter::(normalize)::num_rewrites=326 rewriter::(normalize)::rewrite::BV_ADD_SPECIAL_CONST=37 rewriter::(normalize)::rewrite::BV_MUL_EVAL=2 rewriter::(normalize)::rewrite::BV_MUL_ONES=7 rewriter::(normalize)::rewrite::BV_NEG_ELIM=7 rewriter::(normalize)::rewrite::BV_NOT_BV_NOT=34 rewriter::(normalize)::rewrite::NORMALIZE_COMM=239 rewriter::eval::BV_MUL_EVAL=1 rewriter::eval::BV_NEG_EVAL=1 rewriter::eval::BV_SHL_EVAL=1 rewriter::eval::EQUAL_EVAL=2 rewriter::eval::IMPLIES_EVAL=1 rewriter::num_evals=6 rewriter::num_rewrites=1305 rewriter::rewrite::BV_ADD_EVAL=2 rewriter::rewrite::BV_ADD_ITE2=34 rewriter::rewrite::BV_ADD_SPECIAL_CONST=28 rewriter::rewrite::BV_EXTRACT_ADD_MUL=12 rewriter::rewrite::BV_EXTRACT_EVAL=1 rewriter::rewrite::BV_EXTRACT_FULL=4 rewriter::rewrite::BV_MUL_ONE=2 rewriter::rewrite::BV_MUL_POW2=12 rewriter::rewrite::BV_NEG_ELIM=40 rewriter::rewrite::BV_NOT_BV_NOT=200 rewriter::rewrite::BV_NOT_EVAL=2 rewriter::rewrite::BV_OR_ELIM=118 rewriter::rewrite::BV_SADDO_ELIM=17 rewriter::rewrite::BV_SDIVO_ELIM=6 rewriter::rewrite::BV_SDIV_ELIM=3 rewriter::rewrite::BV_SGT_ELIM=1 rewriter::rewrite::BV_SHL_CONST=12 rewriter::rewrite::BV_SHL_SPECIAL_CONST=2 rewriter::rewrite::BV_SIGN_EXTEND_ELIM=8 rewriter::rewrite::BV_SLE_ELIM=9 rewriter::rewrite::BV_SMULO_ELIM=2 rewriter::rewrite::BV_SREM_ELIM=3 rewriter::rewrite::BV_SSUBO_ELIM=11 rewriter::rewrite::BV_SUB_ELIM=13 rewriter::rewrite::DISTINCT_ELIM=6 rewriter::rewrite::EQUAL_BV_SUB=11 rewriter::rewrite::EQUAL_CONST_BV_NOT=62 rewriter::rewrite::EQUAL_SPECIAL_CONST=4 rewriter::rewrite::EQUAL_TRUE=7 rewriter::rewrite::IMPLIES_ELIM=2 rewriter::rewrite::ITE_EVAL=1 rewriter::rewrite::NORMALIZE_COMM=556 rewriter::rewrite::NOT_EQUAL_BV1_BOOL=58 rewriter::rewrite::NOT_NOT=28 rewriter::rewrite::OR_ELIM=28 solver::abstract::lemmas::MUL_NEG_POW2=2 solver::abstract::num_checks=2 solver::abstract::terms::BV_MUL=2 solver::abstract::terms::total=2 solver::abstract::time_check=1ms solver::array::equalities=0 solver::array::num_checks=0 solver::array::propagations=0 solver::array::propagations_down=0 solver::array::propagations_up=0 solver::array::selects=0 solver::array::time_check=0ms solver::bv::bitblast::aig::num_ands=75566 solver::bv::bitblast::aig::num_consts=1186 solver::bv::bitblast::aig::num_shared=11880 solver::bv::bitblast::aig::time_bitblast=9ms solver::bv::bitblast::cnf::num_clauses=191781 solver::bv::bitblast::cnf::num_literals=464990 solver::bv::bitblast::cnf::num_vars=62779 solver::bv::bitblast::cnf::time_encode=67ms solver::bv::bitblast::sat::time_solve=124ms solver::bv::num_assertions=145 solver::bv::num_checks=2 solver::bv::time_check=191ms solver::engine::lemmas::abstr=2 solver::engine::lemmas::array=0 solver::engine::lemmas::fp=0 solver::engine::lemmas::fun=0 solver::engine::lemmas::quant=0 solver::engine::lemmas::total=2 solver::engine::time_register_term=0ms solver::engine::time_solve=203ms solver::fun::num_checks=1 solver::fun::time_check=0ms solver::quant::mbqi_checks=0 solver::quant::num_lemma_iterations=0 solver::quant::num_lemmas=0 solver::quant::time_check=0ms solver::quant::time_mbqi=0ms solver::quant::time_process=0ms solving_context::max_memory=59547648 solving_context::time_ensure_model=0ms solving_context::time_solve=239ms
SAT
Extract symbols: sym=init_var6, value=0
Extract symbols: sym=init_var7, value=-1
Extract symbols: sym=a0_0_1, value=-1
Extract symbols: sym=a0_0_2, value=-1
Extract symbols: sym=a0_0, value=-1
Extract symbols: sym=a0_1_1, value=-2
Extract symbols: sym=a0_1_2, value=-1
Extract symbols: sym=a0_1, value=-1
Extract symbols: sym=b0_2_1, value=-1
Extract symbols: sym=b0_2_2, value=-1
Extract symbols: sym=b0_2_3, value=-1
Extract symbols: sym=b0_2, value=-1
Extract symbols: sym=a1_0_1, value=0
Extract symbols: sym=a1_0_2, value=0
Extract symbols: sym=a1_0, value=0
Extract symbols: sym=a1_1_1, value=0
Extract symbols: sym=a1_1_2, value=0
Extract symbols: sym=a1_1, value=0
Extract symbols: sym=a2_0_1, value=0
Extract symbols: sym=a2_0_2, value=0
Extract symbols: sym=a2_0, value=0
Extract symbols: sym=a2_1_1, value=0
Extract symbols: sym=a2_1_2, value=0
Extract symbols: sym=a2_1, value=0
Extract symbols: sym=a3_0_1, value=0
Extract symbols: sym=a3_0_2, value=0
Extract symbols: sym=a3_0, value=0
Extract symbols: sym=a3_1_1, value=0
Extract symbols: sym=a3_1_2, value=0
Extract symbols: sym=a3_1, value=0
Extract symbols: sym=a4_0_1, value=0
Extract symbols: sym=a4_0_2, value=0
Extract symbols: sym=a4_0, value=0
Extract symbols: sym=a4_1_1, value=0
Extract symbols: sym=a4_1_2, value=0
Extract symbols: sym=a4_1, value=0
Extract symbols: sym=b4_2_1, value=0
Extract symbols: sym=b4_2_2, value=0
Extract symbols: sym=b4_2_3, value=0
Extract symbols: sym=b4_2, value=0
Extract symbols: sym=a5_0_1, value=0
Extract symbols: sym=a5_0_2, value=0
Extract symbols: sym=a5_0, value=0
Extract symbols: sym=a5_1_1, value=0
Extract symbols: sym=a5_1_2, value=0
Extract symbols: sym=a5_1, value=0
Extract symbols: sym=b5_2_1, value=0
Extract symbols: sym=b5_2_2, value=0
Extract symbols: sym=b5_2_3, value=0
Extract symbols: sym=b5_2, value=0
Extract symbols: sym=a6_0_1, value=0
Extract symbols: sym=a6_0_2, value=0
Extract symbols: sym=a6_0, value=0
Extract symbols: sym=a6_1_1, value=0
Extract symbols: sym=a6_1_2, value=0
Extract symbols: sym=a6_1, value=0
Extract symbols: sym=b6_2_1, value=0
Extract symbols: sym=b6_2_2, value=0
Extract symbols: sym=b6_2_3, value=0
Extract symbols: sym=b6_2, value=0
Extract symbols: sym=a7_0_1, value=0
Extract symbols: sym=a7_0_2, value=0
Extract symbols: sym=a7_0, value=0
Extract symbols: sym=a7_1_1, value=0
Extract symbols: sym=a7_1_2, value=0
Extract symbols: sym=a7_1, value=0
Extract symbols: sym=a8_0_1, value=0
Extract symbols: sym=a8_0_2, value=0
Extract symbols: sym=a8_0, value=0
Extract symbols: sym=a8_1_1, value=0
Extract symbols: sym=a8_1_2, value=0
Extract symbols: sym=a8_1, value=0
Extract symbols: sym=a9_0_1, value=0
Extract symbols: sym=a9_0_2, value=0
Extract symbols: sym=a9_0, value=0
Extract symbols: sym=a9_1_1, value=0
Extract symbols: sym=a9_1_2, value=0
Extract symbols: sym=a9_1, value=0
Extract symbols: sym=b9_2_1, value=0
Extract symbols: sym=b9_2_2, value=0
Extract symbols: sym=b9_2_3, value=0
Extract symbols: sym=b9_2, value=0
Extract symbols: sym=a10_0_1, value=0
Extract symbols: sym=a10_0_2, value=0
Extract symbols: sym=a10_0, value=0
Extract symbols: sym=a10_1_1, value=0
Extract symbols: sym=a10_1_2, value=0
Extract symbols: sym=a10_1, value=0
Extract symbols: sym=b10_2_1, value=0
Extract symbols: sym=b10_2_2, value=0
Extract symbols: sym=b10_2_3, value=0
Extract symbols: sym=b10_2, value=0
Extract symbols: sym=a11_0_1, value=0
Extract symbols: sym=a11_0_2, value=0
Extract symbols: sym=a11_0, value=0
Extract symbols: sym=a11_1_1, value=0
Extract symbols: sym=a11_1_2, value=0
Extract symbols: sym=a11_1, value=0
Extract symbols: sym=b11_2_1, value=0
Extract symbols: sym=b11_2_2, value=0
Extract symbols: sym=b11_2_3, value=0
Extract symbols: sym=b11_2, value=0
Extract symbols: sym=a12_0_1, value=0
Extract symbols: sym=a12_0_2, value=0
Extract symbols: sym=a12_0, value=0
Extract symbols: sym=a12_1_1, value=0
Extract symbols: sym=a12_1_2, value=0
Extract symbols: sym=a12_1, value=0
Extract symbols: sym=b12_2_1, value=0
Extract symbols: sym=b12_2_2, value=0
Extract symbols: sym=b12_2_3, value=0
Extract symbols: sym=b12_2, value=0
Extract symbols: sym=a13_0_1, value=0
Extract symbols: sym=a13_0_2, value=0
Extract symbols: sym=a13_0, value=0
Extract symbols: sym=a13_1_1, value=0
Extract symbols: sym=a13_1_2, value=0
Extract symbols: sym=a13_1, value=0
Extract symbols: sym=b13_2_1, value=0
Extract symbols: sym=b13_2_2, value=0
Extract symbols: sym=b13_2_3, value=0
Extract symbols: sym=b13_2, value=0
Extract symbols: sym=a14_0_1, value=0
Extract symbols: sym=a14_0_2, value=0
Extract symbols: sym=a14_0, value=0
Extract symbols: sym=a14_1_1, value=0
Extract symbols: sym=a14_1_2, value=0
Extract symbols: sym=a14_1, value=0
Extract symbols: sym=b14_2_1, value=0
Extract symbols: sym=b14_2_2, value=0
Extract symbols: sym=b14_2_3, value=0
Extract symbols: sym=b14_2, value=0
Extract symbols: sym=a15_0_1, value=0
Extract symbols: sym=a15_0_2, value=0
Extract symbols: sym=a15_0, value=0
Extract symbols: sym=a15_1_1, value=0
Extract symbols: sym=a15_1_2, value=0
Extract symbols: sym=a15_1, value=0
Extract symbols: sym=b15_2_1, value=0
Extract symbols: sym=b15_2_2, value=0
Extract symbols: sym=b15_2_3, value=0
Extract symbols: sym=b15_2, value=0
Extract symbols: sym=a16_0_1, value=0
Extract symbols: sym=a16_0_2, value=0
Extract symbols: sym=a16_0, value=0
Extract symbols: sym=a16_1_1, value=0
Extract symbols: sym=a16_1_2, value=0
Extract symbols: sym=a16_1, value=0
Extract symbols: sym=b16_2_1, value=0
Extract symbols: sym=b16_2_2, value=0
Extract symbols: sym=b16_2_3, value=0
Extract symbols: sym=b16_2, value=0
Extract symbols: sym=a17_0_1, value=-1
Extract symbols: sym=a17_0_2, value=-1
Extract symbols: sym=a17_0, value=-1
Extract symbols: sym=a17_1_1, value=-1
Extract symbols: sym=a17_1_2, value=-1
Extract symbols: sym=a17_1, value=-2
Extract symbols: sym=b17_2_1, value=-1
Extract symbols: sym=b17_2_2, value=-1
Extract symbols: sym=b17_2_3, value=-1
Extract symbols: sym=b17_2, value=-1
Extract symbols: sym=a18_0_1, value=0
Extract symbols: sym=a18_0_2, value=0
Extract symbols: sym=a18_0, value=0
Extract symbols: sym=a18_1_1, value=0
Extract symbols: sym=a18_1_2, value=0
Extract symbols: sym=a18_1, value=0
Extract symbols: sym=b18_2_1, value=0
Extract symbols: sym=b18_2_2, value=0
Extract symbols: sym=b18_2_3, value=0
Extract symbols: sym=b18_2, value=0
Extract symbols: sym=a19_0_1, value=0
Extract symbols: sym=a19_0_2, value=0
Extract symbols: sym=a19_0, value=0
Extract symbols: sym=a19_1_1, value=0
Extract symbols: sym=a19_1_2, value=0
Extract symbols: sym=a19_1, value=0
Extract symbols: sym=b19_2_1, value=0
Extract symbols: sym=b19_2_2, value=0
Extract symbols: sym=b19_2_3, value=0
Extract symbols: sym=b19_2, value=0
Extract symbols: sym=a20_0_1, value=0
Extract symbols: sym=a20_0_2, value=0
Extract symbols: sym=a20_0, value=0
Extract symbols: sym=a20_1_1, value=0
Extract symbols: sym=a20_1_2, value=0
Extract symbols: sym=a20_1, value=0
Extract symbols: sym=b20_2_1, value=0
Extract symbols: sym=b20_2_2, value=0
Extract symbols: sym=b20_2_3, value=0
Extract symbols: sym=b20_2, value=0
Extract symbols: sym=a21_0_1, value=0
Extract symbols: sym=a21_0_2, value=0
Extract symbols: sym=a21_0, value=0
Extract symbols: sym=a21_1_1, value=0
Extract symbols: sym=a21_1_2, value=0
Extract symbols: sym=a21_1, value=0
Extract symbols: sym=b21_2_1, value=0
Extract symbols: sym=b21_2_2, value=0
Extract symbols: sym=b21_2_3, value=0
Extract symbols: sym=b21_2, value=0
Extract symbols: sym=a22_0_1, value=-1
Extract symbols: sym=a22_0_2, value=-1
Extract symbols: sym=a22_0, value=-1
Extract symbols: sym=a22_1_1, value=-1
Extract symbols: sym=a22_1_2, value=-1
Extract symbols: sym=a22_1, value=-1
--------IntUBInject: Inject Int UBs to Block BB7--------------------------------------------
Collected constraints:
(bvsle v5_v0 #b001111111111111111111111111111111)
(bvsge v5_v0 #b110000000000000000000000000000000)
(bvsle v1_v0 #b001111111111111111111111111111111)
(bvsge v1_v0 #b110000000000000000000000000000000)
(bvsle v6_v0 #b001111111111111111111111111111111)
(bvsge v6_v0 #b110000000000000000000000000000000)
(bvsle v4_v0 #b001111111111111111111111111111111)
(bvsge v4_v0 #b110000000000000000000000000000000)
(= v2_v1 (bvsub (bvsub #b000000000000000000000000000000000 (bvmul #b000000000000000000000000000000000 v1_v0)) (bvmul #b000000000000000000000000000000000 v5_v0)))
(distinct v4_v0 #b000000000000000000000000000000000)
(= v4_v1 (bvsub (bvsub #b000000000000000000000000000000000 (bvsrem #b000000000000000000000000000000000 v4_v0)) (bvsub #b000000000000000000000000000000000 v6_v0)))
(let ((_let0 (bvsub (bvsub #b000000000000000000000000000000000 (bvmul #b000000000000000000000000000000000 v1_v0)) (bvmul #b000000000000000000000000000000000 v5_v0)))) (let ((_let1 (bvsub (bvsub #b000000000000000000000000000000000 (bvsrem #b000000000000000000000000000000000 v4_v0)) (bvsub #b000000000000000000000000000000000 v6_v0)))) (or (or false (or (bvsgt _let0 #b001111111111111111111111111111111) (bvslt _let0 #b110000000000000000000000000000000))) (or (bvsgt _let1 #b001111111111111111111111111111111) (bvslt _let1 #b110000000000000000000000000000000)))))
UNSAT
----------IntUBInject: Inject Int UBs to Block BB13------------------------------------------
Collected constraints:
(bvsle v7_v0 #b001111111111111111111111111111111)
(bvsge v7_v0 #b110000000000000000000000000000000)
(bvsle v0_el2_v0 #b001111111111111111111111111111111)
(bvsge v0_el2_v0 #b110000000000000000000000000000000)
(bvsle v6_v0 #b001111111111111111111111111111111)
(bvsge v6_v0 #b110000000000000000000000000000000)
(bvsle v1_v0 #b001111111111111111111111111111111)
(bvsge v1_v0 #b110000000000000000000000000000000)
(distinct v7_v0 #b000000000000000000000000000000000)
(= #b000000000000000000000000000000010 #b000000000000000000000000000000010)
(= v4_v1 (bvsub (bvsub #b000000000000000000000000000000000 (bvadd #b000000000000000000000000000000000 v0_el2_v0)) (bvsdiv #b000000000000000000000000000000000 v7_v0)))
(distinct v6_v0 #b000000000000000000000000000000000)
(distinct v1_v0 #b000000000000000000000000000000000)
(= v1_v1 (bvsub (bvsub #b000000000000000000000000000000000 (bvsdiv #b000000000000000000000000000000000 v1_v0)) (bvsrem #b000000000000000000000000000000000 v6_v0)))
(distinct v1_v1 #b000000000000000000000000000000000)
(= #b000000000000000000000000000000010 #b000000000000000000000000000000010)
(distinct v0_el2_v0 #b000000000000000000000000000000000)
(let ((_let0 (bvsub (bvsub #b000000000000000000000000000000000 (bvadd #b000000000000000000000000000000000 v0_el2_v0)) (bvsdiv #b000000000000000000000000000000000 v7_v0)))) (let ((_let1 (bvsub (bvsub #b000000000000000000000000000000000 (bvsdiv #b000000000000000000000000000000000 v1_v0)) (bvsrem #b000000000000000000000000000000000 v6_v0)))) (let ((_let2 (bvadd (bvadd (bvadd #b000000000000000000000000000000000 (bvsrem #b000000000000000000000000000000000 v0_el2_v0)) (bvsrem #b000000000000000000000000000000000 v1_v1)) (bvmul #b000000000000000000000000000000000 v4_v1)))) (or (or (or false (or (bvsgt _let0 #b001111111111111111111111111111111) (bvslt _let0 #b110000000000000000000000000000000))) (or (bvsgt _let1 #b001111111111111111111111111111111) (bvslt _let1 #b110000000000000000000000000000000))) (or (bvsgt _let2 #b001111111111111111111111111111111) (bvslt _let2 #b110000000000000000000000000000000))))))
UNSAT
------------IntUBInject: Inject Int UBs to Block BB15----------------------------------------
Collected constraints:
(bvsle v0_el2_v0 #b001111111111111111111111111111111)
(bvsge v0_el2_v0 #b110000000000000000000000000000000)
(bvsle v7_v0 #b001111111111111111111111111111111)
(bvsge v7_v0 #b110000000000000000000000000000000)
(bvsle v2_v0 #b001111111111111111111111111111111)
(bvsge v2_v0 #b110000000000000000000000000000000)
(bvsle v0_el2_v0 #b001111111111111111111111111111111)
(bvsge v0_el2_v0 #b110000000000000000000000000000000)
(= #b000000000000000000000000000000010 #b000000000000000000000000000000010)
(distinct v0_el2_v0 #b000000000000000000000000000000000)
(distinct v7_v0 #b000000000000000000000000000000000)
(= v3_v1 (bvsub (bvsub #b000000000000000000000000000000000 (bvsdiv #b000000000000000000000000000000000 v7_v0)) (bvsdiv #b000000000000000000000000000000000 v0_el2_v0)))
(distinct v2_v0 #b000000000000000000000000000000000)
(= #b000000000000000000000000000000010 #b000000000000000000000000000000010)
(distinct v0_el2_v0 #b000000000000000000000000000000000)
(= v0_el2_v1 (bvadd (bvadd #b000000000000000000000000000000000 (bvsrem #b000000000000000000000000000000000 v0_el2_v0)) (bvsdiv #b000000000000000000000000000000000 v2_v0)))
(distinct v3_v1 #b000000000000000000000000000000000)
(= #b000000000000000000000000000000010 #b000000000000000000000000000000010)
(distinct v7_v0 #b000000000000000000000000000000000)
(let ((_let0 (bvsdiv #b000000000000000000000000000000000 v7_v0))) (let ((_let1 (bvsub (bvsub #b000000000000000000000000000000000 _let0) (bvsdiv #b000000000000000000000000000000000 v0_el2_v0)))) (let ((_let2 (bvadd (bvadd #b000000000000000000000000000000000 (bvsrem #b000000000000000000000000000000000 v0_el2_v0)) (bvsdiv #b000000000000000000000000000000000 v2_v0)))) (let ((_let3 (bvadd (bvadd (bvadd #b000000000000000000000000000000000 _let0) (bvmul #b000000000000000000000000000000000 v0_el2_v1)) (bvsrem #b000000000000000000000000000000000 v3_v1)))) (or (or (or false (or (bvsgt _let1 #b001111111111111111111111111111111) (bvslt _let1 #b110000000000000000000000000000000))) (or (bvsgt _let2 #b001111111111111111111111111111111) (bvslt _let2 #b110000000000000000000000000000000))) (or (bvsgt _let3 #b001111111111111111111111111111111) (bvslt _let3 #b110000000000000000000000000000000)))))))
UNSAT
Extract initialization: param=v0, value=-1
Extract initialization: param=v0, value=-1
Extract initialization: param=v0, value=-1
Extract initialization: param=v1, value=-1
Extract initialization: param=v2, value=-1
Extract initialization: param=v3, value=-1
Extract initialization: param=v4, value=-1
Extract initialization: param=v5, value=-1
Extract finalization: param=v0, value=-1
Extract finalization: param=v0, value=-1
Extract finalization: param=v0, value=-1
Extract finalization: param=v1, value=-1
Extract finalization: param=v2, value=-2
Extract finalization: param=v3, value=-1
Extract finalization: param=v4, value=-1
Extract finalization: param=v5, value=-8
------------SymExec: Iteration 1----------------------------------------
Generating or re-generating UB-free constraints
Initial constraints: 
```
(bvsle (bvadd (bvadd (bvadd (bvadd (bvadd (bvadd (bvadd (ite (= v0_el0_v0 #b00000000000000000000000000000000) #b00000000000000000000000000000001 #b00000000000000000000000000000000) (ite (= v0_el1_v0 #b00000000000000000000000000000000) #b00000000000000000000000000000001 #b00000000000000000000000000000000)) (ite (= v0_el2_v0 #b00000000000000000000000000000000) #b00000000000000000000000000000001 #b00000000000000000000000000000000)) (ite (= v1_v0 #b00000000000000000000000000000000) #b00000000000000000000000000000001 #b00000000000000000000000000000000)) (ite (= v2_v0 #b00000000000000000000000000000000) #b00000000000000000000000000000001 #b00000000000000000000000000000000)) (ite (= v3_v0 #b00000000000000000000000000000000) #b00000000000000000000000000000001 #b00000000000000000000000000000000)) (ite (= v4_v0 #b00000000000000000000000000000000) #b00000000000000000000000000000001 #b00000000000000000000000000000000)) (ite (= v5_v0 #b00000000000000000000000000000000) #b00000000000000000000000000000001 #b00000000000000000000000000000000)) #b00000000000000000000000000000100)
```
Final constraints: 
```
(bvsle (bvadd (bvadd (bvadd (bvadd (bvadd (bvadd (bvadd (ite (= v0_el0_v0 #b00000000000000000000000000000000) #b00000000000000000000000000000001 #b00000000000000000000000000000000) (ite (= v0_el1_v0 #b00000000000000000000000000000000) #b00000000000000000000000000000001 #b00000000000000000000000000000000)) (ite (= v0_el2_v0 #b00000000000000000000000000000000) #b00000000000000000000000000000001 #b00000000000000000000000000000000)) (ite (= v1_v0 #b00000000000000000000000000000000) #b00000000000000000000000000000001 #b00000000000000000000000000000000)) (ite (= v2_v0 #b00000000000000000000000000000000) #b00000000000000000000000000000001 #b00000000000000000000000000000000)) (ite (= v3_v0 #b00000000000000000000000000000000) #b00000000000000000000000000000001 #b00000000000000000000000000000000)) (ite (= v4_v0 #b00000000000000000000000000000000) #b00000000000000000000000000000001 #b00000000000000000000000000000000)) (ite (= v5_v0 #b00000000000000000000000000000000) #b00000000000000000000000000000001 #b00000000000000000000000000000000)) #b00000000000000000000000000000100)
(= v6_v0 #b00000000000000000000000000000000)
(= v7_v0 #b11111111111111111111111111111111)
(not (bvsaddo #b11111111111111111111111111111111 v7_v0))
(distinct v2_v0 #b00000000000000000000000000000000)
(not (bvsdivo #b11111111111111111111111111111111 v2_v0))
(not (bvssubo (bvadd #b11111111111111111111111111111111 v7_v0) (bvsdiv #b11111111111111111111111111111111 v2_v0)))
(not (bvssubo (bvsub (bvadd #b11111111111111111111111111111111 v7_v0) (bvsdiv #b11111111111111111111111111111111 v2_v0)) #b11111111111111111111111111111111))
(let ((_let0 (ite (= #b11111111111111111111111111111111 #b00000000000000000000000000000000) #b00000000000000000000000000000001 #b00000000000000000000000000000000))) (bvsle (bvadd (bvadd _let0 _let0) _let0) #b00000000000000000000000000000001))
(= v5_v1 (bvsub (bvsub (bvadd #b11111111111111111111111111111111 v7_v0) (bvsdiv #b11111111111111111111111111111111 v2_v0)) #b11111111111111111111111111111111))
(not (bvssubo #b11111111111111111111111111111110 v0_el2_v0))
(not (bvsmulo #b11111111111111111111111111111111 v4_v0))
(not (bvssubo (bvsub #b11111111111111111111111111111110 v0_el2_v0) (bvmul #b11111111111111111111111111111111 v4_v0)))
(not (bvssubo (bvsub (bvsub #b11111111111111111111111111111110 v0_el2_v0) (bvmul #b11111111111111111111111111111111 v4_v0)) #b11111111111111111111111111111111))
(let ((_let0 (ite (= #b11111111111111111111111111111111 #b00000000000000000000000000000000) #b00000000000000000000000000000001 #b00000000000000000000000000000000))) (bvsle (bvadd (bvadd (ite (= #b11111111111111111111111111111110 #b00000000000000000000000000000000) #b00000000000000000000000000000001 #b00000000000000000000000000000000) _let0) _let0) #b00000000000000000000000000000001))
(= v2_v1 (bvsub (bvsub (bvsub #b11111111111111111111111111111110 v0_el2_v0) (bvmul #b11111111111111111111111111111111 v4_v0)) #b11111111111111111111111111111111))
(not (bvssubo #b11111111111111111111111111111111 v5_v1))
(distinct v2_v1 #b00000000000000000000000000000000)
(not (bvsdivo #b11111111111111111111111111111111 v2_v1))
(not (bvssubo (bvsub #b11111111111111111111111111111111 v5_v1) (bvsrem #b11111111111111111111111111111111 v2_v1)))
(distinct v3_v0 #b00000000000000000000000000000000)
(not (bvsdivo #b11111111111111111111111111111111 v3_v0))
(not (bvssubo (bvsub (bvsub #b11111111111111111111111111111111 v5_v1) (bvsrem #b11111111111111111111111111111111 v2_v1)) (bvsrem #b11111111111111111111111111111111 v3_v0)))
(not (bvssubo (bvsub (bvsub (bvsub #b11111111111111111111111111111111 v5_v1) (bvsrem #b11111111111111111111111111111111 v2_v1)) (bvsrem #b11111111111111111111111111111111 v3_v0)) #b11111111111111111111111111111111))
(let ((_let0 (ite (= #b11111111111111111111111111111111 #b00000000000000000000000000000000) #b00000000000000000000000000000001 #b00000000000000000000000000000000))) (bvsle (bvadd (bvadd (bvadd _let0 _let0) _let0) _let0) #b00000000000000000000000000000001))
(not (= (bvsub (bvsub (bvsub (bvsub #b11111111111111111111111111111111 v5_v1) (bvsrem #b11111111111111111111111111111111 v2_v1)) (bvsrem #b11111111111111111111111111111111 v3_v0)) #b11111111111111111111111111111111) #b00000000000000000000000000000000))
(not (bvsaddo #b11111111111111111111111111111111 v5_v1))
(not (bvssubo #b11111111111111111111111111111111 v0_el2_v0))
(not (bvsaddo (bvadd #b11111111111111111111111111111111 v5_v1) (bvsub #b11111111111111111111111111111111 v0_el2_v0)))
(not (bvsaddo (bvadd (bvadd #b11111111111111111111111111111111 v5_v1) (bvsub #b11111111111111111111111111111111 v0_el2_v0)) #b11111111111111111111111111111111))
(= v5_v2 (bvadd (bvadd (bvadd #b11111111111111111111111111111111 v5_v1) (bvsub #b11111111111111111111111111111111 v0_el2_v0)) #b11111111111111111111111111111111))
(not (bvsmulo #b11111111111111111111111111111111 v2_v1))
(not (bvssubo #b11111111111111111111111111111111 v3_v0))
(not (bvsaddo (bvmul #b11111111111111111111111111111111 v2_v1) (bvsub #b11111111111111111111111111111111 v3_v0)))
(not (bvsaddo (bvadd (bvmul #b11111111111111111111111111111111 v2_v1) (bvsub #b11111111111111111111111111111111 v3_v0)) #b11111111111111111111111111111110))
(let ((_let0 (ite (= #b11111111111111111111111111111111 #b00000000000000000000000000000000) #b00000000000000000000000000000001 #b00000000000000000000000000000000))) (bvsle (bvadd (bvadd _let0 _let0) (ite (= #b11111111111111111111111111111110 #b00000000000000000000000000000000) #b00000000000000000000000000000001 #b00000000000000000000000000000000)) #b00000000000000000000000000000001))
(= v6_v1 (bvadd (bvadd (bvmul #b11111111111111111111111111111111 v2_v1) (bvsub #b11111111111111111111111111111111 v3_v0)) #b11111111111111111111111111111110))
(distinct v5_v2 #b00000000000000000000000000000000)
(not (bvsdivo #b11111111111111111111111111111111 v5_v2))
(distinct v6_v1 #b00000000000000000000000000000000)
(not (bvsdivo #b11111111111111111111111111111111 v6_v1))
(not (bvsaddo (bvsrem #b11111111111111111111111111111111 v5_v2) (bvsdiv #b11111111111111111111111111111111 v6_v1)))
(not (bvsaddo #b11111111111111111111111111111111 v2_v1))
(not (bvsaddo (bvadd (bvsrem #b11111111111111111111111111111111 v5_v2) (bvsdiv #b11111111111111111111111111111111 v6_v1)) (bvadd #b11111111111111111111111111111111 v2_v1)))
(not (bvsaddo (bvadd (bvadd (bvsrem #b11111111111111111111111111111111 v5_v2) (bvsdiv #b11111111111111111111111111111111 v6_v1)) (bvadd #b11111111111111111111111111111111 v2_v1)) #b11111111111111111111111111111111))
(not (bvsgt (bvadd (bvadd (bvadd (bvsrem #b11111111111111111111111111111111 v5_v2) (bvsdiv #b11111111111111111111111111111111 v6_v1)) (bvadd #b11111111111111111111111111111111 v2_v1)) #b11111111111111111111111111111111) #b00000000000000000000000000000000))
(distinct v7_v0 #b00000000000000000000000000000000)
(not (bvsdivo #b11111111111111111111111111111111 v7_v0))
(not (bvsaddo #b11111111111111111111111111111111 v3_v0))
(not (bvsaddo (bvsdiv #b11111111111111111111111111111111 v7_v0) (bvadd #b11111111111111111111111111111111 v3_v0)))
(not (bvsaddo (bvadd (bvsdiv #b11111111111111111111111111111111 v7_v0) (bvadd #b11111111111111111111111111111111 v3_v0)) #b11111111111111111111111111111111))
(= v2_v2 (bvadd (bvadd (bvsdiv #b11111111111111111111111111111111 v7_v0) (bvadd #b11111111111111111111111111111111 v3_v0)) #b11111111111111111111111111111111))
(not (bvsaddo #b11111111111111111111111111111111 v6_v1))
(not (bvsaddo #b11111111111111111111111111111111 v5_v2))
(not (bvsaddo (bvadd #b11111111111111111111111111111111 v6_v1) (bvadd #b11111111111111111111111111111111 v5_v2)))
(not (bvsaddo (bvadd (bvadd #b11111111111111111111111111111111 v6_v1) (bvadd #b11111111111111111111111111111111 v5_v2)) #b11111111111111111111111111111111))
(= v5_v3 (bvadd (bvadd (bvadd #b11111111111111111111111111111111 v6_v1) (bvadd #b11111111111111111111111111111111 v5_v2)) #b11111111111111111111111111111111))
(bvsle (bvadd (bvadd (bvadd (bvadd (bvadd (bvadd (bvadd (ite (= (ite (distinct v0_el0_v0 #b11111111111111111111111111111111) #b00000000000000000000000000000001 #b00000000000000000000000000000000) #b00000000000000000000000000000000) #b00000000000000000000000000000001 #b00000000000000000000000000000000) (ite (= (ite (distinct v0_el1_v0 #b11111111111111111111111111111111) #b00000000000000000000000000000001 #b00000000000000000000000000000000) #b00000000000000000000000000000000) #b00000000000000000000000000000001 #b00000000000000000000000000000000)) (ite (= (ite (distinct v0_el2_v0 #b11111111111111111111111111111111) #b00000000000000000000000000000001 #b00000000000000000000000000000000) #b00000000000000000000000000000000) #b00000000000000000000000000000001 #b00000000000000000000000000000000)) (ite (= (ite (distinct v1_v0 #b11111111111111111111111111111111) #b00000000000000000000000000000001 #b00000000000000000000000000000000) #b00000000000000000000000000000000) #b00000000000000000000000000000001 #b00000000000000000000000000000000)) (ite (= (ite (distinct v2_v0 #b11111111111111111111111111111111) #b00000000000000000000000000000001 #b00000000000000000000000000000000) #b00000000000000000000000000000000) #b00000000000000000000000000000001 #b00000000000000000000000000000000)) (ite (= (ite (distinct v3_v0 #b11111111111111111111111111111111) #b00000000000000000000000000000001 #b00000000000000000000000000000000) #b00000000000000000000000000000000) #b00000000000000000000000000000001 #b00000000000000000000000000000000)) (ite (= (ite (distinct v4_v0 #b11111111111111111111111111111111) #b00000000000000000000000000000001 #b00000000000000000000000000000000) #b00000000000000000000000000000000) #b00000000000000000000000000000001 #b00000000000000000000000000000000)) (ite (= (ite (distinct v5_v0 #b11111111111111111111111111111111) #b00000000000000000000000000000001 #b00000000000000000000000000000000) #b00000000000000000000000000000000) #b00000000000000000000000000000001 #b00000000000000000000000000000000)) #b00000000000000000000000000000011)
```
Constraint stats: asserted=58 addCalls=62 skippedTrue=0 deduped=4 ensureInRangeCalls=64 boundedAlready=0 uniqueConstraintIds=58 uniqueBoundedIds=0 (solverAsserted=0)
Bitwuzla check_sat time: 101ms
Bitwuzla statistics: preprocess::contradicting_ands::num_substs=0 preprocess::contradicting_ands::time_apply=0ms preprocess::elim_extract::num_elim=0 preprocess::elim_extract::time_apply=0ms preprocess::elim_lambda::time_apply=0ms preprocess::elim_udiv::num_eliminated=0 preprocess::elim_udiv::time_apply=0ms preprocess::embedded_constraints::num_substs=2 preprocess::embedded_constraints::time_apply=0ms preprocess::flatten_and::num_assertions=20 preprocess::flatten_and::num_flattened=10 preprocess::flatten_and::time_apply=0ms preprocess::lambda::num_elim=0 preprocess::normalize::num_common_normalizations=0 preprocess::normalize::num_normalizations=62 preprocess::normalize::num_normalized_assertions=0 preprocess::normalize::num_pass1=0 preprocess::normalize::num_pass2=0 preprocess::normalize::time_adder_chains=0ms preprocess::normalize::time_apply=10ms preprocess::normalize::time_compute_occs=0ms preprocess::normalize::time_normalize_add=0ms preprocess::normalize::time_normalize_mul=0ms preprocess::normalize::time_score=7ms preprocess::rewrite::time_apply=1ms preprocess::skeleton_preproc::cnf::clauses=183 preprocess::skeleton_preproc::cnf::lits=371 preprocess::skeleton_preproc::new_assertions=0 preprocess::skeleton_preproc::resets=1 preprocess::skeleton_preproc::time_apply=0ms preprocess::skeleton_preproc::time_encode=0ms preprocess::skeleton_preproc::time_fixed=0ms preprocess::skeleton_preproc::time_sat=0ms preprocess::uninterpreted::num_substs=0 preprocess::uninterpreted::time_apply=0ms preprocess::varsubst::normalize_bv_ineq::num_slt=0 preprocess::varsubst::normalize_bv_ineq::num_ult=0 preprocess::varsubst::normalize_eq::num_bv_concat=0 preprocess::varsubst::normalize_eq::num_gauss_elim=0 preprocess::varsubst::normalize_eq::num_linear_eq=0 preprocess::varsubst::num_substs=8 preprocess::varsubst::time_apply=0ms preprocess::varsubst::time_direct_cycle_check=0ms preprocess::varsubst::time_find_substitution=0ms preprocess::varsubst::time_find_vars=0ms preprocess::varsubst::time_register=0ms preprocess::varsubst::time_remove_cycles=0ms preprocess::varsubst::time_substitute=0ms preprocessor::num_iterations=2 preprocessor::time_preprocess=12ms preprocessor::time_process=0ms rewriter::(normalize)::num_evals=0 rewriter::(normalize)::num_rewrites=199 rewriter::(normalize)::rewrite::BV_ADD_CONST=11 rewriter::(normalize)::rewrite::BV_ADD_EVAL=10 rewriter::(normalize)::rewrite::BV_ADD_SPECIAL_CONST=13 rewriter::(normalize)::rewrite::BV_MUL_EVAL=3 rewriter::(normalize)::rewrite::BV_MUL_ONES=9 rewriter::(normalize)::rewrite::BV_NEG_ELIM=9 rewriter::(normalize)::rewrite::BV_NOT_BV_NOT=22 rewriter::(normalize)::rewrite::EQUAL_CONST_BV_ADD=1 rewriter::(normalize)::rewrite::NORMALIZE_COMM=121 rewriter::num_evals=0 rewriter::num_rewrites=925 rewriter::rewrite::AND_EVAL=1 rewriter::rewrite::AND_SPECIAL_CONST=90 rewriter::rewrite::BV_ADD_CONST=14 rewriter::rewrite::BV_ADD_EVAL=10 rewriter::rewrite::BV_ADD_ITE2=16 rewriter::rewrite::BV_ADD_SPECIAL_CONST=24 rewriter::rewrite::BV_AND_EVAL=1 rewriter::rewrite::BV_AND_SPECIAL_CONST=62 rewriter::rewrite::BV_CONCAT_EVAL=2 rewriter::rewrite::BV_EXTRACT_ADD_MUL=4 rewriter::rewrite::BV_EXTRACT_EVAL=35 rewriter::rewrite::BV_EXTRACT_FULL=2 rewriter::rewrite::BV_MUL_ONES=4 rewriter::rewrite::BV_MUL_POW2=4 rewriter::rewrite::BV_NEG_ELIM=25 rewriter::rewrite::BV_NOT_BV_NEG=4 rewriter::rewrite::BV_NOT_BV_NOT=47 rewriter::rewrite::BV_NOT_EVAL=4 rewriter::rewrite::BV_OR_ELIM=3 rewriter::rewrite::BV_SADDO_ELIM=17 rewriter::rewrite::BV_SDIVO_ELIM=6 rewriter::rewrite::BV_SDIV_ELIM=3 rewriter::rewrite::BV_SGT_ELIM=1 rewriter::rewrite::BV_SHL_CONST=4 rewriter::rewrite::BV_SIGN_EXTEND_ELIM=6 rewriter::rewrite::BV_SLE_ELIM=3 rewriter::rewrite::BV_SLT_EVAL=1 rewriter::rewrite::BV_SMULO_ELIM=2 rewriter::rewrite::BV_SREM_ELIM=3 rewriter::rewrite::BV_SSUBO_ELIM=11 rewriter::rewrite::BV_SUB_ELIM=11 rewriter::rewrite::BV_UDIV_EVAL=1 rewriter::rewrite::BV_XOR_EVAL=1 rewriter::rewrite::BV_XOR_SPECIAL_CONST=3 rewriter::rewrite::DISTINCT_ELIM=14 rewriter::rewrite::EQUAL_CONST_BV_ADD=4 rewriter::rewrite::EQUAL_CONST_BV_NOT=3 rewriter::rewrite::EQUAL_EVAL=10 rewriter::rewrite::EQUAL_ITE_SAME=8 rewriter::rewrite::EQUAL_SPECIAL_CONST=2 rewriter::rewrite::EQUAL_TRUE=6 rewriter::rewrite::ITE_EVAL=9 rewriter::rewrite::NORMALIZE_COMM=349 rewriter::rewrite::NOT_EQUAL_BV1_BOOL=22 rewriter::rewrite::NOT_EVAL=1 rewriter::rewrite::NOT_NOT=36 rewriter::rewrite::OR_ELIM=36 solver::abstract::num_checks=1 solver::abstract::terms::total=0 solver::abstract::time_check=0ms solver::array::equalities=0 solver::array::num_checks=0 solver::array::propagations=0 solver::array::propagations_down=0 solver::array::propagations_up=0 solver::array::selects=0 solver::array::time_check=0ms solver::bv::bitblast::aig::num_ands=48046 solver::bv::bitblast::aig::num_consts=256 solver::bv::bitblast::aig::num_shared=10336 solver::bv::bitblast::aig::time_bitblast=5ms solver::bv::bitblast::cnf::num_clauses=117304 solver::bv::bitblast::cnf::num_literals=287104 solver::bv::bitblast::cnf::num_vars=37646 solver::bv::bitblast::cnf::time_encode=26ms solver::bv::bitblast::sat::time_solve=55ms solver::bv::num_assertions=43 solver::bv::num_checks=1 solver::bv::time_check=82ms solver::engine::lemmas::abstr=0 solver::engine::lemmas::array=0 solver::engine::lemmas::fp=0 solver::engine::lemmas::fun=0 solver::engine::lemmas::quant=0 solver::engine::lemmas::total=0 solver::engine::time_register_term=0ms solver::engine::time_solve=88ms solver::fun::num_checks=1 solver::fun::time_check=0ms solver::quant::mbqi_checks=0 solver::quant::num_lemma_iterations=0 solver::quant::num_lemmas=0 solver::quant::time_check=0ms solver::quant::time_mbqi=0ms solver::quant::time_process=0ms solving_context::max_memory=59940864 solving_context::time_ensure_model=0ms solving_context::time_solve=101ms
SAT
Extract initialization: param=v0, value=-2
Extract initialization: param=v0, value=-2
Extract initialization: param=v0, value=-8388606
Extract initialization: param=v1, value=-2
Extract initialization: param=v2, value=-2
Extract initialization: param=v3, value=-134217728
Extract initialization: param=v4, value=-134217727
Extract initialization: param=v5, value=-1
Extract finalization: param=v0, value=-2
Extract finalization: param=v0, value=-2
Extract finalization: param=v0, value=-8388606
Extract finalization: param=v1, value=-2
Extract finalization: param=v2, value=-134217729
Extract finalization: param=v3, value=-134217728
Extract finalization: param=v4, value=-134217727
Extract finalization: param=v5, value=268435446
------------SymExec: Iteration 2----------------------------------------
Final constraints: 
```
(bvsle (bvadd (bvadd (bvadd (bvadd (bvadd (bvadd (bvadd (ite (= v0_el0_v0 #b00000000000000000000000000000000) #b00000000000000000000000000000001 #b00000000000000000000000000000000) (ite (= v0_el1_v0 #b00000000000000000000000000000000) #b00000000000000000000000000000001 #b00000000000000000000000000000000)) (ite (= v0_el2_v0 #b00000000000000000000000000000000) #b00000000000000000000000000000001 #b00000000000000000000000000000000)) (ite (= v1_v0 #b00000000000000000000000000000000) #b00000000000000000000000000000001 #b00000000000000000000000000000000)) (ite (= v2_v0 #b00000000000000000000000000000000) #b00000000000000000000000000000001 #b00000000000000000000000000000000)) (ite (= v3_v0 #b00000000000000000000000000000000) #b00000000000000000000000000000001 #b00000000000000000000000000000000)) (ite (= v4_v0 #b00000000000000000000000000000000) #b00000000000000000000000000000001 #b00000000000000000000000000000000)) (ite (= v5_v0 #b00000000000000000000000000000000) #b00000000000000000000000000000001 #b00000000000000000000000000000000)) #b00000000000000000000000000000100)
(= v6_v0 #b00000000000000000000000000000000)
(= v7_v0 #b11111111111111111111111111111111)
(not (bvsaddo #b11111111111111111111111111111111 v7_v0))
(distinct v2_v0 #b00000000000000000000000000000000)
(not (bvsdivo #b11111111111111111111111111111111 v2_v0))
(not (bvssubo (bvadd #b11111111111111111111111111111111 v7_v0) (bvsdiv #b11111111111111111111111111111111 v2_v0)))
(not (bvssubo (bvsub (bvadd #b11111111111111111111111111111111 v7_v0) (bvsdiv #b11111111111111111111111111111111 v2_v0)) #b11111111111111111111111111111111))
(let ((_let0 (ite (= #b11111111111111111111111111111111 #b00000000000000000000000000000000) #b00000000000000000000000000000001 #b00000000000000000000000000000000))) (bvsle (bvadd (bvadd _let0 _let0) _let0) #b00000000000000000000000000000001))
(= v5_v1 (bvsub (bvsub (bvadd #b11111111111111111111111111111111 v7_v0) (bvsdiv #b11111111111111111111111111111111 v2_v0)) #b11111111111111111111111111111111))
(not (bvssubo #b11111111111111111111111111111110 v0_el2_v0))
(not (bvsmulo #b11111111111111111111111111111111 v4_v0))
(not (bvssubo (bvsub #b11111111111111111111111111111110 v0_el2_v0) (bvmul #b11111111111111111111111111111111 v4_v0)))
(not (bvssubo (bvsub (bvsub #b11111111111111111111111111111110 v0_el2_v0) (bvmul #b11111111111111111111111111111111 v4_v0)) #b11111111111111111111111111111111))
(let ((_let0 (ite (= #b11111111111111111111111111111111 #b00000000000000000000000000000000) #b00000000000000000000000000000001 #b00000000000000000000000000000000))) (bvsle (bvadd (bvadd (ite (= #b11111111111111111111111111111110 #b00000000000000000000000000000000) #b00000000000000000000000000000001 #b00000000000000000000000000000000) _let0) _let0) #b00000000000000000000000000000001))
(= v2_v1 (bvsub (bvsub (bvsub #b11111111111111111111111111111110 v0_el2_v0) (bvmul #b11111111111111111111111111111111 v4_v0)) #b11111111111111111111111111111111))
(not (bvssubo #b11111111111111111111111111111111 v5_v1))
(distinct v2_v1 #b00000000000000000000000000000000)
(not (bvsdivo #b11111111111111111111111111111111 v2_v1))
(not (bvssubo (bvsub #b11111111111111111111111111111111 v5_v1) (bvsrem #b11111111111111111111111111111111 v2_v1)))
(distinct v3_v0 #b00000000000000000000000000000000)
(not (bvsdivo #b11111111111111111111111111111111 v3_v0))
(not (bvssubo (bvsub (bvsub #b11111111111111111111111111111111 v5_v1) (bvsrem #b11111111111111111111111111111111 v2_v1)) (bvsrem #b11111111111111111111111111111111 v3_v0)))
(not (bvssubo (bvsub (bvsub (bvsub #b11111111111111111111111111111111 v5_v1) (bvsrem #b11111111111111111111111111111111 v2_v1)) (bvsrem #b11111111111111111111111111111111 v3_v0)) #b11111111111111111111111111111111))
(let ((_let0 (ite (= #b11111111111111111111111111111111 #b00000000000000000000000000000000) #b00000000000000000000000000000001 #b00000000000000000000000000000000))) (bvsle (bvadd (bvadd (bvadd _let0 _let0) _let0) _let0) #b00000000000000000000000000000001))
(not (= (bvsub (bvsub (bvsub (bvsub #b11111111111111111111111111111111 v5_v1) (bvsrem #b11111111111111111111111111111111 v2_v1)) (bvsrem #b11111111111111111111111111111111 v3_v0)) #b11111111111111111111111111111111) #b00000000000000000000000000000000))
(not (bvsaddo #b11111111111111111111111111111111 v5_v1))
(not (bvssubo #b11111111111111111111111111111111 v0_el2_v0))
(not (bvsaddo (bvadd #b11111111111111111111111111111111 v5_v1) (bvsub #b11111111111111111111111111111111 v0_el2_v0)))
(not (bvsaddo (bvadd (bvadd #b11111111111111111111111111111111 v5_v1) (bvsub #b11111111111111111111111111111111 v0_el2_v0)) #b11111111111111111111111111111111))
(= v5_v2 (bvadd (bvadd (bvadd #b11111111111111111111111111111111 v5_v1) (bvsub #b11111111111111111111111111111111 v0_el2_v0)) #b11111111111111111111111111111111))
(not (bvsmulo #b11111111111111111111111111111111 v2_v1))
(not (bvssubo #b11111111111111111111111111111111 v3_v0))
(not (bvsaddo (bvmul #b11111111111111111111111111111111 v2_v1) (bvsub #b11111111111111111111111111111111 v3_v0)))
(not (bvsaddo (bvadd (bvmul #b11111111111111111111111111111111 v2_v1) (bvsub #b11111111111111111111111111111111 v3_v0)) #b11111111111111111111111111111110))
(let ((_let0 (ite (= #b11111111111111111111111111111111 #b00000000000000000000000000000000) #b00000000000000000000000000000001 #b00000000000000000000000000000000))) (bvsle (bvadd (bvadd _let0 _let0) (ite (= #b11111111111111111111111111111110 #b00000000000000000000000000000000) #b00000000000000000000000000000001 #b00000000000000000000000000000000)) #b00000000000000000000000000000001))
(= v6_v1 (bvadd (bvadd (bvmul #b11111111111111111111111111111111 v2_v1) (bvsub #b11111111111111111111111111111111 v3_v0)) #b11111111111111111111111111111110))
(distinct v5_v2 #b00000000000000000000000000000000)
(not (bvsdivo #b11111111111111111111111111111111 v5_v2))
(distinct v6_v1 #b00000000000000000000000000000000)
(not (bvsdivo #b11111111111111111111111111111111 v6_v1))
(not (bvsaddo (bvsrem #b11111111111111111111111111111111 v5_v2) (bvsdiv #b11111111111111111111111111111111 v6_v1)))
(not (bvsaddo #b11111111111111111111111111111111 v2_v1))
(not (bvsaddo (bvadd (bvsrem #b11111111111111111111111111111111 v5_v2) (bvsdiv #b11111111111111111111111111111111 v6_v1)) (bvadd #b11111111111111111111111111111111 v2_v1)))
(not (bvsaddo (bvadd (bvadd (bvsrem #b11111111111111111111111111111111 v5_v2) (bvsdiv #b11111111111111111111111111111111 v6_v1)) (bvadd #b11111111111111111111111111111111 v2_v1)) #b11111111111111111111111111111111))
(not (bvsgt (bvadd (bvadd (bvadd (bvsrem #b11111111111111111111111111111111 v5_v2) (bvsdiv #b11111111111111111111111111111111 v6_v1)) (bvadd #b11111111111111111111111111111111 v2_v1)) #b11111111111111111111111111111111) #b00000000000000000000000000000000))
(distinct v7_v0 #b00000000000000000000000000000000)
(not (bvsdivo #b11111111111111111111111111111111 v7_v0))
(not (bvsaddo #b11111111111111111111111111111111 v3_v0))
(not (bvsaddo (bvsdiv #b11111111111111111111111111111111 v7_v0) (bvadd #b11111111111111111111111111111111 v3_v0)))
(not (bvsaddo (bvadd (bvsdiv #b11111111111111111111111111111111 v7_v0) (bvadd #b11111111111111111111111111111111 v3_v0)) #b11111111111111111111111111111111))
(= v2_v2 (bvadd (bvadd (bvsdiv #b11111111111111111111111111111111 v7_v0) (bvadd #b11111111111111111111111111111111 v3_v0)) #b11111111111111111111111111111111))
(not (bvsaddo #b11111111111111111111111111111111 v6_v1))
(not (bvsaddo #b11111111111111111111111111111111 v5_v2))
(not (bvsaddo (bvadd #b11111111111111111111111111111111 v6_v1) (bvadd #b11111111111111111111111111111111 v5_v2)))
(not (bvsaddo (bvadd (bvadd #b11111111111111111111111111111111 v6_v1) (bvadd #b11111111111111111111111111111111 v5_v2)) #b11111111111111111111111111111111))
(= v5_v3 (bvadd (bvadd (bvadd #b11111111111111111111111111111111 v6_v1) (bvadd #b11111111111111111111111111111111 v5_v2)) #b11111111111111111111111111111111))
(bvsle (bvadd (bvadd (bvadd (bvadd (bvadd (bvadd (bvadd (ite (= (ite (distinct v0_el0_v0 #b11111111111111111111111111111111) #b00000000000000000000000000000001 #b00000000000000000000000000000000) #b00000000000000000000000000000000) #b00000000000000000000000000000001 #b00000000000000000000000000000000) (ite (= (ite (distinct v0_el1_v0 #b11111111111111111111111111111111) #b00000000000000000000000000000001 #b00000000000000000000000000000000) #b00000000000000000000000000000000) #b00000000000000000000000000000001 #b00000000000000000000000000000000)) (ite (= (ite (distinct v0_el2_v0 #b11111111111111111111111111111111) #b00000000000000000000000000000001 #b00000000000000000000000000000000) #b00000000000000000000000000000000) #b00000000000000000000000000000001 #b00000000000000000000000000000000)) (ite (= (ite (distinct v1_v0 #b11111111111111111111111111111111) #b00000000000000000000000000000001 #b00000000000000000000000000000000) #b00000000000000000000000000000000) #b00000000000000000000000000000001 #b00000000000000000000000000000000)) (ite (= (ite (distinct v2_v0 #b11111111111111111111111111111111) #b00000000000000000000000000000001 #b00000000000000000000000000000000) #b00000000000000000000000000000000) #b00000000000000000000000000000001 #b00000000000000000000000000000000)) (ite (= (ite (distinct v3_v0 #b11111111111111111111111111111111) #b00000000000000000000000000000001 #b00000000000000000000000000000000) #b00000000000000000000000000000000) #b00000000000000000000000000000001 #b00000000000000000000000000000000)) (ite (= (ite (distinct v4_v0 #b11111111111111111111111111111111) #b00000000000000000000000000000001 #b00000000000000000000000000000000) #b00000000000000000000000000000000) #b00000000000000000000000000000001 #b00000000000000000000000000000000)) (ite (= (ite (distinct v5_v0 #b11111111111111111111111111111111) #b00000000000000000000000000000001 #b00000000000000000000000000000000) #b00000000000000000000000000000000) #b00000000000000000000000000000001 #b00000000000000000000000000000000)) #b00000000000000000000000000000011)
(bvsle (bvadd (bvadd (bvadd (bvadd (bvadd (bvadd (bvadd (ite (= (ite (distinct v0_el0_v0 #b11111111111111111111111111111110) #b00000000000000000000000000000001 #b00000000000000000000000000000000) #b00000000000000000000000000000000) #b00000000000000000000000000000001 #b00000000000000000000000000000000) (ite (= (ite (distinct v0_el1_v0 #b11111111111111111111111111111110) #b00000000000000000000000000000001 #b00000000000000000000000000000000) #b00000000000000000000000000000000) #b00000000000000000000000000000001 #b00000000000000000000000000000000)) (ite (= (ite (distinct v0_el2_v0 #b11111111100000000000000000000010) #b00000000000000000000000000000001 #b00000000000000000000000000000000) #b00000000000000000000000000000000) #b00000000000000000000000000000001 #b00000000000000000000000000000000)) (ite (= (ite (distinct v1_v0 #b11111111111111111111111111111110) #b00000000000000000000000000000001 #b00000000000000000000000000000000) #b00000000000000000000000000000000) #b00000000000000000000000000000001 #b00000000000000000000000000000000)) (ite (= (ite (distinct v2_v0 #b11111111111111111111111111111110) #b00000000000000000000000000000001 #b00000000000000000000000000000000) #b00000000000000000000000000000000) #b00000000000000000000000000000001 #b00000000000000000000000000000000)) (ite (= (ite (distinct v3_v0 #b11111000000000000000000000000000) #b00000000000000000000000000000001 #b00000000000000000000000000000000) #b00000000000000000000000000000000) #b00000000000000000000000000000001 #b00000000000000000000000000000000)) (ite (= (ite (distinct v4_v0 #b11111000000000000000000000000001) #b00000000000000000000000000000001 #b00000000000000000000000000000000) #b00000000000000000000000000000000) #b00000000000000000000000000000001 #b00000000000000000000000000000000)) (ite (= (ite (distinct v5_v0 #b11111111111111111111111111111111) #b00000000000000000000000000000001 #b00000000000000000000000000000000) #b00000000000000000000000000000000) #b00000000000000000000000000000001 #b00000000000000000000000000000000)) #b00000000000000000000000000000011)
```
Constraint stats: asserted=59 addCalls=63 skippedTrue=0 deduped=4 ensureInRangeCalls=64 boundedAlready=0 uniqueConstraintIds=59 uniqueBoundedIds=0 (solverAsserted=58)
Bitwuzla check_sat time: 5ms
Bitwuzla statistics: preprocess::contradicting_ands::num_substs=0 preprocess::contradicting_ands::time_apply=0ms preprocess::elim_extract::num_elim=0 preprocess::elim_extract::time_apply=0ms preprocess::elim_lambda::time_apply=0ms preprocess::elim_udiv::num_eliminated=0 preprocess::elim_udiv::time_apply=0ms preprocess::embedded_constraints::num_substs=2 preprocess::embedded_constraints::time_apply=0ms preprocess::flatten_and::num_assertions=20 preprocess::flatten_and::num_flattened=10 preprocess::flatten_and::time_apply=0ms preprocess::lambda::num_elim=0 preprocess::normalize::num_common_normalizations=0 preprocess::normalize::num_normalizations=62 preprocess::normalize::num_normalized_assertions=0 preprocess::normalize::num_pass1=0 preprocess::normalize::num_pass2=0 preprocess::normalize::time_adder_chains=0ms preprocess::normalize::time_apply=10ms preprocess::normalize::time_compute_occs=0ms preprocess::normalize::time_normalize_add=0ms preprocess::normalize::time_normalize_mul=0ms preprocess::normalize::time_score=7ms preprocess::rewrite::time_apply=1ms preprocess::skeleton_preproc::cnf::clauses=183 preprocess::skeleton_preproc::cnf::lits=371 preprocess::skeleton_preproc::new_assertions=0 preprocess::skeleton_preproc::resets=1 preprocess::skeleton_preproc::time_apply=0ms preprocess::skeleton_preproc::time_encode=0ms preprocess::skeleton_preproc::time_fixed=0ms preprocess::skeleton_preproc::time_sat=0ms preprocess::uninterpreted::num_substs=0 preprocess::uninterpreted::time_apply=0ms preprocess::varsubst::normalize_bv_ineq::num_slt=0 preprocess::varsubst::normalize_bv_ineq::num_ult=0 preprocess::varsubst::normalize_eq::num_bv_concat=0 preprocess::varsubst::normalize_eq::num_gauss_elim=0 preprocess::varsubst::normalize_eq::num_linear_eq=0 preprocess::varsubst::num_substs=8 preprocess::varsubst::time_apply=0ms preprocess::varsubst::time_direct_cycle_check=0ms preprocess::varsubst::time_find_substitution=0ms preprocess::varsubst::time_find_vars=0ms preprocess::varsubst::time_register=0ms preprocess::varsubst::time_remove_cycles=0ms preprocess::varsubst::time_substitute=0ms preprocessor::num_iterations=3 preprocessor::time_preprocess=12ms preprocessor::time_process=0ms rewriter::(normalize)::num_evals=0 rewriter::(normalize)::num_rewrites=199 rewriter::(normalize)::rewrite::BV_ADD_CONST=11 rewriter::(normalize)::rewrite::BV_ADD_EVAL=10 rewriter::(normalize)::rewrite::BV_ADD_SPECIAL_CONST=13 rewriter::(normalize)::rewrite::BV_MUL_EVAL=3 rewriter::(normalize)::rewrite::BV_MUL_ONES=9 rewriter::(normalize)::rewrite::BV_NEG_ELIM=9 rewriter::(normalize)::rewrite::BV_NOT_BV_NOT=22 rewriter::(normalize)::rewrite::EQUAL_CONST_BV_ADD=1 rewriter::(normalize)::rewrite::NORMALIZE_COMM=121 rewriter::num_evals=0 rewriter::num_rewrites=1043 rewriter::rewrite::AND_EVAL=1 rewriter::rewrite::AND_SPECIAL_CONST=98 rewriter::rewrite::BV_ADD_CONST=20 rewriter::rewrite::BV_ADD_EVAL=18 rewriter::rewrite::BV_ADD_ITE2=24 rewriter::rewrite::BV_ADD_SPECIAL_CONST=34 rewriter::rewrite::BV_AND_EVAL=1 rewriter::rewrite::BV_AND_SPECIAL_CONST=62 rewriter::rewrite::BV_CONCAT_EVAL=2 rewriter::rewrite::BV_EXTRACT_ADD_MUL=4 rewriter::rewrite::BV_EXTRACT_EVAL=36 rewriter::rewrite::BV_EXTRACT_FULL=2 rewriter::rewrite::BV_MUL_ONES=4 rewriter::rewrite::BV_MUL_POW2=4 rewriter::rewrite::BV_NEG_ELIM=25 rewriter::rewrite::BV_NOT_BV_NEG=5 rewriter::rewrite::BV_NOT_BV_NOT=48 rewriter::rewrite::BV_NOT_EVAL=6 rewriter::rewrite::BV_OR_ELIM=3 rewriter::rewrite::BV_SADDO_ELIM=17 rewriter::rewrite::BV_SDIVO_ELIM=6 rewriter::rewrite::BV_SDIV_ELIM=3 rewriter::rewrite::BV_SGT_ELIM=1 rewriter::rewrite::BV_SHL_CONST=4 rewriter::rewrite::BV_SIGN_EXTEND_ELIM=6 rewriter::rewrite::BV_SLE_ELIM=4 rewriter::rewrite::BV_SLT_EVAL=1 rewriter::rewrite::BV_SMULO_ELIM=2 rewriter::rewrite::BV_SREM_ELIM=3 rewriter::rewrite::BV_SSUBO_ELIM=11 rewriter::rewrite::BV_SUB_ELIM=11 rewriter::rewrite::BV_UDIV_EVAL=2 rewriter::rewrite::BV_XOR_EVAL=1 rewriter::rewrite::BV_XOR_SPECIAL_CONST=3 rewriter::rewrite::DISTINCT_ELIM=22 rewriter::rewrite::EQUAL_CONST_BV_ADD=4 rewriter::rewrite::EQUAL_CONST_BV_NOT=3 rewriter::rewrite::EQUAL_EVAL=13 rewriter::rewrite::EQUAL_ITE_SAME=16 rewriter::rewrite::EQUAL_SPECIAL_CONST=2 rewriter::rewrite::EQUAL_TRUE=6 rewriter::rewrite::ITE_EVAL=11 rewriter::rewrite::NORMALIZE_COMM=382 rewriter::rewrite::NOT_EQUAL_BV1_BOOL=22 rewriter::rewrite::NOT_EVAL=2 rewriter::rewrite::NOT_NOT=44 rewriter::rewrite::OR_ELIM=44 solver::abstract::num_checks=2 solver::abstract::terms::total=0 solver::abstract::time_check=0ms solver::array::equalities=0 solver::array::num_checks=0 solver::array::propagations=0 solver::array::propagations_down=0 solver::array::propagations_up=0 solver::array::selects=0 solver::array::time_check=0ms solver::bv::bitblast::aig::num_ands=48286 solver::bv::bitblast::aig::num_consts=256 solver::bv::bitblast::aig::num_shared=10472 solver::bv::bitblast::aig::time_bitblast=5ms solver::bv::bitblast::cnf::num_clauses=117876 solver::bv::bitblast::cnf::num_literals=288469 solver::bv::bitblast::cnf::num_vars=37826 solver::bv::bitblast::cnf::time_encode=27ms solver::bv::bitblast::sat::time_solve=60ms solver::bv::num_assertions=44 solver::bv::num_checks=2 solver::bv::time_check=88ms solver::engine::lemmas::abstr=0 solver::engine::lemmas::array=0 solver::engine::lemmas::fp=0 solver::engine::lemmas::fun=0 solver::engine::lemmas::quant=0 solver::engine::lemmas::total=0 solver::engine::time_register_term=0ms solver::engine::time_solve=94ms solver::fun::num_checks=2 solver::fun::time_check=0ms solver::quant::mbqi_checks=0 solver::quant::num_lemma_iterations=0 solver::quant::num_lemmas=0 solver::quant::time_check=0ms solver::quant::time_mbqi=0ms solver::quant::time_process=0ms solving_context::max_memory=59940864 solving_context::time_ensure_model=0ms solving_context::time_solve=107ms
SAT
Extract initialization: param=v0, value=-3
Extract initialization: param=v0, value=-3
Extract initialization: param=v0, value=-8388605
Extract initialization: param=v1, value=-3
Extract initialization: param=v2, value=-2
Extract initialization: param=v3, value=-134217728
Extract initialization: param=v4, value=-134217727
Extract initialization: param=v5, value=-2
Extract finalization: param=v0, value=-3
Extract finalization: param=v0, value=-3
Extract finalization: param=v0, value=-8388605
Extract finalization: param=v1, value=-3
Extract finalization: param=v2, value=-134217729
Extract finalization: param=v3, value=-134217728
Extract finalization: param=v4, value=-134217727
Extract finalization: param=v5, value=268435446
