----FunPlus: Generate Function func_0g6z1t_77------------------------------------------------
------GraphPlus::Generate----------------------------------------------
Randomly generating a graph with 15 nodes
------CfgSketch: Unflattened CFG Sketch----------------------------------------------
Bimpo: type=0, id=0, size=1, start=0
Bimpo: type=0, id=1, size=1, start=1
Bimpo: type=0, id=2, size=1, start=2
Bimpo: type=0, id=3, size=1, start=3
Bimpo: type=0, id=4, size=1, start=4
Bimpo: type=0, id=5, size=1, start=5
Bimpo: type=0, id=6, size=1, start=6
Bimpo: type=0, id=7, size=1, start=7
Bimpo: type=0, id=8, size=1, start=8
Bimpo: type=0, id=9, size=1, start=9
Bimpo: type=0, id=10, size=1, start=10
Bimpo: type=0, id=11, size=1, start=11
Bimpo: type=0, id=12, size=1, start=12
Bimpo: type=0, id=13, size=1, start=13
Bimpo: type=0, id=14, size=1, start=14
------CfgSketch: Flattened CFG Sketch----------------------------------------------
Block: 0 -> [10]
Block: 1 -> [10, 12]
Block: 2 -> [12]
Block: 3 -> [9]
Block: 4 -> [1, 12]
Block: 5 -> [1, 10]
Block: 6 -> [3, 4]
Block: 7 -> [4, 9]
Block: 8 -> [12]
Block: 9 -> [11, 13]
Block: 10 -> [11, 14]
Block: 11 -> [4, 14]
Block: 12 -> [2, 7]
Block: 13 -> [7]
Block: 14 -> []
------FunPlus: Generate Block #0----------------------------------------------
Generate assignment: 7 <- 2, 6
Generate assignment: 1 <- 1, 5
------FunPlus: Generate Block #1----------------------------------------------
Generate assignment: 4 <- 1, 7
Generate assignment: 5 <- 4, 1
Generate conditional: 4, 5, 1
------FunPlus: Generate Block #2----------------------------------------------
Generate assignment: 2 <- 3, 4
Generate assignment: 1 <- 7, 3
------FunPlus: Generate Block #3----------------------------------------------
Generate assignment: 1 <- 3, 5
Generate assignment: 6 <- 5, 6
------FunPlus: Generate Block #4----------------------------------------------
Generate assignment: 6 <- 4, 1
Generate assignment: 4 <- 4, 2
Generate conditional: 6, 4, 2
------FunPlus: Generate Block #5----------------------------------------------
Generate assignment: 0 <- 4, 7
Generate assignment: 7 <- 0, 4
Generate conditional: 0, 7, 6
------FunPlus: Generate Block #6----------------------------------------------
Generate assignment: 0 <- 5, 6
Generate assignment: 7 <- 7, 1
Generate conditional: 0, 7, 5
------FunPlus: Generate Block #7----------------------------------------------
Generate assignment: 6 <- 6, 3
Generate assignment: 7 <- 0, 3
Generate conditional: 6, 7, 1
------FunPlus: Generate Block #8----------------------------------------------
Generate assignment: 1 <- 5, 0
Generate assignment: 5 <- 5, 7
------FunPlus: Generate Block #9----------------------------------------------
Generate assignment: 4 <- 7, 6
Generate assignment: 6 <- 5, 4
Generate conditional: 4, 6, 5
------FunPlus: Generate Block #10----------------------------------------------
Generate assignment: 2 <- 3, 2
Generate assignment: 7 <- 5, 2
Generate conditional: 2, 7, 0
------FunPlus: Generate Block #11----------------------------------------------
Generate assignment: 3 <- 1, 7
Generate assignment: 1 <- 5, 3
Generate conditional: 3, 1, 5
------FunPlus: Generate Block #12----------------------------------------------
Generate assignment: 6 <- 7, 5
Generate assignment: 5 <- 3, 7
Generate conditional: 6, 5, 7
------FunPlus: Generate Block #13----------------------------------------------
Generate assignment: 5 <- 1, 6
Generate assignment: 7 <- 2, 3
------FunPlus: Generate Block #14----------------------------------------------
Generate assignment: 3 <- 6, 3
Generate assignment: 4 <- 5, 6
----SymExec: Solve------------------------------------------------
Execution Path: 0->10->14
------SymExec: Iteration 0----------------------------------------------
Generating or re-generating UB-free constraints
Initial constraints: 
```
(bvsle (bvadd (bvadd (bvadd (bvadd (bvadd (bvadd (ite (= v0_v0 #b00000000000000000000000000000000) #b00000000000000000000000000000001 #b00000000000000000000000000000000) (ite (= v1_v0 #b00000000000000000000000000000000) #b00000000000000000000000000000001 #b00000000000000000000000000000000)) (ite (= v2_f0_v0 #b00000000000000000000000000000000) #b00000000000000000000000000000001 #b00000000000000000000000000000000)) (ite (= v2_f1_v0 #b00000000000000000000000000000000) #b00000000000000000000000000000001 #b00000000000000000000000000000000)) (ite (= v3_v0 #b00000000000000000000000000000000) #b00000000000000000000000000000001 #b00000000000000000000000000000000)) (ite (= v4_v0 #b00000000000000000000000000000000) #b00000000000000000000000000000001 #b00000000000000000000000000000000)) (ite (= v5_v0 #b00000000000000000000000000000000) #b00000000000000000000000000000001 #b00000000000000000000000000000000)) #b00000000000000000000000000000011)
```
Final constraints: 
```
(bvsle (bvadd (bvadd (bvadd (bvadd (bvadd (bvadd (ite (= v0_v0 #b00000000000000000000000000000000) #b00000000000000000000000000000001 #b00000000000000000000000000000000) (ite (= v1_v0 #b00000000000000000000000000000000) #b00000000000000000000000000000001 #b00000000000000000000000000000000)) (ite (= v2_f0_v0 #b00000000000000000000000000000000) #b00000000000000000000000000000001 #b00000000000000000000000000000000)) (ite (= v2_f1_v0 #b00000000000000000000000000000000) #b00000000000000000000000000000001 #b00000000000000000000000000000000)) (ite (= v3_v0 #b00000000000000000000000000000000) #b00000000000000000000000000000001 #b00000000000000000000000000000000)) (ite (= v4_v0 #b00000000000000000000000000000000) #b00000000000000000000000000000001 #b00000000000000000000000000000000)) (ite (= v5_v0 #b00000000000000000000000000000000) #b00000000000000000000000000000001 #b00000000000000000000000000000000)) #b00000000000000000000000000000011)
(= v6_f0_el0_v0 init_var6_f0_el0)
(= v6_f0_el1_v0 init_var6_f0_el1)
(= v6_f0_el2_v0 init_var6_f0_el2)
(= v6_f1_v0 init_var6_f1)
(bvsle (bvadd (bvadd (bvadd (ite (= init_var6_f0_el0 #b00000000000000000000000000000000) #b00000000000000000000000000000001 #b00000000000000000000000000000000) (ite (= init_var6_f0_el1 #b00000000000000000000000000000000) #b00000000000000000000000000000001 #b00000000000000000000000000000000)) (ite (= init_var6_f0_el2 #b00000000000000000000000000000000) #b00000000000000000000000000000001 #b00000000000000000000000000000000)) (ite (= init_var6_f1 #b00000000000000000000000000000000) #b00000000000000000000000000000001 #b00000000000000000000000000000000)) #b00000000000000000000000000000010)
(= v7_v0 init_var7)
(not (bvsmulo a0_0_1 v2_f0_v0))
(not (bvsmulo a0_0_2 v6_f1_v0))
(not (bvssubo (bvmul a0_0_1 v2_f0_v0) (bvmul a0_0_2 v6_f1_v0)))
(not (bvssubo (bvsub (bvmul a0_0_1 v2_f0_v0) (bvmul a0_0_2 v6_f1_v0)) a0_0))
(bvsle (bvadd (bvadd (ite (= a0_0_1 #b00000000000000000000000000000000) #b00000000000000000000000000000001 #b00000000000000000000000000000000) (ite (= a0_0_2 #b00000000000000000000000000000000) #b00000000000000000000000000000001 #b00000000000000000000000000000000)) (ite (= a0_0 #b00000000000000000000000000000000) #b00000000000000000000000000000001 #b00000000000000000000000000000000)) #b00000000000000000000000000000001)
(= v7_v1 (bvsub (bvsub (bvmul a0_0_1 v2_f0_v0) (bvmul a0_0_2 v6_f1_v0)) a0_0))
(not (bvsaddo a0_1_1 v1_v0))
(not (bvssubo a0_1_2 v5_v0))
(not (bvsaddo (bvadd a0_1_1 v1_v0) (bvsub a0_1_2 v5_v0)))
(not (bvsaddo (bvadd (bvadd a0_1_1 v1_v0) (bvsub a0_1_2 v5_v0)) a0_1))
(bvsle (bvadd (bvadd (ite (= a0_1_1 #b00000000000000000000000000000000) #b00000000000000000000000000000001 #b00000000000000000000000000000000) (ite (= a0_1_2 #b00000000000000000000000000000000) #b00000000000000000000000000000001 #b00000000000000000000000000000000)) (ite (= a0_1 #b00000000000000000000000000000000) #b00000000000000000000000000000001 #b00000000000000000000000000000000)) #b00000000000000000000000000000001)
(= v1_v1 (bvadd (bvadd (bvadd a0_1_1 v1_v0) (bvsub a0_1_2 v5_v0)) a0_1))
(distinct v3_v0 #b00000000000000000000000000000000)
(not (bvsdivo a10_0_1 v3_v0))
(distinct v2_f1_v0 #b00000000000000000000000000000000)
(not (bvsdivo a10_0_2 v2_f1_v0))
(not (bvsaddo (bvsrem a10_0_1 v3_v0) (bvsrem a10_0_2 v2_f1_v0)))
(not (bvsaddo (bvadd (bvsrem a10_0_1 v3_v0) (bvsrem a10_0_2 v2_f1_v0)) a10_0))
(bvsle (bvadd (bvadd (ite (= a10_0_1 #b00000000000000000000000000000000) #b00000000000000000000000000000001 #b00000000000000000000000000000000) (ite (= a10_0_2 #b00000000000000000000000000000000) #b00000000000000000000000000000001 #b00000000000000000000000000000000)) (ite (= a10_0 #b00000000000000000000000000000000) #b00000000000000000000000000000001 #b00000000000000000000000000000000)) #b00000000000000000000000000000001)
(= v2_f0_v1 (bvadd (bvadd (bvsrem a10_0_1 v3_v0) (bvsrem a10_0_2 v2_f1_v0)) a10_0))
(not (bvsmulo a10_1_1 v5_v0))
(not (bvssubo a10_1_2 v2_f0_v1))
(not (bvssubo (bvmul a10_1_1 v5_v0) (bvsub a10_1_2 v2_f0_v1)))
(not (bvssubo (bvsub (bvmul a10_1_1 v5_v0) (bvsub a10_1_2 v2_f0_v1)) a10_1))
(bvsle (bvadd (bvadd (ite (= a10_1_1 #b00000000000000000000000000000000) #b00000000000000000000000000000001 #b00000000000000000000000000000000) (ite (= a10_1_2 #b00000000000000000000000000000000) #b00000000000000000000000000000001 #b00000000000000000000000000000000)) (ite (= a10_1 #b00000000000000000000000000000000) #b00000000000000000000000000000001 #b00000000000000000000000000000000)) #b00000000000000000000000000000001)
(= v7_v2 (bvsub (bvsub (bvmul a10_1_1 v5_v0) (bvsub a10_1_2 v2_f0_v1)) a10_1))
(not (bvsdivo b10_2_1 v2_f1_v0))
(not (bvssubo b10_2_2 v7_v2))
(not (bvsaddo (bvsdiv b10_2_1 v2_f1_v0) (bvsub b10_2_2 v7_v2)))
(distinct v0_v0 #b00000000000000000000000000000000)
(not (bvsdivo b10_2_3 v0_v0))
(not (bvsaddo (bvadd (bvsdiv b10_2_1 v2_f1_v0) (bvsub b10_2_2 v7_v2)) (bvsdiv b10_2_3 v0_v0)))
(not (bvsaddo (bvadd (bvadd (bvsdiv b10_2_1 v2_f1_v0) (bvsub b10_2_2 v7_v2)) (bvsdiv b10_2_3 v0_v0)) b10_2))
(bvsle (bvadd (bvadd (bvadd (ite (= b10_2_1 #b00000000000000000000000000000000) #b00000000000000000000000000000001 #b00000000000000000000000000000000) (ite (= b10_2_2 #b00000000000000000000000000000000) #b00000000000000000000000000000001 #b00000000000000000000000000000000)) (ite (= b10_2_3 #b00000000000000000000000000000000) #b00000000000000000000000000000001 #b00000000000000000000000000000000)) (ite (= b10_2 #b00000000000000000000000000000000) #b00000000000000000000000000000001 #b00000000000000000000000000000000)) #b00000000000000000000000000000010)
(not (= (bvadd (bvadd (bvadd (bvsdiv b10_2_1 v2_f1_v0) (bvsub b10_2_2 v7_v2)) (bvsdiv b10_2_3 v0_v0)) b10_2) #b00000000000000000000000000000000))
(distinct v6_f1_v0 #b00000000000000000000000000000000)
(not (bvsdivo a14_0_1 v6_f1_v0))
(not (bvsdivo a14_0_2 v3_v0))
(not (bvssubo (bvsdiv a14_0_1 v6_f1_v0) (bvsdiv a14_0_2 v3_v0)))
(not (bvssubo (bvsub (bvsdiv a14_0_1 v6_f1_v0) (bvsdiv a14_0_2 v3_v0)) a14_0))
(bvsle (bvadd (bvadd (ite (= a14_0_1 #b00000000000000000000000000000000) #b00000000000000000000000000000001 #b00000000000000000000000000000000) (ite (= a14_0_2 #b00000000000000000000000000000000) #b00000000000000000000000000000001 #b00000000000000000000000000000000)) (ite (= a14_0 #b00000000000000000000000000000000) #b00000000000000000000000000000001 #b00000000000000000000000000000000)) #b00000000000000000000000000000001)
(= v3_v1 (bvsub (bvsub (bvsdiv a14_0_1 v6_f1_v0) (bvsdiv a14_0_2 v3_v0)) a14_0))
(distinct v5_v0 #b00000000000000000000000000000000)
(not (bvsdivo a14_1_1 v5_v0))
(not (bvssubo a14_1_2 v6_f0_el2_v0))
(not (bvsaddo (bvsrem a14_1_1 v5_v0) (bvsub a14_1_2 v6_f0_el2_v0)))
(not (bvsaddo (bvadd (bvsrem a14_1_1 v5_v0) (bvsub a14_1_2 v6_f0_el2_v0)) a14_1))
(bvsle (bvadd (bvadd (ite (= a14_1_1 #b00000000000000000000000000000000) #b00000000000000000000000000000001 #b00000000000000000000000000000000) (ite (= a14_1_2 #b00000000000000000000000000000000) #b00000000000000000000000000000001 #b00000000000000000000000000000000)) (ite (= a14_1 #b00000000000000000000000000000000) #b00000000000000000000000000000001 #b00000000000000000000000000000000)) #b00000000000000000000000000000001)
(= v4_v1 (bvadd (bvadd (bvsrem a14_1_1 v5_v0) (bvsub a14_1_2 v6_f0_el2_v0)) a14_1))
```
Optimized constraints: 
```
(bvsle (bvadd (bvadd (bvadd (bvadd (bvadd (bvadd (ite (= v0_v0 #b00000000000000000000000000000000) #b00000000000000000000000000000001 #b00000000000000000000000000000000) (ite (= v1_v0 #b00000000000000000000000000000000) #b00000000000000000000000000000001 #b00000000000000000000000000000000)) (ite (= v2_f0_v0 #b00000000000000000000000000000000) #b00000000000000000000000000000001 #b00000000000000000000000000000000)) (ite (= v2_f1_v0 #b00000000000000000000000000000000) #b00000000000000000000000000000001 #b00000000000000000000000000000000)) (ite (= v3_v0 #b00000000000000000000000000000000) #b00000000000000000000000000000001 #b00000000000000000000000000000000)) (ite (= v4_v0 #b00000000000000000000000000000000) #b00000000000000000000000000000001 #b00000000000000000000000000000000)) (ite (= v5_v0 #b00000000000000000000000000000000) #b00000000000000000000000000000001 #b00000000000000000000000000000000)) #b00000000000000000000000000000011)
(= v6_f0_el0_v0 init_var6_f0_el0)
(= v6_f0_el1_v0 init_var6_f0_el1)
(= v6_f0_el2_v0 init_var6_f0_el2)
(= v6_f1_v0 init_var6_f1)
(bvsle (bvadd (bvadd (bvadd (ite (= init_var6_f0_el0 #b00000000000000000000000000000000) #b00000000000000000000000000000001 #b00000000000000000000000000000000) (ite (= init_var6_f0_el1 #b00000000000000000000000000000000) #b00000000000000000000000000000001 #b00000000000000000000000000000000)) (ite (= init_var6_f0_el2 #b00000000000000000000000000000000) #b00000000000000000000000000000001 #b00000000000000000000000000000000)) (ite (= init_var6_f1 #b00000000000000000000000000000000) #b00000000000000000000000000000001 #b00000000000000000000000000000000)) #b00000000000000000000000000000010)
(= v7_v0 init_var7)
(not (bvsmulo a0_0_1 v2_f0_v0))
(not (bvsmulo a0_0_2 v6_f1_v0))
(not (bvssubo (bvmul a0_0_1 v2_f0_v0) (bvmul a0_0_2 v6_f1_v0)))
(not (bvssubo (bvsub (bvmul a0_0_1 v2_f0_v0) (bvmul a0_0_2 v6_f1_v0)) a0_0))
(bvsle (bvadd (bvadd (ite (= a0_0_1 #b00000000000000000000000000000000) #b00000000000000000000000000000001 #b00000000000000000000000000000000) (ite (= a0_0_2 #b00000000000000000000000000000000) #b00000000000000000000000000000001 #b00000000000000000000000000000000)) (ite (= a0_0 #b00000000000000000000000000000000) #b00000000000000000000000000000001 #b00000000000000000000000000000000)) #b00000000000000000000000000000001)
(= v7_v1 (bvsub (bvsub (bvmul a0_0_1 v2_f0_v0) (bvmul a0_0_2 v6_f1_v0)) a0_0))
(not (bvsaddo a0_1_1 v1_v0))
(not (bvssubo a0_1_2 v5_v0))
(not (bvsaddo (bvadd a0_1_1 v1_v0) (bvsub a0_1_2 v5_v0)))
(not (bvsaddo (bvadd (bvadd a0_1_1 v1_v0) (bvsub a0_1_2 v5_v0)) a0_1))
(bvsle (bvadd (bvadd (ite (= a0_1_1 #b00000000000000000000000000000000) #b00000000000000000000000000000001 #b00000000000000000000000000000000) (ite (= a0_1_2 #b00000000000000000000000000000000) #b00000000000000000000000000000001 #b00000000000000000000000000000000)) (ite (= a0_1 #b00000000000000000000000000000000) #b00000000000000000000000000000001 #b00000000000000000000000000000000)) #b00000000000000000000000000000001)
(= v1_v1 (bvadd (bvadd (bvadd a0_1_1 v1_v0) (bvsub a0_1_2 v5_v0)) a0_1))
(distinct v3_v0 #b00000000000000000000000000000000)
(not (bvsdivo a10_0_1 v3_v0))
(distinct v2_f1_v0 #b00000000000000000000000000000000)
(not (bvsdivo a10_0_2 v2_f1_v0))
(not (bvsaddo (bvsrem a10_0_1 v3_v0) (bvsrem a10_0_2 v2_f1_v0)))
(not (bvsaddo (bvadd (bvsrem a10_0_1 v3_v0) (bvsrem a10_0_2 v2_f1_v0)) a10_0))
(bvsle (bvadd (bvadd (ite (= a10_0_1 #b00000000000000000000000000000000) #b00000000000000000000000000000001 #b00000000000000000000000000000000) (ite (= a10_0_2 #b00000000000000000000000000000000) #b00000000000000000000000000000001 #b00000000000000000000000000000000)) (ite (= a10_0 #b00000000000000000000000000000000) #b00000000000000000000000000000001 #b00000000000000000000000000000000)) #b00000000000000000000000000000001)
(= v2_f0_v1 (bvadd (bvadd (bvsrem a10_0_1 v3_v0) (bvsrem a10_0_2 v2_f1_v0)) a10_0))
(not (bvsmulo a10_1_1 v5_v0))
(not (bvssubo a10_1_2 v2_f0_v1))
(not (bvssubo (bvmul a10_1_1 v5_v0) (bvsub a10_1_2 v2_f0_v1)))
(not (bvssubo (bvsub (bvmul a10_1_1 v5_v0) (bvsub a10_1_2 v2_f0_v1)) a10_1))
(bvsle (bvadd (bvadd (ite (= a10_1_1 #b00000000000000000000000000000000) #b00000000000000000000000000000001 #b00000000000000000000000000000000) (ite (= a10_1_2 #b00000000000000000000000000000000) #b00000000000000000000000000000001 #b00000000000000000000000000000000)) (ite (= a10_1 #b00000000000000000000000000000000) #b00000000000000000000000000000001 #b00000000000000000000000000000000)) #b00000000000000000000000000000001)
(= v7_v2 (bvsub (bvsub (bvmul a10_1_1 v5_v0) (bvsub a10_1_2 v2_f0_v1)) a10_1))
(not (bvsdivo b10_2_1 v2_f1_v0))
(not (bvssubo b10_2_2 v7_v2))
(not (bvsaddo (bvsdiv b10_2_1 v2_f1_v0) (bvsub b10_2_2 v7_v2)))
(distinct v0_v0 #b00000000000000000000000000000000)
(not (bvsdivo b10_2_3 v0_v0))
(not (bvsaddo (bvadd (bvsdiv b10_2_1 v2_f1_v0) (bvsub b10_2_2 v7_v2)) (bvsdiv b10_2_3 v0_v0)))
(not (bvsaddo (bvadd (bvadd (bvsdiv b10_2_1 v2_f1_v0) (bvsub b10_2_2 v7_v2)) (bvsdiv b10_2_3 v0_v0)) b10_2))
(bvsle (bvadd (bvadd (bvadd (ite (= b10_2_1 #b00000000000000000000000000000000) #b00000000000000000000000000000001 #b00000000000000000000000000000000) (ite (= b10_2_2 #b00000000000000000000000000000000) #b00000000000000000000000000000001 #b00000000000000000000000000000000)) (ite (= b10_2_3 #b00000000000000000000000000000000) #b00000000000000000000000000000001 #b00000000000000000000000000000000)) (ite (= b10_2 #b00000000000000000000000000000000) #b00000000000000000000000000000001 #b00000000000000000000000000000000)) #b00000000000000000000000000000010)
(not (= (bvadd (bvadd (bvadd (bvsdiv b10_2_1 v2_f1_v0) (bvsub b10_2_2 v7_v2)) (bvsdiv b10_2_3 v0_v0)) b10_2) #b00000000000000000000000000000000))
(distinct v6_f1_v0 #b00000000000000000000000000000000)
(not (bvsdivo a14_0_1 v6_f1_v0))
(not (bvsdivo a14_0_2 v3_v0))
(not (bvssubo (bvsdiv a14_0_1 v6_f1_v0) (bvsdiv a14_0_2 v3_v0)))
(not (bvssubo (bvsub (bvsdiv a14_0_1 v6_f1_v0) (bvsdiv a14_0_2 v3_v0)) a14_0))
(bvsle (bvadd (bvadd (ite (= a14_0_1 #b00000000000000000000000000000000) #b00000000000000000000000000000001 #b00000000000000000000000000000000) (ite (= a14_0_2 #b00000000000000000000000000000000) #b00000000000000000000000000000001 #b00000000000000000000000000000000)) (ite (= a14_0 #b00000000000000000000000000000000) #b00000000000000000000000000000001 #b00000000000000000000000000000000)) #b00000000000000000000000000000001)
(= v3_v1 (bvsub (bvsub (bvsdiv a14_0_1 v6_f1_v0) (bvsdiv a14_0_2 v3_v0)) a14_0))
(distinct v5_v0 #b00000000000000000000000000000000)
(not (bvsdivo a14_1_1 v5_v0))
(not (bvssubo a14_1_2 v6_f0_el2_v0))
(not (bvsaddo (bvsrem a14_1_1 v5_v0) (bvsub a14_1_2 v6_f0_el2_v0)))
(not (bvsaddo (bvadd (bvsrem a14_1_1 v5_v0) (bvsub a14_1_2 v6_f0_el2_v0)) a14_1))
(bvsle (bvadd (bvadd (ite (= a14_1_1 #b00000000000000000000000000000000) #b00000000000000000000000000000001 #b00000000000000000000000000000000) (ite (= a14_1_2 #b00000000000000000000000000000000) #b00000000000000000000000000000001 #b00000000000000000000000000000000)) (ite (= a14_1 #b00000000000000000000000000000000) #b00000000000000000000000000000001 #b00000000000000000000000000000000)) #b00000000000000000000000000000001)
(= v4_v1 (bvadd (bvadd (bvsrem a14_1_1 v5_v0) (bvsub a14_1_2 v6_f0_el2_v0)) a14_1))
```
Constraint stats: asserted=56 addCalls=58 skippedTrue=0 deduped=2 ensureInRangeCalls=69 boundedAlready=0 uniqueConstraintIds=56 uniqueBoundedIds=0 (solverAsserted=0)
Bitwuzla check_sat time: 122ms
Bitwuzla statistics: preprocess::contradicting_ands::num_substs=0 preprocess::contradicting_ands::time_apply=0ms preprocess::elim_extract::num_elim=0 preprocess::elim_extract::time_apply=0ms preprocess::elim_lambda::time_apply=0ms preprocess::elim_udiv::num_eliminated=0 preprocess::elim_udiv::time_apply=0ms preprocess::embedded_constraints::num_substs=5 preprocess::embedded_constraints::time_apply=0ms preprocess::flatten_and::num_assertions=133 preprocess::flatten_and::num_flattened=110 preprocess::flatten_and::time_apply=0ms preprocess::lambda::num_elim=0 preprocess::normalize::num_common_normalizations=3 preprocess::normalize::num_normalizations=31 preprocess::normalize::num_normalized_assertions=19 preprocess::normalize::num_pass1=0 preprocess::normalize::num_pass2=1 preprocess::normalize::time_adder_chains=1ms preprocess::normalize::time_apply=18ms preprocess::normalize::time_compute_occs=0ms preprocess::normalize::time_normalize_add=0ms preprocess::normalize::time_normalize_mul=0ms preprocess::normalize::time_score=13ms preprocess::rewrite::time_apply=1ms preprocess::skeleton_preproc::cnf::clauses=419 preprocess::skeleton_preproc::cnf::lits=767 preprocess::skeleton_preproc::new_assertions=0 preprocess::skeleton_preproc::resets=1 preprocess::skeleton_preproc::time_apply=0ms preprocess::skeleton_preproc::time_encode=0ms preprocess::skeleton_preproc::time_fixed=0ms preprocess::skeleton_preproc::time_sat=0ms preprocess::uninterpreted::num_substs=0 preprocess::uninterpreted::time_apply=0ms preprocess::varsubst::normalize_bv_ineq::num_slt=0 preprocess::varsubst::normalize_bv_ineq::num_ult=0 preprocess::varsubst::normalize_eq::num_bv_concat=0 preprocess::varsubst::normalize_eq::num_gauss_elim=6 preprocess::varsubst::normalize_eq::num_linear_eq=6 preprocess::varsubst::num_substs=11 preprocess::varsubst::time_apply=1ms preprocess::varsubst::time_direct_cycle_check=0ms preprocess::varsubst::time_find_substitution=0ms preprocess::varsubst::time_find_vars=0ms preprocess::varsubst::time_register=0ms preprocess::varsubst::time_remove_cycles=0ms preprocess::varsubst::time_substitute=0ms preprocessor::num_iterations=2 preprocessor::time_preprocess=23ms preprocessor::time_process=0ms rewriter::(normalize)::num_evals=0 rewriter::(normalize)::num_rewrites=206 rewriter::(normalize)::rewrite::BV_ADD_SPECIAL_CONST=29 rewriter::(normalize)::rewrite::BV_MUL_ONES=8 rewriter::(normalize)::rewrite::BV_NEG_ELIM=8 rewriter::(normalize)::rewrite::BV_NOT_BV_NOT=33 rewriter::(normalize)::rewrite::NORMALIZE_COMM=128 rewriter::eval::BV_MUL_EVAL=1 rewriter::eval::BV_NEG_EVAL=1 rewriter::eval::BV_SHL_EVAL=1 rewriter::eval::EQUAL_EVAL=2 rewriter::eval::IMPLIES_EVAL=1 rewriter::num_evals=6 rewriter::num_rewrites=1377 rewriter::rewrite::BV_ADD_EVAL=2 rewriter::rewrite::BV_ADD_ITE2=33 rewriter::rewrite::BV_ADD_SPECIAL_CONST=33 rewriter::rewrite::BV_EXTRACT_FULL=6 rewriter::rewrite::BV_MUL_ONE=6 rewriter::rewrite::BV_NEG_ELIM=37 rewriter::rewrite::BV_NOT_BV_NOT=237 rewriter::rewrite::BV_NOT_EVAL=2 rewriter::rewrite::BV_OR_ELIM=177 rewriter::rewrite::BV_SADDO_ELIM=10 rewriter::rewrite::BV_SDIVO_ELIM=7 rewriter::rewrite::BV_SDIV_ELIM=4 rewriter::rewrite::BV_SHL_SPECIAL_CONST=3 rewriter::rewrite::BV_SIGN_EXTEND_ELIM=12 rewriter::rewrite::BV_SLE_ELIM=9 rewriter::rewrite::BV_SMULO_ELIM=3 rewriter::rewrite::BV_SREM_ELIM=3 rewriter::rewrite::BV_SSUBO_ELIM=10 rewriter::rewrite::BV_SUB_ELIM=16 rewriter::rewrite::DISTINCT_ELIM=5 rewriter::rewrite::EQUAL_BV_SUB=10 rewriter::rewrite::EQUAL_CONST_BV_NOT=93 rewriter::rewrite::EQUAL_SPECIAL_CONST=6 rewriter::rewrite::EQUAL_TRUE=8 rewriter::rewrite::IMPLIES_ELIM=3 rewriter::rewrite::ITE_EVAL=4 rewriter::rewrite::NORMALIZE_COMM=555 rewriter::rewrite::NOT_EQUAL_BV1_BOOL=43 rewriter::rewrite::NOT_NOT=20 rewriter::rewrite::OR_ELIM=20 solver::abstract::lemmas::MUL_NEG_POW2=3 solver::abstract::num_checks=2 solver::abstract::terms::BV_MUL=3 solver::abstract::terms::total=3 solver::abstract::time_check=1ms solver::array::equalities=0 solver::array::num_checks=0 solver::array::propagations=0 solver::array::propagations_down=0 solver::array::propagations_up=0 solver::array::selects=0 solver::array::time_check=0ms solver::bv::bitblast::aig::num_ands=86935 solver::bv::bitblast::aig::num_consts=1155 solver::bv::bitblast::aig::num_shared=13880 solver::bv::bitblast::aig::time_bitblast=10ms solver::bv::bitblast::cnf::num_clauses=219780 solver::bv::bitblast::cnf::num_literals=533398 solver::bv::bitblast::cnf::num_vars=71732 solver::bv::bitblast::cnf::time_encode=72ms solver::bv::bitblast::sat::time_solve=12ms solver::bv::num_assertions=159 solver::bv::num_checks=2 solver::bv::time_check=85ms solver::engine::lemmas::abstr=3 solver::engine::lemmas::array=0 solver::engine::lemmas::fp=0 solver::engine::lemmas::fun=0 solver::engine::lemmas::quant=0 solver::engine::lemmas::total=3 solver::engine::time_register_term=0ms solver::engine::time_solve=98ms solver::fun::num_checks=1 solver::fun::time_check=0ms solver::quant::mbqi_checks=0 solver::quant::num_lemma_iterations=0 solver::quant::num_lemmas=0 solver::quant::time_check=0ms solver::quant::time_mbqi=0ms solver::quant::time_process=0ms solving_context::max_memory=69279744 solving_context::time_ensure_model=0ms solving_context::time_solve=122ms
SAT
Extract symbols: sym=init_var6_f0_el0, value=-1
Extract symbols: sym=init_var6_f0_el1, value=-1
Extract symbols: sym=init_var6_f0_el2, value=-1
Extract symbols: sym=init_var6_f1, value=-1
Extract symbols: sym=init_var7, value=0
Extract symbols: sym=a0_0_1, value=-1
Extract symbols: sym=a0_0_2, value=-1
Extract symbols: sym=a0_0, value=1
Extract symbols: sym=a0_1_1, value=-1
Extract symbols: sym=a0_1_2, value=-1
Extract symbols: sym=a0_1, value=-1
Extract symbols: sym=a1_0_1, value=<unresolved>
Extract symbols: sym=a1_0_2, value=<unresolved>
Extract symbols: sym=a1_0, value=<unresolved>
Extract symbols: sym=a1_1_1, value=<unresolved>
Extract symbols: sym=a1_1_2, value=<unresolved>
Extract symbols: sym=a1_1, value=<unresolved>
Extract symbols: sym=b1_2_1, value=<unresolved>
Extract symbols: sym=b1_2_2, value=<unresolved>
Extract symbols: sym=b1_2_3, value=<unresolved>
Extract symbols: sym=b1_2, value=<unresolved>
Extract symbols: sym=a2_0_1, value=<unresolved>
Extract symbols: sym=a2_0_2, value=<unresolved>
Extract symbols: sym=a2_0, value=<unresolved>
Extract symbols: sym=a2_1_1, value=<unresolved>
Extract symbols: sym=a2_1_2, value=<unresolved>
Extract symbols: sym=a2_1, value=<unresolved>
Extract symbols: sym=a3_0_1, value=<unresolved>
Extract symbols: sym=a3_0_2, value=<unresolved>
Extract symbols: sym=a3_0, value=<unresolved>
Extract symbols: sym=a3_1_1, value=<unresolved>
Extract symbols: sym=a3_1_2, value=<unresolved>
Extract symbols: sym=a3_1, value=<unresolved>
Extract symbols: sym=a4_0_1, value=<unresolved>
Extract symbols: sym=a4_0_2, value=<unresolved>
Extract symbols: sym=a4_0, value=<unresolved>
Extract symbols: sym=a4_1_1, value=<unresolved>
Extract symbols: sym=a4_1_2, value=<unresolved>
Extract symbols: sym=a4_1, value=<unresolved>
Extract symbols: sym=b4_2_1, value=<unresolved>
Extract symbols: sym=b4_2_2, value=<unresolved>
Extract symbols: sym=b4_2_3, value=<unresolved>
Extract symbols: sym=b4_2, value=<unresolved>
Extract symbols: sym=a5_0_1, value=<unresolved>
Extract symbols: sym=a5_0_2, value=<unresolved>
Extract symbols: sym=a5_0, value=<unresolved>
Extract symbols: sym=a5_1_1, value=<unresolved>
Extract symbols: sym=a5_1_2, value=<unresolved>
Extract symbols: sym=a5_1, value=<unresolved>
Extract symbols: sym=b5_2_1, value=<unresolved>
Extract symbols: sym=b5_2_2, value=<unresolved>
Extract symbols: sym=b5_2_3, value=<unresolved>
Extract symbols: sym=b5_2, value=<unresolved>
Extract symbols: sym=a6_0_1, value=<unresolved>
Extract symbols: sym=a6_0_2, value=<unresolved>
Extract symbols: sym=a6_0, value=<unresolved>
Extract symbols: sym=a6_1_1, value=<unresolved>
Extract symbols: sym=a6_1_2, value=<unresolved>
Extract symbols: sym=a6_1, value=<unresolved>
Extract symbols: sym=b6_2_1, value=<unresolved>
Extract symbols: sym=b6_2_2, value=<unresolved>
Extract symbols: sym=b6_2_3, value=<unresolved>
Extract symbols: sym=b6_2, value=<unresolved>
Extract symbols: sym=a7_0_1, value=<unresolved>
Extract symbols: sym=a7_0_2, value=<unresolved>
Extract symbols: sym=a7_0, value=<unresolved>
Extract symbols: sym=a7_1_1, value=<unresolved>
Extract symbols: sym=a7_1_2, value=<unresolved>
Extract symbols: sym=a7_1, value=<unresolved>
Extract symbols: sym=b7_2_1, value=<unresolved>
Extract symbols: sym=b7_2_2, value=<unresolved>
Extract symbols: sym=b7_2_3, value=<unresolved>
Extract symbols: sym=b7_2, value=<unresolved>
Extract symbols: sym=a8_0_1, value=<unresolved>
Extract symbols: sym=a8_0_2, value=<unresolved>
Extract symbols: sym=a8_0, value=<unresolved>
Extract symbols: sym=a8_1_1, value=<unresolved>
Extract symbols: sym=a8_1_2, value=<unresolved>
Extract symbols: sym=a8_1, value=<unresolved>
Extract symbols: sym=a9_0_1, value=<unresolved>
Extract symbols: sym=a9_0_2, value=<unresolved>
Extract symbols: sym=a9_0, value=<unresolved>
Extract symbols: sym=a9_1_1, value=<unresolved>
Extract symbols: sym=a9_1_2, value=<unresolved>
Extract symbols: sym=a9_1, value=<unresolved>
Extract symbols: sym=b9_2_1, value=<unresolved>
Extract symbols: sym=b9_2_2, value=<unresolved>
Extract symbols: sym=b9_2_3, value=<unresolved>
Extract symbols: sym=b9_2, value=<unresolved>
Extract symbols: sym=a10_0_1, value=-1
Extract symbols: sym=a10_0_2, value=-1
Extract symbols: sym=a10_0, value=-1
Extract symbols: sym=a10_1_1, value=-1
Extract symbols: sym=a10_1_2, value=2
Extract symbols: sym=a10_1, value=-1
Extract symbols: sym=b10_2_1, value=-1
Extract symbols: sym=b10_2_2, value=-1
Extract symbols: sym=b10_2_3, value=-1
Extract symbols: sym=b10_2, value=-1
Extract symbols: sym=a11_0_1, value=<unresolved>
Extract symbols: sym=a11_0_2, value=<unresolved>
Extract symbols: sym=a11_0, value=<unresolved>
Extract symbols: sym=a11_1_1, value=<unresolved>
Extract symbols: sym=a11_1_2, value=<unresolved>
Extract symbols: sym=a11_1, value=<unresolved>
Extract symbols: sym=b11_2_1, value=<unresolved>
Extract symbols: sym=b11_2_2, value=<unresolved>
Extract symbols: sym=b11_2_3, value=<unresolved>
Extract symbols: sym=b11_2, value=<unresolved>
Extract symbols: sym=a12_0_1, value=<unresolved>
Extract symbols: sym=a12_0_2, value=<unresolved>
Extract symbols: sym=a12_0, value=<unresolved>
Extract symbols: sym=a12_1_1, value=<unresolved>
Extract symbols: sym=a12_1_2, value=<unresolved>
Extract symbols: sym=a12_1, value=<unresolved>
Extract symbols: sym=b12_2_1, value=<unresolved>
Extract symbols: sym=b12_2_2, value=<unresolved>
Extract symbols: sym=b12_2_3, value=<unresolved>
Extract symbols: sym=b12_2, value=<unresolved>
Extract symbols: sym=a13_0_1, value=<unresolved>
Extract symbols: sym=a13_0_2, value=<unresolved>
Extract symbols: sym=a13_0, value=<unresolved>
Extract symbols: sym=a13_1_1, value=<unresolved>
Extract symbols: sym=a13_1_2, value=<unresolved>
Extract symbols: sym=a13_1, value=<unresolved>
Extract symbols: sym=a14_0_1, value=-1
Extract symbols: sym=a14_0_2, value=-1
Extract symbols: sym=a14_0, value=1
Extract symbols: sym=a14_1_1, value=-1
Extract symbols: sym=a14_1_2, value=-1
Extract symbols: sym=a14_1, value=-1
--------IntUBInject: Inject Int UBs to Block BB3--------------------------------------------
Collected constraints:
(bvsle v3_v0 #b001111111111111111111111111111111)
(bvsge v3_v0 #b110000000000000000000000000000000)
(bvsle v5_v0 #b001111111111111111111111111111111)
(bvsge v5_v0 #b110000000000000000000000000000000)
(bvsle v5_v0 #b001111111111111111111111111111111)
(bvsge v5_v0 #b110000000000000000000000000000000)
(bvsge v6_f0_v0 #b110000000000000000000000000000000)
(bvsle v6_f0_v0 #b001111111111111111111111111111111)
(bvsge v6_f1_v0 #b110000000000000000000000000000000)
(bvsle v6_f1_v0 #b001111111111111111111111111111111)
(bvsge a3_0_1 #b110000000000000000000000000000000)
(bvsle a3_0_1 #b001111111111111111111111111111111)
(bvsge a3_0_2 #b110000000000000000000000000000000)
(bvsle a3_0_2 #b001111111111111111111111111111111)
(distinct v5_v0 #b000000000000000000000000000000000)
(bvsge a3_0 #b110000000000000000000000000000000)
(bvsle a3_0 #b001111111111111111111111111111111)
(bvsle (bvadd (bvadd (ite (= a3_0_1 #b000000000000000000000000000000000) #b000000000000000000000000000000001 #b000000000000000000000000000000000) (ite (= a3_0_2 #b000000000000000000000000000000000) #b000000000000000000000000000000001 #b000000000000000000000000000000000)) (ite (= a3_0 #b000000000000000000000000000000000) #b000000000000000000000000000000001 #b000000000000000000000000000000000)) #b000000000000000000000000000000001)
(= v1_v1 (bvsub (bvsub a3_0 (bvsrem a3_0_2 v5_v0)) (bvadd a3_0_1 v3_v0)))
(bvsge a3_1_1 #b110000000000000000000000000000000)
(bvsle a3_1_1 #b001111111111111111111111111111111)
(bvsge a3_1_2 #b110000000000000000000000000000000)
(bvsle a3_1_2 #b001111111111111111111111111111111)
(bvsge a3_1 #b110000000000000000000000000000000)
(bvsle a3_1 #b001111111111111111111111111111111)
(bvsle (bvadd (bvadd (ite (= a3_1_1 #b000000000000000000000000000000000) #b000000000000000000000000000000001 #b000000000000000000000000000000000) (ite (= a3_1_2 #b000000000000000000000000000000000) #b000000000000000000000000000000001 #b000000000000000000000000000000000)) (ite (= a3_1 #b000000000000000000000000000000000) #b000000000000000000000000000000001 #b000000000000000000000000000000000)) #b000000000000000000000000000000001)
(= v6_f1_v1 (bvadd (bvadd a3_1 (bvmul a3_1_2 v6_f1_v0)) (bvmul a3_1_1 v5_v0)))
(let ((_let0 (bvsub (bvsub a3_0 (bvsrem a3_0_2 v5_v0)) (bvadd a3_0_1 v3_v0)))) (let ((_let1 (bvadd (bvadd a3_1 (bvmul a3_1_2 v6_f1_v0)) (bvmul a3_1_1 v5_v0)))) (or (or false (or (bvsgt _let0 #b001111111111111111111111111111111) (bvslt _let0 #b110000000000000000000000000000000))) (or (bvsgt _let1 #b001111111111111111111111111111111) (bvslt _let1 #b110000000000000000000000000000000)))))
SAT
Adding initializations to ensure undefined behaviors
Let variable: var=v3, value=1073741823
Let variable: var=v5, value=1
Let variable: var=v5, value=1
Let variable: var=v6_f1, value=0
Let symbol: sym=a3_0_1, value=1
Let symbol: sym=a3_0_2, value=1
Let symbol: sym=a3_0, value=0
Let symbol: sym=a3_1_1, value=-1
Let symbol: sym=a3_1_2, value=1
Let symbol: sym=a3_1, value=-2147483648
--------IntUBInject: Inject Int UBs to Block BB4--------------------------------------------
Collected constraints:
(bvsle v4_v0 #b001111111111111111111111111111111)
(bvsge v4_v0 #b110000000000000000000000000000000)
(bvsle v1_v0 #b001111111111111111111111111111111)
(bvsge v1_v0 #b110000000000000000000000000000000)
(bvsle v4_v0 #b001111111111111111111111111111111)
(bvsge v4_v0 #b110000000000000000000000000000000)
(bvsge v2_f0_v0 #b110000000000000000000000000000000)
(bvsle v2_f0_v0 #b001111111111111111111111111111111)
(bvsge v2_f1_v0 #b110000000000000000000000000000000)
(bvsle v2_f1_v0 #b001111111111111111111111111111111)
(bvsge a4_0_1 #b110000000000000000000000000000000)
(bvsle a4_0_1 #b001111111111111111111111111111111)
(bvsge a4_0_2 #b110000000000000000000000000000000)
(bvsle a4_0_2 #b001111111111111111111111111111111)
(bvsge a4_0 #b110000000000000000000000000000000)
(bvsle a4_0 #b001111111111111111111111111111111)
(bvsle (bvadd (bvadd (ite (= a4_0_1 #b000000000000000000000000000000000) #b000000000000000000000000000000001 #b000000000000000000000000000000000) (ite (= a4_0_2 #b000000000000000000000000000000000) #b000000000000000000000000000000001 #b000000000000000000000000000000000)) (ite (= a4_0 #b000000000000000000000000000000000) #b000000000000000000000000000000001 #b000000000000000000000000000000000)) #b000000000000000000000000000000001)
(= v6_f0_v1 (bvadd (bvadd a4_0 (bvadd a4_0_2 v1_v0)) (bvsub a4_0_1 v4_v0)))
(bvsge a4_1_1 #b110000000000000000000000000000000)
(bvsle a4_1_1 #b001111111111111111111111111111111)
(distinct v4_v0 #b000000000000000000000000000000000)
(bvsge a4_1_2 #b110000000000000000000000000000000)
(bvsle a4_1_2 #b001111111111111111111111111111111)
(distinct v2_f0_v0 #b000000000000000000000000000000000)
(bvsge a4_1 #b110000000000000000000000000000000)
(bvsle a4_1 #b001111111111111111111111111111111)
(bvsle (bvadd (bvadd (ite (= a4_1_1 #b000000000000000000000000000000000) #b000000000000000000000000000000001 #b000000000000000000000000000000000) (ite (= a4_1_2 #b000000000000000000000000000000000) #b000000000000000000000000000000001 #b000000000000000000000000000000000)) (ite (= a4_1 #b000000000000000000000000000000000) #b000000000000000000000000000000001 #b000000000000000000000000000000000)) #b000000000000000000000000000000001)
(= v4_v1 (bvadd (bvadd a4_1 (bvsdiv a4_1_2 v2_f0_v0)) (bvsrem a4_1_1 v4_v0)))
(bvsge b4_2_1 #b110000000000000000000000000000000)
(bvsle b4_2_1 #b001111111111111111111111111111111)
(distinct v6_f1_v0 #b000000000000000000000000000000000)
(bvsge b4_2_2 #b110000000000000000000000000000000)
(bvsle b4_2_2 #b001111111111111111111111111111111)
(distinct v4_v1 #b000000000000000000000000000000000)
(bvsge b4_2_3 #b110000000000000000000000000000000)
(bvsle b4_2_3 #b001111111111111111111111111111111)
(bvsge b4_2 #b110000000000000000000000000000000)
(bvsle b4_2 #b001111111111111111111111111111111)
(bvsle (bvadd (bvadd (bvadd (ite (= b4_2_1 #b000000000000000000000000000000000) #b000000000000000000000000000000001 #b000000000000000000000000000000000) (ite (= b4_2_2 #b000000000000000000000000000000000) #b000000000000000000000000000000001 #b000000000000000000000000000000000)) (ite (= b4_2_3 #b000000000000000000000000000000000) #b000000000000000000000000000000001 #b000000000000000000000000000000000)) (ite (= b4_2 #b000000000000000000000000000000000) #b000000000000000000000000000000001 #b000000000000000000000000000000000)) #b000000000000000000000000000000010)
(let ((_let0 (bvadd (bvadd a4_0 (bvadd a4_0_2 v1_v0)) (bvsub a4_0_1 v4_v0)))) (let ((_let1 (bvadd (bvadd a4_1 (bvsdiv a4_1_2 v2_f0_v0)) (bvsrem a4_1_1 v4_v0)))) (let ((_let2 (bvadd (bvadd (bvadd b4_2 (bvsub b4_2_3 v2_f1_v0)) (bvsdiv b4_2_2 v4_v1)) (bvsrem b4_2_1 v6_f1_v0)))) (or (or (or false (or (bvsgt _let0 #b001111111111111111111111111111111) (bvslt _let0 #b110000000000000000000000000000000))) (or (bvsgt _let1 #b001111111111111111111111111111111) (bvslt _let1 #b110000000000000000000000000000000))) (or (bvsgt _let2 #b001111111111111111111111111111111) (bvslt _let2 #b110000000000000000000000000000000))))))
SAT
Adding initializations to ensure undefined behaviors
Let variable: var=v4, value=2
Let variable: var=v1, value=1073741824
Let variable: var=v4, value=2
Let variable: var=v2_f0, value=-2
Let symbol: sym=a4_0_1, value=-2147483647
Let symbol: sym=a4_0_2, value=1073741824
Let symbol: sym=a4_0, value=-2147483648
Let symbol: sym=a4_1_1, value=-2147483647
Let symbol: sym=a4_1_2, value=-1
Let symbol: sym=a4_1, value=0
Let symbol: sym=b4_2_1, value=0
Let symbol: sym=b4_2_2, value=-2147483646
Let symbol: sym=b4_2_3, value=-2147483648
Let symbol: sym=b4_2, value=-1
--------IntUBInject: Inject Int UBs to Block BB8--------------------------------------------
Collected constraints:
(bvsle v5_v0 #b001111111111111111111111111111111)
(bvsge v5_v0 #b110000000000000000000000000000000)
(bvsle v0_v0 #b001111111111111111111111111111111)
(bvsge v0_v0 #b110000000000000000000000000000000)
(bvsle v5_v0 #b001111111111111111111111111111111)
(bvsge v5_v0 #b110000000000000000000000000000000)
(bvsle v7_v0 #b001111111111111111111111111111111)
(bvsge v7_v0 #b110000000000000000000000000000000)
(bvsge a8_0_1 #b110000000000000000000000000000000)
(bvsle a8_0_1 #b001111111111111111111111111111111)
(bvsge a8_0_2 #b110000000000000000000000000000000)
(bvsle a8_0_2 #b001111111111111111111111111111111)
(distinct v0_v0 #b000000000000000000000000000000000)
(bvsge a8_0 #b110000000000000000000000000000000)
(bvsle a8_0 #b001111111111111111111111111111111)
(bvsle (bvadd (bvadd (ite (= a8_0_1 #b000000000000000000000000000000000) #b000000000000000000000000000000001 #b000000000000000000000000000000000) (ite (= a8_0_2 #b000000000000000000000000000000000) #b000000000000000000000000000000001 #b000000000000000000000000000000000)) (ite (= a8_0 #b000000000000000000000000000000000) #b000000000000000000000000000000001 #b000000000000000000000000000000000)) #b000000000000000000000000000000001)
(= v1_v1 (bvsub (bvsub a8_0 (bvsdiv a8_0_2 v0_v0)) (bvsub a8_0_1 v5_v0)))
(bvsge a8_1_1 #b110000000000000000000000000000000)
(bvsle a8_1_1 #b001111111111111111111111111111111)
(bvsge a8_1_2 #b110000000000000000000000000000000)
(bvsle a8_1_2 #b001111111111111111111111111111111)
(bvsge a8_1 #b110000000000000000000000000000000)
(bvsle a8_1 #b001111111111111111111111111111111)
(bvsle (bvadd (bvadd (ite (= a8_1_1 #b000000000000000000000000000000000) #b000000000000000000000000000000001 #b000000000000000000000000000000000) (ite (= a8_1_2 #b000000000000000000000000000000000) #b000000000000000000000000000000001 #b000000000000000000000000000000000)) (ite (= a8_1 #b000000000000000000000000000000000) #b000000000000000000000000000000001 #b000000000000000000000000000000000)) #b000000000000000000000000000000001)
(= v5_v1 (bvadd (bvadd a8_1 (bvsub a8_1_2 v7_v0)) (bvadd a8_1_1 v5_v0)))
(let ((_let0 (bvsub (bvsub a8_0 (bvsdiv a8_0_2 v0_v0)) (bvsub a8_0_1 v5_v0)))) (let ((_let1 (bvadd (bvadd a8_1 (bvsub a8_1_2 v7_v0)) (bvadd a8_1_1 v5_v0)))) (or (or false (or (bvsgt _let0 #b001111111111111111111111111111111) (bvslt _let0 #b110000000000000000000000000000000))) (or (bvsgt _let1 #b001111111111111111111111111111111) (bvslt _let1 #b110000000000000000000000000000000)))))
SAT
Adding initializations to ensure undefined behaviors
Let variable: var=v5, value=-1
Let variable: var=v0, value=-1
Let variable: var=v5, value=-1
Let variable: var=v7, value=-1
Let symbol: sym=a8_0_1, value=-1
Let symbol: sym=a8_0_2, value=-1
Let symbol: sym=a8_0, value=0
Let symbol: sym=a8_1_1, value=-1
Let symbol: sym=a8_1_2, value=-1
Let symbol: sym=a8_1, value=-2147483647
Define symbols: sym=a1_0_1, val=-1331106668 (for unexecuted basic blocks)
Define symbols: sym=a1_0_2, val=855874394 (for unexecuted basic blocks)
Define symbols: sym=a1_0, val=-1704963870 (for unexecuted basic blocks)
Define symbols: sym=a1_1_1, val=833744341 (for unexecuted basic blocks)
Define symbols: sym=a1_1_2, val=-1591320785 (for unexecuted basic blocks)
Define symbols: sym=a1_1, val=-644134305 (for unexecuted basic blocks)
Define symbols: sym=b1_2_1, val=1851980201 (for unexecuted basic blocks)
Define symbols: sym=b1_2_2, val=1125521993 (for unexecuted basic blocks)
Define symbols: sym=b1_2_3, val=-1105034141 (for unexecuted basic blocks)
Define symbols: sym=b1_2, val=697400680 (for unexecuted basic blocks)
Define symbols: sym=a2_0_1, val=-1595433089 (for unexecuted basic blocks)
Define symbols: sym=a2_0_2, val=870219609 (for unexecuted basic blocks)
Define symbols: sym=a2_0, val=164203898 (for unexecuted basic blocks)
Define symbols: sym=a2_1_1, val=1904455031 (for unexecuted basic blocks)
Define symbols: sym=a2_1_2, val=-854001374 (for unexecuted basic blocks)
Define symbols: sym=a2_1, val=2112144441 (for unexecuted basic blocks)
Define symbols: sym=a5_0_1, val=1448705048 (for unexecuted basic blocks)
Define symbols: sym=a5_0_2, val=-1342769398 (for unexecuted basic blocks)
Define symbols: sym=a5_0, val=-565719629 (for unexecuted basic blocks)
Define symbols: sym=a5_1_1, val=-1542976431 (for unexecuted basic blocks)
Define symbols: sym=a5_1_2, val=559774351 (for unexecuted basic blocks)
Define symbols: sym=a5_1, val=426155977 (for unexecuted basic blocks)
Define symbols: sym=b5_2_1, val=-623469571 (for unexecuted basic blocks)
Define symbols: sym=b5_2_2, val=1763429609 (for unexecuted basic blocks)
Define symbols: sym=b5_2_3, val=-511508953 (for unexecuted basic blocks)
Define symbols: sym=b5_2, val=234482374 (for unexecuted basic blocks)
Define symbols: sym=a6_0_1, val=-1563567676 (for unexecuted basic blocks)
Define symbols: sym=a6_0_2, val=1466930994 (for unexecuted basic blocks)
Define symbols: sym=a6_0, val=1854124376 (for unexecuted basic blocks)
Define symbols: sym=a6_1_1, val=-2058649198 (for unexecuted basic blocks)
Define symbols: sym=a6_1_2, val=1404060419 (for unexecuted basic blocks)
Define symbols: sym=a6_1, val=-334424646 (for unexecuted basic blocks)
Define symbols: sym=b6_2_1, val=2146523769 (for unexecuted basic blocks)
Define symbols: sym=b6_2_2, val=1348557381 (for unexecuted basic blocks)
Define symbols: sym=b6_2_3, val=2069622278 (for unexecuted basic blocks)
Define symbols: sym=b6_2, val=-1451632531 (for unexecuted basic blocks)
Define symbols: sym=a7_0_1, val=-749457665 (for unexecuted basic blocks)
Define symbols: sym=a7_0_2, val=236051815 (for unexecuted basic blocks)
Define symbols: sym=a7_0, val=1551094710 (for unexecuted basic blocks)
Define symbols: sym=a7_1_1, val=615393508 (for unexecuted basic blocks)
Define symbols: sym=a7_1_2, val=-1722634214 (for unexecuted basic blocks)
Define symbols: sym=a7_1, val=787182485 (for unexecuted basic blocks)
Define symbols: sym=b7_2_1, val=-1412438381 (for unexecuted basic blocks)
Define symbols: sym=b7_2_2, val=-71505974 (for unexecuted basic blocks)
Define symbols: sym=b7_2_3, val=1658281716 (for unexecuted basic blocks)
Define symbols: sym=b7_2, val=1340679488 (for unexecuted basic blocks)
Define symbols: sym=a9_0_1, val=2082399062 (for unexecuted basic blocks)
Define symbols: sym=a9_0_2, val=691986636 (for unexecuted basic blocks)
Define symbols: sym=a9_0, val=-299419965 (for unexecuted basic blocks)
Define symbols: sym=a9_1_1, val=-241525682 (for unexecuted basic blocks)
Define symbols: sym=a9_1_2, val=500746946 (for unexecuted basic blocks)
Define symbols: sym=a9_1, val=1699656444 (for unexecuted basic blocks)
Define symbols: sym=b9_2_1, val=1136101412 (for unexecuted basic blocks)
Define symbols: sym=b9_2_2, val=1569742732 (for unexecuted basic blocks)
Define symbols: sym=b9_2_3, val=-39040895 (for unexecuted basic blocks)
Define symbols: sym=b9_2, val=886709043 (for unexecuted basic blocks)
Define symbols: sym=a11_0_1, val=-823221999 (for unexecuted basic blocks)
Define symbols: sym=a11_0_2, val=-2146233756 (for unexecuted basic blocks)
Define symbols: sym=a11_0, val=-1008304133 (for unexecuted basic blocks)
Define symbols: sym=a11_1_1, val=720645928 (for unexecuted basic blocks)
Define symbols: sym=a11_1_2, val=1574093755 (for unexecuted basic blocks)
Define symbols: sym=a11_1, val=-850391889 (for unexecuted basic blocks)
Define symbols: sym=b11_2_1, val=-1868307187 (for unexecuted basic blocks)
Define symbols: sym=b11_2_2, val=-1374273715 (for unexecuted basic blocks)
Define symbols: sym=b11_2_3, val=537079959 (for unexecuted basic blocks)
Define symbols: sym=b11_2, val=2141723301 (for unexecuted basic blocks)
Define symbols: sym=a12_0_1, val=1468690472 (for unexecuted basic blocks)
Define symbols: sym=a12_0_2, val=1150003487 (for unexecuted basic blocks)
Define symbols: sym=a12_0, val=-619406274 (for unexecuted basic blocks)
Define symbols: sym=a12_1_1, val=910910976 (for unexecuted basic blocks)
Define symbols: sym=a12_1_2, val=-1577998511 (for unexecuted basic blocks)
Define symbols: sym=a12_1, val=-1688191648 (for unexecuted basic blocks)
Define symbols: sym=b12_2_1, val=-1416509461 (for unexecuted basic blocks)
Define symbols: sym=b12_2_2, val=-601479619 (for unexecuted basic blocks)
Define symbols: sym=b12_2_3, val=1301640010 (for unexecuted basic blocks)
Define symbols: sym=b12_2, val=1449280612 (for unexecuted basic blocks)
Define symbols: sym=a13_0_1, val=872880038 (for unexecuted basic blocks)
Define symbols: sym=a13_0_2, val=-2027222811 (for unexecuted basic blocks)
Define symbols: sym=a13_0, val=1311288107 (for unexecuted basic blocks)
Define symbols: sym=a13_1_1, val=-1348688508 (for unexecuted basic blocks)
Define symbols: sym=a13_1_2, val=-405091772 (for unexecuted basic blocks)
Define symbols: sym=a13_1, val=-148321311 (for unexecuted basic blocks)
Extract initialization: param=v0, value=-1
Extract initialization: param=v1, value=-1
Extract initialization: param=v2, value=-1
Extract initialization: param=v2, value=-1
Extract initialization: param=v3, value=-1
Extract initialization: param=v4, value=-1
Extract initialization: param=v5, value=-1
Extract finalization: param=v0, value=-1
Extract finalization: param=v1, value=-3
Extract finalization: param=v2, value=-1
Extract finalization: param=v2, value=-1
Extract finalization: param=v3, value=-1
Extract finalization: param=v4, value=-1
Extract finalization: param=v5, value=-1
------SymExec: Iteration 1----------------------------------------------
Generating or re-generating UB-free constraints
Initial constraints: 
```
(bvsle (bvadd (bvadd (bvadd (bvadd (bvadd (bvadd (ite (= v0_v0 #b00000000000000000000000000000000) #b00000000000000000000000000000001 #b00000000000000000000000000000000) (ite (= v1_v0 #b00000000000000000000000000000000) #b00000000000000000000000000000001 #b00000000000000000000000000000000)) (ite (= v2_f0_v0 #b00000000000000000000000000000000) #b00000000000000000000000000000001 #b00000000000000000000000000000000)) (ite (= v2_f1_v0 #b00000000000000000000000000000000) #b00000000000000000000000000000001 #b00000000000000000000000000000000)) (ite (= v3_v0 #b00000000000000000000000000000000) #b00000000000000000000000000000001 #b00000000000000000000000000000000)) (ite (= v4_v0 #b00000000000000000000000000000000) #b00000000000000000000000000000001 #b00000000000000000000000000000000)) (ite (= v5_v0 #b00000000000000000000000000000000) #b00000000000000000000000000000001 #b00000000000000000000000000000000)) #b00000000000000000000000000000011)
```
Final constraints: 
```
(bvsle (bvadd (bvadd (bvadd (bvadd (bvadd (bvadd (ite (= v0_v0 #b00000000000000000000000000000000) #b00000000000000000000000000000001 #b00000000000000000000000000000000) (ite (= v1_v0 #b00000000000000000000000000000000) #b00000000000000000000000000000001 #b00000000000000000000000000000000)) (ite (= v2_f0_v0 #b00000000000000000000000000000000) #b00000000000000000000000000000001 #b00000000000000000000000000000000)) (ite (= v2_f1_v0 #b00000000000000000000000000000000) #b00000000000000000000000000000001 #b00000000000000000000000000000000)) (ite (= v3_v0 #b00000000000000000000000000000000) #b00000000000000000000000000000001 #b00000000000000000000000000000000)) (ite (= v4_v0 #b00000000000000000000000000000000) #b00000000000000000000000000000001 #b00000000000000000000000000000000)) (ite (= v5_v0 #b00000000000000000000000000000000) #b00000000000000000000000000000001 #b00000000000000000000000000000000)) #b00000000000000000000000000000011)
(= v6_f0_el0_v0 #b11111111111111111111111111111111)
(= v6_f0_el1_v0 #b11111111111111111111111111111111)
(= v6_f0_el2_v0 #b11111111111111111111111111111111)
(= v6_f1_v0 #b11111111111111111111111111111111)
(let ((_let0 (ite (= #b11111111111111111111111111111111 #b00000000000000000000000000000000) #b00000000000000000000000000000001 #b00000000000000000000000000000000))) (bvsle (bvadd (bvadd (bvadd _let0 _let0) _let0) _let0) #b00000000000000000000000000000010))
(= v7_v0 #b00000000000000000000000000000000)
(not (bvsmulo #b11111111111111111111111111111111 v2_f0_v0))
(not (bvsmulo #b11111111111111111111111111111111 v6_f1_v0))
(not (bvssubo (bvmul #b11111111111111111111111111111111 v2_f0_v0) (bvmul #b11111111111111111111111111111111 v6_f1_v0)))
(not (bvssubo (bvsub (bvmul #b11111111111111111111111111111111 v2_f0_v0) (bvmul #b11111111111111111111111111111111 v6_f1_v0)) #b00000000000000000000000000000001))
(let ((_let0 (ite (= #b11111111111111111111111111111111 #b00000000000000000000000000000000) #b00000000000000000000000000000001 #b00000000000000000000000000000000))) (bvsle (bvadd (bvadd _let0 _let0) (ite (= #b00000000000000000000000000000001 #b00000000000000000000000000000000) #b00000000000000000000000000000001 #b00000000000000000000000000000000)) #b00000000000000000000000000000001))
(= v7_v1 (bvsub (bvsub (bvmul #b11111111111111111111111111111111 v2_f0_v0) (bvmul #b11111111111111111111111111111111 v6_f1_v0)) #b00000000000000000000000000000001))
(not (bvsaddo #b11111111111111111111111111111111 v1_v0))
(not (bvssubo #b11111111111111111111111111111111 v5_v0))
(not (bvsaddo (bvadd #b11111111111111111111111111111111 v1_v0) (bvsub #b11111111111111111111111111111111 v5_v0)))
(not (bvsaddo (bvadd (bvadd #b11111111111111111111111111111111 v1_v0) (bvsub #b11111111111111111111111111111111 v5_v0)) #b11111111111111111111111111111111))
(let ((_let0 (ite (= #b11111111111111111111111111111111 #b00000000000000000000000000000000) #b00000000000000000000000000000001 #b00000000000000000000000000000000))) (bvsle (bvadd (bvadd _let0 _let0) _let0) #b00000000000000000000000000000001))
(= v1_v1 (bvadd (bvadd (bvadd #b11111111111111111111111111111111 v1_v0) (bvsub #b11111111111111111111111111111111 v5_v0)) #b11111111111111111111111111111111))
(distinct v3_v0 #b00000000000000000000000000000000)
(not (bvsdivo #b11111111111111111111111111111111 v3_v0))
(distinct v2_f1_v0 #b00000000000000000000000000000000)
(not (bvsdivo #b11111111111111111111111111111111 v2_f1_v0))
(not (bvsaddo (bvsrem #b11111111111111111111111111111111 v3_v0) (bvsrem #b11111111111111111111111111111111 v2_f1_v0)))
(not (bvsaddo (bvadd (bvsrem #b11111111111111111111111111111111 v3_v0) (bvsrem #b11111111111111111111111111111111 v2_f1_v0)) #b11111111111111111111111111111111))
(= v2_f0_v1 (bvadd (bvadd (bvsrem #b11111111111111111111111111111111 v3_v0) (bvsrem #b11111111111111111111111111111111 v2_f1_v0)) #b11111111111111111111111111111111))
(not (bvsmulo #b11111111111111111111111111111111 v5_v0))
(not (bvssubo #b00000000000000000000000000000010 v2_f0_v1))
(not (bvssubo (bvmul #b11111111111111111111111111111111 v5_v0) (bvsub #b00000000000000000000000000000010 v2_f0_v1)))
(not (bvssubo (bvsub (bvmul #b11111111111111111111111111111111 v5_v0) (bvsub #b00000000000000000000000000000010 v2_f0_v1)) #b11111111111111111111111111111111))
(let ((_let0 (ite (= #b11111111111111111111111111111111 #b00000000000000000000000000000000) #b00000000000000000000000000000001 #b00000000000000000000000000000000))) (bvsle (bvadd (bvadd _let0 (ite (= #b00000000000000000000000000000010 #b00000000000000000000000000000000) #b00000000000000000000000000000001 #b00000000000000000000000000000000)) _let0) #b00000000000000000000000000000001))
(= v7_v2 (bvsub (bvsub (bvmul #b11111111111111111111111111111111 v5_v0) (bvsub #b00000000000000000000000000000010 v2_f0_v1)) #b11111111111111111111111111111111))
(not (bvssubo #b11111111111111111111111111111111 v7_v2))
(not (bvsaddo (bvsdiv #b11111111111111111111111111111111 v2_f1_v0) (bvsub #b11111111111111111111111111111111 v7_v2)))
(distinct v0_v0 #b00000000000000000000000000000000)
(not (bvsdivo #b11111111111111111111111111111111 v0_v0))
(not (bvsaddo (bvadd (bvsdiv #b11111111111111111111111111111111 v2_f1_v0) (bvsub #b11111111111111111111111111111111 v7_v2)) (bvsdiv #b11111111111111111111111111111111 v0_v0)))
(not (bvsaddo (bvadd (bvadd (bvsdiv #b11111111111111111111111111111111 v2_f1_v0) (bvsub #b11111111111111111111111111111111 v7_v2)) (bvsdiv #b11111111111111111111111111111111 v0_v0)) #b11111111111111111111111111111111))
(not (= (bvadd (bvadd (bvadd (bvsdiv #b11111111111111111111111111111111 v2_f1_v0) (bvsub #b11111111111111111111111111111111 v7_v2)) (bvsdiv #b11111111111111111111111111111111 v0_v0)) #b11111111111111111111111111111111) #b00000000000000000000000000000000))
(distinct v6_f1_v0 #b00000000000000000000000000000000)
(not (bvsdivo #b11111111111111111111111111111111 v6_f1_v0))
(not (bvssubo (bvsdiv #b11111111111111111111111111111111 v6_f1_v0) (bvsdiv #b11111111111111111111111111111111 v3_v0)))
(not (bvssubo (bvsub (bvsdiv #b11111111111111111111111111111111 v6_f1_v0) (bvsdiv #b11111111111111111111111111111111 v3_v0)) #b00000000000000000000000000000001))
(= v3_v1 (bvsub (bvsub (bvsdiv #b11111111111111111111111111111111 v6_f1_v0) (bvsdiv #b11111111111111111111111111111111 v3_v0)) #b00000000000000000000000000000001))
(distinct v5_v0 #b00000000000000000000000000000000)
(not (bvsdivo #b11111111111111111111111111111111 v5_v0))
(not (bvssubo #b11111111111111111111111111111111 v6_f0_el2_v0))
(not (bvsaddo (bvsrem #b11111111111111111111111111111111 v5_v0) (bvsub #b11111111111111111111111111111111 v6_f0_el2_v0)))
(not (bvsaddo (bvadd (bvsrem #b11111111111111111111111111111111 v5_v0) (bvsub #b11111111111111111111111111111111 v6_f0_el2_v0)) #b11111111111111111111111111111111))
(= v4_v1 (bvadd (bvadd (bvsrem #b11111111111111111111111111111111 v5_v0) (bvsub #b11111111111111111111111111111111 v6_f0_el2_v0)) #b11111111111111111111111111111111))
(bvsle (bvadd (bvadd (bvadd (bvadd (bvadd (bvadd (ite (= (ite (distinct v0_v0 #b11111111111111111111111111111111) #b00000000000000000000000000000001 #b00000000000000000000000000000000) #b00000000000000000000000000000000) #b00000000000000000000000000000001 #b00000000000000000000000000000000) (ite (= (ite (distinct v1_v0 #b11111111111111111111111111111111) #b00000000000000000000000000000001 #b00000000000000000000000000000000) #b00000000000000000000000000000000) #b00000000000000000000000000000001 #b00000000000000000000000000000000)) (ite (= (ite (distinct v2_f0_v0 #b11111111111111111111111111111111) #b00000000000000000000000000000001 #b00000000000000000000000000000000) #b00000000000000000000000000000000) #b00000000000000000000000000000001 #b00000000000000000000000000000000)) (ite (= (ite (distinct v2_f1_v0 #b11111111111111111111111111111111) #b00000000000000000000000000000001 #b00000000000000000000000000000000) #b00000000000000000000000000000000) #b00000000000000000000000000000001 #b00000000000000000000000000000000)) (ite (= (ite (distinct v3_v0 #b11111111111111111111111111111111) #b00000000000000000000000000000001 #b00000000000000000000000000000000) #b00000000000000000000000000000000) #b00000000000000000000000000000001 #b00000000000000000000000000000000)) (ite (= (ite (distinct v4_v0 #b11111111111111111111111111111111) #b00000000000000000000000000000001 #b00000000000000000000000000000000) #b00000000000000000000000000000000) #b00000000000000000000000000000001 #b00000000000000000000000000000000)) (ite (= (ite (distinct v5_v0 #b11111111111111111111111111111111) #b00000000000000000000000000000001 #b00000000000000000000000000000000) #b00000000000000000000000000000000) #b00000000000000000000000000000001 #b00000000000000000000000000000000)) #b00000000000000000000000000000011)
```
Constraint stats: asserted=51 addCalls=59 skippedTrue=0 deduped=8 ensureInRangeCalls=69 boundedAlready=0 uniqueConstraintIds=51 uniqueBoundedIds=0 (solverAsserted=0)
Bitwuzla check_sat time: 41ms
Bitwuzla statistics: preprocess::contradicting_ands::num_substs=0 preprocess::contradicting_ands::time_apply=0ms preprocess::elim_extract::num_elim=0 preprocess::elim_extract::time_apply=0ms preprocess::elim_lambda::time_apply=0ms preprocess::elim_udiv::num_eliminated=0 preprocess::elim_udiv::time_apply=0ms preprocess::embedded_constraints::num_substs=4 preprocess::embedded_constraints::time_apply=0ms preprocess::flatten_and::num_assertions=16 preprocess::flatten_and::num_flattened=8 preprocess::flatten_and::time_apply=0ms preprocess::lambda::num_elim=0 preprocess::normalize::num_common_normalizations=0 preprocess::normalize::num_normalizations=34 preprocess::normalize::num_normalized_assertions=0 preprocess::normalize::num_pass1=0 preprocess::normalize::num_pass2=0 preprocess::normalize::time_adder_chains=0ms preprocess::normalize::time_apply=5ms preprocess::normalize::time_compute_occs=0ms preprocess::normalize::time_normalize_add=0ms preprocess::normalize::time_normalize_mul=0ms preprocess::normalize::time_score=3ms preprocess::rewrite::time_apply=1ms preprocess::skeleton_preproc::cnf::clauses=135 preprocess::skeleton_preproc::cnf::lits=271 preprocess::skeleton_preproc::new_assertions=0 preprocess::skeleton_preproc::resets=1 preprocess::skeleton_preproc::time_apply=0ms preprocess::skeleton_preproc::time_encode=0ms preprocess::skeleton_preproc::time_fixed=0ms preprocess::skeleton_preproc::time_sat=0ms preprocess::uninterpreted::num_substs=0 preprocess::uninterpreted::time_apply=0ms preprocess::varsubst::normalize_bv_ineq::num_slt=0 preprocess::varsubst::normalize_bv_ineq::num_ult=0 preprocess::varsubst::normalize_eq::num_bv_concat=0 preprocess::varsubst::normalize_eq::num_gauss_elim=0 preprocess::varsubst::normalize_eq::num_linear_eq=0 preprocess::varsubst::num_substs=11 preprocess::varsubst::time_apply=0ms preprocess::varsubst::time_direct_cycle_check=0ms preprocess::varsubst::time_find_substitution=0ms preprocess::varsubst::time_find_vars=0ms preprocess::varsubst::time_register=0ms preprocess::varsubst::time_remove_cycles=0ms preprocess::varsubst::time_substitute=0ms preprocessor::num_iterations=2 preprocessor::time_preprocess=8ms preprocessor::time_process=0ms rewriter::(normalize)::num_evals=0 rewriter::(normalize)::num_rewrites=128 rewriter::(normalize)::rewrite::BV_ADD_CONST=10 rewriter::(normalize)::rewrite::BV_ADD_EVAL=6 rewriter::(normalize)::rewrite::BV_ADD_SPECIAL_CONST=12 rewriter::(normalize)::rewrite::BV_MUL_EVAL=1 rewriter::(normalize)::rewrite::BV_MUL_ONES=8 rewriter::(normalize)::rewrite::BV_NEG_ELIM=8 rewriter::(normalize)::rewrite::BV_NOT_BV_NOT=15 rewriter::(normalize)::rewrite::NORMALIZE_COMM=68 rewriter::num_evals=0 rewriter::num_rewrites=832 rewriter::rewrite::AND_EVAL=1 rewriter::rewrite::AND_SPECIAL_CONST=69 rewriter::rewrite::BV_ADD_CONST=9 rewriter::rewrite::BV_ADD_EVAL=11 rewriter::rewrite::BV_ADD_ITE2=14 rewriter::rewrite::BV_ADD_SPECIAL_CONST=19 rewriter::rewrite::BV_AND_EVAL=1 rewriter::rewrite::BV_AND_SPECIAL_CONST=93 rewriter::rewrite::BV_CONCAT_EVAL=2 rewriter::rewrite::BV_EXTRACT_EVAL=37 rewriter::rewrite::BV_EXTRACT_FULL=3 rewriter::rewrite::BV_MUL_ONES=6 rewriter::rewrite::BV_NEG_ELIM=24 rewriter::rewrite::BV_NOT_BV_NEG=2 rewriter::rewrite::BV_NOT_BV_NOT=40 rewriter::rewrite::BV_NOT_EVAL=5 rewriter::rewrite::BV_OR_ELIM=4 rewriter::rewrite::BV_SADDO_ELIM=10 rewriter::rewrite::BV_SDIVO_ELIM=5 rewriter::rewrite::BV_SDIV_ELIM=4 rewriter::rewrite::BV_SIGN_EXTEND_ELIM=8 rewriter::rewrite::BV_SLE_ELIM=4 rewriter::rewrite::BV_SLT_EVAL=2 rewriter::rewrite::BV_SMULO_ELIM=3 rewriter::rewrite::BV_SREM_ELIM=3 rewriter::rewrite::BV_SSUBO_ELIM=10 rewriter::rewrite::BV_SUB_ELIM=10 rewriter::rewrite::BV_UDIV_EVAL=1 rewriter::rewrite::BV_XOR_EVAL=1 rewriter::rewrite::BV_XOR_SPECIAL_CONST=4 rewriter::rewrite::DISTINCT_ELIM=12 rewriter::rewrite::EQUAL_CONST_BV_ADD=1 rewriter::rewrite::EQUAL_CONST_BV_NOT=4 rewriter::rewrite::EQUAL_EVAL=12 rewriter::rewrite::EQUAL_ITE_SAME=7 rewriter::rewrite::EQUAL_SPECIAL_CONST=3 rewriter::rewrite::EQUAL_TRUE=6 rewriter::rewrite::ITE_EVAL=11 rewriter::rewrite::NORMALIZE_COMM=297 rewriter::rewrite::NOT_EQUAL_BV1_BOOL=19 rewriter::rewrite::NOT_EVAL=1 rewriter::rewrite::NOT_NOT=27 rewriter::rewrite::OR_ELIM=27 solver::abstract::num_checks=1 solver::abstract::terms::total=0 solver::abstract::time_check=0ms solver::array::equalities=0 solver::array::num_checks=0 solver::array::propagations=0 solver::array::propagations_down=0 solver::array::propagations_up=0 solver::array::selects=0 solver::array::time_check=0ms solver::bv::bitblast::aig::num_ands=38604 solver::bv::bitblast::aig::num_consts=224 solver::bv::bitblast::aig::num_shared=29622 solver::bv::bitblast::aig::time_bitblast=5ms solver::bv::bitblast::cnf::num_clauses=93888 solver::bv::bitblast::cnf::num_literals=229736 solver::bv::bitblast::cnf::num_vars=30160 solver::bv::bitblast::cnf::time_encode=22ms solver::bv::bitblast::sat::time_solve=4ms solver::bv::num_assertions=34 solver::bv::num_checks=1 solver::bv::time_check=26ms solver::engine::lemmas::abstr=0 solver::engine::lemmas::array=0 solver::engine::lemmas::fp=0 solver::engine::lemmas::fun=0 solver::engine::lemmas::quant=0 solver::engine::lemmas::total=0 solver::engine::time_register_term=0ms solver::engine::time_solve=32ms solver::fun::num_checks=1 solver::fun::time_check=0ms solver::quant::mbqi_checks=0 solver::quant::num_lemma_iterations=0 solver::quant::num_lemmas=0 solver::quant::time_check=0ms solver::quant::time_mbqi=0ms solver::quant::time_process=0ms solving_context::max_memory=73211904 solving_context::time_ensure_model=0ms solving_context::time_solve=41ms
SAT
Extract initialization: param=v0, value=1
Extract initialization: param=v1, value=0
Extract initialization: param=v2, value=0
Extract initialization: param=v2, value=1
Extract initialization: param=v3, value=1
Extract initialization: param=v4, value=0
Extract initialization: param=v5, value=1
Extract finalization: param=v0, value=1
Extract finalization: param=v1, value=-4
Extract finalization: param=v2, value=-1
Extract finalization: param=v2, value=1
Extract finalization: param=v3, value=1
Extract finalization: param=v4, value=-1
Extract finalization: param=v5, value=1
------SymExec: Iteration 2----------------------------------------------
Final constraints: 
```
(bvsle (bvadd (bvadd (bvadd (bvadd (bvadd (bvadd (ite (= v0_v0 #b00000000000000000000000000000000) #b00000000000000000000000000000001 #b00000000000000000000000000000000) (ite (= v1_v0 #b00000000000000000000000000000000) #b00000000000000000000000000000001 #b00000000000000000000000000000000)) (ite (= v2_f0_v0 #b00000000000000000000000000000000) #b00000000000000000000000000000001 #b00000000000000000000000000000000)) (ite (= v2_f1_v0 #b00000000000000000000000000000000) #b00000000000000000000000000000001 #b00000000000000000000000000000000)) (ite (= v3_v0 #b00000000000000000000000000000000) #b00000000000000000000000000000001 #b00000000000000000000000000000000)) (ite (= v4_v0 #b00000000000000000000000000000000) #b00000000000000000000000000000001 #b00000000000000000000000000000000)) (ite (= v5_v0 #b00000000000000000000000000000000) #b00000000000000000000000000000001 #b00000000000000000000000000000000)) #b00000000000000000000000000000011)
(= v6_f0_el0_v0 #b11111111111111111111111111111111)
(= v6_f0_el1_v0 #b11111111111111111111111111111111)
(= v6_f0_el2_v0 #b11111111111111111111111111111111)
(= v6_f1_v0 #b11111111111111111111111111111111)
(let ((_let0 (ite (= #b11111111111111111111111111111111 #b00000000000000000000000000000000) #b00000000000000000000000000000001 #b00000000000000000000000000000000))) (bvsle (bvadd (bvadd (bvadd _let0 _let0) _let0) _let0) #b00000000000000000000000000000010))
(= v7_v0 #b00000000000000000000000000000000)
(not (bvsmulo #b11111111111111111111111111111111 v2_f0_v0))
(not (bvsmulo #b11111111111111111111111111111111 v6_f1_v0))
(not (bvssubo (bvmul #b11111111111111111111111111111111 v2_f0_v0) (bvmul #b11111111111111111111111111111111 v6_f1_v0)))
(not (bvssubo (bvsub (bvmul #b11111111111111111111111111111111 v2_f0_v0) (bvmul #b11111111111111111111111111111111 v6_f1_v0)) #b00000000000000000000000000000001))
(let ((_let0 (ite (= #b11111111111111111111111111111111 #b00000000000000000000000000000000) #b00000000000000000000000000000001 #b00000000000000000000000000000000))) (bvsle (bvadd (bvadd _let0 _let0) (ite (= #b00000000000000000000000000000001 #b00000000000000000000000000000000) #b00000000000000000000000000000001 #b00000000000000000000000000000000)) #b00000000000000000000000000000001))
(= v7_v1 (bvsub (bvsub (bvmul #b11111111111111111111111111111111 v2_f0_v0) (bvmul #b11111111111111111111111111111111 v6_f1_v0)) #b00000000000000000000000000000001))
(not (bvsaddo #b11111111111111111111111111111111 v1_v0))
(not (bvssubo #b11111111111111111111111111111111 v5_v0))
(not (bvsaddo (bvadd #b11111111111111111111111111111111 v1_v0) (bvsub #b11111111111111111111111111111111 v5_v0)))
(not (bvsaddo (bvadd (bvadd #b11111111111111111111111111111111 v1_v0) (bvsub #b11111111111111111111111111111111 v5_v0)) #b11111111111111111111111111111111))
(let ((_let0 (ite (= #b11111111111111111111111111111111 #b00000000000000000000000000000000) #b00000000000000000000000000000001 #b00000000000000000000000000000000))) (bvsle (bvadd (bvadd _let0 _let0) _let0) #b00000000000000000000000000000001))
(= v1_v1 (bvadd (bvadd (bvadd #b11111111111111111111111111111111 v1_v0) (bvsub #b11111111111111111111111111111111 v5_v0)) #b11111111111111111111111111111111))
(distinct v3_v0 #b00000000000000000000000000000000)
(not (bvsdivo #b11111111111111111111111111111111 v3_v0))
(distinct v2_f1_v0 #b00000000000000000000000000000000)
(not (bvsdivo #b11111111111111111111111111111111 v2_f1_v0))
(not (bvsaddo (bvsrem #b11111111111111111111111111111111 v3_v0) (bvsrem #b11111111111111111111111111111111 v2_f1_v0)))
(not (bvsaddo (bvadd (bvsrem #b11111111111111111111111111111111 v3_v0) (bvsrem #b11111111111111111111111111111111 v2_f1_v0)) #b11111111111111111111111111111111))
(= v2_f0_v1 (bvadd (bvadd (bvsrem #b11111111111111111111111111111111 v3_v0) (bvsrem #b11111111111111111111111111111111 v2_f1_v0)) #b11111111111111111111111111111111))
(not (bvsmulo #b11111111111111111111111111111111 v5_v0))
(not (bvssubo #b00000000000000000000000000000010 v2_f0_v1))
(not (bvssubo (bvmul #b11111111111111111111111111111111 v5_v0) (bvsub #b00000000000000000000000000000010 v2_f0_v1)))
(not (bvssubo (bvsub (bvmul #b11111111111111111111111111111111 v5_v0) (bvsub #b00000000000000000000000000000010 v2_f0_v1)) #b11111111111111111111111111111111))
(let ((_let0 (ite (= #b11111111111111111111111111111111 #b00000000000000000000000000000000) #b00000000000000000000000000000001 #b00000000000000000000000000000000))) (bvsle (bvadd (bvadd _let0 (ite (= #b00000000000000000000000000000010 #b00000000000000000000000000000000) #b00000000000000000000000000000001 #b00000000000000000000000000000000)) _let0) #b00000000000000000000000000000001))
(= v7_v2 (bvsub (bvsub (bvmul #b11111111111111111111111111111111 v5_v0) (bvsub #b00000000000000000000000000000010 v2_f0_v1)) #b11111111111111111111111111111111))
(not (bvssubo #b11111111111111111111111111111111 v7_v2))
(not (bvsaddo (bvsdiv #b11111111111111111111111111111111 v2_f1_v0) (bvsub #b11111111111111111111111111111111 v7_v2)))
(distinct v0_v0 #b00000000000000000000000000000000)
(not (bvsdivo #b11111111111111111111111111111111 v0_v0))
(not (bvsaddo (bvadd (bvsdiv #b11111111111111111111111111111111 v2_f1_v0) (bvsub #b11111111111111111111111111111111 v7_v2)) (bvsdiv #b11111111111111111111111111111111 v0_v0)))
(not (bvsaddo (bvadd (bvadd (bvsdiv #b11111111111111111111111111111111 v2_f1_v0) (bvsub #b11111111111111111111111111111111 v7_v2)) (bvsdiv #b11111111111111111111111111111111 v0_v0)) #b11111111111111111111111111111111))
(not (= (bvadd (bvadd (bvadd (bvsdiv #b11111111111111111111111111111111 v2_f1_v0) (bvsub #b11111111111111111111111111111111 v7_v2)) (bvsdiv #b11111111111111111111111111111111 v0_v0)) #b11111111111111111111111111111111) #b00000000000000000000000000000000))
(distinct v6_f1_v0 #b00000000000000000000000000000000)
(not (bvsdivo #b11111111111111111111111111111111 v6_f1_v0))
(not (bvssubo (bvsdiv #b11111111111111111111111111111111 v6_f1_v0) (bvsdiv #b11111111111111111111111111111111 v3_v0)))
(not (bvssubo (bvsub (bvsdiv #b11111111111111111111111111111111 v6_f1_v0) (bvsdiv #b11111111111111111111111111111111 v3_v0)) #b00000000000000000000000000000001))
(= v3_v1 (bvsub (bvsub (bvsdiv #b11111111111111111111111111111111 v6_f1_v0) (bvsdiv #b11111111111111111111111111111111 v3_v0)) #b00000000000000000000000000000001))
(distinct v5_v0 #b00000000000000000000000000000000)
(not (bvsdivo #b11111111111111111111111111111111 v5_v0))
(not (bvssubo #b11111111111111111111111111111111 v6_f0_el2_v0))
(not (bvsaddo (bvsrem #b11111111111111111111111111111111 v5_v0) (bvsub #b11111111111111111111111111111111 v6_f0_el2_v0)))
(not (bvsaddo (bvadd (bvsrem #b11111111111111111111111111111111 v5_v0) (bvsub #b11111111111111111111111111111111 v6_f0_el2_v0)) #b11111111111111111111111111111111))
(= v4_v1 (bvadd (bvadd (bvsrem #b11111111111111111111111111111111 v5_v0) (bvsub #b11111111111111111111111111111111 v6_f0_el2_v0)) #b11111111111111111111111111111111))
(bvsle (bvadd (bvadd (bvadd (bvadd (bvadd (bvadd (ite (= (ite (distinct v0_v0 #b11111111111111111111111111111111) #b00000000000000000000000000000001 #b00000000000000000000000000000000) #b00000000000000000000000000000000) #b00000000000000000000000000000001 #b00000000000000000000000000000000) (ite (= (ite (distinct v1_v0 #b11111111111111111111111111111111) #b00000000000000000000000000000001 #b00000000000000000000000000000000) #b00000000000000000000000000000000) #b00000000000000000000000000000001 #b00000000000000000000000000000000)) (ite (= (ite (distinct v2_f0_v0 #b11111111111111111111111111111111) #b00000000000000000000000000000001 #b00000000000000000000000000000000) #b00000000000000000000000000000000) #b00000000000000000000000000000001 #b00000000000000000000000000000000)) (ite (= (ite (distinct v2_f1_v0 #b11111111111111111111111111111111) #b00000000000000000000000000000001 #b00000000000000000000000000000000) #b00000000000000000000000000000000) #b00000000000000000000000000000001 #b00000000000000000000000000000000)) (ite (= (ite (distinct v3_v0 #b11111111111111111111111111111111) #b00000000000000000000000000000001 #b00000000000000000000000000000000) #b00000000000000000000000000000000) #b00000000000000000000000000000001 #b00000000000000000000000000000000)) (ite (= (ite (distinct v4_v0 #b11111111111111111111111111111111) #b00000000000000000000000000000001 #b00000000000000000000000000000000) #b00000000000000000000000000000000) #b00000000000000000000000000000001 #b00000000000000000000000000000000)) (ite (= (ite (distinct v5_v0 #b11111111111111111111111111111111) #b00000000000000000000000000000001 #b00000000000000000000000000000000) #b00000000000000000000000000000000) #b00000000000000000000000000000001 #b00000000000000000000000000000000)) #b00000000000000000000000000000011)
(bvsle (bvadd (bvadd (bvadd (bvadd (bvadd (bvadd (ite (= (ite (distinct v0_v0 #b00000000000000000000000000000001) #b00000000000000000000000000000001 #b00000000000000000000000000000000) #b00000000000000000000000000000000) #b00000000000000000000000000000001 #b00000000000000000000000000000000) (ite (= (ite (distinct v1_v0 #b00000000000000000000000000000000) #b00000000000000000000000000000001 #b00000000000000000000000000000000) #b00000000000000000000000000000000) #b00000000000000000000000000000001 #b00000000000000000000000000000000)) (ite (= (ite (distinct v2_f0_v0 #b00000000000000000000000000000000) #b00000000000000000000000000000001 #b00000000000000000000000000000000) #b00000000000000000000000000000000) #b00000000000000000000000000000001 #b00000000000000000000000000000000)) (ite (= (ite (distinct v2_f1_v0 #b00000000000000000000000000000001) #b00000000000000000000000000000001 #b00000000000000000000000000000000) #b00000000000000000000000000000000) #b00000000000000000000000000000001 #b00000000000000000000000000000000)) (ite (= (ite (distinct v3_v0 #b00000000000000000000000000000001) #b00000000000000000000000000000001 #b00000000000000000000000000000000) #b00000000000000000000000000000000) #b00000000000000000000000000000001 #b00000000000000000000000000000000)) (ite (= (ite (distinct v4_v0 #b00000000000000000000000000000000) #b00000000000000000000000000000001 #b00000000000000000000000000000000) #b00000000000000000000000000000000) #b00000000000000000000000000000001 #b00000000000000000000000000000000)) (ite (= (ite (distinct v5_v0 #b00000000000000000000000000000001) #b00000000000000000000000000000001 #b00000000000000000000000000000000) #b00000000000000000000000000000000) #b00000000000000000000000000000001 #b00000000000000000000000000000000)) #b00000000000000000000000000000011)
```
Constraint stats: asserted=52 addCalls=60 skippedTrue=0 deduped=8 ensureInRangeCalls=69 boundedAlready=0 uniqueConstraintIds=52 uniqueBoundedIds=0 (solverAsserted=51)
Bitwuzla check_sat time: 5ms
Bitwuzla statistics: preprocess::contradicting_ands::num_substs=0 preprocess::contradicting_ands::time_apply=0ms preprocess::elim_extract::num_elim=0 preprocess::elim_extract::time_apply=0ms preprocess::elim_lambda::time_apply=0ms preprocess::elim_udiv::num_eliminated=0 preprocess::elim_udiv::time_apply=0ms preprocess::embedded_constraints::num_substs=4 preprocess::embedded_constraints::time_apply=0ms preprocess::flatten_and::num_assertions=16 preprocess::flatten_and::num_flattened=8 preprocess::flatten_and::time_apply=0ms preprocess::lambda::num_elim=0 preprocess::normalize::num_common_normalizations=0 preprocess::normalize::num_normalizations=34 preprocess::normalize::num_normalized_assertions=0 preprocess::normalize::num_pass1=0 preprocess::normalize::num_pass2=0 preprocess::normalize::time_adder_chains=0ms preprocess::normalize::time_apply=5ms preprocess::normalize::time_compute_occs=0ms preprocess::normalize::time_normalize_add=0ms preprocess::normalize::time_normalize_mul=0ms preprocess::normalize::time_score=3ms preprocess::rewrite::time_apply=1ms preprocess::skeleton_preproc::cnf::clauses=135 preprocess::skeleton_preproc::cnf::lits=271 preprocess::skeleton_preproc::new_assertions=0 preprocess::skeleton_preproc::resets=1 preprocess::skeleton_preproc::time_apply=0ms preprocess::skeleton_preproc::time_encode=0ms preprocess::skeleton_preproc::time_fixed=0ms preprocess::skeleton_preproc::time_sat=0ms preprocess::uninterpreted::num_substs=0 preprocess::uninterpreted::time_apply=0ms preprocess::varsubst::normalize_bv_ineq::num_slt=0 preprocess::varsubst::normalize_bv_ineq::num_ult=0 preprocess::varsubst::normalize_eq::num_bv_concat=0 preprocess::varsubst::normalize_eq::num_gauss_elim=0 preprocess::varsubst::normalize_eq::num_linear_eq=0 preprocess::varsubst::num_substs=11 preprocess::varsubst::time_apply=0ms preprocess::varsubst::time_direct_cycle_check=0ms preprocess::varsubst::time_find_substitution=0ms preprocess::varsubst::time_find_vars=0ms preprocess::varsubst::time_register=0ms preprocess::varsubst::time_remove_cycles=0ms preprocess::varsubst::time_substitute=0ms preprocessor::num_iterations=3 preprocessor::time_preprocess=8ms preprocessor::time_process=0ms rewriter::(normalize)::num_evals=0 rewriter::(normalize)::num_rewrites=128 rewriter::(normalize)::rewrite::BV_ADD_CONST=10 rewriter::(normalize)::rewrite::BV_ADD_EVAL=6 rewriter::(normalize)::rewrite::BV_ADD_SPECIAL_CONST=12 rewriter::(normalize)::rewrite::BV_MUL_EVAL=1 rewriter::(normalize)::rewrite::BV_MUL_ONES=8 rewriter::(normalize)::rewrite::BV_NEG_ELIM=8 rewriter::(normalize)::rewrite::BV_NOT_BV_NOT=15 rewriter::(normalize)::rewrite::NORMALIZE_COMM=68 rewriter::num_evals=0 rewriter::num_rewrites=926 rewriter::rewrite::AND_EVAL=1 rewriter::rewrite::AND_SPECIAL_CONST=76 rewriter::rewrite::BV_ADD_CONST=12 rewriter::rewrite::BV_ADD_EVAL=17 rewriter::rewrite::BV_ADD_ITE2=21 rewriter::rewrite::BV_ADD_SPECIAL_CONST=27 rewriter::rewrite::BV_AND_EVAL=1 rewriter::rewrite::BV_AND_SPECIAL_CONST=93 rewriter::rewrite::BV_CONCAT_EVAL=2 rewriter::rewrite::BV_EXTRACT_EVAL=38 rewriter::rewrite::BV_EXTRACT_FULL=3 rewriter::rewrite::BV_MUL_ONES=6 rewriter::rewrite::BV_NEG_ELIM=24 rewriter::rewrite::BV_NOT_BV_NEG=2 rewriter::rewrite::BV_NOT_BV_NOT=40 rewriter::rewrite::BV_NOT_EVAL=7 rewriter::rewrite::BV_OR_ELIM=4 rewriter::rewrite::BV_SADDO_ELIM=10 rewriter::rewrite::BV_SDIVO_ELIM=5 rewriter::rewrite::BV_SDIV_ELIM=4 rewriter::rewrite::BV_SIGN_EXTEND_ELIM=8 rewriter::rewrite::BV_SLE_ELIM=5 rewriter::rewrite::BV_SLT_EVAL=2 rewriter::rewrite::BV_SMULO_ELIM=3 rewriter::rewrite::BV_SREM_ELIM=3 rewriter::rewrite::BV_SSUBO_ELIM=10 rewriter::rewrite::BV_SUB_ELIM=10 rewriter::rewrite::BV_UDIV_EVAL=2 rewriter::rewrite::BV_XOR_EVAL=1 rewriter::rewrite::BV_XOR_SPECIAL_CONST=4 rewriter::rewrite::DISTINCT_ELIM=19 rewriter::rewrite::EQUAL_CONST_BV_ADD=1 rewriter::rewrite::EQUAL_CONST_BV_NOT=4 rewriter::rewrite::EQUAL_EVAL=15 rewriter::rewrite::EQUAL_ITE_SAME=14 rewriter::rewrite::EQUAL_SPECIAL_CONST=3 rewriter::rewrite::EQUAL_TRUE=6 rewriter::rewrite::ITE_EVAL=13 rewriter::rewrite::NORMALIZE_COMM=321 rewriter::rewrite::NOT_EQUAL_BV1_BOOL=19 rewriter::rewrite::NOT_EVAL=2 rewriter::rewrite::NOT_NOT=34 rewriter::rewrite::OR_ELIM=34 solver::abstract::num_checks=2 solver::abstract::terms::total=0 solver::abstract::time_check=0ms solver::array::equalities=0 solver::array::num_checks=0 solver::array::propagations=0 solver::array::propagations_down=0 solver::array::propagations_up=0 solver::array::selects=0 solver::array::time_check=0ms solver::bv::bitblast::aig::num_ands=38726 solver::bv::bitblast::aig::num_consts=224 solver::bv::bitblast::aig::num_shared=29742 solver::bv::bitblast::aig::time_bitblast=5ms solver::bv::bitblast::cnf::num_clauses=94140 solver::bv::bitblast::cnf::num_literals=230343 solver::bv::bitblast::cnf::num_vars=30236 solver::bv::bitblast::cnf::time_encode=22ms solver::bv::bitblast::sat::time_solve=9ms solver::bv::num_assertions=35 solver::bv::num_checks=2 solver::bv::time_check=32ms solver::engine::lemmas::abstr=0 solver::engine::lemmas::array=0 solver::engine::lemmas::fp=0 solver::engine::lemmas::fun=0 solver::engine::lemmas::quant=0 solver::engine::lemmas::total=0 solver::engine::time_register_term=0ms solver::engine::time_solve=38ms solver::fun::num_checks=2 solver::fun::time_check=0ms solver::quant::mbqi_checks=0 solver::quant::num_lemma_iterations=0 solver::quant::num_lemmas=0 solver::quant::time_check=0ms solver::quant::time_mbqi=0ms solver::quant::time_process=0ms solving_context::max_memory=73211904 solving_context::time_ensure_model=0ms solving_context::time_solve=47ms
SAT
Extract initialization: param=v0, value=-2
Extract initialization: param=v1, value=-2
Extract initialization: param=v2, value=-1
Extract initialization: param=v2, value=-1
Extract initialization: param=v3, value=-6
Extract initialization: param=v4, value=-1
Extract initialization: param=v5, value=1
Extract finalization: param=v0, value=-2
Extract finalization: param=v1, value=-6
Extract finalization: param=v2, value=-2
Extract finalization: param=v2, value=-1
Extract finalization: param=v3, value=0
Extract finalization: param=v4, value=-1
Extract finalization: param=v5, value=1
