----FunPlus: Generate Function func_0g6z1t_113------------------------------------------------
------GraphPlus::Generate----------------------------------------------
Randomly generating a graph with 15 nodes
------CfgSketch::GenerateReduLoop----------------------------------------------
--------GraphPlus::Generate--------------------------------------------
Randomly generating a graph with 4 nodes
Removing cycles from the generated graph
Started replacing bimpo #12 (successors=[6]) with a reducible loop of size=5
Updated 2 bimpos' indices by +4 if it is behind #12 in our unflattened CFG
Updated 3 bimpos' successors by +4 if it is behind #12 in our flattened CFG
Updated the successors of the loop's latch to [12, 16]
Updated the successors of the loop's exit to [6]
Constructed the basic blocks of the newly inserted loop
Inserted all the loop's basic blocks into the flattened CFG
------CfgSketch: Unflattened CFG Sketch----------------------------------------------
Bimpo: type=0, id=0, size=1, start=0
Bimpo: type=0, id=1, size=1, start=1
Bimpo: type=0, id=2, size=1, start=2
Bimpo: type=0, id=3, size=1, start=3
Bimpo: type=0, id=4, size=1, start=4
Bimpo: type=0, id=5, size=1, start=5
Bimpo: type=0, id=6, size=1, start=6
Bimpo: type=0, id=7, size=1, start=7
Bimpo: type=0, id=8, size=1, start=8
Bimpo: type=0, id=9, size=1, start=9
Bimpo: type=0, id=10, size=1, start=10
Bimpo: type=0, id=11, size=1, start=11
Bimpo: type=1, id=12, size=5, start=12
Bimpo: type=0, id=13, size=1, start=17
Bimpo: type=0, id=14, size=1, start=18
------CfgSketch: Flattened CFG Sketch----------------------------------------------
Block: 0 -> [1, 9]
Block: 1 -> [6, 10]
Block: 2 -> [3]
Block: 3 -> [6, 10]
Block: 4 -> [5, 8]
Block: 5 -> [11, 17]
Block: 6 -> [4, 7]
Block: 7 -> [12, 18]
Block: 8 -> [4]
Block: 9 -> [11, 18]
Block: 10 -> [8]
Block: 11 -> [1]
Block: 12 -> [14, 15]
Block: 13 -> [14, 15]
Block: 14 -> [15]
Block: 15 -> [12, 16]
Block: 16 -> [6]
Block: 17 -> [4]
Block: 18 -> []
------FunPlus: Generate Block #0----------------------------------------------
Generate assignment: 5 <- 1, 4
Generate assignment: 6 <- 2, 4
Generate conditional: 5, 6, 2
------FunPlus: Generate Block #1----------------------------------------------
Generate assignment: 5 <- 2, 6
Generate assignment: 6 <- 3, 6
Generate conditional: 5, 6, 0
------FunPlus: Generate Block #2----------------------------------------------
Generate assignment: 1 <- 3, 4
Generate assignment: 6 <- 7, 5
------FunPlus: Generate Block #3----------------------------------------------
Generate assignment: 7 <- 4, 6
Generate assignment: 2 <- 0, 7
Generate conditional: 7, 2, 0
------FunPlus: Generate Block #4----------------------------------------------
Generate assignment: 4 <- 5, 1
Generate assignment: 3 <- 6, 5
Generate conditional: 4, 3, 1
------FunPlus: Generate Block #5----------------------------------------------
Generate assignment: 7 <- 1, 0
Generate assignment: 5 <- 0, 2
Generate conditional: 7, 5, 0
------FunPlus: Generate Block #6----------------------------------------------
Generate assignment: 6 <- 0, 6
Generate assignment: 5 <- 4, 3
Generate conditional: 6, 5, 4
------FunPlus: Generate Block #7----------------------------------------------
Generate assignment: 5 <- 1, 5
Generate assignment: 1 <- 5, 3
Generate conditional: 5, 1, 6
------FunPlus: Generate Block #8----------------------------------------------
Generate assignment: 5 <- 7, 0
Generate assignment: 1 <- 5, 4
------FunPlus: Generate Block #9----------------------------------------------
Generate assignment: 1 <- 6, 4
Generate assignment: 6 <- 4, 5
Generate conditional: 1, 6, 4
------FunPlus: Generate Block #10----------------------------------------------
Generate assignment: 7 <- 6, 1
Generate assignment: 3 <- 1, 7
------FunPlus: Generate Block #11----------------------------------------------
Generate assignment: 2 <- 1, 6
Generate assignment: 0 <- 0, 6
------FunPlus: Generate Block #12----------------------------------------------
Generate assignment: 3 <- 3, 6
Generate assignment: 7 <- 2, 7
Generate conditional: 3, 7, 1
------FunPlus: Generate Block #13----------------------------------------------
Generate assignment: 5 <- 5, 0
Generate assignment: 0 <- 0, 4
Generate conditional: 5, 0, 7
------FunPlus: Generate Block #14----------------------------------------------
Generate assignment: 2 <- 0, 5
Generate assignment: 5 <- 2, 1
------FunPlus: Generate Block #15----------------------------------------------
Generate assignment: 6 <- 1, 5
Generate assignment: 3 <- 0, 4
Generate conditional: 6, 3, 4
------FunPlus: Generate Block #16----------------------------------------------
Generate assignment: 7 <- 5, 6
Generate assignment: 0 <- 2, 6
------FunPlus: Generate Block #17----------------------------------------------
Generate assignment: 3 <- 0, 2
Generate assignment: 5 <- 3, 0
------FunPlus: Generate Block #18----------------------------------------------
Generate assignment: 0 <- 7, 2
Generate assignment: 2 <- 4, 2
----SymExec: Solve------------------------------------------------
Execution Path: 0->9->18
------SymExec: Iteration 0----------------------------------------------
Generating or re-generating UB-free constraints
Initial constraints: 
```
(bvsle (bvadd (bvadd (bvadd (bvadd (bvadd (ite (= v0_v0 #b00000000000000000000000000000000) #b00000000000000000000000000000001 #b00000000000000000000000000000000) (ite (= v1_v0 #b00000000000000000000000000000000) #b00000000000000000000000000000001 #b00000000000000000000000000000000)) (ite (= v2_v0 #b00000000000000000000000000000000) #b00000000000000000000000000000001 #b00000000000000000000000000000000)) (ite (= v3_v0 #b00000000000000000000000000000000) #b00000000000000000000000000000001 #b00000000000000000000000000000000)) (ite (= v4_v0 #b00000000000000000000000000000000) #b00000000000000000000000000000001 #b00000000000000000000000000000000)) (ite (= v5_v0 #b00000000000000000000000000000000) #b00000000000000000000000000000001 #b00000000000000000000000000000000)) #b00000000000000000000000000000011)
```
Final constraints: 
```
(bvsle (bvadd (bvadd (bvadd (bvadd (bvadd (ite (= v0_v0 #b00000000000000000000000000000000) #b00000000000000000000000000000001 #b00000000000000000000000000000000) (ite (= v1_v0 #b00000000000000000000000000000000) #b00000000000000000000000000000001 #b00000000000000000000000000000000)) (ite (= v2_v0 #b00000000000000000000000000000000) #b00000000000000000000000000000001 #b00000000000000000000000000000000)) (ite (= v3_v0 #b00000000000000000000000000000000) #b00000000000000000000000000000001 #b00000000000000000000000000000000)) (ite (= v4_v0 #b00000000000000000000000000000000) #b00000000000000000000000000000001 #b00000000000000000000000000000000)) (ite (= v5_v0 #b00000000000000000000000000000000) #b00000000000000000000000000000001 #b00000000000000000000000000000000)) #b00000000000000000000000000000011)
(= v6_v0 init_var6)
(= v7_v0 init_var7)
(distinct v1_v0 #b00000000000000000000000000000000)
(not (bvsdivo a0_0_1 v1_v0))
(not (bvsaddo a0_0_2 v4_v0))
(not (bvssubo (bvsrem a0_0_1 v1_v0) (bvadd a0_0_2 v4_v0)))
(not (bvssubo (bvsub (bvsrem a0_0_1 v1_v0) (bvadd a0_0_2 v4_v0)) a0_0))
(bvsle (bvadd (bvadd (ite (= a0_0_1 #b00000000000000000000000000000000) #b00000000000000000000000000000001 #b00000000000000000000000000000000) (ite (= a0_0_2 #b00000000000000000000000000000000) #b00000000000000000000000000000001 #b00000000000000000000000000000000)) (ite (= a0_0 #b00000000000000000000000000000000) #b00000000000000000000000000000001 #b00000000000000000000000000000000)) #b00000000000000000000000000000001)
(= v5_v1 (bvsub (bvsub (bvsrem a0_0_1 v1_v0) (bvadd a0_0_2 v4_v0)) a0_0))
(distinct v2_v0 #b00000000000000000000000000000000)
(not (bvsdivo a0_1_1 v2_v0))
(not (bvsmulo a0_1_2 v4_v0))
(not (bvssubo (bvsdiv a0_1_1 v2_v0) (bvmul a0_1_2 v4_v0)))
(not (bvssubo (bvsub (bvsdiv a0_1_1 v2_v0) (bvmul a0_1_2 v4_v0)) a0_1))
(bvsle (bvadd (bvadd (ite (= a0_1_1 #b00000000000000000000000000000000) #b00000000000000000000000000000001 #b00000000000000000000000000000000) (ite (= a0_1_2 #b00000000000000000000000000000000) #b00000000000000000000000000000001 #b00000000000000000000000000000000)) (ite (= a0_1 #b00000000000000000000000000000000) #b00000000000000000000000000000001 #b00000000000000000000000000000000)) #b00000000000000000000000000000001)
(= v6_v1 (bvsub (bvsub (bvsdiv a0_1_1 v2_v0) (bvmul a0_1_2 v4_v0)) a0_1))
(distinct v5_v1 #b00000000000000000000000000000000)
(not (bvsdivo b0_2_1 v5_v1))
(distinct v6_v1 #b00000000000000000000000000000000)
(not (bvsdivo b0_2_2 v6_v1))
(not (bvssubo (bvsrem b0_2_1 v5_v1) (bvsrem b0_2_2 v6_v1)))
(not (bvsmulo b0_2_3 v2_v0))
(not (bvssubo (bvsub (bvsrem b0_2_1 v5_v1) (bvsrem b0_2_2 v6_v1)) (bvmul b0_2_3 v2_v0)))
(not (bvssubo (bvsub (bvsub (bvsrem b0_2_1 v5_v1) (bvsrem b0_2_2 v6_v1)) (bvmul b0_2_3 v2_v0)) b0_2))
(bvsle (bvadd (bvadd (bvadd (ite (= b0_2_1 #b00000000000000000000000000000000) #b00000000000000000000000000000001 #b00000000000000000000000000000000) (ite (= b0_2_2 #b00000000000000000000000000000000) #b00000000000000000000000000000001 #b00000000000000000000000000000000)) (ite (= b0_2_3 #b00000000000000000000000000000000) #b00000000000000000000000000000001 #b00000000000000000000000000000000)) (ite (= b0_2 #b00000000000000000000000000000000) #b00000000000000000000000000000001 #b00000000000000000000000000000000)) #b00000000000000000000000000000010)
(not (bvsgt (bvsub (bvsub (bvsub (bvsrem b0_2_1 v5_v1) (bvsrem b0_2_2 v6_v1)) (bvmul b0_2_3 v2_v0)) b0_2) #b00000000000000000000000000000000))
(not (bvsaddo a9_0_1 v6_v1))
(not (bvsmulo a9_0_2 v4_v0))
(not (bvssubo (bvadd a9_0_1 v6_v1) (bvmul a9_0_2 v4_v0)))
(not (bvssubo (bvsub (bvadd a9_0_1 v6_v1) (bvmul a9_0_2 v4_v0)) a9_0))
(bvsle (bvadd (bvadd (ite (= a9_0_1 #b00000000000000000000000000000000) #b00000000000000000000000000000001 #b00000000000000000000000000000000) (ite (= a9_0_2 #b00000000000000000000000000000000) #b00000000000000000000000000000001 #b00000000000000000000000000000000)) (ite (= a9_0 #b00000000000000000000000000000000) #b00000000000000000000000000000001 #b00000000000000000000000000000000)) #b00000000000000000000000000000001)
(= v1_v1 (bvsub (bvsub (bvadd a9_0_1 v6_v1) (bvmul a9_0_2 v4_v0)) a9_0))
(not (bvsaddo a9_1_1 v4_v0))
(not (bvsdivo a9_1_2 v5_v1))
(not (bvssubo (bvadd a9_1_1 v4_v0) (bvsrem a9_1_2 v5_v1)))
(not (bvssubo (bvsub (bvadd a9_1_1 v4_v0) (bvsrem a9_1_2 v5_v1)) a9_1))
(bvsle (bvadd (bvadd (ite (= a9_1_1 #b00000000000000000000000000000000) #b00000000000000000000000000000001 #b00000000000000000000000000000000) (ite (= a9_1_2 #b00000000000000000000000000000000) #b00000000000000000000000000000001 #b00000000000000000000000000000000)) (ite (= a9_1 #b00000000000000000000000000000000) #b00000000000000000000000000000001 #b00000000000000000000000000000000)) #b00000000000000000000000000000001)
(= v6_v2 (bvsub (bvsub (bvadd a9_1_1 v4_v0) (bvsrem a9_1_2 v5_v1)) a9_1))
(not (bvsaddo b9_2_1 v1_v1))
(not (bvsmulo b9_2_2 v6_v2))
(not (bvssubo (bvadd b9_2_1 v1_v1) (bvmul b9_2_2 v6_v2)))
(not (bvsmulo b9_2_3 v4_v0))
(not (bvssubo (bvsub (bvadd b9_2_1 v1_v1) (bvmul b9_2_2 v6_v2)) (bvmul b9_2_3 v4_v0)))
(not (bvssubo (bvsub (bvsub (bvadd b9_2_1 v1_v1) (bvmul b9_2_2 v6_v2)) (bvmul b9_2_3 v4_v0)) b9_2))
(bvsle (bvadd (bvadd (bvadd (ite (= b9_2_1 #b00000000000000000000000000000000) #b00000000000000000000000000000001 #b00000000000000000000000000000000) (ite (= b9_2_2 #b00000000000000000000000000000000) #b00000000000000000000000000000001 #b00000000000000000000000000000000)) (ite (= b9_2_3 #b00000000000000000000000000000000) #b00000000000000000000000000000001 #b00000000000000000000000000000000)) (ite (= b9_2 #b00000000000000000000000000000000) #b00000000000000000000000000000001 #b00000000000000000000000000000000)) #b00000000000000000000000000000010)
(not (bvslt (bvsub (bvsub (bvsub (bvadd b9_2_1 v1_v1) (bvmul b9_2_2 v6_v2)) (bvmul b9_2_3 v4_v0)) b9_2) #b00000000000000000000000000000000))
(not (bvsmulo a18_0_1 v7_v0))
(not (bvssubo a18_0_2 v2_v0))
(not (bvsaddo (bvmul a18_0_1 v7_v0) (bvsub a18_0_2 v2_v0)))
(not (bvsaddo (bvadd (bvmul a18_0_1 v7_v0) (bvsub a18_0_2 v2_v0)) a18_0))
(bvsle (bvadd (bvadd (ite (= a18_0_1 #b00000000000000000000000000000000) #b00000000000000000000000000000001 #b00000000000000000000000000000000) (ite (= a18_0_2 #b00000000000000000000000000000000) #b00000000000000000000000000000001 #b00000000000000000000000000000000)) (ite (= a18_0 #b00000000000000000000000000000000) #b00000000000000000000000000000001 #b00000000000000000000000000000000)) #b00000000000000000000000000000001)
(= v0_v1 (bvadd (bvadd (bvmul a18_0_1 v7_v0) (bvsub a18_0_2 v2_v0)) a18_0))
(distinct v4_v0 #b00000000000000000000000000000000)
(not (bvsdivo a18_1_1 v4_v0))
(not (bvsdivo a18_1_2 v2_v0))
(not (bvsaddo (bvsdiv a18_1_1 v4_v0) (bvsdiv a18_1_2 v2_v0)))
(not (bvsaddo (bvadd (bvsdiv a18_1_1 v4_v0) (bvsdiv a18_1_2 v2_v0)) a18_1))
(bvsle (bvadd (bvadd (ite (= a18_1_1 #b00000000000000000000000000000000) #b00000000000000000000000000000001 #b00000000000000000000000000000000) (ite (= a18_1_2 #b00000000000000000000000000000000) #b00000000000000000000000000000001 #b00000000000000000000000000000000)) (ite (= a18_1 #b00000000000000000000000000000000) #b00000000000000000000000000000001 #b00000000000000000000000000000000)) #b00000000000000000000000000000001)
(= v2_v1 (bvadd (bvadd (bvsdiv a18_1_1 v4_v0) (bvsdiv a18_1_2 v2_v0)) a18_1))
```
Optimized constraints: 
```
(bvsle (bvadd (bvadd (bvadd (bvadd (bvadd (ite (= v0_v0 #b00000000000000000000000000000000) #b00000000000000000000000000000001 #b00000000000000000000000000000000) (ite (= v1_v0 #b00000000000000000000000000000000) #b00000000000000000000000000000001 #b00000000000000000000000000000000)) (ite (= v2_v0 #b00000000000000000000000000000000) #b00000000000000000000000000000001 #b00000000000000000000000000000000)) (ite (= v3_v0 #b00000000000000000000000000000000) #b00000000000000000000000000000001 #b00000000000000000000000000000000)) (ite (= v4_v0 #b00000000000000000000000000000000) #b00000000000000000000000000000001 #b00000000000000000000000000000000)) (ite (= v5_v0 #b00000000000000000000000000000000) #b00000000000000000000000000000001 #b00000000000000000000000000000000)) #b00000000000000000000000000000011)
(= v6_v0 init_var6)
(= v7_v0 init_var7)
(distinct v1_v0 #b00000000000000000000000000000000)
(not (bvsdivo a0_0_1 v1_v0))
(not (bvsaddo a0_0_2 v4_v0))
(not (bvssubo (bvsrem a0_0_1 v1_v0) (bvadd a0_0_2 v4_v0)))
(not (bvssubo (bvsub (bvsrem a0_0_1 v1_v0) (bvadd a0_0_2 v4_v0)) a0_0))
(bvsle (bvadd (bvadd (ite (= a0_0_1 #b00000000000000000000000000000000) #b00000000000000000000000000000001 #b00000000000000000000000000000000) (ite (= a0_0_2 #b00000000000000000000000000000000) #b00000000000000000000000000000001 #b00000000000000000000000000000000)) (ite (= a0_0 #b00000000000000000000000000000000) #b00000000000000000000000000000001 #b00000000000000000000000000000000)) #b00000000000000000000000000000001)
(= v5_v1 (bvsub (bvsub (bvsrem a0_0_1 v1_v0) (bvadd a0_0_2 v4_v0)) a0_0))
(distinct v2_v0 #b00000000000000000000000000000000)
(not (bvsdivo a0_1_1 v2_v0))
(not (bvsmulo a0_1_2 v4_v0))
(not (bvssubo (bvsdiv a0_1_1 v2_v0) (bvmul a0_1_2 v4_v0)))
(not (bvssubo (bvsub (bvsdiv a0_1_1 v2_v0) (bvmul a0_1_2 v4_v0)) a0_1))
(bvsle (bvadd (bvadd (ite (= a0_1_1 #b00000000000000000000000000000000) #b00000000000000000000000000000001 #b00000000000000000000000000000000) (ite (= a0_1_2 #b00000000000000000000000000000000) #b00000000000000000000000000000001 #b00000000000000000000000000000000)) (ite (= a0_1 #b00000000000000000000000000000000) #b00000000000000000000000000000001 #b00000000000000000000000000000000)) #b00000000000000000000000000000001)
(= v6_v1 (bvsub (bvsub (bvsdiv a0_1_1 v2_v0) (bvmul a0_1_2 v4_v0)) a0_1))
(distinct v5_v1 #b00000000000000000000000000000000)
(not (bvsdivo b0_2_1 v5_v1))
(distinct v6_v1 #b00000000000000000000000000000000)
(not (bvsdivo b0_2_2 v6_v1))
(not (bvssubo (bvsrem b0_2_1 v5_v1) (bvsrem b0_2_2 v6_v1)))
(not (bvsmulo b0_2_3 v2_v0))
(not (bvssubo (bvsub (bvsrem b0_2_1 v5_v1) (bvsrem b0_2_2 v6_v1)) (bvmul b0_2_3 v2_v0)))
(not (bvssubo (bvsub (bvsub (bvsrem b0_2_1 v5_v1) (bvsrem b0_2_2 v6_v1)) (bvmul b0_2_3 v2_v0)) b0_2))
(bvsle (bvadd (bvadd (bvadd (ite (= b0_2_1 #b00000000000000000000000000000000) #b00000000000000000000000000000001 #b00000000000000000000000000000000) (ite (= b0_2_2 #b00000000000000000000000000000000) #b00000000000000000000000000000001 #b00000000000000000000000000000000)) (ite (= b0_2_3 #b00000000000000000000000000000000) #b00000000000000000000000000000001 #b00000000000000000000000000000000)) (ite (= b0_2 #b00000000000000000000000000000000) #b00000000000000000000000000000001 #b00000000000000000000000000000000)) #b00000000000000000000000000000010)
(not (bvsgt (bvsub (bvsub (bvsub (bvsrem b0_2_1 v5_v1) (bvsrem b0_2_2 v6_v1)) (bvmul b0_2_3 v2_v0)) b0_2) #b00000000000000000000000000000000))
(not (bvsaddo a9_0_1 v6_v1))
(not (bvsmulo a9_0_2 v4_v0))
(not (bvssubo (bvadd a9_0_1 v6_v1) (bvmul a9_0_2 v4_v0)))
(not (bvssubo (bvsub (bvadd a9_0_1 v6_v1) (bvmul a9_0_2 v4_v0)) a9_0))
(bvsle (bvadd (bvadd (ite (= a9_0_1 #b00000000000000000000000000000000) #b00000000000000000000000000000001 #b00000000000000000000000000000000) (ite (= a9_0_2 #b00000000000000000000000000000000) #b00000000000000000000000000000001 #b00000000000000000000000000000000)) (ite (= a9_0 #b00000000000000000000000000000000) #b00000000000000000000000000000001 #b00000000000000000000000000000000)) #b00000000000000000000000000000001)
(= v1_v1 (bvsub (bvsub (bvadd a9_0_1 v6_v1) (bvmul a9_0_2 v4_v0)) a9_0))
(not (bvsaddo a9_1_1 v4_v0))
(not (bvsdivo a9_1_2 v5_v1))
(not (bvssubo (bvadd a9_1_1 v4_v0) (bvsrem a9_1_2 v5_v1)))
(not (bvssubo (bvsub (bvadd a9_1_1 v4_v0) (bvsrem a9_1_2 v5_v1)) a9_1))
(bvsle (bvadd (bvadd (ite (= a9_1_1 #b00000000000000000000000000000000) #b00000000000000000000000000000001 #b00000000000000000000000000000000) (ite (= a9_1_2 #b00000000000000000000000000000000) #b00000000000000000000000000000001 #b00000000000000000000000000000000)) (ite (= a9_1 #b00000000000000000000000000000000) #b00000000000000000000000000000001 #b00000000000000000000000000000000)) #b00000000000000000000000000000001)
(= v6_v2 (bvsub (bvsub (bvadd a9_1_1 v4_v0) (bvsrem a9_1_2 v5_v1)) a9_1))
(not (bvsaddo b9_2_1 v1_v1))
(not (bvsmulo b9_2_2 v6_v2))
(not (bvssubo (bvadd b9_2_1 v1_v1) (bvmul b9_2_2 v6_v2)))
(not (bvsmulo b9_2_3 v4_v0))
(not (bvssubo (bvsub (bvadd b9_2_1 v1_v1) (bvmul b9_2_2 v6_v2)) (bvmul b9_2_3 v4_v0)))
(not (bvssubo (bvsub (bvsub (bvadd b9_2_1 v1_v1) (bvmul b9_2_2 v6_v2)) (bvmul b9_2_3 v4_v0)) b9_2))
(bvsle (bvadd (bvadd (bvadd (ite (= b9_2_1 #b00000000000000000000000000000000) #b00000000000000000000000000000001 #b00000000000000000000000000000000) (ite (= b9_2_2 #b00000000000000000000000000000000) #b00000000000000000000000000000001 #b00000000000000000000000000000000)) (ite (= b9_2_3 #b00000000000000000000000000000000) #b00000000000000000000000000000001 #b00000000000000000000000000000000)) (ite (= b9_2 #b00000000000000000000000000000000) #b00000000000000000000000000000001 #b00000000000000000000000000000000)) #b00000000000000000000000000000010)
(not (bvslt (bvsub (bvsub (bvsub (bvadd b9_2_1 v1_v1) (bvmul b9_2_2 v6_v2)) (bvmul b9_2_3 v4_v0)) b9_2) #b00000000000000000000000000000000))
(not (bvsmulo a18_0_1 v7_v0))
(not (bvssubo a18_0_2 v2_v0))
(not (bvsaddo (bvmul a18_0_1 v7_v0) (bvsub a18_0_2 v2_v0)))
(not (bvsaddo (bvadd (bvmul a18_0_1 v7_v0) (bvsub a18_0_2 v2_v0)) a18_0))
(bvsle (bvadd (bvadd (ite (= a18_0_1 #b00000000000000000000000000000000) #b00000000000000000000000000000001 #b00000000000000000000000000000000) (ite (= a18_0_2 #b00000000000000000000000000000000) #b00000000000000000000000000000001 #b00000000000000000000000000000000)) (ite (= a18_0 #b00000000000000000000000000000000) #b00000000000000000000000000000001 #b00000000000000000000000000000000)) #b00000000000000000000000000000001)
(= v0_v1 (bvadd (bvadd (bvmul a18_0_1 v7_v0) (bvsub a18_0_2 v2_v0)) a18_0))
(distinct v4_v0 #b00000000000000000000000000000000)
(not (bvsdivo a18_1_1 v4_v0))
(not (bvsdivo a18_1_2 v2_v0))
(not (bvsaddo (bvsdiv a18_1_1 v4_v0) (bvsdiv a18_1_2 v2_v0)))
(not (bvsaddo (bvadd (bvsdiv a18_1_1 v4_v0) (bvsdiv a18_1_2 v2_v0)) a18_1))
(bvsle (bvadd (bvadd (ite (= a18_1_1 #b00000000000000000000000000000000) #b00000000000000000000000000000001 #b00000000000000000000000000000000) (ite (= a18_1_2 #b00000000000000000000000000000000) #b00000000000000000000000000000001 #b00000000000000000000000000000000)) (ite (= a18_1 #b00000000000000000000000000000000) #b00000000000000000000000000000001 #b00000000000000000000000000000000)) #b00000000000000000000000000000001)
(= v2_v1 (bvadd (bvadd (bvsdiv a18_1_1 v4_v0) (bvsdiv a18_1_2 v2_v0)) a18_1))
```
Constraint stats: asserted=60 addCalls=62 skippedTrue=0 deduped=2 ensureInRangeCalls=60 boundedAlready=0 uniqueConstraintIds=60 uniqueBoundedIds=0 (solverAsserted=0)
Bitwuzla check_sat time: 344ms
Bitwuzla statistics: preprocess::contradicting_ands::num_substs=0 preprocess::contradicting_ands::time_apply=0ms preprocess::elim_extract::num_elim=0 preprocess::elim_extract::time_apply=0ms preprocess::elim_lambda::time_apply=0ms preprocess::elim_udiv::num_eliminated=0 preprocess::elim_udiv::time_apply=0ms preprocess::embedded_constraints::num_substs=3 preprocess::embedded_constraints::time_apply=1ms preprocess::flatten_and::num_assertions=232 preprocess::flatten_and::num_flattened=203 preprocess::flatten_and::time_apply=0ms preprocess::lambda::num_elim=0 preprocess::normalize::num_common_normalizations=14 preprocess::normalize::num_normalizations=108 preprocess::normalize::num_normalized_assertions=0 preprocess::normalize::num_pass1=0 preprocess::normalize::num_pass2=0 preprocess::normalize::time_adder_chains=3ms preprocess::normalize::time_apply=104ms preprocess::normalize::time_compute_occs=1ms preprocess::normalize::time_normalize_add=1ms preprocess::normalize::time_normalize_mul=0ms preprocess::normalize::time_score=94ms preprocess::rewrite::time_apply=6ms preprocess::skeleton_preproc::cnf::clauses=556 preprocess::skeleton_preproc::cnf::lits=952 preprocess::skeleton_preproc::new_assertions=0 preprocess::skeleton_preproc::resets=1 preprocess::skeleton_preproc::time_apply=1ms preprocess::skeleton_preproc::time_encode=1ms preprocess::skeleton_preproc::time_fixed=0ms preprocess::skeleton_preproc::time_sat=0ms preprocess::uninterpreted::num_substs=0 preprocess::uninterpreted::time_apply=0ms preprocess::varsubst::normalize_bv_ineq::num_slt=0 preprocess::varsubst::normalize_bv_ineq::num_ult=0 preprocess::varsubst::normalize_eq::num_bv_concat=0 preprocess::varsubst::normalize_eq::num_gauss_elim=9 preprocess::varsubst::normalize_eq::num_linear_eq=9 preprocess::varsubst::num_substs=8 preprocess::varsubst::time_apply=2ms preprocess::varsubst::time_direct_cycle_check=0ms preprocess::varsubst::time_find_substitution=0ms preprocess::varsubst::time_find_vars=0ms preprocess::varsubst::time_register=0ms preprocess::varsubst::time_remove_cycles=0ms preprocess::varsubst::time_substitute=1ms preprocessor::num_iterations=2 preprocessor::time_preprocess=117ms preprocessor::time_process=0ms rewriter::(normalize)::num_evals=0 rewriter::(normalize)::num_rewrites=404 rewriter::(normalize)::rewrite::BV_ADD_SPECIAL_CONST=34 rewriter::(normalize)::rewrite::BV_MUL_EVAL=3 rewriter::(normalize)::rewrite::BV_MUL_NEG=3 rewriter::(normalize)::rewrite::BV_MUL_ONES=20 rewriter::(normalize)::rewrite::BV_NEG_ELIM=23 rewriter::(normalize)::rewrite::BV_NOT_BV_NOT=54 rewriter::(normalize)::rewrite::NORMALIZE_COMM=265 rewriter::(normalize)::rewrite::NORM_FACT_BV_ADD_MUL=2 rewriter::eval::BV_MUL_EVAL=8 rewriter::eval::BV_NEG_EVAL=5 rewriter::eval::BV_SHL_EVAL=8 rewriter::eval::EQUAL_EVAL=11 rewriter::eval::IMPLIES_EVAL=1 rewriter::num_evals=33 rewriter::num_rewrites=2400 rewriter::rewrite::BV_ADD_EVAL=2 rewriter::rewrite::BV_ADD_ITE2=33 rewriter::rewrite::BV_ADD_SPECIAL_CONST=33 rewriter::rewrite::BV_EXTRACT_ADD_MUL=13 rewriter::rewrite::BV_EXTRACT_CONCAT=3 rewriter::rewrite::BV_EXTRACT_CONCAT_LHS_RHS=2 rewriter::rewrite::BV_EXTRACT_EVAL=4 rewriter::rewrite::BV_EXTRACT_EXTRACT=3 rewriter::rewrite::BV_EXTRACT_FULL=12 rewriter::rewrite::BV_MUL_ONE=8 rewriter::rewrite::BV_MUL_POW2=8 rewriter::rewrite::BV_NEG_ELIM=50 rewriter::rewrite::BV_NOT_BV_NOT=461 rewriter::rewrite::BV_NOT_EVAL=2 rewriter::rewrite::BV_OR_ELIM=354 rewriter::rewrite::BV_SADDO_ELIM=8 rewriter::rewrite::BV_SDIVO_ELIM=7 rewriter::rewrite::BV_SDIV_ELIM=3 rewriter::rewrite::BV_SGT_ELIM=1 rewriter::rewrite::BV_SHL_CONST=10 rewriter::rewrite::BV_SHL_SPECIAL_CONST=7 rewriter::rewrite::BV_SIGN_EXTEND_ELIM=20 rewriter::rewrite::BV_SLE_ELIM=9 rewriter::rewrite::BV_SMULO_ELIM=6 rewriter::rewrite::BV_SREM_ELIM=4 rewriter::rewrite::BV_SSUBO_ELIM=15 rewriter::rewrite::BV_SUB_ELIM=23 rewriter::rewrite::DISTINCT_ELIM=5 rewriter::rewrite::EQUAL_BV_SUB=14 rewriter::rewrite::EQUAL_CONST_BV_NOT=186 rewriter::rewrite::EQUAL_SPECIAL_CONST=12 rewriter::rewrite::EQUAL_TRUE=4 rewriter::rewrite::IMPLIES_ELIM=11 rewriter::rewrite::ITE_EVAL=4 rewriter::rewrite::NORMALIZE_COMM=965 rewriter::rewrite::NOT_EQUAL_BV1_BOOL=52 rewriter::rewrite::NOT_NOT=23 rewriter::rewrite::OR_ELIM=23 solver::abstract::lemmas::MUL_NEG_POW2=8 solver::abstract::lemmas::MUL_POW2=3 solver::abstract::num_checks=3 solver::abstract::terms::BV_MUL=6 solver::abstract::terms::total=6 solver::abstract::time_check=2ms solver::array::equalities=0 solver::array::num_checks=0 solver::array::propagations=0 solver::array::propagations_down=0 solver::array::propagations_up=0 solver::array::selects=0 solver::array::time_check=0ms solver::bv::bitblast::aig::num_ands=103636 solver::bv::bitblast::aig::num_consts=1254 solver::bv::bitblast::aig::num_shared=14103 solver::bv::bitblast::aig::time_bitblast=12ms solver::bv::bitblast::cnf::num_clauses=266079 solver::bv::bitblast::cnf::num_literals=642552 solver::bv::bitblast::cnf::num_vars=86893 solver::bv::bitblast::cnf::time_encode=79ms solver::bv::bitblast::sat::time_solve=129ms solver::bv::num_assertions=271 solver::bv::num_checks=3 solver::bv::time_check=209ms solver::engine::lemmas::abstr=11 solver::engine::lemmas::array=0 solver::engine::lemmas::fp=0 solver::engine::lemmas::fun=0 solver::engine::lemmas::quant=0 solver::engine::lemmas::total=11 solver::engine::time_register_term=0ms solver::engine::time_solve=226ms solver::fun::num_checks=1 solver::fun::time_check=0ms solver::quant::mbqi_checks=0 solver::quant::num_lemma_iterations=0 solver::quant::num_lemmas=0 solver::quant::time_check=0ms solver::quant::time_mbqi=0ms solver::quant::time_process=0ms solving_context::max_memory=79527936 solving_context::time_ensure_model=0ms solving_context::time_solve=344ms
SAT
Extract symbols: sym=init_var6, value=0
Extract symbols: sym=init_var7, value=-1
Extract symbols: sym=a0_0_1, value=-1
Extract symbols: sym=a0_0_2, value=-1
Extract symbols: sym=a0_0, value=-1
Extract symbols: sym=a0_1_1, value=-1
Extract symbols: sym=a0_1_2, value=-1
Extract symbols: sym=a0_1, value=8
Extract symbols: sym=b0_2_1, value=-1
Extract symbols: sym=b0_2_2, value=-1
Extract symbols: sym=b0_2_3, value=-1
Extract symbols: sym=b0_2, value=2147483647
Extract symbols: sym=a1_0_1, value=<unresolved>
Extract symbols: sym=a1_0_2, value=<unresolved>
Extract symbols: sym=a1_0, value=<unresolved>
Extract symbols: sym=a1_1_1, value=<unresolved>
Extract symbols: sym=a1_1_2, value=<unresolved>
Extract symbols: sym=a1_1, value=<unresolved>
Extract symbols: sym=b1_2_1, value=<unresolved>
Extract symbols: sym=b1_2_2, value=<unresolved>
Extract symbols: sym=b1_2_3, value=<unresolved>
Extract symbols: sym=b1_2, value=<unresolved>
Extract symbols: sym=a2_0_1, value=<unresolved>
Extract symbols: sym=a2_0_2, value=<unresolved>
Extract symbols: sym=a2_0, value=<unresolved>
Extract symbols: sym=a2_1_1, value=<unresolved>
Extract symbols: sym=a2_1_2, value=<unresolved>
Extract symbols: sym=a2_1, value=<unresolved>
Extract symbols: sym=a3_0_1, value=<unresolved>
Extract symbols: sym=a3_0_2, value=<unresolved>
Extract symbols: sym=a3_0, value=<unresolved>
Extract symbols: sym=a3_1_1, value=<unresolved>
Extract symbols: sym=a3_1_2, value=<unresolved>
Extract symbols: sym=a3_1, value=<unresolved>
Extract symbols: sym=b3_2_1, value=<unresolved>
Extract symbols: sym=b3_2_2, value=<unresolved>
Extract symbols: sym=b3_2_3, value=<unresolved>
Extract symbols: sym=b3_2, value=<unresolved>
Extract symbols: sym=a4_0_1, value=<unresolved>
Extract symbols: sym=a4_0_2, value=<unresolved>
Extract symbols: sym=a4_0, value=<unresolved>
Extract symbols: sym=a4_1_1, value=<unresolved>
Extract symbols: sym=a4_1_2, value=<unresolved>
Extract symbols: sym=a4_1, value=<unresolved>
Extract symbols: sym=b4_2_1, value=<unresolved>
Extract symbols: sym=b4_2_2, value=<unresolved>
Extract symbols: sym=b4_2_3, value=<unresolved>
Extract symbols: sym=b4_2, value=<unresolved>
Extract symbols: sym=a5_0_1, value=<unresolved>
Extract symbols: sym=a5_0_2, value=<unresolved>
Extract symbols: sym=a5_0, value=<unresolved>
Extract symbols: sym=a5_1_1, value=<unresolved>
Extract symbols: sym=a5_1_2, value=<unresolved>
Extract symbols: sym=a5_1, value=<unresolved>
Extract symbols: sym=b5_2_1, value=<unresolved>
Extract symbols: sym=b5_2_2, value=<unresolved>
Extract symbols: sym=b5_2_3, value=<unresolved>
Extract symbols: sym=b5_2, value=<unresolved>
Extract symbols: sym=a6_0_1, value=<unresolved>
Extract symbols: sym=a6_0_2, value=<unresolved>
Extract symbols: sym=a6_0, value=<unresolved>
Extract symbols: sym=a6_1_1, value=<unresolved>
Extract symbols: sym=a6_1_2, value=<unresolved>
Extract symbols: sym=a6_1, value=<unresolved>
Extract symbols: sym=b6_2_1, value=<unresolved>
Extract symbols: sym=b6_2_2, value=<unresolved>
Extract symbols: sym=b6_2_3, value=<unresolved>
Extract symbols: sym=b6_2, value=<unresolved>
Extract symbols: sym=a7_0_1, value=<unresolved>
Extract symbols: sym=a7_0_2, value=<unresolved>
Extract symbols: sym=a7_0, value=<unresolved>
Extract symbols: sym=a7_1_1, value=<unresolved>
Extract symbols: sym=a7_1_2, value=<unresolved>
Extract symbols: sym=a7_1, value=<unresolved>
Extract symbols: sym=b7_2_1, value=<unresolved>
Extract symbols: sym=b7_2_2, value=<unresolved>
Extract symbols: sym=b7_2_3, value=<unresolved>
Extract symbols: sym=b7_2, value=<unresolved>
Extract symbols: sym=a8_0_1, value=<unresolved>
Extract symbols: sym=a8_0_2, value=<unresolved>
Extract symbols: sym=a8_0, value=<unresolved>
Extract symbols: sym=a8_1_1, value=<unresolved>
Extract symbols: sym=a8_1_2, value=<unresolved>
Extract symbols: sym=a8_1, value=<unresolved>
Extract symbols: sym=a9_0_1, value=-1
Extract symbols: sym=a9_0_2, value=-1
Extract symbols: sym=a9_0, value=-1
Extract symbols: sym=a9_1_1, value=-1
Extract symbols: sym=a9_1_2, value=-1
Extract symbols: sym=a9_1, value=3
Extract symbols: sym=b9_2_1, value=-1
Extract symbols: sym=b9_2_2, value=-1
Extract symbols: sym=b9_2_3, value=-1
Extract symbols: sym=b9_2, value=-1
Extract symbols: sym=a10_0_1, value=<unresolved>
Extract symbols: sym=a10_0_2, value=<unresolved>
Extract symbols: sym=a10_0, value=<unresolved>
Extract symbols: sym=a10_1_1, value=<unresolved>
Extract symbols: sym=a10_1_2, value=<unresolved>
Extract symbols: sym=a10_1, value=<unresolved>
Extract symbols: sym=a11_0_1, value=<unresolved>
Extract symbols: sym=a11_0_2, value=<unresolved>
Extract symbols: sym=a11_0, value=<unresolved>
Extract symbols: sym=a11_1_1, value=<unresolved>
Extract symbols: sym=a11_1_2, value=<unresolved>
Extract symbols: sym=a11_1, value=<unresolved>
Extract symbols: sym=a12_0_1, value=<unresolved>
Extract symbols: sym=a12_0_2, value=<unresolved>
Extract symbols: sym=a12_0, value=<unresolved>
Extract symbols: sym=a12_1_1, value=<unresolved>
Extract symbols: sym=a12_1_2, value=<unresolved>
Extract symbols: sym=a12_1, value=<unresolved>
Extract symbols: sym=b12_2_1, value=<unresolved>
Extract symbols: sym=b12_2_2, value=<unresolved>
Extract symbols: sym=b12_2_3, value=<unresolved>
Extract symbols: sym=b12_2, value=<unresolved>
Extract symbols: sym=a13_0_1, value=<unresolved>
Extract symbols: sym=a13_0_2, value=<unresolved>
Extract symbols: sym=a13_0, value=<unresolved>
Extract symbols: sym=a13_1_1, value=<unresolved>
Extract symbols: sym=a13_1_2, value=<unresolved>
Extract symbols: sym=a13_1, value=<unresolved>
Extract symbols: sym=b13_2_1, value=<unresolved>
Extract symbols: sym=b13_2_2, value=<unresolved>
Extract symbols: sym=b13_2_3, value=<unresolved>
Extract symbols: sym=b13_2, value=<unresolved>
Extract symbols: sym=a14_0_1, value=<unresolved>
Extract symbols: sym=a14_0_2, value=<unresolved>
Extract symbols: sym=a14_0, value=<unresolved>
Extract symbols: sym=a14_1_1, value=<unresolved>
Extract symbols: sym=a14_1_2, value=<unresolved>
Extract symbols: sym=a14_1, value=<unresolved>
Extract symbols: sym=a15_0_1, value=<unresolved>
Extract symbols: sym=a15_0_2, value=<unresolved>
Extract symbols: sym=a15_0, value=<unresolved>
Extract symbols: sym=a15_1_1, value=<unresolved>
Extract symbols: sym=a15_1_2, value=<unresolved>
Extract symbols: sym=a15_1, value=<unresolved>
Extract symbols: sym=b15_2_1, value=<unresolved>
Extract symbols: sym=b15_2_2, value=<unresolved>
Extract symbols: sym=b15_2_3, value=<unresolved>
Extract symbols: sym=b15_2, value=<unresolved>
Extract symbols: sym=a16_0_1, value=<unresolved>
Extract symbols: sym=a16_0_2, value=<unresolved>
Extract symbols: sym=a16_0, value=<unresolved>
Extract symbols: sym=a16_1_1, value=<unresolved>
Extract symbols: sym=a16_1_2, value=<unresolved>
Extract symbols: sym=a16_1, value=<unresolved>
Extract symbols: sym=a17_0_1, value=<unresolved>
Extract symbols: sym=a17_0_2, value=<unresolved>
Extract symbols: sym=a17_0, value=<unresolved>
Extract symbols: sym=a17_1_1, value=<unresolved>
Extract symbols: sym=a17_1_2, value=<unresolved>
Extract symbols: sym=a17_1, value=<unresolved>
Extract symbols: sym=a18_0_1, value=-1
Extract symbols: sym=a18_0_2, value=-1
Extract symbols: sym=a18_0, value=-1
Extract symbols: sym=a18_1_1, value=-1
Extract symbols: sym=a18_1_2, value=-1
Extract symbols: sym=a18_1, value=-1
--------IntUBInject: Inject Int UBs to Block BB11--------------------------------------------
Collected constraints:
(bvsle v1_v0 #b001111111111111111111111111111111)
(bvsge v1_v0 #b110000000000000000000000000000000)
(bvsle v6_v0 #b001111111111111111111111111111111)
(bvsge v6_v0 #b110000000000000000000000000000000)
(bvsle v0_v0 #b001111111111111111111111111111111)
(bvsge v0_v0 #b110000000000000000000000000000000)
(bvsle v6_v0 #b001111111111111111111111111111111)
(bvsge v6_v0 #b110000000000000000000000000000000)
(bvsge a11_0_1 #b110000000000000000000000000000000)
(bvsle a11_0_1 #b001111111111111111111111111111111)
(distinct v1_v0 #b000000000000000000000000000000000)
(bvsge a11_0_2 #b110000000000000000000000000000000)
(bvsle a11_0_2 #b001111111111111111111111111111111)
(bvsge a11_0 #b110000000000000000000000000000000)
(bvsle a11_0 #b001111111111111111111111111111111)
(bvsle (bvadd (bvadd (ite (= a11_0_1 #b000000000000000000000000000000000) #b000000000000000000000000000000001 #b000000000000000000000000000000000) (ite (= a11_0_2 #b000000000000000000000000000000000) #b000000000000000000000000000000001 #b000000000000000000000000000000000)) (ite (= a11_0 #b000000000000000000000000000000000) #b000000000000000000000000000000001 #b000000000000000000000000000000000)) #b000000000000000000000000000000001)
(= v2_v1 (bvsub (bvsub a11_0 (bvadd a11_0_2 v6_v0)) (bvsdiv a11_0_1 v1_v0)))
(bvsge a11_1_1 #b110000000000000000000000000000000)
(bvsle a11_1_1 #b001111111111111111111111111111111)
(bvsge a11_1_2 #b110000000000000000000000000000000)
(bvsle a11_1_2 #b001111111111111111111111111111111)
(bvsge a11_1 #b110000000000000000000000000000000)
(bvsle a11_1 #b001111111111111111111111111111111)
(bvsle (bvadd (bvadd (ite (= a11_1_1 #b000000000000000000000000000000000) #b000000000000000000000000000000001 #b000000000000000000000000000000000) (ite (= a11_1_2 #b000000000000000000000000000000000) #b000000000000000000000000000000001 #b000000000000000000000000000000000)) (ite (= a11_1 #b000000000000000000000000000000000) #b000000000000000000000000000000001 #b000000000000000000000000000000000)) #b000000000000000000000000000000001)
(= v0_v1 (bvsub (bvsub a11_1 (bvadd a11_1_2 v6_v0)) (bvmul a11_1_1 v0_v0)))
(let ((_let0 (bvsub (bvsub a11_0 (bvadd a11_0_2 v6_v0)) (bvsdiv a11_0_1 v1_v0)))) (let ((_let1 (bvsub (bvsub a11_1 (bvadd a11_1_2 v6_v0)) (bvmul a11_1_1 v0_v0)))) (or (or false (or (bvsgt _let0 #b001111111111111111111111111111111) (bvslt _let0 #b110000000000000000000000000000000))) (or (bvsgt _let1 #b001111111111111111111111111111111) (bvslt _let1 #b110000000000000000000000000000000)))))
SAT
Adding initializations to ensure undefined behaviors
Let variable: var=v1, value=1
Let variable: var=v6, value=0
Let variable: var=v0, value=-2147483648
Let variable: var=v6, value=0
Let symbol: sym=a11_0_1, value=1
Let symbol: sym=a11_0_2, value=2147483647
Let symbol: sym=a11_0, value=-1
Let symbol: sym=a11_1_1, value=1
Let symbol: sym=a11_1_2, value=1
Let symbol: sym=a11_1, value=0
--------IntUBInject: Inject Int UBs to Block BB12--------------------------------------------
Collected constraints:
(bvsle v3_v0 #b001111111111111111111111111111111)
(bvsge v3_v0 #b110000000000000000000000000000000)
(bvsle v6_v0 #b001111111111111111111111111111111)
(bvsge v6_v0 #b110000000000000000000000000000000)
(bvsle v2_v0 #b001111111111111111111111111111111)
(bvsge v2_v0 #b110000000000000000000000000000000)
(bvsle v7_v0 #b001111111111111111111111111111111)
(bvsge v7_v0 #b110000000000000000000000000000000)
(bvsge a12_0_1 #b110000000000000000000000000000000)
(bvsle a12_0_1 #b001111111111111111111111111111111)
(bvsge a12_0_2 #b110000000000000000000000000000000)
(bvsle a12_0_2 #b001111111111111111111111111111111)
(distinct v6_v0 #b000000000000000000000000000000000)
(bvsge a12_0 #b110000000000000000000000000000000)
(bvsle a12_0 #b001111111111111111111111111111111)
(bvsle (bvadd (bvadd (ite (= a12_0_1 #b000000000000000000000000000000000) #b000000000000000000000000000000001 #b000000000000000000000000000000000) (ite (= a12_0_2 #b000000000000000000000000000000000) #b000000000000000000000000000000001 #b000000000000000000000000000000000)) (ite (= a12_0 #b000000000000000000000000000000000) #b000000000000000000000000000000001 #b000000000000000000000000000000000)) #b000000000000000000000000000000001)
(= v3_v1 (bvadd (bvadd a12_0 (bvsrem a12_0_2 v6_v0)) (bvsub a12_0_1 v3_v0)))
(bvsge a12_1_1 #b110000000000000000000000000000000)
(bvsle a12_1_1 #b001111111111111111111111111111111)
(bvsge a12_1_2 #b110000000000000000000000000000000)
(bvsle a12_1_2 #b001111111111111111111111111111111)
(bvsge a12_1 #b110000000000000000000000000000000)
(bvsle a12_1 #b001111111111111111111111111111111)
(bvsle (bvadd (bvadd (ite (= a12_1_1 #b000000000000000000000000000000000) #b000000000000000000000000000000001 #b000000000000000000000000000000000) (ite (= a12_1_2 #b000000000000000000000000000000000) #b000000000000000000000000000000001 #b000000000000000000000000000000000)) (ite (= a12_1 #b000000000000000000000000000000000) #b000000000000000000000000000000001 #b000000000000000000000000000000000)) #b000000000000000000000000000000001)
(= v7_v1 (bvadd (bvadd a12_1 (bvmul a12_1_2 v7_v0)) (bvmul a12_1_1 v2_v0)))
(bvsge b12_2_1 #b110000000000000000000000000000000)
(bvsle b12_2_1 #b001111111111111111111111111111111)
(bvsge b12_2_2 #b110000000000000000000000000000000)
(bvsle b12_2_2 #b001111111111111111111111111111111)
(bvsge b12_2_3 #b110000000000000000000000000000000)
(bvsle b12_2_3 #b001111111111111111111111111111111)
(bvsge b12_2 #b110000000000000000000000000000000)
(bvsle b12_2 #b001111111111111111111111111111111)
(bvsle (bvadd (bvadd (bvadd (ite (= b12_2_1 #b000000000000000000000000000000000) #b000000000000000000000000000000001 #b000000000000000000000000000000000) (ite (= b12_2_2 #b000000000000000000000000000000000) #b000000000000000000000000000000001 #b000000000000000000000000000000000)) (ite (= b12_2_3 #b000000000000000000000000000000000) #b000000000000000000000000000000001 #b000000000000000000000000000000000)) (ite (= b12_2 #b000000000000000000000000000000000) #b000000000000000000000000000000001 #b000000000000000000000000000000000)) #b000000000000000000000000000000010)
(let ((_let0 (bvadd (bvadd a12_0 (bvsrem a12_0_2 v6_v0)) (bvsub a12_0_1 v3_v0)))) (let ((_let1 (bvadd (bvadd a12_1 (bvmul a12_1_2 v7_v0)) (bvmul a12_1_1 v2_v0)))) (let ((_let2 (bvadd (bvadd (bvadd b12_2 (bvadd b12_2_3 v1_v0)) (bvmul b12_2_2 v7_v1)) (bvadd b12_2_1 v3_v1)))) (or (or (or false (or (bvsgt _let0 #b001111111111111111111111111111111) (bvslt _let0 #b110000000000000000000000000000000))) (or (bvsgt _let1 #b001111111111111111111111111111111) (bvslt _let1 #b110000000000000000000000000000000))) (or (bvsgt _let2 #b001111111111111111111111111111111) (bvslt _let2 #b110000000000000000000000000000000))))))
SAT
Adding initializations to ensure undefined behaviors
Let variable: var=v3, value=4
Let variable: var=v6, value=1
Let variable: var=v2, value=-1073741824
Let variable: var=v7, value=2147483647
Let symbol: sym=a12_0_1, value=2
Let symbol: sym=a12_0_2, value=1073741825
Let symbol: sym=a12_0, value=0
Let symbol: sym=a12_1_1, value=1
Let symbol: sym=a12_1_2, value=1
Let symbol: sym=a12_1, value=1073741825
Let symbol: sym=b12_2_1, value=1
Let symbol: sym=b12_2_2, value=1
Let symbol: sym=b12_2_3, value=0
Let symbol: sym=b12_2, value=0
--------IntUBInject: Inject Int UBs to Block BB15--------------------------------------------
Collected constraints:
(bvsle v1_v0 #b001111111111111111111111111111111)
(bvsge v1_v0 #b110000000000000000000000000000000)
(bvsle v5_v0 #b001111111111111111111111111111111)
(bvsge v5_v0 #b110000000000000000000000000000000)
(bvsle v0_v0 #b001111111111111111111111111111111)
(bvsge v0_v0 #b110000000000000000000000000000000)
(bvsle v4_v0 #b001111111111111111111111111111111)
(bvsge v4_v0 #b110000000000000000000000000000000)
(bvsge a15_0_1 #b110000000000000000000000000000000)
(bvsle a15_0_1 #b001111111111111111111111111111111)
(distinct v1_v0 #b000000000000000000000000000000000)
(bvsge a15_0_2 #b110000000000000000000000000000000)
(bvsle a15_0_2 #b001111111111111111111111111111111)
(bvsge a15_0 #b110000000000000000000000000000000)
(bvsle a15_0 #b001111111111111111111111111111111)
(bvsle (bvadd (bvadd (ite (= a15_0_1 #b000000000000000000000000000000000) #b000000000000000000000000000000001 #b000000000000000000000000000000000) (ite (= a15_0_2 #b000000000000000000000000000000000) #b000000000000000000000000000000001 #b000000000000000000000000000000000)) (ite (= a15_0 #b000000000000000000000000000000000) #b000000000000000000000000000000001 #b000000000000000000000000000000000)) #b000000000000000000000000000000001)
(= v6_v1 (bvadd (bvadd a15_0 (bvadd a15_0_2 v5_v0)) (bvsdiv a15_0_1 v1_v0)))
(bvsge a15_1_1 #b110000000000000000000000000000000)
(bvsle a15_1_1 #b001111111111111111111111111111111)
(bvsge a15_1_2 #b110000000000000000000000000000000)
(bvsle a15_1_2 #b001111111111111111111111111111111)
(bvsge a15_1 #b110000000000000000000000000000000)
(bvsle a15_1 #b001111111111111111111111111111111)
(bvsle (bvadd (bvadd (ite (= a15_1_1 #b000000000000000000000000000000000) #b000000000000000000000000000000001 #b000000000000000000000000000000000) (ite (= a15_1_2 #b000000000000000000000000000000000) #b000000000000000000000000000000001 #b000000000000000000000000000000000)) (ite (= a15_1 #b000000000000000000000000000000000) #b000000000000000000000000000000001 #b000000000000000000000000000000000)) #b000000000000000000000000000000001)
(= v3_v1 (bvadd (bvadd a15_1 (bvmul a15_1_2 v4_v0)) (bvsub a15_1_1 v0_v0)))
(bvsge b15_2_1 #b110000000000000000000000000000000)
(bvsle b15_2_1 #b001111111111111111111111111111111)
(distinct v6_v1 #b000000000000000000000000000000000)
(bvsge b15_2_2 #b110000000000000000000000000000000)
(bvsle b15_2_2 #b001111111111111111111111111111111)
(bvsge b15_2_3 #b110000000000000000000000000000000)
(bvsle b15_2_3 #b001111111111111111111111111111111)
(distinct v4_v0 #b000000000000000000000000000000000)
(bvsge b15_2 #b110000000000000000000000000000000)
(bvsle b15_2 #b001111111111111111111111111111111)
(bvsle (bvadd (bvadd (bvadd (ite (= b15_2_1 #b000000000000000000000000000000000) #b000000000000000000000000000000001 #b000000000000000000000000000000000) (ite (= b15_2_2 #b000000000000000000000000000000000) #b000000000000000000000000000000001 #b000000000000000000000000000000000)) (ite (= b15_2_3 #b000000000000000000000000000000000) #b000000000000000000000000000000001 #b000000000000000000000000000000000)) (ite (= b15_2 #b000000000000000000000000000000000) #b000000000000000000000000000000001 #b000000000000000000000000000000000)) #b000000000000000000000000000000010)
(let ((_let0 (bvadd (bvadd a15_0 (bvadd a15_0_2 v5_v0)) (bvsdiv a15_0_1 v1_v0)))) (let ((_let1 (bvadd (bvadd a15_1 (bvmul a15_1_2 v4_v0)) (bvsub a15_1_1 v0_v0)))) (let ((_let2 (bvadd (bvadd (bvadd b15_2 (bvsdiv b15_2_3 v4_v0)) (bvsub b15_2_2 v3_v1)) (bvsrem b15_2_1 v6_v1)))) (or (or (or false (or (bvsgt _let0 #b001111111111111111111111111111111) (bvslt _let0 #b110000000000000000000000000000000))) (or (bvsgt _let1 #b001111111111111111111111111111111) (bvslt _let1 #b110000000000000000000000000000000))) (or (bvsgt _let2 #b001111111111111111111111111111111) (bvslt _let2 #b110000000000000000000000000000000))))))
SAT
Adding initializations to ensure undefined behaviors
Let variable: var=v1, value=1
Let variable: var=v5, value=-536870914
Let variable: var=v0, value=-2147483647
Let variable: var=v4, value=1
Let symbol: sym=a15_0_1, value=1
Let symbol: sym=a15_0_2, value=1
Let symbol: sym=a15_0, value=536870911
Let symbol: sym=a15_1_1, value=2147483647
Let symbol: sym=a15_1_2, value=1
Let symbol: sym=a15_1, value=-2
Let symbol: sym=b15_2_1, value=-2147483648
Let symbol: sym=b15_2_2, value=2147483644
Let symbol: sym=b15_2_3, value=1
Let symbol: sym=b15_2, value=-1
--------IntUBInject: Inject Int UBs to Block BB17--------------------------------------------
Collected constraints:
(bvsle v0_v0 #b001111111111111111111111111111111)
(bvsge v0_v0 #b110000000000000000000000000000000)
(bvsle v2_v0 #b001111111111111111111111111111111)
(bvsge v2_v0 #b110000000000000000000000000000000)
(bvsle v0_v0 #b001111111111111111111111111111111)
(bvsge v0_v0 #b110000000000000000000000000000000)
(bvsge a17_0_1 #b110000000000000000000000000000000)
(bvsle a17_0_1 #b001111111111111111111111111111111)
(bvsge a17_0_2 #b110000000000000000000000000000000)
(bvsle a17_0_2 #b001111111111111111111111111111111)
(distinct v2_v0 #b000000000000000000000000000000000)
(bvsge a17_0 #b110000000000000000000000000000000)
(bvsle a17_0 #b001111111111111111111111111111111)
(bvsle (bvadd (bvadd (ite (= a17_0_1 #b000000000000000000000000000000000) #b000000000000000000000000000000001 #b000000000000000000000000000000000) (ite (= a17_0_2 #b000000000000000000000000000000000) #b000000000000000000000000000000001 #b000000000000000000000000000000000)) (ite (= a17_0 #b000000000000000000000000000000000) #b000000000000000000000000000000001 #b000000000000000000000000000000000)) #b000000000000000000000000000000001)
(= v3_v1 (bvsub (bvsub a17_0 (bvsrem a17_0_2 v2_v0)) (bvmul a17_0_1 v0_v0)))
(bvsge a17_1_1 #b110000000000000000000000000000000)
(bvsle a17_1_1 #b001111111111111111111111111111111)
(distinct v3_v1 #b000000000000000000000000000000000)
(bvsge a17_1_2 #b110000000000000000000000000000000)
(bvsle a17_1_2 #b001111111111111111111111111111111)
(distinct v0_v0 #b000000000000000000000000000000000)
(bvsge a17_1 #b110000000000000000000000000000000)
(bvsle a17_1 #b001111111111111111111111111111111)
(bvsle (bvadd (bvadd (ite (= a17_1_1 #b000000000000000000000000000000000) #b000000000000000000000000000000001 #b000000000000000000000000000000000) (ite (= a17_1_2 #b000000000000000000000000000000000) #b000000000000000000000000000000001 #b000000000000000000000000000000000)) (ite (= a17_1 #b000000000000000000000000000000000) #b000000000000000000000000000000001 #b000000000000000000000000000000000)) #b000000000000000000000000000000001)
(= v5_v1 (bvadd (bvadd a17_1 (bvsdiv a17_1_2 v0_v0)) (bvsdiv a17_1_1 v3_v1)))
(let ((_let0 (bvsub (bvsub a17_0 (bvsrem a17_0_2 v2_v0)) (bvmul a17_0_1 v0_v0)))) (let ((_let1 (bvadd (bvadd a17_1 (bvsdiv a17_1_2 v0_v0)) (bvsdiv a17_1_1 v3_v1)))) (or (or false (or (bvsgt _let0 #b001111111111111111111111111111111) (bvslt _let0 #b110000000000000000000000000000000))) (or (bvsgt _let1 #b001111111111111111111111111111111) (bvslt _let1 #b110000000000000000000000000000000)))))
SAT
Adding initializations to ensure undefined behaviors
Let variable: var=v0, value=1073741824
Let variable: var=v2, value=1
Let variable: var=v0, value=1073741824
Let symbol: sym=a17_0_1, value=1
Let symbol: sym=a17_0_2, value=1073741825
Let symbol: sym=a17_0, value=-1073741824
Let symbol: sym=a17_1_1, value=-2147483648
Let symbol: sym=a17_1_2, value=536870912
Let symbol: sym=a17_1, value=2147483647
Define symbols: sym=a1_0_1, val=1372871254 (for unexecuted basic blocks)
Define symbols: sym=a1_0_2, val=1496907309 (for unexecuted basic blocks)
Define symbols: sym=a1_0, val=1642239941 (for unexecuted basic blocks)
Define symbols: sym=a1_1_1, val=-1121532367 (for unexecuted basic blocks)
Define symbols: sym=a1_1_2, val=-136644324 (for unexecuted basic blocks)
Define symbols: sym=a1_1, val=-1943433063 (for unexecuted basic blocks)
Define symbols: sym=b1_2_1, val=587686269 (for unexecuted basic blocks)
Define symbols: sym=b1_2_2, val=1764572456 (for unexecuted basic blocks)
Define symbols: sym=b1_2_3, val=-807162418 (for unexecuted basic blocks)
Define symbols: sym=b1_2, val=1916436072 (for unexecuted basic blocks)
Define symbols: sym=a2_0_1, val=1268081749 (for unexecuted basic blocks)
Define symbols: sym=a2_0_2, val=-454061494 (for unexecuted basic blocks)
Define symbols: sym=a2_0, val=-849054228 (for unexecuted basic blocks)
Define symbols: sym=a2_1_1, val=-369092103 (for unexecuted basic blocks)
Define symbols: sym=a2_1_2, val=-78774547 (for unexecuted basic blocks)
Define symbols: sym=a2_1, val=-1261115163 (for unexecuted basic blocks)
Define symbols: sym=a3_0_1, val=-1484378353 (for unexecuted basic blocks)
Define symbols: sym=a3_0_2, val=-858758196 (for unexecuted basic blocks)
Define symbols: sym=a3_0, val=20538573 (for unexecuted basic blocks)
Define symbols: sym=a3_1_1, val=-2051302344 (for unexecuted basic blocks)
Define symbols: sym=a3_1_2, val=1860336024 (for unexecuted basic blocks)
Define symbols: sym=a3_1, val=-493859498 (for unexecuted basic blocks)
Define symbols: sym=b3_2_1, val=-979445625 (for unexecuted basic blocks)
Define symbols: sym=b3_2_2, val=955815885 (for unexecuted basic blocks)
Define symbols: sym=b3_2_3, val=-773315169 (for unexecuted basic blocks)
Define symbols: sym=b3_2, val=-1373697196 (for unexecuted basic blocks)
Define symbols: sym=a4_0_1, val=-845316191 (for unexecuted basic blocks)
Define symbols: sym=a4_0_2, val=1981121861 (for unexecuted basic blocks)
Define symbols: sym=a4_0, val=-1457634806 (for unexecuted basic blocks)
Define symbols: sym=a4_1_1, val=-1751395517 (for unexecuted basic blocks)
Define symbols: sym=a4_1_2, val=1921088064 (for unexecuted basic blocks)
Define symbols: sym=a4_1, val=-1155248783 (for unexecuted basic blocks)
Define symbols: sym=b4_2_1, val=-1488939922 (for unexecuted basic blocks)
Define symbols: sym=b4_2_2, val=1250005774 (for unexecuted basic blocks)
Define symbols: sym=b4_2_3, val=324539976 (for unexecuted basic blocks)
Define symbols: sym=b4_2, val=-83136043 (for unexecuted basic blocks)
Define symbols: sym=a5_0_1, val=1045778156 (for unexecuted basic blocks)
Define symbols: sym=a5_0_2, val=-1578268581 (for unexecuted basic blocks)
Define symbols: sym=a5_0, val=-833540892 (for unexecuted basic blocks)
Define symbols: sym=a5_1_1, val=626569998 (for unexecuted basic blocks)
Define symbols: sym=a5_1_2, val=2132284085 (for unexecuted basic blocks)
Define symbols: sym=a5_1, val=1887064377 (for unexecuted basic blocks)
Define symbols: sym=b5_2_1, val=-1137527117 (for unexecuted basic blocks)
Define symbols: sym=b5_2_2, val=792805769 (for unexecuted basic blocks)
Define symbols: sym=b5_2_3, val=-141223752 (for unexecuted basic blocks)
Define symbols: sym=b5_2, val=-1725005871 (for unexecuted basic blocks)
Define symbols: sym=a6_0_1, val=-325280297 (for unexecuted basic blocks)
Define symbols: sym=a6_0_2, val=1819351602 (for unexecuted basic blocks)
Define symbols: sym=a6_0, val=-1774319635 (for unexecuted basic blocks)
Define symbols: sym=a6_1_1, val=-666086130 (for unexecuted basic blocks)
Define symbols: sym=a6_1_2, val=1717077109 (for unexecuted basic blocks)
Define symbols: sym=a6_1, val=-1283089157 (for unexecuted basic blocks)
Define symbols: sym=b6_2_1, val=589997133 (for unexecuted basic blocks)
Define symbols: sym=b6_2_2, val=-2073354637 (for unexecuted basic blocks)
Define symbols: sym=b6_2_3, val=780048185 (for unexecuted basic blocks)
Define symbols: sym=b6_2, val=980811632 (for unexecuted basic blocks)
Define symbols: sym=a7_0_1, val=-525546545 (for unexecuted basic blocks)
Define symbols: sym=a7_0_2, val=-1502975772 (for unexecuted basic blocks)
Define symbols: sym=a7_0, val=-2079452829 (for unexecuted basic blocks)
Define symbols: sym=a7_1_1, val=1494348142 (for unexecuted basic blocks)
Define symbols: sym=a7_1_2, val=-658141230 (for unexecuted basic blocks)
Define symbols: sym=a7_1, val=90317679 (for unexecuted basic blocks)
Define symbols: sym=b7_2_1, val=784697466 (for unexecuted basic blocks)
Define symbols: sym=b7_2_2, val=1221102665 (for unexecuted basic blocks)
Define symbols: sym=b7_2_3, val=1423233094 (for unexecuted basic blocks)
Define symbols: sym=b7_2, val=-1167300683 (for unexecuted basic blocks)
Define symbols: sym=a8_0_1, val=233390788 (for unexecuted basic blocks)
Define symbols: sym=a8_0_2, val=286968083 (for unexecuted basic blocks)
Define symbols: sym=a8_0, val=-1754059229 (for unexecuted basic blocks)
Define symbols: sym=a8_1_1, val=1814076982 (for unexecuted basic blocks)
Define symbols: sym=a8_1_2, val=699359577 (for unexecuted basic blocks)
Define symbols: sym=a8_1, val=-1886723010 (for unexecuted basic blocks)
Define symbols: sym=a10_0_1, val=-1862727030 (for unexecuted basic blocks)
Define symbols: sym=a10_0_2, val=-1556138410 (for unexecuted basic blocks)
Define symbols: sym=a10_0, val=-872292924 (for unexecuted basic blocks)
Define symbols: sym=a10_1_1, val=1699820489 (for unexecuted basic blocks)
Define symbols: sym=a10_1_2, val=531654278 (for unexecuted basic blocks)
Define symbols: sym=a10_1, val=1594734202 (for unexecuted basic blocks)
Define symbols: sym=a13_0_1, val=-1080290834 (for unexecuted basic blocks)
Define symbols: sym=a13_0_2, val=-958998354 (for unexecuted basic blocks)
Define symbols: sym=a13_0, val=491880810 (for unexecuted basic blocks)
Define symbols: sym=a13_1_1, val=-531744009 (for unexecuted basic blocks)
Define symbols: sym=a13_1_2, val=-1499662350 (for unexecuted basic blocks)
Define symbols: sym=a13_1, val=-133133056 (for unexecuted basic blocks)
Define symbols: sym=b13_2_1, val=1341633866 (for unexecuted basic blocks)
Define symbols: sym=b13_2_2, val=-1743781370 (for unexecuted basic blocks)
Define symbols: sym=b13_2_3, val=1304671119 (for unexecuted basic blocks)
Define symbols: sym=b13_2, val=-1300025911 (for unexecuted basic blocks)
Define symbols: sym=a14_0_1, val=569893286 (for unexecuted basic blocks)
Define symbols: sym=a14_0_2, val=377404194 (for unexecuted basic blocks)
Define symbols: sym=a14_0, val=1403318623 (for unexecuted basic blocks)
Define symbols: sym=a14_1_1, val=-1653967870 (for unexecuted basic blocks)
Define symbols: sym=a14_1_2, val=-1901198248 (for unexecuted basic blocks)
Define symbols: sym=a14_1, val=-278552426 (for unexecuted basic blocks)
Define symbols: sym=a16_0_1, val=1671710033 (for unexecuted basic blocks)
Define symbols: sym=a16_0_2, val=-858635001 (for unexecuted basic blocks)
Define symbols: sym=a16_0, val=-1544355424 (for unexecuted basic blocks)
Define symbols: sym=a16_1_1, val=-1863087456 (for unexecuted basic blocks)
Define symbols: sym=a16_1_2, val=1572604699 (for unexecuted basic blocks)
Define symbols: sym=a16_1, val=-446456117 (for unexecuted basic blocks)
Extract initialization: param=v0, value=-1
Extract initialization: param=v1, value=-1
Extract initialization: param=v2, value=-1
Extract initialization: param=v3, value=-1
Extract initialization: param=v4, value=3
Extract initialization: param=v5, value=-1
Extract finalization: param=v0, value=0
Extract finalization: param=v1, value=-1
Extract finalization: param=v2, value=0
Extract finalization: param=v3, value=-1
Extract finalization: param=v4, value=3
Extract finalization: param=v5, value=-1
------SymExec: Iteration 1----------------------------------------------
Generating or re-generating UB-free constraints
Initial constraints: 
```
(bvsle (bvadd (bvadd (bvadd (bvadd (bvadd (ite (= v0_v0 #b00000000000000000000000000000000) #b00000000000000000000000000000001 #b00000000000000000000000000000000) (ite (= v1_v0 #b00000000000000000000000000000000) #b00000000000000000000000000000001 #b00000000000000000000000000000000)) (ite (= v2_v0 #b00000000000000000000000000000000) #b00000000000000000000000000000001 #b00000000000000000000000000000000)) (ite (= v3_v0 #b00000000000000000000000000000000) #b00000000000000000000000000000001 #b00000000000000000000000000000000)) (ite (= v4_v0 #b00000000000000000000000000000000) #b00000000000000000000000000000001 #b00000000000000000000000000000000)) (ite (= v5_v0 #b00000000000000000000000000000000) #b00000000000000000000000000000001 #b00000000000000000000000000000000)) #b00000000000000000000000000000011)
```
Final constraints: 
```
(bvsle (bvadd (bvadd (bvadd (bvadd (bvadd (ite (= v0_v0 #b00000000000000000000000000000000) #b00000000000000000000000000000001 #b00000000000000000000000000000000) (ite (= v1_v0 #b00000000000000000000000000000000) #b00000000000000000000000000000001 #b00000000000000000000000000000000)) (ite (= v2_v0 #b00000000000000000000000000000000) #b00000000000000000000000000000001 #b00000000000000000000000000000000)) (ite (= v3_v0 #b00000000000000000000000000000000) #b00000000000000000000000000000001 #b00000000000000000000000000000000)) (ite (= v4_v0 #b00000000000000000000000000000000) #b00000000000000000000000000000001 #b00000000000000000000000000000000)) (ite (= v5_v0 #b00000000000000000000000000000000) #b00000000000000000000000000000001 #b00000000000000000000000000000000)) #b00000000000000000000000000000011)
(= v6_v0 #b00000000000000000000000000000000)
(= v7_v0 #b11111111111111111111111111111111)
(distinct v1_v0 #b00000000000000000000000000000000)
(not (bvsdivo #b11111111111111111111111111111111 v1_v0))
(not (bvsaddo #b11111111111111111111111111111111 v4_v0))
(not (bvssubo (bvsrem #b11111111111111111111111111111111 v1_v0) (bvadd #b11111111111111111111111111111111 v4_v0)))
(not (bvssubo (bvsub (bvsrem #b11111111111111111111111111111111 v1_v0) (bvadd #b11111111111111111111111111111111 v4_v0)) #b11111111111111111111111111111111))
(let ((_let0 (ite (= #b11111111111111111111111111111111 #b00000000000000000000000000000000) #b00000000000000000000000000000001 #b00000000000000000000000000000000))) (bvsle (bvadd (bvadd _let0 _let0) _let0) #b00000000000000000000000000000001))
(= v5_v1 (bvsub (bvsub (bvsrem #b11111111111111111111111111111111 v1_v0) (bvadd #b11111111111111111111111111111111 v4_v0)) #b11111111111111111111111111111111))
(distinct v2_v0 #b00000000000000000000000000000000)
(not (bvsdivo #b11111111111111111111111111111111 v2_v0))
(not (bvsmulo #b11111111111111111111111111111111 v4_v0))
(not (bvssubo (bvsdiv #b11111111111111111111111111111111 v2_v0) (bvmul #b11111111111111111111111111111111 v4_v0)))
(not (bvssubo (bvsub (bvsdiv #b11111111111111111111111111111111 v2_v0) (bvmul #b11111111111111111111111111111111 v4_v0)) #b00000000000000000000000000001000))
(let ((_let0 (ite (= #b11111111111111111111111111111111 #b00000000000000000000000000000000) #b00000000000000000000000000000001 #b00000000000000000000000000000000))) (bvsle (bvadd (bvadd _let0 _let0) (ite (= #b00000000000000000000000000001000 #b00000000000000000000000000000000) #b00000000000000000000000000000001 #b00000000000000000000000000000000)) #b00000000000000000000000000000001))
(= v6_v1 (bvsub (bvsub (bvsdiv #b11111111111111111111111111111111 v2_v0) (bvmul #b11111111111111111111111111111111 v4_v0)) #b00000000000000000000000000001000))
(distinct v5_v1 #b00000000000000000000000000000000)
(not (bvsdivo #b11111111111111111111111111111111 v5_v1))
(distinct v6_v1 #b00000000000000000000000000000000)
(not (bvsdivo #b11111111111111111111111111111111 v6_v1))
(not (bvssubo (bvsrem #b11111111111111111111111111111111 v5_v1) (bvsrem #b11111111111111111111111111111111 v6_v1)))
(not (bvsmulo #b11111111111111111111111111111111 v2_v0))
(not (bvssubo (bvsub (bvsrem #b11111111111111111111111111111111 v5_v1) (bvsrem #b11111111111111111111111111111111 v6_v1)) (bvmul #b11111111111111111111111111111111 v2_v0)))
(not (bvssubo (bvsub (bvsub (bvsrem #b11111111111111111111111111111111 v5_v1) (bvsrem #b11111111111111111111111111111111 v6_v1)) (bvmul #b11111111111111111111111111111111 v2_v0)) #b01111111111111111111111111111111))
(let ((_let0 (ite (= #b11111111111111111111111111111111 #b00000000000000000000000000000000) #b00000000000000000000000000000001 #b00000000000000000000000000000000))) (bvsle (bvadd (bvadd (bvadd _let0 _let0) _let0) (ite (= #b01111111111111111111111111111111 #b00000000000000000000000000000000) #b00000000000000000000000000000001 #b00000000000000000000000000000000)) #b00000000000000000000000000000010))
(not (bvsgt (bvsub (bvsub (bvsub (bvsrem #b11111111111111111111111111111111 v5_v1) (bvsrem #b11111111111111111111111111111111 v6_v1)) (bvmul #b11111111111111111111111111111111 v2_v0)) #b01111111111111111111111111111111) #b00000000000000000000000000000000))
(not (bvsaddo #b11111111111111111111111111111111 v6_v1))
(not (bvssubo (bvadd #b11111111111111111111111111111111 v6_v1) (bvmul #b11111111111111111111111111111111 v4_v0)))
(not (bvssubo (bvsub (bvadd #b11111111111111111111111111111111 v6_v1) (bvmul #b11111111111111111111111111111111 v4_v0)) #b11111111111111111111111111111111))
(= v1_v1 (bvsub (bvsub (bvadd #b11111111111111111111111111111111 v6_v1) (bvmul #b11111111111111111111111111111111 v4_v0)) #b11111111111111111111111111111111))
(not (bvssubo (bvadd #b11111111111111111111111111111111 v4_v0) (bvsrem #b11111111111111111111111111111111 v5_v1)))
(not (bvssubo (bvsub (bvadd #b11111111111111111111111111111111 v4_v0) (bvsrem #b11111111111111111111111111111111 v5_v1)) #b00000000000000000000000000000011))
(let ((_let0 (ite (= #b11111111111111111111111111111111 #b00000000000000000000000000000000) #b00000000000000000000000000000001 #b00000000000000000000000000000000))) (bvsle (bvadd (bvadd _let0 _let0) (ite (= #b00000000000000000000000000000011 #b00000000000000000000000000000000) #b00000000000000000000000000000001 #b00000000000000000000000000000000)) #b00000000000000000000000000000001))
(= v6_v2 (bvsub (bvsub (bvadd #b11111111111111111111111111111111 v4_v0) (bvsrem #b11111111111111111111111111111111 v5_v1)) #b00000000000000000000000000000011))
(not (bvsaddo #b11111111111111111111111111111111 v1_v1))
(not (bvsmulo #b11111111111111111111111111111111 v6_v2))
(not (bvssubo (bvadd #b11111111111111111111111111111111 v1_v1) (bvmul #b11111111111111111111111111111111 v6_v2)))
(not (bvssubo (bvsub (bvadd #b11111111111111111111111111111111 v1_v1) (bvmul #b11111111111111111111111111111111 v6_v2)) (bvmul #b11111111111111111111111111111111 v4_v0)))
(not (bvssubo (bvsub (bvsub (bvadd #b11111111111111111111111111111111 v1_v1) (bvmul #b11111111111111111111111111111111 v6_v2)) (bvmul #b11111111111111111111111111111111 v4_v0)) #b11111111111111111111111111111111))
(let ((_let0 (ite (= #b11111111111111111111111111111111 #b00000000000000000000000000000000) #b00000000000000000000000000000001 #b00000000000000000000000000000000))) (bvsle (bvadd (bvadd (bvadd _let0 _let0) _let0) _let0) #b00000000000000000000000000000010))
(not (bvslt (bvsub (bvsub (bvsub (bvadd #b11111111111111111111111111111111 v1_v1) (bvmul #b11111111111111111111111111111111 v6_v2)) (bvmul #b11111111111111111111111111111111 v4_v0)) #b11111111111111111111111111111111) #b00000000000000000000000000000000))
(not (bvsmulo #b11111111111111111111111111111111 v7_v0))
(not (bvssubo #b11111111111111111111111111111111 v2_v0))
(not (bvsaddo (bvmul #b11111111111111111111111111111111 v7_v0) (bvsub #b11111111111111111111111111111111 v2_v0)))
(not (bvsaddo (bvadd (bvmul #b11111111111111111111111111111111 v7_v0) (bvsub #b11111111111111111111111111111111 v2_v0)) #b11111111111111111111111111111111))
(= v0_v1 (bvadd (bvadd (bvmul #b11111111111111111111111111111111 v7_v0) (bvsub #b11111111111111111111111111111111 v2_v0)) #b11111111111111111111111111111111))
(distinct v4_v0 #b00000000000000000000000000000000)
(not (bvsdivo #b11111111111111111111111111111111 v4_v0))
(not (bvsaddo (bvsdiv #b11111111111111111111111111111111 v4_v0) (bvsdiv #b11111111111111111111111111111111 v2_v0)))
(not (bvsaddo (bvadd (bvsdiv #b11111111111111111111111111111111 v4_v0) (bvsdiv #b11111111111111111111111111111111 v2_v0)) #b11111111111111111111111111111111))
(= v2_v1 (bvadd (bvadd (bvsdiv #b11111111111111111111111111111111 v4_v0) (bvsdiv #b11111111111111111111111111111111 v2_v0)) #b11111111111111111111111111111111))
(bvsle (bvadd (bvadd (bvadd (bvadd (bvadd (ite (= (ite (distinct v0_v0 #b11111111111111111111111111111111) #b00000000000000000000000000000001 #b00000000000000000000000000000000) #b00000000000000000000000000000000) #b00000000000000000000000000000001 #b00000000000000000000000000000000) (ite (= (ite (distinct v1_v0 #b11111111111111111111111111111111) #b00000000000000000000000000000001 #b00000000000000000000000000000000) #b00000000000000000000000000000000) #b00000000000000000000000000000001 #b00000000000000000000000000000000)) (ite (= (ite (distinct v2_v0 #b11111111111111111111111111111111) #b00000000000000000000000000000001 #b00000000000000000000000000000000) #b00000000000000000000000000000000) #b00000000000000000000000000000001 #b00000000000000000000000000000000)) (ite (= (ite (distinct v3_v0 #b11111111111111111111111111111111) #b00000000000000000000000000000001 #b00000000000000000000000000000000) #b00000000000000000000000000000000) #b00000000000000000000000000000001 #b00000000000000000000000000000000)) (ite (= (ite (distinct v4_v0 #b00000000000000000000000000000011) #b00000000000000000000000000000001 #b00000000000000000000000000000000) #b00000000000000000000000000000000) #b00000000000000000000000000000001 #b00000000000000000000000000000000)) (ite (= (ite (distinct v5_v0 #b11111111111111111111111111111111) #b00000000000000000000000000000001 #b00000000000000000000000000000000) #b00000000000000000000000000000000) #b00000000000000000000000000000001 #b00000000000000000000000000000000)) #b00000000000000000000000000000011)
```
Constraint stats: asserted=53 addCalls=63 skippedTrue=0 deduped=10 ensureInRangeCalls=60 boundedAlready=0 uniqueConstraintIds=53 uniqueBoundedIds=0 (solverAsserted=0)
Bitwuzla check_sat time: 205ms
Bitwuzla statistics: preprocess::contradicting_ands::num_substs=0 preprocess::contradicting_ands::time_apply=0ms preprocess::elim_extract::num_elim=0 preprocess::elim_extract::time_apply=0ms preprocess::elim_lambda::time_apply=0ms preprocess::elim_udiv::num_eliminated=0 preprocess::elim_udiv::time_apply=0ms preprocess::embedded_constraints::num_substs=3 preprocess::embedded_constraints::time_apply=0ms preprocess::flatten_and::num_assertions=20 preprocess::flatten_and::num_flattened=10 preprocess::flatten_and::time_apply=0ms preprocess::lambda::num_elim=0 preprocess::normalize::num_common_normalizations=0 preprocess::normalize::num_normalizations=46 preprocess::normalize::num_normalized_assertions=0 preprocess::normalize::num_pass1=0 preprocess::normalize::num_pass2=0 preprocess::normalize::time_adder_chains=0ms preprocess::normalize::time_apply=10ms preprocess::normalize::time_compute_occs=0ms preprocess::normalize::time_normalize_add=0ms preprocess::normalize::time_normalize_mul=0ms preprocess::normalize::time_score=8ms preprocess::rewrite::time_apply=1ms preprocess::skeleton_preproc::cnf::clauses=182 preprocess::skeleton_preproc::cnf::lits=370 preprocess::skeleton_preproc::new_assertions=0 preprocess::skeleton_preproc::resets=1 preprocess::skeleton_preproc::time_apply=1ms preprocess::skeleton_preproc::time_encode=0ms preprocess::skeleton_preproc::time_fixed=0ms preprocess::skeleton_preproc::time_sat=0ms preprocess::uninterpreted::num_substs=0 preprocess::uninterpreted::time_apply=0ms preprocess::varsubst::normalize_bv_ineq::num_slt=0 preprocess::varsubst::normalize_bv_ineq::num_ult=0 preprocess::varsubst::normalize_eq::num_bv_concat=0 preprocess::varsubst::normalize_eq::num_gauss_elim=0 preprocess::varsubst::normalize_eq::num_linear_eq=0 preprocess::varsubst::num_substs=8 preprocess::varsubst::time_apply=0ms preprocess::varsubst::time_direct_cycle_check=0ms preprocess::varsubst::time_find_substitution=0ms preprocess::varsubst::time_find_vars=0ms preprocess::varsubst::time_register=0ms preprocess::varsubst::time_remove_cycles=0ms preprocess::varsubst::time_substitute=0ms preprocessor::num_iterations=2 preprocessor::time_preprocess=14ms preprocessor::time_process=0ms rewriter::(normalize)::num_evals=0 rewriter::(normalize)::num_rewrites=163 rewriter::(normalize)::rewrite::BV_ADD_CONST=4 rewriter::(normalize)::rewrite::BV_ADD_EVAL=4 rewriter::(normalize)::rewrite::BV_ADD_SPECIAL_CONST=13 rewriter::(normalize)::rewrite::BV_MUL_EVAL=2 rewriter::(normalize)::rewrite::BV_MUL_ONES=8 rewriter::(normalize)::rewrite::BV_NEG_ELIM=8 rewriter::(normalize)::rewrite::BV_NOT_BV_NEG=1 rewriter::(normalize)::rewrite::BV_NOT_BV_NOT=20 rewriter::(normalize)::rewrite::NORMALIZE_COMM=103 rewriter::num_evals=0 rewriter::num_rewrites=983 rewriter::rewrite::AND_SPECIAL_CONST=62 rewriter::rewrite::BV_ADD_CONST=9 rewriter::rewrite::BV_ADD_EVAL=11 rewriter::rewrite::BV_ADD_ITE2=13 rewriter::rewrite::BV_ADD_SPECIAL_CONST=18 rewriter::rewrite::BV_AND_EVAL=1 rewriter::rewrite::BV_AND_SPECIAL_CONST=124 rewriter::rewrite::BV_CONCAT_EVAL=2 rewriter::rewrite::BV_EXTRACT_ADD_MUL=2 rewriter::rewrite::BV_EXTRACT_EVAL=39 rewriter::rewrite::BV_EXTRACT_FULL=4 rewriter::rewrite::BV_MUL_ONES=8 rewriter::rewrite::BV_MUL_POW2=4 rewriter::rewrite::BV_NEG_ELIM=27 rewriter::rewrite::BV_NOT_BV_NEG=6 rewriter::rewrite::BV_NOT_BV_NOT=48 rewriter::rewrite::BV_NOT_EVAL=7 rewriter::rewrite::BV_OR_ELIM=5 rewriter::rewrite::BV_SADDO_ELIM=7 rewriter::rewrite::BV_SDIVO_ELIM=5 rewriter::rewrite::BV_SDIV_ELIM=2 rewriter::rewrite::BV_SGT_ELIM=1 rewriter::rewrite::BV_SHL_CONST=4 rewriter::rewrite::BV_SIGN_EXTEND_ELIM=10 rewriter::rewrite::BV_SLE_ELIM=4 rewriter::rewrite::BV_SLT_EVAL=2 rewriter::rewrite::BV_SMULO_ELIM=4 rewriter::rewrite::BV_SREM_ELIM=3 rewriter::rewrite::BV_SSUBO_ELIM=15 rewriter::rewrite::BV_SUB_ELIM=15 rewriter::rewrite::BV_XOR_EVAL=1 rewriter::rewrite::BV_XOR_SPECIAL_CONST=2 rewriter::rewrite::DISTINCT_ELIM=11 rewriter::rewrite::EQUAL_BV_SUB=1 rewriter::rewrite::EQUAL_CONST_BV_ADD=2 rewriter::rewrite::EQUAL_CONST_BV_NOT=2 rewriter::rewrite::EQUAL_EVAL=12 rewriter::rewrite::EQUAL_ITE_SAME=6 rewriter::rewrite::EQUAL_SPECIAL_CONST=4 rewriter::rewrite::EQUAL_TRUE=6 rewriter::rewrite::ITE_EVAL=10 rewriter::rewrite::NORMALIZE_COMM=383 rewriter::rewrite::NOT_EQUAL_BV1_BOOL=24 rewriter::rewrite::NOT_EVAL=1 rewriter::rewrite::NOT_NOT=28 rewriter::rewrite::OR_ELIM=28 solver::abstract::num_checks=1 solver::abstract::terms::total=0 solver::abstract::time_check=0ms solver::array::equalities=0 solver::array::num_checks=0 solver::array::propagations=0 solver::array::propagations_down=0 solver::array::propagations_up=0 solver::array::selects=0 solver::array::time_check=0ms solver::bv::bitblast::aig::num_ands=47789 solver::bv::bitblast::aig::num_consts=192 solver::bv::bitblast::aig::num_shared=10579 solver::bv::bitblast::aig::time_bitblast=6ms solver::bv::bitblast::cnf::num_clauses=117224 solver::bv::bitblast::cnf::num_literals=286805 solver::bv::bitblast::cnf::num_vars=37575 solver::bv::bitblast::cnf::time_encode=38ms solver::bv::bitblast::sat::time_solve=145ms solver::bv::num_assertions=42 solver::bv::num_checks=1 solver::bv::time_check=184ms solver::engine::lemmas::abstr=0 solver::engine::lemmas::array=0 solver::engine::lemmas::fp=0 solver::engine::lemmas::fun=0 solver::engine::lemmas::quant=0 solver::engine::lemmas::total=0 solver::engine::time_register_term=0ms solver::engine::time_solve=191ms solver::fun::num_checks=1 solver::fun::time_check=0ms solver::quant::mbqi_checks=0 solver::quant::num_lemma_iterations=0 solver::quant::num_lemmas=0 solver::quant::time_check=0ms solver::quant::time_mbqi=0ms solver::quant::time_process=0ms solving_context::max_memory=82935808 solving_context::time_ensure_model=0ms solving_context::time_solve=205ms
SAT
Extract initialization: param=v0, value=-2
Extract initialization: param=v1, value=-2147483648
Extract initialization: param=v2, value=1342181376
Extract initialization: param=v3, value=-2
Extract initialization: param=v4, value=134217729
Extract initialization: param=v5, value=-1
Extract finalization: param=v0, value=-1342181377
Extract finalization: param=v1, value=268435450
Extract finalization: param=v2, value=-1
Extract finalization: param=v3, value=-2
Extract finalization: param=v4, value=134217729
Extract finalization: param=v5, value=-134217728
------SymExec: Iteration 2----------------------------------------------
Final constraints: 
```
(bvsle (bvadd (bvadd (bvadd (bvadd (bvadd (ite (= v0_v0 #b00000000000000000000000000000000) #b00000000000000000000000000000001 #b00000000000000000000000000000000) (ite (= v1_v0 #b00000000000000000000000000000000) #b00000000000000000000000000000001 #b00000000000000000000000000000000)) (ite (= v2_v0 #b00000000000000000000000000000000) #b00000000000000000000000000000001 #b00000000000000000000000000000000)) (ite (= v3_v0 #b00000000000000000000000000000000) #b00000000000000000000000000000001 #b00000000000000000000000000000000)) (ite (= v4_v0 #b00000000000000000000000000000000) #b00000000000000000000000000000001 #b00000000000000000000000000000000)) (ite (= v5_v0 #b00000000000000000000000000000000) #b00000000000000000000000000000001 #b00000000000000000000000000000000)) #b00000000000000000000000000000011)
(= v6_v0 #b00000000000000000000000000000000)
(= v7_v0 #b11111111111111111111111111111111)
(distinct v1_v0 #b00000000000000000000000000000000)
(not (bvsdivo #b11111111111111111111111111111111 v1_v0))
(not (bvsaddo #b11111111111111111111111111111111 v4_v0))
(not (bvssubo (bvsrem #b11111111111111111111111111111111 v1_v0) (bvadd #b11111111111111111111111111111111 v4_v0)))
(not (bvssubo (bvsub (bvsrem #b11111111111111111111111111111111 v1_v0) (bvadd #b11111111111111111111111111111111 v4_v0)) #b11111111111111111111111111111111))
(let ((_let0 (ite (= #b11111111111111111111111111111111 #b00000000000000000000000000000000) #b00000000000000000000000000000001 #b00000000000000000000000000000000))) (bvsle (bvadd (bvadd _let0 _let0) _let0) #b00000000000000000000000000000001))
(= v5_v1 (bvsub (bvsub (bvsrem #b11111111111111111111111111111111 v1_v0) (bvadd #b11111111111111111111111111111111 v4_v0)) #b11111111111111111111111111111111))
(distinct v2_v0 #b00000000000000000000000000000000)
(not (bvsdivo #b11111111111111111111111111111111 v2_v0))
(not (bvsmulo #b11111111111111111111111111111111 v4_v0))
(not (bvssubo (bvsdiv #b11111111111111111111111111111111 v2_v0) (bvmul #b11111111111111111111111111111111 v4_v0)))
(not (bvssubo (bvsub (bvsdiv #b11111111111111111111111111111111 v2_v0) (bvmul #b11111111111111111111111111111111 v4_v0)) #b00000000000000000000000000001000))
(let ((_let0 (ite (= #b11111111111111111111111111111111 #b00000000000000000000000000000000) #b00000000000000000000000000000001 #b00000000000000000000000000000000))) (bvsle (bvadd (bvadd _let0 _let0) (ite (= #b00000000000000000000000000001000 #b00000000000000000000000000000000) #b00000000000000000000000000000001 #b00000000000000000000000000000000)) #b00000000000000000000000000000001))
(= v6_v1 (bvsub (bvsub (bvsdiv #b11111111111111111111111111111111 v2_v0) (bvmul #b11111111111111111111111111111111 v4_v0)) #b00000000000000000000000000001000))
(distinct v5_v1 #b00000000000000000000000000000000)
(not (bvsdivo #b11111111111111111111111111111111 v5_v1))
(distinct v6_v1 #b00000000000000000000000000000000)
(not (bvsdivo #b11111111111111111111111111111111 v6_v1))
(not (bvssubo (bvsrem #b11111111111111111111111111111111 v5_v1) (bvsrem #b11111111111111111111111111111111 v6_v1)))
(not (bvsmulo #b11111111111111111111111111111111 v2_v0))
(not (bvssubo (bvsub (bvsrem #b11111111111111111111111111111111 v5_v1) (bvsrem #b11111111111111111111111111111111 v6_v1)) (bvmul #b11111111111111111111111111111111 v2_v0)))
(not (bvssubo (bvsub (bvsub (bvsrem #b11111111111111111111111111111111 v5_v1) (bvsrem #b11111111111111111111111111111111 v6_v1)) (bvmul #b11111111111111111111111111111111 v2_v0)) #b01111111111111111111111111111111))
(let ((_let0 (ite (= #b11111111111111111111111111111111 #b00000000000000000000000000000000) #b00000000000000000000000000000001 #b00000000000000000000000000000000))) (bvsle (bvadd (bvadd (bvadd _let0 _let0) _let0) (ite (= #b01111111111111111111111111111111 #b00000000000000000000000000000000) #b00000000000000000000000000000001 #b00000000000000000000000000000000)) #b00000000000000000000000000000010))
(not (bvsgt (bvsub (bvsub (bvsub (bvsrem #b11111111111111111111111111111111 v5_v1) (bvsrem #b11111111111111111111111111111111 v6_v1)) (bvmul #b11111111111111111111111111111111 v2_v0)) #b01111111111111111111111111111111) #b00000000000000000000000000000000))
(not (bvsaddo #b11111111111111111111111111111111 v6_v1))
(not (bvssubo (bvadd #b11111111111111111111111111111111 v6_v1) (bvmul #b11111111111111111111111111111111 v4_v0)))
(not (bvssubo (bvsub (bvadd #b11111111111111111111111111111111 v6_v1) (bvmul #b11111111111111111111111111111111 v4_v0)) #b11111111111111111111111111111111))
(= v1_v1 (bvsub (bvsub (bvadd #b11111111111111111111111111111111 v6_v1) (bvmul #b11111111111111111111111111111111 v4_v0)) #b11111111111111111111111111111111))
(not (bvssubo (bvadd #b11111111111111111111111111111111 v4_v0) (bvsrem #b11111111111111111111111111111111 v5_v1)))
(not (bvssubo (bvsub (bvadd #b11111111111111111111111111111111 v4_v0) (bvsrem #b11111111111111111111111111111111 v5_v1)) #b00000000000000000000000000000011))
(let ((_let0 (ite (= #b11111111111111111111111111111111 #b00000000000000000000000000000000) #b00000000000000000000000000000001 #b00000000000000000000000000000000))) (bvsle (bvadd (bvadd _let0 _let0) (ite (= #b00000000000000000000000000000011 #b00000000000000000000000000000000) #b00000000000000000000000000000001 #b00000000000000000000000000000000)) #b00000000000000000000000000000001))
(= v6_v2 (bvsub (bvsub (bvadd #b11111111111111111111111111111111 v4_v0) (bvsrem #b11111111111111111111111111111111 v5_v1)) #b00000000000000000000000000000011))
(not (bvsaddo #b11111111111111111111111111111111 v1_v1))
(not (bvsmulo #b11111111111111111111111111111111 v6_v2))
(not (bvssubo (bvadd #b11111111111111111111111111111111 v1_v1) (bvmul #b11111111111111111111111111111111 v6_v2)))
(not (bvssubo (bvsub (bvadd #b11111111111111111111111111111111 v1_v1) (bvmul #b11111111111111111111111111111111 v6_v2)) (bvmul #b11111111111111111111111111111111 v4_v0)))
(not (bvssubo (bvsub (bvsub (bvadd #b11111111111111111111111111111111 v1_v1) (bvmul #b11111111111111111111111111111111 v6_v2)) (bvmul #b11111111111111111111111111111111 v4_v0)) #b11111111111111111111111111111111))
(let ((_let0 (ite (= #b11111111111111111111111111111111 #b00000000000000000000000000000000) #b00000000000000000000000000000001 #b00000000000000000000000000000000))) (bvsle (bvadd (bvadd (bvadd _let0 _let0) _let0) _let0) #b00000000000000000000000000000010))
(not (bvslt (bvsub (bvsub (bvsub (bvadd #b11111111111111111111111111111111 v1_v1) (bvmul #b11111111111111111111111111111111 v6_v2)) (bvmul #b11111111111111111111111111111111 v4_v0)) #b11111111111111111111111111111111) #b00000000000000000000000000000000))
(not (bvsmulo #b11111111111111111111111111111111 v7_v0))
(not (bvssubo #b11111111111111111111111111111111 v2_v0))
(not (bvsaddo (bvmul #b11111111111111111111111111111111 v7_v0) (bvsub #b11111111111111111111111111111111 v2_v0)))
(not (bvsaddo (bvadd (bvmul #b11111111111111111111111111111111 v7_v0) (bvsub #b11111111111111111111111111111111 v2_v0)) #b11111111111111111111111111111111))
(= v0_v1 (bvadd (bvadd (bvmul #b11111111111111111111111111111111 v7_v0) (bvsub #b11111111111111111111111111111111 v2_v0)) #b11111111111111111111111111111111))
(distinct v4_v0 #b00000000000000000000000000000000)
(not (bvsdivo #b11111111111111111111111111111111 v4_v0))
(not (bvsaddo (bvsdiv #b11111111111111111111111111111111 v4_v0) (bvsdiv #b11111111111111111111111111111111 v2_v0)))
(not (bvsaddo (bvadd (bvsdiv #b11111111111111111111111111111111 v4_v0) (bvsdiv #b11111111111111111111111111111111 v2_v0)) #b11111111111111111111111111111111))
(= v2_v1 (bvadd (bvadd (bvsdiv #b11111111111111111111111111111111 v4_v0) (bvsdiv #b11111111111111111111111111111111 v2_v0)) #b11111111111111111111111111111111))
(bvsle (bvadd (bvadd (bvadd (bvadd (bvadd (ite (= (ite (distinct v0_v0 #b11111111111111111111111111111111) #b00000000000000000000000000000001 #b00000000000000000000000000000000) #b00000000000000000000000000000000) #b00000000000000000000000000000001 #b00000000000000000000000000000000) (ite (= (ite (distinct v1_v0 #b11111111111111111111111111111111) #b00000000000000000000000000000001 #b00000000000000000000000000000000) #b00000000000000000000000000000000) #b00000000000000000000000000000001 #b00000000000000000000000000000000)) (ite (= (ite (distinct v2_v0 #b11111111111111111111111111111111) #b00000000000000000000000000000001 #b00000000000000000000000000000000) #b00000000000000000000000000000000) #b00000000000000000000000000000001 #b00000000000000000000000000000000)) (ite (= (ite (distinct v3_v0 #b11111111111111111111111111111111) #b00000000000000000000000000000001 #b00000000000000000000000000000000) #b00000000000000000000000000000000) #b00000000000000000000000000000001 #b00000000000000000000000000000000)) (ite (= (ite (distinct v4_v0 #b00000000000000000000000000000011) #b00000000000000000000000000000001 #b00000000000000000000000000000000) #b00000000000000000000000000000000) #b00000000000000000000000000000001 #b00000000000000000000000000000000)) (ite (= (ite (distinct v5_v0 #b11111111111111111111111111111111) #b00000000000000000000000000000001 #b00000000000000000000000000000000) #b00000000000000000000000000000000) #b00000000000000000000000000000001 #b00000000000000000000000000000000)) #b00000000000000000000000000000011)
(bvsle (bvadd (bvadd (bvadd (bvadd (bvadd (ite (= (ite (distinct v0_v0 #b11111111111111111111111111111110) #b00000000000000000000000000000001 #b00000000000000000000000000000000) #b00000000000000000000000000000000) #b00000000000000000000000000000001 #b00000000000000000000000000000000) (ite (= (ite (distinct v1_v0 #b10000000000000000000000000000000) #b00000000000000000000000000000001 #b00000000000000000000000000000000) #b00000000000000000000000000000000) #b00000000000000000000000000000001 #b00000000000000000000000000000000)) (ite (= (ite (distinct v2_v0 #b01010000000000000001000000000000) #b00000000000000000000000000000001 #b00000000000000000000000000000000) #b00000000000000000000000000000000) #b00000000000000000000000000000001 #b00000000000000000000000000000000)) (ite (= (ite (distinct v3_v0 #b11111111111111111111111111111110) #b00000000000000000000000000000001 #b00000000000000000000000000000000) #b00000000000000000000000000000000) #b00000000000000000000000000000001 #b00000000000000000000000000000000)) (ite (= (ite (distinct v4_v0 #b00001000000000000000000000000001) #b00000000000000000000000000000001 #b00000000000000000000000000000000) #b00000000000000000000000000000000) #b00000000000000000000000000000001 #b00000000000000000000000000000000)) (ite (= (ite (distinct v5_v0 #b11111111111111111111111111111111) #b00000000000000000000000000000001 #b00000000000000000000000000000000) #b00000000000000000000000000000000) #b00000000000000000000000000000001 #b00000000000000000000000000000000)) #b00000000000000000000000000000011)
```
Constraint stats: asserted=54 addCalls=64 skippedTrue=0 deduped=10 ensureInRangeCalls=60 boundedAlready=0 uniqueConstraintIds=54 uniqueBoundedIds=0 (solverAsserted=53)
Bitwuzla check_sat time: 8ms
Bitwuzla statistics: preprocess::contradicting_ands::num_substs=0 preprocess::contradicting_ands::time_apply=0ms preprocess::elim_extract::num_elim=0 preprocess::elim_extract::time_apply=0ms preprocess::elim_lambda::time_apply=0ms preprocess::elim_udiv::num_eliminated=0 preprocess::elim_udiv::time_apply=0ms preprocess::embedded_constraints::num_substs=3 preprocess::embedded_constraints::time_apply=0ms preprocess::flatten_and::num_assertions=20 preprocess::flatten_and::num_flattened=10 preprocess::flatten_and::time_apply=0ms preprocess::lambda::num_elim=0 preprocess::normalize::num_common_normalizations=0 preprocess::normalize::num_normalizations=46 preprocess::normalize::num_normalized_assertions=0 preprocess::normalize::num_pass1=0 preprocess::normalize::num_pass2=0 preprocess::normalize::time_adder_chains=0ms preprocess::normalize::time_apply=10ms preprocess::normalize::time_compute_occs=0ms preprocess::normalize::time_normalize_add=0ms preprocess::normalize::time_normalize_mul=0ms preprocess::normalize::time_score=8ms preprocess::rewrite::time_apply=1ms preprocess::skeleton_preproc::cnf::clauses=182 preprocess::skeleton_preproc::cnf::lits=370 preprocess::skeleton_preproc::new_assertions=0 preprocess::skeleton_preproc::resets=1 preprocess::skeleton_preproc::time_apply=1ms preprocess::skeleton_preproc::time_encode=0ms preprocess::skeleton_preproc::time_fixed=0ms preprocess::skeleton_preproc::time_sat=0ms preprocess::uninterpreted::num_substs=0 preprocess::uninterpreted::time_apply=0ms preprocess::varsubst::normalize_bv_ineq::num_slt=0 preprocess::varsubst::normalize_bv_ineq::num_ult=0 preprocess::varsubst::normalize_eq::num_bv_concat=0 preprocess::varsubst::normalize_eq::num_gauss_elim=0 preprocess::varsubst::normalize_eq::num_linear_eq=0 preprocess::varsubst::num_substs=8 preprocess::varsubst::time_apply=0ms preprocess::varsubst::time_direct_cycle_check=0ms preprocess::varsubst::time_find_substitution=0ms preprocess::varsubst::time_find_vars=0ms preprocess::varsubst::time_register=0ms preprocess::varsubst::time_remove_cycles=0ms preprocess::varsubst::time_substitute=0ms preprocessor::num_iterations=3 preprocessor::time_preprocess=14ms preprocessor::time_process=0ms rewriter::(normalize)::num_evals=0 rewriter::(normalize)::num_rewrites=163 rewriter::(normalize)::rewrite::BV_ADD_CONST=4 rewriter::(normalize)::rewrite::BV_ADD_EVAL=4 rewriter::(normalize)::rewrite::BV_ADD_SPECIAL_CONST=13 rewriter::(normalize)::rewrite::BV_MUL_EVAL=2 rewriter::(normalize)::rewrite::BV_MUL_ONES=8 rewriter::(normalize)::rewrite::BV_NEG_ELIM=8 rewriter::(normalize)::rewrite::BV_NOT_BV_NEG=1 rewriter::(normalize)::rewrite::BV_NOT_BV_NOT=20 rewriter::(normalize)::rewrite::NORMALIZE_COMM=103 rewriter::num_evals=0 rewriter::num_rewrites=1058 rewriter::rewrite::AND_SPECIAL_CONST=68 rewriter::rewrite::BV_ADD_CONST=11 rewriter::rewrite::BV_ADD_EVAL=16 rewriter::rewrite::BV_ADD_ITE2=19 rewriter::rewrite::BV_ADD_SPECIAL_CONST=24 rewriter::rewrite::BV_AND_EVAL=1 rewriter::rewrite::BV_AND_SPECIAL_CONST=124 rewriter::rewrite::BV_CONCAT_EVAL=2 rewriter::rewrite::BV_EXTRACT_ADD_MUL=2 rewriter::rewrite::BV_EXTRACT_EVAL=39 rewriter::rewrite::BV_EXTRACT_FULL=4 rewriter::rewrite::BV_MUL_ONES=8 rewriter::rewrite::BV_MUL_POW2=4 rewriter::rewrite::BV_NEG_ELIM=27 rewriter::rewrite::BV_NOT_BV_NEG=6 rewriter::rewrite::BV_NOT_BV_NOT=48 rewriter::rewrite::BV_NOT_EVAL=8 rewriter::rewrite::BV_OR_ELIM=5 rewriter::rewrite::BV_SADDO_ELIM=7 rewriter::rewrite::BV_SDIVO_ELIM=5 rewriter::rewrite::BV_SDIV_ELIM=2 rewriter::rewrite::BV_SGT_ELIM=1 rewriter::rewrite::BV_SHL_CONST=4 rewriter::rewrite::BV_SIGN_EXTEND_ELIM=10 rewriter::rewrite::BV_SLE_ELIM=5 rewriter::rewrite::BV_SLT_EVAL=2 rewriter::rewrite::BV_SMULO_ELIM=4 rewriter::rewrite::BV_SREM_ELIM=3 rewriter::rewrite::BV_SSUBO_ELIM=15 rewriter::rewrite::BV_SUB_ELIM=15 rewriter::rewrite::BV_XOR_EVAL=1 rewriter::rewrite::BV_XOR_SPECIAL_CONST=2 rewriter::rewrite::DISTINCT_ELIM=17 rewriter::rewrite::EQUAL_BV_SUB=1 rewriter::rewrite::EQUAL_CONST_BV_ADD=2 rewriter::rewrite::EQUAL_CONST_BV_NOT=2 rewriter::rewrite::EQUAL_EVAL=13 rewriter::rewrite::EQUAL_ITE_SAME=12 rewriter::rewrite::EQUAL_SPECIAL_CONST=4 rewriter::rewrite::EQUAL_TRUE=6 rewriter::rewrite::ITE_EVAL=10 rewriter::rewrite::NORMALIZE_COMM=405 rewriter::rewrite::NOT_EQUAL_BV1_BOOL=24 rewriter::rewrite::NOT_EVAL=2 rewriter::rewrite::NOT_NOT=34 rewriter::rewrite::OR_ELIM=34 solver::abstract::num_checks=2 solver::abstract::terms::total=0 solver::abstract::time_check=0ms solver::array::equalities=0 solver::array::num_checks=0 solver::array::propagations=0 solver::array::propagations_down=0 solver::array::propagations_up=0 solver::array::selects=0 solver::array::time_check=0ms solver::bv::bitblast::aig::num_ands=47963 solver::bv::bitblast::aig::num_consts=192 solver::bv::bitblast::aig::num_shared=10643 solver::bv::bitblast::aig::time_bitblast=6ms solver::bv::bitblast::cnf::num_clauses=117664 solver::bv::bitblast::cnf::num_literals=287842 solver::bv::bitblast::cnf::num_vars=37716 solver::bv::bitblast::cnf::time_encode=39ms solver::bv::bitblast::sat::time_solve=153ms solver::bv::num_assertions=43 solver::bv::num_checks=2 solver::bv::time_check=192ms solver::engine::lemmas::abstr=0 solver::engine::lemmas::array=0 solver::engine::lemmas::fp=0 solver::engine::lemmas::fun=0 solver::engine::lemmas::quant=0 solver::engine::lemmas::total=0 solver::engine::time_register_term=0ms solver::engine::time_solve=200ms solver::fun::num_checks=2 solver::fun::time_check=0ms solver::quant::mbqi_checks=0 solver::quant::num_lemma_iterations=0 solver::quant::num_lemmas=0 solver::quant::time_check=0ms solver::quant::time_mbqi=0ms solver::quant::time_process=0ms solving_context::max_memory=82935808 solving_context::time_ensure_model=0ms solving_context::time_solve=214ms
SAT
Extract initialization: param=v0, value=-3
Extract initialization: param=v1, value=-2147483647
Extract initialization: param=v2, value=1342181376
Extract initialization: param=v3, value=-2
Extract initialization: param=v4, value=134217729
Extract initialization: param=v5, value=-2
Extract finalization: param=v0, value=-1342181377
Extract finalization: param=v1, value=268435450
Extract finalization: param=v2, value=-1
Extract finalization: param=v3, value=-2
Extract finalization: param=v4, value=134217729
Extract finalization: param=v5, value=-134217728
